(psi(0.003906)+6.000000)/0.003906<=-61.3037772 +/- 2.6339e-53
(psi(0.007812)+6.000000)/0.007812<=58.64867505 +/- 6.1018e-54
(psi(0.011719)+6.000000)/0.011719<=74.05670973 +/- 2.5884e-54
(psi(0.015625)+6.000000)/0.015625<=74.21286328 +/- 1.4365e-54
(psi(0.019531)+6.000000)/0.019531<=70.99709667 +/- 8.9805e-55
(psi(0.023438)+6.000000)/0.023438<=67.10830416 +/- 6.1649e-55
(psi(0.027344)+6.000000)/0.027344<=63.29808039 +/- 4.4388e-55
(psi(0.031250)+6.000000)/0.031250<=59.77887736 +/- 3.3589e-55
(psi(0.035156)+6.000000)/0.035156<=56.59239871 +/- 2.6372e-55
(psi(0.039062)+6.000000)/0.039062<=53.72407282 +/- 2.1041e-55
(psi(0.042969)+6.000000)/0.042969<=51.1424104 +/- 1.7221e-55
(psi(0.046875)+6.000000)/0.046875<=48.81316449 +/- 1.432e-55
(psi(0.050781)+6.000000)/0.050781<=46.70431872 +/- 1.2093e-55
(psi(0.054688)+6.000000)/0.054688<=44.78758228 +/- 1.0358e-55
(psi(0.058594)+6.000000)/0.058594<=43.03854723 +/- 8.9118e-56
(psi(0.062500)+6.000000)/0.062500<=41.43636259 +/- 7.7625e-56
(psi(0.066406)+6.000000)/0.066406<=39.96326986 +/- 6.8444e-56
(psi(0.070312)+6.000000)/0.070312<=38.60413601 +/- 6.0371e-56
(psi(0.074219)+6.000000)/0.074219<=37.34603349 +/- 5.3892e-56
(psi(0.078125)+6.000000)/0.078125<=36.17788009 +/- 4.8483e-56
(psi(0.082031)+6.000000)/0.082031<=35.09013724 +/- 4.34e-56
(psi(0.085938)+6.000000)/0.085938<=34.07455999 +/- 3.9379e-56
(psi(0.089844)+6.000000)/0.089844<=33.12399078 +/- 3.5506e-56
(psi(0.093750)+6.000000)/0.093750<=32.23218942 +/- 3.2537e-56
(psi(0.097656)+6.000000)/0.097656<=31.39369284 +/- 2.9671e-56
(psi(0.101562)+6.000000)/0.101562<=30.60369902 +/- 2.7351e-56
(psi(0.105469)+6.000000)/0.105469<=29.85797065 +/- 2.5146e-56
(psi(0.109375)+6.000000)/0.109375<=29.15275488 +/- 2.3144e-56
(psi(0.113281)+6.000000)/0.113281<=28.48471615 +/- 2.1524e-56
(psi(0.117188)+6.000000)/0.117188<=27.8508798 +/- 1.9859e-56
(psi(0.121094)+6.000000)/0.121094<=27.24858449 +/- 1.8668e-56
(psi(0.125000)+6.000000)/0.125000<=26.67544192 +/- 1.7157e-56
(psi(0.128906)+6.000000)/0.128906<=26.12930258 +/- 1.6272e-56
(psi(0.132812)+6.000000)/0.132812<=25.60822648 +/- 1.5227e-56
(psi(0.136719)+6.000000)/0.136719<=25.1104581 +/- 1.4246e-56
(psi(0.140625)+6.000000)/0.140625<=24.63440489 +/- 1.3374e-56
(psi(0.144531)+6.000000)/0.144531<=24.1786186 +/- 1.2551e-56
(psi(0.148438)+6.000000)/0.148438<=23.74177924 +/- 1.1944e-56
(psi(0.152344)+6.000000)/0.152344<=23.32268103 +/- 1.1192e-56
(psi(0.156250)+6.000000)/0.156250<=22.92022025 +/- 1.0581e-56
(psi(0.160156)+6.000000)/0.160156<=22.53338457 +/- 9.9775e-57
(psi(0.164062)+6.000000)/0.164062<=22.16124368 +/- 9.5324e-57
(psi(0.167969)+6.000000)/0.167969<=21.80294109 +/- 9.0469e-57
(psi(0.171875)+6.000000)/0.171875<=21.45768687 +/- 8.5645e-57
(psi(0.175781)+6.000000)/0.175781<=21.12475128 +/- 8.1469e-57
(psi(0.179688)+6.000000)/0.179688<=20.80345902 +/- 7.7839e-57
(psi(0.183594)+6.000000)/0.183594<=20.49318428 +/- 7.4271e-57
(psi(0.187500)+6.000000)/0.187500<=20.19334616 +/- 7.0839e-57
(psi(0.191406)+6.000000)/0.191406<=19.90340473 +/- 6.7909e-57
(psi(0.195312)+6.000000)/0.195312<=19.62285742 +/- 6.4643e-57
(psi(0.199219)+6.000000)/0.199219<=19.3512358 +/- 6.2007e-57
(psi(0.203125)+6.000000)/0.203125<=19.08810271 +/- 5.9311e-57
(psi(0.207031)+6.000000)/0.207031<=18.83304968 +/- 5.6384e-57
(psi(0.210938)+6.000000)/0.210938<=18.58569454 +/- 5.4501e-57
(psi(0.214844)+6.000000)/0.214844<=18.34567938 +/- 5.2445e-57
(psi(0.218750)+6.000000)/0.218750<=18.11266856 +/- 4.9927e-57
(psi(0.222656)+6.000000)/0.222656<=17.88634705 +/- 4.8111e-57
(psi(0.226562)+6.000000)/0.226562<=17.66641882 +/- 4.6682e-57
(psi(0.230469)+6.000000)/0.230469<=17.45260541 +/- 4.4747e-57
(psi(0.234375)+6.000000)/0.234375<=17.24464463 +/- 4.3413e-57
(psi(0.238281)+6.000000)/0.238281<=17.04228941 +/- 4.1535e-57
(psi(0.242188)+6.000000)/0.242188<=16.84530666 +/- 4.0203e-57
(psi(0.246094)+6.000000)/0.246094<=16.65347633 +/- 3.9049e-57
(psi(0.250000)+6.000000)/0.250000<=16.46659047 +/- 3.7064e-57
(psi(0.253906)+6.000000)/0.253906<=16.28445239 +/- 3.6579e-57
(psi(0.257812)+6.000000)/0.257812<=16.10687595 +/- 3.5287e-57
(psi(0.261719)+6.000000)/0.261719<=15.9336848 +/- 3.3793e-57
(psi(0.265625)+6.000000)/0.265625<=15.76471176 +/- 3.292e-57
(psi(0.269531)+6.000000)/0.269531<=15.59979823 +/- 3.1654e-57
(psi(0.273438)+6.000000)/0.273438<=15.43879362 +/- 3.0738e-57
(psi(0.277344)+6.000000)/0.277344<=15.28155487 +/- 2.9718e-57
(psi(0.281250)+6.000000)/0.281250<=15.12794596 +/- 2.8845e-57
(psi(0.285156)+6.000000)/0.285156<=14.97783748 +/- 2.7909e-57
(psi(0.289062)+6.000000)/0.289062<=14.83110623 +/- 2.7185e-57
(psi(0.292969)+6.000000)/0.292969<=14.68763486 +/- 2.6245e-57
(psi(0.296875)+6.000000)/0.296875<=14.54731149 +/- 2.5728e-57
(psi(0.300781)+6.000000)/0.300781<=14.41002943 +/- 2.4995e-57
(psi(0.304688)+6.000000)/0.304688<=14.27568685 +/- 2.4294e-57
(psi(0.308594)+6.000000)/0.308594<=14.14418653 +/- 2.3607e-57
(psi(0.312500)+6.000000)/0.312500<=14.01543555 +/- 2.292e-57
(psi(0.316406)+6.000000)/0.316406<=13.88934512 +/- 2.2519e-57
(psi(0.320312)+6.000000)/0.320312<=13.7658303 +/- 2.1791e-57
(psi(0.324219)+6.000000)/0.324219<=13.6448098 +/- 2.1107e-57
(psi(0.328125)+6.000000)/0.328125<=13.52620579 +/- 2.0579e-57
(psi(0.332031)+6.000000)/0.332031<=13.40994371 +/- 2.0138e-57
(psi(0.335938)+6.000000)/0.335938<=13.29595213 +/- 1.9515e-57
(psi(0.339844)+6.000000)/0.339844<=13.18416253 +/- 1.9244e-57
(psi(0.343750)+6.000000)/0.343750<=13.07450918 +/- 1.8614e-57
(psi(0.347656)+6.000000)/0.347656<=12.966929 +/- 1.8229e-57
(psi(0.351562)+6.000000)/0.351562<=12.86136145 +/- 1.7763e-57
(psi(0.355469)+6.000000)/0.355469<=12.75774833 +/- 1.7387e-57
(psi(0.359375)+6.000000)/0.359375<=12.65603373 +/- 1.7011e-57
(psi(0.363281)+6.000000)/0.363281<=12.55616392 +/- 1.659e-57
(psi(0.367188)+6.000000)/0.367188<=12.45808719 +/- 1.6185e-57
(psi(0.371094)+6.000000)/0.371094<=12.3617538 +/- 1.5786e-57
(psi(0.375000)+6.000000)/0.375000<=12.26711588 +/- 1.5271e-57
(psi(0.378906)+6.000000)/0.378906<=12.17412732 +/- 1.5126e-57
(psi(0.382812)+6.000000)/0.382812<=12.08274371 +/- 1.4833e-57
(psi(0.386719)+6.000000)/0.386719<=11.99292225 +/- 1.4296e-57
(psi(0.390625)+6.000000)/0.390625<=11.90462169 +/- 1.4008e-57
(psi(0.394531)+6.000000)/0.394531<=11.81780225 +/- 1.3588e-57
(psi(0.398438)+6.000000)/0.398438<=11.73242555 +/- 1.3581e-57
(psi(0.402344)+6.000000)/0.402344<=11.64845455 +/- 1.3289e-57
(psi(0.406250)+6.000000)/0.406250<=11.5658535 +/- 1.3018e-57
(psi(0.410156)+6.000000)/0.410156<=11.48458788 +/- 1.277e-57
(psi(0.414062)+6.000000)/0.414062<=11.40462435 +/- 1.2423e-57
(psi(0.417969)+6.000000)/0.417969<=11.32593067 +/- 1.2334e-57
(psi(0.421875)+6.000000)/0.421875<=11.2484757 +/- 1.1913e-57
(psi(0.425781)+6.000000)/0.425781<=11.17222933 +/- 1.1797e-57
(psi(0.429688)+6.000000)/0.429688<=11.09716245 +/- 1.16e-57
(psi(0.433594)+6.000000)/0.433594<=11.02324686 +/- 1.1382e-57
(psi(0.437500)+6.000000)/0.437500<=10.95045531 +/- 1.098e-57
(psi(0.441406)+6.000000)/0.441406<=10.8787614 +/- 1.0914e-57
(psi(0.445312)+6.000000)/0.445312<=10.80813958 +/- 1.0638e-57
(psi(0.449219)+6.000000)/0.449219<=10.73856509 +/- 1.0484e-57
(psi(0.453125)+6.000000)/0.453125<=10.67001396 +/- 1.0317e-57
(psi(0.457031)+6.000000)/0.457031<=10.60246296 +/- 1.0143e-57
(psi(0.460938)+6.000000)/0.460938<=10.53588955 +/- 9.9193e-58
(psi(0.464844)+6.000000)/0.464844<=10.4702719 +/- 9.8067e-58
(psi(0.468750)+6.000000)/0.468750<=10.40558883 +/- 9.6192e-58
(psi(0.472656)+6.000000)/0.472656<=10.3418198 +/- 9.4229e-58
(psi(0.476562)+6.000000)/0.476562<=10.27894487 +/- 9.265e-58
(psi(0.480469)+6.000000)/0.480469<=10.21694471 +/- 9.0453e-58
(psi(0.484375)+6.000000)/0.484375<=10.15580053 +/- 8.9659e-58
(psi(0.488281)+6.000000)/0.488281<=10.09549409 +/- 8.7001e-58
(psi(0.492188)+6.000000)/0.492188<=10.03600769 +/- 8.7157e-58
(psi(0.496094)+6.000000)/0.496094<=9.977324135 +/- 8.5433e-58
(psi(0.500000)+6.000000)/0.500000<=9.919426698 +/- 8.2525e-58
(psi(0.503906)+6.000000)/0.503906<=9.86229914 +/- 8.3146e-58
(psi(0.507812)+6.000000)/0.507812<=9.805925671 +/- 8.0057e-58
(psi(0.511719)+6.000000)/0.511719<=9.75029094 +/- 8.0534e-58
(psi(0.515625)+6.000000)/0.515625<=9.695380018 +/- 7.8908e-58
(psi(0.519531)+6.000000)/0.519531<=9.641178384 +/- 7.7413e-58
(psi(0.523438)+6.000000)/0.523438<=9.587671912 +/- 7.6488e-58
(psi(0.527344)+6.000000)/0.527344<=9.534846856 +/- 7.4885e-58
(psi(0.531250)+6.000000)/0.531250<=9.482689838 +/- 7.4413e-58
(psi(0.535156)+6.000000)/0.535156<=9.431187835 +/- 7.3041e-58
(psi(0.539062)+6.000000)/0.539062<=9.380328168 +/- 7.1228e-58
(psi(0.542969)+6.000000)/0.542969<=9.33009849 +/- 7.1324e-58
(psi(0.546875)+6.000000)/0.546875<=9.280486774 +/- 7.0452e-58
(psi(0.550781)+6.000000)/0.550781<=9.231481305 +/- 6.9406e-58
(psi(0.554688)+6.000000)/0.554688<=9.183070669 +/- 6.8755e-58
(psi(0.558594)+6.000000)/0.558594<=9.135243741 +/- 6.754e-58
(psi(0.562500)+6.000000)/0.562500<=9.087989679 +/- 6.6491e-58
(psi(0.566406)+6.000000)/0.566406<=9.041297912 +/- 6.5789e-58
(psi(0.570312)+6.000000)/0.570312<=8.995158136 +/- 6.4052e-58
(psi(0.574219)+6.000000)/0.574219<=8.949560299 +/- 6.3718e-58
(psi(0.578125)+6.000000)/0.578125<=8.904494599 +/- 6.3137e-58
(psi(0.582031)+6.000000)/0.582031<=8.859951473 +/- 6.1082e-58
(psi(0.585938)+6.000000)/0.585938<=8.815921591 +/- 6.1306e-58
(psi(0.589844)+6.000000)/0.589844<=8.772395849 +/- 6.0451e-58
(psi(0.593750)+6.000000)/0.593750<=8.72936536 +/- 5.9763e-58
(psi(0.597656)+6.000000)/0.597656<=8.686821451 +/- 5.8897e-58
(psi(0.601562)+6.000000)/0.601562<=8.644755653 +/- 5.8105e-58
(psi(0.605469)+6.000000)/0.605469<=8.603159696 +/- 5.7412e-58
(psi(0.609375)+6.000000)/0.609375<=8.562025507 +/- 5.6154e-58
(psi(0.613281)+6.000000)/0.613281<=8.521345197 +/- 5.6107e-58
(psi(0.617188)+6.000000)/0.617188<=8.481111062 +/- 5.4664e-58
(psi(0.621094)+6.000000)/0.621094<=8.441315573 +/- 5.4856e-58
(psi(0.625000)+6.000000)/0.625000<=8.401951375 +/- 5.4133e-58
(psi(0.628906)+6.000000)/0.628906<=8.363011278 +/- 5.3545e-58
(psi(0.632812)+6.000000)/0.632812<=8.324488255 +/- 5.2677e-58
(psi(0.636719)+6.000000)/0.636719<=8.286375438 +/- 5.2225e-58
(psi(0.640625)+6.000000)/0.640625<=8.248666111 +/- 5.1424e-58
(psi(0.644531)+6.000000)/0.644531<=8.211353706 +/- 5.0901e-58
(psi(0.648438)+6.000000)/0.648438<=8.174431801 +/- 4.9273e-58
(psi(0.652344)+6.000000)/0.652344<=8.137894114 +/- 4.9747e-58
(psi(0.656250)+6.000000)/0.656250<=8.1017345 +/- 4.9166e-58
(psi(0.660156)+6.000000)/0.660156<=8.065946947 +/- 4.8721e-58
(psi(0.664062)+6.000000)/0.664062<=8.030525574 +/- 4.7871e-58
(psi(0.667969)+6.000000)/0.667969<=7.995464623 +/- 4.6995e-58
(psi(0.671875)+6.000000)/0.671875<=7.96075846 +/- 4.6435e-58
(psi(0.675781)+6.000000)/0.675781<=7.926401571 +/- 4.5568e-58
(psi(0.679688)+6.000000)/0.679688<=7.892388557 +/- 4.5481e-58
(psi(0.683594)+6.000000)/0.683594<=7.858714133 +/- 4.411e-58
(psi(0.687500)+6.000000)/0.687500<=7.825373122 +/- 4.4733e-58
(psi(0.691406)+6.000000)/0.691406<=7.792360457 +/- 4.3699e-58
(psi(0.695312)+6.000000)/0.695312<=7.759671172 +/- 4.3739e-58
(psi(0.699219)+6.000000)/0.699219<=7.727300406 +/- 4.3366e-58
(psi(0.703125)+6.000000)/0.703125<=7.695243395 +/- 4.2499e-58
(psi(0.707031)+6.000000)/0.707031<=7.663495471 +/- 4.2258e-58
(psi(0.710938)+6.000000)/0.710938<=7.632052062 +/- 4.1707e-58
(psi(0.714844)+6.000000)/0.714844<=7.600908686 +/- 4.1628e-58
(psi(0.718750)+6.000000)/0.718750<=7.57006095 +/- 4.1288e-58
(psi(0.722656)+6.000000)/0.722656<=7.539504551 +/- 4.1065e-58
(psi(0.726562)+6.000000)/0.726562<=7.509235267 +/- 4.065e-58
(psi(0.730469)+6.000000)/0.730469<=7.479248961 +/- 3.992e-58
(psi(0.734375)+6.000000)/0.734375<=7.449541576 +/- 3.8977e-58
(psi(0.738281)+6.000000)/0.738281<=7.420109135 +/- 3.9269e-58
(psi(0.742188)+6.000000)/0.742188<=7.390947737 +/- 3.8373e-58
(psi(0.746094)+6.000000)/0.746094<=7.362053554 +/- 3.8582e-58
(psi(0.750000)+6.000000)/0.750000<=7.333422834 +/- 3.7913e-58
(psi(0.753906)+6.000000)/0.753906<=7.305051896 +/- 3.7562e-58
(psi(0.757812)+6.000000)/0.757812<=7.276937127 +/- 3.7376e-58
(psi(0.761719)+6.000000)/0.761719<=7.249074984 +/- 3.6905e-58
(psi(0.765625)+6.000000)/0.765625<=7.221461988 +/- 3.6743e-58
(psi(0.769531)+6.000000)/0.769531<=7.194094727 +/- 3.6215e-58
(psi(0.773438)+6.000000)/0.773438<=7.166969852 +/- 3.5837e-58
(psi(0.777344)+6.000000)/0.777344<=7.140084075 +/- 3.5938e-58
(psi(0.781250)+6.000000)/0.781250<=7.113434169 +/- 3.5567e-58
(psi(0.785156)+6.000000)/0.785156<=7.087016964 +/- 3.5123e-58
(psi(0.789062)+6.000000)/0.789062<=7.060829352 +/- 3.4695e-58
(psi(0.792969)+6.000000)/0.792969<=7.034868277 +/- 3.4064e-58
(psi(0.796875)+6.000000)/0.796875<=7.00913074 +/- 3.426e-58
(psi(0.800781)+6.000000)/0.800781<=6.983613795 +/- 3.4099e-58
(psi(0.804688)+6.000000)/0.804688<=6.95831455 +/- 3.3451e-58
(psi(0.808594)+6.000000)/0.808594<=6.933230162 +/- 3.3441e-58
(psi(0.812500)+6.000000)/0.812500<=6.908357842 +/- 3.2953e-58
(psi(0.816406)+6.000000)/0.816406<=6.883694845 +/- 3.2854e-58
(psi(0.820312)+6.000000)/0.820312<=6.859238478 +/- 3.2528e-58
(psi(0.824219)+6.000000)/0.824219<=6.834986094 +/- 3.1576e-58
(psi(0.828125)+6.000000)/0.828125<=6.810935091 +/- 3.1781e-58
(psi(0.832031)+6.000000)/0.832031<=6.787082912 +/- 3.107e-58
(psi(0.835938)+6.000000)/0.835938<=6.763427046 +/- 3.1196e-58
(psi(0.839844)+6.000000)/0.839844<=6.739965022 +/- 3.0948e-58
(psi(0.843750)+6.000000)/0.843750<=6.716694414 +/- 3.0024e-58
(psi(0.847656)+6.000000)/0.847656<=6.693612834 +/- 3.0464e-58
(psi(0.851562)+6.000000)/0.851562<=6.670717937 +/- 3.0129e-58
(psi(0.855469)+6.000000)/0.855469<=6.648007417 +/- 2.9853e-58
(psi(0.859375)+6.000000)/0.859375<=6.625479004 +/- 2.9914e-58
(psi(0.863281)+6.000000)/0.863281<=6.60313047 +/- 2.9463e-58
(psi(0.867188)+6.000000)/0.867188<=6.580959619 +/- 2.9159e-58
(psi(0.871094)+6.000000)/0.871094<=6.558964297 +/- 2.8916e-58
(psi(0.875000)+6.000000)/0.875000<=6.53714238 +/- 2.8858e-58
(psi(0.878906)+6.000000)/0.878906<=6.515491783 +/- 2.8673e-58
(psi(0.882812)+6.000000)/0.882812<=6.494010451 +/- 2.8518e-58
(psi(0.886719)+6.000000)/0.886719<=6.472696367 +/- 2.8188e-58
(psi(0.890625)+6.000000)/0.890625<=6.451547541 +/- 2.823e-58
(psi(0.894531)+6.000000)/0.894531<=6.430562021 +/- 2.7815e-58
(psi(0.898438)+6.000000)/0.898438<=6.409737881 +/- 2.7699e-58
(psi(0.902344)+6.000000)/0.902344<=6.389073229 +/- 2.7501e-58
(psi(0.906250)+6.000000)/0.906250<=6.368566202 +/- 2.7345e-58
(psi(0.910156)+6.000000)/0.910156<=6.348214966 +/- 2.6945e-58
(psi(0.914062)+6.000000)/0.914062<=6.328017717 +/- 2.7288e-58
(psi(0.917969)+6.000000)/0.917969<=6.307972678 +/- 2.6808e-58
(psi(0.921875)+6.000000)/0.921875<=6.288078101 +/- 2.6751e-58
(psi(0.925781)+6.000000)/0.925781<=6.268332265 +/- 2.6477e-58
(psi(0.929688)+6.000000)/0.929688<=6.248733474 +/- 2.6354e-58
(psi(0.933594)+6.000000)/0.933594<=6.22928006 +/- 2.613e-58
(psi(0.937500)+6.000000)/0.937500<=6.209970381 +/- 2.5876e-58
(psi(0.941406)+6.000000)/0.941406<=6.190802817 +/- 2.583e-58
(psi(0.945312)+6.000000)/0.945312<=6.171775777 +/- 2.5422e-58
(psi(0.949219)+6.000000)/0.949219<=6.15288769 +/- 2.5304e-58
(psi(0.953125)+6.000000)/0.953125<=6.134137012 +/- 2.4542e-58
(psi(0.957031)+6.000000)/0.957031<=6.115522221 +/- 2.5085e-58
(psi(0.960938)+6.000000)/0.960938<=6.097041817 +/- 2.4996e-58
(psi(0.964844)+6.000000)/0.964844<=6.078694323 +/- 2.4844e-58
(psi(0.968750)+6.000000)/0.968750<=6.060478285 +/- 2.4499e-58
(psi(0.972656)+6.000000)/0.972656<=6.042392269 +/- 2.4443e-58
(psi(0.976562)+6.000000)/0.976562<=6.024434864 +/- 2.4118e-58
(psi(0.980469)+6.000000)/0.980469<=6.006604677 +/- 2.3954e-58
(psi(0.984375)+6.000000)/0.984375<=5.988900337 +/- 2.3814e-58
(psi(0.988281)+6.000000)/0.988281<=5.971320494 +/- 2.3567e-58
(psi(0.992188)+6.000000)/0.992188<=5.953863816 +/- 2.3622e-58
(psi(0.996094)+6.000000)/0.996094<=5.936528991 +/- 2.3358e-58
(psi(1.000000)+6.000000)/1.000000<=5.919314726 +/- 2.2335e-58
