Command line:- ./tim3.0 6 3 10000 36465
Making factor database.
Prime sieve completed.
Factors computed.
phi computed.
pr's computed.
after d=247 results contains:
[1.0054007606531500542173020584685952866770734465199018721826834,1.0054007606531500542173020584685952866770734465199018721827781]
after d=491 results contains:
[1.0082570941670270240521228800915267692892499474972141019901706,1.0082570941670270240521228800915267692892499474972141019903873]
after d=739 results contains:
[1.0091947354362150584179168211717630827448558056927615090884336,1.0091947354362150584179168211717630827448558056927615090887722]
after d=991 results contains:
[1.0096820176582479838596798203552682384400620810502895119794027,1.0096820176582479838596798203552682384400620810502895119798646]
after d=1235 results contains:
[1.0099713859989303465206989437254634800926770314998726520258056,1.0099713859989303465206989437254634800926770314998726520263907]
after d=1479 results contains:
[1.0101674860918850413996808805311446570756656432423834284678097,1.0101674860918850413996808805311446570756656432423834284685192]
after d=1727 results contains:
[1.0103036925179753340390026757038826206978562138609910194633603,1.0103036925179753340390026757038826206978562138609910194641931]
after d=1977 results contains:
[1.0104015926060403073663789646487232267699843327792631867746423,1.0104015926060403073663789646487232267699843327792631867755970]
after d=2221 results contains:
[1.0104843939355816608989579360286317425372234866018168573582570,1.0104843939355816608989579360286317425372234866018168573593350]
after d=2465 results contains:
[1.0105519134075449920021181457970942282229632216415943508841334,1.0105519134075449920021181457970942282229632216415943508853357]
after d=2717 results contains:
[1.0106016917387743359081762181510057457868673029404538797744044,1.0106016917387743359081762181510057457868673029404538797757300]
after d=2965 results contains:
[1.0106447061655069227301948788253985616284770701785094221450524,1.0106447061655069227301948788253985616284770701785094221465012]
after d=3207 results contains:
[1.0106837482922134170895075031253813637216462945211325344647152,1.0106837482922134170895075031253813637216462945211325344662885]
after d=3449 results contains:
[1.0107154846415261753324392788471933243841119010250688426108726,1.0107154846415261753324392788471933243841119010250688426125691]
after d=3695 results contains:
[1.0107430869677239954528584133117138192029276852793771558825484,1.0107430869677239954528584133117138192029276852793771558843681]
after d=3945 results contains:
[1.0107687171033281813883859841804787004054899502275624683771498,1.0107687171033281813883859841804787004054899502275624683790927]
after d=4193 results contains:
[1.0107890753963078499753256257465648562267318330958881362158830,1.0107890753963078499753256257465648562267318330958881362179491]
after d=4439 results contains:
[1.0108081820936956000783986946934122387174359842886187319071446,1.0108081820936956000783986946934122387174359842886187319093352]
after d=4685 results contains:
[1.0108256177271234284668981267827477321954037927267114062793908,1.0108256177271234284668981267827477321954037927267114062817047]
after d=4933 results contains:
[1.0108407610341387391195782181609866491205103691766196168510863,1.0108407610341387391195782181609866491205103691766196168535233]
after d=5181 results contains:
[1.0108543371164620305662849852224342397891014368314268628425674,1.0108543371164620305662849852224342397891014368314268628451276]
after d=5431 results contains:
[1.0108672004710373677267353445676796923494886232861002622786616,1.0108672004710373677267353445676796923494886232861002622813463]
after d=5677 results contains:
[1.0108786496195099160688024789019903504046895474475900702268229,1.0108786496195099160688024789019903504046895474475900702296296]
after d=5923 results contains:
[1.0108892252392135209457722794711483784103295875840877542701881,1.0108892252392135209457722794711483784103295875840877542731180]
after d=6167 results contains:
[1.0108988139852376056569817602433276881188068730936194267912207,1.0108988139852376056569817602433276881188068730936194267942738]
after d=6415 results contains:
[1.0109078794546512247358085997548148405251857238352936884984988,1.0109078794546512247358085997548148405251857238352936885016764]
after d=6663 results contains:
[1.0109163041293307067414119782212726802899696447367543384524502,1.0109163041293307067414119782212726802899696447367543384557510]
after d=6919 results contains:
[1.0109240152442627795061838990495074418181640363142851435564079,1.0109240152442627795061838990495074418181640363142851435598331]
after d=7163 results contains:
[1.0109311552207172138053935283063254173388377613664753194568911,1.0109311552207172138053935283063254173388377613664753194604396]
after d=7411 results contains:
[1.0109377964852725736422478984714504271852323424798862594890082,1.0109377964852725736422478984714504271852323424798862594926799]
after d=7649 results contains:
[1.0109441844001455696534024667143655402439822128244479787716780,1.0109441844001455696534024667143655402439822128244479787754741]
after d=7891 results contains:
[1.0109499896920766763361148238212730810210709402656029524896566,1.0109499896920766763361148238212730810210709402656029524935759]
after d=8141 results contains:
[1.0109553629857358570826919971599061403749167765880787083166812,1.0109553629857358570826919971599061403749167765880787083207237]
after d=8387 results contains:
[1.0109606533996774531000797661693379090151489505169181242457629,1.0109606533996774531000797661693379090151489505169181242499275]
after d=8635 results contains:
[1.0109654864257029645464981935756995456242490923082670262648132,1.0109654864257029645464981935756995456242490923082670262691022]
after d=8877 results contains:
[1.0109703531909458288665326820589403126939825318904778013718243,1.0109703531909458288665326820589403126939825318904778013762366]
after d=9123 results contains:
[1.0109746861457965059637431154508165722778436576374369883671919,1.0109746861457965059637431154508165722778436576374369883717286]
after d=9371 results contains:
[1.0109790444661859518001372686868706915462793556343959126003527,1.0109790444661859518001372686868706915462793556343959126050138]
after d=9619 results contains:
[1.0109828350424515912565923392393994076016224236541615990557971,1.0109828350424515912565923392393994076016224236541615990605814]
after d=9863 results contains:
[1.0109865601229745919098375434334051275219181799407720050039694,1.0109865601229745919098375434334051275219181799407720050088770]
Smallest was [3.0109885918062972292384941954322479938926653068958885152048702,3.0109885918062972292384941954322479938926653068958885152098462]
