Command line:- ../do_t 3773 256000
1: 7 2299 -168070 3773
1: 22 2401 -196735 3773
2: -22 2401 173019 3773
1: 49 2519 -158466 3773
2: -49 2563 158466 3773
1: 59 2783 -235298 3773
1: 98 2497 -79233 3773
2: -98 2585 79233 3773
2: -99 2541 67228 3773
1: 121 2401 -45472 3773
2: -121 2401 21756 3773
1: 121 2597 -86436 3773
1: 121 3773 -242844 3773
2: -121 3773 227752 3773
2: -128 4235 252105 3773
1: 132 1815 117649 3773
1: 147 2475 -52822 3773
2: -147 2607 52822 3773
2: -167 5203 235298 3773
1: 187 5929 -240100 3773
2: -187 5929 230496 3773
1: 198 2541 -50421 3773
2: -198 7203 242550 3773
2: -228 5775 184877 3773
1: 242 1379 168070 3773
2: -242 1421 -194481 3773
1: 242 1715 77518 3773
2: -242 1813 -88837 3773
2: -242 2233 -16807 3773
1: 242 2401 -28665 3773
2: -242 2401 4949 3773
1: 242 2695 -57624 3773
2: -242 2849 50421 3773
1: 242 3773 -125195 3773
2: -242 3773 110103 3773
1: 242 6895 -201684 3773
2: -242 7511 201684 3773
1: 242 9653 -228095 3773
2: -242 9947 224322 3773
1: 242 10835 -235298 3773
2: -242 11803 235298 3773
1: 242 12005 -241031 3773
2: -242 12691 239414 3773
1: 242 15169 -252105 3773
2: -242 15631 249704 3773
2: -242 16807 252812 3773
1: 248 6083 -184877 3773
2: -253 8575 203742 3773
1: 264 6867 -184877 3773
2: -264 7539 184877 3773
1: 278 78547 -249018 3773
1: 284 11011 -201684 3773
2: -286 19481 218491 3773
1: 286 41503 -235984 3773
2: -286 41503 234612 3773
1: 286 47873 -237699 3773
2: -286 52969 237699 3773
2: -286 112847 243628 3773
1: 294 2409 -26411 3773
2: -294 2673 26411 3773
1: 297 50421 -229460 3773
1: 297 117975 -235298 3773
2: -297 131043 235298 3773
2: -298 84035 232078 3773
2: -308 3751 84035 3773
1: 308 16819 -201684 3773
2: -308 18755 201684 3773
3: 308 -117649 -235301 3773
4: -308 -117649 235785 3773
1: 312 23667 -207515 3773
2: -312 237699 225841 3773
2: -314 1573 -117649 3773
2: -316 45619 213444 3773
3: 318 -237699 -225841 3773
3: 319 -41503 -234612 3773
4: -319 -41503 235984 3773
1: 319 117649 -219076 3773
2: -319 117649 218592 3773
3: 322 -117649 -225060 3773
4: -322 -117649 225544 3773
1: 322 184525 -218491 3773
2: -322 206789 218491 3773
1: 327 72765 -211288 3773
1: 336 16731 -184877 3773
2: -336 18843 184877 3773
1: 343 3751 -89866 3773
1: 343 117649 -203764 3773
3: 343 -117649 -211266 3773
4: -348 -72765 211288 3773
3: 349 -45619 -213444 3773
2: -351 50421 193116 3773
1: 352 4235 -100842 3773
3: 352 -47285 -211288 3773
4: -352 -53557 211288 3773
1: 357 1815 33614 3773
3: 357 -183315 -201684 3773
4: -357 -207999 201684 3773
1: 363 963 235298 3773
2: -363 1095 -235298 3773
2: -363 1617 -96040 3773
1: 363 4851 -110446 3773
2: -363 5145 104272 3773
1: 363 6741 -134456 3773
2: -363 7665 134456 3773
4: -363 -8085 254506 3773
3: 363 -10593 -235298 3773
4: -363 -10731 240100 3773
2: -363 11319 154350 3773
4: -363 -12045 235298 3773
2: -363 16863 168070 3773
3: 363 -21609 -215306 3773
1: 363 33957 -183848 3773
2: -363 36015 182966 3773
1: 363 47187 -187278 3773
4: -363 -50421 205450 3773
2: -363 53655 187278 3773
4: -363 -56595 204428 3773
3: 363 -74151 -201684 3773
4: -363 -75117 202370 3773
2: -363 79233 190120 3773
4: -363 -84315 201684 3773
2: -363 118041 192080 3773
3: 363 -151263 -198828 3773
1: 363 237699 -194334 3773
2: -363 252105 194208 3773
1: 374 5929 -122451 3773
2: -374 5929 112847 3773
3: 384 -50421 -193116 3773
2: -392 2299 -9604 3773
1: 392 5203 -108045 3773
1: 396 7203 -127204 3773
3: 396 -29841 -192423 3773
1: 402 88935 -172872 3773
1: 406 117649 -172183 3773
2: -406 117649 171699 3773
3: 407 -29645 -187278 3773
3: 407 -84035 -179256 3773
2: -411 58653 166012 3773
3: 418 -5929 -230496 3773
4: -418 -5929 240100 3773
2: -418 7865 117649 3773
2: -418 10829 132055 3773
3: 418 -117649 -173316 3773
4: -418 -117649 173800 3773
2: -418 156065 167629 3773
2: -418 187187 168070 3773
3: 422 -4235 -252105 3773
4: -423 -88935 172872 3773
1: 429 46599 -158466 3773
2: -429 54243 158466 3773
4: -431 -11011 201684 3773
3: 432 -104181 -168070 3773
3: 434 -16423 -184877 3773
4: -434 -19151 184877 3773
3: 437 -117649 -165770 3773
4: -437 -117649 166254 3773
4: -438 -5445 235298 3773
3: 444 -58653 -166012 3773
4: -448 -42229 168070 3773
2: -449 16093 134456 3773
3: 454 -193501 -158466 3773
3: 462 -3267 -252105 3773
1: 462 16335 -134456 3773
2: -462 19239 134456 3773
4: -463 -26257 168070 3773
1: 473 14063 -128282 3773
1: 473 19481 -134456 3773
3: 476 -179201 -151263 3773
4: -476 -212113 151263 3773
3: 484 -3773 -227752 3773
4: -484 -3773 242844 3773
1: 484 6587 -100842 3773
2: -484 7819 100842 3773
1: 484 10351 -117649 3773
2: -484 12287 117649 3773
1: 484 16807 -128947 3773
2: -484 16807 125559 3773
1: 484 26411 -135534 3773
2: -484 26411 133378 3773
3: 484 -46109 -153664 3773
4: -484 -54733 153664 3773
3: 484 -72457 -151263 3773
4: -484 -86009 151263 3773
3: 484 -117649 -149649 3773
4: -484 -117649 150133 3773
3: 484 -184877 -148708 3773
4: -484 -184877 149016 3773
1: 492 36015 -136367 3773
1: 506 847 201684 3773
3: 506 -6559 -184877 3773
4: -506 -7847 184877 3773
3: 506 -117649 -143132 3773
4: -506 -117649 143616 3773
3: 517 -9317 -168070 3773
3: 517 -204085 -139062 3773
3: 522 -5775 -184877 3773
2: -528 15435 113190 3773
3: 528 -50421 -140294 3773
3: 532 -117649 -136125 3773
4: -532 -117649 136609 3773
1: 534 1089 117649 3773
2: -538 22385 117649 3773
1: 539 2299 -14406 3773
3: 539 -2299 -249704 3773
2: -539 2783 14406 3773
4: -539 -2783 249704 3773
1: 539 117649 -129756 3773
2: -539 117649 129272 3773
3: 539 -117649 -134354 3773
4: -539 -117649 134838 3773
4: -542 -6083 184877 3773
1: 542 39445 -124509 3773
4: -558 -36015 136367 3773
2: -561 4263 52822 3773
3: 572 -12005 -145530 3773
1: 572 41503 -118335 3773
1: 583 16807 -107338 3773
2: -583 16807 103950 3773
2: -588 1815 -45619 3773
2: -588 6171 72030 3773
2: -594 50421 113883 3773
1: 594 111441 -117649 3773
2: -594 137577 117649 3773
3: 596 -16093 -134456 3773
4: -608 -39445 124509 3773
3: 609 -13431 -134456 3773
1: 616 15851 -100842 3773
2: -616 19723 100842 3773
4: -622 -89419 117649 3773
3: 637 -2255 -211288 3773
4: -637 -2827 211288 3773
4: -638 -41503 118335 3773
1: 638 117649 -109659 3773
2: -638 117649 109175 3773
3: 644 -117649 -112409 3773
4: -644 -117649 112893 3773
2: -649 31339 100842 3773
2: -662 144991 105644 3773
2: -678 12705 84035 3773
3: 683 -144991 -105644 3773
1: 686 3509 -44933 3773
3: 686 -3509 -162582 3773
2: -686 4477 44933 3773
4: -686 -4477 162582 3773
1: 686 117649 -102003 3773
2: -686 117649 101519 3773
3: 686 -117649 -105512 3773
4: -686 -117649 105996 3773
4: -693 -3993 168070 3773
1: 702 50421 -97405 3773
3: 704 -44149 -105644 3773
4: -704 -56693 105644 3773
3: 714 -170973 -100842 3773
4: -714 -220341 100842 3773
1: 726 897 117649 3773
2: -726 1161 -117649 3773
2: -726 1323 -91238 3773
1: 726 1617 21609 3773
3: 726 -1911 -199283 3773
4: -726 -2079 218491 3773
1: 726 3003 -33614 3773
1: 726 3381 -40817 3773
3: 726 -5313 -134456 3773
1: 726 6279 -67228 3773
3: 726 -7203 -124901 3773
2: -726 8127 67228 3773
2: -726 9261 71001 3773
3: 726 -9867 -117649 3773
1: 726 11319 -80948 3773
4: -726 -12771 117649 3773
3: 726 -13377 -112504 3773
4: -726 -14553 115248 3773
1: 726 21021 -88837 3773
1: 726 23667 -89866 3773
3: 726 -37191 -103243 3773
1: 726 43953 -93639 3773
3: 726 -50421 -101878 3773
2: -726 56889 93639 3773
2: -726 64827 94178 3773
3: 726 -69069 -100842 3773
1: 726 79233 -95599 3773
4: -726 -89397 100842 3773
3: 726 -93639 -100107 3773
4: -726 -101871 100499 3773
1: 726 147147 -96726 3773
1: 726 165669 -96873 3773
1: 732 160083 -96040 3773
1: 736 103243 -94864 3773
3: 738 -43197 -100842 3773
1: 748 931 105644 3773
3: 748 -2401 -173019 3773
4: -748 -2401 196735 3773
2: -748 207515 93982 3773
4: -753 -160083 96040 3773
4: -759 -7203 127204 3773
4: -768 -50421 97405 3773
4: -769 -103243 94864 3773
1: 772 55223 -88935 3773
4: -792 -3381 158466 3773
2: -792 7203 57673 3773
4: -792 -8349 117649 3773
2: -792 17787 76832 3773
2: -798 44649 84035 3773
4: -833 -6413 120050 3773
3: 836 -5929 -112847 3773
4: -836 -5929 122451 3773
3: 836 -117649 -86537 3773
4: -836 -117649 87021 3773
4: -838 -55223 88935 3773
1: 841 117649 -83248 3773
2: -841 117649 82764 3773
1: 847 1375 33614 3773
3: 847 -1375 -201684 3773
2: -847 1859 -33614 3773
4: -847 -1859 201684 3773
1: 847 117649 -82660 3773
2: -847 117649 82176 3773
3: 847 -117649 -85410 3773
4: -847 -117649 85894 3773
2: -848 234955 83006 3773
2: -858 735 -211288 3773
4: -858 -2541 168070 3773
1: 858 42777 -79233 3773
2: -858 58065 79233 3773
4: -858 -200739 84035 3773
4: -867 -235641 83006 3773
2: -874 96481 79233 3773
3: 874 -117649 -82764 3773
4: -874 -117649 83248 3773
3: 882 -1815 -165669 3773
1: 882 4719 -48020 3773
2: -891 124509 78204 3773
2: -913 81977 75460 3773
3: 916 -96481 -79233 3773
1: 924 14883 -67228 3773
2: -924 20691 67228 3773
3: 931 -117649 -77682 3773
4: -931 -117649 78166 3773
2: -938 7865 50421 3773
3: 957 -21609 -80850 3773
4: -959 -7381 100842 3773
1: 968 539 182476 3773
3: 968 -853 -235298 3773
4: -968 -1205 235298 3773
2: -968 1715 -40131 3773
3: 968 -3773 -110103 3773
4: -968 -3773 125195 3773
1: 968 5971 -50421 3773
2: -968 8435 50421 3773
4: -968 -12005 89768 3773
4: -968 -18557 84035 3773
1: 968 26411 -68306 3773
2: -968 26411 66150 3773
3: 968 -41797 -76832 3773
4: -968 -59045 76832 3773
2: -968 84035 71211 3773
2: -968 129899 72030 3773
3: 968 -184877 -74277 3773
4: -968 -184877 74585 3773
3: 972 -12705 -84035 3773
2: -981 136857 71148 3773
1: 999 33033 -67228 3773
1: 1012 847 84035 3773
2: -1012 847 -151263 3773
3: 1012 -77077 -72030 3773
3: 1012 -117649 -71445 3773
4: -1012 -117649 71929 3773
3: 1014 -136857 -71148 3773
3: 1023 -17787 -76832 3773
3: 1029 -3267 -108388 3773
4: -1029 -4719 108388 3773
3: 1034 -1421 -158466 3773
2: -1052 74431 65219 3773
1: 1056 1323 26411 3773
4: -1056 -50421 70994 3773
3: 1071 -158631 -67228 3773
4: -1071 -232683 67228 3773
2: -1078 605 -228095 3773
1: 1078 2057 -7203 3773
3: 1078 -2057 -124852 3773
2: -1078 3025 7203 3773
4: -1078 -3025 124852 3773
1: 1078 117649 -64999 3773
2: -1078 117649 64515 3773
3: 1078 -117649 -67056 3773
4: -1078 -117649 67540 3773
2: -1086 151263 64372 3773
1: 1089 1029 50764 3773
3: 1089 -1617 -139258 3773
2: -1089 7203 40866 3773
4: -1089 -11319 80948 3773
1: 1089 40719 -62426 3773
2: -1089 60123 62426 3773
3: 1089 -63987 -67228 3773
4: -1089 -94479 67228 3773
3: 1111 -847 -201684 3773
3: 1118 -74431 -65219 3773
3: 1119 -151263 -64372 3773
3: 1122 -25725 -67914 3773
3: 1127 -117649 -64130 3773
4: -1127 -117649 64614 3773
4: -1146 -33033 67228 3773
1: 1166 16807 -54516 3773
2: -1166 16807 51128 3773
1: 1188 363 235298 3773
1: 1192 84035 -58443 3773
2: -1228 21175 50421 3773
1: 1232 13915 -50421 3773
2: -1232 21659 50421 3773
4: -1258 -84035 58443 3773
3: 1274 -1969 -105644 3773
4: -1274 -3113 105644 3773
1: 1287 38955 -52822 3773
2: -1287 61887 52822 3773
4: -1331 -3157 100842 3773
4: -1331 -16709 62426 3773
4: -1342 -2299 117649 3773
2: -1342 56749 50421 3773
2: -1353 36015 48510 3773
1: 1364 3479 -26411 3773
3: 1372 -605 -198940 3773
3: 1372 -3025 -81291 3773
4: -1372 -4961 81291 3773
3: 1372 -117649 -52635 3773
4: -1372 -117649 53119 3773
1: 1397 29645 -48020 3773
2: -1408 4235 16807 3773
3: 1408 -37877 -52822 3773
4: -1408 -62965 52822 3773
1: 1421 117649 -49368 3773
2: -1421 117649 48884 3773
3: 1428 -146289 -50421 3773
4: -1428 -245025 50421 3773
1: 1441 20237 -45276 3773
1: 1452 495 117649 3773
3: 1452 -693 -168070 3773
4: -1452 -1029 184534 3773
3: 1452 -2205 -86436 3773
1: 1452 3087 -22295 3773
1: 1452 5355 -33614 3773
3: 1452 -7497 -60025 3773
2: -1452 9051 33614 3773
2: -1452 11319 36701 3773
1: 1452 24255 -45619 3773
3: 1452 -33957 -51450 3773
4: -1452 -50421 51786 3773
3: 1452 -58905 -50421 3773
1: 1452 82467 -48020 3773
4: -1452 -99561 50421 3773
3: 1452 -108045 -49784 3773
1: 1452 151263 -48475 3773
3: 1463 -117649 -49346 3773
4: -1463 -117649 49830 3773
1: 1512 363 168070 3773
3: 1518 -7203 -57673 3773
4: -1518 -38115 50421 3773
3: 1522 -21175 -50421 3773
3: 1524 -1089 -117649 3773
3: 1529 -16807 -51128 3773
4: -1529 -16807 54516 3773
1: 1554 6171 -33614 3773
2: -1562 11011 33614 3773
1: 1562 12005 -39347 3773
1: 1562 255535 -45276 3773
3: 1573 -539 -182476 3773
4: -1573 -12005 56154 3773
1: 1573 36407 -43218 3773
2: -1573 64435 43218 3773
1: 1584 17787 -40817 3773
1: 1606 65219 -43218 3773
3: 1617 -363 -240100 3773
1: 1617 1815 -4802 3773
2: -1617 3267 4802 3773
4: -1628 -29645 48020 3773
1: 1682 117649 -41745 3773
2: -1682 117649 41261 3773
4: -1683 -735 211288 3773
1: 1692 118335 -41503 3773
1: 1694 1133 16807 3773
3: 1694 -1133 -100842 3773
2: -1694 2101 -16807 3773
4: -1694 -2101 100842 3773
1: 1694 117649 -41451 3773
2: -1694 117649 40967 3773
3: 1694 -117649 -42584 3773
4: -1694 -117649 43068 3773
3: 1716 -2541 -67228 3773
4: -1722 -13431 50421 3773
4: -1727 -40817 44198 3773
4: -1744 -1573 117649 3773
3: 1748 -117649 -41261 3773
4: -1748 -117649 41745 3773
4: -1758 -118335 41503 3773
3: 1771 -117649 -40722 3773
4: -1771 -117649 41206 3773
1: 1782 124509 -39445 3773
4: -1793 -605 235298 3773
3: 1793 -931 -105644 3773
4: -1804 -20237 45276 3773
1: 1848 11979 -33614 3773
2: -1848 23595 33614 3773
1: 1862 341 132055 3773
3: 1862 -117649 -38720 3773
4: -1862 -117649 39204 3773
2: -1869 1089 -67228 3773
1: 1936 539 64827 3773
2: -1936 539 -170471 3773
3: 1936 -677 -117649 3773
4: -1936 -1381 117649 3773
1: 1936 26411 -34692 3773
2: -1936 26411 32536 3773
3: 1936 -33173 -38416 3773
4: -1936 -67669 38416 3773
3: 1947 -46305 -37730 3773
1: 1991 24563 -33614 3773
1: 2002 605 50421 3773
1: 2046 441 79233 3773
4: -2046 -17787 40817 3773
3: 2057 -2401 -55370 3773
4: -2057 -2401 79086 3773
4: -2057 -12397 43218 3773
2: -2057 20923 29498 3773
1: 2057 50435 -33614 3773
3: 2057 -84035 -35196 3773
2: -2057 108031 33614 3773
3: 2058 -363 -171843 3773
2: -2058 495 -181104 3773
2: -2058 1089 -63455 3773
4: -2058 -5445 54194 3773
2: -2067 129591 33614 3773
1: 2079 363 100842 3773
1: 2093 123299 -33614 3773
2: -2101 28469 30184 3773
3: 2112 -50421 -34650 3773
4: -2134 -5341 52822 3773
3: 2142 -121605 -33614 3773
3: 2156 -1573 -62426 3773
4: -2156 -3509 62426 3773
3: 2156 -117649 -33407 3773
4: -2156 -117649 33891 3773
4: -2168 -131285 33614 3773
2: -2178 1029 -66885 3773
4: -2178 -1617 96040 3773
4: -2178 -1995 84035 3773
2: -2178 3675 4802 3773
4: -2178 -5775 50421 3773
1: 2178 7203 -26362 3773
3: 2178 -11319 -36701 3773
2: -2178 19551 27440 3773
4: -2178 -30723 36015 3773
1: 2178 31017 -31213 3773
4: -2178 -36015 35525 3773
3: 2178 -48741 -33614 3773
2: -2178 56595 30870 3773
2: -2178 69825 31213 3773
4: -2178 -109725 33614 3773
3: 2222 -847 -84035 3773
4: -2222 -847 151263 3773
2: -2233 605 -134456 3773
1: 2233 117649 -31504 3773
2: -2233 117649 31020 3773
3: 2244 -22869 -33614 3773
3: 2254 -117649 -31944 3773
4: -2254 -117649 32428 3773
3: 2282 -605 -100842 3773
4: -2288 -12005 39347 3773
3: 2299 -343 -152292 3773
3: 2299 -26411 -32536 3773
4: -2299 -26411 34692 3773
3: 2299 -117649 -31314 3773
4: -2299 -117649 31798 3773
1: 2332 16807 -28105 3773
2: -2332 16807 24717 3773
1: 2343 206829 -30184 3773
1: 2376 147 237699 3773
2: -2376 363 -235298 3773
1: 2382 165669 -29645 3773
3: 2387 -10285 -33614 3773
4: -2387 -25289 33614 3773
1: 2401 209 155232 3773
3: 2401 -209 -214522 3773
2: -2401 517 -155232 3773
4: -2401 -517 214522 3773
1: 2401 2299 -12838 3773
3: 2401 -2299 -46452 3773
2: -2401 5687 12838 3773
4: -2401 -5687 46452 3773
1: 2401 16807 -27346 3773
2: -2401 16807 23958 3773
3: 2401 -16807 -31944 3773
4: -2401 -16807 35332 3773
1: 2401 184877 -29436 3773
2: -2401 184877 29128 3773
3: 2401 -184877 -29854 3773
4: -2401 -184877 30162 3773
1: 2422 3025 -16807 3773
4: -2448 -165669 29645 3773
3: 2497 -60025 -29106 3773
2: -2508 64827 26950 3773
3: 2541 -891 -67228 3773
4: -2541 -2343 67228 3773
3: 2548 -1397 -52822 3773
4: -2548 -3685 52822 3773
2: -2574 73353 26411 3773
1: 2646 363 62426 3773
4: -2662 -979 117649 3773
1: 2662 18865 -25039 3773
4: -2662 -64141 28126 3773
4: -2673 -12705 33614 3773
3: 2681 -4477 -33614 3773
3: 2706 -147 -237699 3773
1: 2744 187 135828 3773
4: -2783 -2695 57624 3773
3: 2783 -3661 -33614 3773
4: -2783 -10745 33614 3773
3: 2783 -117649 -25826 3773
4: -2783 -117649 26310 3773
4: -2816 -75509 26411 3773
1: 2842 605 21609 3773
1: 2842 117649 -24805 3773
2: -2842 117649 24321 3773
3: 2904 -1029 -50764 3773
1: 2904 3507 -16807 3773
2: -2904 4851 7203 3773
2: -2904 10899 16807 3773
3: 2904 -50421 -25046 3773
1: 2904 171843 -24353 3773
2: -2904 237699 24157 3773
3: 2926 -117649 -24552 3773
4: -2926 -117649 25036 3773
3: 2981 -121 -235298 3773
1: 2992 207515 -23667 3773
2: -3024 363 -201684 3773
3: 3036 -441 -79233 3773
3: 3058 -16807 -24717 3773
4: -3058 -16807 28105 3773
4: -3058 -207515 23667 3773
3: 3059 -117649 -23474 3773
4: -3059 -117649 23958 3773
1: 3087 165 120736 3773
2: -3087 561 -120736 3773
1: 3124 158123 -22638 3773
3: 3146 -539 -64827 3773
4: -3146 -539 170471 3773
1: 3146 22393 -21609 3773
2: -3146 78449 21609 3773
1: 3234 1089 -2401 3773
2: -3234 3993 2401 3773
1: 3267 147 120050 3773
1: 3267 8085 -19208 3773
2: -3267 50421 20244 3773
3: 3267 -79233 -22050 3773
2: -3278 84035 20790 3773
4: -3388 -517 168070 3773
3: 3388 -649 -50421 3773
4: -3388 -2585 50421 3773
3: 3388 -117649 -21171 3773
4: -3388 -117649 21655 3773
1: 3409 121 134456 3773
4: -3432 -2541 50421 3773
1: 3509 1127 -4802 3773
3: 3509 -1309 -33614 3773
1: 3509 117649 -20136 3773
2: -3509 117649 19652 3773
2: -3528 9075 12005 3773
3: 3542 -117649 -20240 3773
4: -3542 -117649 20724 3773
1: 3642 252105 -19481 3773
1: 3652 25039 -18865 3773
1: 3696 6171 -16807 3773
2: -3696 29403 16807 3773
4: -3708 -252105 19481 3773
3: 3724 -117649 -19239 3773
4: -3724 -117649 19723 3773
2: -3751 15631 14406 3773
3: 3751 -184877 -19054 3773
4: -3751 -184877 19362 3773
1: 3773 121 98784 3773
3: 3773 -121 -136514 3773
2: -3773 605 -98784 3773
4: -3773 -605 136514 3773
1: 3773 117649 -18744 3773
2: -3773 117649 18260 3773
3: 3773 -117649 -18986 3773
4: -3773 -117649 19470 3773
3: 3794 -121 -134456 3773
1: 3828 7623 -16807 3773
1: 3861 50421 -18172 3773
3: 3872 -245 -72030 3773
1: 3872 4459 -15435 3773
3: 3872 -15925 -19208 3773
1: 3872 26411 -17885 3773
2: -3872 26411 15729 3773
4: -3872 -84917 19208 3773
3: 3872 -94325 -18522 3773
2: -3978 63525 16807 3773
1: 3993 231 33614 3773
2: -3993 101871 17150 3773
3: 4026 -1323 -26411 3773
4: -4037 -98441 18326 3773
2: -4081 1331 -33614 3773
3: 4114 -2401 -21756 3773
4: -4114 -2401 45472 3773
1: 4114 21637 -16807 3773
2: -4114 136829 16807 3773
1: 4116 99 90552 3773
2: -4116 627 -90552 3773
3: 4116 -1089 -27097 3773
4: -4116 -6897 27097 3773
2: -4158 363 -168070 3773
4: -4179 -363 201684 3773
1: 4186 50941 -16807 3773
1: 4198 66913 -16807 3773
4: -4224 -50421 18172 3773
1: 4224 221067 -16807 3773
3: 4246 -217679 -16807 3773
3: 4272 -63525 -16807 3773
3: 4284 -47553 -16807 3773
3: 4312 -605 -31213 3773
4: -4312 -4477 31213 3773
3: 4356 -1617 -21609 3773
2: -4356 7203 7252 3773
3: 4356 -18249 -16807 3773
4: -4356 -140217 16807 3773
4: -4378 -25039 18865 3773
3: 4422 -108045 -16170 3773
1: 4466 117649 -15873 3773
2: -4466 117649 15389 3773
2: -4477 10241 9604 3773
4: -4477 -33271 17836 3773
3: 4477 -84035 -15988 3773
4: -4492 -66913 16807 3773
3: 4508 -117649 -15851 3773
4: -4508 -117649 16335 3773
4: -4592 -3509 33614 3773
3: 4598 -77 -100842 3773
3: 4598 -343 -34643 3773
4: -4598 -343 200655 3773
2: -4598 18277 12005 3773
3: 4598 -26411 -15729 3773
4: -4598 -26411 17885 3773
3: 4598 -117649 -15536 3773
4: -4598 -117649 16020 3773
3: 4642 -4235 -16807 3773
1: 4686 60711 -15092 3773
1: 4719 8379 -14406 3773
2: -4719 92463 14406 3773
3: 4774 -2783 -16807 3773
4: -4774 -32791 16807 3773
1: 4802 55 77616 3773
3: 4802 -55 -107261 3773
1: 4802 121 27195 3773
3: 4802 -121 -56840 3773
1: 4802 605 -6419 3773
3: 4802 -605 -23226 3773
2: -4802 671 -77616 3773
4: -4802 -671 107261 3773
2: -4802 7381 6419 3773
4: -4802 -7381 23226 3773
1: 4802 16807 -14520 3773
2: -4802 16807 11132 3773
3: 4802 -16807 -15125 3773
4: -4802 -16807 18513 3773
1: 4802 84035 -14762 3773
3: 4802 -84035 -14883 3773
1: 4802 184877 -14795 3773
2: -4802 184877 14487 3773
3: 4802 -184877 -14850 3773
4: -4802 -184877 15158 3773
3: 4807 -117649 -14850 3773
4: -4807 -117649 15334 3773
3: 4961 -68453 -14406 3773
2: -4998 1815 -19208 3773
4: -5049 -60711 15092 3773
4: -5049 -195657 14406 3773
1: 5082 15 201684 3773
1: 5082 33 84035 3773
3: 5082 -165 -33614 3773
2: -5082 279 -201684 3773
4: -5082 -3069 33614 3773
3: 5096 -253 -26411 3773
4: -5096 -4829 26411 3773
4: -5203 -385 168070 3773
2: -5203 132055 13230 3773
2: -5278 605 -84035 3773
2: -5292 363 -148862 3773
3: 5324 -230153 -13377 3773
4: -5334 -1089 67228 3773
3: 5341 -1573 -14406 3773
4: -5341 -54329 14406 3773
1: 5488 11 67914 3773
2: -5488 715 -67914 3773
4: -5488 -1573 49735 3773
2: -5522 36701 11319 3773
1: 5544 3 184877 3773
2: -5544 291 -184877 3773
3: 5566 -119 -16807 3773
4: -5566 -14287 16807 3773
3: 5566 -117649 -12792 3773
4: -5566 -117649 13276 3773
2: -5586 3267 -4802 3773
4: -5808 -1029 66885 3773
4: -5808 -8085 19208 3773
4: -5808 -50421 13370 3773
2: -5808 224763 12005 3773
3: 5852 -117649 -12155 3773
4: -5852 -117649 12639 3773
1: 5887 117649 -12100 3773
2: -5887 117649 11616 3773
1: 5929 11 -129654 3773
4: -5929 -473 129654 3773
1: 5929 117649 -12016 3773
2: -5929 117649 11532 3773
3: 5929 -117649 -11994 3773
4: -5929 -117649 12478 3773
2: -5973 151263 11550 3773
4: -5978 -2299 36015 3773
1: 6048 363 -16807 3773
3: 6118 -117649 -11616 3773
4: -6118 -117649 12100 3773
3: 6171 -21 100842 3773
2: -6171 693 -67228 3773
1: 6171 79233 -11564 3773
3: 6174 -33 60368 3773
2: -6174 759 -60368 3773
3: 6248 -36701 -11319 3773
2: -6292 371 -134456 3773
3: 6292 -12005 -11074 3773
4: -6292 -154693 11662 3773
1: 6314 17 -184877 3773
4: -6314 -311 184877 3773
2: -6328 275 -184877 3773
1: 6413 16807 -11298 3773
2: -6413 16807 7910 3773
4: -6446 -3479 26411 3773
4: -6468 -1089 60025 3773
3: 6517 -117649 -10890 3773
4: -6517 -117649 11374 3773
1: 6534 50421 -10969 3773
4: -6534 -79233 11564 3773
4: -6622 -1331 50421 3773
4: -6762 -4719 21609 3773
3: 6776 -29 151263 3773
2: -6776 323 -151263 3773
3: 6811 -5687 -9604 3773
2: -6811 61589 9604 3773
1: 6818 121 -50421 3773
3: 6897 -169785 -10290 3773
1: 7007 605 -19208 3773
4: -7007 -5687 19208 3773
3: 7018 -91 50421 3773
4: -7018 -1715 40131 3773
3: 7018 -10241 -9604 3773
1: 7018 117649 -10189 3773
2: -7018 117649 9705 3773
4: -7062 -7623 16807 3773
3: 7084 -117649 -9999 3773
4: -7084 -117649 10483 3773
1: 7098 33 -184877 3773
2: -7128 180075 9702 3773
3: 7139 -49 110446 3773
3: 7203 -99 51744 3773
4: -7203 -363 149940 3773
2: -7203 825 -51744 3773
1: 7203 1089 -15484 3773
2: -7203 1815 -18130 3773
4: -7203 -9075 15484 3773
4: -7203 -50421 10890 3773
1: 7203 151263 -9922 3773
2: -7203 252105 9680 3773
4: -7252 -341 158466 3773
3: 7308 -33 184877 3773
3: 7381 -168707 -9604 3773
1: 7447 148225 -9604 3773
3: 7502 -55 117649 3773
3: 7502 -184877 -9450 3773
4: -7502 -184877 9758 3773
1: 7546 121 -68257 3773
3: 7546 -121 49392 3773
1: 7546 117649 -9493 3773
3: 7546 -117649 -9372 3773
3: 7588 -121 50421 3773
3: 7623 -51 134456 3773
2: -7623 345 -134456 3773
4: -7678 -148225 9604 3773
2: -7722 50421 8239 3773
1: 7744 18571 -9604 3773
4: -7744 -119413 9604 3773
3: 7889 -117649 -8954 3773
4: -7889 -117649 9438 3773
2: -7986 231 -201684 3773
3: 7986 -4851 -7203 3773
3: 7987 -605 4802 3773
4: -8078 -275 184877 3773
1: 8107 213689 -8820 3773
4: -8228 -1925 33614 3773
3: 8228 -2401 -4949 3773
4: -8228 -2401 28665 3773
3: 8232 -165 45276 3773
2: -8232 891 -45276 3773
1: 8316 363 -33614 3773
3: 8349 -7203 -7252 3773
3: 8358 -363 16807 3773
3: 8448 -50421 -8239 3773
1: 8591 77 -134456 3773
3: 8591 -182819 -8232 3773
4: -8712 -429 117649 3773
1: 8712 1155 -16807 3773
1: 8712 7203 -9555 3773
2: -8833 833 -48020 3773
2: -8918 605 -68943 3773
4: -9128 -605 84035 3773
3: 9196 -77 134456 3773
2: -9196 12691 4116 3773
3: 9196 -117649 -7647 3773
4: -9196 -117649 8131 3773
1: 9251 117649 -7788 3773
2: -9251 117649 7304 3773
2: -9261 363 -118678 3773
3: 9372 -231525 -7546 3773
4: -9438 -3087 22295 3773
3: 9438 -33663 -7203 3773
2: -9438 134505 7203 3773
2: -9438 237699 7350 3773
1: 9493 239071 -7546 3773
2: -9504 363 -117649 3773
3: 9604 -121 89229 3773
3: 9604 -253 38808 3773
2: -9604 979 -38808 3773
1: 9604 2783 -11613 3773
4: -9604 -10769 11613 3773
1: 9604 16807 -8107 3773
2: -9604 16807 4719 3773
3: 9604 -184877 -7348 3773
4: -9604 -184877 7656 3773
3: 9614 -117649 -7304 3773
4: -9614 -117649 7788 3773
4: -9801 -231 201684 3773
1: 9947 605 -27440 3773
1: 9947 117649 -7260 3773
2: -10043 195853 6860 3773
1: 10054 100793 -7203 3773
1: 10164 99 -134456 3773
3: 10164 -117 100842 3773
2: -10164 411 -100842 3773
1: 10164 1287 -16807 3773
4: -10164 -4521 16807 3773
3: 10197 -252105 -6930 3773
3: 10241 -117649 -6842 3773
4: -10241 -117649 7326 3773
2: -10406 43561 5831 3773
4: -10516 -100793 7203 3773
1: 10584 363 -43218 3773
1: 10682 24805 -7203 3773
4: -10682 -80707 7203 3773
1: 10714 121 -117649 3773
4: -10769 -9947 10976 3773
3: 10976 -341 33957 3773
2: -10976 1067 -33957 3773
2: -11132 103243 5978 3773
3: 11132 -117649 -6275 3773
4: -11132 -117649 6759 3773
1: 11176 141659 -6468 3773
1: 11253 441 -38416 3773
3: 11319 -363 32928 3773
2: -11319 1089 -32928 3773
4: -11539 -141659 6468 3773
4: -11616 -693 67228 3773
3: 11616 -50421 -5838 3773
1: 11737 91 -168070 3773
1: 11737 4165 -9604 3773
1: 11774 117649 -6171 3773
2: -11774 117649 5687 3773
1: 11858 253 -64827 3773
4: -11858 -715 64827 3773
1: 11858 117649 -6129 3773
2: -11858 117649 5645 3773
3: 11858 -117649 -5876 3773
4: -11858 -117649 6360 3773
3: 11924 -121 117649 3773
1: 12054 99 -158466 3773
3: 12236 -117649 -5687 3773
4: -12236 -117649 6171 3773
2: -12342 79233 5243 3773
3: 12348 -429 30184 3773
3: 12397 -117649 -5610 3773
4: -12397 -117649 6094 3773
2: -12463 245 -163268 3773
1: 12826 16807 -6496 3773
2: -12826 16807 3108 3773
3: 13034 -117649 -5324 3773
4: -13034 -117649 5808 3773
1: 13068 147 -115248 3773
4: -13068 -5145 13377 3773
3: 13068 -79233 -5243 3773
1: 13112 84035 -5621 3773
4: -13134 -363 117649 3773
2: -13189 1043 -33614 3773
3: 13189 -12691 -4116 3773
3: 13279 -121 129654 3773
3: 13622 -39325 -4802 3773
2: -13622 95227 4802 3773
2: -13673 99715 4802 3773
2: -13794 14553 2401 3773
3: 13794 -46893 -4802 3773
4: -13838 -84035 5621 3773
1: 14014 3751 -9604 3773
4: -14014 -8833 9604 3773
3: 14157 -75705 -4802 3773
2: -14157 176547 4802 3773
3: 14259 -297 52822 3773
4: -14278 -875 50421 3773
4: -14278 -248675 5145 3773
3: 14406 -363 42679 3773
3: 14406 -561 25872 3773
4: -14406 -1089 41356 3773
2: -14406 1287 -25872 3773
1: 14406 6171 -7742 3773
4: -14406 -14157 7742 3773
3: 14406 -50421 -4598 3773
4: -14406 -151263 5203 3773
1: 14641 184877 -4956 3773
2: -14641 184877 4648 3773
1: 14762 385 -50421 3773
3: 14883 -147 115248 3773
3: 15004 -184877 -4648 3773
4: -15004 -184877 4956 3773
3: 15092 -121 142345 3773
3: 15092 -605 24696 3773
2: -15092 1331 -24696 3773
3: 15092 -117649 -4565 3773
4: -15092 -117649 5049 3773
3: 15246 -249 67228 3773
2: -15246 543 -67228 3773
4: -15488 -245 163268 3773
1: 15488 87563 -4802 3773
4: -15488 -188405 4802 3773
1: 15631 117649 -4708 3773
2: -15631 117649 4224 3773
2: -15708 1815 -16807 3773
3: 15778 -117649 -4356 3773
4: -15778 -117649 4840 3773
2: -15796 199283 4312 3773
1: 15851 58751 -4802 3773
1: 15972 231 -84035 3773
4: -15972 -111573 4802 3773
1: 16023 51183 -4802 3773
4: -16023 -107085 4802 3773
3: 16093 -117649 -4266 3773
4: -16093 -117649 4750 3773
3: 16159 -199283 -4312 3773
2: -16192 203 -184877 3773
2: -16464 1419 -22638 3773
2: -16632 363 -100842 3773
4: -16698 -165 235298 3773
3: 16698 -441 38416 3773
4: -16698 -7203 9555 3773
1: 16807 121 -160300 3773
3: 16807 -121 151830 3773
1: 16807 143 -136290 3773
3: 16807 -143 127820 3773
1: 16807 605 -35448 3773
3: 16807 -605 26978 3773
1: 16807 715 -30646 3773
3: 16807 -715 22176 3773
2: -16807 1441 -22176 3773
4: -16807 -1441 30646 3773
1: 16807 1573 -16240 3773
3: 16807 -1573 7770 3773
1: 16807 2401 -12100 3773
2: -16807 2401 -11616 3773
3: 16807 -2401 3630 3773
4: -16807 -2401 20086 3773
1: 16807 7865 -6636 3773
3: 16807 -7865 -1834 3773
1: 16807 12005 -5808 3773
3: 16807 -12005 -2662 3773
2: -16807 15851 1834 3773
4: -16807 -15851 6636 3773
1: 16807 26411 -4950 3773
2: -16807 26411 2794 3773
3: 16807 -26411 -3520 3773
4: -16807 -26411 5676 3773
1: 16807 31213 -4840 3773
3: 16807 -31213 -3630 3773
1: 16807 132055 -4378 3773
3: 16807 -132055 -4092 3773
1: 16807 156065 -4356 3773
3: 16807 -156065 -4114 3773
3: 16819 -16807 -3108 3773
4: -16819 -16807 6496 3773
4: -16828 -3025 16807 3773
4: -16954 -781 52822 3773
1: 16962 105 -184877 3773
1: 17182 77 -252105 3773
1: 17182 12005 -5733 3773
2: -17292 110103 3773 3773
1: 17424 651 -33614 3773
3: 17424 -165669 -3969 3773
1: 17666 222607 -4116 3773
3: 17787 -99 192080 3773
1: 17787 495 -43218 3773
4: -17787 -957 43218 3773
4: -18029 -3577 14406 3773
4: -18029 -222607 4116 3773
3: 18392 -77 252105 3773
2: -18473 605 -57624 3773
1: 18502 117649 -4015 3773
2: -18502 117649 3531 3773
1: 18522 363 -58310 3773
3: 18612 -105 184877 3773
3: 18669 -1089 14406 3773
3: 18876 -14553 -2401 3773
4: -19118 -833 48020 3773
4: -19208 -605 64631 3773
3: 19208 -869 19404 3773
2: -19208 1595 -19404 3773
4: -19208 -3509 14210 3773
2: -19208 84035 3267 3773
3: 19208 -184877 -3597 3773
4: -19208 -184877 3905 3773
3: 19228 -117649 -3531 3773
4: -19228 -117649 4015 3773
4: -19382 -203 184877 3773
3: 19481 -117649 -3482 3773
4: -19481 -117649 3966 3773
3: 19602 -231 84035 3773
1: 19602 13377 -5145 3773
1: 19894 83 -249018 3773
4: -19894 -149 249018 3773
1: 19894 117649 -3751 3773
2: -19894 117649 3267 3773
1: 20237 187 -113190 3773
3: 20328 -381 50421 3773
2: -20328 675 -50421 3773
4: -20438 -125195 3773 3773
3: 20482 -1331 12005 3773
3: 20482 -117649 -3300 3773
4: -20482 -117649 3784 3773
3: 20812 -385 50421 3773
1: 20812 132055 -3577 3773
3: 20867 -121 168070 3773
2: -21168 363 -96040 3773
3: 21413 -117649 -3146 3773
4: -21413 -117649 3630 3773
1: 21417 196539 -3430 3773
4: -21538 -132055 3577 3773
3: 21609 -1023 17248 3773
2: -21609 1749 -17248 3773
1: 22022 85 -252105 3773
4: -22638 -363 101185 3773
3: 22638 -1089 16464 3773
2: -22638 1815 -16464 3773
1: 22883 209 -105644 3773
4: -23232 -309 117649 3773
1: 23232 15435 -4459 3773
4: -23232 -50421 3766 3773
2: -23373 165 -211288 3773
3: 23667 -165 128282 3773
3: 23716 -117649 -2817 3773
4: -23716 -117649 3301 3773
1: 23863 121 -182476 3773
1: 24178 1573 -16807 3773
1: 24563 117649 -3084 3773
2: -24563 117649 2600 3773
3: 24696 -1221 15092 3773
2: -24696 1947 -15092 3773
3: 24794 -117649 -2684 3773
4: -24794 -117649 3168 3773
3: 25102 -605 33614 3773
4: -25168 -12005 5733 3773
3: 25382 -2783 5145 3773
1: 25652 16807 -4095 3773
2: -25652 16807 707 3773
4: -26068 -117649 3025 3773
2: -26136 147 -232897 3773
1: 26136 10731 -4802 3773
1: 26411 1331 -19502 3773
3: 26411 -1331 14112 3773
2: -26411 2057 -14112 3773
4: -26411 -2057 19502 3773
1: 26411 16807 -4026 3773
2: -26411 16807 638 3773
3: 26411 -16807 -1364 3773
4: -26411 -16807 4752 3773
3: 26558 -121 182476 3773
3: 26862 -1155 16807 3773
4: -27048 -165 211288 3773
1: 27097 15125 -4116 3773
4: -27097 -23111 4116 3773
3: 27244 -106601 -2401 3773
2: -27244 162503 2401 3773
4: -27467 -15533 4802 3773
3: 27538 -209 105644 3773
4: -27588 -13377 5145 3773
2: -27734 3509 -7203 3773
1: 27742 175273 -2695 3773
1: 28028 10043 -4802 3773
4: -28028 -15125 4802 3773
3: 28314 -201831 -2401 3773
4: -28468 -175273 2695 3773
1: 28812 135 -171941 3773
4: -28812 -201 171941 3773
3: 28812 -1485 12936 3773
2: -28812 2211 -12936 3773
1: 28812 16335 -3871 3773
4: -28812 -24321 3871 3773
4: -28812 -50421 3146 3773
2: -29106 363 -91238 3773
2: -29161 143 -235298 3773
4: -29253 -363 96040 3773
1: 29282 184877 -2555 3773
2: -29282 184877 2247 3773
4: -29337 -1089 33614 3773
1: 29766 99 -235298 3773
4: -29766 -147 232897 3773
1: 29841 141 -166012 3773
4: -29841 -207 166012 3773
3: 30008 -184877 -2247 3773
4: -30008 -184877 2555 3773
3: 30184 -1573 12348 3773
2: -30184 2299 -12348 3773
3: 30492 -645 33614 3773
2: -30492 939 -33614 3773
1: 30734 4753 -7203 3773
1: 30976 225547 -2401 3773
3: 31213 -149 154154 3773
2: -31213 215 -154154 3773
2: -31213 605 -53312 3773
4: -31218 -15435 4459 3773
1: 31262 605 -40817 3773
1: 31262 117649 -2475 3773
2: -31262 117649 1991 3773
4: -31339 -341 100842 3773
3: 31556 -117649 -2057 3773
2: -31581 38073 1372 3773
4: -31948 -605 57624 3773
1: 32046 130317 -2401 3773
4: -32046 -186219 2401 3773
3: 32186 -117649 -2012 3773
4: -32186 -117649 2496 3773
2: -32242 2057 -14063 3773
3: 32928 -1749 11319 3773
2: -32928 2475 -11319 3773
4: -33033 -201 168070 3773
1: 33264 363 -67228 3773
1: 33614 121 -197799 3773
3: 33614 -121 193564 3773
1: 33614 163 -147378 3773
3: 33614 -163 143143 3773
2: -33614 229 -143143 3773
4: -33614 -229 147378 3773
1: 33614 1793 -15323 3773
3: 33614 -1793 11088 3773
1: 33614 2401 -11979 3773
2: -33614 2401 -11737 3773
3: 33614 -2401 7744 3773
4: -33614 -2401 15972 3773
2: -33614 2519 -11088 3773
4: -33614 -2519 15323 3773
1: 33614 19723 -3318 3773
3: 33614 -19723 -917 3773
1: 33614 26411 -3014 3773
2: -33614 26411 858 3773
3: 33614 -26411 -1221 3773
4: -33614 -26411 3377 3773
2: -33614 27709 917 3773
4: -33614 -27709 3318 3773
3: 33638 -16807 -707 3773
4: -33638 -16807 4095 3773
3: 33649 -117649 -1914 3773
4: -33649 -117649 2398 3773
3: 33957 -1815 10976 3773
1: 34122 21609 -3185 3773
1: 34727 755 -33614 3773
4: -34727 -1049 33614 3773
1: 35231 8591 -4802 3773
4: -35332 -2233 16807 3773
1: 35332 22295 -3087 3773
3: 35574 -111 213689 3773
2: -35574 153 -213689 3773
1: 35574 1221 -21609 3773
4: -35574 -1683 21609 3773
2: -36058 84035 1582 3773
1: 36652 115 -211288 3773
4: -36652 -157 211288 3773
2: -37044 363 -88494 3773
1: 37499 121 -201684 3773
4: -37632 -11253 4802 3773
2: -38073 6171 -3430 3773
3: 38416 -2101 9702 3773
2: -38416 2827 -9702 3773
4: -38962 -671 50421 3773
3: 38962 -117649 -1620 3773
4: -38962 -117649 2104 3773
4: -39688 -4165 9604 3773
1: 39688 92267 -2058 3773
1: 39788 199 -124509 3773
4: -39788 -265 124509 3773
4: -39788 -6413 6860 3773
1: 40414 38269 -2401 3773
3: 40817 -84035 -1452 3773
3: 40964 -117649 -1529 3773
4: -40964 -117649 2013 3773
1: 41209 117649 -1936 3773
2: -41209 117649 1452 3773
1: 41503 209 -119364 3773
3: 41503 -209 115934 3773
2: -41503 275 -115934 3773
4: -41503 -275 119364 3773
1: 41503 117649 -1924 3773
2: -41503 117649 1440 3773
3: 41503 -117649 -1506 3773
4: -41503 -117649 1990 3773
3: 41734 -121 201684 3773
2: -42108 315 -100842 3773
4: -42108 -21609 3185 3773
1: 42336 363 -69629 3773
2: -42471 50421 1036 3773
3: 42826 -117649 -1452 3773
4: -42826 -117649 1936 3773
2: -43218 165 -193501 3773
3: 43218 -2409 8624 3773
2: -43218 3135 -8624 3773
1: 43316 319 -79233 3773
4: -43318 -22295 3087 3773
3: 44933 -27709 -686 3773
2: -44933 35695 686 3773
2: -45012 1743 -16807 3773
2: -45276 3267 -8232 3773
4: -45423 -1815 19208 3773
4: -45496 -38269 2401 3773
3: 45969 -363 67228 3773
3: 46464 -50421 -1036 3773
1: 47432 155 -163268 3773
4: -47432 -197 163268 3773
3: 47432 -341 72030 3773
1: 47726 121 -208887 3773
3: 47971 -157 158466 3773
2: -47971 199 -158466 3773
1: 49126 117649 -1663 3773
2: -49126 117649 1179 3773
3: 49392 -2805 7546 3773
2: -49392 3531 -7546 3773
3: 49588 -117649 -1221 3773
4: -49588 -117649 1705 3773
2: -49973 187 -168070 3773
1: 50421 261 -98252 3773
4: -50421 -327 98252 3773
4: -50421 -363 88648 3773
3: 50421 -1089 21798 3773
3: 50421 -2871 7392 3773
2: -50421 3597 -7392 3773
4: -50421 -7203 5808 3773
3: 50421 -21609 -242 3773
1: 50421 31581 -2212 3773
4: -50421 -39567 2212 3773
2: -50421 79233 1012 3773
1: 50421 237699 -1518 3773
3: 50813 -2299 9604 3773
1: 51062 31213 -2205 3773
1: 52822 121 -211435 3773
3: 52822 -121 208740 3773
1: 52822 605 -43365 3773
3: 52822 -605 40670 3773
1: 52822 3025 -9751 3773
3: 52822 -3025 7056 3773
2: -52822 3751 -7056 3773
4: -52822 -3751 9751 3773
1: 52822 16807 -2860 3773
2: -52822 16807 -528 3773
3: 52822 -16807 165 3773
4: -52822 -16807 3223 3773
1: 52822 84035 -1650 3773
3: 52822 -84035 -1045 3773
3: 52877 -117649 -1130 3773
4: -52877 -117649 1614 3773
4: -52998 -189 168070 3773
3: 53116 -121 208887 3773
1: 53361 1947 -14406 3773
4: -53361 -2409 14406 3773
1: 53482 1645 -16807 3773
1: 54194 34243 -2058 3773
4: -54194 -42229 2058 3773
3: 55902 -495 50421 3773
1: 56056 22627 -2401 3773
4: -56056 -27709 2401 3773
2: -56938 803 -37730 3773
2: -57112 34643 343 3773
1: 57281 5203 -6174 3773
3: 57526 -319 79233 3773
3: 57624 -3333 6468 3773
2: -57624 4059 -6468 3773
3: 57624 -50421 -726 3773
3: 57967 -305 83006 3773
2: -58058 605 -50421 3773
1: 58212 363 -72030 3773
3: 58506 -363 69629 3773
4: -59048 -31213 2205 3773
1: 59411 69629 -1568 3773
1: 59532 36015 -1911 3773
4: -59682 -381 83006 3773
3: 60368 -3509 6174 3773
3: 60984 -1437 16807 3773
2: -60984 1731 -16807 3773
3: 62426 -331 77077 3773
2: -62426 397 -77077 3773
4: -63404 -69629 1568 3773
3: 64372 -305 84035 3773
3: 64372 -117649 -885 3773
4: -64372 -117649 1369 3773
1: 64757 117649 -1320 3773
2: -64757 117649 836 3773
2: -64827 363 -84182 3773
2: -64827 50421 484 3773
3: 65098 -749 33614 3773
3: 65098 -34643 -343 3773
3: 65219 -2431 9604 3773
2: -65219 2893 -9604 3773
2: -66066 891 -33614 3773
2: -66528 363 -84035 3773
1: 66792 40131 -1715 3773
3: 67228 -121 214431 3773
2: -67228 187 -164010 3773
2: -67228 275 -111188 3773
1: 67228 359 -73689 3773
4: -67228 -425 73689 3773
4: -67228 -605 52080 3773
2: -67228 935 -31955 3773
4: -67228 -2057 16065 3773
3: 67228 -2401 9801 3773
4: -67228 -2401 13915 3773
4: -67228 -3025 11263 3773
3: 67228 -3949 5544 3773
2: -67228 4675 -5544 3773
4: -67228 -10285 4060 3773
4: -67228 -12005 3630 3773
1: 67228 26411 -2046 3773
2: -67228 26411 -110 3773
4: -67228 -40817 1815 3773
1: 67228 43439 -1659 3773
4: -67228 -51425 1659 3773
4: -67228 -60025 1573 3773
2: -67228 132055 825 3773
4: -67228 -204085 1210 3773
3: 67298 -117649 -836 3773
4: -67298 -117649 1320 3773
4: -67518 -36015 1911 3773
3: 67914 -3993 5488 3773
2: -67914 4719 -5488 3773
1: 68257 4015 -7546 3773
4: -68257 -4741 7546 3773
4: -69333 -945 33614 3773
1: 69454 1657 -16807 3773
4: -69454 -1951 16807 3773
1: 69629 373 -71148 3773
4: -69629 -439 71148 3773
1: 69972 1815 -15435 3773
1: 70301 803 -33614 3773
4: -71148 -165 187278 3773
2: -71148 627 -48020 3773
4: -71687 -117649 1254 3773
3: 71736 -957 26411 3773
1: 73304 251 -105644 3773
4: -73304 -293 105644 3773
1: 74088 363 -73402 3773
3: 74431 -184877 -814 3773
4: -74431 -184877 1122 3773
3: 74774 -1573 15778 3773
4: -74778 -40131 1715 3773
1: 74998 121 -218491 3773
2: -74998 121 -252105 3773
2: -76351 88837 588 3773
3: 76832 -4565 4851 3773
2: -76832 5291 -4851 3773
4: -77126 -1199 26411 3773
3: 77924 -117649 -689 3773
4: -77924 -117649 1173 3773
3: 79233 -363 71932 3773
4: -79233 -1089 28910 3773
3: 79233 -4719 4704 3773
2: -79233 5445 -4704 3773
3: 79233 -50421 -374 3773
4: -79233 -151263 1100 3773
3: 80344 -88837 -588 3773
1: 80586 399 -67228 3773
4: -81291 -61347 1372 3773
1: 82418 117649 -1089 3773
2: -82418 117649 605 3773
1: 83006 451 -59682 3773
3: 83006 -451 57967 3773
2: -83006 517 -57967 3773
4: -83006 -517 59682 3773
1: 83006 117649 -1083 3773
2: -83006 117649 599 3773
3: 83006 -117649 -632 3773
4: -83006 -117649 1116 3773
3: 83468 -121 218491 3773
4: -83468 -121 252105 3773
2: -84458 193795 686 3773
1: 84942 50421 -1365 3773
3: 85652 -117649 -605 3773
4: -85652 -117649 1089 3773
3: 86436 -5181 4312 3773
2: -86436 5907 -4312 3773
4: -86636 -4753 7203 3773
3: 86779 -117649 -594 3773
3: 87857 -605 43218 3773
3: 88572 -225 117649 3773
2: -88814 9457 -2401 3773
3: 88837 -11737 1470 3773
3: 88837 -84035 -484 3773
3: 89866 -59411 -343 3773
2: -89866 67397 343 3773
3: 90552 -5445 4116 3773
2: -90552 6171 -4116 3773
4: -91938 -363 84035 3773
1: 92081 133 -201684 3773
4: -92928 -50421 1365 3773
3: 92953 -121 220206 3773
4: -92953 -121 250390 3773
1: 93247 3025 -9604 3773
1: 94864 331 -81634 3773
4: -94864 -373 81634 3773
3: 95942 -335 79233 3773
2: -95942 377 -79233 3773
3: 98784 -5973 3773 3773
4: -100408 -605 50421 3773
1: 100793 353 -76832 3773
4: -100793 -395 76832 3773
3: 100842 -111 241395 3773
3: 100842 -165 162162 3773
4: -100842 -297 101948 3773
3: 100842 -363 73325 3773
1: 100842 555 -49126 3773
4: -100842 -621 49126 3773
1: 100842 1221 -22715 3773
1: 100842 1815 -15512 3773
2: -100842 3267 -8498 3773
3: 100842 -6105 3696 3773
2: -100842 6831 -3696 3773
3: 100842 -7203 3025 3773
3: 100842 -13431 1295 3773
1: 100842 36015 -1452 3773
2: -100842 64827 242 3773
1: 100842 67155 -1106 3773
4: -100842 -75141 1106 3773
1: 100842 79233 -1045 3773
1: 101761 117649 -928 3773
2: -101761 117649 444 3773
1: 101871 363 -74774 3773
4: -103243 -127 237160 3773
3: 103576 -133 201684 3773
1: 105301 913 -30184 3773
3: 105644 -121 222019 3773
4: -105644 -121 248577 3773
3: 105644 -6413 3528 3773
2: -105644 7139 -3528 3773
1: 105644 16807 -2277 3773
2: -105644 16807 -1111 3773
3: 105754 -117649 -444 3773
4: -105754 -117649 928 3773
1: 106722 4125 -7203 3773
4: -106722 -4587 7203 3773
1: 108388 72479 -1029 3773
1: 109417 117649 -880 3773
2: -109417 117649 396 3773
2: -110594 253 -117649 3773
4: -111818 -605 50078 3773
3: 112651 -117649 -402 3773
4: -112651 -117649 886 3773
1: 113982 66885 -1029 3773
3: 115071 -399 67228 3773
4: -115248 -165 181643 3773
3: 115248 -7029 3234 3773
2: -115248 7755 -3234 3773
4: -115248 -50421 1210 3773
3: 115934 -643 41503 3773
2: -115934 709 -41503 3773
2: -116424 363 -81634 3773
1: 117649 121 -224584 3773
2: -117649 121 -246012 3773
3: 117649 -121 223374 3773
4: -117649 -121 247222 3773
3: 117649 -343 78408 3773
4: -117649 -343 87604 3773
1: 117649 539 -50886 3773
2: -117649 539 -54758 3773
3: 117649 -539 49676 3773
4: -117649 -539 55968 3773
1: 117649 653 -42108 3773
3: 117649 -653 40898 3773
2: -117649 719 -40898 3773
4: -117649 -719 42108 3773
1: 117649 847 -32602 3773
2: -117649 847 -34626 3773
3: 117649 -847 31392 3773
4: -117649 -847 35836 3773
1: 117649 3773 -7788 3773
2: -117649 3773 -7304 3773
3: 117649 -3773 6578 3773
4: -117649 -3773 8514 3773
1: 117649 4571 -6534 3773
3: 117649 -4571 5324 3773
2: -117649 5033 -5324 3773
4: -117649 -5033 6534 3773
1: 117649 5929 -5176 3773
2: -117649 5929 -4428 3773
3: 117649 -5929 3966 3773
4: -117649 -5929 5638 3773
1: 117649 7183 -4378 3773
3: 117649 -7183 3168 3773
2: -117649 7909 -3168 3773
4: -117649 -7909 4378 3773
1: 117649 31997 -1452 3773
3: 117649 -31997 242 3773
2: -117649 35231 -242 3773
4: -117649 -35231 1452 3773
1: 117649 41503 -1258 3773
2: -117649 41503 -114 3773
3: 117649 -41503 48 3773
4: -117649 -41503 1324 3773
1: 117649 50281 -1144 3773
3: 117649 -50281 -66 3773
2: -117649 55363 66 3773
4: -117649 -55363 1144 3773
1: 117649 79013 -948 3773
3: 117649 -79013 -262 3773
2: -117649 86999 262 3773
4: -117649 -86999 948 3773
1: 117649 223979 -726 3773
3: 117649 -223979 -484 3773
2: -117649 246617 484 3773
4: -117649 -246617 726 3773
1: 117992 131 -207515 3773
2: -118678 3025 -9261 3773
1: 119364 663 -41503 3773
4: -119364 -729 41503 3773
3: 120736 -7381 3087 3773
2: -120736 8107 -3087 3773
1: 121422 1485 -18865 3773
4: -124509 -759 39788 3773
2: -125881 649 -45276 3773
1: 127253 16807 -2178 3773
2: -127253 16807 -1210 3773
3: 128576 -3509 7203 3773
1: 129514 117649 -781 3773
2: -129514 117649 297 3773
1: 129654 363 -75558 3773
1: 129654 50421 -1089 3773
3: 130438 -5093 4802 3773
2: -130438 5555 -4802 3773
3: 134113 -1177 22638 3773
3: 134288 -1573 16807 3773
2: -134456 2299 -12376 3773
2: -134456 5203 -5173 3773
3: 134456 -8261 2772 3773
2: -134456 8987 -2772 3773
1: 134456 26411 -1562 3773
2: -134456 26411 -594 3773
2: -134456 45619 -121 3773
2: -134456 103243 242 3773
3: 134596 -117649 -297 3773
4: -134596 -117649 781 3773
3: 135828 -8349 2744 3773
2: -135828 9075 -2744 3773
2: -136367 341 -86436 3773
3: 136367 -117649 -290 3773
4: -136367 -117649 774 3773
4: -136514 -9119 3773 3773
3: 136857 -153 177870 3773
4: -138424 -253 117649 3773
2: -139258 605 -48461 3773
1: 139258 779 -35574 3773
4: -139258 -845 35574 3773
4: -139258 -20449 1960 3773
4: -142758 -1815 16807 3773
3: 143374 -117649 -264 3773
4: -143374 -117649 748 3773
3: 143913 -513 52822 3773
2: -143913 555 -52822 3773
1: 144232 84035 -819 3773
3: 144716 -9457 2401 3773
2: -145442 581 -50421 3773
3: 146069 -121 225694 3773
4: -146069 -121 244902 3773
1: 146608 523 -52822 3773
4: -146608 -565 52822 3773
1: 148104 14259 -2401 3773
2: -148176 363 -80948 3773
3: 148862 -184877 -330 3773
4: -148862 -184877 638 3773
3: 149891 -117649 -242 3773
4: -149891 -117649 726 3773
2: -151263 183 -160930 3773
4: -151263 -1815 16744 3773
2: -151263 7203 -3630 3773
3: 151263 -9339 2464 3773
2: -151263 10065 -2464 3773
4: -152218 -84035 819 3773
1: 154154 319 -86436 3773
2: -156408 3267 -8575 3773
4: -158466 -363 81683 3773
3: 158466 -9801 2352 3773
2: -158466 10527 -2352 3773
4: -158466 -50421 1034 3773
1: 159152 21659 -1715 3773
4: -160083 -123 240100 3773
1: 160083 6303 -4802 3773
4: -160083 -6765 4802 3773
1: 161172 93639 -735 3773
1: 162582 110715 -686 3773
4: -162582 -118701 686 3773
2: -166012 143 -205457 3773
1: 166012 187 -147490 3773
1: 166012 935 -29841 3773
3: 166012 -117649 -195 3773
1: 167041 121 -227752 3773
2: -167041 121 -242844 3773
1: 167222 329 -84035 3773
4: -169158 -93639 735 3773
1: 171941 117649 -648 3773
2: -171941 117649 164 3773
3: 172872 -10725 2156 3773
2: -172872 11451 -2156 3773
3: 173558 -117649 -176 3773
4: -173558 -117649 660 3773
3: 180048 -117 235298 3773
4: -180653 -125 235298 3773
3: 181104 -11253 2058 3773
2: -181104 11979 -2058 3773
1: 183162 1089 -25725 3773
2: -184044 10527 -2401 3773
1: 184877 121 -228480 3773
2: -184877 121 -242116 3773
3: 184877 -121 227710 3773
4: -184877 -121 242886 3773
1: 184877 605 -46004 3773
3: 184877 -605 45234 3773
1: 184877 2299 -12390 3773
3: 184877 -2299 11620 3773
1: 184877 2401 -11880 3773
2: -184877 2401 -11836 3773
3: 184877 -2401 11110 3773
4: -184877 -2401 12606 3773
1: 184877 11495 -2786 3773
3: 184877 -11495 2016 3773
1: 184877 12005 -2684 3773
3: 184877 -12005 1914 3773
2: -184877 12221 -2016 3773
4: -184877 -12221 2786 3773
1: 184877 45619 -990 3773
3: 184877 -45619 220 3773
1: 184877 228095 -506 3773
3: 184877 -228095 -264 3773
2: -184877 242501 264 3773
4: -184877 -242501 506 3773
3: 185906 -121 227752 3773
4: -185906 -121 242844 3773
1: 186582 108045 -637 3773
1: 189679 129833 -588 3773
4: -189679 -137819 588 3773
1: 189728 683 -40817 3773
4: -189728 -725 40817 3773
1: 191422 275 -100842 3773
2: -192423 1815 -15778 3773
4: -194568 -108045 637 3773
2: -199283 2629 -10780 3773
1: 201586 727 -38416 3773
4: -201586 -769 38416 3773
2: -201684 1023 -28259 3773
1: 201684 1143 -24563 3773
4: -201684 -1209 24563 3773
4: -201684 -11253 2954 3773
3: 201684 -12573 1848 3773
2: -201684 13299 -1848 3773
1: 201684 138303 -553 3773
4: -201684 -146289 553 3773
4: -201684 -223293 484 3773
2: -203203 605 -48020 3773
1: 203522 117649 -585 3773
2: -203522 117649 101 3773
2: -203742 363 -80262 3773
4: -204006 -14259 2401 3773
4: -204771 -363 80948 3773
1: 208887 1185 -23716 3773
4: -208887 -1251 23716 3773
2: -209671 5687 -4802 3773
3: 211288 -109 253869 3773
2: -211288 115 -253869 3773
4: -211288 -605 48657 3773
3: 211288 -13189 1764 3773
2: -211288 13915 -1764 3773
2: -211288 84035 -11 3773
3: 211508 -117649 -101 3773
4: -211508 -117649 585 3773
2: -215138 1705 -16807 3773
3: 218491 -1241 22022 3773
2: -218491 1307 -22022 3773
3: 218491 -8833 2814 3773
1: 218491 175273 -484 3773
1: 218834 117649 -561 3773
1: 222607 2783 -10290 3773
1: 223608 1683 -16807 3773
3: 224092 -329 84035 3773
1: 224322 825 -33957 3773
3: 225302 -117649 -80 3773
4: -225302 -117649 564 3773
4: -227066 -649 45276 3773
2: -228536 1331 -21609 3773
3: 230496 -14421 1617 3773
2: -230496 15147 -1617 3773
3: 230496 -50421 242 3773
1: 232848 363 -76832 3773
3: 233772 -165 168070 3773
1: 235298 121 -229941 3773
2: -235298 121 -240655 3773
3: 235298 -121 229336 3773
4: -235298 -121 241260 3773
1: 235298 143 -194612 3773
3: 235298 -143 194007 3773
2: -235298 245 -118701 3773
4: -235298 -245 119306 3773
2: -235298 281 -103455 3773
4: -235298 -281 104060 3773
3: 235298 -343 80707 3773
4: -235298 -343 85305 3773
2: -235298 385 -75427 3773
4: -235298 -385 76032 3773
1: 235298 539 -51854 3773
2: -235298 539 -53790 3773
3: 235298 -539 51249 3773
4: -235298 -539 54395 3773
2: -235298 605 -47889 3773
4: -235298 -605 48494 3773
1: 235298 637 -43923 3773
3: 235298 -637 43318 3773
1: 235298 721 -38841 3773
3: 235298 -721 38236 3773
1: 235298 847 -33108 3773
2: -235298 847 -34120 3773
3: 235298 -847 32503 3773
4: -235298 -847 34725 3773
1: 235298 1001 -28061 3773
3: 235298 -1001 27456 3773
1: 235298 1133 -24827 3773
3: 235298 -1133 24222 3773
1: 235298 1339 -21054 3773
3: 235298 -1339 20449 3773
2: -235298 1405 -20449 3773
4: -235298 -1405 21054 3773
1: 235298 1573 -17967 3773
3: 235298 -1573 17362 3773
2: -235298 1715 -16698 3773
4: -235298 -1715 17303 3773
2: -235298 1967 -14520 3773
4: -235298 -1967 15125 3773
2: -235298 2695 -10516 3773
4: -235298 -2695 11121 3773
2: -235298 3091 -9130 3773
4: -235298 -3091 9735 3773
1: 235298 3773 -7667 3773
2: -235298 3773 -7425 3773
3: 235298 -3773 7062 3773
4: -235298 -3773 8030 3773
2: -235298 4235 -6582 3773
4: -235298 -4235 7187 3773
1: 235298 4459 -6534 3773
1: 235298 5047 -5808 3773
3: 235298 -5047 5203 3773
1: 235298 5929 -4989 3773
2: -235298 5929 -4615 3773
3: 235298 -5929 4384 3773
4: -235298 -5929 5220 3773
1: 235298 7007 -4268 3773
3: 235298 -7007 3663 3773
1: 235298 7931 -3806 3773
3: 235298 -7931 3201 3773
1: 235298 9373 -3267 3773
3: 235298 -9373 2662 3773
2: -235298 9835 -2662 3773
4: -235298 -9835 3267 3773
1: 235298 11011 -2826 3773
3: 235298 -11011 2221 3773
1: 235298 12463 -2532 3773
3: 235298 -12463 1927 3773
2: -235298 13769 -1815 3773
4: -235298 -13769 2420 3773
1: 235298 14729 -2189 3773
3: 235298 -14729 1584 3773
2: -235298 15455 -1584 3773
4: -235298 -15455 2189 3773
2: -235298 18865 -1243 3773
2: -235298 21637 -1045 3773
4: -235298 -21637 1650 3773
2: -235298 29645 -681 3773
4: -235298 -29645 1286 3773
2: -235298 34001 -555 3773
4: -235298 -34001 1160 3773
1: 235298 35329 -1089 3773
3: 235298 -35329 484 3773
1: 235298 41503 -972 3773
2: -235298 41503 -400 3773
3: 235298 -41503 367 3773
4: -235298 -41503 1005 3773
1: 235298 49049 -869 3773
3: 235298 -49049 264 3773
1: 235298 55517 -803 3773
3: 235298 -55517 198 3773
1: 235298 65611 -726 3773
3: 235298 -65611 121 3773
2: -235298 68845 -121 3773
4: -235298 -68845 726 3773
1: 235298 77077 -663 3773
3: 235298 -77077 58 3773
1: 235298 87241 -621 3773
3: 235298 -87241 16 3773
4: -235298 -96383 605 3773
1: 235298 103103 -572 3773
3: 235298 -103103 -33 3773
2: -235298 108185 33 3773
4: -235298 -108185 572 3773
2: -235298 151459 110 3773
4: -235298 -151459 495 3773
1: 235298 162019 -474 3773
3: 235298 -162019 -131 3773
2: -235298 170005 131 3773
4: -235298 -170005 474 3773
2: -235298 207515 162 3773
4: -235298 -207515 443 3773
2: -235298 238007 180 3773
4: -235298 -238007 425 3773
3: 235466 -127 218491 3773
3: 235543 -117649 -66 3773
4: -235543 -117649 550 3773
3: 236082 -5445 4802 3773
3: 237699 -14883 1568 3773
2: -237699 15609 -1568 3773
1: 239316 6171 -4802 3773
1: 243334 13189 -2401 3773
4: -245872 -581 50421 3773
3: 247646 -913 30184 3773
3: 249018 -129 215404 3773
2: -249018 135 -215404 3773
2: -249018 297 -97755 3773
1: 249018 1419 -19894 3773
4: -249018 -1485 19894 3773
1: 254506 16807 -1936 3773
2: -254506 16807 -1452 3773
4: -255192 -117 249018 3773
