Command line:- ../do_t 847 256000
1: 1 539 -207636 847
2: -1 539 202312 847
1: 2 473 130438 847
1: 2 539 -105149 847
2: -2 539 99825 847
2: -6 363 -243089 847
1: 6 441 87846 847
2: -6 759 195657 847
2: -6 777 204974 847
1: 7 361 204974 847
2: -7 365 -204974 847
1: 7 539 -31944 847
2: -7 539 26620 847
2: -7 605 79618 847
2: -7 803 186340 847
1: 7 931 -234256 847
1: 8 385 139755 847
1: 11 1603 -223608 847
2: -11 1631 223608 847
2: -12 1485 195657 847
1: 12 2541 -239701 847
2: -13 1309 167706 847
1: 14 359 102487 847
2: -14 367 -102487 847
1: 14 539 -17303 847
2: -14 539 11979 847
1: 14 1331 -159467 847
2: -14 1331 157311 847
1: 14 3949 -223608 847
2: -14 4037 223608 847
1: 14 5929 -234498 847
2: -14 5929 234014 847
1: 14 14641 -247422 847
2: -14 14641 247226 847
1: 14 17591 -248897 847
2: -14 17983 248897 847
1: 14 43439 -253253 847
2: -14 44407 253253 847
1: 14 65219 -254243 847
2: -14 65219 254199 847
1: 14 193501 -255552 847
2: -14 197813 255552 847
1: 16 1001 -111804 847
4: -16 -3751 254947 847
1: 16 5929 -205216 847
2: -16 5929 204732 847
4: -16 -6391 242242 847
3: 16 -17303 -230692 847
1: 16 23353 -219373 847
3: 16 -102487 -225288 847
4: -16 -102487 225316 847
2: -16 110473 223146 847
4: -16 -183799 224818 847
1: 16 193193 -223608 847
2: -16 198121 223608 847
1: 17 1127 -117128 847
1: 17 1331 -131516 847
2: -17 1331 129360 847
3: 17 -2783 -249018 847
3: 17 -8393 -223608 847
1: 17 17549 -204974 847
2: -17 18025 204974 847
2: -17 46585 208670 847
4: -17 -55517 212960 847
2: -17 137093 210210 847
1: 18 231 232925 847
2: -18 1617 135762 847
4: -18 -2541 239701 847
2: -18 3993 173558 847
3: 18 -8085 -211629 847
1: 18 12705 -191422 847
3: 18 -17535 -204974 847
4: -18 -18039 204974 847
3: 18 -19965 -204281 847
1: 18 27555 -195657 847
2: -18 28347 195657 847
1: 18 195657 -198770 847
3: 19 -5929 -204732 847
4: -19 -5929 205216 847
3: 19 -102487 -189714 847
4: -19 -102487 189742 847
1: 21 363 64372 847
2: -21 441 -29282 847
1: 21 561 -18634 847
1: 21 1029 -87846 847
2: -21 1089 89782 847
3: 21 -3993 -192192 847
2: -21 4059 149072 847
4: -21 -4851 189002 847
3: 21 -6171 -184646 847
3: 21 -11319 -178354 847
4: -21 -11979 178178 847
3: 21 -17493 -175692 847
4: -21 -18081 175692 847
1: 21 43923 -168868 847
4: -21 -44649 172788 847
2: -21 53361 169158 847
1: 21 67881 -169554 847
1: 21 124509 -170126 847
2: -21 131769 170142 847
1: 21 192423 -170368 847
2: -21 198891 170368 847
1: 22 227 195657 847
2: -22 235 -195657 847
2: -22 245 -181016 847
2: -22 329 -93170 847
1: 22 1589 -111804 847
3: 22 -1589 -214291 847
2: -22 1645 111804 847
4: -22 -1645 214291 847
2: -22 2303 126445 847
4: -22 -2303 199650 847
1: 22 11123 -155727 847
3: 22 -11123 -170368 847
2: -22 11515 155727 847
4: -22 -11515 170368 847
1: 22 14641 -157486 847
2: -22 14641 157290 847
3: 22 -14641 -168609 847
4: -22 -14641 168805 847
2: -22 73205 161896 847
4: -22 -73205 164199 847
1: 22 102487 -162253 847
2: -22 102487 162225 847
3: 22 -102487 -163842 847
4: -22 -102487 163870 847
2: -23 637 29282 847
4: -23 -17303 160622 847
3: 24 -7623 -159236 847
4: -24 -27951 152229 847
1: 24 191961 -149072 847
2: -24 199353 149072 847
1: 26 9317 -130592 847
2: -26 9317 130284 847
3: 26 -15851 -142296 847
3: 26 -25289 -140679 847
2: -27 1815 94864 847
4: -27 -17787 136730 847
1: 27 27357 -130438 847
2: -27 28545 130438 847
3: 27 -43923 -134358 847
1: 28 245 131769 847
3: 28 -539 -246235 847
4: -28 -583 242242 847
1: 28 605 -22869 847
1: 28 781 -46585 847
3: 28 -1331 -175945 847
4: -28 -1331 178101 847
3: 28 -2695 -151734 847
3: 28 -3479 -146410 847
2: -28 3773 110473 847
1: 28 3905 -111804 847
1: 28 5929 -117370 847
2: -28 6413 117733 847
3: 28 -6655 -137676 847
3: 28 -8591 -135520 847
1: 28 14641 -123760 847
2: -28 14641 123564 847
3: 28 -17395 -131769 847
4: -28 -18179 131769 847
1: 28 29645 -125961 847
1: 28 38269 -126445 847
4: -28 -41503 129712 847
3: 28 -42955 -129591 847
3: 28 -65219 -129085 847
4: -28 -70543 129052 847
1: 28 73205 -127239 847
1: 28 94501 -127435 847
1: 28 191345 -127776 847
2: -28 199969 127776 847
2: -29 253 -130438 847
4: -29 -791 204974 847
3: 29 -9317 -130284 847
4: -29 -9317 130592 847
1: 29 9359 -117128 847
2: -31 1463 74536 847
2: -31 116039 115192 847
1: 32 5929 -102729 847
2: -32 5929 102245 847
3: 32 -102487 -112637 847
4: -32 -102487 112665 847
1: 32 190729 -111804 847
2: -32 200585 111804 847
1: 33 225 130438 847
2: -33 237 -130438 847
1: 33 441 13310 847
1: 33 1575 -74536 847
2: -33 1659 74536 847
3: 33 -2205 -133100 847
1: 33 11025 -103818 847
2: -33 11613 103818 847
2: -33 43923 107408 847
1: 33 131769 -108290 847
3: 34 -539 -202312 847
4: -34 -539 207636 847
1: 34 1331 -66297 847
2: -34 1331 64141 847
1: 34 17311 -102487 847
2: -34 18263 102487 847
4: -36 -363 243089 847
1: 36 1617 -69212 847
1: 36 3993 -87318 847
3: 36 -17283 -102487 847
4: -36 -18291 102487 847
2: -36 21021 97163 847
2: -36 51909 98637 847
4: -36 -170247 99946 847
2: -36 195657 99374 847
4: -37 -6655 104566 847
3: 38 -1331 -129360 847
4: -38 -1331 131516 847
1: 38 1595 -65219 847
3: 38 -5929 -102245 847
4: -38 -5929 102729 847
1: 38 7105 -87846 847
1: 38 37961 -93170 847
3: 38 -102487 -94850 847
4: -38 -102487 94878 847
1: 38 122815 -94017 847
4: -39 -3267 106722 847
1: 39 43923 -90944 847
2: -39 251559 91784 847
3: 41 -120491 -87846 847
4: -41 -128527 87846 847
2: -42 147 -219615 847
2: -42 165 -186340 847
1: 42 297 55902 847
3: 42 -351 -204974 847
2: -42 363 -38115 847
4: -42 -375 204974 847
4: -42 -735 146410 847
4: -42 -825 139755 847
3: 42 -1323 -117128 847
4: -42 -1617 113135 847
4: -42 -1815 110110 847
3: 42 -3267 -98252 847
2: -42 3675 73205 847
1: 42 3861 -74536 847
4: -42 -3993 96635 847
2: -42 4125 74536 847
2: -42 8085 79860 847
2: -42 9075 80465 847
1: 42 14553 -82522 847
3: 42 -17199 -87846 847
2: -42 17787 82885 847
4: -42 -18375 87846 847
2: -42 19965 83160 847
1: 42 35937 -84238 847
4: -42 -40425 86515 847
3: 42 -42471 -86394 847
2: -42 43923 84385 847
4: -42 -45375 86394 847
4: -42 -88935 85910 847
4: -42 -99825 85855 847
3: 42 -160083 -85668 847
1: 42 189189 -85184 847
4: -42 -195657 85635 847
2: -42 202125 85184 847
4: -42 -219615 85610 847
1: 43 29645 -82038 847
1: 43 102487 -83020 847
2: -43 102487 82992 847
1: 44 1561 -55902 847
2: -44 1673 55902 847
3: 44 -10927 -85184 847
4: -44 -11711 85184 847
1: 44 14641 -78792 847
2: -44 14641 78596 847
3: 44 -102487 -81914 847
4: -44 -102487 81942 847
3: 46 -3871 -87846 847
1: 46 105149 -77616 847
2: -47 245 -87846 847
4: -47 -2387 93170 847
4: -47 -45815 77198 847
3: 48 -231 -232925 847
2: -48 441 -14641 847
3: 48 -1815 -94864 847
1: 48 23961 -73205 847
3: 48 -88935 -75141 847
2: -48 131769 74431 847
1: 48 188265 -74536 847
2: -48 203049 74536 847
1: 49 121 222398 847
2: -49 121 -246114 847
2: -49 143 -196988 847
2: -49 203 -117128 847
2: -49 319 -47916 847
4: -49 -319 194326 847
1: 49 349 29282 847
3: 49 -349 -175692 847
2: -49 377 -29282 847
4: -49 -377 175692 847
1: 49 847 -30976 847
2: -49 847 27588 847
3: 49 -847 -115434 847
4: -49 -847 118822 847
2: -49 1001 34606 847
1: 49 1331 -46332 847
2: -49 1331 44176 847
3: 49 -1331 -100078 847
4: -49 -1331 102234 847
2: -49 1573 48642 847
4: -49 -1573 97768 847
4: -49 -2233 90508 847
1: 49 2443 -58564 847
3: 49 -2443 -87846 847
2: -49 2639 58564 847
4: -49 -2639 87846 847
2: -49 3509 62194 847
4: -49 -3509 84216 847
1: 49 3839 -63888 847
3: 49 -3839 -82522 847
2: -49 4147 63888 847
4: -49 -4147 82522 847
1: 49 9317 -69366 847
2: -49 9317 69058 847
3: 49 -9317 -77044 847
4: -49 -9317 77352 847
2: -49 11011 69696 847
4: -49 -11011 76714 847
1: 49 14641 -70762 847
2: -49 14641 70566 847
3: 49 -14641 -75648 847
4: -49 -14641 75844 847
2: -49 17303 70972 847
4: -49 -17303 75438 847
2: -49 24563 71632 847
4: -49 -24563 74778 847
1: 49 26873 -71874 847
2: -49 29029 71874 847
2: -49 38599 72204 847
4: -49 -38599 74206 847
1: 49 42229 -72358 847
3: 49 -42229 -74052 847
2: -49 45617 72358 847
4: -49 -45617 74052 847
3: 49 -102487 -73554 847
4: -49 -102487 73582 847
2: -49 121121 72886 847
4: -49 -121121 73524 847
2: -49 190333 73002 847
4: -49 -190333 73408 847
2: -51 17787 68244 847
4: -52 -2695 82522 847
1: 52 9317 -65373 847
2: -52 9317 65065 847
2: -52 97405 68607 847
3: 54 -17787 -68244 847
1: 54 26763 -65219 847
2: -54 29139 65219 847
4: -54 -43923 67228 847
1: 56 121 193116 847
2: -56 121 -216832 847
1: 56 3817 -55902 847
2: -56 4169 55902 847
1: 56 5929 -58806 847
2: -56 5929 58322 847
1: 56 14641 -61929 847
2: -56 14641 61733 847
1: 56 187033 -63888 847
2: -56 204281 63888 847
4: -57 -495 130438 847
3: 58 -385 -139755 847
3: 58 -9317 -65065 847
4: -58 -9317 65373 847
1: 58 11737 -59290 847
1: 61 118531 -58564 847
2: -61 130487 58564 847
4: -62 -2009 73205 847
2: -62 11011 55055 847
2: -62 15785 55902 847
4: -62 -86515 58212 847
3: 63 -165 -223608 847
4: -63 -363 140602 847
3: 63 -759 -93170 847
1: 63 1617 -39930 847
1: 63 3993 -50050 847
3: 63 -16905 -58564 847
4: -63 -18669 58564 847
3: 63 -41745 -57596 847
4: -63 -46101 57596 847
1: 63 88935 -56628 847
2: -63 195657 56782 847
1: 63 219615 -56812 847
3: 64 -1463 -74536 847
2: -64 2057 41503 847
1: 64 25289 -54978 847
1: 64 185801 -55902 847
2: -64 205513 55902 847
1: 66 147 123783 847
1: 66 219 65219 847
2: -66 243 -65219 847
1: 66 1533 -37268 847
2: -66 1701 37268 847
1: 66 10731 -51909 847
2: -66 11907 51909 847
1: 66 43923 -53753 847
3: 68 -539 -99825 847
4: -68 -539 105149 847
3: 68 -2035 -65219 847
3: 68 -11011 -55055 847
1: 68 46585 -52206 847
1: 68 219373 -52635 847
4: -69 -1617 69212 847
2: -69 43923 51352 847
2: -72 105 -204974 847
3: 72 -1551 -65219 847
2: -72 1617 33275 847
3: 72 -3927 -55902 847
2: -72 3993 43120 847
1: 72 195657 -49698 847
1: 73 14641 -47530 847
2: -73 14641 47334 847
3: 76 -1331 -64141 847
4: -76 -1331 66297 847
3: 76 -102487 -47418 847
4: -76 -102487 47446 847
2: -77 343 -26620 847
4: -77 -343 119790 847
1: 77 1519 -31944 847
3: 77 -1519 -61226 847
2: -77 1715 31944 847
4: -77 -1715 61226 847
1: 77 14641 -45066 847
2: -77 14641 44870 847
3: 77 -14641 -48104 847
4: -77 -14641 48300 847
2: -77 73205 46242 847
4: -77 -73205 46928 847
3: 78 -36729 -46585 847
2: -78 43923 45423 847
3: 78 -59895 -46354 847
1: 81 3003 -37268 847
2: -81 27951 43428 847
1: 81 243573 -44198 847
3: 82 -116473 -43923 847
4: -82 -132545 43923 847
3: 84 -339 -102487 847
4: -84 -387 102487 847
1: 84 3729 -37268 847
2: -84 4257 37268 847
3: 84 -16611 -43923 847
4: -84 -18963 43923 847
3: 84 -41019 -43197 847
4: -84 -46827 43197 847
1: 84 182721 -42592 847
2: -84 208593 42592 847
1: 86 102487 -41517 847
2: -86 102487 41489 847
3: 87 -4851 -45254 847
3: 88 -215 -130438 847
4: -88 -247 130438 847
1: 88 1505 -27951 847
2: -88 1729 27951 847
3: 88 -10535 -42592 847
4: -88 -12103 42592 847
1: 88 14641 -39445 847
2: -88 14641 39249 847
3: 88 -102487 -40950 847
4: -88 -102487 40978 847
3: 91 -121 -193116 847
4: -91 -121 216832 847
1: 91 40777 -38962 847
2: -91 47069 38962 847
2: -92 1925 27951 847
3: 93 -3993 -43120 847
4: -93 -251559 38654 847
1: 96 9801 -35574 847
1: 96 180873 -37268 847
2: -96 210441 37268 847
3: 97 -65219 -37246 847
4: -97 -65219 37290 847
1: 98 67 219615 847
2: -98 119 -131769 847
1: 98 121 105270 847
2: -98 121 -128986 847
3: 98 -121 -178475 847
4: -98 -121 202191 847
2: -98 161 -87846 847
4: -98 -161 161051 847
2: -98 187 -70543 847
4: -98 -187 143748 847
2: -98 253 -42592 847
4: -98 -253 115797 847
1: 98 335 14641 847
3: 98 -335 -87846 847
1: 98 385 7986 847
3: 98 -385 -81191 847
2: -98 391 -14641 847
4: -98 -391 87846 847
3: 98 -469 -73205 847
1: 98 605 -8228 847
3: 98 -605 -64977 847
1: 98 737 -13310 847
3: 98 -737 -59895 847
1: 98 847 -16335 847
2: -98 847 12947 847
3: 98 -847 -56870 847
4: -98 -847 60258 847
2: -98 1309 21296 847
4: -98 -1309 51909 847
1: 98 1331 -23705 847
2: -98 1331 21549 847
3: 98 -1331 -49500 847
4: -98 -1331 51656 847
2: -98 1771 25289 847
4: -98 -1771 47916 847
2: -98 2057 26862 847
4: -98 -2057 46343 847
1: 98 2345 -29282 847
3: 98 -2345 -43923 847
2: -98 2737 29282 847
4: -98 -2737 43923 847
2: -98 2783 29403 847
4: -98 -2783 43802 847
1: 98 3685 -31944 847
3: 98 -3685 -41261 847
1: 98 4235 -32549 847
2: -98 4301 31944 847
4: -98 -4301 41261 847
1: 98 5159 -33275 847
3: 98 -5159 -39930 847
1: 98 6655 -34023 847
3: 98 -6655 -39182 847
1: 98 8107 -34485 847
3: 98 -8107 -38720 847
1: 98 9317 -34760 847
2: -98 9317 34452 847
3: 98 -9317 -38445 847
4: -98 -9317 38753 847
2: -98 14399 35211 847
4: -98 -14399 37994 847
1: 98 14641 -35430 847
2: -98 14641 35234 847
3: 98 -14641 -37775 847
4: -98 -14641 37971 847
4: -98 -19481 37631 847
2: -98 22627 35717 847
4: -98 -22627 37488 847
1: 98 25795 -35937 847
2: -98 30107 35937 847
2: -98 30613 35948 847
4: -98 -30613 37257 847
1: 98 40535 -36179 847
3: 98 -40535 -37026 847
1: 98 46585 -36234 847
3: 98 -46585 -36971 847
2: -98 47311 36179 847
4: -98 -47311 37026 847
1: 98 56749 -36300 847
3: 98 -56749 -36905 847
1: 98 73205 -36368 847
3: 98 -73205 -36837 847
1: 98 89177 -36410 847
3: 98 -89177 -36795 847
3: 98 -102487 -36770 847
4: -98 -102487 36798 847
2: -98 158389 36476 847
2: -98 214291 36509 847
4: -98 -214291 36696 847
2: -98 248897 36522 847
4: -98 -248897 36683 847
3: 99 -147 -151734 847
1: 99 10437 -34606 847
2: -99 12201 34606 847
4: -102 -2205 43923 847
1: 102 2793 -29282 847
1: 102 17787 -34243 847
3: 106 -2057 -41503 847
3: 107 -91 -204974 847
3: 108 -1155 -46585 847
4: -108 -17787 34243 847
3: 108 -43923 -33565 847
3: 108 -250635 -33275 847
1: 112 121 90629 847
2: -112 121 -114345 847
4: -112 -2695 38599 847
1: 112 3641 -27951 847
2: -112 4345 27951 847
1: 112 5929 -29524 847
2: -112 5929 29040 847
4: -112 -9559 33880 847
1: 112 178409 -31944 847
2: -112 212905 31944 847
4: -114 -3003 37268 847
4: -114 -51909 31801 847
2: -116 39809 30492 847
4: -117 -147 146410 847
4: -119 -539 61226 847
1: 119 1331 -19712 847
2: -119 1331 17556 847
1: 119 16121 -29282 847
2: -119 19453 29282 847
4: -119 -48037 30492 847
1: 121 49 248534 847
1: 121 133 72842 847
3: 121 -133 -132132 847
2: -121 161 -72842 847
4: -121 -161 132132 847
1: 121 931 -15004 847
3: 121 -931 -44286 847
2: -121 1127 15004 847
4: -121 -1127 44286 847
1: 121 14641 -28714 847
2: -121 14641 28518 847
3: 121 -14641 -30576 847
4: -121 -14641 30772 847
1: 121 102487 -29512 847
2: -121 102487 29484 847
3: 121 -102487 -29778 847
4: -121 -102487 29806 847
4: -122 -67397 29645 847
1: 122 112553 -29282 847
2: -122 136465 29282 847
3: 123 -112455 -29282 847
4: -123 -136563 29282 847
3: 126 -147 -117128 847
3: 126 -363 -64372 847
4: -126 -1029 43923 847
2: -126 3993 24486 847
3: 126 -16023 -29282 847
4: -126 -19551 29282 847
3: 126 -39567 -28798 847
2: -126 75867 28259 847
1: 126 195657 -28402 847
2: -127 6655 25872 847
1: 128 175945 -27951 847
2: -128 215369 27951 847
1: 129 147 58564 847
4: -129 -11979 29106 847
1: 131 44891 -27104 847
3: 132 -63 -223608 847
4: -132 -735 47916 847
1: 132 1449 -18634 847
2: -132 1785 18634 847
4: -132 -2499 33275 847
4: -132 -219615 27244 847
3: 133 -1331 -36190 847
4: -133 -1331 38346 847
3: 133 -5929 -29040 847
4: -133 -5929 29524 847
1: 133 7865 -25410 847
1: 133 35035 -26620 847
4: -134 -44891 27104 847
3: 138 -1617 -33275 847
1: 138 43923 -25725 847
2: -142 2695 19965 847
1: 142 7381 -23716 847
4: -142 -95711 25410 847
1: 143 10045 -23958 847
2: -143 12593 23958 847
1: 144 3993 -22099 847
4: -144 -37191 25289 847
2: -144 195657 24838 847
1: 146 14641 -23814 847
2: -146 14641 23618 847
2: -147 81 -146410 847
3: 147 -231 -71874 847
3: 147 -321 -58564 847
1: 147 363 5808 847
4: -147 -405 58564 847
4: -147 -891 39930 847
3: 147 -2247 -29282 847
1: 147 2541 -20086 847
4: -147 -2835 29282 847
1: 147 3531 -21296 847
3: 147 -3993 -27148 847
2: -147 4455 21296 847
4: -147 -6237 26620 847
2: -147 9801 22990 847
1: 147 24717 -23958 847
2: -147 31185 23958 847
3: 147 -38841 -24684 847
1: 147 43923 -24152 847
4: -147 -49005 24684 847
2: -147 68607 24200 847
4: -147 -107811 24530 847
3: 148 -6655 -25872 847
3: 152 -102487 -23702 847
4: -152 -102487 23730 847
1: 154 49 189002 847
2: -154 49 -247566 847
3: 154 -49 -235587 847
1: 154 1421 -15972 847
3: 154 -1421 -30613 847
2: -154 1813 15972 847
4: -154 -1813 30613 847
1: 154 14641 -22582 847
2: -154 14641 22386 847
3: 154 -14641 -24003 847
4: -154 -14641 24199 847
2: -156 53361 22748 847
3: 157 -9163 -23958 847
3: 158 -1925 -27951 847
3: 159 -53361 -22748 847
1: 161 38357 -22022 847
2: -161 49489 22022 847
1: 162 27951 -21791 847
4: -163 -7381 23716 847
1: 164 49 175692 847
2: -164 49 -234256 847
2: -166 143 -65219 847
2: -167 67375 21296 847
4: -167 -153065 21560 847
1: 168 1089 -12705 847
2: -168 4521 18634 847
1: 168 131769 -21280 847
1: 168 169785 -21296 847
2: -168 221529 21296 847
2: -172 29645 20449 847
1: 174 67881 -20482 847
3: 176 -199 -65219 847
4: -176 -263 65219 847
3: 176 -9751 -21296 847
4: -176 -12887 21296 847
3: 176 -102487 -20468 847
4: -176 -102487 20496 847
3: 178 -29645 -20449 847
3: 182 -121 -90629 847
4: -182 -121 114345 847
4: -182 -2695 23958 847
1: 182 37631 -19481 847
4: -182 -44737 19965 847
2: -182 50215 19481 847
2: -183 11781 18634 847
1: 184 4961 -17787 847
1: 186 99 65219 847
4: -186 -3993 22099 847
1: 188 245 14641 847
4: -189 -17787 19602 847
3: 189 -43923 -19166 847
1: 191 65219 -18656 847
2: -191 65219 18612 847
4: -192 -59895 18865 847
1: 192 166089 -18634 847
2: -192 225225 18634 847
3: 193 -165935 -18634 847
4: -193 -225379 18634 847
3: 194 -65219 -18612 847
4: -194 -65219 18656 847
1: 196 121 46706 847
2: -196 121 -70422 847
3: 196 -307 -43923 847
4: -196 -419 43923 847
3: 196 -847 -27588 847
4: -196 -847 30976 847
3: 196 -1331 -24211 847
4: -196 -1331 26367 847
1: 196 2149 -14641 847
2: -196 2933 14641 847
1: 196 3377 -15972 847
2: -196 4609 15972 847
1: 196 9317 -17457 847
2: -196 9317 17149 847
1: 196 14641 -17764 847
2: -196 14641 17568 847
3: 196 -37147 -18513 847
4: -196 -50699 18513 847
3: 196 -102487 -18378 847
4: -196 -102487 18406 847
1: 198 105 55902 847
4: -198 -147 90508 847
3: 198 -273 -46585 847
1: 198 9555 -17303 847
2: -198 13083 17303 847
1: 198 219615 -18081 847
3: 199 -49 -175692 847
4: -199 -49 234256 847
4: -202 -11935 18634 847
4: -207 -139755 17402 847
3: 208 -2695 -19965 847
3: 209 -102487 -17234 847
4: -209 -102487 17262 847
1: 211 7007 -15972 847
1: 216 33 195657 847
4: -217 -4675 18634 847
3: 217 -41503 -16698 847
4: -222 -735 29282 847
4: -224 -343 43923 847
1: 224 5929 -14883 847
3: 224 -17303 -16401 847
1: 224 161161 -15972 847
2: -224 230153 15972 847
4: -226 -4961 17787 847
1: 231 27 223608 847
2: -231 39 -223608 847
2: -231 147 -47916 847
1: 231 1323 -10648 847
2: -231 1911 10648 847
2: -231 43923 15316 847
3: 234 -147 -58564 847
3: 238 -539 -26620 847
4: -238 -539 31944 847
1: 238 1331 -10395 847
2: -238 1331 8239 847
1: 238 14455 -14641 847
2: -238 21119 14641 847
3: 238 -35695 -15246 847
4: -238 -52151 15246 847
2: -242 35 -241395 847
1: 242 49 109626 847
2: -242 49 -168190 847
3: 242 -49 -139271 847
4: -242 -49 197835 847
1: 242 119 36421 847
3: 242 -119 -66066 847
2: -242 175 -36421 847
4: -242 -175 66066 847
2: -242 245 -21780 847
4: -242 -245 51425 847
1: 242 833 -7502 847
3: 242 -833 -22143 847
2: -242 1225 7502 847
4: -242 -1225 22143 847
1: 242 14641 -14406 847
2: -242 14641 14210 847
3: 242 -14641 -15239 847
4: -242 -14641 15435 847
2: -242 73205 14700 847
4: -242 -73205 14945 847
1: 242 102487 -14763 847
2: -242 102487 14735 847
3: 242 -102487 -14882 847
4: -242 -102487 14910 847
1: 242 248897 -14798 847
3: 242 -248897 -14847 847
4: -244 -7007 15972 847
1: 244 100597 -14641 847
2: -244 148421 14641 847
3: 246 -33 -195657 847
2: -246 83853 14476 847
3: 246 -100401 -14641 847
4: -246 -148617 14641 847
3: 249 -83853 -14476 847
4: -252 -147 73205 847
4: -252 -363 38115 847
1: 252 1617 -10648 847
1: 252 3993 -12782 847
3: 252 -14259 -14641 847
4: -252 -21315 14641 847
3: 252 -35211 -14399 847
4: -252 -52635 14399 847
2: -252 195657 14190 847
3: 253 -1295 -18634 847
4: -253 -1939 18634 847
2: -258 147 -43923 847
2: -259 2299 10164 847
1: 259 100793 -13794 847
1: 263 16709 -13310 847
2: -264 441 -5324 847
1: 264 1281 -9317 847
2: -264 1953 9317 847
2: -264 131769 13524 847
3: 266 -343 -29282 847
3: 266 -1331 -17556 847
4: -266 -1331 19712 847
4: -266 -5929 14883 847
2: -267 66297 13310 847
2: -272 46585 13013 847
1: 273 165 18634 847
3: 273 -30723 -13310 847
1: 273 43923 -13020 847
3: 276 -99 -65219 847
3: 278 -46585 -13013 847
1: 286 8771 -11979 847
2: -286 13867 11979 847
1: 287 49 87846 847
2: -287 49 -146410 847
1: 288 195657 -12430 847
1: 292 14641 -11956 847
2: -292 14641 11760 847
4: -294 -33 243573 847
3: 294 -63 -87846 847
1: 294 99 35937 847
4: -294 -231 45254 847
3: 294 -279 -29282 847
2: -294 363 -8833 847
4: -294 -447 29282 847
1: 294 693 -5324 847
3: 294 -1089 -16577 847
3: 294 -1953 -14641 847
2: -294 2541 9196 847
1: 294 3069 -10648 847
4: -294 -3129 14641 847
4: -294 -3993 14113 847
2: -294 4917 10648 847
3: 294 -7623 -12826 847
1: 294 11979 -11803 847
1: 294 21483 -11979 847
3: 294 -33759 -12342 847
2: -294 34419 11979 847
2: -294 43923 12027 847
4: -294 -54087 12342 847
1: 294 83853 -12144 847
3: 294 -131769 -12237 847
3: 294 -236313 -12221 847
4: -296 -143 65219 847
2: -296 29161 11858 847
4: -297 -43923 12250 847
1: 302 234377 -11858 847
3: 303 -234135 -11858 847
3: 304 -102487 -11844 847
4: -304 -102487 11872 847
1: 308 25 167706 847
2: -308 41 -167706 847
1: 308 49 79860 847
2: -308 49 -138424 847
1: 308 245 6655 847
1: 308 1225 -7986 847
2: -308 2009 7986 847
1: 308 14641 -11340 847
2: -308 14641 11144 847
1: 308 73205 -11585 847
4: -309 -29403 11858 847
3: 313 -14641 -11760 847
4: -313 -14641 11956 847
2: -316 10241 10648 847
2: -316 222277 11319 847
2: -318 63 -102487 847
2: -319 833 2662 847
4: -322 -605 22869 847
4: -322 -17303 11550 847
1: 322 32791 -11011 847
1: 328 49 73205 847
2: -328 49 -131769 847
3: 328 -55055 -11011 847
1: 336 2937 -9317 847
2: -336 5049 9317 847
1: 336 143913 -10648 847
2: -336 247401 10648 847
1: 338 35 102487 847
2: -342 5775 9317 847
1: 343 77 39930 847
2: -343 77 -77198 847
3: 343 -4235 -11374 847
3: 343 -20405 -10648 847
4: -343 -35497 10648 847
1: 343 102487 -10420 847
2: -343 102487 10392 847
3: 349 -10241 -10648 847
2: -351 119427 10164 847
3: 352 -8183 -10648 847
4: -352 -14455 10648 847
3: 352 -102487 -10227 847
4: -352 -102487 10255 847
3: 354 -119427 -10164 847
2: -357 17787 9680 847
3: 357 -31581 -10164 847
4: -357 -56265 10164 847
1: 362 6083 -9317 847
3: 363 -15 -249018 847
1: 363 21 160930 847
4: -363 -27 249018 847
3: 363 -105 -44044 847
1: 363 147 14520 847
4: -363 -189 44044 847
3: 363 -735 -14762 847
4: -363 -1323 14762 847
1: 363 43923 -9800 847
3: 363 -219615 -9898 847
3: 364 -407 -18634 847
1: 366 35937 -9702 847
2: -371 3773 7986 847
2: -374 1127 3993 847
1: 378 33 93170 847
1: 378 1815 -7623 847
3: 378 -17787 -9680 847
4: -378 -43923 9632 847
1: 382 65219 -9339 847
2: -382 65219 9295 847
1: 384 136521 -9317 847
2: -384 254793 9317 847
3: 386 -136213 -9317 847
4: -386 -255101 9317 847
3: 388 -35 -102487 847
3: 388 -65219 -9295 847
4: -388 -65219 9339 847
2: -392 25 -234256 847
4: -392 -55 119790 847
4: -392 -95 73205 847
1: 392 121 17424 847
2: -392 121 -41140 847
4: -392 -175 43923 847
2: -392 209 -19965 847
2: -392 385 -6655 847
3: 392 -847 -12947 847
4: -392 -847 16335 847
4: -392 -1463 13310 847
1: 392 2761 -7986 847
2: -392 3025 7139 847
2: -392 5225 7986 847
4: -392 -6655 10065 847
4: -392 -11495 9680 847
1: 392 14641 -8931 847
2: -392 14641 8735 847
4: -392 -21175 9438 847
2: -392 25289 8910 847
2: -392 46585 9020 847
2: -392 80465 9075 847
3: 392 -102487 -9182 847
4: -392 -102487 9210 847
4: -392 -177023 9185 847
3: 396 -147 -30613 847
3: 398 -49 -73205 847
4: -398 -49 131769 847
2: -402 19965 8624 847
3: 406 -2299 -10164 847
4: -408 -63 102487 847
3: 408 -5775 -9317 847
4: -413 -219373 8712 847
1: 418 1519 -6655 847
3: 418 -102487 -8610 847
4: -418 -102487 8638 847
3: 423 -19965 -8624 847
4: -428 -6083 9317 847
1: 429 7497 -7986 847
2: -429 15141 7986 847
2: -429 43923 8232 847
3: 434 -2629 -9317 847
4: -434 -5357 9317 847
2: -438 27489 7986 847
2: -441 231 -15972 847
4: -441 -363 23474 847
3: 441 -2541 -9196 847
1: 441 3993 -7458 847
1: 441 18249 -7986 847
3: 441 -28677 -8228 847
2: -441 37653 7986 847
4: -441 -59169 8228 847
2: -442 182347 8085 847
3: 448 -55 -55902 847
3: 448 -5687 -8470 847
1: 448 126665 -7986 847
1: 451 49 45254 847
2: -451 49 -103818 847
2: -452 77077 7865 847
3: 458 -77077 -7865 847
4: -459 -43923 7938 847
2: -462 45 -111804 847
4: -462 -441 19965 847
1: 462 1029 -5324 847
2: -462 2205 5324 847
1: 462 43923 -7707 847
4: -462 -131769 7805 847
4: -468 -147 43923 847
1: 473 102487 -7560 847
2: -473 102487 7532 847
3: 476 -539 -11979 847
4: -476 -539 17303 847
3: 476 -27467 -7623 847
4: -476 -60379 7623 847
3: 477 -91839 -7546 847
4: -483 -1617 10648 847
2: -483 43923 7308 847
1: 484 13 171941 847
2: -484 29 -171941 847
1: 484 49 40172 847
2: -484 49 -98736 847
3: 484 -91 -33033 847
4: -484 -203 33033 847
1: 484 637 -3751 847
2: -484 1421 3751 847
1: 484 14641 -7252 847
2: -484 14641 7056 847
3: 484 -102487 -7434 847
4: -484 -102487 7462 847
1: 484 190333 -7399 847
2: -492 8085 6655 847
2: -497 2695 5324 847
2: -504 1617 3993 847
2: -504 3993 5852 847
1: 504 195657 -7106 847
4: -504 -231231 7139 847
3: 506 -973 -9317 847
4: -506 -2261 9317 847
1: 511 14641 -6874 847
2: -511 14641 6678 847
2: -517 245 -13310 847
3: 518 -6655 -7238 847
3: 532 -1331 -8239 847
4: -532 -1331 10395 847
2: -532 55517 6655 847
3: 538 -245 -14641 847
1: 538 157927 -6655 847
1: 539 19 95832 847
3: 539 -19 -109142 847
2: -539 47 -95832 847
4: -539 -47 109142 847
1: 539 133 7986 847
3: 539 -133 -21296 847
2: -539 329 -7986 847
4: -539 -329 21296 847
1: 539 14641 -6522 847
2: -539 14641 6326 847
3: 539 -14641 -6788 847
4: -539 -14641 6984 847
3: 539 -102487 -6674 847
4: -539 -102487 6702 847
1: 546 9 204974 847
2: -546 43923 6461 847
1: 546 53361 -6534 847
3: 558 -8085 -6655 847
1: 574 49 29282 847
2: -574 49 -87846 847
2: -576 195657 6204 847
3: 579 -195657 -6204 847
4: -581 -23 204974 847
1: 584 14641 -6027 847
2: -584 14641 5831 847
3: 588 -15 -117128 847
1: 588 21 73205 847
4: -588 -99 51909 847
1: 588 165 3993 847
3: 588 -195 -14641 847
3: 588 -231 -13310 847
4: -588 -531 14641 847
2: -588 1089 1936 847
3: 588 -1815 -7018 847
1: 588 2145 -5324 847
1: 588 2541 -5445 847
3: 588 -3003 -6655 847
2: -588 5841 5324 847
4: -588 -11979 6479 847
1: 588 19965 -6017 847
3: 588 -23595 -6171 847
1: 588 33033 -6050 847
4: -588 -64251 6171 847
2: -588 131769 6066 847
3: 588 -219615 -6108 847
3: 594 -21 -83853 847
3: 594 -43923 -6076 847
2: -602 29645 5808 847
1: 604 161293 -5929 847
3: 606 -160809 -5929 847
3: 608 -102487 -5915 847
4: -608 -102487 5943 847
1: 616 17 83853 847
1: 616 49 25289 847
1: 616 833 -3993 847
2: -616 2401 3993 847
1: 616 14641 -5719 847
2: -616 14641 5523 847
1: 616 248897 -5817 847
3: 623 -29645 -5808 847
3: 626 -14641 -5831 847
4: -626 -14641 6027 847
4: -636 -14883 5929 847
2: -637 35 -117128 847
3: 637 -121 -17424 847
4: -637 -121 41140 847
1: 637 9317 -5478 847
2: -637 9317 5170 847
1: 637 21901 -5566 847
2: -637 65945 5566 847
2: -651 99 -37268 847
3: 651 -3993 -5852 847
4: -658 -319 18634 847
1: 658 207515 -5445 847
1: 666 21021 -5324 847
4: -672 -1815 7623 847
1: 672 92169 -5324 847
4: -678 -441 14641 847
3: 679 -65219 -5302 847
4: -679 -65219 5346 847
1: 686 77 10648 847
2: -686 77 -47916 847
2: -686 3311 3993 847
3: 686 -12859 -5324 847
4: -686 -43043 5324 847
1: 686 102487 -5217 847
2: -686 102487 5189 847
1: 693 15 74536 847
2: -693 51 -74536 847
3: 693 -147 -13310 847
4: -699 -21021 5324 847
3: 704 -5047 -5324 847
4: -704 -17591 5324 847
2: -712 121121 5005 847
1: 714 17787 -4961 847
3: 714 -19239 -5082 847
3: 718 -121121 -5005 847
3: 726 -9 -124509 847
2: -726 21 -182952 847
3: 726 -63 -22022 847
2: -726 147 -21901 847
3: 726 -441 -7381 847
3: 726 -131769 -4949 847
3: 728 -2695 -5324 847
2: -742 275 -9317 847
1: 748 5 195657 847
2: -756 33 -111804 847
4: -756 -17787 4961 847
3: 756 -43923 -4767 847
1: 759 43923 -4704 847
4: -763 -10043 5082 847
3: 784 -7 -131769 847
1: 784 121 2783 847
2: -784 121 -26499 847
1: 784 1529 -3993 847
2: -784 6457 3993 847
3: 784 -102487 -4584 847
4: -784 -102487 4612 847
1: 791 11 74536 847
1: 798 3267 -4235 847
1: 803 14641 -4410 847
2: -803 14641 4214 847
4: -819 -147 29282 847
3: 826 -11 -74536 847
1: 833 5 146410 847
1: 833 1331 -3740 847
2: -833 1331 1584 847
3: 833 -15125 -4356 847
1: 833 46585 -4290 847
4: -833 -72721 4356 847
3: 836 -102487 -4298 847
4: -836 -102487 4326 847
2: -842 13475 3993 847
2: -842 143143 4235 847
1: 847 49 10406 847
2: -847 49 -68970 847
3: 847 -49 -18876 847
4: -847 -49 77440 847
2: -847 245 -10406 847
4: -847 -245 18876 847
1: 847 14641 -4186 847
2: -847 14641 3990 847
3: 847 -14641 -4284 847
4: -847 -14641 4480 847
2: -847 73205 4186 847
4: -847 -73205 4284 847
3: 848 -143143 -4235 847
1: 858 3675 -3993 847
2: -858 18963 3993 847
1: 858 43923 -4165 847
4: -861 -33 111804 847
2: -868 25333 3993 847
2: -882 105 -29282 847
4: -882 -165 25289 847
1: 882 231 -1331 847
3: 882 -363 -5808 847
4: -882 -1353 6655 847
4: -882 -2541 5445 847
2: -882 3993 3190 847
1: 882 8547 -3993 847
3: 882 -13431 -4114 847
2: -882 47355 3993 847
4: -882 -74415 4114 847
4: -882 -139755 4092 847
2: -882 219615 4051 847
2: -894 179487 3993 847
1: 896 57673 -3993 847
2: -897 43923 3920 847
1: 902 49 7986 847
2: -902 49 -66550 847
3: 908 -13475 -3993 847
2: -914 22627 3773 847
3: 918 -43923 -3920 847
1: 924 9 55902 847
2: -924 57 -55902 847
1: 924 441 -2662 847
2: -924 2793 2662 847
1: 924 131769 -3878 847
2: -931 37 -87846 847
3: 931 -77 -10648 847
4: -931 -77 47916 847
3: 931 -1331 -4246 847
4: -931 -1331 6402 847
2: -931 2849 2662 847
2: -931 49247 3784 847
3: 931 -102487 -3858 847
4: -931 -102487 3886 847
1: 946 102487 -3787 847
2: -946 102487 3759 847
3: 956 -22627 -3773 847
1: 957 21 18634 847
4: -966 -99 37268 847
3: 966 -1617 -3993 847
1: 966 43923 -3703 847
3: 968 -7 -67760 847
1: 968 49 5445 847
2: -968 49 -64009 847
1: 968 14641 -3675 847
2: -968 14641 3479 847
3: 968 -102487 -3710 847
4: -968 -102487 3738 847
1: 1008 3993 -3465 847
3: 1012 -7 -55902 847
1: 1022 14641 -3486 847
2: -1022 14641 3290 847
3: 1029 -27951 -3498 847
4: -1067 -35 93170 847
3: 1071 -6897 -3388 847
4: -1071 -80949 3388 847
1: 1078 1 252890 847
1: 1078 5 47916 847
3: 1078 -5 -54571 847
1: 1078 7 33275 847
3: 1078 -7 -39930 847
1: 1078 35 3993 847
3: 1078 -35 -10648 847
2: -1078 61 -47916 847
4: -1078 -61 54571 847
2: -1078 427 -3993 847
4: -1078 -427 10648 847
1: 1078 14641 -3310 847
2: -1078 14641 3114 847
3: 1078 -14641 -3345 847
4: -1078 -14641 3541 847
1: 1078 73205 -3324 847
3: 1078 -73205 -3331 847
3: 1078 -102487 -3330 847
4: -1078 -102487 3358 847
3: 1089 -3 -83006 847
4: -1089 -39 83006 847
4: -1089 -147 24442 847
4: -1092 -3267 4235 847
4: -1119 -107811 3234 847
3: 1127 -7 -29282 847
4: -1127 -605 8228 847
1: 1127 4961 -3146 847
2: -1127 82885 3146 847
2: -1148 49 -58564 847
1: 1152 195657 -3113 847
4: -1158 -195657 3113 847
4: -1176 -231 15972 847
1: 1176 297 -2662 847
2: -1176 7689 2662 847
1: 1176 35937 -3047 847
4: -1188 -43923 3087 847
3: 1274 -121 -2783 847
4: -1274 -121 26499 847
1: 1274 9317 -2816 847
2: -1274 9317 2508 847
2: -1274 87967 2783 847
3: 1287 -147 -2662 847
2: -1287 22785 2662 847
2: -1288 23177 2662 847
4: -1302 -3993 3465 847
2: -1323 33 -82522 847
3: 1323 -1155 -2662 847
3: 1323 -43923 -2710 847
2: -1323 57057 2662 847
1: 1331 1 -67914 847
3: 1331 -1 62524 847
1: 1331 7 -12012 847
3: 1331 -7 6622 847
2: -1331 43 -62524 847
4: -1331 -43 67914 847
1: 1331 49 -4026 847
2: -1331 49 -54538 847
3: 1331 -49 -1364 847
4: -1331 -49 59928 847
2: -1331 301 -6622 847
4: -1331 -301 12012 847
1: 1331 1331 -2744 847
2: -1331 1331 588 847
3: 1331 -1331 -2646 847
4: -1331 -1331 4802 847
2: -1331 2107 1364 847
4: -1331 -2107 4026 847
1: 1331 9317 -2702 847
2: -1331 9317 2394 847
3: 1331 -9317 -2688 847
4: -1331 -9317 2996 847
2: -1331 57233 2646 847
4: -1331 -57233 2744 847
1: 1331 65219 -2696 847
2: -1331 65219 2652 847
3: 1331 -65219 -2694 847
4: -1331 -65219 2738 847
1: 1337 65219 -2684 847
2: -1337 65219 2640 847
2: -1339 165473 2662 847
4: -1342 -175 18634 847
3: 1344 -11319 -2662 847
3: 1347 -82467 -2662 847
1: 1348 83545 -2662 847
1: 1351 12397 -2662 847
1: 1356 131769 -2646 847
4: -1356 -166551 2662 847
3: 1358 -65219 -2640 847
4: -1358 -65219 2684 847
1: 1372 77 -3993 847
2: -1372 77 -33275 847
1: 1372 2233 -2662 847
4: -1372 -4235 3267 847
4: -1372 -58135 2662 847
3: 1386 -3 37268 847
2: -1386 69 -37268 847
4: -1386 -147 21296 847
4: -1393 -49 58564 847
4: -1407 -24255 2662 847
1: 1408 1225 -2662 847
4: -1408 -23863 2662 847
1: 1412 239701 -2541 847
4: -1418 -239701 2541 847
2: -1419 147 -15972 847
3: 1421 -9317 -2508 847
4: -1421 -9317 2816 847
1: 1428 5445 -2541 847
4: -1428 -93291 2541 847
2: -1442 55 -46585 847
1: 1452 21 -11011 847
4: -1452 -315 11011 847
2: -1452 441 -3630 847
2: -1452 131769 2450 847
3: 1463 -1 186340 847
3: 1474 -1 195657 847
2: -1502 73205 2352 847
1: 1512 33 -9317 847
2: -1518 39 -65219 847
2: -1518 43923 2303 847
1: 1519 781 -2662 847
4: -1519 -8767 2662 847
3: 1523 -73205 -2352 847
3: 1568 -55 2662 847
1: 1568 2057 -2420 847
3: 1568 -102487 -2285 847
4: -1568 -102487 2313 847
1: 1573 35 -10164 847
4: -1573 -329 10164 847
1: 1582 11 -27951 847
2: -1582 11 -232925 847
1: 1606 14641 -2254 847
2: -1606 14641 2058 847
3: 1617 -9 31944 847
4: -1617 -15 173030 847
2: -1617 21 -119790 847
3: 1617 -63 2662 847
2: -1617 75 -31944 847
4: -1617 -105 26620 847
2: -1617 525 -2662 847
2: -1617 43923 2160 847
3: 1617 -131769 -2216 847
4: -1617 -219615 2230 847
1: 1628 5 -65219 847
1: 1628 190333 -2205 847
3: 1652 -11 27951 847
4: -1652 -11 232925 847
4: -1659 -160083 2178 847
1: 1666 1331 -2409 847
2: -1666 1331 253 847
1: 1666 13673 -2178 847
4: -1666 -101519 2178 847
1: 1667 81191 -2156 847
3: 1672 -102487 -2142 847
4: -1672 -102487 2170 847
4: -1688 -81191 2156 847
1: 1694 49 -9438 847
3: 1694 -49 5203 847
2: -1694 343 -5203 847
4: -1694 -343 9438 847
1: 1694 14641 -2142 847
2: -1694 14641 1946 847
3: 1694 -14641 -2093 847
4: -1694 -14641 2289 847
3: 1722 -33 9317 847
4: -1722 -5445 2541 847
3: 1736 -41503 -2057 847
2: -1749 63 -37268 847
3: 1764 -3 131769 847
4: -1764 -363 8833 847
4: -1764 -3927 2662 847
1: 1764 3993 -2134 847
1: 1764 17061 -2057 847
4: -1764 -104907 2057 847
1: 1771 637 -2662 847
4: -1771 -3871 2662 847
1: 1778 6655 -2079 847
2: -1782 735 -1331 847
4: -1792 -55 46585 847
1: 1794 43923 -2009 847
1: 1804 49 -10648 847
2: -1804 49 -47916 847
2: -1806 147 -14641 847
1: 1813 5 -87846 847
3: 1813 -6655 -1914 847
2: -1827 88935 1936 847
4: -1836 -43923 2009 847
3: 1848 -15 27951 847
2: -1848 81 -27951 847
3: 1848 -735 -1331 847
2: -1848 3969 1331 847
3: 1848 -219615 -1939 847
3: 1862 -77 3993 847
4: -1862 -77 33275 847
3: 1862 -1331 -1584 847
4: -1862 -1331 3740 847
2: -1862 21659 1815 847
3: 1862 -102487 -1922 847
4: -1862 -102487 1950 847
4: -1911 -693 5324 847
1: 1911 43923 -1888 847
2: -1914 21 -111804 847
3: 1936 -7 68607 847
4: -1936 -102487 1876 847
3: 1939 -254221 -1848 847
1: 1969 7 -74536 847
2: -1974 4851 1331 847
4: -2002 -17 139755 847
1: 2016 195657 -1782 847
3: 2024 -7 74536 847
1: 2044 14641 -1792 847
2: -2044 14641 1596 847
1: 2058 7623 -1815 847
4: -2058 -27951 1826 847
1: 2068 245 -3993 847
4: -2072 -6655 2079 847
4: -2079 -43923 1778 847
3: 2093 -28435 -1694 847
2: -2093 116281 1694 847
1: 2112 9 -65219 847
1: 2142 30129 -1694 847
4: -2142 -117975 1694 847
3: 2156 -7 82522 847
3: 2156 -23 23958 847
2: -2156 89 -23958 847
1: 2156 161 -5324 847
4: -2156 -623 5324 847
1: 2156 14641 -1704 847
2: -2156 14641 1508 847
3: 2156 -102487 -1658 847
4: -2156 -102487 1686 847
1: 2178 15 -41503 847
4: -2178 -57 41503 847
3: 2178 -147 2420 847
3: 2189 -49 10648 847
4: -2189 -49 47916 847
3: 2191 -14641 -1596 847
4: -2191 -14641 1792 847
1: 2234 54571 -1617 847
4: -2244 -63 37268 847
3: 2254 -7 87846 847
4: -2254 -53 43923 847
2: -2254 16093 1452 847
3: 2254 -34001 -1573 847
2: -2254 121847 1573 847
4: -2276 -54571 1617 847
1: 2296 49 -14641 847
2: -2296 49 -43923 847
3: 2299 -102487 -1554 847
4: -2299 -102487 1582 847
3: 2352 -231 1331 847
3: 2352 -3399 -1331 847
4: -2352 -7623 1815 847
2: -2352 11385 1331 847
4: -2352 -59895 1562 847
4: -2376 -1911 2662 847
2: -2398 203 -9317 847
3: 2401 -16093 -1452 847
3: 2436 -4851 -1331 847
4: -2492 -275 9317 847
1: 2499 42471 -1452 847
4: -2499 -130317 1452 847
1: 2541 3 -240548 847
4: -2541 -9 240548 847
1: 2541 147 -6292 847
4: -2541 -441 6292 847
1: 2541 43923 -1428 847
4: -2541 -131769 1428 847
1: 2548 9317 -1485 847
2: -2548 9317 1177 847
3: 2569 -70543 -1386 847
4: -2574 -147 15972 847
3: 2574 -11613 -1331 847
2: -2574 34251 1331 847
2: -2592 40425 1331 847
4: -2597 -2057 2420 847
2: -2597 190333 1370 847
1: 2618 5 -149072 847
1: 2646 33 -23958 847
3: 2646 -30261 -1331 847
4: -2646 -43923 1404 847
2: -2646 86163 1331 847
3: 2658 -40425 -1331 847
1: 2662 7 -108493 847
3: 2662 -7 105798 847
2: -2662 13 -161700 847
4: -2662 -13 164395 847
1: 2662 23 -33957 847
3: 2662 -23 31262 847
2: -2662 35 -59213 847
4: -2662 -35 61908 847
1: 2662 49 -16654 847
2: -2662 49 -41910 847
3: 2662 -49 13959 847
4: -2662 -49 44605 847
2: -2662 65 -31262 847
4: -2662 -65 33957 847
2: -2662 91 -21945 847
4: -2662 -91 24640 847
1: 2662 161 -6006 847
3: 2662 -161 3311 847
2: -2662 245 -7304 847
4: -2662 -245 9999 847
2: -2662 455 -3311 847
4: -2662 -455 6006 847
2: -2662 637 -1980 847
4: -2662 -637 4675 847
1: 2662 1127 -2013 847
3: 2662 -1127 -682 847
1: 2662 1331 -1911 847
2: -2662 1331 -245 847
3: 2662 -1331 -784 847
4: -2662 -1331 2940 847
2: -2662 3185 682 847
4: -2662 -3185 2013 847
2: -2662 6655 1029 847
4: -2662 -6655 1666 847
1: 2662 9317 -1428 847
2: -2662 9317 1120 847
3: 2662 -9317 -1267 847
4: -2662 -9317 1575 847
2: -2662 17303 1225 847
4: -2662 -17303 1470 847
1: 2662 30613 -1372 847
3: 2662 -30613 -1323 847
2: -2662 46585 1302 847
4: -2662 -46585 1393 847
1: 2662 65219 -1359 847
2: -2662 65219 1315 847
3: 2662 -65219 -1336 847
4: -2662 -65219 1380 847
2: -2662 86515 1323 847
4: -2662 -86515 1372 847
2: -2662 121121 1330 847
4: -2662 -121121 1365 847
1: 2662 214291 -1351 847
3: 2662 -214291 -1344 847
1: 2674 65219 -1353 847
3: 2688 -218295 -1331 847
1: 2702 220451 -1331 847
4: -2716 -65219 1353 847
1: 2732 42581 -1331 847
1: 2744 32417 -1331 847
4: -2744 -88319 1331 847
3: 2772 -39 18634 847
3: 2772 -147 3993 847
3: 2783 -7 110110 847
3: 2786 -49 14641 847
4: -2786 -49 43923 847
3: 2793 -10527 -1210 847
2: -2793 251559 1276 847
4: -2798 -42581 1331 847
1: 2816 13769 -1331 847
4: -2816 -36407 1331 847
1: 2838 147 -6655 847
4: -2842 -385 6655 847
3: 2842 -9317 -1177 847
4: -2842 -9317 1485 847
2: -2842 39809 1210 847
3: 2891 -11 71874 847
4: -2891 -11 189002 847
1: 2954 7007 -1331 847
1: 3003 9 -93170 847
2: -3003 43923 1148 847
1: 3038 5555 -1331 847
4: -3038 -13541 1331 847
1: 3146 217 -5082 847
4: -3146 -511 5082 847
2: -3157 49 -39930 847
4: -3157 -115 18634 847
1: 3168 105 -9317 847
1: 3212 14641 -1176 847
2: -3212 14641 980 847
4: -3213 -43923 1162 847
2: -3234 9 -220946 847
1: 3234 21 -42592 847
3: 3234 -51 15972 847
2: -3234 63 -30613 847
2: -3234 117 -15972 847
3: 3234 -357 1331 847
2: -3234 819 -1331 847
1: 3234 43923 -1129 847
2: -3234 131769 1094 847
3: 3267 -21 40656 847
4: -3276 -147 14641 847
1: 3318 11979 -1155 847
1: 3332 209 -5324 847
2: -3332 46585 1034 847
1: 3332 71269 -1089 847
4: -3332 -159115 1089 847
3: 3344 -102487 -1064 847
4: -3344 -102487 1092 847
3: 3381 -99 7986 847
2: -3381 43923 1016 847
1: 3388 5 -180411 847
1: 3388 49 -19360 847
2: -3388 49 -39204 847
1: 3388 245 -4719 847
1: 3388 14641 -1120 847
1: 3388 73205 -1071 847
4: -3388 -161051 1071 847
4: -3416 -7007 1331 847
3: 3443 -14641 -980 847
4: -3443 -14641 1176 847
4: -3479 -78529 1056 847
3: 3509 -37 23716 847
2: -3509 79 -23716 847
2: -3528 3993 528 847
1: 3528 12705 -1089 847
1: 3542 2891 -1331 847
4: -3542 -6125 1331 847
1: 3577 14641 -1066 847
2: -3577 14641 870 847
2: -3584 25289 924 847
4: -3597 -15 130438 847
2: -3598 12947 847 847
1: 3608 49 -19965 847
2: -3608 49 -38599 847
4: -3612 -11979 1155 847
1: 3718 35 -27951 847
3: 3724 -1331 -253 847
4: -3724 -1331 2409 847
3: 3724 -102487 -954 847
4: -3724 -102487 982 847
4: -3729 -441 5324 847
3: 3731 -25289 -924 847
3: 3751 -2009 -484 847
2: -3751 4067 484 847
1: 3773 102487 -960 847
2: -3773 102487 932 847
2: -3822 165 -10648 847
4: -3822 -12705 1089 847
2: -3822 43923 895 847
1: 3828 21 -46585 847
4: -3872 -119 16940 847
3: 3872 -102487 -917 847
4: -3872 -102487 945 847
3: 3892 -12947 -847 847
1: 3938 7 -139755 847
2: -3969 27951 836 847
3: 3993 -9 107800 847
2: -3993 21 -89166 847
1: 3993 45 -22638 847
3: 3993 -63 14630 847
4: -3993 -87 22638 847
2: -3993 147 -11968 847
1: 3993 315 -4004 847
3: 3993 -441 1320 847
4: -3993 -609 4004 847
1: 3993 2205 -1342 847
4: -3993 -3993 1372 847
4: -3993 -4263 1342 847
1: 3993 11979 -980 847
4: -3993 -27951 966 847
3: 3993 -59895 -882 847
1: 3993 83853 -910 847
2: -3993 115797 882 847
4: -3993 -195657 908 847
2: -4032 195657 880 847
3: 4048 -7 139755 847
3: 4053 -195657 -880 847
1: 4088 14641 -945 847
2: -4088 14641 749 847
3: 4116 -27951 -836 847
3: 4158 -43923 -840 847
2: -4186 188639 847 847
1: 4214 319 -3993 847
2: -4263 21 -87846 847
4: -4263 -1023 2662 847
2: -4263 67881 814 847
3: 4268 -35 27951 847
4: -4284 -192027 847 847
3: 4312 -7 143748 847
3: 4312 -79 11979 847
2: -4312 145 -11979 847
1: 4312 553 -2662 847
4: -4312 -1015 2662 847
1: 4312 14641 -901 847
2: -4312 14641 705 847
3: 4312 -102487 -822 847
4: -4312 -102487 850 847
4: -4356 -147 13431 847
2: -4368 9 -204974 847
3: 4378 -49 19965 847
4: -4378 -49 38599 847
3: 4382 -14641 -749 847
4: -4382 -14641 945 847
1: 4403 5 -204974 847
2: -4487 62557 770 847
3: 4508 -7 146410 847
1: 4508 1925 -1331 847
4: -4508 -17303 902 847
2: -4527 219615 784 847
3: 4548 -219615 -784 847
3: 4557 -3993 -528 847
1: 4578 16335 -847 847
4: -4598 -102487 798 847
2: -4606 2783 121 847
1: 4704 9 -117128 847
2: -4719 9 -201586 847
1: 4719 399 -3388 847
1: 4719 43923 -784 847
2: -4746 131769 742 847
3: 4753 -35 29282 847
3: 4818 -105 9317 847
3: 4851 -93 10648 847
2: -4851 159 -10648 847
4: -4872 -16335 847 847
1: 4961 49 -22506 847
2: -4961 49 -36058 847
4: -4998 -63 29282 847
1: 4998 128865 -726 847
4: -4998 -216711 726 847
2: -5047 55 -31944 847
1: 5047 70301 -726 847
3: 5049 -43923 -686 847
1: 5082 9 -120274 847
4: -5082 -15 120274 847
2: -5082 147 -11495 847
1: 5082 441 -3146 847
4: -5082 -735 3146 847
2: -5082 43923 665 847
1: 5082 131769 -714 847
4: -5082 -219615 714 847
3: 5148 -147 6655 847
3: 5203 -455 1694 847
2: -5203 749 -1694 847
1: 5203 102487 -700 847
2: -5203 102487 672 847
2: -5257 73205 658 847
2: -5292 33 -53240 847
3: 5292 -43923 -653 847
2: -5292 99825 660 847
1: 5313 43923 -700 847
3: 5324 -7 155386 847
4: -5324 -7 254562 847
1: 5324 49 -22968 847
2: -5324 49 -35596 847
3: 5324 -67 15631 847
2: -5324 109 -15631 847
1: 5324 469 -3003 847
4: -5324 -763 3003 847
3: 5324 -1331 147 847
4: -5324 -1331 2009 847
3: 5324 -3283 -341 847
2: -5324 5341 341 847
1: 5324 9317 -791 847
2: -5324 9317 483 847
3: 5324 -65219 -657 847
4: -5324 -65219 701 847
1: 5324 89177 -686 847
4: -5324 -145079 686 847
1: 5537 11 -101156 847
2: -5537 11 -159720 847
3: 5544 -111 9317 847
2: -5544 177 -9317 847
3: 5566 -7 157542 847
4: -5566 -7 252406 847
4: -5588 -203 9317 847
1: 5621 14641 -714 847
2: -5621 14641 518 847
1: 5628 19965 -693 847
1: 5684 11737 -726 847
2: -5687 245 -6534 847
1: 5698 5 -223608 847
3: 5782 -11 101156 847
4: -5782 -11 159720 847
2: -5852 37 -46585 847
3: 5852 -343 2662 847
3: 5918 -245 3993 847
4: -5922 -19965 693 847
1: 5929 7 -161656 847
2: -5929 7 -248292 847
3: 5929 -7 160446 847
4: -5929 -7 249502 847
2: -5929 17 -101882 847
4: -5929 -17 103092 847
2: -5929 119 -14036 847
2: -5929 14641 486 847
4: -5929 -14641 724 847
4: -5929 -102487 622 847
1: 5929 161051 -612 847
3: 5929 -161051 -598 847
2: -5929 248897 598 847
4: -5929 -248897 612 847
1: 5978 227843 -605 847
1: 6006 43923 -623 847
4: -6027 -33 53240 847
1: 6223 6655 -748 847
4: -6272 -55 31944 847
4: -6272 -52151 605 847
2: -6279 43923 532 847
1: 6292 581 -2541 847
4: -6292 -875 2541 847
1: 6314 49 -23958 847
2: -6314 49 -34606 847
1: 6314 131 -9317 847
4: -6314 -197 9317 847
1: 6424 14641 -637 847
2: -6424 14641 441 847
3: 6426 -43923 -532 847
2: -6468 21 -81191 847
3: 6468 -135 7986 847
1: 6468 189 -6655 847
2: -6468 201 -7986 847
4: -6534 -21 82159 847
4: -6534 -43923 588 847
3: 6664 -2783 -121 847
3: 6688 -102487 -525 847
4: -6688 -102487 553 847
1: 6744 163713 -539 847
4: -6762 -22869 605 847
1: 6762 43923 -557 847
1: 6776 49 -24321 847
2: -6776 49 -34243 847
1: 6776 14641 -609 847
2: -6776 14641 413 847
4: -6786 -163713 539 847
2: -6809 13 -130438 847
1: 6864 9 -130438 847
3: 6886 -14641 -441 847
4: -6886 -14641 637 847
2: -6897 189 -8470 847
2: -6909 57 -29282 847
2: -6909 48279 484 847
2: -7007 35 -47916 847
4: -7007 -43 39930 847
3: 7018 -95 11858 847
2: -7018 137 -11858 847
4: -7056 -39 43923 847
1: 7056 3993 -803 847
3: 7056 -48279 -484 847
1: 7154 41 -29282 847
1: 7154 14641 -582 847
2: -7154 14641 386 847
1: 7172 1421 -1331 847
1: 7238 245 -5324 847
4: -7252 -6655 748 847
1: 7381 4949 -726 847
2: -7392 9 -186340 847
3: 7448 -102487 -470 847
4: -7448 -102487 498 847
1: 7458 131769 -490 847
4: -7497 -165 10648 847
1: 7497 215259 -484 847
3: 7502 -5047 -242 847
2: -7502 7105 242 847
1: 7546 102487 -487 847
2: -7546 102487 459 847
1: 7623 219615 -476 847
4: -7742 -1925 1331 847
1: 7938 27951 -495 847
1: 7952 110473 -462 847
2: -7986 9 -184338 847
1: 7986 21 -57904 847
2: -7986 63 -25949 847
1: 7986 111 -11319 847
1: 7986 147 -8657 847
4: -7986 -153 11319 847
2: -7986 441 -3322 847
1: 7986 777 -2002 847
4: -7986 -1071 2002 847
3: 7986 -3993 -147 847
1: 7986 5439 -671 847
4: -7986 -7497 671 847
4: -7986 -11979 588 847
3: 7986 -27951 -406 847
4: -7986 -83853 469 847
3: 7986 -147741 -441 847
3: 7986 -195657 -443 847
2: -7986 203643 441 847
3: 7987 -209 5324 847
1: 8064 195657 -451 847
4: -8106 -195657 451 847
1: 8228 5 -243089 847
4: -8232 -27951 495 847
4: -8316 -43923 469 847
2: -8349 43923 392 847
2: -8428 216953 418 847
1: 8526 21 -58564 847
4: -8547 -735 2662 847
3: 8624 -7 174361 847
4: -8624 -7 235587 847
1: 8624 1337 -1331 847
4: -8624 -1799 1331 847
3: 8624 -102487 -404 847
4: -8624 -102487 432 847
2: -8712 105 -15246 847
1: 8771 7 -175692 847
2: -8771 7 -234256 847
1: 8833 14641 -490 847
2: -8833 14641 294 847
2: -8954 190333 392 847
3: 9009 -147 7986 847
3: 9016 -7 175692 847
4: -9016 -7 234256 847
1: 9086 343 -3993 847
4: -9114 -3993 803 847
1: 9163 5 -247566 847
3: 9196 -102487 -378 847
4: -9196 -102487 406 847
3: 9261 -21 58564 847
1: 9317 19 -65604 847
3: 9317 -19 64834 847
2: -9317 25 -64834 847
4: -9317 -25 65604 847
1: 9317 49 -25674 847
2: -9317 49 -32890 847
3: 9317 -49 24904 847
4: -9317 -49 33660 847
2: -9317 245 -6270 847
4: -9317 -245 7040 847
1: 9317 931 -1716 847
3: 9317 -931 946 847
2: -9317 1225 -946 847
4: -9317 -1225 1716 847
1: 9317 1331 -1316 847
2: -9317 1331 -840 847
3: 9317 -1331 546 847
4: -9317 -1331 1610 847
2: -9317 6655 140 847
4: -9317 -6655 630 847
1: 9317 25289 -434 847
3: 9317 -25289 -336 847
2: -9317 33275 336 847
4: -9317 -33275 434 847
1: 9317 65219 -404 847
2: -9317 65219 360 847
3: 9317 -65219 -366 847
4: -9317 -65219 410 847
1: 9438 945 -1694 847
4: -9438 -1239 1694 847
2: -9438 43923 343 847
2: -9702 15 -107811 847
3: 9702 -219 5324 847
2: -9702 285 -5324 847
3: 9768 -735 1331 847
1: 9867 43923 -392 847
3: 9898 -17 73205 847
1: 9898 10285 -484 847
3: 9898 -38599 -330 847
1: 9922 49 -25894 847
2: -9922 49 -32670 847
2: -9933 147 -10648 847
2: -9996 957 -1331 847
1: 10024 243089 -363 847
4: -10066 -243089 363 847
4: -10098 -43923 392 847
4: -10164 -27 60137 847
1: 10164 1029 -1573 847
4: -10164 -1323 1573 847
3: 10241 -102487 -338 847
4: -10241 -102487 366 847
1: 10248 35937 -385 847
2: -10264 248897 343 847
3: 10306 -248897 -343 847
3: 10406 -1057 847 847
2: -10406 1351 -847 847
1: 10406 102487 -357 847
2: -10406 102487 329 847
2: -10527 21 -76230 847
4: -10542 -35937 385 847
1: 10584 33 -38599 847
2: -10626 43923 301 847
3: 10648 -7 180180 847
4: -10648 -7 229768 847
3: 10648 -31 40425 847
1: 10648 49 -26125 847
2: -10648 49 -32439 847
1: 10648 217 -6160 847
3: 10648 -1519 495 847
3: 10648 -6655 -147 847
1: 10648 46585 -364 847
1: 10648 206305 -343 847
1: 10878 38115 -363 847
2: -10899 75867 308 847
4: -10927 -10285 484 847
1: 11011 1127 -1452 847
4: -11011 -1421 1452 847
3: 11046 -75867 -308 847
1: 11074 11 -115797 847
2: -11074 11 -145079 847
3: 11132 -7 181258 847
4: -11132 -7 228690 847
4: -11172 -38115 363 847
1: 11242 14641 -406 847
2: -11242 14641 210 847
3: 11564 -11 115797 847
4: -11564 -11 145079 847
2: -11564 23353 242 847
2: -11613 11979 176 847
1: 11616 9 -142296 847
4: -11737 -35 45738 847
3: 11858 -5 255915 847
1: 11858 7 -183315 847
2: -11858 7 -226633 847
3: 11858 -7 182710 847
4: -11858 -7 227238 847
1: 11858 25 -51546 847
3: 11858 -25 50941 847
2: -11858 31 -50941 847
4: -11858 -31 51546 847
1: 11858 35 -36905 847
3: 11858 -35 36300 847
3: 11858 -175 7018 847
2: -11858 217 -7018 847
1: 11858 14641 -390 847
2: -11858 14641 194 847
3: 11858 -14641 -215 847
4: -11858 -14641 411 847
1: 11858 73205 -320 847
3: 11858 -73205 -285 847
3: 11858 -102487 -290 847
4: -11858 -102487 318 847
3: 11979 -147 8426 847
1: 11979 177 -7546 847
4: -11979 -219 7546 847
2: -11979 3993 -98 847
1: 11979 195657 -306 847
3: 11979 -235587 -294 847
3: 12054 -33 38599 847
2: -12152 78529 275 847
4: -12342 -63 25410 847
3: 12397 -7 183678 847
4: -12397 -7 226270 847
4: -12507 -219615 294 847
1: 12558 43923 -315 847
1: 12628 49 -26620 847
2: -12628 49 -31944 847
3: 12642 -11979 -176 847
3: 12782 -23 55902 847
4: -12852 -43923 315 847
4: -12936 -63 25289 847
3: 12936 -303 3993 847
2: -12936 369 -3993 847
3: 13068 -43923 -245 847
1: 13328 46585 -297 847
4: -13552 -343 4840 847
4: -13622 -46585 297 847
3: 14036 -211 5929 847
2: -14112 105 -14641 847
4: -14157 -147 10890 847
1: 14308 14641 -340 847
2: -14308 14641 144 847
2: -14357 199045 242 847
4: -14553 -43923 282 847
1: 14602 91 -14641 847
1: 14641 7 -187432 847
2: -14641 7 -222516 847
3: 14641 -7 186942 847
4: -14641 -7 223006 847
1: 14641 11 -119364 847
2: -14641 11 -141512 847
3: 14641 -11 118874 847
4: -14641 -11 142002 847
1: 14641 13 -101038 847
3: 14641 -13 100548 847
1: 14641 17 -77322 847
3: 14641 -17 76832 847
1: 14641 49 -26986 847
2: -14641 49 -31578 847
3: 14641 -49 26496 847
4: -14641 -49 32068 847
1: 14641 77 -17262 847
2: -14641 77 -20006 847
3: 14641 -77 16772 847
4: -14641 -77 20496 847
1: 14641 91 -14644 847
3: 14641 -91 14154 847
1: 14641 119 -11256 847
3: 14641 -119 10766 847
1: 14641 121 -11074 847
2: -14641 121 -12642 847
3: 14641 -121 10584 847
4: -14641 -121 13132 847
1: 14641 143 -9408 847
3: 14641 -143 8918 847
1: 14641 187 -7252 847
3: 14641 -187 6762 847
1: 14641 221 -6174 847
3: 14641 -221 5684 847
2: -14641 263 -5684 847
4: -14641 -263 6174 847
1: 14641 539 -2676 847
2: -14641 539 -2648 847
3: 14641 -539 2186 847
4: -14641 -539 3138 847
1: 14641 637 -2302 847
3: 14641 -637 1812 847
1: 14641 833 -1818 847
3: 14641 -833 1328 847
1: 14641 847 -1792 847
2: -14641 847 -1596 847
3: 14641 -847 1302 847
4: -14641 -847 2086 847
1: 14641 1001 -1554 847
3: 14641 -1001 1064 847
1: 14641 1309 -1246 847
3: 14641 -1309 756 847
1: 14641 1547 -1092 847
3: 14641 -1547 602 847
3: 14641 -1573 588 847
2: -14641 1841 -602 847
4: -14641 -1841 1092 847
1: 14641 2057 -882 847
3: 14641 -2057 392 847
1: 14641 2431 -784 847
3: 14641 -2431 294 847
2: -14641 2893 -294 847
4: -14641 -2893 784 847
1: 14641 5929 -466 847
2: -14641 5929 -18 847
3: 14641 -5929 -24 847
4: -14641 -5929 508 847
1: 14641 7007 -432 847
3: 14641 -7007 -58 847
1: 14641 9163 -388 847
3: 14641 -9163 -102 847
1: 14641 10829 -366 847
3: 14641 -10829 -124 847
1: 14641 11011 -364 847
3: 14641 -11011 -126 847
2: -14641 12887 124 847
4: -14641 -12887 366 847
1: 14641 14399 -336 847
1: 14641 17017 -322 847
3: 14641 -17017 -168 847
2: -14641 20251 168 847
4: -14641 -20251 322 847
1: 14641 26741 -294 847
3: 14641 -26741 -196 847
2: -14641 31823 196 847
4: -14641 -31823 294 847
1: 14641 77077 -262 847
3: 14641 -77077 -228 847
1: 14641 100793 -258 847
3: 14641 -100793 -232 847
1: 14641 119119 -256 847
3: 14641 -119119 -234 847
2: -14641 141757 234 847
4: -14641 -141757 256 847
1: 14641 187187 -252 847
3: 14641 -187187 -238 847
2: -14641 222761 238 847
4: -14641 -222761 252 847
1: 14749 102487 -256 847
2: -14749 102487 228 847
4: -14762 -53 29645 847
1: 14762 10927 -363 847
4: -14762 -12985 363 847
3: 14896 -102487 -228 847
4: -14896 -102487 256 847
3: 15004 -11123 -121 847
2: -15004 13181 121 847
4: -15092 -119 13310 847
4: -15158 -1421 1331 847
3: 15246 -147 8712 847
1: 15288 9 -146410 847
4: -15288 -210903 242 847
3: 15323 -49 26620 847
4: -15323 -49 31944 847
3: 15337 -14641 -144 847
4: -15337 -14641 340 847
1: 15386 1199 -1331 847
1: 15488 329 -4235 847
1: 15609 147 -9196 847
4: -15972 -15 103488 847
2: -15972 21 -73535 847
2: -15972 57 -26950 847
4: -15972 -735 2332 847
1: 15972 1701 -1001 847
4: -15972 -1995 1001 847
2: -15972 2793 -330 847
2: -15972 19965 147 847
4: -15972 -27951 280 847
4: -15972 -75867 245 847
3: 16023 -15 87846 847
3: 16093 -343 3630 847
1: 16214 133 -10164 847
2: -16522 73205 196 847
2: -16562 35 -43923 847
1: 16611 131769 -226 847
1: 16698 43923 -245 847
3: 16753 -73205 -196 847
1: 16856 8833 -363 847
2: -17052 21 -73205 847
1: 17178 59895 -231 847
3: 17248 -102487 -195 847
4: -17248 -102487 223 847
2: -17262 15 -102487 847
1: 17303 35 -38192 847
1: 17303 1855 -924 847
4: -17303 -2149 924 847
1: 17303 9317 -350 847
2: -17303 9317 42 847
1: 17332 13 -102487 847
4: -17472 -59895 231 847
1: 17542 7 -190333 847
2: -17542 7 -219615 847
1: 17666 14641 -294 847
2: -17666 14641 98 847
2: -17787 9 -170610 847
1: 17787 21 -63646 847
1: 17787 39 -34364 847
4: -17787 -45 34364 847
2: -17787 63 -24200 847
1: 17787 43923 -232 847
2: -17787 131769 190 847
4: -18018 -147 10648 847
3: 18032 -7 190333 847
4: -18032 -7 219615 847
4: -18081 -35211 242 847
3: 18242 -13 102487 847
2: -18271 931 -1452 847
4: -18312 -15 102487 847
3: 18392 -102487 -182 847
4: -18392 -102487 210 847
3: 18424 -319 3993 847
4: -18522 -21 73205 847
1: 18634 41 -32802 847
3: 18634 -41 32417 847
2: -18634 47 -32417 847
4: -18634 -47 32802 847
1: 18634 49 -27478 847
2: -18634 49 -31086 847
3: 18634 -49 27093 847
4: -18634 -49 31471 847
1: 18634 1331 -1197 847
2: -18634 1331 -959 847
3: 18634 -1331 812 847
4: -18634 -1331 1344 847
1: 18634 2009 -858 847
3: 18634 -2009 473 847
2: -18634 2303 -473 847
4: -18634 -2303 858 847
1: 18634 54571 -217 847
3: 18634 -54571 -168 847
2: -18634 62557 168 847
4: -18634 -62557 217 847
1: 18634 65219 -213 847
2: -18634 65219 169 847
3: 18634 -65219 -172 847
4: -18634 -65219 216 847
1: 18876 2037 -847 847
4: -18876 -2331 847 847
4: -18914 -8833 363 847
4: -19012 -35 43923 847
3: 19404 -471 2662 847
2: -19404 537 -2662 847
2: -19734 43923 147 847
1: 19844 49 -27588 847
2: -19844 49 -30976 847
3: 20196 -43923 -147 847
2: -20482 113 -13310 847
3: 20482 -102487 -162 847
4: -20482 -102487 190 847
2: -20559 81 -18634 847
3: 20713 -245 5324 847
1: 20944 73 -18634 847
3: 20972 -91 14641 847
2: -21021 43923 136 847
1: 21028 73205 -189 847
1: 21054 21 -64372 847
3: 21296 -7 192577 847
4: -21296 -7 217371 847
4: -21322 -73205 189 847
4: -21462 -105 14641 847
1: 21659 7 -193116 847
2: -21659 7 -216832 847
3: 21901 -1519 726 847
1: 22022 2401 -726 847
1: 22099 541 -2662 847
4: -22099 -607 2662 847
1: 22143 16905 -242 847
4: -22143 -18963 242 847
3: 22264 -7 193116 847
4: -22264 -7 216832 847
1: 22393 22627 -220 847
1: 22484 14641 -252 847
2: -22484 14641 56 847
4: -22491 -43923 194 847
1: 22627 1331 -1176 847
2: -22627 1331 -980 847
4: -22627 -3871 550 847
2: -22627 46585 126 847
1: 22748 245 -5687 847
3: 22869 -43923 -126 847
4: -23422 -22627 220 847
3: 23716 -7 193842 847
4: -23716 -7 216106 847
1: 23716 53 -25773 847
4: -23716 -59 25773 847
3: 23716 -371 3509 847
2: -23716 413 -3509 847
1: 23716 14641 -244 847
2: -23716 14641 48 847
3: 23716 -102487 -138 847
4: -23716 -102487 166 847
1: 23958 105 -13090 847
4: -23958 -147 10428 847
1: 23958 375 -3773 847
4: -23958 -417 3773 847
3: 23958 -3675 220 847
1: 23958 3993 -490 847
3: 23958 -139755 -140 847
2: -23958 195657 142 847
2: -24024 9 -167706 847
3: 24079 -49 27588 847
4: -24079 -49 30976 847
3: 24101 -14641 -56 847
4: -24101 -14641 252 847
1: 24108 83853 -165 847
4: -24402 -83853 165 847
4: -24442 -17 88935 847
3: 24794 -7 194326 847
4: -24794 -7 215622 847
3: 24794 -329 3993 847
2: -25256 49 -30613 847
3: 25289 -1331 882 847
4: -25289 -1331 1274 847
2: -25529 177023 132 847
1: 25652 190333 -147 847
3: 25676 -177023 -132 847
1: 25872 9 -151734 847
1: 25872 131769 -149 847
1: 25894 161051 -147 847
2: -26068 90629 121 847
2: -26103 131769 126 847
3: 26362 -90629 -121 847
2: -26686 23 -65219 847
4: -26862 -735 2178 847
4: -27489 -63 23958 847
3: 27709 -133 10164 847
1: 27951 9 -152306 847
4: -27951 -69 21868 847
2: -27951 147 -10076 847
1: 27951 3087 -572 847
4: -27951 -3381 572 847
4: -27951 -3993 504 847
3: 27951 -11979 -14 847
2: -27951 91839 112 847
4: -27951 -195657 136 847
3: 28314 -147 9196 847
1: 28616 14641 -219 847
2: -28616 14641 23 847
2: -28644 1029 -1331 847
3: 29106 -43923 -92 847
4: -29216 -23 65219 847
1: 29282 7 -196203 847
2: -29282 7 -213745 847
3: 29282 -7 195958 847
4: -29282 -7 213990 847
1: 29282 11 -124901 847
2: -29282 11 -135975 847
3: 29282 -11 124656 847
4: -29282 -11 136220 847
2: -29282 35 -42651 847
4: -29282 -35 42896 847
1: 29282 49 -28134 847
2: -29282 49 -30430 847
3: 29282 -49 27889 847
4: -29282 -49 30675 847
2: -29282 55 -27097 847
4: -29282 -55 27342 847
1: 29282 77 -17948 847
2: -29282 77 -19320 847
3: 29282 -77 17703 847
4: -29282 -77 19565 847
2: -29282 101 -14700 847
4: -29282 -101 14945 847
1: 29282 121 -11466 847
2: -29282 121 -12250 847
3: 29282 -121 11221 847
4: -29282 -121 12495 847
2: -29282 245 -5988 847
4: -29282 -245 6233 847
2: -29282 385 -3766 847
4: -29282 -385 4011 847
1: 29282 463 -3087 847
3: 29282 -463 2842 847
2: -29282 505 -2842 847
4: -29282 -505 3087 847
1: 29282 539 -2669 847
2: -29282 539 -2655 847
3: 29282 -539 2424 847
4: -29282 -539 2900 847
2: -29282 605 -2352 847
4: -29282 -605 2597 847
2: -29282 707 -1995 847
4: -29282 -707 2240 847
1: 29282 847 -1743 847
2: -29282 847 -1645 847
3: 29282 -847 1498 847
4: -29282 -847 1890 847
2: -29282 1111 -1225 847
4: -29282 -1111 1470 847
2: -29282 2695 -433 847
4: -29282 -2695 678 847
1: 29282 3241 -546 847
3: 29282 -3241 301 847
2: -29282 3535 -301 847
4: -29282 -3535 546 847
4: -29282 -4235 476 847
2: -29282 4949 -180 847
4: -29282 -4949 425 847
1: 29282 5093 -392 847
3: 29282 -5093 147 847
2: -29282 5555 -147 847
4: -29282 -5555 392 847
1: 29282 5929 -354 847
2: -29282 5929 -130 847
3: 29282 -5929 109 847
4: -29282 -5929 375 847
2: -29282 7777 -70 847
4: -29282 -7777 315 847
4: -29282 -12221 245 847
1: 29282 22687 -183 847
3: 29282 -22687 -62 847
2: -29282 24745 62 847
4: -29282 -24745 183 847
2: -29282 29645 72 847
4: -29282 -29645 173 847
1: 29282 35651 -161 847
3: 29282 -35651 -84 847
2: -29282 38885 84 847
4: -29282 -38885 161 847
2: -29282 54439 95 847
4: -29282 -54439 150 847
1: 29282 56023 -147 847
3: 29282 -56023 -98 847
2: -29282 61105 98 847
4: -29282 -61105 147 847
2: -29282 85547 105 847
4: -29282 -85547 140 847
1: 29282 249557 -128 847
3: 29282 -249557 -117 847
1: 29498 102487 -135 847
2: -29498 102487 107 847
3: 29792 -102487 -107 847
4: -29792 -102487 135 847
2: -30086 17 -87846 847
4: -30492 -147 10285 847
3: 30613 -7 196350 847
4: -30613 -7 213598 847
4: -30646 -49 30613 847
3: 30674 -14641 -23 847
4: -30674 -14641 219 847
2: -31218 147 -10043 847
4: -31944 -63 23793 847
1: 31944 273 -5159 847
3: 31944 -27951 -63 847
3: 32634 -957 1331 847
1: 32928 114345 -121 847
1: 33033 3675 -484 847
4: -33033 -3969 484 847
1: 33033 43923 -140 847
4: -33222 -114345 121 847
3: 34006 -47 29282 847
1: 34034 1127 -1331 847
4: -34251 -51 29282 847
3: 34606 -1421 869 847
1: 34606 3857 -462 847
4: -34606 -4151 462 847
1: 34606 9317 -252 847
2: -34606 9317 -56 847
3: 34606 -25289 -49 847
1: 34727 49 -28314 847
2: -34727 49 -30250 847
1: 35332 14641 -196 847
3: 35343 -43923 -70 847
2: -35574 21 -70664 847
1: 35574 81 -17182 847
4: -35574 -87 17182 847
2: -35574 43923 67 847
4: -35937 -21 70840 847
3: 36421 -4067 242 847
2: -36421 4361 -242 847
2: -36542 25 -59290 847
1: 36663 2205 -726 847
3: 36784 -102487 -84 847
4: -36784 -102487 112 847
1: 37191 43923 -128 847
2: -37268 13 -114037 847
1: 37268 17 -81620 847
1: 37268 49 -28380 847
1: 37268 85 -16401 847
1: 37268 245 -5753 847
4: -37268 -343 4422 847
1: 37268 833 -1760 847
3: 37268 -1331 945 847
4: -37268 -1331 1211 847
1: 37268 4165 -429 847
4: -37268 -4459 429 847
3: 37268 -6655 112 847
4: -37268 -17303 182 847
3: 37268 -22627 -35 847
3: 37268 -65219 -75 847
3: 37268 -113135 -84 847
1: 37752 9 -154154 847
4: -37873 -14641 196 847
1: 37968 131769 -105 847
4: -38024 -1199 1331 847
4: -38262 -131769 105 847
3: 38599 -617 2156 847
2: -38599 659 -2156 847
3: 38599 -9317 56 847
4: -38599 -9317 252 847
1: 38808 105 -13310 847
3: 38808 -975 1331 847
2: -38808 1041 -1331 847
3: 39204 -399 3388 847
1: 39347 14641 -186 847
2: -39347 14641 -10 847
4: -39567 -1323 1210 847
1: 39688 49 -28435 847
2: -39688 49 -30129 847
1: 40278 139755 -99 847
4: -40572 -139755 99 847
2: -40656 9 -164318 847
2: -40656 441 -3267 847
1: 40898 35 -39809 847
3: 40964 -102487 -74 847
4: -40964 -102487 102 847
1: 41019 131769 -98 847
2: -41048 142417 77 847
2: -41261 37 -39886 847
3: 41261 -32389 -44 847
2: -41261 34447 44 847
3: 41342 -142417 -77 847
3: 41382 -39 35574 847
1: 41503 665 -2178 847
4: -41503 -707 2178 847
1: 41503 102487 -100 847
2: -41503 102487 72 847
4: -42042 -225 6655 847
1: 42042 43923 -117 847
2: -42108 21 -70301 847
3: 42581 -29 47916 847
4: -42592 -1015 1540 847
2: -42592 1225 -1122 847
1: 43318 7 -199045 847
2: -43318 7 -210903 847
2: -43923 9 -163954 847
3: 43923 -15 92806 847
1: 43923 21 -66430 847
3: 43923 -33 42140 847
2: -43923 63 -23352 847
4: -43923 -99 14994 847
3: 43923 -105 13188 847
3: 43923 -141 9800 847
1: 43923 147 -9560 847
1: 43923 165 -8526 847
3: 43923 -231 5950 847
1: 43923 363 -3920 847
2: -43923 441 -3266 847
4: -43923 -693 2212 847
1: 43923 705 -2058 847
3: 43923 -735 1814 847
4: -43923 -747 2058 847
3: 43923 -987 1330 847
2: -43923 1089 -1274 847
1: 43923 1155 -1288 847
1: 43923 1551 -980 847
3: 43923 -1617 780 847
3: 43923 -1815 686 847
1: 43923 2541 -630 847
4: -43923 -4851 386 847
1: 43923 4935 -364 847
4: -43923 -5229 364 847
3: 43923 -6909 120 847
2: -43923 7623 -112 847
3: 43923 -7755 98 847
1: 43923 8085 -254 847
2: -43923 8217 -98 847
1: 43923 10857 -210 847
3: 43923 -12705 28 847
1: 43923 17787 -160 847
1: 43923 34545 -122 847
4: -43923 -36603 122 847
2: -43923 53361 54 847
3: 43923 -54285 -56 847
2: -43923 57519 56 847
1: 43923 75999 -100 847
1: 43923 85305 -98 847
4: -43923 -90387 98 847
3: 43923 -119427 -70 847
2: -43953 43923 48 847
1: 44044 4949 -363 847
4: -44044 -5243 363 847
1: 44198 1115 -1331 847
4: -44198 -1181 1331 847
1: 44286 34839 -121 847
4: -44286 -36897 121 847
3: 44528 -7 199045 847
4: -44528 -7 210903 847
1: 44968 14641 -175 847
2: -44968 14641 -21 847
3: 44982 -43923 -48 847
1: 45254 1331 -1127 847
2: -45254 1331 -1029 847
2: -45276 273 -5324 847
4: -45738 -43923 112 847
1: 46508 25 -55902 847
3: 46816 -343 3993 847
1: 46893 21 -66550 847
3: 46948 -35 39809 847
3: 47432 -7 199408 847
4: -47432 -7 210540 847
4: -47432 -23 64130 847
2: -47432 161 -9075 847
1: 47432 14641 -171 847
2: -47432 14641 -25 847
3: 47432 -102487 -62 847
4: -47432 -102487 90 847
3: 47916 -147 9427 847
2: -47916 3993 -294 847
1: 47916 195657 -82 847
3: 48158 -49 28435 847
4: -48158 -49 30129 847
3: 48202 -14641 21 847
4: -48202 -14641 175 847
3: 49049 -511 2662 847
4: -49247 -6655 294 847
3: 49588 -7 199650 847
4: -49588 -7 210298 847
3: 50358 -15 93170 847
3: 50578 -1141 1155 847
3: 50578 -1331 980 847
4: -50578 -1331 1176 847
4: -51744 -567 2662 847
1: 51828 179685 -77 847
1: 51909 5859 -308 847
4: -51909 -6153 308 847
4: -52122 -179685 77 847
3: 52283 -35 39930 847
1: 52626 26499 -121 847
1: 54208 1225 -1210 847
1: 54571 49 -28666 847
2: -54571 49 -29898 847
4: -54684 -26499 121 847
4: -55539 -43923 98 847
3: 55713 -219615 -58 847
2: -55902 27 -54285 847
1: 55902 129 -10934 847
4: -55902 -135 10934 847
1: 55902 147 -9603 847
2: -55902 1323 -1045 847
3: 55902 -3993 287 847
1: 55902 6321 -286 847
4: -55902 -6615 286 847
4: -55902 -35937 105 847
3: 55902 -171699 -56 847
2: -55902 179685 56 847
3: 55902 -195657 -57 847
3: 56133 -75 18634 847
4: -56518 -79 18634 847
4: -56628 -147 10043 847
3: 57233 -25 56056 847
3: 57233 -6475 154 847
2: -57233 6769 -154 847
2: -57827 73205 42 847
1: 58212 357 -3993 847
4: -58212 -43923 95 847
2: -58443 43923 28 847
3: 58564 -7 200466 847
4: -58564 -7 209482 847
3: 58564 -11 127547 847
4: -58564 -11 133329 847
4: -58564 -23 63798 847
4: -58564 -43 34153 847
1: 58564 49 -28708 847
2: -58564 49 -29856 847
1: 58564 77 -18291 847
2: -58564 77 -18977 847
1: 58564 121 -11662 847
2: -58564 121 -12054 847
2: -58564 161 -9044 847
2: -58564 253 -5733 847
2: -58564 301 -4809 847
2: -58564 473 -3038 847
3: 58564 -539 2543 847
4: -58564 -539 2781 847
3: 58564 -847 1596 847
4: -58564 -847 1792 847
3: 58564 -947 1421 847
2: -58564 989 -1421 847
4: -58564 -1127 1362 847
4: -58564 -1771 889 847
4: -58564 -2107 757 847
4: -58564 -2783 588 847
4: -58564 -3311 504 847
4: -58564 -5203 343 847
1: 58564 5929 -298 847
2: -58564 5929 -186 847
1: 58564 6629 -273 847
4: -58564 -6923 273 847
1: 58564 10417 -196 847
4: -58564 -10879 196 847
2: -58564 12397 -57 847
2: -58564 19481 -14 847
2: -58564 23177 -2 847
2: -58564 36421 21 847
3: 58564 -46403 -31 847
2: -58564 48461 31 847
3: 58564 -72919 -42 847
2: -58564 76153 42 847
3: 58564 -114587 -49 847
2: -58564 119669 49 847
4: -58564 -136367 72 847
4: -58564 -254947 67 847
2: -59192 25 -58564 847
2: -59664 131769 49 847
4: -59829 -69 21296 847
3: 60126 -131769 -49 847
1: 60137 139 -10164 847
4: -60137 -145 10164 847
2: -60956 30613 11 847
3: 61226 -7 200662 847
4: -61226 -7 209286 847
2: -61831 14641 -42 847
3: 62194 -931 1452 847
2: -62557 245 -5918 847
3: 63014 -30613 -11 847
1: 63378 219615 -63 847
4: -63672 -219615 63 847
1: 63888 9 -156310 847
1: 63888 441 -3245 847
3: 65098 -245 5687 847
1: 65219 7 -201036 847
2: -65219 7 -208912 847
3: 65219 -7 200926 847
4: -65219 -7 209022 847
1: 65219 151 -9372 847
3: 65219 -151 9262 847
2: -65219 157 -9262 847
4: -65219 -157 9372 847
3: 65219 -1057 1276 847
2: -65219 1099 -1276 847
1: 65219 1331 -1112 847
2: -65219 1331 -1044 847
3: 65219 -1331 1002 847
4: -65219 -1331 1154 847
1: 65219 9317 -206 847
2: -65219 9317 -102 847
3: 65219 -9317 96 847
4: -65219 -9317 212 847
1: 65219 200981 -62 847
3: 65219 -200981 -48 847
2: -65219 208967 48 847
4: -65219 -208967 62 847
4: -65317 -25 58564 847
4: -65611 -129107 66 847
3: 65758 -175 7986 847
1: 66066 7497 -242 847
4: -66066 -7791 242 847
2: -66066 43923 21 847
4: -67881 -63 23254 847
2: -68607 735 -1936 847
2: -68992 73 -19965 847
1: 69069 43923 -84 847
1: 69212 7861 -231 847
4: -69212 -8155 231 847
1: 69212 9317 -203 847
2: -69212 9317 -105 847
2: -69454 49 -29766 847
2: -70664 41 -35574 847
1: 70664 14641 -147 847
2: -70664 14641 -49 847
4: -70686 -43923 84 847
3: 71148 -15 93896 847
1: 71148 21 -67155 847
4: -71148 -63 23232 847
4: -71148 -171 8591 847
3: 71874 -21 67067 847
4: -71874 -1911 814 847
1: 72226 133 -10648 847
3: 72358 -329 4235 847
1: 72618 251559 -55 847
4: -72842 -25 58443 847
3: 72842 -8281 121 847
2: -72842 8575 -121 847
4: -72912 -251559 55 847
3: 73568 -102487 -35 847
4: -73568 -102487 63 847
1: 73598 73205 -68 847
1: 74294 17 -83006 847
2: -74382 43923 15 847
1: 74536 49 -28831 847
2: -74536 49 -29733 847
3: 74536 -230263 -42 847
2: -74536 238249 42 847
4: -74627 -73205 68 847
3: 75746 -14641 49 847
4: -75746 -14641 147 847
2: -75867 75 -19404 847
2: -75867 1785 -770 847
2: -77077 35 -41624 847
3: 77198 -1255 1078 847
2: -77198 1297 -1078 847
3: 77198 -9317 105 847
4: -77198 -9317 203 847
1: 78694 14641 -142 847
2: -78694 14641 -54 847
3: 79618 -37 38115 847
1: 79618 245 -5808 847
2: -80311 91 -15972 847
1: 81191 64729 -66 847
4: -81191 -66787 66 847
3: 81928 -102487 -30 847
4: -81928 -102487 58 847
3: 82522 -65807 -22 847
2: -82522 67865 22 847
1: 83006 1351 -1089 847
4: -83006 -1393 1089 847
1: 83006 102487 -57 847
2: -83006 102487 29 847
1: 83853 15 -94248 847
3: 83853 -39 36190 847
3: 83853 -147 9570 847
2: -83853 3993 -322 847
3: 83853 -19965 28 847
1: 83853 51909 -70 847
1: 83853 195657 -50 847
1: 84084 9 -157058 847
3: 84546 -1029 1331 847
1: 85184 73 -19404 847
1: 85184 25289 -98 847
1: 86284 190333 -49 847
4: -86746 -190333 49 847
2: -87846 21 -69272 847
3: 87846 -27 52332 847
4: -87846 -33 44149 847
2: -87846 147 -9861 847
3: 87846 -189 7441 847
4: -87846 -231 6342 847
1: 87846 297 -4802 847
2: -87846 363 -3969 847
3: 87846 -1323 1028 847
1: 87846 1431 -1029 847
4: -87846 -1473 1029 847
4: -87846 -1617 941 847
1: 87846 2079 -721 847
2: -87846 2541 -532 847
3: 87846 -3267 392 847
1: 87846 10017 -182 847
4: -87846 -10311 182 847
1: 87846 14553 -138 847
3: 87846 -15741 49 847
2: -87846 16203 -49 847
2: -87846 17787 -41 847
3: 87846 -22869 21 847
1: 87846 70119 -61 847
4: -87846 -72177 61 847
3: 87846 -110187 -28 847
2: -87846 113421 28 847
3: 87846 -160083 -32 847
1: 87846 173151 -49 847
4: -87846 -178233 49 847
1: 87906 43923 -73 847
4: -89177 -805 1848 847
4: -89782 -43 33880 847
4: -89936 -1127 1331 847
4: -89964 -43923 73 847
2: -90321 39 -37268 847
1: 90508 413 -3465 847
1: 90508 46585 -70 847
3: 91476 -43923 -7 847
2: -93786 21 -69212 847
4: -94138 -581 2541 847
1: 94171 19 -74536 847
3: 94864 -7 202191 847
4: -94864 -7 207757 847
3: 94864 -102487 -24 847
4: -94864 -102487 52 847
2: -95326 13 -111804 847
4: -95469 -123 11858 847
1: 95832 3993 -392 847
2: -95832 15729 -55 847
2: -95832 195657 30 847
1: 96481 7 -202312 847
2: -96481 7 -207636 847
3: 96558 -2205 605 847
2: -98736 2793 -484 847
1: 98791 248897 -42 847
4: -99099 -147 9922 847
3: 99176 -7 202312 847
4: -99176 -7 207636 847
4: -100331 -13 111804 847
1: 100744 97 -14641 847
3: 101156 -1331 1029 847
4: -101156 -1331 1127 847
3: 101486 -19 74536 847
4: -101871 -21 69212 847
1: 102487 11 -128856 847
2: -102487 11 -132020 847
3: 102487 -11 128786 847
4: -102487 -11 132090 847
1: 102487 49 -28954 847
3: 102487 -49 28884 847
2: -102487 55 -26376 847
4: -102487 -55 26446 847
1: 102487 121 -11746 847
2: -102487 121 -11970 847
3: 102487 -121 11676 847
4: -102487 -121 12040 847
1: 102487 239 -5964 847
3: 102487 -239 5894 847
1: 102487 539 -2664 847
3: 102487 -539 2594 847
2: -102487 605 -2366 847
4: -102487 -605 2436 847
2: -102487 2401 -570 847
4: -102487 -2401 640 847
1: 102487 2629 -574 847
3: 102487 -2629 504 847
1: 102487 5929 -274 847
3: 102487 -5929 204 847
1: 102487 11711 -156 847
3: 102487 -11711 86 847
2: -102487 12005 -86 847
4: -102487 -12005 156 847
2: -102487 26411 -20 847
4: -102487 -26411 90 847
1: 102487 28919 -84 847
3: 102487 -28919 14 847
1: 102487 128821 -46 847
3: 102487 -128821 -24 847
2: -102487 132055 24 847
4: -102487 -132055 46 847
1: 103818 11865 -154 847
4: -103818 -12159 154 847
4: -105336 -39 37268 847
2: -106722 51 -28435 847
2: -106722 105 -13794 847
2: -106722 219615 27 847
1: 107811 27951 -84 847
1: 109142 49 -28974 847
2: -109142 49 -29590 847
1: 109263 147 -9680 847
1: 111804 261 -5467 847
4: -111804 -267 5467 847
1: 111804 12789 -143 847
4: -111804 -13083 143 847
2: -112112 217 -6655 847
3: 112651 -102487 -18 847
4: -112651 -102487 46 847
1: 114023 113135 -44 847
3: 114466 -13097 77 847
2: -114466 13391 -77 847
4: -115052 -113135 44 847
4: -115346 -91 15972 847
1: 115797 21 -67606 847
1: 116886 39 -36421 847
1: 116886 43923 -63 847
3: 117128 -7 202720 847
4: -117128 -7 207228 847
1: 117128 49 -28995 847
2: -117128 49 -29569 847
3: 117128 -55 25774 847
4: -117128 -103 14112 847
1: 117128 121 -11760 847
2: -117128 121 -11956 847
2: -117128 209 -6909 847
3: 117128 -383 3675 847
1: 117128 385 -3717 847
2: -117128 721 -1981 847
3: 117128 -847 1645 847
4: -117128 -847 1743 847
4: -117128 -1463 1022 847
1: 117128 2681 -560 847
3: 117128 -2695 496 847
4: -117128 -5047 318 847
1: 117128 5929 -270 847
2: -117128 5929 -214 847
2: -117128 10241 -111 847
4: -117128 -12463 147 847
3: 117128 -18767 45 847
1: 117128 21065 -98 847
4: -117128 -21527 98 847
2: -117128 87241 14 847
3: 117128 -147455 -21 847
2: -117128 150689 21 847
1: 118459 121121 -42 847
2: -119427 57 -25410 847
1: 120274 281 -5082 847
4: -121121 -17 85316 847
1: 121121 13867 -132 847
4: -121121 -14161 132 847
2: -122304 9 -161051 847
3: 122452 -7 202818 847
4: -122452 -7 207130 847
3: 123431 -133 10648 847
1: 123662 14641 -126 847
2: -123662 14641 -70 847
4: -123783 -3993 392 847
3: 124267 -5243 242 847
1: 124509 2037 -726 847
3: 125114 -4361 297 847
2: -125356 190333 21 847
4: -126714 -9 161051 847
1: 127776 67881 -49 847
3: 128744 -343 4114 847
4: -129107 -35 41426 847
3: 129107 -65219 -6 847
4: -129107 -65219 50 847
1: 130438 7 -203005 847
2: -130438 7 -206943 847
3: 130438 -7 202950 847
4: -130438 -7 206998 847
1: 130438 35 -40623 847
3: 130438 -35 40568 847
1: 130438 61 -23320 847
3: 130438 -61 23265 847
1: 130438 305 -4686 847
3: 130438 -305 4631 847
2: -130438 311 -4631 847
4: -130438 -311 4686 847
1: 130438 427 -3355 847
3: 130438 -427 3300 847
1: 130438 1331 -1095 847
2: -130438 1331 -1061 847
3: 130438 -1331 1040 847
4: -130438 -1331 1116 847
3: 130438 -2135 638 847
2: -130438 2177 -638 847
1: 130438 6655 -241 847
3: 130438 -6655 186 847
1: 130438 9317 -180 847
2: -130438 9317 -128 847
3: 130438 -9317 125 847
4: -130438 -9317 183 847
1: 130438 46585 -58 847
3: 130438 -46585 3 847
1: 130438 81191 -45 847
3: 130438 -81191 -10 847
4: -131769 -147 9882 847
2: -131769 231 -6244 847
4: -131769 -363 4018 847
1: 131769 1617 -906 847
1: 131769 2157 -686 847
4: -131769 -2199 686 847
3: 131769 -2541 532 847
2: -132132 9 -160930 847
1: 132132 15141 -121 847
4: -132132 -15435 121 847
2: -132888 131769 16 847
4: -133826 -29 49973 847
3: 133917 -131769 -16 847
2: -135278 61 -23716 847
2: -135982 155 -9317 847
3: 136367 -7 203038 847
4: -136367 -7 206910 847
1: 136752 153 -9317 847
2: -138138 43923 -7 847
1: 138908 49 -29040 847
2: -138908 49 -29524 847
3: 141372 -43923 7 847
1: 142296 9 -158026 847
1: 142296 131769 -36 847
3: 142659 -2793 484 847
2: -143748 141 -10241 847
3: 148274 -97 14641 847
4: -149072 -71 20405 847
4: -149072 -3479 440 847
1: 149193 15 -94864 847
1: 149842 119 -11979 847
4: -150381 -273 5324 847
4: -153912 -6615 242 847
3: 154396 -2531 539 847
2: -154396 2573 -539 847
2: -155122 2303 -605 847
3: 155727 -147 9658 847
1: 157388 14641 -120 847
2: -157388 14641 -76 847
3: 158268 -15 94864 847
4: -158389 -29 49896 847
1: 158389 1331 -1092 847
2: -158389 1331 -1064 847
3: 160083 -43923 10 847
2: -160446 243 -5929 847
1: 161656 241 -5929 847
1: 162239 102487 -36 847
2: -162239 102487 8 847
4: -162382 -541 2695 847
1: 162382 130487 -33 847
4: -162382 -132545 33 847
3: 163856 -102487 -8 847
4: -163856 -102487 36 847
3: 165044 -132643 -11 847
2: -165044 134701 11 847
1: 167706 3993 -378 847
3: 168553 -49 29040 847
4: -168553 -49 29524 847
3: 168707 -14641 76 847
4: -168707 -14641 120 847
2: -169037 6655 -196 847
1: 170368 3913 -385 847
1: 171402 63 -22627 847
2: -171699 147 -9812 847
3: 171699 -11979 98 847
3: 171941 -2821 484 847
2: -171941 2863 -484 847
4: -172183 -61 23716 847
3: 175098 -219615 -14 847
1: 175692 21 -67851 847
2: -175692 45 -32095 847
4: -175692 -63 22960 847
1: 175692 93 -15337 847
3: 175692 -231 6146 847
4: -175692 -495 2940 847
2: -175692 585 -2450 847
2: -175692 693 -2065 847
4: -175692 -819 1785 847
3: 175692 -1023 1372 847
4: -175692 -1575 938 847
2: -175692 2205 -635 847
1: 175692 2541 -581 847
1: 175692 4557 -333 847
2: -175692 5445 -245 847
4: -175692 -6435 245 847
4: -175692 -7623 210 847
2: -175692 9009 -140 847
1: 175692 11253 -147 847
2: -175692 17325 -63 847
1: 175692 20181 -91 847
4: -175692 -20475 91 847
4: -175692 -24255 80 847
2: -175692 28665 -30 847
3: 175692 -50127 8 847
4: -175692 -99099 35 847
4: -175692 -190575 28 847
3: 175692 -221991 -14 847
2: -175692 225225 14 847
1: 176022 51 -27951 847
3: 177023 -1331 1050 847
4: -177023 -1331 1106 847
3: 177023 -4067 330 847
3: 178948 -355 3993 847
1: 180411 423 -3388 847
2: -182182 35 -41261 847
1: 182347 3577 -418 847
3: 182952 -1911 726 847
1: 183678 315 -4543 847
2: -183722 31 -46585 847
2: -183799 161 -8954 847
3: 186098 -1645 847 847
1: 187572 21 -67881 847
1: 189112 17 -83853 847
2: -189728 41 -35211 847
3: 189728 -102487 -5 847
1: 190333 35 -40740 847
3: 190333 -121 11760 847
4: -190333 -121 11956 847
3: 190333 -875 1610 847
3: 190333 -2695 510 847
1: 190333 3025 -490 847
1: 190333 21875 -84 847
4: -190333 -22169 84 847
1: 190333 67375 -40 847
2: -191664 3993 -343 847
1: 191664 195657 -26 847
1: 192192 9 -158389 847
1: 192962 7 -203643 847
2: -192962 7 -206305 847
4: -194568 -1743 847 847
4: -195657 -15 96294 847
2: -195657 21 -68750 847
3: 195657 -27 52778 847
2: -195657 93 -15510 847
4: -195657 -105 13772 847
3: 195657 -189 7524 847
1: 195657 459 -3124 847
4: -195657 -465 3124 847
2: -195657 651 -2200 847
4: -195657 -3993 380 847
2: -195657 19965 -54 847
1: 195657 35937 -58 847
4: -195657 -123783 30 847
2: -195657 139755 8 847
1: 195657 251559 -24 847
1: 195706 97163 -33 847
3: 196988 -6655 196 847
4: -197764 -97163 33 847
3: 198198 -147 9680 847
3: 198352 -7 203643 847
4: -198352 -7 206305 847
3: 199122 -9 158389 847
3: 201586 -301 4719 847
3: 202202 -17 83853 847
3: 203742 -21 67881 847
1: 204974 11 -129647 847
2: -204974 11 -131229 847
3: 204974 -11 129612 847
4: -204974 -11 131264 847
1: 204974 13 -109704 847
3: 204974 -13 109669 847
1: 204974 37 -38556 847
3: 204974 -37 38521 847
1: 204974 49 -29118 847
2: -204974 49 -29446 847
3: 204974 -49 29083 847
4: -204974 -49 29481 847
1: 204974 121 -11802 847
2: -204974 121 -11914 847
3: 204974 -121 11767 847
4: -204974 -121 11949 847
1: 204974 143 -9989 847
3: 204974 -143 9954 847
1: 204974 407 -3521 847
3: 204974 -407 3486 847
1: 204974 481 -2982 847
3: 204974 -481 2947 847
2: -204974 487 -2947 847
4: -204974 -487 2982 847
1: 204974 539 -2663 847
2: -204974 539 -2661 847
3: 204974 -539 2628 847
4: -204974 -539 2696 847
1: 204974 637 -2256 847
3: 204974 -637 2221 847
3: 204974 -1573 889 847
1: 204974 1813 -804 847
3: 204974 -1813 769 847
1: 204974 4477 -336 847
3: 204974 -4477 301 847
1: 204974 5291 -287 847
3: 204974 -5291 252 847
2: -204974 5357 -252 847
4: -204974 -5357 287 847
1: 204974 5929 -258 847
2: -204974 5929 -226 847
3: 204974 -5929 223 847
4: -204974 -5929 261 847
1: 204974 7007 -221 847
3: 204974 -7007 186 847
1: 204974 19943 -89 847
3: 204974 -19943 54 847
1: 204974 23569 -78 847
3: 204974 -23569 43 847
2: -204974 23863 -43 847
4: -204974 -23863 78 847
1: 204974 58201 -42 847
3: 204974 -58201 7 847
2: -204974 58927 -7 847
4: -204974 -58927 42 847
1: 204974 77077 -36 847
3: 204974 -77077 1 847
1: 204974 219373 -24 847
4: -207592 -31 46585 847
1: 207636 9 -158466 847
1: 207636 23877 -77 847
4: -207636 -24171 77 847
1: 208824 131769 -28 847
4: -209132 -35 41261 847
4: -210441 -131769 28 847
1: 211629 8967 -176 847
4: -213444 -39 37026 847
3: 215292 -51 27951 847
2: -215622 735 -1947 847
2: -215622 27951 -35 847
2: -216678 1071 -1331 847
1: 217074 43923 -49 847
1: 218284 49 -29128 847
2: -218284 49 -29436 847
2: -218526 147 -9801 847
3: 219912 -63 22627 847
1: 222068 1085 -1331 847
4: -222156 -43923 49 847
2: -223608 9 -160314 847
3: 223608 -15 95095 847
2: -223608 441 -3256 847
3: 225302 -102487 -2 847
4: -225302 -102487 30 847
1: 226996 2009 -726 847
3: 227843 -245 5808 847
1: 231231 43923 -48 847
1: 231308 73205 -35 847
2: -231594 21 -68684 847
3: 234256 -7 203847 847
4: -234256 -7 206101 847
4: -234256 -119 12138 847
1: 234256 121 -11809 847
2: -234256 121 -11907 847
2: -234256 2057 -686 847
4: -234256 -2519 588 847
1: 234256 5929 -256 847
2: -234256 5929 -228 847
1: 234256 42361 -49 847
4: -234256 -42823 49 847
2: -234256 100793 1 847
4: -234256 -123431 27 847
4: -234542 -73205 35 847
1: 238249 7 -203896 847
2: -238249 7 -206052 847
1: 240548 565 -2541 847
4: -240548 -571 2541 847
3: 241472 -119 11979 847
2: -242242 1127 -1265 847
1: 242242 27881 -66 847
4: -242242 -28175 66 847
3: 242968 -2303 605 847
1: 243573 196245 -22 847
4: -243573 -198303 22 847
3: 244904 -7 203896 847
4: -244904 -7 206052 847
4: -244904 -17303 98 847
1: 247324 14641 -112 847
2: -247324 14641 -84 847
3: 247401 -43923 18 847
3: 247566 -3993 343 847
3: 248897 -539 2634 847
4: -248897 -539 2690 847
4: -248897 -40523 50 847
1: 249018 4095 -363 847
4: -249018 -4137 363 847
1: 250228 245 -5841 847
1: 251468 248897 -20 847
4: -252497 -248897 20 847
4: -254221 -103 14014 847
1: 254221 65219 -36 847
2: -254221 65219 -8 847
3: 254562 -153 9317 847
4: -255332 -155 9317 847
