Command line:- ../do_t 1331 256000
2: -2 847 248897 1331
2: -21 1815 234256 1331
4: -36 -219615 246961 1331
3: 38 -161051 -234234 1331
4: -38 -161051 234278 1331
2: -39 8349 204974 1331
3: 42 -43923 -214654 1331
1: 43 161051 -204996 1331
2: -43 161051 204952 1331
2: -46 25289 186340 1331
2: -48 17061 175692 1331
3: 49 -25289 -186340 1331
4: -51 -70785 175692 1331
2: -52 2057 102487 1331
1: 52 14641 -161293 1331
2: -52 14641 160809 1331
3: 53 -224939 -167706 1331
3: 54 -1815 -234256 1331
1: 54 42735 -161051 1331
2: -54 45111 161051 1331
3: 56 -42691 -161051 1331
4: -56 -45155 161051 1331
3: 58 -14641 -160809 1331
4: -58 -14641 161293 1331
4: -61 -99583 146410 1331
1: 66 351 161051 1331
2: -66 375 -161051 1331
3: 67 -248897 -132616 1331
3: 68 -847 -248897 1331
3: 68 -66671 -131769 1331
3: 76 -161051 -117106 1331
4: -76 -161051 117150 1331
1: 81 43923 -107448 1331
1: 84 27225 -102487 1331
4: -84 -43923 107448 1331
2: -86 46585 101156 1331
1: 86 161051 -102509 1331
2: -86 161051 102465 1331
3: 89 -46585 -101156 1331
1: 91 49247 -95832 1331
1: 93 9801 -87846 1331
4: -94 -49247 95832 1331
2: -96 179685 91839 1331
4: -103 -39083 87846 1331
2: -116 20449 73205 1331
3: 118 -2057 -102487 1331
1: 136 7381 -58564 1331
2: -136 73205 64372 1331
3: 139 -73205 -64372 1331
1: 152 41261 -57233 1331
3: 152 -161051 -58542 1331
4: -152 -161051 58586 1331
4: -158 -41261 57233 1331
2: -162 43923 53603 1331
3: 168 -43923 -53603 1331
4: -169 -7381 58564 1331
1: 172 4961 -43923 1331
3: 176 -331 -161051 1331
4: -176 -395 161051 1331
2: -191 102487 45980 1331
3: 194 -102487 -45980 1331
1: 212 57233 -41261 1331
4: -218 -57233 41261 1331
2: -236 126445 37268 1331
4: -238 -4961 43923 1331
3: 239 -126445 -37268 1331
1: 246 131769 -35816 1331
4: -249 -131769 35816 1331
1: 276 147741 -31944 1331
4: -279 -147741 31944 1331
2: -293 29161 29282 1331
2: -298 143 -161051 1331
1: 299 58685 -29282 1331
1: 301 161051 -29304 1331
2: -301 161051 29260 1331
3: 304 -161051 -29260 1331
4: -304 -161051 29304 1331
3: 306 -58443 -29282 1331
4: -312 -29403 29282 1331
1: 318 99 161051 1331
2: -331 177023 26620 1331
3: 334 -177023 -26620 1331
3: 408 -99 -161051 1331
4: -428 -143 161051 1331
2: -562 14399 14641 1331
1: 582 14883 -14641 1331
1: 602 161051 -14663 1331
2: -602 161051 14619 1331
3: 608 -161051 -14619 1331
4: -608 -161051 14663 1331
3: 628 -14399 -14641 1331
4: -648 -14883 14641 1331
3: 1089 -15 -204974 1331
4: -1089 -51 204974 1331
3: 1694 -5 -131769 1331
4: -1694 -61 131769 1331
1: 2178 3 -102487 1331
4: -2178 -69 102487 1331
1: 2541 9 -87846 1331
4: -2541 -75 87846 1331
3: 3509 -25 58564 1331
2: -3509 91 -58564 1331
1: 5082 51 -43923 1331
4: -5082 -117 43923 1331
3: 7018 -83 29282 1331
2: -7018 149 -29282 1331
4: -7381 -31 146410 1331
1: 7623 93 -29282 1331
4: -7623 -159 29282 1331
4: -8591 -25 175692 1331
1: 10648 13 -222277 1331
4: -10648 -19 222277 1331
3: 14036 -199 14641 1331
2: -14036 265 -14641 1331
1: 14641 19 -161656 1331
3: 14641 -19 160446 1331
2: -14641 25 -160446 1331
4: -14641 -25 161656 1331
1: 14641 161051 -624 1331
2: -14641 161051 580 1331
3: 14641 -161051 -586 1331
4: -14641 -161051 630 1331
1: 15246 219 -14641 1331
4: -15246 -285 14641 1331
3: 17303 -23 135762 1331
2: -17303 29 -135762 1331
3: 22627 -31 103818 1331
2: -22627 37 -103818 1331
2: -27104 37 -102487 1331
1: 29282 41 -80828 1331
3: 29282 -41 80223 1331
2: -29282 47 -80223 1331
4: -29282 -47 80828 1331
1: 29282 161051 -323 1331
2: -29282 161051 279 1331
3: 29282 -161051 -282 1331
4: -29282 -161051 326 1331
4: -31823 -43 87846 1331
3: 34606 -49 67881 1331
3: 35332 -19 175692 1331
2: -42658 23 -161051 1331
1: 42768 21 -161051 1331
3: 43923 -63 53482 1331
2: -43923 69 -53482 1331
3: 45078 -21 161051 1331
4: -45188 -23 161051 1331
3: 45254 -65 51909 1331
2: -45254 71 -51909 1331
4: -47916 -15 246235 1331
2: -50941 125 -29282 1331
1: 51546 117 -29282 1331
3: 51909 -75 45254 1331
2: -51909 81 -45254 1331
1: 58564 17 -201465 1331
1: 58564 85 -40414 1331
4: -58564 -91 40414 1331
3: 58564 -161051 -130 1331
4: -58564 -161051 174 1331
2: -67881 105 -34606 1331
3: 73084 -47 73205 1331
4: -87846 -27 134310 1331
3: 87846 -129 26741 1331
2: -87846 135 -26741 1331
1: 98494 29 -119790 1331
1: 102487 161051 -108 1331
2: -102487 161051 64 1331
3: 103818 -153 22627 1331
2: -103818 159 -22627 1331
4: -105149 -23 157058 1331
2: -114587 41 -87846 1331
1: 117128 173 -20207 1331
4: -117128 -179 20207 1331
3: 117128 -161051 -54 1331
4: -117128 -161051 98 1331
1: 118217 17 -204974 1331
3: 127776 -27 129107 1331
3: 131769 -15 232562 1331
1: 131769 39 -89540 1331
3: 135762 -201 17303 1331
2: -135762 207 -17303 1331
3: 138787 -119 29282 1331
4: -139392 -123 29282 1331
4: -147741 -45 79860 1331
2: -161051 35 -102432 1331
4: -161051 -35 102542 1331
2: -161051 49 -73150 1331
4: -161051 -49 73260 1331
1: 161051 239 -14696 1331
3: 161051 -239 14586 1331
2: -161051 245 -14586 1331
4: -161051 -245 14696 1331
1: 161051 14641 -294 1331
2: -161051 14641 -190 1331
3: 161051 -14641 184 1331
4: -161051 -14641 300 1331
2: -161051 73205 6 1331
4: -161051 -73205 104 1331
2: -161051 102487 20 1331
4: -161051 -102487 90 1331
3: 190333 -283 12342 1331
2: -190333 289 -12342 1331
3: 204974 -61 57475 1331
1: 204974 161051 -65 1331
2: -204974 161051 21 1331
1: 222277 331 -10648 1331
4: -222277 -337 10648 1331
2: -223124 61 -58564 1331
3: 234256 -161051 -16 1331
4: -234256 -161051 60 1331
1: 237039 15 -234256 1331
3: 246114 -15 234256 1331
3: 248897 -371 9438 1331
2: -248897 377 -9438 1331
