Command line:- ../do_t 1183 256000
2: -1 689 -215306 1183
1: 4 637 195533 1183
2: -4 637 -204321 1183
1: 7 637 109850 1183
2: -7 637 -118638 1183
1: 7 845 -163254 1183
1: 12 525 199927 1183
2: -13 539 -175760 1183
2: -13 1225 224094 1183
1: 14 503 199927 1183
1: 14 637 52728 1183
2: -14 949 123032 1183
2: -18 1365 184548 1183
1: 21 507 127764 1183
1: 21 1911 -210912 1183
1: 22 2197 -216580 1183
2: -22 2197 214032 1183
1: 24 441 171366 1183
1: 24 1521 -157339 1183
2: -24 2289 199927 1183
1: 26 1883 -169169 1183
2: -26 1939 169169 1183
1: 26 13181 -254852 1183
2: -26 13573 254852 1183
1: 28 637 24167 1183
2: -28 637 -32955 1183
2: -28 845 36673 1183
1: 28 2197 -170443 1183
2: -28 2197 167895 1183
2: -28 3185 193336 1183
1: 28 8281 -228826 1183
2: -28 8281 228150 1183
2: -28 10985 233506 1183
1: 28 28561 -243796 1183
2: -28 28561 243600 1183
2: -28 41405 245557 1183
4: -28 -65611 252655 1183
3: 28 -84331 -251979 1183
4: -28 -87035 251979 1183
1: 28 107653 -248287 1183
2: -28 107653 248235 1183
2: -28 142805 248647 1183
4: -28 -226291 250705 1183
1: 31 15379 -215488 1183
2: -31 15379 215124 1183
4: -31 -26533 231868 1183
2: -31 100009 224094 1183
1: 32 2009 -142805 1183
1: 32 2873 -165620 1183
1: 32 8281 -200265 1183
2: -32 8281 199589 1183
1: 32 45305 -215306 1183
2: -32 46969 215306 1183
1: 32 130585 -217503 1183
1: 32 186745 -217854 1183
2: -33 1911 131820 1183
3: 33 -45279 -215306 1183
4: -33 -46995 215306 1183
4: -33 -124215 213278 1183
3: 34 -15379 -215124 1183
4: -34 -15379 215488 1183
1: 34 24367 -199927 1183
2: -34 25319 199927 1183
2: -36 357 -199927 1183
3: 36 -24339 -199927 1183
4: -36 -25347 199927 1183
3: 36 -30927 -198744 1183
2: -36 35997 190463 1183
3: 36 -67431 -196378 1183
3: 36 -85683 -195951 1183
3: 36 -116571 -195533 1183
2: -36 135681 193336 1183
1: 37 325 215306 1183
1: 38 2093 -123032 1183
3: 38 -8281 -199589 1183
4: -38 -8281 200265 1183
2: -38 10985 171990 1183
2: -38 15925 175760 1183
4: -38 -21125 190463 1183
2: -38 171535 183365 1183
3: 39 -1869 -246064 1183
4: -39 -1953 246064 1183
3: 39 -13083 -188942 1183
4: -39 -13671 188942 1183
1: 39 85683 -177968 1183
3: 41 -169883 -171366 1183
4: -41 -177919 171366 1183
2: -42 507 -72163 1183
1: 42 585 30758 1183
1: 42 1287 -76895 1183
3: 42 -1521 -242515 1183
2: -42 1911 103259 1183
1: 42 2205 -114244 1183
1: 42 4851 -142805 1183
3: 42 -5733 -186745 1183
3: 42 -6435 -184548 1183
2: -42 6591 148239 1183
4: -42 -6747 184548 1183
1: 42 7605 -151424 1183
1: 42 16731 -159705 1183
3: 42 -19773 -172445 1183
3: 42 -24255 -171366 1183
2: -42 24843 161733 1183
4: -42 -25431 171366 1183
1: 42 28665 -162578 1183
1: 42 63063 -164775 1183
3: 42 -74529 -168155 1183
3: 42 -83655 -167986 1183
2: -42 85683 165193 1183
4: -42 -87711 167986 1183
1: 42 98865 -165438 1183
1: 42 217503 -166075 1183
3: 43 -2197 -214032 1183
4: -43 -2197 216580 1183
2: -43 41405 159874 1183
1: 44 2197 -108927 1183
2: -44 2197 106379 1183
4: -46 -2317 199927 1183
4: -46 -24167 156702 1183
2: -46 210847 151593 1183
2: -48 35721 142805 1183
1: 48 46137 -143598 1183
1: 49 377 118638 1183
1: 49 493 57122 1183
2: -49 521 -57122 1183
1: 49 1183 -59488 1183
2: -49 1183 54756 1183
3: 49 -1183 -226122 1183
4: -49 -1183 230854 1183
1: 49 1547 -79092 1183
3: 49 -1547 -206518 1183
1: 49 2197 -97942 1183
2: -49 2197 95394 1183
3: 49 -2197 -187668 1183
4: -49 -2197 190216 1183
1: 49 2639 -105456 1183
3: 49 -2639 -180154 1183
1: 49 2873 -108498 1183
3: 49 -2873 -177112 1183
1: 49 3451 -114244 1183
3: 49 -3451 -171366 1183
2: -49 3647 114244 1183
4: -49 -3647 171366 1183
1: 49 4901 -122694 1183
3: 49 -4901 -162916 1183
1: 49 6409 -127426 1183
3: 49 -6409 -158184 1183
2: -49 6773 127426 1183
4: -49 -6773 158184 1183
1: 49 15379 -136396 1183
2: -49 15379 136032 1183
3: 49 -15379 -149214 1183
4: -49 -15379 149578 1183
1: 49 20111 -137904 1183
3: 49 -20111 -147706 1183
1: 49 28561 -139354 1183
2: -49 28561 139158 1183
3: 49 -28561 -146256 1183
4: -49 -28561 146452 1183
1: 49 34307 -139932 1183
3: 49 -34307 -145678 1183
1: 49 37349 -140166 1183
3: 49 -37349 -145444 1183
1: 49 44863 -140608 1183
3: 49 -44863 -145002 1183
2: -49 47411 140608 1183
4: -49 -47411 145002 1183
1: 49 63713 -141258 1183
3: 49 -63713 -144352 1183
1: 49 83317 -141622 1183
3: 49 -83317 -143988 1183
2: -49 88049 141622 1183
4: -49 -88049 143988 1183
1: 49 199927 -142312 1183
2: -49 199927 142284 1183
3: 49 -199927 -143298 1183
4: -49 -199927 143326 1183
2: -51 24843 133172 1183
1: 52 245 243867 1183
1: 52 265 215306 1183
2: -52 281 -215306 1183
3: 52 -1855 -184548 1183
4: -52 -1967 184548 1183
1: 52 2597 -98865 1183
1: 52 12985 -127426 1183
2: -52 13769 127426 1183
1: 52 28561 -131320 1183
2: -52 28561 131124 1183
1: 52 142805 -133917 1183
3: 52 -199927 -135030 1183
4: -52 -199927 135058 1183
4: -53 -2873 165620 1183
3: 53 -7007 -145002 1183
2: -53 50869 130130 1183
3: 53 -199927 -132482 1183
4: -53 -199927 132510 1183
4: -54 -6591 143962 1183
3: 54 -10101 -138411 1183
2: -54 14469 123032 1183
3: 54 -24843 -133172 1183
2: -54 43953 127426 1183
3: 54 -243867 -129948 1183
3: 56 -6383 -138411 1183
4: -56 -6799 138411 1183
1: 56 8281 -114582 1183
2: -56 8281 113906 1183
1: 56 28561 -121947 1183
2: -56 28561 121751 1183
3: 57 -1365 -184548 1183
2: -59 32617 115934 1183
1: 61 167923 -114244 1183
2: -61 179879 114244 1183
1: 62 15379 -107835 1183
2: -62 15379 107471 1183
1: 62 162071 -112385 1183
3: 63 -6357 -123032 1183
3: 63 -23961 -114244 1183
4: -63 -25725 114244 1183
2: -63 66885 109850 1183
3: 63 -85683 -111958 1183
4: -63 -164775 111566 1183
4: -63 -173901 111540 1183
3: 64 -15239 -114244 1183
1: 64 44473 -107653 1183
2: -64 47801 107653 1183
3: 66 -663 -215306 1183
4: -66 -1521 157339 1183
1: 66 1911 -68107 1183
3: 66 -44421 -107653 1183
4: -66 -47853 107653 1183
1: 66 128037 -105456 1183
2: -68 3185 79092 1183
3: 68 -15379 -107471 1183
4: -68 -15379 107835 1183
2: -68 65065 101738 1183
4: -68 -213395 103259 1183
3: 72 -1911 -131820 1183
1: 72 17745 -93457 1183
3: 74 -637 -195533 1183
4: -74 -637 204321 1183
1: 74 3211 -74529 1183
1: 77 2197 -62790 1183
2: -77 2197 60242 1183
3: 77 -16393 -94640 1183
2: -77 50531 89544 1183
3: 77 -142805 -91308 1183
2: -78 399 -76895 1183
1: 78 441 48334 1183
4: -78 -735 180154 1183
3: 78 -1827 -123032 1183
4: -78 -1995 123032 1183
2: -78 2793 65910 1183
3: 78 -12789 -94471 1183
4: -78 -13965 94471 1183
2: -78 85683 88935 1183
4: -82 -553 199927 1183
3: 82 -76895 -86086 1183
2: -82 103259 84721 1183
3: 82 -165865 -85683 1183
4: -82 -181937 85683 1183
2: -83 245 -171366 1183
2: -84 441 -57122 1183
4: -84 -531 199927 1183
1: 84 1029 -28561 1183
2: -84 1521 42588 1183
2: -84 5733 72501 1183
4: -84 -6903 92274 1183
1: 84 13377 -79092 1183
2: -84 19773 80171 1183
3: 84 -23667 -85683 1183
4: -84 -26019 85683 1183
2: -84 74529 82472 1183
4: -84 -89739 83993 1183
1: 84 173901 -82979 1183
3: 86 -2197 -106379 1183
4: -86 -2197 108927 1183
4: -86 -5551 92274 1183
2: -87 6591 71344 1183
3: 87 -22815 -82810 1183
1: 91 1813 -48334 1183
3: 91 -1813 -105456 1183
2: -91 2009 48334 1183
4: -91 -2009 105456 1183
1: 91 28561 -75082 1183
2: -91 28561 74886 1183
3: 91 -28561 -78708 1183
4: -91 -28561 78904 1183
3: 92 -61243 -76895 1183
1: 93 2793 -57122 1183
2: -93 4095 61516 1183
4: -94 -4949 85683 1183
4: -94 -43771 75712 1183
4: -96 -4263 85683 1183
2: -96 46137 71708 1183
3: 97 -91091 -72670 1183
1: 98 169 211926 1183
2: -98 169 -245050 1183
4: -98 -455 188942 1183
1: 98 479 28561 1183
3: 98 -479 -171366 1183
2: -98 535 -28561 1183
4: -98 -535 171366 1183
4: -98 -749 142805 1183
2: -98 845 8112 1183
4: -98 -845 134693 1183
1: 98 1183 -30927 1183
2: -98 1183 26195 1183
3: 98 -1183 -111878 1183
4: -98 -1183 116610 1183
2: -98 1391 32955 1183
4: -98 -1391 109850 1183
1: 98 2197 -49608 1183
2: -98 2197 47060 1183
3: 98 -2197 -93197 1183
4: -98 -2197 95745 1183
1: 98 3353 -57122 1183
3: 98 -3353 -85683 1183
2: -98 3745 57122 1183
4: -98 -3745 85683 1183
2: -98 5915 62361 1183
1: 98 6227 -63713 1183
3: 98 -6227 -79092 1183
2: -98 6955 63713 1183
4: -98 -6955 79092 1183
2: -98 9737 65910 1183
2: -98 10985 66534 1183
4: -98 -10985 76271 1183
1: 98 15379 -68289 1183
2: -98 15379 67925 1183
3: 98 -15379 -74516 1183
4: -98 -15379 74880 1183
2: -98 18083 68445 1183
4: -98 -18083 74360 1183
1: 98 28561 -69726 1183
2: -98 28561 69530 1183
3: 98 -28561 -73079 1183
4: -98 -28561 73275 1183
1: 98 43589 -70304 1183
3: 98 -43589 -72501 1183
2: -98 48685 70304 1183
4: -98 -48685 72501 1183
4: -98 -76895 72098 1183
1: 98 80951 -70811 1183
3: 98 -80951 -71994 1183
2: -98 90415 70811 1183
4: -98 -90415 71994 1183
4: -98 -126581 71825 1183
2: -98 142805 71028 1183
4: -98 -142805 71777 1183
1: 98 199927 -71163 1183
2: -98 199927 71135 1183
3: 98 -199927 -71642 1183
4: -98 -199927 71670 1183
2: -98 235079 71175 1183
4: -98 -235079 71630 1183
3: 99 -46137 -71708 1183
4: -102 -351 215306 1183
1: 102 24843 -66755 1183
1: 103 28561 -66346 1183
2: -103 28561 66150 1183
1: 104 257 107653 1183
2: -104 289 -107653 1183
2: -104 833 6591 1183
3: 104 -1799 -92274 1183
4: -104 -2023 92274 1183
1: 104 12593 -63713 1183
2: -104 14161 63713 1183
1: 104 28561 -65709 1183
2: -104 28561 65513 1183
3: 104 -199927 -67508 1183
4: -104 -199927 67536 1183
3: 106 -329 -199927 1183
3: 106 -199927 -66234 1183
4: -106 -199927 66262 1183
3: 107 -3185 -79092 1183
2: -107 116441 64974 1183
3: 108 -6591 -71344 1183
4: -108 -24843 66755 1183
1: 112 169 183365 1183
2: -112 169 -216489 1183
3: 112 -247 -230685 1183
1: 112 1225 -28561 1183
1: 112 8281 -57460 1183
1: 112 10985 -58695 1183
3: 112 -12103 -65910 1183
3: 112 -16055 -65065 1183
4: -112 -24167 64428 1183
1: 113 107653 -61542 1183
2: -113 107653 61490 1183
1: 114 177957 -61152 1183
1: 116 2821 -46137 1183
4: -116 -3211 74529 1183
3: 117 -255 -215306 1183
4: -117 -291 215306 1183
1: 117 2499 -43940 1183
3: 117 -85683 -60270 1183
1: 119 1859 -37856 1183
1: 119 23177 -57122 1183
2: -119 26509 57122 1183
1: 122 161945 -57122 1183
2: -122 185857 57122 1183
3: 123 -161847 -57122 1183
4: -123 -185955 57122 1183
3: 126 -507 -127764 1183
3: 126 -1911 -74698 1183
3: 126 -6123 -61516 1183
4: -126 -7059 61516 1183
3: 126 -23079 -57122 1183
4: -126 -26607 57122 1183
4: -126 -85683 56028 1183
3: 132 -4095 -61516 1183
3: 133 -871 -92274 1183
4: -133 -8281 57460 1183
2: -133 10985 48958 1183
4: -133 -239473 52780 1183
1: 136 19097 -49686 1183
2: -138 5733 43940 1183
2: -138 38025 49686 1183
4: -143 -245 202124 1183
1: 143 1757 -30758 1183
2: -143 2065 30758 1183
4: -143 -142805 49196 1183
4: -144 -1911 68107 1183
3: 147 -195 -206518 1183
1: 147 273 65910 1183
3: 147 -465 -114244 1183
1: 147 507 13520 1183
4: -147 -549 114244 1183
1: 147 1209 -21970 1183
3: 147 -1365 -70304 1183
4: -147 -1521 71656 1183
3: 147 -2535 -59826 1183
3: 147 -3255 -57122 1183
1: 147 3549 -38870 1183
4: -147 -3843 57122 1183
3: 147 -6045 -52728 1183
1: 147 6591 -42900 1183
4: -147 -7137 52728 1183
1: 147 8463 -43940 1183
4: -147 -10647 51038 1183
1: 147 15717 -45630 1183
3: 147 -17745 -49348 1183
4: -147 -19773 49452 1183
3: 147 -32955 -48542 1183
3: 147 -42315 -48334 1183
1: 147 46137 -46930 1183
4: -147 -49959 48334 1183
3: 147 -78585 -47996 1183
1: 147 85683 -47240 1183
4: -147 -92781 47996 1183
1: 147 204321 -47450 1183
3: 147 -230685 -47736 1183
3: 152 -2695 -57122 1183
1: 152 10985 -43316 1183
4: -154 -377 138411 1183
1: 154 2197 -32032 1183
2: -154 2197 29484 1183
4: -154 -12103 48334 1183
2: -154 240149 45292 1183
2: -156 189 -138411 1183
3: 156 -1743 -61516 1183
4: -156 -2079 61516 1183
4: -168 -735 85683 1183
4: -168 -2535 54418 1183
3: 168 -5967 -46137 1183
4: -168 -7215 46137 1183
4: -168 -124215 41912 1183
1: 169 133 158522 1183
3: 169 -133 -241332 1183
2: -169 161 -158522 1183
4: -169 -161 241332 1183
1: 169 931 -12844 1183
3: 169 -931 -69966 1183
2: -169 1127 12844 1183
4: -169 -1127 69966 1183
1: 169 28561 -40474 1183
2: -169 28561 40278 1183
3: 169 -28561 -42336 1183
4: -169 -28561 42532 1183
1: 169 199927 -41272 1183
2: -169 199927 41244 1183
3: 169 -199927 -41538 1183
4: -169 -199927 41566 1183
1: 172 41405 -40053 1183
4: -173 -10985 43316 1183
1: 174 6591 -36309 1183
3: 177 -5733 -43940 1183
4: -178 -41405 40053 1183
2: -178 169169 39130 1183
1: 182 343 32955 1183
3: 182 -343 -109850 1183
1: 182 1715 -24167 1183
3: 182 -1715 -52728 1183
2: -182 2107 24167 1183
4: -182 -2107 52728 1183
1: 182 28561 -37590 1183
2: -182 28561 37394 1183
3: 182 -28561 -39305 1183
4: -182 -28561 39501 1183
1: 182 142805 -38276 1183
3: 182 -142805 -38619 1183
2: -189 429 -30758 1183
3: 189 -6591 -40586 1183
4: -189 -24843 38194 1183
2: -189 112047 36764 1183
2: -192 441 -28561 1183
1: 192 46137 -35945 1183
4: -193 -142805 36456 1183
4: -194 -2821 46137 1183
3: 196 -143 -193336 1183
1: 196 169 97682 1183
2: -196 169 -130806 1183
3: 196 -287 -114244 1183
3: 196 -451 -85683 1183
1: 196 533 6591 1183
4: -196 -563 85683 1183
1: 196 1001 -13182 1183
3: 196 -1183 -54756 1183
4: -196 -1183 59488 1183
3: 196 -1859 -47827 1183
1: 196 2197 -25441 1183
2: -196 2197 22893 1183
1: 196 3157 -28561 1183
3: 196 -3731 -41743 1183
2: -196 3941 28561 1183
3: 196 -5863 -39546 1183
1: 196 6929 -32448 1183
4: -196 -7319 39546 1183
1: 196 13013 -33969 1183
3: 196 -15379 -37167 1183
4: -196 -15379 37531 1183
3: 196 -24167 -36634 1183
1: 196 28561 -34912 1183
2: -196 28561 34716 1183
1: 196 41041 -35152 1183
3: 196 -48503 -36166 1183
2: -196 51233 35152 1183
3: 196 -76219 -35997 1183
1: 196 90077 -35451 1183
4: -196 -95147 35997 1183
1: 196 169169 -35568 1183
3: 196 -199927 -35814 1183
4: -196 -199927 35842 1183
2: -198 195 -107653 1183
4: -198 -46137 35945 1183
1: 201 147 114244 1183
1: 202 14365 -33124 1183
1: 203 5837 -30758 1183
2: -203 7345 30758 1183
4: -203 -248261 34580 1183
1: 206 28561 -33222 1183
2: -206 28561 33026 1183
3: 208 -1687 -46137 1183
4: -208 -2135 46137 1183
3: 208 -199927 -33747 1183
4: -208 -199927 33775 1183
3: 212 -199927 -33110 1183
4: -212 -199927 33138 1183
4: -216 -6591 36309 1183
3: 217 -245 -114244 1183
1: 218 143 107653 1183
1: 219 16653 -30758 1183
1: 222 6615 -28561 1183
2: -222 33033 30758 1183
3: 222 -59319 -31850 1183
4: -223 -14365 33124 1183
1: 224 8281 -28899 1183
2: -224 8281 28223 1183
1: 226 7987 -28561 1183
1: 226 107653 -30784 1183
2: -226 107653 30732 1183
3: 229 -107653 -30732 1183
4: -229 -107653 30784 1183
3: 231 -1521 -42588 1183
2: -231 1911 17576 1183
4: -233 -33215 30758 1183
4: -234 -147 193336 1183
3: 234 -237 -107653 1183
4: -234 -309 107653 1183
4: -234 -85683 30184 1183
3: 236 -16471 -30758 1183
2: -238 3185 21970 1183
4: -238 -3887 35490 1183
1: 238 21511 -28561 1183
2: -238 28175 28561 1183
2: -243 9555 26364 1183
1: 244 149989 -28561 1183
2: -244 197813 28561 1183
3: 246 -149793 -28561 1183
4: -246 -198009 28561 1183
3: 252 -147 -142805 1183
4: -252 -507 72163 1183
4: -252 -1911 39546 1183
3: 252 -5655 -30758 1183
4: -252 -7527 30758 1183
3: 252 -21315 -28561 1183
4: -252 -28371 28561 1183
3: 252 -85683 -27965 1183
4: -258 -735 57122 1183
3: 259 -637 -52728 1183
3: 264 -7791 -28561 1183
1: 264 9633 -24843 1183
4: -266 -1859 37856 1183
3: 266 -8281 -28223 1183
4: -266 -8281 28899 1183
3: 268 -6419 -28561 1183
2: -268 254345 26026 1183
1: 273 147 79092 1183
2: -273 441 -21970 1183
3: 273 -1617 -35152 1183
4: -273 -2205 35152 1183
1: 273 85683 -25452 1183
3: 282 -9555 -26364 1183
1: 286 1603 -15379 1183
2: -286 2219 15379 1183
1: 294 117 96668 1183
2: -294 273 -48334 1183
3: 294 -423 -57122 1183
2: -294 507 -15041 1183
4: -294 -591 57122 1183
1: 294 819 -6591 1183
1: 294 1521 -14534 1183
3: 294 -2961 -28561 1183
2: -294 3549 18252 1183
4: -294 -4137 28561 1183
3: 294 -5499 -26364 1183
2: -294 6591 20813 1183
4: -294 -7683 26364 1183
1: 294 19773 -23088 1183
3: 294 -38493 -24167 1183
2: -294 46137 23374 1183
4: -294 -53781 24167 1183
3: 294 -71487 -23998 1183
2: -294 85683 23571 1183
4: -294 -99879 23998 1183
1: 294 138411 -23699 1183
3: 301 -2197 -29484 1183
4: -301 -2197 32032 1183
3: 306 -147 -114244 1183
4: -306 -9633 24843 1183
2: -308 85 -199927 1183
1: 308 2197 -16653 1183
2: -308 2197 14105 1183
3: 312 -63 -230685 1183
3: 312 -1575 -30758 1183
4: -312 -2247 30758 1183
3: 322 -845 -36673 1183
3: 322 -52871 -21970 1183
3: 328 -143 -107653 1183
4: -328 -76895 21567 1183
3: 329 -343 -57122 1183
1: 332 245 28561 1183
1: 338 49 222066 1183
1: 338 119 79261 1183
3: 338 -119 -120666 1183
2: -338 175 -79261 1183
4: -338 -175 120666 1183
2: -338 245 -50700 1183
4: -338 -245 92105 1183
1: 338 833 -6422 1183
3: 338 -833 -34983 1183
2: -338 1225 6422 1183
4: -338 -1225 34983 1183
1: 338 28561 -20286 1183
2: -338 28561 20090 1183
3: 338 -28561 -21119 1183
4: -338 -28561 21315 1183
2: -338 142805 20580 1183
4: -338 -142805 20825 1183
1: 338 199927 -20643 1183
2: -338 199927 20615 1183
3: 338 -199927 -20762 1183
4: -338 -199927 20790 1183
2: -343 455 -17576 1183
4: -343 -5915 23322 1183
4: -343 -11011 21970 1183
2: -343 76895 20176 1183
2: -343 143143 20280 1183
4: -348 -195 107653 1183
2: -363 98865 19110 1183
1: 364 49 202124 1183
3: 364 -1519 -26364 1183
4: -364 -2303 26364 1183
1: 364 28561 -18844 1183
2: -364 28561 18648 1183
1: 377 10535 -17576 1183
2: -377 16219 17576 1183
3: 378 -57 -199927 1183
3: 378 -1029 -28561 1183
4: -378 -6591 20930 1183
2: -378 20787 17745 1183
1: 383 14651 -17576 1183
1: 392 65 134017 1183
3: 392 -79 -142805 1183
1: 392 169 40560 1183
2: -392 169 -73684 1183
3: 392 -455 -39546 1183
3: 392 -1183 -26195 1183
4: -392 -1183 30927 1183
3: 392 -5135 -19773 1183
4: -392 -8047 19773 1183
1: 392 10985 -16952 1183
3: 392 -13351 -18590 1183
1: 392 28561 -17505 1183
2: -392 28561 17309 1183
1: 392 35945 -17576 1183
2: -392 56329 17576 1183
3: 392 -76895 -17979 1183
3: 392 -199927 -17900 1183
4: -392 -199927 17928 1183
4: -398 -93457 17745 1183
2: -399 4563 14196 1183
3: 399 -250341 -17576 1183
2: -402 147 -85683 1183
4: -403 -245 79092 1183
4: -403 -3283 21970 1183
3: 406 -833 -28561 1183
1: 406 5083 -15379 1183
1: 412 28561 -16660 1183
2: -412 28561 16464 1183
1: 413 49 171366 1183
1: 421 199927 -16576 1183
2: -421 199927 16548 1183
4: -422 -14651 17576 1183
3: 424 -199927 -16548 1183
4: -424 -199927 16576 1183
1: 426 8463 -15379 1183
1: 429 63 123032 1183
3: 433 -28561 -16464 1183
4: -433 -28561 16660 1183
3: 441 -39 -232882 1183
4: -441 -507 43602 1183
3: 441 -3549 -18252 1183
3: 441 -4953 -17576 1183
4: -441 -8229 17576 1183
4: -441 -46137 16172 1183
3: 441 -85683 -15966 1183
2: -442 1519 6591 1183
1: 452 107653 -15405 1183
2: -452 107653 15353 1183
1: 454 240331 -15379 1183
3: 456 -239967 -15379 1183
3: 458 -107653 -15353 1183
4: -458 -107653 15405 1183
1: 462 1911 -10985 1183
3: 462 -124215 -15210 1183
3: 468 -147 -68107 1183
2: -468 3381 10985 1183
3: 468 -85683 -15043 1183
1: 472 49 142805 1183
1: 482 35 199927 1183
1: 483 5733 -13182 1183
3: 484 -8099 -15379 1183
2: -491 233051 14196 1183
4: -497 -767 30758 1183
3: 497 -61685 -14196 1183
4: -497 -109681 14196 1183
1: 504 33 199927 1183
3: 504 -1911 -17576 1183
3: 504 -4719 -15379 1183
3: 507 -105 -80444 1183
1: 507 147 33800 1183
4: -507 -189 80444 1183
3: 507 -735 -23322 1183
4: -507 -1323 23322 1183
1: 507 85683 -13720 1183
3: 518 -637 -24167 1183
4: -518 -637 32955 1183
1: 522 124215 -13351 1183
1: 524 38857 -13182 1183
4: -528 -124215 13351 1183
1: 532 10985 -12558 1183
3: 532 -155987 -13195 1183
3: 532 -226135 -13182 1183
4: -534 -154791 13182 1183
3: 539 -91 -83486 1183
4: -539 -91 145002 1183
1: 539 2197 -10062 1183
2: -539 2197 7514 1183
3: 539 -32123 -13182 1183
4: -539 -60151 13182 1183
3: 542 -49 -142805 1183
1: 542 37349 -12740 1183
3: 546 -27 -246064 1183
4: -546 -51 246064 1183
2: -546 147 -68107 1183
3: 546 -1323 -17576 1183
4: -546 -2499 17576 1183
2: -546 85683 12677 1183
4: -552 -63 199927 1183
4: -553 -22295 13182 1183
3: 559 -9163 -13182 1183
4: -559 -17591 13182 1183
4: -563 -37349 12740 1183
1: 564 19773 -12103 1183
1: 567 11661 -11830 1183
4: -574 -61 199927 1183
4: -574 -143 92274 1183
1: 588 273 8788 1183
3: 588 -339 -28561 1183
4: -588 -351 43940 1183
4: -588 -675 28561 1183
1: 588 3549 -10309 1183
3: 588 -4407 -13182 1183
4: -588 -4563 14365 1183
4: -588 -8775 13182 1183
2: -588 12285 10985 1183
1: 588 46137 -11778 1183
3: 588 -57291 -11999 1183
4: -588 -59319 12090 1183
4: -588 -114075 11999 1183
3: 602 -2197 -14105 1183
4: -602 -2197 16653 1183
1: 602 41405 -11492 1183
4: -606 -19773 12103 1183
2: -609 6591 9828 1183
4: -612 -147 85683 1183
3: 612 -164775 -11466 1183
4: -623 -41405 11492 1183
2: -624 441 -13182 1183
3: 624 -1239 -15379 1183
4: -624 -2583 15379 1183
1: 637 25 188942 1183
3: 637 -25 -210912 1183
1: 637 35 131820 1183
2: -637 53 -188942 1183
4: -637 -53 210912 1183
1: 637 175 17576 1183
3: 637 -175 -39546 1183
2: -637 371 -17576 1183
4: -637 -371 39546 1183
1: 637 28561 -10810 1183
2: -637 28561 10614 1183
3: 637 -28561 -11160 1183
4: -637 -28561 11356 1183
1: 637 142805 -10950 1183
3: 637 -142805 -11020 1183
1: 637 199927 -10960 1183
2: -637 199927 10932 1183
3: 637 -199927 -11010 1183
4: -637 -199927 11038 1183
4: -639 -85683 11074 1183
3: 644 -247 -30758 1183
1: 676 49 82472 1183
2: -676 49 -196716 1183
4: -676 -203 60333 1183
2: -676 1421 3211 1183
2: -676 28561 9996 1183
4: -676 -199927 10402 1183
3: 682 -245 -28561 1183
4: -686 -133 85683 1183
2: -686 259 -28561 1183
2: -686 1729 4394 1183
4: -686 -3367 13182 1183
2: -686 43771 9971 1183
3: 689 -199927 -10178 1183
4: -689 -199927 10206 1183
1: 702 105 30758 1183
1: 714 24843 -9633 1183
1: 721 4459 -8788 1183
1: 721 28561 -9562 1183
2: -721 28561 9366 1183
3: 728 -23 -184548 1183
1: 728 49 72501 1183
2: -728 49 -186745 1183
4: -728 -55 184548 1183
3: 728 -1127 -13182 1183
4: -728 -2695 13182 1183
1: 728 28561 -9471 1183
2: -728 28561 9275 1183
1: 754 7693 -8788 1183
2: -754 19061 8788 1183
3: 756 -6591 -9828 1183
4: -756 -24843 9633 1183
2: -763 207025 9126 1183
1: 767 49 65910 1183
2: -767 49 -180154 1183
2: -768 28665 8788 1183
4: -784 -119 85683 1183
1: 784 169 11999 1183
2: -784 169 -45123 1183
2: -784 2873 5746 1183
2: -784 3913 6591 1183
1: 784 25753 -8788 1183
2: -784 66521 8788 1183
4: -784 -94471 9022 1183
3: 784 -199927 -8943 1183
4: -784 -199927 8971 1183
1: 791 107653 -8814 1183
2: -791 107653 8762 1183
3: 798 -177723 -8788 1183
3: 807 -28665 -8788 1183
3: 812 -120835 -8645 1183
2: -814 28223 8281 1183
3: 819 -85683 -8582 1183
4: -822 -441 28561 1183
1: 824 28561 -8379 1183
2: -824 28561 8183 1183
1: 826 49 57122 1183
2: -826 49 -171366 1183
1: 833 91 26364 1183
2: -833 91 -87880 1183
3: 833 -15379 -8606 1183
4: -833 -15379 8970 1183
4: -833 -176267 8450 1183
1: 834 28899 -8281 1183
1: 842 199927 -8295 1183
2: -842 199927 8267 1183
2: -847 57967 8112 1183
3: 848 -199927 -8267 1183
4: -848 -199927 8295 1183
3: 856 -28223 -8281 1183
3: 866 -28561 -8183 1183
4: -866 -28561 8379 1183
2: -868 65 -123032 1183
3: 868 -57967 -8112 1183
4: -876 -28899 8281 1183
3: 882 -21 -142805 1183
4: -882 -39 224094 1183
2: -882 69 -114244 1183
1: 882 195 6591 1183
2: -882 231 -28561 1183
3: 882 -507 -13520 1183
3: 882 -3315 -8788 1183
4: -882 -3549 10309 1183
2: -882 5577 6422 1183
2: -882 6279 6591 1183
1: 882 8619 -7605 1183
4: -882 -9867 8788 1183
1: 882 17745 -7774 1183
3: 882 -46137 -7995 1183
4: -882 -85683 8032 1183
2: -882 151593 7878 1183
1: 903 39 61516 1183
1: 938 13 184548 1183
2: -938 5239 5915 1183
1: 952 3185 -6591 1183
2: -966 351 -15379 1183
1: 972 230685 -7189 1183
3: 973 -13 -184548 1183
4: -978 -230685 7189 1183
4: -988 -35 230685 1183
4: -994 -4459 8788 1183
3: 994 -37687 -7098 1183
1: 1001 833 -4394 1183
2: -1001 2989 4394 1183
3: 1008 -39 -61516 1183
4: -1008 -1911 10985 1183
3: 1014 -9 -240149 1183
4: -1014 -33 240149 1183
3: 1014 -63 -40222 1183
2: -1014 147 -45461 1183
4: -1014 -231 40222 1183
3: 1014 -441 -11661 1183
4: -1014 -1617 11661 1183
2: -1014 85683 6811 1183
2: -1022 29939 6591 1183
1: 1022 94471 -6825 1183
2: -1029 63 -114244 1183
2: -1029 10647 6084 1183
2: -1036 46501 6591 1183
4: -1043 -65 123032 1183
4: -1043 -19435 7098 1183
1: 1046 19747 -6591 1183
2: -1056 212121 6591 1183
3: 1064 -129311 -6591 1183
4: -1066 -1127 13182 1183
4: -1071 -147 57122 1183
3: 1078 -91 -26364 1183
4: -1078 -91 87880 1183
1: 1078 2197 -5668 1183
2: -1078 2197 3120 1183
2: -1078 5915 5239 1183
3: 1078 -18109 -6591 1183
4: -1078 -27547 6760 1183
4: -1078 -74165 6591 1183
4: -1078 -142805 6543 1183
3: 1092 -15 -123032 1183
3: 1092 -735 -8788 1183
4: -1092 -3087 8788 1183
3: 1118 -4949 -6591 1183
4: -1118 -21805 6591 1183
4: -1124 -19747 6591 1183
3: 1127 -845 -8112 1183
4: -1157 -287 30758 1183
3: 1176 -63 -28561 1183
2: -1176 273 -19773 1183
3: 1176 -2223 -6591 1183
3: 1176 -10647 -6084 1183
4: -1176 -10959 6591 1183
2: -1176 46137 5798 1183
1: 1183 49 22646 1183
2: -1183 49 -136890 1183
3: 1183 -49 -34476 1183
4: -1183 -49 148720 1183
2: -1183 245 -22646 1183
4: -1183 -245 34476 1183
1: 1183 28561 -5866 1183
2: -1183 28561 5670 1183
3: 1183 -28561 -5964 1183
4: -1183 -28561 6160 1183
2: -1183 142805 5866 1183
4: -1183 -142805 5964 1183
2: -1209 189 -30758 1183
1: 1214 41743 -5733 1183
1: 1218 6591 -5551 1183
3: 1232 -5239 -5915 1183
4: -1256 -41743 5733 1183
2: -1257 85683 5488 1183
1: 1274 7 151593 1183
3: 1274 -7 -162578 1183
1: 1274 11 94471 1183
3: 1274 -11 -105456 1183
2: -1274 67 -94471 1183
4: -1274 -67 105456 1183
1: 1274 77 8788 1183
3: 1274 -77 -19773 1183
2: -1274 469 -8788 1183
4: -1274 -469 19773 1183
1: 1274 28561 -5454 1183
2: -1274 28561 5258 1183
3: 1274 -28561 -5531 1183
4: -1274 -28561 5727 1183
1: 1274 199927 -5487 1183
2: -1274 199927 5459 1183
3: 1274 -199927 -5498 1183
4: -1274 -199927 5526 1183
3: 1278 -85683 -5488 1183
2: -1323 105 -57122 1183
3: 1323 -273 -8788 1183
2: -1323 2535 2704 1183
3: 1323 -6591 -5434 1183
2: -1323 29913 5070 1183
1: 1339 28561 -5194 1183
2: -1339 28561 4998 1183
2: -1344 13689 4732 1183
3: 1352 -7 -130130 1183
1: 1352 49 12675 1183
2: -1352 49 -126919 1183
1: 1352 28561 -5145 1183
2: -1352 28561 4949 1183
3: 1352 -199927 -5180 1183
4: -1352 -199927 5208 1183
3: 1372 -35 -28561 1183
3: 1372 -5915 -5239 1183
1: 1372 27209 -5070 1183
3: 1378 -199927 -5082 1183
4: -1378 -199927 5110 1183
1: 1421 1313 -4394 1183
2: -1421 11869 4394 1183
4: -1421 -13013 5408 1183
1: 1442 28561 -4830 1183
2: -1442 28561 4634 1183
4: -1456 -71 92274 1183
3: 1456 -343 -6591 1183
4: -1456 -3479 6591 1183
2: -1463 15925 4394 1183
3: 1491 -13689 -4732 1183
4: -1491 -157677 4732 1183
4: -1498 -3185 6591 1183
1: 1508 2009 -4394 1183
2: -1508 24745 4394 1183
4: -1512 -6591 5551 1183
1: 1519 15379 -4576 1183
2: -1519 15379 4212 1183
3: 1521 -147 -7774 1183
3: 1521 -85683 -4606 1183
1: 1534 49 4394 1183
2: -1534 49 -118638 1183
3: 1568 -7 -57122 1183
4: -1568 -455 17576 1183
1: 1568 5369 -4394 1183
2: -1568 86905 4394 1183
2: -1574 115297 4394 1183
1: 1582 107653 -4420 1183
2: -1586 539 -6591 1183
1: 1589 33761 -4394 1183
1: 1592 232505 -4394 1183
3: 1593 -231231 -4394 1183
2: -1596 117 -46137 1183
3: 1596 -32487 -4394 1183
4: -1603 -107653 4420 1183
4: -1611 -116571 4394 1183
4: -1617 -663 13182 1183
3: 1617 -4095 -4394 1183
2: -1617 9633 3718 1183
4: -1617 -88179 4394 1183
4: -1638 -147 43940 1183
4: -1638 -85683 4340 1183
2: -1652 49 -114244 1183
3: 1664 -7 -30758 1183
1: 1666 91 -2197 1183
2: -1666 91 -59319 1183
3: 1666 -15379 -4212 1183
4: -1666 -15379 4576 1183
3: 1677 -735 -4394 1183
4: -1677 -26019 4394 1183
4: -1722 -17199 4394 1183
4: -1743 -32955 4186 1183
3: 1764 -39 -4394 1183
4: -1764 -507 15041 1183
4: -1764 -13143 4394 1183
3: 1764 -85683 -3967 1183
4: -1794 -63 92274 1183
2: -1806 39 -138411 1183
2: -1813 325 -13182 1183
1: 1831 248261 -3822 1183
2: -1848 98865 3731 1183
1: 1862 10985 -3770 1183
1: 1876 13 -15379 1183
4: -1897 -49 114244 1183
1: 1911 3 -70304 1183
1: 1911 21 -13182 1183
4: -1911 -81 70304 1183
4: -1911 -567 13182 1183
1: 1911 85683 -3664 1183
3: 1946 -13 15379 1183
2: -1974 19773 3276 1183
1: 1988 10309 -3549 1183
4: -1988 -181675 3549 1183
4: -1989 -147 39546 1183
3: 2002 -245 -2197 1183
2: -2002 4067 2197 1183
3: 2002 -142805 -3493 1183
2: -2009 103259 3432 1183
4: -2016 -39 138411 1183
1: 2028 21 -20111 1183
4: -2028 -315 20111 1183
2: -2028 441 -8450 1183
2: -2054 931 -2197 1183
1: 2072 140777 -3380 1183
1: 2102 142805 -3332 1183
3: 2107 -2197 -3120 1183
4: -2107 -2197 5668 1183
3: 2121 -19773 -3276 1183
4: -2123 -142805 3332 1183
2: -2128 10985 2821 1183
3: 2156 -91 2197 1183
4: -2156 -91 59319 1183
1: 2156 2197 -3471 1183
2: -2156 2197 923 1183
2: -2158 245 -17576 1183
1: 2184 9 -61516 1183
4: -2184 -87 61516 1183
1: 2184 441 -4394 1183
4: -2184 -4263 4394 1183
1: 2197 5 -110838 1183
3: 2197 -5 104468 1183
1: 2197 7 -80080 1183
3: 2197 -7 73710 1183
1: 2197 35 -18564 1183
3: 2197 -35 12194 1183
2: -2197 47 -104468 1183
4: -2197 -47 110838 1183
1: 2197 49 -14170 1183
2: -2197 49 -100074 1183
3: 2197 -49 7800 1183
4: -2197 -49 106444 1183
1: 2197 245 -5382 1183
3: 2197 -245 -988 1183
2: -2197 329 -12194 1183
4: -2197 -329 18564 1183
1: 2197 2197 -3430 1183
2: -2197 2197 882 1183
3: 2197 -2197 -2940 1183
4: -2197 -2197 5488 1183
2: -2197 2303 988 1183
4: -2197 -2303 5382 1183
1: 2197 10985 -3234 1183
3: 2197 -10985 -3136 1183
1: 2197 15379 -3220 1183
2: -2197 15379 2856 1183
3: 2197 -15379 -3150 1183
4: -2197 -15379 3514 1183
1: 2197 76895 -3192 1183
3: 2197 -76895 -3178 1183
2: -2197 103259 3136 1183
4: -2197 -103259 3234 1183
1: 2197 107653 -3190 1183
2: -2197 107653 3138 1183
3: 2197 -107653 -3180 1183
4: -2197 -107653 3232 1183
4: -2226 -117 46137 1183
4: -2226 -74529 3211 1183
3: 2268 -3 199927 1183
4: -2282 -10309 3549 1183
1: 2303 178633 -3042 1183
4: -2338 -25 199927 1183
3: 2352 -2535 -2704 1183
1: 2352 46137 -2990 1183
1: 2366 49 -17238 1183
3: 2366 -49 11323 1183
2: -2366 343 -11323 1183
4: -2366 -343 17238 1183
1: 2366 28561 -2982 1183
2: -2366 28561 2786 1183
3: 2366 -28561 -2933 1183
4: -2366 -28561 3129 1183
2: -2422 7007 2197 1183
3: 2422 -10985 -2821 1183
1: 2429 24167 -2912 1183
4: -2499 -3003 4394 1183
1: 2514 85683 -2793 1183
3: 2548 -7 118638 1183
1: 2548 17 -52728 1183
4: -2548 -19 252655 1183
4: -2548 -95 52728 1183
3: 2548 -119 4394 1183
2: -2548 133 -32955 1183
2: -2548 665 -4394 1183
1: 2548 28561 -2776 1183
2: -2548 28561 2580 1183
2: -2548 142805 2713 1183
3: 2548 -199927 -2742 1183
4: -2548 -199927 2770 1183
4: -2556 -85683 2793 1183
2: -2562 173901 2704 1183
4: -2576 -24167 2912 1183
3: 2583 -173901 -2704 1183
3: 2597 -199927 -2690 1183
4: -2597 -199927 2718 1183
1: 2613 147 -8788 1183
4: -2646 -273 19773 1183
4: -2646 -6591 3354 1183
4: -2653 -50531 2730 1183
1: 2678 28561 -2646 1183
2: -2678 28561 2450 1183
3: 2702 -142805 -2583 1183
3: 2704 -7 134862 1183
3: 2704 -199927 -2583 1183
4: -2704 -199927 2611 1183
1: 2752 186745 -2548 1183
3: 2756 -199927 -2534 1183
4: -2756 -199927 2562 1183
4: -2773 -186745 2548 1183
2: -2814 147 -28561 1183
3: 2842 -3965 -2197 1183
2: -2842 17147 2197 1183
1: 2842 134017 -2470 1183
4: -2856 -351 15379 1183
4: -2873 -385 14196 1183
1: 2884 28561 -2464 1183
2: -2884 28561 2268 1183
2: -2891 403 -8788 1183
4: -2891 -7267 3042 1183
1: 2912 25 -46137 1183
4: -2912 -103 46137 1183
3: 2933 -55939 -2366 1183
2: -2933 227305 2366 1183
3: 2968 -7007 -2197 1183
1: 2982 58305 -2366 1183
4: -2982 -229671 2366 1183
3: 3016 -9359 -2197 1183
2: -3016 36113 2197 1183
3: 3031 -28561 -2268 1183
4: -3031 -28561 2464 1183
2: -3038 65 -65910 1183
1: 3038 15379 -2379 1183
2: -3038 15379 2015 1183
4: -3038 -120835 2340 1183
3: 3042 -21 53235 1183
4: -3042 -147 32448 1183
1: 3042 735 -3887 1183
4: -3042 -2793 3887 1183
4: -3042 -85683 2352 1183
1: 3068 49 -26364 1183
2: -3068 49 -87880 1183
2: -3076 56693 2197 1183
2: -3133 35 -123032 1183
3: 3136 -7 171366 1183
3: 3136 -35399 -2197 1183
2: -3136 127673 2197 1183
3: 3154 -56693 -2197 1183
1: 3164 107653 -2223 1183
2: -3164 107653 2171 1183
3: 3178 -255437 -2197 1183
1: 3198 21 -61516 1183
3: 3206 -107653 -2171 1183
4: -3206 -107653 2223 1183
3: 3211 -833 -676 1183
2: -3211 2891 676 1183
1: 3216 59241 -2197 1183
2: -3234 31941 2028 1183
1: 3234 37947 -2197 1183
4: -3234 -130221 2197 1183
1: 3263 7 -184548 1183
3: 3276 -147 6591 1183
3: 3276 -85683 -2121 1183
1: 3283 13 -101062 1183
4: -3294 -59241 2197 1183
1: 3304 49 -28561 1183
2: -3304 49 -85683 1183
3: 3328 -7 184548 1183
3: 3332 -15379 -2015 1183
4: -3332 -15379 2379 1183
1: 3354 11907 -2197 1183
4: -3354 -38661 2197 1183
3: 3381 -31941 -2028 1183
3: 3393 -21 61516 1183
1: 3402 9555 -2197 1183
1: 3479 82303 -2028 1183
4: -3479 -253669 2028 1183
3: 3523 -49 26364 1183
4: -3523 -49 87880 1183
4: -3528 -39 109850 1183
1: 3528 6513 -2197 1183
4: -3528 -19695 2197 1183
1: 3549 147 -11492 1183
4: -3549 -441 11492 1183
1: 3549 85683 -1988 1183
3: 3577 -226291 -1950 1183
1: 3684 125229 -1911 1183
4: -3718 -245 18759 1183
4: -3726 -125229 1911 1183
3: 3794 -49 28561 1183
4: -3794 -49 85683 1183
3: 3822 -9 164775 1183
2: -3822 21 -193336 1183
1: 3822 45 -35152 1183
3: 3822 -63 21970 1183
4: -3822 -123 35152 1183
1: 3822 315 -6591 1183
4: -3822 -861 6591 1183
2: -3822 85683 1783 1183
1: 3887 1225 -3042 1183
4: -3887 -3283 3042 1183
3: 3913 -47 30758 1183
2: -3913 125 -30758 1183
4: -3948 -9555 2197 1183
3: 3978 -147 8788 1183
4: -4018 -76895 1794 1183
4: -4116 -819 6591 1183
3: 4214 -2197 -923 1183
4: -4214 -2197 3471 1183
4: -4263 -195 21970 1183
2: -4263 6591 1040 1183
4: -4263 -81627 1690 1183
4: -4277 -343 13182 1183
4: -4284 -147 28561 1183
4: -4312 -47 85683 1183
2: -4312 481 -6591 1183
1: 4312 24505 -1690 1183
1: 4368 57 -30758 1183
4: -4368 -135 30758 1183
1: 4368 2793 -2197 1183
4: -4368 -6615 2197 1183
1: 4394 7 -239967 1183
3: 4394 -7 236782 1183
1: 4394 31 -55419 1183
3: 4394 -31 52234 1183
1: 4394 49 -35646 1183
2: -4394 49 -78598 1183
3: 4394 -49 32461 1183
4: -4394 -49 81783 1183
2: -4394 73 -52234 1183
4: -4394 -73 55419 1183
1: 4394 217 -9282 1183
3: 4394 -217 6097 1183
2: -4394 511 -6097 1183
4: -4394 -511 9282 1183
1: 4394 1519 -2691 1183
3: 4394 -1519 -494 1183
1: 4394 2197 -2352 1183
2: -4394 2197 -196 1183
3: 4394 -2197 -833 1183
4: -4394 -2197 3381 1183
2: -4394 3577 494 1183
4: -4394 -3577 2691 1183
1: 4394 15379 -1701 1183
2: -4394 15379 1337 1183
3: 4394 -15379 -1484 1183
4: -4394 -15379 1848 1183
1: 4394 68107 -1617 1183
3: 4394 -68107 -1568 1183
1: 4394 107653 -1608 1183
2: -4394 107653 1556 1183
3: 4394 -107653 -1577 1183
4: -4394 -107653 1629 1183
2: -4394 160381 1568 1183
4: -4394 -160381 1617 1183
4: -4433 -245 17576 1183
2: -4446 231 -15379 1183
4: -4473 -85683 1610 1183
3: 4508 -24167 -1482 1183
2: -4563 105 -35490 1183
1: 4634 157339 -1521 1183
4: -4676 -157339 1521 1183
1: 4704 2457 -2197 1183
2: -4704 46137 1404 1183
4: -4719 -1323 4394 1183
1: 4732 49 -37180 1183
2: -4732 49 -77064 1183
1: 4732 245 -8619 1183
4: -4732 -539 8619 1183
1: 4732 28561 -1540 1183
2: -4732 28561 1344 1183
1: 4732 142805 -1491 1183
3: 4753 -299 4394 1183
3: 4851 -46137 -1404 1183
1: 4901 37 -49686 1183
4: -4901 -79 49686 1183
4: -4998 -45 85683 1183
4: -5018 -142805 1421 1183
1: 5047 28561 -1450 1183
2: -5047 28561 1254 1183
1: 5096 73 -26364 1183
4: -5096 -151 26364 1183
3: 5096 -511 2197 1183
2: -5096 1057 -2197 1183
1: 5096 28561 -1437 1183
2: -5096 28561 1241 1183
3: 5096 -199927 -1364 1183
4: -5096 -199927 1392 1183
3: 5194 -199927 -1338 1183
4: -5194 -199927 1366 1183
2: -5226 147 -24167 1183
3: 5292 -6591 -1040 1183
4: -5341 -235079 1326 1183
1: 5356 133 -15379 1183
1: 5356 28561 -1372 1183
2: -5356 28561 1176 1183
1: 5369 49 -39546 1183
2: -5369 49 -74698 1183
1: 5473 199927 -1288 1183
2: -5473 199927 1260 1183
3: 5512 -199927 -1260 1183
4: -5512 -199927 1288 1183
3: 5572 -26195 -1183 1183
1: 5586 117 -17576 1183
2: -5629 17 -215306 1183
3: 5629 -28561 -1176 1183
4: -5629 -28561 1372 1183
3: 5642 -245 6591 1183
1: 5694 9 -215306 1183
4: -5733 -21 175760 1183
2: -5733 33 -109850 1183
1: 5733 609 -4394 1183
4: -5733 -1155 4394 1183
3: 5733 -85683 -1198 1183
1: 5746 329 -7098 1183
4: -5746 -623 7098 1183
1: 5768 28561 -1281 1183
2: -5768 28561 1085 1183
2: -5876 77 -46137 1183
2: -6027 21 -171366 1183
3: 6062 -28561 -1085 1183
4: -6062 -28561 1281 1183
2: -6069 59319 1092 1183
3: 6084 -147 12337 1183
3: 6084 -85683 -1127 1183
1: 6136 49 -41743 1183
2: -6136 49 -72501 1183
3: 6216 -59319 -1092 1183
1: 6258 30927 -1183 1183
2: -6272 121 -28561 1183
2: -6272 35321 1014 1183
1: 6321 39 -52728 1183
2: -6396 21 -169169 1183
3: 6422 -35 56784 1183
3: 6422 -2695 -338 1183
2: -6422 4753 338 1183
3: 6517 -35 57122 1183
1: 6566 13 -158184 1183
1: 6591 21 -98462 1183
1: 6591 57 -36946 1183
2: -6591 63 -55328 1183
4: -6591 -99 36946 1183
1: 6591 147 -14976 1183
1: 6591 399 -6188 1183
2: -6591 441 -6994 1183
4: -6591 -693 6188 1183
1: 6591 2793 -1794 1183
4: -6591 -4851 1794 1183
1: 6591 6591 -1372 1183
2: -6591 19773 882 1183
1: 6591 46137 -1106 1183
1: 6591 125229 -1078 1183
2: -6591 138411 1036 1183
4: -6591 -217503 1078 1183
4: -6762 -63 57122 1183
1: 6762 75 -28561 1183
4: -6786 -21 169169 1183
3: 6811 -13 158184 1183
1: 6909 19773 -1118 1183
3: 6929 -61 33124 1183
2: -6929 103 -33124 1183
1: 6958 250289 -1014 1183
3: 7007 -142805 -984 1183
3: 7046 -49 41743 1183
4: -7046 -49 72501 1183
3: 7056 -39 52728 1183
1: 7098 9 -234234 1183
4: -7098 -15 234234 1183
2: -7098 147 -22815 1183
1: 7098 441 -5746 1183
4: -7098 -735 5746 1183
2: -7098 85683 945 1183
3: 7189 -17 123032 1183
4: -7306 -77 46137 1183
1: 7357 142805 -966 1183
2: -7448 1105 -2197 1183
2: -7448 10985 624 1183
2: -7448 36673 845 1183
2: -7553 245 -13182 1183
1: 7644 21 -103259 1183
1: 7644 129 -17576 1183
4: -7644 -207 17576 1183
1: 7693 19 -114244 1183
3: 7693 -41743 -858 1183
3: 7742 -36673 -845 1183
1: 7774 3479 -1521 1183
4: -7774 -5537 1521 1183
3: 7791 -117 17576 1183
1: 7812 151593 -910 1183
2: -7826 211 -15379 1183
4: -7938 -975 4394 1183
2: -7938 93795 845 1183
4: -7956 -147 24167 1183
1: 8134 79 -28561 1183
1: 8281 11 -200772 1183
3: 8281 -11 199082 1183
2: -8281 17 -199082 1183
4: -8281 -17 200772 1183
1: 8281 77 -29406 1183
3: 8281 -77 27716 1183
2: -8281 119 -27716 1183
4: -8281 -119 29406 1183
1: 8281 28561 -922 1183
2: -8281 28561 726 1183
3: 8281 -28561 -768 1183
4: -8281 -28561 964 1183
1: 8281 199927 -856 1183
2: -8281 199927 828 1183
3: 8281 -199927 -834 1183
4: -8281 -199927 862 1183
4: -8307 -85683 882 1183
1: 8372 29 -76895 1183
1: 8424 1617 -2197 1183
3: 8477 -10985 -624 1183
4: -8526 -2457 2197 1183
1: 8526 6591 -1157 1183
1: 8619 567 -4732 1183
4: -8619 -861 4732 1183
1: 8736 153 -15379 1183
2: -8788 25 -133770 1183
4: -8788 -35 96915 1183
1: 8788 49 -46384 1183
2: -8788 49 -67860 1183
3: 8788 -83 26117 1183
2: -8788 125 -26117 1183
4: -8788 -175 20020 1183
2: -8788 245 -12935 1183
1: 8788 581 -4641 1183
4: -8788 -875 4641 1183
2: -8788 1225 -1950 1183
1: 8788 2197 -1813 1183
2: -8788 2197 -735 1183
3: 8788 -4067 -247 1183
2: -8788 6125 247 1183
2: -8788 10985 490 1183
3: 8788 -15379 -651 1183
4: -8788 -15379 1015 1183
2: -8788 54925 735 1183
4: -8788 -76895 840 1183
1: 8788 107653 -817 1183
2: -8788 107653 765 1183
3: 8788 -182351 -784 1183
2: -8799 85683 756 1183
4: -8918 -35 96668 1183
4: -8918 -329 10985 1183
3: 8946 -85683 -756 1183
3: 8957 -199927 -770 1183
4: -8957 -199927 798 1183
1: 9212 221 -10985 1183
1: 9373 28561 -826 1183
2: -9373 28561 630 1183
1: 9408 46137 -793 1183
3: 9457 -142805 -724 1183
1: 9464 49 -47151 1183
2: -9464 49 -67093 1183
2: -9464 28561 623 1183
4: -9702 -46137 793 1183
1: 9737 25 -92274 1183
1: 9802 95 -24843 1183
4: -9802 -137 24843 1183
2: -9849 95823 676 1183
2: -9898 23 -142805 1183
1: 9971 49 -47658 1183
2: -9971 49 -66586 1183
2: -9996 57 -57122 1183
3: 9996 -95823 -676 1183
1: 10094 28561 -774 1183
2: -10094 28561 578 1183
1: 10192 185 -13182 1183
4: -10192 -263 13182 1183
3: 10192 -199927 -675 1183
4: -10192 -199927 703 1183
1: 10241 41 -57122 1183
2: -10309 539 -5408 1183
3: 10388 -199927 -662 1183
4: -10388 -199927 690 1183
4: -10478 -245 14027 1183
4: -10486 -403 8788 1183
4: -10584 -6591 1157 1183
1: 10647 15 -156156 1183
3: 10647 -147 15210 1183
3: 10647 -85683 -630 1183
1: 10712 28561 -735 1183
2: -10712 28561 539 1183
1: 10738 49 -48334 1183
2: -10738 49 -65910 1183
1: 10946 199927 -651 1183
2: -10946 199927 623 1183
3: 11024 -199927 -623 1183
4: -11024 -199927 651 1183
2: -11154 63 -50869 1183
3: 11258 -28561 -539 1183
4: -11258 -28561 735 1183
3: 11323 -791 2366 1183
2: -11323 1085 -2366 1183
1: 11417 63713 -650 1183
3: 11466 -21 112047 1183
1: 11466 1491 -2197 1183
4: -11466 -2037 2197 1183
4: -11466 -85683 648 1183
1: 11492 805 -3549 1183
4: -11492 -1099 3549 1183
4: -11596 -539 6591 1183
4: -11661 -7791 1014 1183
3: 11713 -11 215306 1183
4: -11778 -15 215306 1183
1: 11907 230685 -598 1183
2: -11921 343 -8788 1183
1: 12054 21 -114244 1183
1: 12152 65 -37349 1183
2: -12642 39 -81289 1183
3: 12789 -21 114244 1183
1: 12838 18421 -676 1183
3: 12844 -6419 -169 1183
2: -12844 8477 169 1183
1: 13013 19 -127764 1183
4: -13013 -25 127764 1183
4: -13013 -245 13520 1183
4: -13013 -142805 560 1183
4: -13118 -252655 546 1183
1: 13132 13 -186745 1183
2: -13132 13 -243867 1183
2: -13182 21 -150696 1183
3: 13182 -27 89180 1183
1: 13182 135 -18473 1183
2: -13182 147 -21073 1183
4: -13182 -177 18473 1183
3: 13182 -189 12285 1183
1: 13182 945 -3094 1183
4: -13182 -1239 3094 1183
3: 13182 -1323 1300 1183
2: -13182 6591 49 1183
1: 13182 6615 -897 1183
4: -13182 -8673 897 1183
2: -13182 46137 462 1183
3: 13182 -59319 -490 1183
2: -13279 37349 442 1183
3: 13622 -13 186745 1183
4: -13622 -13 243867 1183
2: -13663 142805 490 1183
1: 13818 1443 -2197 1183
2: -13858 185 -16562 1183
4: -13867 -18421 676 1183
4: -13923 -147 21970 1183
2: -13958 68107 455 1183
1: 14027 245 -10478 1183
4: -14112 -39 81289 1183
3: 14112 -164775 -481 1183
4: -14196 -27 117117 1183
1: 14196 1029 -2873 1183
4: -14196 -1323 2873 1183
3: 14252 -68107 -455 1183
2: -14259 138411 468 1183
3: 14406 -138411 -468 1183
3: 14602 -65 37349 1183
1: 14703 153 -16562 1183
1: 14798 72163 -507 1183
1: 14872 217 -11830 1183
4: -15092 -72163 507 1183
3: 15236 -931 2197 1183
4: -15288 -15 208715 1183
1: 15288 297 -8788 1183
4: -15288 -375 8788 1183
1: 15379 23 -108108 1183
3: 15379 -23 107198 1183
2: -15379 29 -107198 1183
4: -15379 -29 108108 1183
1: 15379 49 -50986 1183
2: -15379 49 -63258 1183
3: 15379 -49 50076 1183
4: -15379 -49 64168 1183
1: 15379 1127 -2652 1183
3: 15379 -1127 1742 1183
2: -15379 1421 -1742 1183
4: -15379 -1421 2652 1183
1: 15379 2197 -1582 1183
2: -15379 2197 -966 1183
3: 15379 -2197 672 1183
4: -15379 -2197 1876 1183
1: 15379 50531 -504 1183
3: 15379 -50531 -406 1183
2: -15379 63713 406 1183
4: -15379 -63713 504 1183
1: 15379 107653 -478 1183
2: -15379 107653 426 1183
3: 15379 -107653 -432 1183
4: -15379 -107653 484 1183
2: -15778 76895 403 1183
3: 16072 -76895 -403 1183
1: 16224 441 -6084 1183
2: -16341 85683 392 1183
2: -16366 11999 169 1183
1: 16562 25 -100386 1183
3: 16562 -25 99541 1183
2: -16562 31 -99541 1183
4: -16562 -31 100386 1183
1: 16562 35 -71825 1183
1: 16562 175 -14703 1183
3: 16562 -175 13858 1183
2: -16562 217 -13858 1183
4: -16562 -217 14703 1183
1: 16562 28561 -510 1183
2: -16562 28561 314 1183
3: 16562 -28561 -335 1183
4: -16562 -28561 531 1183
1: 16562 142805 -440 1183
3: 16562 -142805 -405 1183
1: 16562 199927 -435 1183
2: -16562 199927 407 1183
3: 16562 -199927 -410 1183
4: -16562 -199927 438 1183
3: 16614 -85683 -392 1183
1: 17238 1281 -2366 1183
4: -17238 -1575 2366 1183
1: 17407 28561 -490 1183
2: -17407 28561 294 1183
2: -17444 48841 338 1183
1: 17444 169169 -416 1183
2: -17472 441 -6591 1183
3: 17542 -221 10985 1183
4: -17563 -142805 420 1183
1: 17576 17 -148421 1183
1: 17576 49 -51753 1183
2: -17576 49 -62491 1183
3: 17576 -119 20748 1183
1: 17576 833 -3419 1183
3: 17576 -24167 -294 1183
1: 17576 169169 -413 1183
4: -17591 -169169 416 1183
1: 17598 85683 -427 1183
4: -17892 -85683 427 1183
3: 17914 -199927 -378 1183
4: -17914 -199927 406 1183
1: 18291 147 -17576 1183
2: -18354 177957 364 1183
3: 18424 -11999 -169 1183
3: 18501 -177957 -364 1183
1: 18746 28561 -462 1183
2: -18746 28561 266 1183
4: -18928 -343 9295 1183
3: 19292 -11 230685 1183
4: -19773 -21 145600 1183
3: 19773 -147 16978 1183
2: -19773 357 -8190 1183
2: -19773 735 -3796 1183
1: 19773 10437 -598 1183
4: -19773 -12495 598 1183
4: -19773 -46137 420 1183
1: 19942 49 -52390 1183
2: -19942 49 -61854 1183
1: 20111 1519 -2028 1183
4: -20111 -1813 2028 1183
1: 20188 28561 -436 1183
2: -20188 28561 240 1183
3: 20293 -539 4394 1183
1: 20384 409 -6591 1183
4: -20384 -487 6591 1183
1: 20629 199927 -352 1183
2: -20629 199927 324 1183
1: 20776 15041 -507 1183
3: 20776 -199927 -324 1183
4: -20776 -199927 352 1183
2: -20787 21 -144326 1183
2: -21168 105 -28561 1183
3: 21217 -28561 -240 1183
4: -21217 -28561 436 1183
1: 21294 33 -78078 1183
4: -21294 -147 20956 1183
1: 21476 49 -52728 1183
4: -21606 -1617 2197 1183
1: 21658 23 -112047 1183
3: 22197 -15 171366 1183
4: -22442 -481 6591 1183
2: -22477 41 -73346 1183
2: -22646 2023 -1183 1183
4: -22834 -15041 507 1183
3: 22932 -85683 -275 1183
1: 23322 12495 -507 1183
4: -23322 -14553 507 1183
2: -23373 32955 208 1183
4: -23478 -735 4394 1183
2: -23618 35 -85683 1183
4: -23961 -65403 338 1183
2: -24108 21 -142805 1183
3: 24167 -245 10296 1183
1: 24167 371 -7280 1183
1: 24167 2197 -1470 1183
2: -24167 2197 -1078 1183
2: -24318 15 -199927 1183
3: 24402 -32955 -208 1183
3: 24661 -49 52728 1183
1: 24843 21 -124046 1183
4: -24843 -45 66924 1183
4: -24843 -315 9802 1183
4: -25368 -15 199927 1183
4: -25578 -21 142805 1183
4: -25857 -147 20618 1183
1: 26026 41 -63882 1183
4: -26026 -47 63882 1183
4: -26068 -35 85683 1183
1: 26364 21 -124579 1183
4: -26364 -63 47684 1183
1: 26364 2037 -1547 1183
4: -26364 -2331 1547 1183
1: 26364 46137 -322 1183
4: -26364 -138411 287 1183
1: 26754 63 -41743 1183
4: -26754 -231 13182 1183
2: -27378 483 -5915 1183
3: 27391 -563 4394 1183
2: -27391 641 -4394 1183
1: 27608 134017 -273 1183
3: 27716 -307 8281 1183
2: -27716 349 -8281 1183
3: 27846 -147 17576 1183
4: -27902 -134017 273 1183
4: -28518 -105 28561 1183
1: 28561 13 -202174 1183
2: -28561 13 -228438 1183
3: 28561 -13 201684 1183
4: -28561 -13 228928 1183
1: 28561 49 -53818 1183
2: -28561 49 -60426 1183
3: 28561 -49 53328 1183
4: -28561 -49 60916 1183
1: 28561 91 -29092 1183
2: -28561 91 -32424 1183
3: 28561 -91 28602 1183
4: -28561 -91 32914 1183
1: 28561 169 -15778 1183
2: -28561 169 -17346 1183
1: 28561 317 -8526 1183
3: 28561 -317 8036 1183
2: -28561 359 -8036 1183
4: -28561 -359 8526 1183
1: 28561 637 -4366 1183
2: -28561 637 -4422 1183
3: 28561 -637 3876 1183
4: -28561 -637 4912 1183
1: 28561 1183 -2464 1183
2: -28561 1183 -2268 1183
3: 28561 -1183 1974 1183
4: -28561 -1183 2758 1183
1: 28561 2219 -1428 1183
3: 28561 -2219 938 1183
2: -28561 2513 -938 1183
4: -28561 -2513 1428 1183
1: 28561 4121 -882 1183
3: 28561 -4121 392 1183
2: -28561 4667 -392 1183
4: -28561 -4667 882 1183
1: 28561 8281 -562 1183
2: -28561 8281 -114 1183
3: 28561 -8281 72 1183
4: -28561 -8281 604 1183
1: 28561 15533 -414 1183
3: 28561 -15533 -76 1183
2: -28561 17591 76 1183
4: -28561 -17591 414 1183
1: 28561 28847 -336 1183
3: 28561 -28847 -154 1183
2: -28561 32669 154 1183
4: -28561 -32669 336 1183
1: 28561 53573 -294 1183
3: 28561 -53573 -196 1183
2: -28561 60671 196 1183
4: -28561 -60671 294 1183
1: 28561 201929 -258 1183
3: 28561 -201929 -232 1183
2: -28561 228683 232 1183
4: -28561 -228683 258 1183
1: 28574 19 -138411 1183
1: 29302 121 -21970 1183
3: 29302 -385 6591 1183
1: 29406 327 -8281 1183
4: -29406 -369 8281 1183
2: -29428 142805 217 1183
3: 29722 -142805 -217 1183
1: 30212 245 -10985 1183
1: 30576 633 -4394 1183
4: -30576 -711 4394 1183
2: -30758 49 -60190 1183
4: -30758 -49 60645 1183
2: -30758 55 -53599 1183
4: -30758 -55 54054 1183
2: -30758 245 -11856 1183
4: -30758 -245 12311 1183
2: -30758 539 -5265 1183
4: -30758 -539 5720 1183
1: 30758 2197 -1428 1183
2: -30758 2197 -1120 1183
3: 30758 -2197 973 1183
4: -30758 -2197 1575 1183
1: 30758 2401 -1326 1183
3: 30758 -2401 871 1183
2: -30758 2695 -871 1183
4: -30758 -2695 1326 1183
2: -30758 10985 -42 1183
4: -30758 -10985 497 1183
2: -30758 24167 105 1183
4: -30758 -24167 350 1183
2: -30758 107653 200 1183
4: -30758 -107653 255 1183
2: -30758 120835 203 1183
4: -30758 -120835 252 1183
4: -31311 -85683 258 1183
1: 31434 189 -14196 1183
1: 31941 51 -52052 1183
4: -31941 -57 52052 1183
3: 32617 -142805 -196 1183
1: 32682 85683 -245 1183
1: 33124 53 -50193 1183
4: -33124 -59 50193 1183
3: 33124 -371 6929 1183
2: -33124 413 -6929 1183
1: 33124 28561 -304 1183
2: -33124 28561 108 1183
3: 33124 -199927 -198 1183
4: -33124 -199927 226 1183
4: -33228 -85683 245 1183
2: -33488 1225 -2197 1183
3: 33761 -199927 -194 1183
4: -33761 -199927 222 1183
1: 33969 147 -18252 1183
3: 34202 -1105 2197 1183
4: -34216 -343 8788 1183
1: 34476 2709 -1183 1183
4: -34496 -94471 234 1183
1: 34814 28561 -294 1183
2: -34814 28561 98 1183
1: 34983 19257 -338 1183
4: -34983 -21315 338 1183
4: -35152 -23 128037 1183
1: 35152 553 -5005 1183
4: -35152 -1127 2808 1183
1: 35152 10985 -441 1183
4: -35828 -199927 210 1183
2: -36582 147 -19773 1183
3: 36673 -59 44954 1183
4: -36673 -245 12168 1183
1: 36842 4067 -845 1183
2: -36946 37 -79092 1183
2: -37011 1323 -2028 1183
1: 37349 2947 -1092 1183
4: -37349 -3241 1092 1183
3: 37349 -15379 -14 1183
4: -37349 -15379 378 1183
1: 37492 28561 -280 1183
2: -37492 28561 84 1183
2: -37828 183365 169 1183
3: 38122 -183365 -169 1183
2: -38194 77 -37856 1183
3: 38701 -23 115934 1183
4: -39039 -69 42588 1183
3: 39403 -28561 -84 1183
4: -39403 -28561 280 1183
3: 39546 -21 127127 1183
4: -39546 -147 20072 1183
1: 39546 21903 -299 1183
4: -39546 -23961 299 1183
3: 39546 -46137 -119 1183
1: 39858 1323 -2197 1183
1: 39884 49 -54756 1183
2: -39884 49 -59488 1183
4: -40222 -3479 1014 1183
1: 40376 28561 -267 1183
2: -40376 28561 71 1183
4: -40572 -1443 2197 1183
1: 41258 199927 -183 1183
2: -41258 199927 155 1183
3: 41552 -199927 -155 1183
4: -41552 -199927 183 1183
1: 41574 21 -127764 1183
4: -41743 -35 83538 1183
3: 41743 -301 8736 1183
2: -41743 10985 -98 1183
3: 41743 -23177 -52 1183
2: -41743 25235 52 1183
1: 41743 94471 -196 1183
2: -42434 17 -171366 1183
3: 42434 -28561 -71 1183
4: -42434 -28561 267 1183
1: 42588 69 -39039 1183
4: -42588 -75 39039 1183
3: 42588 -147 18083 1183
3: 42588 -85683 -133 1183
1: 42952 49 -54925 1183
2: -42952 49 -59319 1183
3: 43316 -11 243867 1183
3: 44109 -21 127764 1183
2: -44382 27 -107653 1183
1: 44512 25 -107653 1183
1: 44688 216489 -169 1183
3: 44954 -73 36673 1183
2: -44954 79 -36673 1183
4: -44982 -216489 169 1183
3: 45318 -87 30758 1183
3: 45461 -2303 1014 1183
4: -45773 -95 30758 1183
3: 45799 -49 54756 1183
4: -45799 -49 59488 1183
3: 45864 -399 6591 1183
3: 46137 -15 179270 1183
1: 46137 75 -36036 1183
4: -46137 -81 36036 1183
1: 46137 147 -18460 1183
3: 46137 -735 3510 1183
1: 46137 3675 -884 1183
4: -46137 -3969 884 1183
1: 46137 6591 -560 1183
3: 46137 -32955 -70 1183
1: 46137 164775 -168 1183
4: -46137 -177957 168 1183
3: 46354 -47 57122 1183
4: -46599 -51 57122 1183
3: 46644 -63 42588 1183
4: -47489 -77 37856 1183
3: 47762 -25 107653 1183
4: -47892 -27 107653 1183
1: 48334 19 -142051 1183
1: 48334 2197 -1372 1183
2: -48334 2197 -1176 1183
1: 48412 41 -65910 1183
3: 49322 -49 54925 1183
4: -49322 -49 59319 1183
2: -49686 21 -137904 1183
1: 49686 81 -33462 1183
4: -49686 -87 33462 1183
1: 49686 567 -4901 1183
4: -49686 -609 4901 1183
2: -49686 85683 107 1183
1: 50362 1127 -2535 1183
1: 50531 28273 -234 1183
4: -50531 -30331 234 1183
3: 51714 -147 18252 1183
1: 52052 85 -31941 1183
1: 52052 833 -3380 1183
4: -52728 -15 193011 1183
2: -52728 129 -22295 1183
1: 52728 441 -6266 1183
4: -52728 -735 4069 1183
2: -52728 6321 -325 1183
2: -52728 46137 70 1183
3: 54249 -189 14196 1183
1: 54652 142805 -147 1183
3: 54782 -1165 2197 1183
2: -54782 1243 -2197 1183
4: -55198 -142805 147 1183
3: 55601 -343 7774 1183
4: -55692 -147 19773 1183
2: -56056 41 -70304 1183
2: -56056 217 -13182 1183
2: -56108 245 -11661 1183
2: -56784 441 -6422 1183
1: 57122 13 -208740 1183
2: -57122 13 -221872 1183
3: 57122 -13 208495 1183
4: -57122 -13 222117 1183
2: -57122 17 -169638 1183
4: -57122 -17 169883 1183
1: 57122 35 -77609 1183
3: 57122 -35 77364 1183
2: -57122 41 -70266 1183
4: -57122 -41 70511 1183
1: 57122 49 -55470 1183
2: -57122 49 -58774 1183
3: 57122 -49 55225 1183
4: -57122 -49 59019 1183
1: 57122 65 -41846 1183
3: 57122 -65 41601 1183
1: 57122 91 -29925 1183
2: -57122 91 -31591 1183
3: 57122 -91 29680 1183
4: -57122 -91 31836 1183
2: -57122 119 -24129 1183
4: -57122 -119 24374 1183
1: 57122 131 -20825 1183
3: 57122 -131 20580 1183
1: 57122 169 -16170 1183
2: -57122 169 -16954 1183
2: -57122 221 -12936 1183
4: -57122 -221 13181 1183
1: 57122 245 -11192 1183
3: 57122 -245 10947 1183
2: -57122 287 -9933 1183
4: -57122 -287 10178 1183
1: 57122 455 -6083 1183
3: 57122 -455 5838 1183
2: -57122 533 -5292 1183
4: -57122 -533 5537 1183
1: 57122 637 -4380 1183
2: -57122 637 -4408 1183
3: 57122 -637 4135 1183
4: -57122 -637 4653 1183
1: 57122 655 -4263 1183
3: 57122 -655 4018 1183
2: -57122 697 -4018 1183
4: -57122 -697 4263 1183
2: -57122 833 -3342 1183
4: -57122 -833 3587 1183
1: 57122 845 -3332 1183
3: 57122 -845 3087 1183
1: 57122 917 -3080 1183
3: 57122 -917 2835 1183
1: 57122 1183 -2415 1183
2: -57122 1183 -2317 1183
3: 57122 -1183 2170 1183
4: -57122 -1183 2562 1183
2: -57122 1547 -1743 1183
4: -57122 -1547 1988 1183
1: 57122 1703 -1715 1183
3: 57122 -1703 1470 1183
2: -57122 2009 -1314 1183
4: -57122 -2009 1559 1183
2: -57122 2873 -882 1183
4: -57122 -2873 1127 1183
1: 57122 3185 -974 1183
3: 57122 -3185 729 1183
2: -57122 3731 -651 1183
4: -57122 -3731 896 1183
1: 57122 4585 -714 1183
3: 57122 -4585 469 1183
2: -57122 4879 -469 1183
4: -57122 -4879 714 1183
1: 57122 5915 -581 1183
3: 57122 -5915 336 1183
1: 57122 6419 -545 1183
3: 57122 -6419 300 1183
2: -57122 6929 -294 1183
4: -57122 -6929 539 1183
1: 57122 8281 -450 1183
2: -57122 8281 -226 1183
3: 57122 -8281 205 1183
4: -57122 -8281 471 1183
1: 57122 8515 -441 1183
3: 57122 -8515 196 1183
2: -57122 9061 -196 1183
4: -57122 -9061 441 1183
2: -57122 10829 -144 1183
4: -57122 -10829 389 1183
1: 57122 11921 -350 1183
3: 57122 -11921 105 1183
2: -57122 20111 -21 1183
4: -57122 -20111 266 1183
1: 57122 22139 -245 1183
2: -57122 26117 12 1183
4: -57122 -26117 233 1183
1: 57122 32095 -207 1183
3: 57122 -32095 -38 1183
2: -57122 34153 38 1183
4: -57122 -34153 207 1183
1: 57122 41405 -188 1183
3: 57122 -41405 -57 1183
2: -57122 48503 63 1183
1: 57122 59605 -168 1183
3: 57122 -59605 -77 1183
2: -57122 63427 77 1183
4: -57122 -63427 168 1183
1: 57122 83447 -155 1183
3: 57122 -83447 -90 1183
1: 57122 110695 -147 1183
3: 57122 -110695 -98 1183
2: -57122 117793 98 1183
4: -57122 -117793 147 1183
2: -57122 140777 102 1183
1: 57122 154973 -140 1183
3: 57122 -154973 -105 1183
3: 57967 -35 77402 1183
3: 57967 -133 20280 1183
4: -58149 -85683 154 1183
3: 59319 -6591 294 1183
1: 60333 4851 -676 1183
4: -60333 -5145 676 1183
1: 61152 1305 -2197 1183
4: -61152 -1383 2197 1183
1: 61516 49 -55588 1183
2: -61516 49 -58656 1183
1: 61516 101 -27027 1183
4: -61516 -107 27027 1183
1: 61516 2197 -1351 1183
2: -61516 2197 -1197 1183
1: 61516 4949 -663 1183
4: -61516 -5243 663 1183
1: 61516 107653 -139 1183
2: -61516 107653 87 1183
1: 61516 221897 -126 1183
4: -61516 -235079 126 1183
2: -61593 85683 80 1183
3: 62062 -245 10985 1183
3: 62622 -85683 -80 1183
1: 63713 733 -3822 1183
4: -63713 -775 3822 1183
4: -63882 -111 26026 1183
3: 63882 -1029 2535 1183
1: 64386 45123 -169 1183
1: 65611 28561 -202 1183
2: -65611 28561 6 1183
4: -66248 -23 125060 1183
1: 66248 28561 -201 1183
2: -66248 28561 5 1183
3: 66248 -199927 -92 1183
4: -66248 -199927 120 1183
4: -66444 -45123 169 1183
3: 67262 -1519 1690 1183
3: 67522 -199927 -90 1183
4: -67522 -199927 118 1183
2: -67938 147 -19435 1183
3: 68107 -245 11024 1183
1: 68107 15379 -280 1183
2: -68107 15379 -84 1183
1: 68783 2989 -1014 1183
3: 69459 -441 6084 1183
1: 69628 28561 -196 1183
1: 69797 49 -55770 1183
2: -69797 49 -58474 1183
1: 69966 39543 -169 1183
4: -69966 -41601 169 1183
2: -70161 93 -30758 1183
1: 70616 89 -30758 1183
1: 71149 199927 -112 1183
2: -71149 199927 84 1183
1: 71487 33 -82810 1183
3: 71656 -199927 -84 1183
4: -71656 -199927 112 1183
2: -73008 105 -27209 1183
4: -73177 -28561 196 1183
3: 73346 -121 22477 1183
2: -73346 127 -22477 1183
4: -74529 -21 136552 1183
1: 74529 123 -22308 1183
4: -74529 -129 22308 1183
3: 74529 -85683 -62 1183
4: -74698 -181 15925 1183
1: 74698 6041 -546 1183
4: -74698 -6335 546 1183
3: 74698 -15379 84 1183
4: -74698 -15379 280 1183
4: -74802 -441 6591 1183
1: 74984 28561 -189 1183
2: -74984 28561 -7 1183
4: -75374 -539 5408 1183
3: 76557 -15 182182 1183
3: 77064 -567 4732 1183
1: 78078 129 -21294 1183
4: -78078 -135 21294 1183
2: -78351 21 -136214 1183
3: 78806 -28561 7 1183
4: -78806 -28561 189 1183
2: -79092 33 -86632 1183
3: 79092 -147 18525 1183
2: -79092 72501 49 1183
3: 79261 -6419 338 1183
2: -79261 6713 -338 1183
1: 79768 49 -55939 1183
2: -79768 49 -58305 1183
1: 80444 6517 -507 1183
4: -80444 -6811 507 1183
3: 80782 -55 49686 1183
2: -81458 35 -81627 1183
2: -83148 21 -136045 1183
3: 83486 -47383 -26 1183
2: -83486 49441 26 1183
2: -83888 25 -114244 1183
4: -84266 -31 92274 1183
1: 85683 21 -130606 1183
1: 85683 39 -70364 1183
2: -85683 45 -63406 1183
4: -85683 -63 45430 1183
4: -85683 -117 24500 1183
1: 85683 147 -18728 1183
2: -85683 207 -13720 1183
1: 85683 273 -10122 1183
2: -85683 315 -8988 1183
4: -85683 -441 6560 1183
1: 85683 507 -5488 1183
2: -85683 585 -4802 1183
4: -85683 -819 3570 1183
1: 85683 993 -2842 1183
4: -85683 -1035 2842 1183
2: -85683 1449 -1890 1183
4: -85683 -1521 1960 1183
1: 85683 1911 -1516 1183
2: -85683 2205 -1214 1183
2: -85683 2691 -980 1183
1: 85683 3549 -854 1183
2: -85683 4095 -616 1183
4: -85683 -5733 580 1183
1: 85683 6951 -476 1183
4: -85683 -7245 476 1183
2: -85683 7605 -294 1183
2: -85683 10143 -200 1183
4: -85683 -10647 350 1183
1: 85683 12909 -294 1183
4: -85683 -13455 294 1183
2: -85683 18837 -70 1183
1: 85683 24843 -192 1183
2: -85683 28665 -18 1183
1: 85683 48657 -138 1183
4: -85683 -50715 138 1183
2: -85683 53235 28 1183
4: -85683 -74529 120 1183
1: 85683 90363 -112 1183
4: -85683 -94185 112 1183
2: -85683 131859 60 1183
1: 85683 167817 -98 1183
4: -85683 -174915 98 1183
2: -85683 244881 70 1183
1: 87542 29 -94640 1183
4: -88218 -21 136045 1183
1: 89817 315 -8788 1183
4: -90013 -25 114244 1183
3: 90077 -1045 2548 1183
2: -90077 1087 -2548 1183
3: 90077 -76895 -42 1183
1: 91091 151 -18252 1183
4: -91091 -157 18252 1183
3: 91598 -49 55939 1183
4: -91598 -49 58305 1183
2: -92274 147 -19331 1183
1: 92274 153 -18018 1183
4: -92274 -159 18018 1183
3: 92274 -441 6149 1183
2: -92274 6591 -357 1183
1: 92274 7497 -442 1183
4: -92274 -7791 442 1183
3: 92274 -19773 63 1183
2: -94471 469 -6006 1183
3: 94471 -2197 1176 1183
4: -94471 -2197 1372 1183
2: -95823 1617 -1690 1183
4: -96668 -1631 1820 1183
1: 96668 2197 -1323 1183
2: -96668 2197 -1225 1183
4: -98358 -105 27209 1183
3: 99372 -15 183196 1183
1: 99372 21 -130975 1183
4: -99372 -63 45292 1183
1: 99372 165 -16731 1183
4: -99372 -171 16731 1183
1: 101062 1225 -2314 1183
1: 101062 57575 -117 1183
4: -101062 -59633 117 1183
1: 101062 76895 -105 1183
2: -102998 142805 48 1183
4: -103428 -147 19435 1183
3: 104027 -142805 -48 1183
4: -105118 -161 17745 1183
1: 105456 46137 -126 1183
2: -107653 35 -81224 1183
2: -107653 37 -76830 1183
4: -107653 -37 76960 1183
1: 107653 179 -15444 1183
3: 107653 -179 15314 1183
2: -107653 185 -15314 1183
4: -107653 -185 15444 1183
4: -107653 -259 11050 1183
1: 107653 1253 -2262 1183
3: 107653 -1253 2132 1183
2: -107653 1295 -2132 1183
4: -107653 -1295 2262 1183
1: 107653 2197 -1318 1183
2: -107653 2197 -1230 1183
3: 107653 -2197 1188 1183
4: -107653 -2197 1360 1183
2: -107653 10985 -194 1183
4: -107653 -10985 324 1183
1: 107653 15379 -244 1183
2: -107653 15379 -120 1183
3: 107653 -15379 114 1183
4: -107653 -15379 250 1183
4: -107653 -76895 102 1183
2: -107653 81289 30 1183
4: -107653 -81289 100 1183
4: -107991 -85683 98 1183
3: 112047 -45 61152 1183
1: 112047 9135 -364 1183
4: -112047 -9429 364 1183
3: 114244 -11 250439 1183
1: 114244 13 -212023 1183
2: -114244 13 -218589 1183
1: 114244 49 -56296 1183
2: -114244 49 -57948 1183
1: 114244 77 -35847 1183
3: 114244 -91 30219 1183
4: -114244 -91 31297 1183
1: 114244 121 -22834 1183
3: 114244 -143 19208 1183
1: 114244 169 -16366 1183
2: -114244 169 -16758 1183
3: 114244 -539 5051 1183
1: 114244 637 -4387 1183
2: -114244 637 -4401 1183
3: 114244 -847 3192 1183
1: 114244 1001 -2814 1183
3: 114244 -1183 2268 1183
4: -114244 -1183 2464 1183
3: 114244 -1331 2009 1183
2: -114244 1373 -2009 1183
1: 114244 1573 -1813 1183
3: 114244 -1859 1421 1183
1: 114244 5929 -526 1183
3: 114244 -7007 332 1183
1: 114244 8281 -394 1183
2: -114244 8281 -282 1183
1: 114244 9317 -357 1183
4: -114244 -9611 357 1183
3: 114244 -11011 189 1183
3: 114244 -17303 98 1183
2: -114244 17849 -98 1183
1: 114244 20449 -196 1183
3: 114244 -65219 -19 1183
2: -114244 67277 19 1183
1: 114244 77077 -97 1183
3: 114244 -91091 -31 1183
1: 114244 121121 -84 1183
4: -114244 -124943 84 1183
3: 114244 -143143 -42 1183
3: 114244 -224939 -49 1183
2: -114244 232037 49 1183
2: -114387 85683 28 1183
4: -115258 -245 11661 1183
3: 116298 -85683 -28 1183
1: 116441 413 -6734 1183
4: -117117 -201 14196 1183
2: -118638 1995 -1365 1183
4: -118638 -3675 832 1183
4: -118638 -6591 490 1183
1: 120666 9849 -338 1183
4: -120666 -10143 338 1183
1: 121849 28561 -154 1183
2: -121849 28561 -42 1183
3: 122694 -1323 2028 1183
1: 123032 41 -67340 1183
1: 123032 49 -56355 1183
2: -123032 49 -57889 1183
1: 123032 2009 -1430 1183
1: 123032 10985 -308 1183
1: 123186 85683 -89 1183
2: -124852 161 -17576 1183
4: -125244 -85683 89 1183
3: 125398 -11 250796 1183
3: 125762 -1225 2197 1183
1: 127426 1487 -1911 1183
4: -127426 -1529 1911 1183
1: 127764 213 -13013 1183
4: -127764 -219 13013 1183
2: -128674 427 -6591 1183
1: 129623 49 -56394 1183
2: -129623 49 -57850 1183
1: 131222 28561 -150 1183
2: -131222 28561 -46 1183
4: -132132 -1323 2197 1183
3: 132496 -119 23153 1183
4: -132496 -199927 67 1183
2: -134862 1029 -2704 1183
3: 135044 -199927 -38 1183
4: -135044 -199927 66 1183
1: 136214 15379 -231 1183
2: -136214 15379 -133 1183
1: 137592 105 -26364 1183
2: -137904 57 -49686 1183
4: -138411 -237 12012 1183
1: 139256 28561 -147 1183
2: -139256 28561 -49 1183
1: 139594 49 -56446 1183
2: -139594 49 -57798 1183
1: 140777 329 -8450 1183
1: 142298 199927 -63 1183
2: -142298 199927 35 1183
3: 143312 -199927 -35 1183
4: -143312 -199927 63 1183
4: -143988 -483 5915 1183
3: 146354 -28561 49 1183
4: -146354 -28561 147 1183
1: 147147 63 -43940 1183
3: 147199 -12047 182 1183
2: -147199 12341 -182 1183
2: -149058 15 -188773 1183
3: 149058 -21 131651 1183
1: 149058 249 -11154 1183
4: -149058 -255 11154 1183
4: -149058 -85683 80 1183
1: 149396 12229 -273 1183
4: -149396 -12523 273 1183
3: 149396 -15379 133 1183
4: -149396 -15379 231 1183
2: -149646 99 -28561 1183
1: 150136 97 -28561 1183
1: 151242 45 -61516 1183
3: 151593 -63 43862 1183
1: 151593 86877 -78 1183
4: -151593 -88935 78 1183
3: 151606 -623 4394 1183
3: 152607 -735 3718 1183
1: 153517 35 -79092 1183
4: -153959 -19 149058 1183
4: -154791 -651 4394 1183
1: 154973 343 -8112 1183
1: 155987 511 -5460 1183
1: 156156 261 -10647 1183
4: -156156 -267 10647 1183
2: -156247 23 -123032 1183
1: 156702 21 -131820 1183
3: 157339 -263 10478 1183
2: -157339 269 -10478 1183
1: 158067 15 -184548 1183
3: 158522 -12985 169 1183
2: -158522 13279 -169 1183
3: 164892 -15 184548 1183
2: -165816 33 -85683 1183
3: 166257 -21 131820 1183
4: -166712 -23 123032 1183
3: 166972 -35 79079 1183
1: 166972 10985 -294 1183
3: 166972 -95795 -13 1183
2: -166972 97853 13 1183
1: 169169 283 -9828 1183
4: -169169 -289 9828 1183
2: -169169 833 -3354 1183
1: 169169 2197 -1302 1183
2: -169169 2197 -1246 1183
3: 169442 -35 79092 1183
2: -171366 21 -134624 1183
2: -171366 39 -72471 1183
1: 171366 63 -44009 1183
1: 171366 117 -23716 1183
2: -171366 147 -19197 1183
2: -171366 273 -10318 1183
1: 171366 441 -6322 1183
2: -171366 507 -5537 1183
1: 171366 819 -3423 1183
1: 171366 1521 -1862 1183
2: -171366 1911 -1439 1183
1: 171366 2007 -1421 1183
4: -171366 -2049 1421 1183
2: -171366 3549 -756 1183
1: 171366 5733 -524 1183
1: 171366 10647 -301 1183
1: 171366 14049 -238 1183
4: -171366 -14343 238 1183
2: -171366 24843 -73 1183
1: 171366 26091 -147 1183
4: -171366 -26637 147 1183
1: 171366 98343 -69 1183
4: -171366 -100401 69 1183
1: 171366 182637 -56 1183
4: -171366 -186459 56 1183
3: 171717 -45 61516 1183
1: 173068 239473 -52 1183
4: -173563 -175 16198 1183
1: 173563 931 -3016 1183
4: -174097 -239473 52 1183
4: -174408 -735 3887 1183
3: 175812 -63 43940 1183
3: 177957 -2919 910 1183
3: 180154 -2111 1274 1183
2: -180154 2153 -1274 1183
4: -180999 -147 19266 1183
4: -181986 -33 85683 1183
1: 182182 305 -9126 1183
4: -182182 -311 9126 1183
3: 182182 -142805 -19 1183
4: -182858 -805 3549 1183
4: -184093 -215 13182 1183
1: 184548 309 -9009 1183
1: 184548 15141 -221 1183
4: -184548 -15435 221 1183
2: -184548 19773 -105 1183
3: 185224 -167 16562 1183
3: 185367 -105 26364 1183
4: -186069 -171 16562 1183
3: 188942 -2197 1225 1183
4: -188942 -2197 1323 1183
1: 190463 29 -95654 1183
1: 191139 2241 -1274 1183
4: -191139 -2283 1274 1183
2: -191139 6591 -392 1183
1: 191282 142805 -56 1183
4: -193193 -142805 56 1183
2: -196378 245 -11492 1183
2: -196716 3969 -676 1183
3: 197666 -97 28561 1183
4: -198107 -161 17576 1183
4: -198156 -99 28561 1183
1: 199927 13 -213430 1183
2: -199927 13 -217182 1183
3: 199927 -13 213360 1183
4: -199927 -13 217252 1183
2: -199927 31 -91056 1183
4: -199927 -31 91126 1183
1: 199927 49 -56650 1183
2: -199927 49 -57594 1183
3: 199927 -49 56580 1183
4: -199927 -49 57664 1183
1: 199927 65 -42714 1183
3: 199927 -65 42644 1183
1: 199927 67 -41440 1183
3: 199927 -67 41370 1183
2: -199927 143 -19712 1183
4: -199927 -143 19782 1183
1: 199927 169 -16450 1183
2: -199927 169 -16674 1183
1: 199927 245 -11358 1183
3: 199927 -245 11288 1183
1: 199927 335 -8316 1183
3: 199927 -335 8246 1183
2: -199927 341 -8246 1183
4: -199927 -341 8316 1183
2: -199927 403 -6972 1183
4: -199927 -403 7042 1183
2: -199927 539 -5204 1183
4: -199927 -539 5274 1183
1: 199927 637 -4390 1183
2: -199927 637 -4398 1183
3: 199927 -637 4320 1183
4: -199927 -637 4468 1183
1: 199927 845 -3318 1183
3: 199927 -845 3248 1183
1: 199927 871 -3220 1183
3: 199927 -871 3150 1183
2: -199927 1519 -1824 1183
4: -199927 -1519 1894 1183
2: -199927 1859 -1484 1183
4: -199927 -1859 1554 1183
1: 199927 3185 -906 1183
3: 199927 -3185 836 1183
1: 199927 3283 -880 1183
3: 199927 -3283 810 1183
1: 199927 4355 -672 1183
3: 199927 -4355 602 1183
2: -199927 4433 -602 1183
4: -199927 -4433 672 1183
2: -199927 5239 -504 1183
4: -199927 -5239 574 1183
2: -199927 7007 -368 1183
4: -199927 -7007 438 1183
1: 199927 8281 -370 1183
2: -199927 8281 -306 1183
3: 199927 -8281 300 1183
4: -199927 -8281 376 1183
1: 199927 11323 -280 1183
3: 199927 -11323 210 1183
1: 199927 16415 -204 1183
3: 199927 -16415 134 1183
2: -199927 16709 -134 1183
4: -199927 -16709 204 1183
2: -199927 19747 -108 1183
4: -199927 -19747 178 1183
1: 199927 41405 -102 1183
3: 199927 -41405 32 1183
1: 199927 42679 -100 1183
3: 199927 -42679 30 1183
1: 199927 56615 -84 1183
3: 199927 -56615 14 1183
2: -199927 57629 -14 1183
4: -199927 -57629 84 1183
2: -199927 91091 4 1183
4: -199927 -91091 66 1183
1: 199927 213395 -48 1183
3: 199927 -213395 -22 1183
2: -199927 217217 22 1183
4: -199927 -217217 48 1183
4: -206518 -186745 49 1183
4: -208208 -3479 845 1183
3: 210912 -1575 1729 1183
2: -210912 46137 -28 1183
3: 211484 -419 6591 1183
1: 215306 19 -146133 1183
3: 215306 -19 146068 1183
1: 215306 133 -20904 1183
1: 215306 361 -7722 1183
3: 215306 -361 7657 1183
2: -215306 367 -7657 1183
4: -215306 -367 7722 1183
1: 215306 2197 -1296 1183
2: -215306 2197 -1252 1183
3: 215306 -2197 1231 1183
4: -215306 -2197 1317 1183
1: 215306 2527 -1131 1183
3: 215306 -2527 1066 1183
2: -215306 2569 -1066 1183
4: -215306 -2569 1131 1183
1: 215306 15379 -213 1183
2: -215306 15379 -151 1183
3: 215306 -15379 148 1183
4: -215306 -15379 216 1183
1: 215306 41743 -99 1183
3: 215306 -41743 34 1183
3: 217503 -46137 28 1183
4: -221728 -1127 2535 1183
1: 223587 375 -7436 1183
4: -223587 -381 7436 1183
1: 224094 18417 -182 1183
4: -224094 -18711 182 1183
2: -225106 155987 13 1183
3: 227164 -155987 -13 1183
2: -228488 25 -112798 1183
1: 228488 49 -56709 1183
2: -228488 49 -57535 1183
2: -228488 65 -43365 1183
1: 228488 169 -16464 1183
2: -228488 169 -16660 1183
4: -228488 -175 16149 1183
4: -228488 -455 6230 1183
2: -228488 545 -5145 1183
3: 228488 -1183 2317 1183
4: -228488 -1183 2415 1183
2: -228488 1225 -2272 1183
2: -228488 1417 -1960 1183
2: -228488 3185 -855 1183
4: -228488 -3815 770 1183
1: 228488 8281 -366 1183
2: -228488 8281 -310 1183
4: -228488 -9919 315 1183
2: -228488 26705 -75 1183
4: -228488 -29575 126 1183
3: 228488 -34879 49 1183
2: -228488 35425 -49 1183
2: -228488 69433 -10 1183
2: -228488 207025 17 1183
1: 228488 244153 -42 1183
4: -228488 -247975 42 1183
1: 228774 85683 -63 1183
4: -231868 -35 80613 1183
2: -231868 553 -5070 1183
4: -232596 -85683 63 1183
3: 233142 -315 8788 1183
1: 234234 393 -7098 1183
3: 237276 -6591 392 1183
4: -239473 -27979 130 1183
2: -239694 183 -15379 1183
4: -240149 -2863 1014 1183
1: 240604 181 -15379 1183
1: 241332 19845 -169 1183
4: -241332 -20139 169 1183
1: 243698 28561 -126 1183
2: -243698 28561 -70 1183
3: 245882 -142805 -9 1183
3: 246064 -343 8073 1183
3: 246064 -129623 -7 1183
2: -248261 77 -36582 1183
1: 248261 107653 -54 1183
2: -248261 107653 2 1183
3: 250627 -7595 338 1183
1: 253162 25 -111202 1183
2: -253526 1267 -2197 1183
