Command line:- ../do_t 1859 256000
1: 11 1313 -241670 1859
1: 12 1089 28561 1859
2: -22 949 -145002 1859
2: -22 1183 39039 1859
1: 22 1573 -232882 1859
2: -22 1573 224094 1859
1: 26 935 120835 1859
1: 39 1089 4394 1859
2: -39 1815 166972 1859
2: -44 845 -133848 1859
1: 44 1573 -118638 1859
2: -44 1573 109850 1859
1: 44 2197 -196482 1859
2: -44 2197 190190 1859
2: -59 7865 250458 1859
1: 62 3211 -184041 1859
1: 63 4719 -210912 1859
1: 66 1521 -74360 1859
2: -66 6747 217503 1859
1: 66 19773 -247390 1859
2: -68 3509 171366 1859
2: -68 33293 245388 1859
2: -69 19773 235950 1859
1: 69 206349 -249106 1859
4: -71 -138073 245388 1859
1: 71 155441 -241670 1859
2: -73 109681 234234 1859
4: -74 -32747 241670 1859
1: 76 25025 -217503 1859
1: 76 57629 -223080 1859
1: 77 4901 -174746 1859
1: 77 26741 -215306 1859
1: 77 28561 -215886 1859
2: -77 28561 215402 1859
3: 77 -59653 -228488 1859
4: -77 -63041 228488 1859
3: 77 -63713 -228228 1859
2: -78 693 -145002 1859
1: 78 4587 -169169 1859
2: -78 4851 169169 1859
4: -78 -7623 254852 1859
3: 78 -50457 -226291 1859
4: -78 -53361 226291 1859
3: 78 -85683 -224334 1859
4: -79 -57629 223080 1859
2: -81 6591 176176 1859
3: 81 -8151 -241670 1859
1: 81 61347 -209560 1859
4: -84 -61347 209560 1859
2: -84 194181 204490 1859
1: 86 50531 -196625 1859
3: 86 -180895 -202124 1859
1: 88 1573 -61516 1859
2: -88 1573 52728 1859
1: 88 2197 -99814 1859
2: -88 2197 93522 1859
3: 88 -59411 -199927 1859
4: -88 -63283 199927 1859
3: 88 -82979 -198913 1859
4: -88 -88387 198913 1859
1: 91 4565 -145002 1859
2: -91 4873 145002 1859
1: 91 28561 -182710 1859
2: -91 28561 182226 1859
1: 96 72501 -177320 1859
3: 97 -143143 -179478 1859
2: -99 507 -223080 1859
2: -99 4719 131820 1859
1: 99 6357 -145002 1859
2: -99 6825 145002 1859
4: -99 -17745 185900 1859
2: -99 46137 170170 1859
1: 99 59169 -171366 1859
2: -99 63525 171366 1859
1: 99 85683 -172348 1859
2: -99 164775 173316 1859
4: -99 -165165 175760 1859
3: 101 -39325 -175760 1859
3: 101 -94471 -173030 1859
4: -102 -4719 210912 1859
2: -104 605 -151593 1859
3: 104 -7139 -191139 1859
1: 104 49973 -162578 1859
2: -104 53845 162578 1859
2: -104 142805 164802 1859
1: 106 4147 -120835 1859
4: -106 -11011 180154 1859
3: 106 -81289 -165165 1859
2: -109 13585 145002 1859
2: -113 169169 151866 1859
3: 114 -6591 -176176 1859
1: 116 605 114244 1859
1: 116 28561 -143385 1859
2: -116 28561 142901 1859
2: -117 85683 145684 1859
1: 118 109109 -145002 1859
1: 121 485 171366 1859
2: -121 529 -171366 1859
1: 121 715 70304 1859
1: 121 845 37518 1859
1: 121 1261 -21970 1859
1: 121 1859 -60840 1859
2: -121 1859 53404 1859
3: 121 -1859 -224770 1859
4: -121 -1859 232206 1859
1: 121 2197 -73450 1859
2: -121 2197 67158 1859
3: 121 -2197 -212160 1859
4: -121 -2197 218452 1859
2: -121 3289 92274 1859
2: -121 3887 100048 1859
4: -121 -3887 185562 1859
1: 121 5335 -114244 1859
3: 121 -5335 -171366 1859
2: -121 5819 114244 1859
4: -121 -5819 171366 1859
1: 121 6305 -118638 1859
3: 121 -6305 -166972 1859
2: -121 6877 118638 1859
4: -121 -6877 166972 1859
3: 121 -9295 -159198 1859
1: 121 10985 -128934 1859
3: 121 -10985 -156676 1859
1: 121 13871 -131820 1859
3: 121 -13871 -153790 1859
1: 121 16393 -133510 1859
3: 121 -16393 -152100 1859
1: 121 24167 -136500 1859
2: -121 24167 135928 1859
3: 121 -24167 -149110 1859
4: -121 -24167 149682 1859
1: 121 28561 -137470 1859
2: -121 28561 136986 1859
3: 121 -28561 -148140 1859
4: -121 -28561 148624 1859
2: -121 42757 138918 1859
4: -121 -42757 146692 1859
2: -121 50531 139516 1859
4: -121 -50531 146094 1859
1: 121 69355 -140608 1859
2: -121 75647 140608 1859
1: 121 81965 -140946 1859
3: 121 -81965 -144664 1859
2: -121 89401 140946 1859
4: -121 -89401 144664 1859
1: 121 120835 -141544 1859
3: 121 -120835 -144066 1859
1: 121 142805 -141738 1859
3: 121 -142805 -143872 1859
1: 121 180323 -141960 1859
3: 121 -180323 -143650 1859
1: 121 213109 -142090 1859
3: 121 -213109 -143520 1859
2: -123 184041 139594 1859
2: -124 3025 85683 1859
1: 124 160381 -138424 1859
2: -126 4719 103259 1859
3: 126 -25773 -142805 1859
3: 126 -32955 -141570 1859
4: -128 -3211 184041 1859
1: 128 26741 -129623 1859
1: 131 142805 -130922 1859
1: 132 897 24167 1859
3: 132 -4719 -160381 1859
3: 132 -6591 -152009 1859
1: 132 8349 -114244 1859
1: 132 11661 -118976 1859
3: 132 -61347 -133172 1859
3: 132 -85683 -132528 1859
1: 132 108537 -129623 1859
1: 132 151593 -129987 1859
1: 133 19097 -122694 1859
1: 136 102245 -125736 1859
4: -139 -102245 125736 1859
1: 143 4477 -92274 1859
3: 143 -4477 -149396 1859
2: -143 4961 92274 1859
4: -143 -4961 149396 1859
1: 143 28561 -116358 1859
2: -143 28561 115874 1859
3: 143 -28561 -125312 1859
4: -143 -28561 125796 1859
4: -144 -6171 142805 1859
4: -144 -32955 124267 1859
4: -144 -167739 120835 1859
1: 146 10985 -106964 1859
3: 147 -217503 -118118 1859
3: 153 -91113 -114244 1859
3: 154 -2197 -166023 1859
4: -154 -2197 172315 1859
1: 154 28561 -108064 1859
2: -154 28561 107580 1859
3: 154 -57959 -114244 1859
4: -154 -64735 114244 1859
3: 156 -891 -241670 1859
1: 156 9801 -98865 1859
4: -156 -85683 112288 1859
2: -158 10153 96668 1859
2: -158 155987 108537 1859
1: 161 120835 -106392 1859
2: -162 2541 57122 1859
1: 162 6591 -89661 1859
2: -162 61347 104611 1859
4: -164 -120835 106392 1859
3: 168 -61347 -104611 1859
1: 169 341 211926 1859
2: -169 385 -211926 1859
2: -169 605 -97682 1859
2: -169 847 -40560 1859
4: -169 -847 245050 1859
1: 169 3751 -73684 1859
3: 169 -3751 -130806 1859
2: -169 4235 73684 1859
4: -169 -4235 130806 1859
1: 169 28561 -98494 1859
2: -169 28561 98010 1859
3: 169 -28561 -105996 1859
4: -169 -28561 106480 1859
2: -169 142805 101398 1859
4: -169 -142805 103092 1859
2: -169 199927 101640 1859
4: -169 -199927 102850 1859
2: -171 363 -228488 1859
1: 174 7623 -85683 1859
4: -174 -40053 102245 1859
1: 176 325 217503 1859
1: 176 1573 -32955 1859
1: 176 2197 -51480 1859
2: -176 2197 45188 1859
3: 176 -2299 -142805 1859
3: 176 -3211 -130130 1859
2: -176 9317 85683 1859
1: 176 102245 -97175 1859
2: -176 107653 97097 1859
1: 176 142805 -97460 1859
3: 176 -149435 -98865 1859
3: 176 -208715 -98670 1859
4: -176 -224939 98696 1859
4: -179 -10985 106964 1859
1: 182 4411 -72501 1859
2: -182 5027 72501 1859
1: 182 28561 -91476 1859
2: -182 28561 90992 1859
4: -184 -4147 120835 1859
2: -192 72501 88517 1859
2: -196 6721 72501 1859
1: 196 14365 -81796 1859
1: 196 36905 -85683 1859
3: 197 -10153 -96668 1859
2: -198 363 -199927 1859
1: 198 507 91091 1859
1: 198 4719 -68107 1859
1: 198 6123 -72501 1859
2: -198 7059 72501 1859
1: 198 56991 -85683 1859
2: -198 65703 85683 1859
2: -198 85683 86053 1859
2: -199 54925 84942 1859
1: 203 28561 -82038 1859
2: -203 28561 81554 1859
3: 204 -4719 -103259 1859
4: -204 -103455 85683 1859
1: 208 48037 -81289 1859
2: -208 55781 81289 1859
3: 209 -6097 -96668 1859
4: -209 -7085 96668 1859
3: 209 -105391 -83486 1859
2: -211 15379 75504 1859
3: 216 -23595 -83486 1859
3: 221 -605 -210912 1859
3: 221 -4345 -96668 1859
4: -221 -5093 96668 1859
3: 223 -847 -171366 1859
4: -228 -6591 89661 1859
1: 228 14157 -70304 1859
4: -229 -14365 81796 1859
1: 231 2535 -44616 1859
3: 231 -61347 -76050 1859
1: 234 363 134017 1859
4: -234 -1815 123032 1859
2: -234 11253 65910 1859
1: 234 85683 -72963 1859
1: 236 7865 -63713 1859
2: -242 319 -199927 1859
2: -242 377 -158184 1859
1: 242 463 85683 1859
3: 242 -463 -228488 1859
2: -242 551 -85683 1859
4: -242 -551 228488 1859
1: 242 1859 -32279 1859
2: -242 1859 24843 1859
3: 242 -1859 -110526 1859
4: -242 -1859 117962 1859
1: 242 2197 -38298 1859
2: -242 2197 32006 1859
3: 242 -2197 -104507 1859
4: -242 -2197 110799 1859
2: -242 2717 39546 1859
4: -242 -2717 103259 1859
2: -242 3211 44447 1859
4: -242 -3211 98358 1859
2: -242 4147 50531 1859
4: -242 -4147 92274 1859
2: -242 4901 53742 1859
4: -242 -4901 89063 1859
1: 242 5093 -57122 1859
3: 242 -5093 -85683 1859
1: 242 6019 -59319 1859
3: 242 -6019 -83486 1859
2: -242 6061 57122 1859
4: -242 -6061 85683 1859
2: -242 7163 59319 1859
4: -242 -7163 83486 1859
1: 242 24167 -68393 1859
2: -242 24167 67821 1859
3: 242 -24167 -74412 1859
4: -242 -24167 74984 1859
1: 242 28561 -68856 1859
2: -242 28561 68372 1859
3: 242 -28561 -73949 1859
4: -242 -28561 74433 1859
2: -242 35321 68952 1859
4: -242 -35321 73853 1859
2: -242 41743 69329 1859
4: -242 -41743 73476 1859
2: -242 53911 69797 1859
4: -242 -53911 73008 1859
2: -242 63713 70044 1859
4: -242 -63713 72761 1859
1: 242 66209 -70304 1859
1: 242 78247 -70473 1859
3: 242 -78247 -72332 1859
2: -242 78793 70304 1859
2: -242 93119 70473 1859
4: -242 -93119 72332 1859
3: 244 -15379 -75504 1859
1: 246 5445 -57122 1859
1: 252 9633 -61347 1859
4: -264 -507 223080 1859
4: -264 -1443 120835 1859
3: 264 -3267 -85683 1859
3: 264 -4563 -79937 1859
4: -264 -61347 66755 1859
4: -264 -85683 66385 1859
4: -264 -174603 65910 1859
4: -264 -243867 65780 1859
4: -267 -14157 70304 1859
3: 271 -29887 -65910 1859
1: 273 4257 -48334 1859
2: -273 5181 48334 1859
3: 274 -6721 -72501 1859
1: 286 605 39546 1859
3: 286 -605 -160381 1859
1: 286 847 10985 1859
3: 286 -847 -131820 1859
1: 286 4235 -46137 1859
3: 286 -4235 -74698 1859
2: -286 5203 46137 1859
4: -286 -5203 74698 1859
1: 286 28561 -58300 1859
2: -286 28561 57816 1859
3: 286 -28561 -62535 1859
4: -286 -28561 63019 1859
1: 286 142805 -59994 1859
3: 286 -142805 -60841 1859
1: 286 199927 -60115 1859
3: 286 -199927 -60720 1859
1: 297 5889 -48334 1859
1: 297 54813 -57122 1859
2: -297 67881 57122 1859
4: -299 -605 175760 1859
1: 308 533 48334 1859
3: 308 -17303 -59319 1859
1: 308 28561 -54153 1859
2: -308 28561 53669 1859
3: 308 -54571 -57122 1859
4: -308 -68123 57122 1859
1: 308 90077 -55484 1859
3: 312 -363 -206518 1859
3: 312 -85683 -56023 1859
4: -314 -7865 63713 1859
4: -318 -9633 61347 1859
2: -319 605 -57122 1859
4: -319 -845 133848 1859
3: 319 -20449 -56784 1859
4: -319 -20449 57460 1859
1: 319 28561 -52294 1859
2: -319 28561 51810 1859
3: 321 -85683 -54450 1859
4: -336 -363 228488 1859
1: 338 319 105963 1859
3: 338 -319 -208208 1859
2: -338 407 -105963 1859
4: -338 -407 208208 1859
1: 338 3509 -36842 1859
3: 338 -3509 -65403 1859
2: -338 4477 36842 1859
4: -338 -4477 65403 1859
1: 338 28561 -49368 1859
2: -338 28561 48884 1859
3: 338 -28561 -52877 1859
4: -338 -28561 53361 1859
1: 342 363 85683 1859
1: 349 41041 -48334 1859
1: 351 165 241670 1859
1: 351 9075 -43940 1859
1: 352 2197 -27313 1859
2: -352 2197 21021 1859
3: 359 -5203 -57122 1859
2: -363 429 -92274 1859
1: 363 441 57122 1859
4: -363 -507 165958 1859
2: -363 573 -57122 1859
3: 363 -693 -114244 1859
1: 363 819 8788 1859
3: 363 -1287 -83486 1859
1: 363 1521 -17238 1859
3: 363 -4851 -57122 1859
2: -363 5577 36842 1859
1: 363 5733 -39546 1859
4: -363 -6303 57122 1859
4: -363 -6591 56706 1859
2: -363 7449 39546 1859
3: 363 -9009 -52728 1859
1: 363 10647 -43264 1859
3: 363 -16731 -50362 1859
1: 363 19773 -45266 1859
2: -363 72501 46774 1859
1: 363 74529 -46982 1859
4: -363 -85683 48302 1859
2: -363 96837 46982 1859
3: 363 -117117 -47996 1859
1: 363 138411 -47268 1859
3: 363 -217503 -47814 1859
1: 364 28561 -45859 1859
2: -364 28561 45375 1859
3: 366 -40755 -48334 1859
4: -374 -299 241670 1859
4: -374 -605 142805 1859
2: -374 50531 45045 1859
2: -374 102245 45630 1859
3: 377 -6413 -52728 1859
1: 377 28561 -44286 1859
2: -377 28561 43802 1859
3: 391 -605 -114244 1859
3: 396 -14703 -46475 1859
3: 396 -32955 -44902 1859
3: 396 -136851 -43940 1859
1: 406 28561 -41140 1859
2: -406 28561 40656 1859
2: -413 56953 40898 1859
2: -416 3509 26364 1859
1: 416 142805 -41261 1859
3: 418 -5603 -48334 1859
4: -418 -224939 41574 1859
1: 419 114413 -40898 1859
3: 426 -114075 -40898 1859
4: -429 -1089 87880 1859
1: 429 3993 -30758 1859
2: -429 5445 30758 1859
3: 429 -85683 -40722 1859
4: -432 -57291 40898 1859
3: 439 -28561 -40656 1859
4: -439 -28561 41140 1859
3: 439 -199771 -39546 1859
3: 442 -3971 -48334 1859
4: -442 -5467 48334 1859
2: -442 199927 38841 1859
4: -443 -2783 57122 1859
1: 458 92807 -37349 1859
4: -462 -363 171366 1859
4: -462 -61347 38194 1859
1: 468 561 24167 1859
1: 481 42955 -35152 1859
2: -481 60863 35152 1859
1: 484 169 159029 1859
2: -484 169 -240825 1859
2: -484 221 -175760 1859
2: -484 385 -85683 1859
3: 484 -419 -114244 1859
4: -484 -455 138411 1859
4: -484 -595 114244 1859
4: -484 -715 101062 1859
2: -484 845 -19604 1859
4: -484 -935 85683 1859
2: -484 1001 -10985 1859
2: -484 1105 -6591 1859
4: -484 -1183 75205 1859
4: -484 -1547 65910 1859
3: 484 -1859 -53404 1859
4: -484 -1859 60840 1859
1: 484 2197 -20722 1859
2: -484 2197 14430 1859
4: -484 -2431 54925 1859
2: -484 2873 19435 1859
1: 484 4609 -28561 1859
2: -484 5005 26364 1859
3: 484 -5447 -41743 1859
4: -484 -5915 43602 1859
2: -484 6545 28561 1859
4: -484 -7735 41743 1859
4: -484 -9295 40729 1859
2: -484 10985 31447 1859
4: -484 -12155 39546 1859
2: -484 13013 32110 1859
2: -484 14365 32448 1859
4: -484 -15379 38740 1859
2: -484 17017 32955 1859
4: -484 -20111 38025 1859
3: 484 -24167 -37063 1859
4: -484 -24167 37635 1859
1: 484 28561 -34549 1859
2: -484 28561 34065 1859
2: -484 37349 34450 1859
1: 484 59917 -35152 1859
2: -484 65065 34983 1859
3: 484 -70811 -36166 1859
4: -484 -76895 36309 1859
2: -484 85085 35152 1859
4: -484 -100555 36166 1859
4: -484 -120835 36088 1859
2: -484 142805 35374 1859
4: -484 -158015 35997 1859
2: -484 169169 35425 1859
2: -484 186745 35451 1859
4: -484 -199927 35935 1859
2: -484 221221 35490 1859
3: 506 -605 -85683 1859
3: 506 -182351 -34320 1859
1: 507 297 70642 1859
4: -507 -363 157846 1859
3: 507 -3267 -43602 1859
3: 517 -1573 -52728 1859
4: -517 -1573 61516 1859
2: -524 142805 32670 1859
3: 528 -363 -114244 1859
3: 528 -507 -91091 1859
1: 536 37349 -31460 1859
3: 539 -2197 -45188 1859
4: -539 -2197 51480 1859
3: 546 -363 -109850 1859
1: 546 3795 -24167 1859
2: -546 5643 24167 1859
1: 552 19773 -29887 1859
1: 554 64493 -30758 1859
4: -561 -4719 39546 1859
4: -569 -37349 31460 1859
1: 572 121 191139 1859
3: 572 -3751 -37349 1859
4: -572 -5687 37349 1859
1: 572 28561 -29271 1859
2: -572 28561 28787 1859
4: -594 -2535 44616 1859
1: 594 5187 -24167 1859
2: -594 7995 24167 1859
4: -594 -23595 30758 1859
1: 594 48279 -28561 1859
2: -594 74415 28561 1859
1: 594 125229 -28886 1859
3: 616 -47795 -28561 1859
4: -616 -74899 28561 1859
4: -618 -19773 29887 1859
4: -624 -363 131820 1859
3: 627 -6591 -31174 1859
3: 638 -20449 -28223 1859
4: -638 -20449 28899 1859
1: 638 28561 -26268 1859
2: -638 28561 25784 1859
4: -642 -85683 27346 1859
2: -649 7865 21970 1859
2: -666 20163 24167 1859
2: -666 46137 25168 1859
2: -671 481 -48334 1859
3: 671 -15379 -27170 1859
4: -671 -58201 26364 1859
3: 672 -363 -85683 1859
1: 676 121 152945 1859
3: 676 -275 -104104 1859
4: -676 -451 104104 1859
1: 676 605 10140 1859
1: 676 3025 -18421 1859
2: -676 4961 18421 1859
1: 676 28561 -24805 1859
2: -676 28561 24321 1859
1: 676 142805 -25410 1859
1: 686 20735 -24167 1859
2: -693 4719 17576 1859
3: 699 -46137 -25168 1859
2: -708 142857 24167 1859
4: -722 -143429 24167 1859
3: 726 -165 -142805 1859
1: 726 195 76895 1859
1: 726 375 28561 1859
1: 726 429 21970 1859
3: 726 -507 -62530 1859
2: -726 639 -28561 1859
3: 726 -975 -43940 1859
2: -726 1287 -2197 1859
4: -726 -1521 45799 1859
3: 726 -2145 -32955 1859
1: 726 2535 -16055 1859
3: 726 -4125 -28561 1859
1: 726 4875 -19773 1859
1: 726 5577 -20280 1859
3: 726 -6591 -26780 1859
4: -726 -7029 28561 1859
2: -726 8307 19773 1859
1: 726 10725 -21970 1859
3: 726 -12675 -25350 1859
2: -726 16731 21801 1859
4: -726 -19773 25493 1859
3: 726 -27885 -24505 1859
1: 726 32955 -23205 1859
1: 726 63375 -23491 1859
1: 726 72501 -23530 1859
3: 726 -85683 -24030 1859
2: -726 107991 23491 1859
1: 726 139425 -23660 1859
3: 726 -164775 -23920 1859
2: -726 217503 23647 1859
3: 744 -20163 -24167 1859
3: 748 -1183 -39039 1859
2: -754 605 -30758 1859
1: 754 28561 -22264 1859
2: -754 28561 21780 1859
4: -764 -20735 24167 1859
2: -774 89661 21970 1859
1: 781 114829 -21970 1859
2: -792 3549 13013 1859
2: -802 28223 20449 1859
1: 812 28561 -20691 1859
2: -812 28561 20207 1859
1: 822 28899 -20449 1859
3: 836 -4615 -24167 1859
4: -836 -8567 24167 1859
1: 847 169 73346 1859
2: -847 169 -155142 1859
3: 847 -2197 -27612 1859
4: -847 -2197 33904 1859
1: 847 28561 -19846 1859
2: -847 28561 19362 1859
4: -858 -363 101062 1859
1: 858 3267 -15379 1859
2: -858 6171 15379 1859
4: -858 -85683 20482 1859
3: 868 -28223 -20449 1859
2: -869 22477 18590 1859
3: 871 -7139 -21970 1859
3: 878 -28561 -20207 1859
4: -878 -28561 20691 1859
3: 884 -3223 -24167 1859
4: -884 -6215 24167 1859
4: -888 -28899 20449 1859
1: 891 6591 -17160 1859
2: -891 61347 18928 1859
3: 924 -363 -57122 1859
3: 924 -61347 -18928 1859
1: 962 34001 -17576 1859
2: -962 69817 17576 1859
3: 968 -331 -57122 1859
4: -968 -683 57122 1859
3: 968 -1859 -24843 1859
4: -968 -1859 32279 1859
1: 968 2197 -11934 1859
2: -968 2197 5642 1859
1: 968 47333 -17576 1859
3: 968 -55939 -18083 1859
2: -968 97669 17576 1859
4: -968 -115427 18083 1859
1: 1001 3025 -13182 1859
2: -1001 6413 13182 1859
1: 1001 28561 -16830 1859
2: -1001 28561 16346 1859
3: 1002 -1089 -28561 1859
1: 1014 231 35321 1859
3: 1014 -363 -50362 1859
2: -1014 495 -35321 1859
2: -1014 1089 -6760 1859
3: 1014 -2541 -21801 1859
4: -1014 -5445 21801 1859
3: 1014 -85683 -17182 1859
4: -1023 -819 48334 1859
4: -1034 -1573 32955 1859
4: -1056 -363 85683 1859
1: 1056 7605 -14872 1859
3: 1056 -138411 -16445 1859
3: 1078 -2197 -21021 1859
4: -1078 -2197 27313 1859
2: -1079 385 -48334 1859
1: 1089 507 5408 1859
2: -1089 2145 4394 1859
1: 1089 4017 -13182 1859
4: -1089 -5577 20280 1859
2: -1089 9165 13182 1859
4: -1089 -23829 16900 1859
4: -1089 -32955 16614 1859
2: -1089 85683 15580 1859
4: -1092 -363 83486 1859
1: 1111 65 145002 1859
3: 1122 -4719 -17576 1859
4: -1144 -1331 32955 1859
2: -1144 142805 14938 1859
3: 1177 -49517 -14872 1859
4: -1177 -121849 14872 1859
3: 1183 -209 -59488 1859
4: -1183 -517 59488 1859
1: 1183 28561 -14278 1859
2: -1183 28561 13794 1859
1: 1202 41743 -14157 1859
3: 1221 -39 -241670 1859
2: -1232 26741 13182 1859
1: 1243 121 57122 1859
2: -1243 121 -171366 1859
3: 1248 -363 -37349 1859
2: -1251 85683 13552 1859
4: -1254 -6591 17160 1859
1: 1254 14157 -13182 1859
4: -1268 -41743 14157 1859
1: 1276 28561 -13255 1859
2: -1276 28561 12771 1859
3: 1284 -85683 -13552 1859
1: 1287 363 8788 1859
1: 1287 85683 -13332 1859
3: 1316 -149435 -13182 1859
3: 1331 -143 -65910 1859
4: -1331 -143 162578 1859
1: 1331 9295 -12168 1859
3: 1331 -37895 -13182 1859
4: -1331 -107107 13182 1859
3: 1339 -26983 -13182 1859
4: -1339 -76835 13182 1859
3: 1352 -187 -52052 1859
4: -1352 -539 52052 1859
3: 1386 -195 -48334 1859
1: 1386 4719 -10985 1859
2: -1404 15609 10985 1859
2: -1408 18421 11154 1859
4: -1419 -7605 14872 1859
1: 1441 142805 -11946 1859
2: -1452 429 -35152 1859
4: -1452 -507 51714 1859
2: -1452 5577 8281 1859
4: -1452 -6591 14963 1859
2: -1452 72501 11622 1859
4: -1452 -85683 12136 1859
1: 1469 121 39546 1859
2: -1469 121 -153790 1859
1: 1496 102245 -11492 1859
1: 1508 28561 -11253 1859
2: -1508 28561 10769 1859
3: 1518 -3549 -13013 1859
3: 1521 -33 -185900 1859
2: -1521 363 -42588 1859
3: 1521 -1815 -14534 1859
4: -1521 -6171 14534 1859
2: -1521 85683 11132 1859
1: 1529 38701 -11154 1859
4: -1529 -102245 11492 1859
2: -1529 132665 11154 1859
2: -1534 77 -241670 1859
1: 1556 45617 -10985 1859
4: -1562 -1469 24167 1859
1: 1573 187 17576 1859
3: 1573 -187 -39546 1859
2: -1573 671 -17576 1859
4: -1573 -671 39546 1859
1: 1573 28561 -10798 1859
2: -1573 28561 10314 1859
3: 1573 -28561 -11172 1859
4: -1573 -28561 11656 1859
4: -1584 -250107 10985 1859
1: 1599 33 145002 1859
1: 1606 10985 -10296 1859
4: -1634 -45617 10985 1859
1: 1694 169 16224 1859
2: -1694 169 -98020 1859
2: -1694 715 -15379 1859
3: 1694 -2197 -12233 1859
4: -1694 -2197 18525 1859
4: -1694 -9295 12168 1859
4: -1694 -23309 10985 1859
1: 1694 28561 -10044 1859
2: -1694 28561 9560 1859
2: -1694 120835 10049 1859
3: 1716 -363 -21970 1859
2: -1716 1089 -6591 1859
3: 1716 -85683 -10120 1859
2: -1782 6591 7007 1859
1: 1782 61347 -9633 1859
3: 1794 -99 -48334 1859
1: 1828 248261 -9438 1859
4: -1848 -363 57122 1859
4: -1848 -61347 9633 1859
1: 1859 121 19266 1859
2: -1859 121 -133510 1859
3: 1859 -121 -37856 1859
4: -1859 -121 152100 1859
2: -1859 605 -19266 1859
4: -1859 -605 37856 1859
1: 1859 28561 -9174 1859
2: -1859 28561 8690 1859
3: 1859 -28561 -9416 1859
4: -1859 -28561 9900 1859
2: -1859 142805 9174 1859
4: -1859 -142805 9416 1859
4: -1898 -1133 24167 1859
1: 1903 11011 -8788 1859
1: 1903 199927 -9064 1859
2: -1914 70785 8788 1859
1: 1924 16093 -8788 1859
2: -1924 87725 8788 1859
2: -1933 111683 8788 1859
3: 1936 -155 -28561 1859
3: 1936 -715 -13182 1859
4: -1936 -859 28561 1859
1: 1936 2197 -7540 1859
2: -1936 2197 1248 1859
1: 1936 22165 -8788 1859
3: 1936 -68107 -8970 1859
2: -1936 122837 8788 1859
1: 1936 142805 -8904 1859
2: -1947 193479 8788 1859
4: -1969 -10985 10296 1859
3: 1969 -234377 -8788 1859
3: 1972 -111683 -8788 1859
2: -1991 13351 7436 1859
1: 2002 1331 -6591 1859
2: -2002 8107 6591 1859
1: 2002 28561 -8536 1859
2: -2002 28561 8052 1859
4: -2028 -363 53742 1859
4: -2028 -85683 8712 1859
1: 2057 143 8788 1859
2: -2057 143 -105456 1859
3: 2057 -1183 -10478 1859
3: 2057 -24167 -8502 1859
4: -2057 -24167 9074 1859
1: 2057 199927 -8388 1859
1: 2096 142805 -8228 1859
2: -2101 143143 8112 1859
4: -2123 -103259 8294 1859
4: -2129 -142805 8228 1859
3: 2134 -143143 -8112 1859
1: 2178 39 41743 1859
2: -2178 129 -114244 1859
2: -2178 507 -23153 1859
1: 2178 1443 -6591 1859
4: -2178 -3003 13182 1859
3: 2178 -5577 -8281 1859
2: -2178 11739 6591 1859
4: -2178 -18447 8788 1859
2: -2178 46137 7592 1859
1: 2178 85683 -7911 1859
3: 2178 -206349 -7943 1859
3: 2184 -363 -13182 1859
1: 2197 11 161304 1859
3: 2197 -11 -177034 1859
1: 2197 77 16302 1859
3: 2197 -77 -32032 1859
1: 2197 121 7514 1859
2: -2197 121 -121758 1859
3: 2197 -121 -23244 1859
4: -2197 -121 137488 1859
2: -2197 649 -16302 1859
4: -2197 -649 32032 1859
1: 2197 847 -5668 1859
3: 2197 -847 -10062 1859
1: 2197 2197 -7018 1859
2: -2197 2197 726 1859
3: 2197 -2197 -8712 1859
4: -2197 -2197 15004 1859
2: -2197 7139 5668 1859
4: -2197 -7139 10062 1859
1: 2197 15379 -7744 1859
3: 2197 -15379 -7986 1859
1: 2197 24167 -7788 1859
2: -2197 24167 7216 1859
3: 2197 -24167 -7942 1859
4: -2197 -24167 8514 1859
2: -2197 129623 7744 1859
4: -2197 -129623 7986 1859
1: 2197 169169 -7854 1859
3: 2197 -169169 -7876 1859
2: -2223 363 -35152 1859
1: 2233 28561 -7678 1859
2: -2233 28561 7194 1859
4: -2244 -4719 10985 1859
4: -2262 -13431 8788 1859
3: 2299 -169 -16224 1859
4: -2299 -169 98020 1859
2: -2299 325 -39546 1859
3: 2299 -1157 -8788 1859
2: -2299 6253 5070 1859
4: -2299 -12025 8788 1859
1: 2332 13 96668 1859
2: -2332 8281 5577 1859
4: -2332 -11011 8788 1859
3: 2354 -13351 -7436 1859
3: 2366 -55 -29744 1859
4: -2366 -671 29744 1859
1: 2366 28561 -7260 1859
2: -2366 28561 6776 1859
3: 2387 -13 -96668 1859
3: 2431 -605 -8788 1859
4: -2431 -8833 8788 1859
2: -2486 121 -114244 1859
1: 2502 85683 -6897 1859
3: 2508 -6591 -7007 1859
4: -2522 -2299 13182 1859
4: -2541 -741 26364 1859
4: -2541 -7293 8788 1859
1: 2541 16731 -6760 1859
4: -2541 -125229 6916 1859
2: -2546 73931 6591 1859
4: -2568 -85683 6897 1859
2: -2574 363 -32955 1859
2: -2574 85683 6545 1859
1: 2596 7865 -6591 1859
1: 2618 48763 -6591 1859
3: 2624 -73931 -6591 1859
1: 2639 28561 -6534 1859
2: -2639 28561 6050 1859
3: 2662 -143 -8788 1859
4: -2662 -143 105456 1859
3: 2662 -3289 -6591 1859
4: -2662 -141713 6591 1859
3: 2678 -2057 -6591 1859
4: -2678 -101761 6591 1859
3: 2704 -11 -26026 1859
2: -2706 59319 6149 1859
1: 2746 186745 -6292 1859
4: -2769 -5445 8788 1859
4: -2779 -186745 6292 1859
2: -2794 455 -24167 1859
4: -2899 -847 21970 1859
3: 2904 -3 85683 1859
4: -2904 -99 142805 1859
2: -2904 117 -109850 1859
1: 2904 429 -6591 1859
3: 2904 -507 -5408 1859
4: -2904 -2691 10985 1859
4: -2904 -16731 6760 1859
2: -2904 19773 5265 1859
1: 2904 72501 -5954 1859
3: 2904 -85683 -5947 1859
1: 2938 121 -8788 1859
2: -2938 121 -105456 1859
2: -2941 199927 5808 1859
3: 2974 -199927 -5808 1859
3: 3003 -363 -4394 1859
2: -3003 9801 4394 1859
1: 3016 605 -6591 1859
1: 3036 19773 -5720 1859
1: 3042 363 -7267 1859
4: -3042 -8349 7267 1859
1: 3042 85683 -5687 1859
3: 3058 -8281 -5577 1859
2: -3058 179647 5577 1859
4: -3091 -121 114244 1859
1: 3146 5 -162578 1859
3: 3146 -5 151593 1859
1: 3146 11 -76895 1859
3: 3146 -11 65910 1859
1: 3146 55 -19773 1859
3: 3146 -55 8788 1859
2: -3146 83 -151593 1859
4: -3146 -83 162578 1859
2: -3146 913 -8788 1859
4: -3146 -913 19773 1859
1: 3146 28561 -5520 1859
2: -3146 28561 5036 1859
3: 3146 -28561 -5465 1859
4: -3146 -28561 5949 1859
1: 3146 142805 -5498 1859
3: 3146 -142805 -5487 1859
3: 3211 -55 11154 1859
2: -3211 781 -11154 1859
1: 3263 11 -96668 1859
4: -3267 -429 35152 1859
3: 3267 -1131 -4394 1859
2: -3267 14313 4394 1859
3: 3289 -7 145002 1859
2: -3289 85 -145002 1859
4: -3289 -605 26364 1859
3: 3328 -11 96668 1859
1: 3388 169 -12337 1859
2: -3388 169 -69459 1859
1: 3388 28561 -5143 1859
2: -3388 28561 4659 1859
4: -3399 -19773 5720 1859
1: 3406 142805 -5082 1859
4: -3432 -363 39546 1859
4: -3432 -85683 5181 1859
4: -3454 -7865 6591 1859
4: -3509 -845 19604 1859
1: 3509 28561 -4974 1859
2: -3509 28561 4490 1859
4: -3531 -85683 5038 1859
4: -3549 -363 38870 1859
3: 3653 -121 8788 1859
4: -3653 -121 105456 1859
1: 3672 125229 -4719 1859
2: -3674 39325 4394 1859
1: 3718 121 -18928 1859
2: -3718 121 -95316 1859
3: 3718 -121 9633 1859
4: -3718 -121 104611 1859
2: -3718 847 -9633 1859
4: -3718 -847 18928 1859
1: 3718 28561 -4708 1859
2: -3718 28561 4224 1859
3: 3718 -28561 -4587 1859
4: -3718 -28561 5071 1859
2: -3718 199927 4587 1859
4: -3718 -199927 4708 1859
4: -3738 -125229 4719 1859
3: 3751 -13 131820 1859
1: 3751 24167 -4680 1859
2: -3751 24167 4108 1859
2: -3762 363 -28561 1859
3: 3848 -19723 -4394 1859
2: -3848 123541 4394 1859
3: 3872 -11 171366 1859
1: 3872 2197 -5343 1859
2: -3872 2197 -949 1859
2: -3872 13013 3549 1859
3: 3872 -28171 -4394 1859
2: -3872 29237 4056 1859
2: -3872 173173 4394 1859
2: -3993 99 -114244 1859
1: 3993 31317 -4394 1859
4: -3993 -176319 4394 1859
1: 4004 28561 -4389 1859
2: -4004 28561 3905 1859
1: 4017 22869 -4394 1859
4: -4017 -126687 4394 1859
3: 4056 -363 1690 1859
3: 4056 -85683 -4235 1859
1: 4114 143 -19773 1859
2: -4114 143 -76895 1859
3: 4114 -24167 -4108 1859
4: -4114 -24167 4680 1859
2: -4134 1815 -2197 1859
1: 4147 28561 -4246 1859
2: -4147 28561 3762 1859
3: 4173 -85683 -4114 1859
2: -4186 407 -24167 1859
4: -4191 -42471 4394 1859
1: 4224 117 -24167 1859
2: -4334 91 -120835 1859
3: 4356 -195 8788 1859
1: 4356 9633 -4225 1859
1: 4356 27885 -4056 1859
4: -4368 -363 35152 1859
1: 4394 11 -233519 1859
3: 4394 -11 225654 1859
1: 4394 19 -136851 1859
3: 4394 -19 128986 1859
2: -4394 55 -201487 1859
4: -4394 -55 209352 1859
2: -4394 85 -128986 1859
4: -4394 -85 136851 1859
1: 4394 121 -24804 1859
2: -4394 121 -89440 1859
3: 4394 -121 16939 1859
4: -4394 -121 97305 1859
2: -4394 187 -56485 1859
4: -4394 -187 64350 1859
1: 4394 209 -16016 1859
3: 4394 -209 8151 1859
2: -4394 605 -14742 1859
4: -4394 -605 22607 1859
2: -4394 935 -8151 1859
4: -4394 -935 16016 1859
2: -4394 2057 -1560 1859
4: -4394 -2057 9425 1859
1: 4394 2197 -5082 1859
2: -4394 2197 -1210 1859
3: 4394 -2197 -2783 1859
4: -4394 -2197 9075 1859
1: 4394 2299 -5031 1859
3: 4394 -2299 -2834 1859
2: -4394 10285 2834 1859
4: -4394 -10285 5031 1859
2: -4394 10985 2904 1859
4: -4394 -10985 4961 1859
1: 4394 24167 -4037 1859
2: -4394 24167 3465 1859
3: 4394 -24167 -3828 1859
4: -4394 -24167 4400 1859
2: -4394 37349 3630 1859
4: -4394 -37349 4235 1859
1: 4394 41743 -3993 1859
3: 4394 -41743 -3872 1859
2: -4394 120835 3839 1859
4: -4394 -120835 4026 1859
2: -4394 186745 3872 1859
4: -4394 -186745 3993 1859
2: -4444 65 -169169 1859
3: 4444 -94471 -3861 1859
1: 4446 363 -10985 1859
1: 4466 28561 -3960 1859
2: -4466 28561 3476 1859
1: 4554 39 -72501 1859
1: 4576 142805 -3795 1859
3: 4587 -55263 -3718 1859
2: -4587 226629 3718 1859
3: 4598 -169 12337 1859
4: -4598 -169 69459 1859
1: 4598 4277 -4394 1859
3: 4598 -13013 -3549 1859
4: -4598 -17459 4394 1859
4: -4598 -173563 3822 1859
2: -4642 15379 3003 1859
1: 4664 13 -217503 1859
1: 4708 58981 -3718 1859
4: -4708 -230347 3718 1859
3: 4719 -27 101062 1859
2: -4719 105 -101062 1859
4: -4719 -165 70304 1859
2: -4719 231 -43940 1859
1: 4719 297 -13182 1859
4: -4719 -1155 13182 1859
4: -4719 -85683 3790 1859
1: 4732 253 -14872 1859
4: -4732 -979 14872 1859
1: 4732 28561 -3751 1859
2: -4732 28561 3267 1859
3: 4774 -13 217503 1859
3: 4829 -28561 -3476 1859
4: -4829 -28561 3960 1859
1: 4862 3509 -4394 1859
4: -4862 -12947 4394 1859
3: 4884 -39 72501 1859
1: 4901 25 -122694 1859
1: 4901 605 -8450 1859
1: 4901 28561 -3630 1859
3: 4961 -120835 -3458 1859
1: 4972 121 -28561 1859
2: -4972 121 -85683 1859
4: -4994 -65 169169 1859
4: -5082 -4563 5746 1859
4: -5104 -91 120835 1859
1: 5181 32955 -3432 1859
3: 5214 -117 24167 1859
1: 5278 28561 -3388 1859
2: -5278 28561 2904 1859
1: 5291 35 -96668 1859
4: -5291 -113 96668 1859
3: 5324 -143 19773 1859
4: -5324 -143 76895 1859
3: 5368 -15379 -3003 1859
1: 5408 341 -13013 1859
4: -5408 -1067 13013 1859
1: 5412 184041 -3211 1859
4: -5478 -184041 3211 1859
4: -5544 -32955 3432 1859
2: -5566 637 -13182 1859
1: 5566 120835 -3133 1859
1: 5566 221897 -3120 1859
3: 5577 -363 6422 1859
2: -5577 1089 -6422 1859
3: 5577 -85683 -3058 1859
1: 5616 165 -24167 1859
2: -5687 871 -8788 1859
3: 5687 -5239 -2366 1859
3: 5707 -28561 -2904 1859
4: -5707 -28561 3388 1859
3: 5746 -605 2873 1859
1: 5746 199927 -3025 1859
2: -5764 142805 2926 1859
4: -5808 -507 23153 1859
2: -5808 72501 2834 1859
1: 5876 121 -32955 1859
2: -5876 121 -81289 1859
3: 5929 -2197 -1248 1859
4: -5929 -2197 7540 1859
4: -6006 -363 30758 1859
3: 6006 -5445 -2197 1859
2: -6006 14883 2197 1859
4: -6084 -231 46475 1859
3: 6182 -121 28561 1859
4: -6182 -121 85683 1859
2: -6226 17303 2197 1859
1: 6266 55 -72501 1859
1: 6292 49 -81289 1859
1: 6292 77 -52728 1859
4: -6292 -127 81289 1859
3: 6292 -539 4394 1859
2: -6292 1397 -4394 1859
1: 6292 28561 -2881 1859
2: -6292 28561 2397 1859
3: 6292 -199927 -2727 1859
1: 6396 33 -120835 1859
3: 6422 -473 5577 1859
2: -6422 1199 -5577 1859
2: -6534 165 -57122 1859
3: 6534 -429 6591 1859
3: 6534 -8853 -2197 1859
2: -6534 22035 2197 1859
3: 6578 -53 72501 1859
2: -6578 131 -72501 1859
1: 6591 45 -91234 1859
1: 6591 99 -42900 1859
4: -6591 -111 91234 1859
4: -6591 -363 29718 1859
3: 6591 -495 5434 1859
3: 6591 -1089 1040 1859
2: -6591 1221 -5434 1859
1: 6591 5445 -3354 1859
4: -6591 -6591 4114 1859
4: -6591 -13431 3354 1859
3: 6591 -19773 -2420 1859
2: -6591 72501 2486 1859
1: 6591 98865 -2662 1859
1: 6591 217503 -2640 1859
4: -6591 -243867 2662 1859
4: -6644 -455 24167 1859
1: 6776 29 -142805 1859
1: 6776 4901 -3380 1859
4: -6776 -5291 4394 1859
3: 6786 -33 120835 1859
3: 6864 -363 8788 1859
4: -6897 -6591 3978 1859
3: 6916 -55 72501 1859
3: 6929 -49 81796 1859
2: -6929 115 -81796 1859
1: 7018 28561 -2608 1859
2: -7018 28561 2124 1859
3: 7062 -85683 -2398 1859
3: 7084 -17303 -2197 1859
2: -7098 99 -94809 1859
3: 7098 -363 9126 1859
1: 7139 77 -57122 1859
2: -7139 176605 2366 1859
1: 7267 6413 -3042 1859
4: -7267 -14399 3042 1859
3: 7306 -121 32955 1859
4: -7306 -121 81289 1859
4: -7392 -363 28561 1859
1: 7436 121 -38025 1859
1: 7436 605 -9464 1859
4: -7436 -1331 9464 1859
1: 7436 28561 -2475 1859
2: -7436 28561 1991 1859
1: 7436 142805 -2354 1859
1: 7502 24167 -2483 1859
2: -7502 24167 1911 1859
3: 7566 -165 24167 1859
3: 7696 -91355 -2197 1859
2: -7696 195173 2197 1859
2: -7716 221793 2197 1859
1: 7744 53 -85683 1859
4: -7744 -715 15379 1859
3: 7744 -128843 -2197 1859
4: -7774 -605 17745 1859
3: 7794 -221793 -2197 1859
4: -7904 -4235 4394 1859
1: 7936 228085 -2197 1859
1: 7986 135135 -2197 1859
4: -8014 -228085 2197 1859
1: 8034 97647 -2197 1859
4: -8034 -201465 2197 1859
4: -8112 -363 27716 1859
3: 8228 -299 13182 1859
3: 8228 -24167 -1911 1859
4: -8228 -24167 2483 1859
2: -8294 605 -13182 1859
1: 8294 28561 -2244 1859
2: -8294 28561 1760 1859
4: -8346 -85683 2178 1859
3: 8448 -24843 -1859 1859
3: 8536 -208715 -2002 1859
1: 8646 23595 -2197 1859
4: -8712 -8619 3042 1859
2: -8723 847 -8788 1859
3: 8736 -363 10985 1859
3: 8788 -71 64493 1859
1: 8788 121 -40963 1859
2: -8788 121 -73281 1859
2: -8788 137 -64493 1859
1: 8788 781 -8008 1859
4: -8788 -1507 8008 1859
1: 8788 2197 -4114 1859
2: -8788 2197 -2178 1859
3: 8788 -8591 -1417 1859
2: -8788 16577 1417 1859
3: 8788 -24167 -1771 1859
4: -8788 -24167 2343 1859
3: 8788 -155987 -1936 1859
1: 8932 28561 -2101 1859
2: -8932 28561 1617 1859
4: -8954 -1001 10985 1859
4: -8996 -407 24167 1859
3: 9174 -196209 -1859 1859
3: 9196 -55 85683 1859
1: 9196 15145 -2197 1859
4: -9196 -28327 2197 1859
1: 9416 203645 -1859 1859
1: 9438 33 -149396 1859
3: 9438 -93 50531 1859
4: -9438 -99 92274 1859
2: -9438 171 -50531 1859
1: 9438 1023 -6591 1859
4: -9438 -1881 6591 1859
3: 9438 -85683 -1774 1859
1: 9464 869 -7436 1859
4: -9464 -1595 7436 1859
4: -9504 -23595 2197 1859
2: -9559 75881 1690 1859
3: 9633 -891 3718 1859
2: -9633 1617 -3718 1859
3: 9658 -28561 -1617 1859
4: -9658 -28561 2101 1859
1: 9724 11737 -2197 1859
4: -9724 -21175 2197 1859
2: -9801 273 -30758 1859
2: -9801 6591 416 1859
1: 9802 83 -61347 1859
4: -9802 -149 61347 1859
1: 9802 28561 -1936 1859
2: -9802 28561 1452 1859
2: -9867 177 -48334 1859
1: 10142 32279 -1859 1859
3: 10164 -1287 2197 1859
3: 10164 -217503 -1677 1859
3: 10166 -605 6591 1859
1: 10296 21 -241670 1859
1: 10556 28561 -1815 1859
2: -10556 28561 1331 1859
1: 10582 109 -48334 1859
4: -10769 -4901 3380 1859
3: 11011 -55 92274 1859
1: 11011 253 -21970 1859
1: 11011 28561 -1750 1859
2: -11011 28561 1266 1859
4: -11154 -363 25350 1859
3: 11154 -1089 3211 1859
2: -11154 1815 -3211 1859
4: -11154 -85683 1650 1859
3: 11414 -28561 -1331 1859
4: -11414 -28561 1815 1859
1: 11616 72501 -1560 1859
3: 11858 -2197 949 1859
4: -11858 -2197 5343 1859
1: 11858 213109 -1482 1859
4: -11979 -72501 1560 1859
3: 12012 -363 13182 1859
1: 12221 65 -83486 1859
2: -12342 39039 1183 1859
4: -12584 -43 197730 1859
3: 12584 -1507 2197 1859
2: -12584 2365 -2197 1859
2: -12584 142805 1314 1859
4: -12844 -55 154297 1859
1: 13013 1331 -5408 1859
4: -13013 -2057 5408 1859
1: 13013 28561 -1518 1859
2: -13013 28561 1034 1859
3: 13068 -39039 -1183 1859
1: 13182 33 -166452 1859
1: 13182 123 -45617 1859
4: -13182 -189 45617 1859
2: -13182 297 -26884 1859
3: 13182 -363 13702 1859
3: 13182 -1353 2717 1859
2: -13182 2079 -2717 1859
4: -13182 -3267 3874 1859
3: 13182 -6591 -484 1859
1: 13182 14883 -1677 1859
4: -13182 -22869 1677 1859
4: -13182 -59319 1452 1859
1: 13182 72501 -1386 1859
3: 13351 -275 18590 1859
4: -13431 -39 215306 1859
1: 13431 83655 -1352 1859
2: -13624 142805 1210 1859
1: 13761 85683 -1320 1859
3: 13794 -6591 -416 1859
4: -13794 -83655 1352 1859
3: 13858 -131 40898 1859
2: -13858 197 -40898 1859
4: -14036 -91 92274 1859
1: 14036 28561 -1425 1859
2: -14036 28561 941 1859
4: -14124 -85683 1320 1859
3: 14157 -33 166972 1859
1: 14157 1749 -4394 1859
4: -14157 -2607 4394 1859
2: -14157 85683 1124 1859
3: 14196 -27 204490 1859
4: -14196 -363 23998 1859
1: 14534 16819 -1521 1859
4: -14534 -24805 1521 1859
2: -14652 46137 1001 1859
1: 14703 141 -40898 1859
4: -14703 -207 40898 1859
3: 14762 -15379 -806 1859
4: -14872 -2299 4732 1859
1: 14883 33 -171366 1859
3: 15246 -32955 -962 1859
3: 15378 -46137 -1001 1859
2: -15379 43 -188760 1859
4: -15379 -55 149578 1859
1: 15379 1639 -4576 1859
3: 15379 -2197 1452 1859
4: -15379 -2197 4840 1859
4: -15379 -2365 4576 1859
4: -15379 -94471 1210 1859
2: -15379 120835 1056 1859
3: 15609 -138411 -1066 1859
3: 15851 -247 21970 1859
1: 15851 142805 -1130 1859
1: 15906 98865 -1144 1859
2: -16159 121 -65910 1859
3: 16224 -363 14703 1859
2: -16263 85683 968 1859
4: -16269 -98865 1144 1859
1: 16456 5005 -2197 1859
3: 16577 -202631 -1014 1859
1: 16588 28561 -1243 1859
2: -16588 28561 759 1859
3: 16692 -85683 -968 1859
3: 16698 -99 57122 1859
1: 16698 19773 -1326 1859
1: 16731 363 -16900 1859
1: 16731 85683 -1100 1859
3: 17316 -1815 2197 1859
4: -17424 -32955 1235 1859
3: 17576 -35 165165 1859
1: 17576 77 -76505 1859
3: 17576 -275 20163 1859
1: 17576 605 -10595 1859
1: 17576 1925 -4004 1859
1: 17576 2197 -3630 1859
2: -17576 2197 -2662 1859
4: -17576 -2651 4004 1859
3: 17576 -4235 390 1859
3: 17576 -15379 -605 1859
1: 17576 54925 -1089 1859
3: 17576 -120835 -935 1859
1: 17666 10985 -1508 1859
1: 17787 351 -17576 1859
3: 18421 -22385 -676 1859
2: -18421 30371 676 1859
2: -18876 33 -239473 1859
1: 18876 45 -131820 1859
3: 18876 -495 10985 1859
4: -18876 -85683 1008 1859
1: 18928 2101 -3718 1859
4: -18928 -2827 3718 1859
1: 19097 121 -49686 1859
2: -19097 121 -64558 1859
2: -19266 2871 -1859 1859
2: -19393 239473 858 1859
1: 19481 120835 -936 1859
1: 19602 6591 -1781 1859
2: -19604 605 -12168 1859
1: 19604 28561 -1089 1859
2: -19604 28561 605 1859
3: 19734 -237 24167 1859
2: -19734 315 -24167 1859
3: 19773 -33 179036 1859
2: -19773 363 -20852 1859
1: 19773 24321 -1118 1859
4: -19773 -32307 1118 1859
3: 19773 -72501 -792 1859
4: -19844 -120835 936 1859
1: 19864 4477 -2197 1859
1: 19942 77 -78078 1859
3: 20306 -49 120835 1859
2: -20449 55 -141960 1859
4: -20449 -55 143650 1859
1: 20449 209 -29406 1859
3: 20449 -209 27716 1859
2: -20449 275 -27716 1859
4: -20449 -275 29406 1859
1: 20449 28561 -1054 1859
2: -20449 28561 570 1859
3: 20449 -28561 -636 1859
4: -20449 -28561 1120 1859
2: -20449 142805 790 1859
4: -20449 -142805 900 1859
1: 20787 33 -182182 1859
2: -21054 663 -10985 1859
1: 21164 257 -24167 1859
4: -21164 -335 24167 1859
4: -21659 -10985 1508 1859
1: 21801 27225 -1014 1859
4: -21801 -35211 1014 1859
1: 22022 28561 -996 1859
2: -22022 28561 512 1859
2: -22139 142805 726 1859
1: 22143 25857 -1014 1859
3: 22308 -363 15886 1859
3: 22308 -85683 -704 1859
1: 23056 142805 -792 1859
1: 23232 117 -52728 1859
2: -23232 72501 637 1859
3: 23232 -89739 -676 1859
4: -23419 -142805 792 1859
2: -23716 146861 676 1859
2: -23738 53 -145002 1859
2: -23829 495 -14872 1859
3: 23958 -72501 -637 1859
4: -24024 -363 21970 1859
3: 24079 -146861 -676 1859
1: 24167 121 -51246 1859
2: -24167 121 -62998 1859
3: 24167 -121 49816 1859
4: -24167 -121 64428 1859
1: 24167 2197 -3498 1859
2: -24167 2197 -2794 1859
3: 24167 -2197 2068 1859
4: -24167 -2197 4224 1859
1: 24167 2783 -2912 1859
3: 24167 -2783 1482 1859
2: -24167 3509 -1482 1859
4: -24167 -3509 2912 1859
1: 24167 50531 -836 1859
3: 24167 -50531 -594 1859
2: -24167 63713 594 1859
4: -24167 -63713 836 1859
1: 24453 363 -17576 1859
1: 24563 28561 -918 1859
2: -24563 28561 434 1859
2: -24739 199927 660 1859
1: 25047 39 -158184 1859
4: -25168 -187 41743 1859
3: 25857 -231 26026 1859
4: -25894 -5005 2197 1859
1: 26026 3025 -2704 1859
4: -26026 -3751 2704 1859
1: 26026 28561 -880 1859
2: -26026 28561 396 1859
2: -26364 33 -230945 1859
2: -26364 69 -110110 1859
3: 26364 -99 61776 1859
4: -26364 -363 21710 1859
4: -26364 -759 10725 1859
1: 26364 1089 -6331 1859
4: -26364 -6591 1815 1859
2: -26364 8349 -260 1859
1: 26364 19773 -968 1859
2: -26364 72501 550 1859
2: -26364 151593 605 1859
3: 26364 -217503 -627 1859
2: -26741 199927 608 1859
3: 26862 -39 158184 1859
1: 26871 1815 -4056 1859
3: 27346 -1235 4394 1859
2: -27378 2541 -2366 1859
2: -27522 85683 539 1859
4: -27588 -6591 1781 1859
3: 27716 -295 20449 1859
2: -27716 361 -20449 1859
2: -28061 173563 572 1859
3: 28248 -85683 -539 1859
4: -28314 -33 230685 1859
4: -28314 -87 87880 1859
3: 28314 -231 26364 1859
1: 28314 3927 -2197 1859
4: -28314 -4785 2197 1859
1: 28314 85683 -683 1859
3: 28392 -363 16562 1859
3: 28424 -173563 -572 1859
2: -28561 53 -142538 1859
4: -28561 -53 143748 1859
1: 28561 55 -114004 1859
3: 28561 -55 112794 1859
1: 28561 61 -102850 1859
3: 28561 -61 101640 1859
1: 28561 65 -96558 1859
3: 28561 -65 95348 1859
2: -28561 77 -97922 1859
4: -28561 -77 99132 1859
2: -28561 91 -82764 1859
4: -28561 -91 83974 1859
1: 28561 121 -52150 1859
2: -28561 121 -62094 1859
3: 28561 -121 50940 1859
4: -28561 -121 63304 1859
1: 28561 143 -44220 1859
2: -28561 143 -52448 1859
3: 28561 -143 43010 1859
4: -28561 -143 53658 1859
1: 28561 169 -37510 1859
2: -28561 169 -44286 1859
3: 28561 -169 36300 1859
4: -28561 -169 45496 1859
1: 28561 305 -21054 1859
3: 28561 -305 19844 1859
2: -28561 371 -19844 1859
4: -28561 -371 21054 1859
2: -28561 583 -12408 1859
4: -28561 -583 13618 1859
1: 28561 605 -10914 1859
3: 28561 -605 9704 1859
1: 28561 671 -9900 1859
3: 28561 -671 8690 1859
2: -28561 689 -10406 1859
4: -28561 -689 11616 1859
1: 28561 715 -9328 1859
3: 28561 -715 8118 1859
1: 28561 793 -8470 1859
3: 28561 -793 7260 1859
1: 28561 845 -7986 1859
3: 28561 -845 6776 1859
2: -28561 847 -8352 1859
4: -28561 -847 9562 1859
2: -28561 1001 -6974 1859
4: -28561 -1001 8184 1859
2: -28561 1183 -5808 1859
4: -28561 -1183 7018 1859
1: 28561 1573 -4570 1859
2: -28561 1573 -4218 1859
3: 28561 -1573 3360 1859
4: -28561 -1573 5428 1859
1: 28561 1859 -3960 1859
2: -28561 1859 -3476 1859
3: 28561 -1859 2750 1859
4: -28561 -1859 4686 1859
1: 28561 3355 -2464 1859
3: 28561 -3355 1254 1859
1: 28561 3965 -2178 1859
3: 28561 -3965 968 1859
2: -28561 4081 -1254 1859
4: -28561 -4081 2464 1859
2: -28561 4823 -968 1859
4: -28561 -4823 2178 1859
2: -28561 6413 -578 1859
4: -28561 -6413 1788 1859
1: 28561 7381 -1450 1859
3: 28561 -7381 240 1859
2: -28561 7579 -396 1859
4: -28561 -7579 1606 1859
1: 28561 7865 -1398 1859
3: 28561 -7865 188 1859
1: 28561 8723 -1320 1859
3: 28561 -8723 110 1859
2: -28561 8957 -242 1859
4: -28561 -8957 1452 1859
1: 28561 9295 -1276 1859
3: 28561 -9295 66 1859
1: 28561 10309 -1210 1859
2: -28561 11011 -84 1859
4: -28561 -11011 1294 1859
2: -28561 13013 22 1859
4: -28561 -13013 1188 1859
3: 28561 -20449 -300 1859
4: -28561 -20449 976 1859
1: 28561 36905 -774 1859
3: 28561 -36905 -436 1859
1: 28561 43615 -748 1859
3: 28561 -43615 -462 1859
2: -28561 44891 436 1859
4: -28561 -44891 774 1859
1: 28561 51545 -726 1859
3: 28561 -51545 -484 1859
2: -28561 53053 462 1859
4: -28561 -53053 748 1859
2: -28561 62699 484 1859
4: -28561 -62699 726 1859
2: -28561 83369 514 1859
4: -28561 -83369 696 1859
1: 28561 95953 -670 1859
3: 28561 -95953 -540 1859
2: -28561 98527 528 1859
4: -28561 -98527 682 1859
1: 28561 102245 -666 1859
3: 28561 -102245 -544 1859
1: 28561 113399 -660 1859
3: 28561 -113399 -550 1859
2: -28561 143143 552 1859
4: -28561 -143143 658 1859
3: 28677 -117 52728 1859
2: -28899 363 -20280 1859
1: 29029 28561 -814 1859
2: -29029 28561 330 1859
1: 29161 55 -114244 1859
2: -29282 91091 507 1859
1: 29406 315 -20449 1859
4: -29406 -381 20449 1859
1: 29744 3509 -2366 1859
4: -29744 -4235 2366 1859
2: -29744 142805 528 1859
2: -29766 33 -228488 1859
3: 30008 -91091 -507 1859
4: -30734 -53 142805 1859
3: 30758 -2197 2299 1859
4: -30758 -2197 3993 1859
1: 30758 3641 -2288 1859
4: -30758 -4367 2288 1859
2: -30976 148213 507 1859
4: -31581 -33 228488 1859
3: 31772 -539 11154 1859
2: -31823 36673 338 1859
3: 32186 -55 114244 1859
1: 32318 121 -52728 1859
2: -32318 121 -61516 1859
1: 32428 37349 -702 1859
1: 32526 85683 -605 1859
4: -33046 -4477 2197 1859
1: 33176 605 -10985 1859
4: -33384 -85683 605 1859
2: -33462 363 -20111 1859
3: 34122 -351 17576 1859
1: 34307 28561 -726 1859
2: -34307 28561 242 1859
2: -34672 107653 429 1859
1: 35152 2197 -3388 1859
2: -35152 2197 -2904 1859
1: 35152 4213 -2002 1859
4: -35152 -4939 2002 1859
4: -35211 -1911 4394 1859
1: 35211 217503 -520 1859
3: 35321 -4235 1014 1859
2: -35321 4961 -1014 1859
3: 35398 -107653 -429 1859
4: -35574 -217503 520 1859
3: 36179 -467 13182 1859
2: -36179 545 -13182 1859
2: -36504 165 -44616 1859
2: -36842 56749 338 1859
1: 37026 75 -85683 1859
4: -37349 -95 78650 1859
4: -37349 -605 12740 1859
3: 37349 -24167 -198 1859
4: -37349 -24167 770 1859
1: 37466 142805 -506 1859
3: 37687 -847 7098 1859
4: -37752 -891 8788 1859
3: 37752 -85683 -383 1859
1: 37856 4565 -1859 1859
1: 38194 121 -53404 1859
2: -38194 121 -60840 1859
1: 38233 199927 -484 1859
4: -38662 -199927 484 1859
3: 38841 -85683 -370 1859
3: 39039 -363 17238 1859
4: -39546 -33 224653 1859
1: 39546 363 -18135 1859
1: 39546 957 -7150 1859
3: 39546 -32955 -242 1859
1: 39546 52635 -559 1859
4: -39546 -60621 559 1859
4: -39546 -72501 539 1859
3: 39754 -1331 4394 1859
2: -40172 12337 -169 1859
3: 40183 -121 52728 1859
4: -40183 -121 61516 1859
2: -40729 55 -133848 1859
1: 40898 41 -157508 1859
3: 40898 -41 156663 1859
2: -40898 47 -156663 1859
4: -40898 -47 157508 1859
1: 40898 451 -14703 1859
3: 40898 -451 13858 1859
2: -40898 517 -13858 1859
4: -40898 -517 14703 1859
1: 40898 28561 -648 1859
2: -40898 28561 164 1859
3: 40898 -28561 -197 1859
4: -40898 -28561 681 1859
2: -41574 33 -223080 1859
2: -41624 221 -32955 1859
4: -41624 -80275 507 1859
3: 41743 -5071 858 1859
2: -41743 5797 -858 1859
1: 41866 24505 -676 1859
1: 41866 199927 -445 1859
1: 42471 165 -39546 1859
2: -42834 195 -37349 1859
1: 43602 58443 -507 1859
4: -43602 -66429 507 1859
4: -43802 -43 171366 1859
4: -44044 -55 134017 1859
1: 44044 28561 -619 1859
2: -44044 28561 135 1859
4: -44109 -33 223080 1859
4: -44616 -363 20618 1859
4: -44616 -85683 473 1859
4: -44954 -55 133848 1859
1: 45617 28561 -606 1859
2: -45617 28561 122 1859
1: 45738 57 -114244 1859
4: -45859 -24505 676 1859
4: -45903 -85683 462 1859
4: -46137 -363 20566 1859
1: 46137 59319 -484 1859
4: -46222 -871 8788 1859
4: -46644 -99 74360 1859
2: -47432 253 -28561 1859
3: 47489 -121 53404 1859
4: -47489 -121 60840 1859
4: -47619 -1815 4394 1859
3: 48048 -363 17576 1859
3: 48158 -12337 169 1859
1: 48334 49 -133276 1859
3: 48334 -49 132561 1859
1: 48334 121 -54184 1859
3: 48334 -121 53469 1859
1: 48334 847 -8047 1859
3: 48334 -847 7332 1859
2: -48334 1331 -5135 1859
4: -48334 -1331 5850 1859
1: 48334 2197 -3322 1859
2: -48334 2197 -2970 1859
3: 48334 -2197 2607 1859
4: -48334 -2197 3685 1859
1: 48334 5929 -1456 1859
3: 48334 -5929 741 1859
2: -48334 6655 -741 1859
4: -48334 -6655 1456 1859
2: -48334 10985 -308 1859
4: -48334 -10985 1023 1859
1: 48334 15379 -781 1859
3: 48334 -15379 66 1859
1: 48334 107653 -418 1859
3: 48334 -107653 -297 1859
1: 48642 231 -28561 1859
2: -48884 65 -112047 1859
2: -48906 363 -19773 1859
1: 49126 28561 -580 1859
2: -49126 28561 96 1859
4: -49179 -165 44616 1859
2: -50094 39 -186745 1859
1: 50336 1045 -6591 1859
1: 50336 142805 -389 1859
3: 50531 -605 10452 1859
1: 50531 120835 -396 1859
3: 51051 -27 241670 1859
1: 52052 6413 -1352 1859
4: -52052 -7139 1352 1859
1: 52052 28561 -561 1859
2: -52052 28561 77 1859
3: 52728 -363 17706 1859
1: 52728 72501 -418 1859
3: 53119 -28561 -96 1859
4: -53119 -28561 580 1859
4: -53724 -39 186745 1859
1: 53911 28561 -550 1859
2: -53911 28561 66 1859
4: -54087 -59319 442 1859
3: 54249 -85683 -242 1859
1: 54496 142805 -363 1859
2: -54692 169169 273 1859
4: -54934 -65 112047 1859
4: -55354 -142805 363 1859
3: 55418 -169169 -273 1859
4: -56784 -363 20280 1859
1: 57112 77 -85683 1859
1: 57122 121 -54636 1859
2: -57122 121 -59608 1859
3: 57122 -121 54031 1859
4: -57122 -121 60213 1859
1: 57122 143 -46277 1859
2: -57122 143 -50391 1859
3: 57122 -143 45672 1859
4: -57122 -143 50996 1859
1: 57122 169 -39204 1859
2: -57122 169 -42592 1859
3: 57122 -169 38599 1859
4: -57122 -169 43197 1859
1: 57122 643 -10527 1859
3: 57122 -643 9922 1859
2: -57122 709 -9922 1859
4: -57122 -709 10527 1859
1: 57122 1573 -4482 1859
2: -57122 1573 -4306 1859
3: 57122 -1573 3877 1859
4: -57122 -1573 4911 1859
1: 57122 1859 -3839 1859
2: -57122 1859 -3597 1859
3: 57122 -1859 3234 1859
4: -57122 -1859 4202 1859
1: 57122 7073 -1232 1859
3: 57122 -7073 627 1859
2: -57122 7799 -627 1859
4: -57122 -7799 1232 1859
1: 57122 8359 -1089 1859
3: 57122 -8359 484 1859
2: -57122 9217 -484 1859
4: -57122 -9217 1089 1859
3: 57122 -20449 19 1859
4: -57122 -20449 657 1859
1: 57122 77803 -387 1859
3: 57122 -77803 -218 1859
2: -57122 85789 218 1859
4: -57122 -85789 387 1859
1: 57122 91949 -374 1859
3: 57122 -91949 -231 1859
2: -57122 101387 231 1859
4: -57122 -101387 374 1859
1: 57122 108667 -363 1859
3: 57122 -108667 -242 1859
2: -57122 119821 242 1859
4: -57122 -119821 363 1859
1: 57798 363 -18421 1859
1: 58058 28561 -528 1859
2: -58058 28561 44 1859
1: 58201 775 -8788 1859
4: -58201 -853 8788 1859
4: -59319 -105 69212 1859
1: 59488 7381 -1183 1859
4: -59488 -8107 1183 1859
1: 59532 33 -199927 1859
4: -59774 -55 131820 1859
4: -60984 -195 37349 1859
2: -61347 33 -218686 1859
3: 61347 -63 104442 1859
2: -61347 69 -104442 1859
1: 61347 693 -9802 1859
4: -61347 -759 9802 1859
4: -61347 -85683 366 1859
3: 61516 -55 119691 1859
3: 61516 -139 47190 1859
1: 61516 7645 -1144 1859
4: -61516 -8371 1144 1859
4: -61854 -495 14872 1859
3: 61952 -68107 -182 1859
4: -62023 -59 122694 1859
4: -62194 -221 32955 1859
3: 62777 -28561 -44 1859
4: -62777 -28561 528 1859
3: 63162 -33 199927 1859
3: 63206 -605 10647 1859
2: -63404 142805 222 1859
1: 63713 721 -9438 1859
4: -63713 -787 9438 1859
3: 63713 -226291 -242 1859
4: -63778 -847 8788 1859
4: -64614 -125229 325 1859
1: 64636 121 -54925 1859
2: -64636 121 -59319 1859
2: -64702 199927 231 1859
4: -65403 -97647 338 1859
3: 65428 -199927 -231 1859
3: 65582 -77 85683 1859
4: -66079 -605 12168 1859
4: -66924 -1815 4225 1859
1: 68107 24167 -528 1859
2: -68107 24167 -44 1859
1: 68614 28561 -484 1859
3: 68952 -27 245388 1859
1: 70304 2197 -3267 1859
2: -70304 2197 -3025 1859
1: 70304 8789 -1001 1859
4: -70304 -9515 1001 1859
4: -70422 -77571 338 1859
3: 70642 -8833 507 1859
2: -70642 9559 -507 1859
3: 72358 -973 6591 1859
2: -72358 1051 -6591 1859
3: 72501 -75 88374 1859
2: -72501 81 -88374 1859
3: 72501 -363 18070 1859
1: 72501 1815 -3900 1859
3: 72501 -6591 770 1859
3: 72501 -9075 494 1859
2: -72501 9801 -494 1859
1: 72501 32955 -440 1859
3: 72501 -164775 -198 1859
2: -72501 177957 198 1859
3: 73684 -101519 -169 1859
2: -73684 109505 169 1859
3: 74052 -231 28561 1859
4: -74191 -28561 484 1859
2: -74698 15851 -221 1859
3: 74698 -24167 44 1859
4: -74698 -24167 528 1859
1: 74698 50531 -363 1859
2: -74899 125 -57122 1859
4: -75262 -253 28561 1859
4: -75504 -219 32955 1859
1: 75543 14883 -676 1859
1: 76388 121 -55263 1859
2: -76388 121 -58981 1859
4: -77682 -85683 306 1859
4: -78078 -363 19942 1859
1: 78892 23153 -507 1859
1: 79092 129 -51909 1859
4: -79092 -6171 1378 1859
2: -79092 6897 -819 1859
1: 79092 46137 -363 1859
3: 80366 -121 54925 1859
4: -80366 -121 59319 1859
3: 81796 -55 121173 1859
2: -81796 77 -92612 1859
1: 81796 85 -78754 1859
3: 81796 -187 35490 1859
3: 81796 -935 6929 1859
1: 81796 28561 -445 1859
1: 81796 142805 -258 1859
4: -82764 -663 10985 1859
1: 83148 33 -202631 1859
3: 83486 -55 121264 1859
3: 83486 -10505 429 1859
2: -83486 11231 -429 1859
4: -84669 -1089 6760 1859
4: -85514 -605 11999 1859
2: -85683 33 -216062 1859
4: -85683 -39 183194 1859
3: 85683 -99 67342 1859
1: 85683 117 -57354 1859
4: -85683 -363 19862 1859
2: -85683 429 -16434 1859
4: -85683 -507 14278 1859
1: 85683 981 -7018 1859
4: -85683 -1047 7018 1859
1: 85683 1089 -6342 1859
3: 85683 -1287 4994 1859
1: 85683 1521 -4598 1859
4: -85683 -4719 1714 1859
2: -85683 5577 -1078 1859
3: 85683 -10791 418 1859
2: -85683 11517 -418 1859
1: 85683 12753 -726 1859
4: -85683 -13611 726 1859
1: 85683 14157 -674 1859
3: 85683 -16731 198 1859
4: -85683 -61347 318 1859
1: 85683 118701 -258 1859
4: -85683 -126687 258 1859
3: 85683 -140283 -154 1859
2: -85683 149721 154 1859
1: 85683 165789 -242 1859
4: -85683 -176943 242 1859
1: 85683 184041 -238 1859
2: -86636 2977 -2197 1859
4: -86878 -23153 507 1859
3: 88218 -33 202631 1859
1: 88556 142805 -242 1859
3: 89232 -363 18252 1859
3: 90077 -1033 6292 1859
2: -90077 1099 -6292 1859
1: 91234 28561 -424 1859
2: -91234 28561 -60 1859
3: 91806 -85683 -110 1859
2: -92274 225 -31460 1859
3: 92274 -363 18278 1859
4: -92274 -5445 1495 1859
4: -92274 -217503 220 1859
2: -92443 5929 -1014 1859
2: -92807 77 -92274 1859
1: 94471 131285 -234 1859
4: -94471 -139271 234 1859
3: 94978 -121 55263 1859
4: -94978 -121 58981 1859
4: -96096 -363 19773 1859
1: 96668 101 -66638 1859
4: -96668 -107 66638 1859
1: 96668 121 -55653 1859
2: -96668 121 -58591 1859
1: 96668 2197 -3234 1859
2: -96668 2197 -3058 1859
1: 96668 12221 -728 1859
4: -96668 -12947 728 1859
1: 96668 221897 -209 1859
4: -96668 -235079 209 1859
1: 98252 28561 -411 1859
2: -98252 28561 -73 1859
4: -99099 -825 8788 1859
2: -99541 173 -40898 1859
4: -100724 -21175 507 1859
4: -101277 -112047 234 1859
1: 102366 3315 -2197 1859
1: 103259 90077 -242 1859
4: -103334 -1105 6591 1859
4: -103576 -83 85683 1859
1: 103818 99 -68107 1859
1: 104104 13189 -676 1859
4: -104104 -13915 676 1859
4: -105456 -363 19708 1859
3: 105456 -29403 65 1859
2: -105456 72501 66 1859
3: 105963 -13431 338 1859
3: 106238 -28561 73 1859
4: -106238 -28561 411 1859
1: 106964 517 -13182 1859
3: 107653 -2197 2904 1859
4: -107653 -2197 3388 1859
1: 107822 28561 -396 1859
2: -107822 28561 -88 1859
4: -108498 -85683 242 1859
3: 108537 -1479 4394 1859
2: -108537 1557 -4394 1859
3: 109626 -243867 -130 1859
3: 111826 -605 10985 1859
1: 112046 63713 -260 1859
3: 112112 -139 48334 1859
4: -112554 -1815 4056 1859
4: -112827 -147 48334 1859
1: 113256 309 -21970 1859
1: 113399 847 -8112 1859
3: 113568 -363 18421 1859
4: -114244 -55 128887 1859
2: -114244 65 -108779 1859
1: 114244 121 -55879 1859
2: -114244 121 -58365 1859
3: 114244 -143 47003 1859
4: -114244 -143 49665 1859
1: 114244 169 -40051 1859
2: -114244 169 -41745 1859
2: -114244 277 -25410 1859
2: -114244 605 -11552 1859
4: -114244 -715 10054 1859
2: -114244 845 -8228 1859
3: 114244 -1319 4961 1859
2: -114244 1385 -4961 1859
1: 114244 1573 -4438 1859
2: -114244 1573 -4350 1859
3: 114244 -1859 3476 1859
4: -114244 -1859 3960 1859
4: -114244 -3047 2475 1859
2: -114244 3601 -1815 1859
2: -114244 7865 -749 1859
4: -114244 -9295 913 1859
1: 114244 14509 -616 1859
4: -114244 -15235 616 1859
3: 114244 -17147 242 1859
2: -114244 18005 -242 1859
2: -114244 33517 -60 1859
4: -114244 -39611 330 1859
2: -114244 102245 82 1859
3: 114244 -159599 -109 1859
2: -114244 167585 109 1859
1: 114244 188617 -187 1859
4: -114244 -198055 187 1859
3: 114244 -222911 -121 1859
2: -114244 234065 121 1859
2: -114829 35 -202124 1859
4: -116039 -63713 260 1859
1: 116116 28561 -385 1859
2: -116116 28561 -99 1859
1: 116402 1589 -4394 1859
4: -116402 -1667 4394 1859
1: 119548 781 -8788 1859
1: 122694 33 -204828 1859
3: 122694 -129 52221 1859
2: -122694 135 -52221 1859
2: -122694 297 -23660 1859
1: 122694 1419 -4901 1859
4: -122694 -1485 4901 1859
3: 122694 -85683 -62 1859
1: 123032 15653 -572 1859
4: -123032 -16379 572 1859
2: -124124 3025 -2197 1859
4: -125229 -6591 1210 1859
3: 125229 -15939 286 1859
2: -125229 16665 -286 1859
3: 125554 -28561 99 1859
4: -125554 -28561 385 1859
1: 127426 605 -11310 1859
1: 127426 1475 -4719 1859
4: -127426 -1541 4719 1859
1: 127426 35695 -325 1859
3: 127764 -10527 507 1859
1: 130806 183315 -169 1859
4: -130806 -191301 169 1859
3: 132132 -27 250458 1859
4: -132132 -111 63713 1859
2: -134524 15125 -338 1859
2: -136214 235 -29887 1859
4: -136214 -385 18447 1859
1: 136214 24167 -407 1859
2: -136214 24167 -165 1859
1: 137228 28561 -363 1859
2: -137228 28561 -121 1859
1: 139854 3267 -2197 1859
3: 142428 -279 24167 1859
4: -142974 -69 102245 1859
1: 143143 28561 -358 1859
2: -143143 28561 -126 1859
4: -143286 -1089 6591 1859
4: -143858 -293 24167 1859
3: 145002 -153 44187 1859
2: -145002 159 -44187 1859
4: -145002 -363 19526 1859
1: 145002 1089 -6344 1859
4: -145002 -6591 1188 1859
3: 145002 -18513 247 1859
2: -145002 19239 -247 1859
1: 145002 19773 -462 1859
3: 146861 -3751 1690 1859
4: -147862 -539 13182 1859
3: 148382 -28561 121 1859
4: -148382 -28561 363 1859
3: 149396 -24167 165 1859
4: -149396 -24167 407 1859
2: -149864 142805 66 1859
2: -151371 85683 32 1859
4: -151593 -99 71214 1859
2: -151593 19773 -242 1859
3: 155364 -85683 -32 1859
3: 155987 -49 138424 1859
1: 160381 10985 -726 1859
2: -162503 41 -171366 1859
1: 163592 173 -39377 1859
4: -163592 -179 39377 1859
1: 166296 5445 -1352 1859
2: -166972 4961 -1313 1859
3: 169169 -2197 2992 1859
4: -169169 -2197 3300 1859
1: 169169 21659 -416 1859
4: -169169 -22385 416 1859
1: 171366 33 -206140 1859
3: 171366 -39 174240 1859
3: 171366 -57 119185 1859
2: -171366 99 -70851 1859
1: 171366 105 -64856 1859
4: -171366 -117 60137 1859
3: 171366 -165 41107 1859
1: 171366 195 -34969 1859
1: 171366 231 -29535 1859
3: 171366 -273 24805 1859
1: 171366 285 -23958 1859
3: 171366 -363 18630 1859
3: 171366 -399 16940 1859
1: 171366 429 -15950 1859
3: 171366 -507 13310 1859
1: 171366 627 -10945 1859
3: 171366 -741 9075 1859
4: -171366 -1089 6551 1859
3: 171366 -1155 5786 1859
2: -171366 1287 -5357 1859
1: 171366 1365 -5082 1859
1: 171366 1815 -3847 1859
1: 171366 1995 -3509 1859
4: -171366 -2061 3509 1859
3: 171366 -2145 3069 1859
1: 171366 2535 -2783 1859
3: 171366 -2541 2575 1859
1: 171366 3003 -2365 1859
3: 171366 -3135 2068 1859
3: 171366 -3549 1815 1859
1: 171366 3705 -1936 1859
1: 171366 4389 -1650 1859
3: 171366 -4719 1340 1859
3: 171366 -5187 1210 1859
1: 171366 5577 -1320 1859
3: 171366 -6897 885 1859
1: 171366 8151 -935 1859
3: 171366 -9633 605 1859
1: 171366 12705 -636 1859
4: -171366 -14157 597 1859
3: 171366 -15015 352 1859
2: -171366 16731 -319 1859
1: 171366 17745 -484 1859
3: 171366 -21945 209 1859
2: -171366 22671 -209 1859
1: 171366 23595 -389 1859
1: 171366 25935 -363 1859
4: -171366 -26793 363 1859
3: 171366 -33033 105 1859
1: 171366 34485 -298 1859
1: 171366 39039 -275 1859
3: 171366 -40755 66 1859
1: 171366 48165 -242 1859
3: 171366 -48279 40 1859
1: 171366 57057 -220 1859
3: 171366 -61347 10 1859
3: 171366 -89661 -25 1859
1: 171366 105963 -165 1859
1: 171366 165165 -142 1859
4: -171366 -184041 139 1859
3: 171366 -195195 -66 1859
1: 171366 241395 -129 1859
4: -171366 -249381 129 1859
2: -173459 145 -48334 1859
1: 174174 141 -48334 1859
3: 177788 -1199 5577 1859
2: -177957 759 -9152 1859
2: -177957 6591 -968 1859
4: -178464 -363 19435 1859
1: 178893 85683 -176 1859
3: 179927 -199927 -62 1859
3: 180154 -2099 3146 1859
2: -180154 2165 -3146 1859
4: -180154 -120835 154 1859
1: 182468 28561 -333 1859
2: -182468 28561 -151 1859
4: -183612 -85683 176 1859
3: 184041 -33 206180 1859
2: -184041 201 -34814 1859
2: -184041 85683 12 1859
4: -184548 -363 19422 1859
3: 186703 -119 57122 1859
4: -187308 -123 57122 1859
3: 190454 -2977 2197 1859
2: -190632 3597 -1859 1859
1: 191139 2229 -3146 1859
4: -191139 -2295 3146 1859
3: 191477 -203 33462 1859
1: 191906 115 -59319 1859
1: 193336 205 -33319 1859
4: -193336 -211 33319 1859
1: 193336 605 -11349 1859
1: 193336 2197 -3190 1859
2: -193336 2197 -3102 1859
1: 193336 24805 -364 1859
4: -193336 -25531 364 1859
1: 193336 90077 -165 1859
1: 193479 33 -206518 1859
2: -194194 29 -241670 1859
1: 199927 169 -40414 1859
2: -199927 169 -41382 1859
1: 199927 25663 -352 1859
4: -199927 -26389 352 1859
4: -206184 -3315 2197 1859
3: 207779 -47 145002 1859
4: -208208 -27467 338 1859
4: -209209 -55 127426 1859
1: 209222 3839 -1859 1859
1: 210067 121 -56446 1859
2: -210067 121 -57798 1859
3: 210912 -363 18707 1859
1: 210912 72501 -176 1859
3: 211926 -27225 169 1859
2: -211926 27951 -169 1859
3: 213109 -2299 2886 1859
3: 215306 -2197 3025 1859
4: -215306 -2197 3267 1859
2: -215644 605 -11492 1859
1: 215644 28561 -319 1859
2: -215644 28561 -165 1859
3: 217074 -2997 2197 1859
2: -217074 3075 -2197 1859
2: -217503 237 -29458 1859
3: 223366 -617 10985 1859
2: -223587 57 -122694 1859
4: -224939 -385 18252 1859
2: -228488 77 -90783 1859
4: -228488 -91 76956 1859
4: -228488 -187 37488 1859
2: -228488 221 -31581 1859
2: -228488 253 -27577 1859
4: -228488 -299 23474 1859
2: -228488 1309 -5269 1859
4: -228488 -1547 4598 1859
1: 228488 1573 -4416 1859
2: -228488 1573 -4372 1859
4: -228488 -1771 4026 1859
3: 228488 -1859 3597 1859
4: -228488 -1859 3839 1859
2: -228488 2093 -3267 1859
2: -228488 4301 -1551 1859
4: -228488 -5083 1452 1859
4: -228488 -11011 711 1859
2: -228488 13013 -462 1859
2: -228488 26741 -186 1859
1: 228488 29381 -308 1859
4: -228488 -30107 308 1859
4: -228488 -31603 297 1859
3: 228488 -34723 121 1859
2: -228488 35581 -121 1859
4: -228488 -36179 269 1859
2: -228488 42757 -88 1859
4: -228488 -187187 113 1859
2: -228488 221221 44 1859
2: -228488 253253 48 1859
1: 230516 49 -139425 1859
1: 232804 3217 -2197 1859
4: -232804 -3295 2197 1859
1: 236769 25773 -338 1859
1: 237276 165 -41470 1859
2: -243529 142805 22 1859
1: 244662 69459 -169 1859
2: -245388 33 -211757 1859
3: 245388 -99 68952 1859
4: -245388 -85683 152 1859
1: 246064 31669 -286 1859
4: -246064 -32395 286 1859
1: 248261 121 -56550 1859
2: -248261 121 -57694 1859
1: 248261 169169 -110 1859
3: 250458 -6591 968 1859
3: 250458 -32241 143 1859
2: -250458 32967 -143 1859
4: -251979 -5445 1352 1859
4: -252648 -69459 169 1859
1: 253616 142805 -116 1859
