Command line:- ../do_t 1573 256000
1: 11 793 207636 1573
1: 11 1183 -231594 1573
2: -13 803 -173030 1573
2: -13 845 -117128 1573
1: 16 1331 -228657 1573
2: -16 1331 221221 1573
1: 22 845 59895 1573
1: 22 1105 -86515 1573
1: 26 1331 -142142 1573
2: -26 1331 134706 1573
1: 26 1859 -236918 1573
2: -26 1859 231594 1573
1: 32 1859 -192995 1573
2: -32 1859 187671 1573
2: -38 845 -43923 1573
1: 39 561 207636 1573
2: -39 1089 37752 1573
2: -39 1521 117128 1573
1: 39 2541 -201344 1573
1: 39 3549 -234256 1573
1: 39 3927 -242242 1573
2: -39 4059 242242 1573
1: 43 5863 -242242 1573
2: -44 3211 196988 1573
2: -44 3887 211629 1573
1: 46 1183 -58564 1573
2: -46 2057 143143 1573
1: 48 43923 -252317 1573
1: 48 61347 -253858 1573
2: -52 583 -155727 1573
2: -52 847 -33033 1573
2: -52 1183 43923 1573
1: 52 1331 -72930 1573
2: -52 1331 65494 1573
1: 52 1859 -119790 1573
2: -52 1859 114466 1573
1: 52 6655 -204919 1573
1: 52 8591 -212355 1573
1: 52 9295 -214291 1573
1: 52 11999 -219615 1573
4: -52 -13013 255552 1573
3: 52 -14641 -252915 1573
4: -52 -14641 253591 1573
3: 52 -20449 -248655 1573
4: -52 -20449 249139 1573
1: 52 42955 -232804 1573
2: -52 44891 232804 1573
1: 52 59995 -234256 1573
2: -52 62699 234256 1573
2: -52 70543 234663 1573
3: 52 -73205 -240916 1573
3: 52 -94501 -240240 1573
2: -52 98527 235587 1573
3: 52 -102245 -240064 1573
2: -52 102487 235677 1573
3: 52 -131989 -239580 1573
2: -52 143143 236313 1573
1: 52 224939 -236940 1573
2: -52 224939 236896 1573
1: 54 50721 -224939 1573
2: -54 53097 224939 1573
1: 56 22627 -211926 1573
3: 56 -50677 -224939 1573
4: -56 -53141 224939 1573
3: 57 -5577 -252890 1573
3: 58 -17303 -224653 1573
4: -58 -17303 225225 1573
2: -59 98813 207636 1573
1: 62 20449 -190575 1573
2: -62 20449 190091 1573
4: -62 -23881 207636 1573
2: -63 3993 148720 1573
2: -63 8151 173030 1573
1: 64 59683 -190333 1573
2: -64 63011 190333 1573
1: 66 417 224939 1573
2: -66 441 -224939 1573
1: 66 507 151734 1573
2: -66 819 -34606 1573
2: -66 1521 67881 1573
1: 66 5421 -155727 1573
2: -66 5733 155727 1573
2: -66 10647 170368 1573
1: 66 43923 -183534 1573
1: 66 70473 -185009 1573
2: -66 74529 185009 1573
2: -66 131769 186069 1573
3: 68 -20449 -190091 1573
4: -68 -20449 190575 1573
2: -68 86515 179894 1573
1: 72 23595 -165165 1573
3: 72 -130845 -173030 1573
2: -73 9295 151734 1573
2: -74 26533 161051 1573
3: 76 -190333 -163566 1573
4: -76 -190333 163618 1573
3: 77 -14641 -170690 1573
4: -77 -14641 171366 1573
1: 77 190333 -159900 1573
2: -77 190333 159848 1573
2: -78 507 -146410 1573
4: -78 -1815 243815 1573
4: -78 -2535 219615 1573
3: 78 -3267 -202917 1573
4: -78 -3993 197340 1573
2: -78 4125 121121 1573
4: -78 -5577 186340 1573
2: -78 9075 141570 1573
2: -78 12675 146410 1573
2: -78 19965 150865 1573
2: -78 27885 153065 1573
1: 78 35937 -154583 1573
2: -78 43923 155090 1573
4: -78 -45375 162019 1573
3: 78 -59319 -161051 1573
2: -78 61347 156090 1573
4: -78 -63375 161051 1573
4: -78 -99825 160160 1573
4: -78 -139425 159720 1573
4: -78 -219615 159315 1573
1: 81 5577 -127776 1573
2: -81 51909 149864 1573
3: 82 -102245 -152218 1573
1: 84 507 117128 1573
3: 84 -15873 -155727 1573
3: 84 -51909 -149864 1573
1: 86 190333 -143169 1573
2: -86 190333 143117 1573
3: 87 -83655 -143748 1573
1: 88 9971 -127776 1573
3: 88 -69797 -142417 1573
4: -88 -73205 142467 1573
4: -88 -75205 142417 1573
3: 88 -190333 -141258 1573
4: -88 -190333 141310 1573
1: 89 224939 -138446 1573
2: -89 224939 138402 1573
3: 91 -1859 -202312 1573
1: 91 3839 -103818 1573
3: 91 -14641 -144378 1573
4: -91 -14641 145054 1573
2: -91 24167 130438 1573
3: 92 -14641 -142805 1573
4: -92 -14641 143481 1573
3: 94 -1331 -221221 1573
4: -94 -1331 228657 1573
2: -96 61347 126808 1573
3: 98 -1859 -187671 1573
4: -98 -1859 192995 1573
1: 99 5343 -103818 1573
2: -99 5811 103818 1573
4: -99 -43923 127764 1573
2: -101 22477 117128 1573
3: 102 -3993 -148720 1573
1: 102 33033 -117975 1573
3: 102 -78045 -122694 1573
1: 104 347 190333 1573
2: -104 379 -190333 1573
1: 104 1331 -38324 1573
2: -104 1331 30888 1573
1: 104 1859 -61226 1573
2: -104 1859 55902 1573
1: 104 41987 -116402 1573
2: -104 45859 116402 1573
1: 104 58643 -117128 1573
2: -104 64051 117128 1573
1: 104 224939 -118481 1573
2: -104 224939 118437 1573
3: 107 -133705 -116402 1573
4: -108 -3549 146410 1573
4: -108 -33033 117975 1573
3: 108 -40053 -117128 1573
4: -111 -9801 122694 1573
1: 111 43923 -109174 1573
1: 112 4147 -86515 1573
4: -114 -5577 127776 1573
1: 114 11979 -100386 1573
1: 117 1815 -53482 1573
2: -117 3993 79508 1573
1: 117 8349 -94380 1573
3: 117 -27885 -109142 1573
3: 117 -43923 -107900 1573
4: -117 -61347 107448 1573
3: 117 -128271 -106480 1573
2: -118 6655 89232 1573
1: 121 481 88088 1573
2: -121 533 -88088 1573
1: 121 6253 -87604 1573
3: 121 -6253 -116886 1573
2: -121 6929 87604 1573
4: -121 -6929 116886 1573
1: 121 14641 -95992 1573
2: -121 14641 95316 1573
3: 121 -14641 -108498 1573
4: -121 -14641 109174 1573
1: 121 190333 -101764 1573
2: -121 190333 101712 1573
3: 121 -190333 -102726 1573
4: -121 -190333 102778 1573
4: -122 -13013 109142 1573
1: 122 39325 -99099 1573
3: 122 -108295 -102245 1573
3: 124 -2057 -143143 1573
1: 126 3993 -76219 1573
3: 127 -13585 -103818 1573
4: -128 -39325 99099 1573
2: -132 507 -90508 1573
3: 132 -1053 -173030 1573
3: 132 -13689 -99825 1573
2: -132 43923 91598 1573
1: 133 7381 -81796 1573
1: 142 126841 -86515 1573
2: -143 845 -15972 1573
4: -143 -845 189002 1573
2: -143 1183 13310 1573
4: -143 -1183 159720 1573
1: 143 5239 -71874 1573
3: 143 -5239 -101156 1573
2: -143 5915 71874 1573
4: -143 -5915 101156 1573
1: 143 14641 -81276 1573
2: -143 14641 80600 1573
3: 143 -14641 -91754 1573
4: -143 -14641 92430 1573
2: -143 73205 85332 1573
4: -143 -73205 87698 1573
2: -143 102487 85670 1573
4: -143 -102487 87360 1573
3: 147 -219615 -84500 1573
3: 152 -190333 -81770 1573
4: -152 -190333 81822 1573
3: 154 -14641 -85176 1573
4: -154 -14641 85852 1573
1: 154 190333 -79963 1573
2: -154 190333 79911 1573
1: 156 363 113256 1573
1: 156 507 58564 1573
4: -156 -1089 152581 1573
4: -156 -1521 131769 1573
3: 156 -3993 -96811 1573
3: 156 -5577 -91839 1573
2: -156 11979 72644 1573
2: -156 16731 74536 1573
1: 156 43923 -77714 1573
1: 156 61347 -78166 1573
4: -156 -131769 79911 1573
4: -156 -184041 79739 1573
3: 157 -6655 -89232 1573
2: -159 128271 77198 1573
2: -161 10153 69212 1573
3: 161 -14641 -81458 1573
4: -161 -14641 82134 1573
2: -162 5577 62557 1573
1: 162 51909 -75075 1573
3: 163 -30613 -78078 1573
1: 166 4961 -61347 1573
2: -168 507 -73205 1573
4: -168 -51909 75075 1573
2: -168 170859 73205 1573
1: 169 337 117128 1573
2: -169 389 -117128 1573
1: 169 1331 -25014 1573
2: -169 1331 17578 1573
3: 169 -1331 -121396 1573
4: -169 -1331 128832 1573
1: 169 1573 -32428 1573
2: -169 1573 26136 1573
3: 169 -1573 -113982 1573
4: -169 -1573 120274 1573
1: 169 3707 -55902 1573
3: 169 -3707 -90508 1573
2: -169 4279 55902 1573
4: -169 -4279 90508 1573
1: 169 4381 -58564 1573
3: 169 -4381 -87846 1573
2: -169 5057 58564 1573
4: -169 -5057 87846 1573
1: 169 14641 -68824 1573
2: -169 14641 68148 1573
3: 169 -14641 -77586 1573
4: -169 -14641 78262 1573
3: 169 -17303 -76912 1573
4: -169 -17303 77484 1573
1: 169 40777 -71632 1573
3: 169 -40777 -74778 1573
2: -169 47069 71632 1573
4: -169 -47069 74778 1573
1: 169 48191 -71874 1573
3: 169 -48191 -74536 1573
2: -169 55627 71874 1573
4: -169 -55627 74536 1573
1: 169 190333 -72868 1573
2: -169 190333 72816 1573
3: 169 -190333 -73542 1573
4: -169 -190333 73594 1573
3: 172 -845 -146410 1573
4: -172 -7381 81796 1573
1: 172 55055 -70785 1573
3: 176 -397 -224939 1573
4: -176 -461 224939 1573
3: 176 -190333 -70616 1573
4: -176 -190333 70668 1573
4: -178 -4147 86515 1573
4: -178 -55055 70785 1573
1: 178 224939 -69234 1573
2: -178 224939 69190 1573
1: 182 605 29887 1573
3: 182 -1859 -99825 1573
4: -182 -1859 105149 1573
4: -182 -2783 92807 1573
2: -182 2873 43923 1573
1: 182 3685 -51909 1573
2: -182 4301 51909 1573
3: 182 -11323 -73205 1573
3: 182 -14641 -72020 1573
4: -182 -14641 72696 1573
2: -182 22627 64922 1573
3: 182 -89177 -68640 1573
1: 182 102245 -67397 1573
2: -183 7605 58564 1573
1: 192 61347 -63525 1573
3: 194 -10153 -69212 1573
3: 198 -507 -169037 1573
2: -198 2535 37268 1573
1: 198 5109 -51909 1573
2: -198 6045 51909 1573
4: -198 -15717 66550 1573
3: 198 -43923 -63713 1573
2: -198 219615 62192 1573
2: -202 6721 51909 1573
4: -204 -3993 76219 1573
4: -208 -605 160446 1573
4: -208 -845 131769 1573
1: 208 1331 -21021 1573
2: -208 1331 13585 1573
1: 208 1859 -31944 1573
2: -208 1859 26620 1573
1: 208 40051 -58201 1573
2: -208 47795 58201 1573
1: 208 55939 -58564 1573
2: -208 66755 58564 1573
4: -208 -105149 60060 1573
4: -208 -146861 59895 1573
3: 209 -5083 -69212 1573
4: -209 -6071 69212 1573
3: 209 -190333 -59462 1573
4: -209 -190333 59514 1573
4: -211 -70543 59488 1573
4: -213 -124215 58564 1573
3: 221 -3619 -69212 1573
4: -221 -4367 69212 1573
3: 221 -20449 -58322 1573
4: -221 -20449 58806 1573
2: -222 43923 54418 1573
1: 222 70785 -55055 1573
3: 228 -5577 -62557 1573
4: -228 -70785 55055 1573
2: -231 507 -55902 1573
4: -232 -94501 53911 1573
3: 234 -327 -190333 1573
4: -234 -399 190333 1573
4: -234 -507 161051 1573
2: -234 627 -34606 1573
1: 234 3993 -41613 1573
4: -234 -9633 58564 1573
2: -234 27951 50908 1573
4: -234 -43923 54119 1573
3: 234 -61347 -53603 1573
1: 236 5239 -43923 1573
4: -237 -1521 87846 1573
1: 242 169 205095 1573
1: 242 455 44044 1573
3: 242 -455 -146289 1573
2: -242 559 -44044 1573
4: -242 -559 146289 1573
1: 242 845 121 1573
3: 242 -845 -102366 1573
1: 242 1183 -14520 1573
3: 242 -1183 -87725 1573
1: 242 5915 -43802 1573
3: 242 -5915 -58443 1573
2: -242 7267 43802 1573
4: -242 -7267 58443 1573
1: 242 14641 -48165 1573
2: -242 14641 47489 1573
3: 242 -14641 -54080 1573
4: -242 -14641 54756 1573
1: 242 73205 -50531 1573
3: 242 -73205 -51714 1573
1: 242 102487 -50700 1573
3: 242 -102487 -51545 1573
1: 242 190333 -50895 1573
2: -242 190333 50843 1573
3: 242 -190333 -51350 1573
4: -242 -190333 51402 1573
4: -244 -4961 61347 1573
2: -246 50193 49247 1573
1: 247 275 103818 1573
3: 248 -137093 -50193 1573
3: 252 -27885 -50578 1573
3: 253 -14641 -51714 1573
4: -253 -14641 52390 1573
1: 264 507 30613 1573
1: 264 43923 -45968 1573
3: 268 -6721 -51909 1573
1: 272 86515 -45045 1573
1: 273 507 29282 1573
1: 273 3531 -34606 1573
2: -273 4455 34606 1573
4: -273 -107811 45760 1573
2: -274 38701 43923 1573
1: 276 16731 -42592 1573
4: -278 -86515 45045 1573
3: 279 -507 -117128 1573
1: 283 14641 -41236 1573
2: -283 14641 40560 1573
3: 284 -100217 -43923 1573
1: 286 169 169037 1573
2: -286 169 -227601 1573
3: 286 -169 -255552 1573
1: 286 4901 -35937 1573
3: 286 -4901 -50578 1573
2: -286 6253 35937 1573
4: -286 -6253 50578 1573
1: 286 14641 -40807 1573
2: -286 14641 40131 1573
3: 286 -14641 -45708 1573
4: -286 -14641 46384 1573
2: -288 195 -190333 1573
1: 292 9295 -38599 1573
1: 294 29403 -40898 1573
1: 297 4875 -34606 1573
2: -297 6279 34606 1573
1: 298 169 161051 1573
2: -298 169 -219615 1573
3: 299 -14641 -43706 1573
4: -299 -14641 44382 1573
1: 301 190333 -40924 1573
2: -301 190333 40872 1573
3: 304 -190333 -40872 1573
4: -304 -190333 40924 1573
3: 308 -14641 -42419 1573
4: -308 -14641 43095 1573
4: -309 -16731 42592 1573
3: 311 -29161 -40898 1573
2: -312 363 -77077 1573
2: -312 507 -43923 1573
3: 312 -693 -86515 1573
3: 312 -5445 -45617 1573
3: 312 -7605 -43923 1573
2: -312 43923 38688 1573
2: -312 61347 38962 1573
3: 312 -83853 -40040 1573
3: 312 -117117 -39930 1573
3: 317 -35321 -39930 1573
4: -318 -99099 39325 1573
3: 322 -14641 -40560 1573
4: -322 -14641 41236 1573
1: 322 102245 -38115 1573
2: -326 206063 37752 1573
4: -328 -102245 38115 1573
3: 329 -206063 -37752 1573
1: 338 121 207999 1573
1: 338 143 170368 1573
2: -338 143 -239580 1573
3: 338 -143 -243573 1573
1: 338 311 58564 1573
3: 338 -311 -131769 1573
2: -338 415 -58564 1573
4: -338 -415 131769 1573
2: -338 605 -28677 1573
4: -338 -605 101882 1573
2: -338 715 -18634 1573
4: -338 -715 91839 1573
2: -338 913 -6655 1573
4: -338 -913 79860 1573
4: -338 -1079 73205 1573
1: 338 1331 -14366 1573
2: -338 1331 6930 1573
3: 338 -1331 -58839 1573
4: -338 -1331 66275 1573
1: 338 1573 -17787 1573
2: -338 1573 11495 1573
3: 338 -1573 -55418 1573
4: -338 -1573 61710 1573
1: 338 3421 -27951 1573
3: 338 -3421 -45254 1573
1: 338 4043 -29282 1573
3: 338 -4043 -43923 1573
2: -338 4565 27951 1573
4: -338 -4565 45254 1573
2: -338 5395 29282 1573
4: -338 -5395 43923 1573
2: -338 6655 30668 1573
4: -338 -6655 42537 1573
2: -338 7865 31581 1573
4: -338 -7865 41624 1573
2: -338 10043 32670 1573
4: -338 -10043 40535 1573
2: -338 11869 33275 1573
4: -338 -11869 39930 1573
1: 338 14641 -34581 1573
2: -338 14641 33905 1573
3: 338 -14641 -38624 1573
4: -338 -14641 39300 1573
3: 338 -17303 -38313 1573
4: -338 -17303 38885 1573
1: 338 37631 -35816 1573
3: 338 -37631 -37389 1573
1: 338 44473 -35937 1573
3: 338 -44473 -37268 1573
2: -338 50215 35816 1573
4: -338 -50215 37389 1573
2: -338 59345 35937 1573
4: -338 -59345 37268 1573
2: -338 73205 36063 1573
4: -338 -73205 37142 1573
2: -338 86515 36146 1573
4: -338 -86515 37059 1573
2: -338 110473 36245 1573
4: -338 -110473 36960 1573
2: -338 130559 36300 1573
4: -338 -130559 36905 1573
1: 338 190333 -36447 1573
2: -338 190333 36395 1573
3: 338 -190333 -36758 1573
4: -338 -190333 36810 1573
2: -346 9317 31603 1573
1: 348 4563 -29282 1573
2: -348 40755 34606 1573
3: 351 -363 -113256 1573
4: -352 -221 207636 1573
3: 352 -190333 -35295 1573
4: -352 -190333 35347 1573
1: 354 81939 -34606 1573
1: 356 224939 -34628 1573
2: -356 224939 34584 1573
4: -358 -9295 38599 1573
3: 359 -224939 -34584 1573
4: -359 -224939 34628 1573
3: 361 -81653 -34606 1573
1: 363 507 19602 1573
4: -363 -585 97526 1573
2: -363 1521 9680 1573
4: -363 -7605 38962 1573
2: -363 131769 33800 1573
3: 364 -14641 -35841 1573
4: -364 -14641 36517 1573
4: -367 -41041 34606 1573
2: -369 8619 29282 1573
1: 372 117975 -33033 1573
3: 374 -3211 -41261 1573
4: -378 -117975 33033 1573
4: -381 -35937 33462 1573
1: 382 121121 -32175 1573
4: -383 -73205 32786 1573
1: 384 99 224939 1573
4: -388 -121121 32175 1573
2: -393 19965 29744 1573
3: 396 -273 -121121 1573
4: -403 -2057 47190 1573
1: 403 20449 -29524 1573
2: -403 20449 29040 1573
4: -409 -1183 58564 1573
3: 416 -253 -121121 1573
2: -416 1859 11979 1573
1: 416 50531 -29282 1573
2: -416 72163 29282 1573
2: -418 845 -9317 1573
3: 418 -4589 -34606 1573
4: -418 -6565 34606 1573
3: 418 -190333 -29718 1573
4: -418 -190333 29770 1573
3: 424 -9317 -31603 1573
3: 428 -169 -161051 1573
4: -428 -169 219615 1573
1: 429 4563 -23958 1573
2: -429 6591 23958 1573
2: -429 43923 28106 1573
3: 432 -19965 -29744 1573
4: -438 -195 190333 1573
1: 442 121 149435 1573
2: -442 121 -231231 1573
3: 442 -3245 -34606 1573
4: -442 -4741 34606 1573
3: 442 -20449 -29040 1573
4: -442 -20449 29524 1573
1: 444 43923 -27378 1573
1: 452 143143 -27225 1573
4: -458 -143143 27225 1573
1: 462 507 13310 1573
3: 462 -219615 -26871 1573
4: -468 -165 207636 1573
2: -468 2535 14641 1573
2: -468 10527 23595 1573
4: -468 -161733 26620 1573
2: -468 219615 26299 1573
4: -473 -845 61226 1573
1: 473 190333 -26052 1573
2: -473 190333 26000 1573
3: 474 -99 -224939 1573
4: -476 -8957 29282 1573
1: 481 34969 -25168 1573
2: -481 52877 25168 1573
3: 484 -169 -139029 1573
4: -484 -169 197593 1573
1: 484 403 22022 1573
2: -484 611 -22022 1573
1: 484 5239 -21901 1573
2: -484 7943 21901 1573
3: 484 -14641 -26871 1573
4: -484 -14641 27547 1573
3: 484 -190333 -25662 1573
4: -484 -190333 25714 1573
1: 492 155727 -25025 1573
3: 494 -76219 -25289 1573
3: 497 -4225 -29282 1573
4: -498 -155727 25025 1573
3: 506 -14641 -25688 1573
4: -506 -14641 26364 1573
1: 507 165 85184 1573
3: 507 -195 -117128 1573
3: 507 -285 -87846 1573
1: 507 363 25410 1573
3: 507 -429 -66550 1573
4: -507 -441 87846 1573
3: 507 -627 -53240 1573
2: -507 693 -15972 1573
4: -507 -819 58564 1573
4: -507 -1089 50094 1573
2: -507 1287 2662 1573
3: 507 -1815 -34364 1573
1: 507 2145 -15972 1573
1: 507 3135 -18634 1573
3: 507 -3705 -29282 1573
3: 507 -3993 -28930 1573
1: 507 4719 -20570 1573
2: -507 4851 18634 1573
4: -507 -5733 29282 1573
1: 507 6897 -21780 1573
4: -507 -7623 28072 1573
3: 507 -8151 -26620 1573
2: -507 9009 21296 1573
2: -507 11979 22066 1573
4: -507 -14157 26378 1573
1: 507 19965 -23496 1573
3: 507 -34485 -24926 1573
1: 507 40755 -23958 1573
1: 507 43923 -23990 1573
3: 507 -51909 -24750 1573
4: -507 -53361 24926 1573
2: -507 63063 23958 1573
3: 507 -75867 -24640 1573
2: -507 83853 24068 1573
1: 507 89661 -24200 1573
4: -507 -99099 24684 1573
4: -507 -131769 24614 1573
2: -507 155727 24222 1573
3: 507 -219615 -24484 1573
3: 518 -236093 -23958 1573
1: 522 165165 -23595 1573
2: -528 12675 21296 1573
2: -528 43923 22815 1573
4: -533 -102245 23474 1573
2: -546 507 -29282 1573
3: 546 -1089 -37752 1573
1: 546 3069 -17303 1573
2: -546 4917 17303 1573
3: 546 -184041 -22748 1573
2: -556 14399 20449 1573
4: -558 -507 73205 1573
4: -561 -117 242242 1573
1: 566 14641 -20787 1573
2: -566 14641 20111 1573
3: 572 -169 -113135 1573
4: -572 -169 171699 1573
3: 572 -845 -39930 1573
3: 572 -4225 -25289 1573
4: -572 -6929 25289 1573
3: 572 -14641 -22685 1573
4: -572 -14641 23361 1573
3: 572 -73205 -21840 1573
1: 576 14883 -20449 1573
2: -578 232375 21296 1573
1: 582 184041 -21175 1573
1: 583 2873 -15972 1573
4: -588 -184041 21175 1573
1: 594 4173 -17303 1573
2: -594 6981 17303 1573
3: 598 -14641 -21684 1573
4: -598 -14641 22360 1573
2: -598 46585 20163 1573
1: 602 190333 -20475 1573
2: -602 190333 20423 1573
3: 608 -190333 -20423 1573
4: -608 -190333 20475 1573
3: 611 -1331 -30888 1573
4: -611 -1331 38324 1573
1: 612 2535 -14641 1573
4: -612 -102729 20449 1573
2: -624 3267 12584 1573
2: -624 4563 14641 1573
1: 624 43923 -19513 1573
1: 624 61347 -19602 1573
3: 634 -14399 -20449 1573
3: 637 -1859 -26620 1573
4: -637 -1859 31944 1573
3: 644 -14641 -20111 1573
4: -644 -14641 20787 1573
4: -654 -14883 20449 1573
1: 658 76219 -18634 1573
1: 662 129107 -18590 1573
4: -663 -3993 24310 1573
1: 663 131769 -18564 1573
2: -672 20163 17303 1573
3: 676 -77 -178354 1573
1: 676 91 117128 1573
3: 676 -121 -120153 1573
4: -676 -121 201949 1573
1: 676 143 67881 1573
2: -676 143 -137093 1573
1: 676 259 29282 1573
1: 676 407 11979 1573
2: -676 467 -29282 1573
3: 676 -481 -43923 1573
1: 676 847 -3751 1573
3: 676 -1001 -30613 1573
1: 676 1331 -9042 1573
2: -676 1331 1606 1573
3: 676 -1573 -26136 1573
4: -676 -1573 32428 1573
3: 676 -2849 -22627 1573
1: 676 3367 -14641 1573
3: 676 -4477 -21054 1573
4: -676 -5137 22627 1573
1: 676 5291 -15972 1573
2: -676 6071 14641 1573
3: 676 -9317 -19624 1573
1: 676 11011 -17182 1573
3: 676 -14641 -19143 1573
4: -676 -14641 19819 1573
1: 676 31339 -17908 1573
3: 676 -37037 -18634 1573
1: 676 49247 -18051 1573
2: -676 56507 17908 1573
3: 676 -58201 -18513 1573
4: -676 -66781 18634 1573
1: 676 102487 -18181 1573
3: 676 -121121 -18403 1573
3: 676 -190333 -18366 1573
4: -676 -190333 18418 1573
4: -688 -845 43923 1573
4: -689 -9317 20306 1573
1: 692 20735 -17303 1573
4: -702 -363 77077 1573
1: 702 6171 -15730 1573
1: 704 7267 -15972 1573
1: 712 224939 -17325 1573
2: -712 224939 17281 1573
3: 718 -224939 -17281 1573
4: -718 -224939 17325 1573
3: 726 -351 -48763 1573
2: -726 507 -24442 1573
4: -726 -663 48763 1573
3: 726 -4563 -19481 1573
4: -726 -8619 19481 1573
2: -726 43923 16562 1573
2: -728 2299 7865 1573
4: -728 -126445 17160 1573
3: 738 -20163 -17303 1573
3: 741 -5577 -18634 1573
1: 754 24167 -15972 1573
4: -758 -20735 17303 1573
1: 767 6655 -14586 1573
1: 767 65065 -15972 1573
3: 781 -533 -34606 1573
1: 792 195 34606 1573
1: 806 20449 -14883 1573
2: -806 20449 14399 1573
2: -816 37011 14641 1573
2: -819 3993 10296 1573
2: -828 63375 14641 1573
3: 832 -605 -29887 1573
1: 832 39715 -14641 1573
3: 832 -62557 -15015 1573
2: -832 82979 14641 1573
3: 836 -3601 -17303 1573
4: -836 -7553 17303 1573
3: 836 -190333 -14846 1573
4: -836 -190333 14898 1573
1: 847 325 12584 1573
2: -847 689 -12584 1573
3: 847 -4225 -16698 1573
4: -847 -8957 16698 1573
3: 847 -14641 -15210 1573
4: -847 -14641 15886 1573
1: 847 190333 -14560 1573
2: -847 190333 14508 1573
1: 858 507 2662 1573
4: -858 -1521 26620 1573
1: 858 3549 -11979 1573
2: -858 7605 11979 1573
1: 858 43923 -14222 1573
4: -858 -131769 14560 1573
4: -862 -64051 14641 1573
4: -874 -37687 14641 1573
3: 884 -2497 -17303 1573
4: -884 -5489 17303 1573
3: 884 -20449 -14399 1573
4: -884 -20449 14883 1573
2: -888 43923 13520 1573
2: -896 22627 13013 1573
1: 897 16731 -13310 1573
2: -918 105963 13310 1573
2: -923 187759 13310 1573
2: -924 507 -21296 1573
3: 927 -43923 -13520 1573
1: 946 190333 -13039 1573
2: -946 190333 12987 1573
3: 949 -341 -34606 1573
1: 957 39 173030 1573
4: -962 -847 33033 1573
1: 962 26015 -12584 1573
2: -962 61831 12584 1573
1: 968 299 11011 1573
4: -968 -845 32912 1573
2: -968 161051 12675 1573
3: 968 -190333 -12818 1573
3: 974 -22627 -13013 1573
3: 1001 -14641 -12818 1573
4: -1001 -14641 13494 1573
1: 1012 1183 -6655 1573
3: 1012 -14641 -12675 1573
4: -1012 -14641 13351 1573
3: 1014 -99 -78529 1573
1: 1014 117 43923 1573
3: 1014 -207 -43923 1573
2: -1014 363 -33154 1573
4: -1014 -429 50578 1573
4: -1014 -519 43923 1573
1: 1014 1089 -6171 1573
1: 1014 2277 -9317 1573
3: 1014 -2691 -14641 1573
4: -1014 -3993 16324 1573
2: -1014 4719 8712 1573
2: -1014 5709 9317 1573
4: -1014 -6747 14641 1573
3: 1014 -11979 -12749 1573
1: 1014 14157 -11737 1573
3: 1014 -25047 -12463 1573
1: 1014 29601 -11979 1573
2: -1014 43923 11826 1573
4: -1014 -51909 12518 1573
4: -1014 -62799 12463 1573
2: -1014 74217 11979 1573
1: 1014 131769 -12151 1573
3: 1014 -155727 -12243 1573
4: -1023 -219615 12168 1573
2: -1026 206349 11979 1573
1: 1053 5577 -10648 1573
4: -1066 -5239 14641 1573
3: 1067 -65 -103818 1573
3: 1089 -507 -22748 1573
3: 1089 -43923 -11492 1573
2: -1102 214291 11154 1573
1: 1104 107811 -11154 1573
4: -1118 -845 29282 1573
1: 1122 131769 -10985 1573
3: 1131 -3267 -12584 1573
1: 1157 224939 -10670 1573
2: -1157 224939 10626 1573
3: 1177 -169 -39930 1573
4: -1177 -169 98494 1573
3: 1177 -36335 -10648 1573
4: -1177 -108667 10648 1573
4: -1183 -109 146410 1573
1: 1183 143 23958 1573
2: -1183 143 -93170 1573
2: -1183 605 -14036 1573
1: 1183 1991 -7986 1573
2: -1183 5995 7986 1573
4: -1183 -7865 12342 1573
3: 1183 -14641 -10794 1573
4: -1183 -14641 11470 1573
3: 1183 -25883 -10648 1573
4: -1183 -77935 10648 1573
4: -1183 -145079 10560 1573
1: 1183 190333 -10432 1573
2: -1183 190333 10380 1573
3: 1196 -14641 -10673 1573
4: -1196 -14641 11349 1573
2: -1221 43923 9802 1573
3: 1222 -1331 -13585 1573
4: -1222 -1331 21021 1573
4: -1222 -3211 14641 1573
1: 1248 99 34606 1573
2: -1248 61347 9680 1573
4: -1248 -147741 10010 1573
3: 1274 -1859 -11979 1573
4: -1287 -507 37268 1573
1: 1287 2535 -7986 1573
2: -1287 8619 7986 1573
4: -1287 -43923 9932 1573
1: 1287 219615 -9594 1573
2: -1313 55 -242242 1573
3: 1326 -3993 -10296 1573
1: 1331 17 215644 1573
3: 1331 -17 -234234 1573
2: -1331 61 -215644 1573
4: -1331 -61 234234 1573
1: 1331 169 13332 1573
2: -1331 169 -71896 1573
3: 1331 -169 -31922 1573
4: -1331 -169 90486 1573
1: 1331 221 8008 1573
3: 1331 -221 -26598 1573
2: -1331 793 -8008 1573
4: -1331 -793 26598 1573
1: 1331 1331 -6422 1573
2: -1331 1331 -1014 1573
3: 1331 -1331 -12168 1573
4: -1331 -1331 19604 1573
1: 1331 2873 -7964 1573
3: 1331 -2873 -10626 1573
2: -1331 10309 7964 1573
4: -1331 -10309 10626 1573
1: 1331 17303 -9074 1573
2: -1331 17303 8502 1573
3: 1331 -17303 -9516 1573
4: -1331 -17303 10088 1573
1: 1331 22627 -9126 1573
3: 1331 -22627 -9464 1573
2: -1331 81191 9126 1573
4: -1331 -81191 9464 1573
1: 1331 224939 -9278 1573
2: -1331 224939 9234 1573
3: 1331 -224939 -9312 1573
4: -1331 -224939 9356 1573
4: -1338 -2535 14641 1573
3: 1339 -18997 -9438 1573
4: -1339 -68849 9438 1573
1: 1352 155 14641 1573
3: 1352 -341 -19965 1573
2: -1352 571 -14641 1573
3: 1352 -605 -15246 1573
1: 1352 715 -3993 1573
1: 1352 1331 -6380 1573
2: -1352 1331 -1056 1573
3: 1352 -1573 -11495 1573
4: -1352 -1573 17787 1573
1: 1352 18755 -8954 1573
3: 1352 -22165 -9317 1573
3: 1352 -41261 -9240 1573
1: 1352 48763 -9075 1573
2: -1352 69091 8954 1573
3: 1352 -73205 -9201 1573
4: -1352 -81653 9317 1573
1: 1352 86515 -9108 1573
3: 1352 -190333 -9170 1573
4: -1352 -190333 9222 1573
4: -1371 -131769 9126 1573
3: 1391 -169 -29282 1573
4: -1391 -169 87846 1573
3: 1443 -33 -103818 1573
1: 1443 43923 -8502 1573
1: 1452 39 70785 1573
4: -1452 -117 119548 1573
1: 1452 507 -2420 1573
4: -1452 -1521 17061 1573
1: 1452 43923 -8450 1573
4: -1452 -131769 8619 1573
4: -1482 -5577 10648 1573
2: -1493 73205 8112 1573
4: -1507 -481 34606 1573
4: -1508 -77 173030 1573
4: -1508 -10285 9438 1573
4: -1508 -248897 8255 1573
1: 1521 33 74536 1573
3: 1521 -129 -29282 1573
2: -1521 429 -21296 1573
4: -1521 -597 29282 1573
2: -1521 3993 4972 1573
3: 1521 -4719 -8712 1573
1: 1521 18447 -7986 1573
3: 1521 -43923 -8196 1573
2: -1521 85371 7986 1573
1: 1521 171699 -8118 1573
1: 1529 25519 -7986 1573
2: -1529 119483 7986 1573
3: 1532 -73205 -8112 1573
1: 1547 232375 -7986 1573
3: 1552 -176605 -7986 1573
1: 1573 169 6776 1573
2: -1573 169 -65340 1573
3: 1573 -169 -22506 1573
4: -1573 -169 81070 1573
2: -1573 845 -6776 1573
4: -1573 -845 22506 1573
1: 1573 14641 -7696 1573
2: -1573 14641 7020 1573
3: 1573 -14641 -8034 1573
4: -1573 -14641 8710 1573
2: -1573 73205 7696 1573
4: -1573 -73205 8034 1573
3: 1586 -13013 -7986 1573
1: 1638 3993 -7007 1573
4: -1638 -27885 7986 1573
1: 1639 169 5324 1573
2: -1639 169 -63888 1573
1: 1658 81191 -7436 1573
3: 1672 -190333 -7410 1573
4: -1672 -190333 7462 1573
2: -1683 2535 2662 1573
4: -1694 -67 184041 1573
2: -1694 871 -6292 1573
4: -1694 -11323 8349 1573
4: -1694 -14641 8112 1573
2: -1694 190333 7241 1573
4: -1697 -81191 7436 1573
2: -1716 507 -15972 1573
2: -1716 43923 6942 1573
2: -1738 25181 6655 1573
3: 1742 -2299 -7865 1573
3: 1771 -14641 -7098 1573
4: -1771 -14641 7774 1573
1: 1776 43923 -6929 1573
1: 1848 507 -3993 1573
1: 1852 53911 -6655 1573
4: -1854 -43923 6929 1573
1: 1859 7 183678 1573
3: 1859 -7 -196988 1573
1: 1859 13 95832 1573
3: 1859 -13 -109142 1573
2: -1859 59 -183678 1573
4: -1859 -59 196988 1573
1: 1859 91 7986 1573
3: 1859 -91 -21296 1573
2: -1859 767 -7986 1573
4: -1859 -767 21296 1573
1: 1859 14641 -6564 1573
2: -1859 14641 5888 1573
3: 1859 -14641 -6746 1573
4: -1859 -14641 7422 1573
1: 1859 102487 -6642 1573
3: 1859 -102487 -6668 1573
1: 1859 190333 -6648 1573
2: -1859 190333 6596 1573
3: 1859 -190333 -6662 1573
4: -1859 -190333 6714 1573
4: -1872 -2541 11011 1573
3: 1872 -27885 -6655 1573
3: 1892 -845 -7986 1573
2: -1898 9295 5324 1573
4: -1911 -184041 6534 1573
4: -1918 -53911 6655 1573
1: 1924 8107 -6292 1573
2: -1924 79739 6292 1573
3: 1936 -13 -89661 1573
3: 1936 -190333 -6396 1573
4: -1936 -190333 6448 1573
2: -1937 169 -58564 1573
4: -1963 -385 34606 1573
1: 1969 13 69212 1573
3: 2002 -14641 -6240 1573
4: -2002 -14641 6916 1573
3: 2024 -13 -69212 1573
3: 2028 -33 -30613 1573
1: 2028 39 14641 1573
2: -2028 135 -73205 1573
1: 2028 363 -3872 1573
3: 2028 -429 -7986 1573
4: -2028 -1485 13310 1573
3: 2028 -3993 -6303 1573
1: 2028 4719 -5929 1573
2: -2028 16335 5445 1573
4: -2028 -19305 6655 1573
1: 2028 43923 -6082 1573
3: 2028 -51909 -6116 1573
4: -2028 -179685 6160 1573
2: -2028 212355 6050 1573
1: 2067 131769 -5980 1573
2: -2068 455 -17303 1573
3: 2093 -14641 -5954 1573
4: -2093 -14641 6630 1573
2: -2093 102245 5808 1573
2: -2106 5577 3993 1573
3: 2132 -102245 -5808 1573
3: 2178 -3 -143143 1573
4: -2178 -75 143143 1573
2: -2178 195 -47190 1573
4: -2178 -507 26015 1573
4: -2178 -43923 5915 1573
2: -2184 507 -14641 1573
1: 2197 17303 -5610 1573
2: -2197 17303 5038 1573
1: 2216 54571 -5577 1573
2: -2291 131989 5324 1573
4: -2294 -54571 5577 1573
3: 2299 -190333 -5382 1573
1: 2314 224939 -5346 1573
2: -2314 224939 5302 1573
3: 2324 -131989 -5324 1573
3: 2327 -9295 -5324 1573
3: 2354 -169 -5324 1573
4: -2354 -169 63888 1573
4: -2354 -144833 5324 1573
3: 2366 -11 -3993 1573
1: 2366 143 -5324 1573
2: -2366 143 -63888 1573
2: -2366 7997 3993 1573
3: 2366 -14641 -5228 1573
4: -2366 -14641 5904 1573
4: -2366 -103961 5324 1573
1: 2366 190333 -5229 1573
2: -2366 190333 5177 1573
4: -2376 -3549 7986 1573
4: -2418 -219615 5161 1573
2: -2442 1521 -1331 1573
1: 2442 43923 -5070 1573
1: 2496 61347 -4961 1573
1: 2541 3 -122694 1573
4: -2541 -81 122694 1573
1: 2541 507 -5566 1573
4: -2541 -13689 5566 1573
3: 2574 -507 -3993 1573
2: -2574 11661 3993 1573
3: 2574 -43923 -4797 1573
4: -2652 -3993 7007 1573
1: 2662 5 -117117 1573
3: 2662 -5 107822 1573
1: 2662 13 -47905 1573
3: 2662 -13 38610 1573
1: 2662 65 -13299 1573
3: 2662 -65 4004 1573
2: -2662 83 -107822 1573
4: -2662 -83 117117 1573
1: 2662 169 -7975 1573
2: -2662 169 -50589 1573
3: 2662 -169 -1320 1573
4: -2662 -169 59884 1573
1: 2662 845 -5313 1573
3: 2662 -845 -3982 1573
2: -2662 1079 -4004 1573
4: -2662 -1079 13299 1573
1: 2662 1331 -5070 1573
2: -2662 1331 -2366 1573
3: 2662 -1331 -4225 1573
4: -2662 -1331 11661 1573
1: 2662 6655 -4732 1573
3: 2662 -6655 -4563 1573
2: -2662 14027 3982 1573
4: -2662 -14027 5313 1573
1: 2662 17303 -4680 1573
2: -2662 17303 4108 1573
3: 2662 -17303 -4615 1573
4: -2662 -17303 5187 1573
1: 2662 86515 -4654 1573
3: 2662 -86515 -4641 1573
2: -2662 110473 4563 1573
4: -2662 -110473 4732 1573
1: 2662 224939 -4650 1573
2: -2662 224939 4606 1573
3: 2662 -224939 -4645 1573
4: -2662 -224939 4689 1573
1: 2678 5929 -4719 1573
4: -2678 -93775 4719 1573
3: 2704 -13 43923 1573
2: -2704 451 -15972 1573
1: 2704 1331 -5049 1573
2: -2704 1331 -2387 1573
4: -2704 -2717 7986 1573
3: 2704 -6413 -4477 1573
2: -2704 94259 4477 1573
3: 2704 -190333 -4572 1573
4: -2704 -190333 4624 1573
1: 2717 845 -5324 1573
4: -2717 -11999 5324 1573
1: 2756 11 -69212 1573
4: -2782 -169 58564 1573
3: 2783 -13 53482 1573
1: 2783 1183 -5082 1573
4: -2783 -14365 5082 1573
3: 2783 -14641 -4394 1573
4: -2783 -14641 5070 1573
4: -2808 -19965 4862 1573
3: 2821 -11 69212 1573
2: -2834 248897 4329 1573
1: 2873 121 -11616 1573
2: -2873 121 -70180 1573
4: -2873 -253 39930 1573
1: 2873 869 -5324 1573
4: -2873 -1001 13310 1573
2: -2873 4235 2178 1573
4: -2873 -8855 5324 1573
2: -2873 86515 4202 1573
4: -2873 -180895 4356 1573
2: -2886 43923 4082 1573
2: -2904 507 -13431 1573
2: -2904 43923 4056 1573
1: 2912 22627 -4290 1573
3: 2964 -5577 -3993 1573
2: -2964 11979 3432 1573
2: -3003 507 -13310 1573
4: -3003 -219615 4160 1573
2: -3022 87373 3993 1573
1: 3042 105 -14641 1573
3: 3042 -165 2662 1573
1: 3042 429 -6655 1573
4: -3042 -831 14641 1573
3: 3042 -2541 -3630 1573
1: 3042 3993 -4345 1573
4: -3042 -4719 5929 1573
3: 3042 -15015 -3993 1573
1: 3042 23595 -4114 1573
4: -3042 -43923 4267 1573
2: -3042 118833 3993 1573
3: 3042 -139755 -4059 1573
1: 3042 219615 -4072 1573
3: 3058 -21463 -3993 1573
2: -3058 166465 3993 1573
2: -3068 6655 2717 1573
4: -3069 -507 21296 1573
3: 3088 -87373 -3993 1573
3: 3094 -210067 -3993 1573
1: 3113 14641 -4056 1573
2: -3113 14641 3380 1573
1: 3146 169 -11253 1573
2: -3146 169 -47311 1573
3: 3146 -169 3388 1573
4: -3146 -169 55176 1573
2: -3146 1183 -3388 1573
4: -3146 -1183 11253 1573
1: 3146 14641 -4017 1573
2: -3146 14641 3341 1573
3: 3146 -14641 -3848 1573
4: -3146 -14641 4524 1573
2: -3146 102487 3848 1573
4: -3146 -102487 4017 1573
2: -3172 407 -17303 1573
3: 3198 -171699 -3861 1573
3: 3211 -143 5324 1573
4: -3211 -143 63888 1573
3: 3211 -190333 -3846 1573
4: -3211 -190333 3898 1573
3: 3267 -39 31460 1573
1: 3278 169 -11979 1573
2: -3278 169 -46585 1573
2: -3289 79 -103818 1573
3: 3289 -14641 -3666 1573
4: -3289 -14641 4342 1573
1: 3311 190333 -3744 1573
2: -3311 190333 3692 1573
3: 3344 -190333 -3692 1573
4: -3344 -190333 3744 1573
3: 3388 -221 3146 1573
2: -3388 1235 -3146 1573
3: 3388 -14641 -3549 1573
4: -3388 -14641 4225 1573
1: 3432 507 -6655 1573
1: 3432 43923 -3640 1573
3: 3471 -11979 -3432 1573
1: 3498 117 -17303 1573
1: 3498 131769 -3549 1573
3: 3509 -19 81796 1573
2: -3509 97 -81796 1573
3: 3542 -14641 -3380 1573
4: -3542 -14641 4056 1573
3: 3549 -2013 -2662 1573
2: -3549 9999 2662 1573
2: -3549 14157 2904 1573
3: 3549 -51909 -3454 1573
2: -3608 91 -86515 1573
1: 3679 14641 -3484 1573
2: -3679 14641 2808 1573
4: -3692 -5929 4719 1573
1: 3718 13 -142417 1573
3: 3718 -13 135762 1573
1: 3718 19 -98494 1573
3: 3718 -19 91839 1573
4: -3718 -65 127776 1573
2: -3718 85 -91839 1573
4: -3718 -85 98494 1573
2: -3718 221 -33275 1573
4: -3718 -221 39930 1573
1: 3718 247 -10648 1573
3: 3718 -247 3993 1573
2: -3718 1105 -3993 1573
4: -3718 -1105 10648 1573
1: 3718 14641 -3451 1573
2: -3718 14641 2775 1573
3: 3718 -14641 -3204 1573
4: -3718 -14641 3880 1573
2: -3718 73205 3217 1573
4: -3718 -73205 3438 1573
1: 3718 190333 -3337 1573
2: -3718 190333 3285 1573
3: 3718 -190333 -3318 1573
4: -3718 -190333 3370 1573
2: -3718 248897 3295 1573
4: -3718 -248897 3360 1573
1: 3751 299 -9438 1573
4: -3751 -1313 9438 1573
1: 3828 39 -51909 1573
3: 3848 -27709 -3146 1573
2: -3848 115555 3146 1573
3: 3861 -3549 -2662 1573
2: -3861 14703 2662 1573
3: 3872 -190333 -3185 1573
4: -3872 -190333 3237 1573
1: 3874 169 -14641 1573
2: -3874 169 -43923 1573
3: 3887 -13 146410 1573
3: 3887 -14641 -3050 1573
4: -3887 -14641 3726 1573
1: 3938 13 -155727 1573
1: 3993 27 -78078 1573
2: -3993 39 -198770 1573
4: -3993 -105 78078 1573
4: -3993 -195 43472 1573
2: -3993 273 -25740 1573
1: 3993 351 -8866 1573
2: -3993 507 -12430 1573
4: -3993 -1365 8866 1573
4: -3993 -2535 6204 1573
2: -3993 3549 880 1573
4: -3993 -3993 5070 1573
1: 3993 4563 -3542 1573
4: -3993 -17745 3542 1573
2: -3993 19965 2704 1573
4: -3993 -27951 3380 1573
3: 3993 -35937 -3042 1573
4: -3993 -51909 3250 1573
2: -3993 139755 3042 1573
3: 4004 -14641 -2951 1573
4: -4004 -14641 3627 1573
1: 4017 30855 -3146 1573
4: -4017 -118701 3146 1573
3: 4048 -13 155727 1573
1: 4056 99 -23958 1573
3: 4056 -117 14641 1573
4: -4056 -141 58564 1573
2: -4056 363 -18513 1573
4: -4056 -429 21296 1573
1: 4056 11979 -3223 1573
3: 4056 -14157 -2904 1573
4: -4056 -17061 3509 1573
2: -4056 20163 2662 1573
2: -4056 43923 2872 1573
4: -4056 -51909 3201 1573
3: 4082 -6655 -2717 1573
3: 4158 -39 51909 1573
3: 4186 -14641 -2808 1573
4: -4186 -14641 3484 1573
2: -4196 102487 2873 1573
4: -4213 -73205 3042 1573
2: -4224 28899 2662 1573
4: -4268 -65 121121 1573
3: 4274 -102487 -2873 1573
2: -4329 39039 2662 1573
4: -4378 -91 86515 1573
1: 4394 17303 -2948 1573
2: -4394 17303 2376 1573
3: 4488 -117 17303 1573
1: 4498 9317 -3003 1573
2: -4518 219615 2704 1573
3: 4557 -219615 -2704 1573
3: 4563 -39 58564 1573
3: 4563 -363 3872 1573
2: -4563 25773 2420 1573
3: 4563 -48477 -2662 1573
2: -4563 152295 2662 1573
3: 4587 -68445 -2662 1573
2: -4587 213447 2662 1573
2: -4598 845 -6171 1573
3: 4598 -190333 -2678 1573
4: -4598 -190333 2730 1573
1: 4602 165 -17303 1573
1: 4628 224939 -2684 1573
2: -4628 224939 2640 1573
3: 4667 -224939 -2640 1573
4: -4667 -224939 2684 1573
3: 4708 -169 11979 1573
4: -4708 -169 46585 1573
1: 4708 72163 -2662 1573
4: -4708 -217165 2662 1573
1: 4719 507 -7502 1573
4: -4719 -1521 7502 1573
1: 4719 43923 -2678 1573
4: -4719 -131769 2678 1573
1: 4732 143 -19965 1573
2: -4732 143 -49247 1573
3: 4732 -7865 -2299 1573
3: 4732 -14641 -2445 1573
4: -4732 -14641 3121 1573
1: 4732 52195 -2662 1573
1: 4732 97163 -2640 1573
4: -4732 -156013 2662 1573
2: -4884 43923 2366 1573
3: 4901 -17303 -2376 1573
4: -4901 -17303 2948 1573
3: 4901 -248897 -2514 1573
4: -4966 -42757 2662 1573
4: -5071 -32617 2662 1573
1: 5082 45 -61347 1573
4: -5082 -123 61347 1573
2: -5082 507 -11858 1573
1: 5082 7605 -2783 1573
4: -5082 -20787 2783 1573
4: -5203 -845 10890 1573
1: 5203 190333 -2392 1573
2: -5203 190333 2340 1573
3: 5239 -11 244904 1573
4: -5239 -23881 2662 1573
1: 5252 55 -51909 1573
1: 5291 41 -69212 1573
4: -5291 -107 69212 1573
3: 5324 -13 209638 1573
3: 5324 -49 53911 1573
1: 5324 91 -32604 1573
2: -5324 127 -53911 1573
3: 5324 -169 13981 1573
4: -5324 -169 44583 1573
3: 5324 -637 2002 1573
1: 5324 1183 -4653 1573
1: 5324 1331 -4394 1573
2: -5324 1331 -3042 1573
2: -5324 1651 -2002 1573
3: 5324 -8281 -1991 1573
3: 5324 -9317 -2028 1573
1: 5324 17303 -2483 1573
2: -5324 17303 1911 1573
2: -5324 21463 1991 1573
1: 5324 65219 -2366 1573
3: 5324 -121121 -2301 1573
4: -5324 -169037 2366 1573
1: 5324 224939 -2336 1573
2: -5324 224939 2292 1573
1: 5382 33 -86515 1573
1: 5408 67 -43923 1573
4: -5408 -605 14036 1573
1: 5408 11011 -2541 1573
3: 5408 -190333 -2273 1573
4: -5408 -190333 2325 1573
1: 5434 7267 -2662 1573
4: -5434 -18421 2662 1573
4: -5512 -9317 3003 1573
3: 5564 -169 14641 1573
4: -5564 -169 43923 1573
3: 5566 -13 217074 1573
1: 5566 8957 -2541 1573
3: 5566 -14641 -2028 1573
4: -5566 -14641 2704 1573
4: -5566 -22139 2541 1573
2: -5577 39 -178354 1573
3: 5577 -45 61226 1573
2: -5577 111 -61226 1573
1: 5577 117 -26620 1573
3: 5577 -585 2662 1573
2: -5577 1443 -2662 1573
2: -5577 43923 2058 1573
1: 5577 131769 -2240 1573
2: -5668 11495 1573 1573
4: -5687 -3211 4356 1573
1: 5746 121 -26257 1573
2: -5746 121 -55539 1573
4: -5746 -559 14641 1573
1: 5746 5731 -2662 1573
4: -5746 -13717 2662 1573
3: 5772 -33 86515 1573
1: 5772 43923 -2210 1573
2: -5808 4563 605 1573
1: 5808 43923 -2197 1573
2: -5876 143143 2057 1573
3: 5902 -55 51909 1573
4: -5918 -455 17303 1573
3: 5954 -143143 -2057 1573
1: 6006 507 -7986 1573
3: 6138 -507 3993 1573
1: 6171 131769 -2028 1573
1: 6226 14641 -2197 1573
2: -6226 14641 1521 1573
3: 6253 -72479 -1936 1573
2: -6253 160325 1936 1573
3: 6292 -169 16335 1573
4: -6292 -169 42229 1573
3: 6292 -845 1694 1573
3: 6292 -14641 -1755 1573
3: 6292 -73205 -1924 1573
2: -6292 161051 1924 1573
4: -6409 -94501 2002 1573
3: 6422 -143 19965 1573
4: -6422 -143 49247 1573
1: 6422 275 -13310 1573
4: -6422 -11011 2541 1573
3: 6422 -190333 -1910 1573
4: -6422 -190333 1962 1573
2: -6506 158389 1859 1573
4: -6534 -39 174603 1573
3: 6552 -165 17303 1573
3: 6578 -59 51909 1573
2: -6578 125 -51909 1573
3: 6578 -14641 -1664 1573
4: -6578 -14641 2340 1573
3: 6584 -158389 -1859 1573
1: 6622 190333 -1885 1573
2: -6622 190333 1833 1573
3: 6682 -11495 -1573 1573
3: 6688 -190333 -1833 1573
4: -6688 -190333 1885 1573
1: 6726 163713 -1859 1573
3: 6776 -949 1573 1573
2: -6776 1963 -1573 1573
4: -6804 -163713 1859 1573
2: -6864 43923 1651 1573
2: -7018 155 -40898 1573
4: -7018 -5239 3025 1573
3: 7084 -14641 -1521 1573
4: -7084 -14641 2197 1573
2: -7098 2145 -1331 1573
3: 7098 -8019 -1331 1573
2: -7098 16005 1331 1573
4: -7098 -51909 1870 1573
4: -7098 -219615 1773 1573
2: -7176 16731 1331 1573
4: -7254 -507 14641 1573
1: 7267 190333 -1720 1573
2: -7267 190333 1668 1573
1: 7358 14641 -1911 1573
2: -7358 14641 1235 1573
1: 7436 71 -49247 1573
4: -7436 -137 49247 1573
1: 7436 923 -5324 1573
4: -7436 -1781 5324 1573
3: 7436 -14641 -1433 1573
4: -7436 -14641 2109 1573
3: 7436 -190333 -1646 1573
4: -7436 -190333 1698 1573
1: 7502 1105 -4719 1573
4: -7502 -2119 4719 1573
4: -7568 -845 9317 1573
4: -7612 -6253 2662 1573
1: 7623 87 -40898 1573
3: 7696 -99341 -1573 1573
3: 7722 -12675 -1331 1573
2: -7722 23829 1331 1573
1: 7774 539 -7986 1573
1: 7774 2057 -3267 1573
3: 7774 -14641 -1356 1573
4: -7774 -14641 2032 1573
3: 7943 -1331 1056 1573
4: -7943 -1331 6380 1573
4: -7982 -407 17303 1573
1: 7986 39 -90948 1573
1: 7986 93 -39039 1573
4: -7986 -117 56342 1573
4: -7986 -171 39039 1573
1: 7986 507 -8426 1573
1: 7986 1209 -4433 1573
4: -7986 -1521 5764 1573
4: -7986 -2223 4433 1573
3: 7986 -3993 -676 1573
2: -7986 11979 1014 1573
1: 7986 15717 -1771 1573
4: -7986 -28899 1771 1573
3: 7986 -51909 -1482 1573
3: 7986 -123783 -1521 1573
2: -7986 155727 1508 1573
2: -7986 227601 1521 1573
3: 8034 -16731 -1331 1573
1: 8034 105633 -1573 1573
1: 8107 247 -15730 1573
3: 8112 -429 6655 1573
1: 8112 43923 -1605 1573
1: 8112 235587 -1540 1573
4: -8349 -29913 1694 1573
3: 8372 -14641 -1235 1573
4: -8372 -14641 1911 1573
3: 8567 -254221 -1430 1573
3: 8619 -117 29282 1573
4: -8619 -3993 3014 1573
4: -8788 -5005 2662 1573
1: 8788 17303 -1617 1573
2: -8788 17303 1045 1573
1: 8957 3509 -2420 1573
3: 8957 -9317 -990 1573
4: -8998 -1183 6655 1573
1: 9048 17787 -1573 1573
4: -9126 -39 161051 1573
4: -9126 -363 18513 1573
3: 9126 -148863 -1331 1573
2: -9126 252681 1331 1573
3: 9174 -209391 -1331 1573
3: 9196 -190333 -1326 1573
4: -9196 -190333 1378 1573
4: -9243 -67881 1430 1573
1: 9256 224939 -1353 1573
2: -9256 224939 1309 1573
1: 9317 115 -33462 1573
4: -9317 -193 33462 1573
3: 9317 -1495 1144 1573
2: -9317 2509 -1144 1573
1: 9317 19435 -1518 1573
4: -9317 -32617 1518 1573
1: 9317 153065 -1352 1573
3: 9334 -224939 -1309 1573
4: -9334 -224939 1353 1573
2: -9399 35937 1144 1573
1: 9416 216827 -1331 1573
2: -9438 507 -10890 1573
1: 9438 1521 -3751 1573
4: -9438 -2535 3751 1573
2: -9438 43923 1170 1573
1: 9438 131769 -1339 1573
4: -9438 -219615 1339 1573
4: -9464 -221 29282 1573
2: -9464 22627 1034 1573
1: 9464 156299 -1331 1573
2: -9633 11979 770 1573
1: 9768 43923 -1352 1573
3: 9802 -715 3993 1573
3: 9802 -17303 -1045 1573
4: -9802 -17303 1617 1573
3: 9867 -105 34606 1573
2: -9867 171 -34606 1573
3: 9906 -35937 -1144 1573
2: -9922 91 -66066 1573
4: -9958 -73205 1326 1573
4: -10062 -17787 1573 1573
2: -10153 35 -173030 1573
4: -10153 -4225 2662 1573
1: 10164 507 -8712 1573
4: -10197 -43923 1352 1573
2: -10246 248897 1183 1573
3: 10324 -248897 -1183 1573
1: 10406 190333 -1209 1573
2: -10406 190333 1157 1573
3: 10428 -1521 1331 1573
4: -10478 -9559 1815 1573
2: -10527 39 -154154 1573
1: 10556 24167 -1331 1573
1: 10582 115 -34606 1573
4: -10582 -181 34606 1573
2: -10647 3993 -352 1573
1: 10647 80223 -1210 1573
2: -10648 43 -139425 1573
4: -10648 -845 8316 1573
1: 10648 1331 -4056 1573
2: -10648 1331 -3380 1573
3: 10648 -1781 1001 1573
2: -10648 2795 -1001 1573
2: -10648 7267 330 1573
2: -10648 86515 1092 1573
1: 10648 182347 -1183 1573
1: 10648 224939 -1179 1573
2: -10648 224939 1135 1573
1: 10868 20111 -1331 1573
4: -10868 -31265 1331 1573
2: -11011 2873 -968 1573
4: -11011 -14641 1534 1573
3: 11132 -14641 -845 1573
4: -11132 -14641 1521 1573
2: -11154 27 -220946 1573
1: 11154 39 -101156 1573
3: 11154 -123 30613 1573
2: -11154 189 -30613 1573
2: -11154 351 -15972 1573
3: 11154 -1599 1331 1573
2: -11154 2457 -1331 1573
1: 11154 43923 -1198 1573
1: 11253 1911 -3146 1573
4: -11253 -2925 3146 1573
4: -11323 -50941 1210 1573
4: -11414 -24167 1331 1573
1: 11492 15455 -1331 1573
4: -11492 -23441 1331 1573
1: 11492 86515 -1122 1573
2: -11539 102487 1014 1573
2: -11544 43923 936 1573
3: 11661 -42471 -968 1573
3: 11737 -65 59774 1573
3: 11869 -19 207636 1573
1: 11979 159 -26026 1573
4: -11979 -237 26026 1573
4: -11979 -507 12716 1573
1: 11979 3993 -2028 1573
3: 11979 -211629 -1014 1573
2: -12012 507 -10648 1573
3: 12051 -43923 -936 1573
2: -12168 195 -29282 1573
4: -12298 -845 7986 1573
4: -12337 -3553 2662 1573
3: 12506 -847 3751 1573
3: 12506 -188881 -968 1573
3: 12584 -2197 847 1573
2: -12584 3211 -847 1573
3: 12844 -190333 -942 1573
4: -12844 -190333 994 1573
3: 12947 -169 22990 1573
4: -12947 -169 35574 1573
3: 13013 -14641 -674 1573
4: -13013 -14641 1350 1573
1: 13013 190333 -972 1573
2: -13013 190333 920 1573
2: -13068 663 -7865 1573
2: -13078 25289 715 1573
2: -13156 1183 -3993 1573
3: 13156 -14641 -663 1573
4: -13156 -14641 1339 1573
2: -13431 1521 -2904 1573
1: 13431 43923 -1014 1573
2: -13442 248897 897 1573
1: 13689 231 -18634 1573
2: -13689 51909 792 1573
1: 13794 351 -12584 1573
3: 13858 -319 11979 1573
3: 14036 -193 20449 1573
2: -14036 271 -20449 1573
3: 14092 -25289 -715 1573
3: 14157 -507 7260 1573
3: 14157 -43923 -780 1573
4: -14196 -1089 6171 1573
3: 14196 -51909 -792 1573
3: 14322 -219615 -845 1573
1: 14508 27951 -1001 1573
1: 14534 190333 -873 1573
2: -14534 190333 821 1573
1: 14641 29 -143988 1573
3: 14641 -29 142298 1573
1: 14641 77 -54756 1573
3: 14641 -77 53066 1573
1: 14641 91 -46462 1573
3: 14641 -91 44772 1573
1: 14641 121 -35152 1573
2: -14641 121 -46644 1573
1: 14641 143 -29874 1573
2: -14641 143 -39338 1573
3: 14641 -143 28184 1573
4: -14641 -143 41028 1573
1: 14641 169 -25408 1573
2: -14641 169 -33156 1573
3: 14641 -169 23718 1573
4: -14641 -169 34846 1573
1: 14641 203 -21294 1573
3: 14641 -203 19604 1573
2: -14641 281 -19604 1573
4: -14641 -281 21294 1573
1: 14641 319 -13858 1573
3: 14641 -319 12168 1573
1: 14641 377 -11856 1573
3: 14641 -377 10166 1573
1: 14641 847 -5746 1573
3: 14641 -847 4056 1573
1: 14641 1001 -4992 1573
3: 14641 -1001 3302 1573
1: 14641 1183 -4354 1573
3: 14641 -1183 2664 1573
1: 14641 1573 -3484 1573
2: -14641 1573 -2808 1573
3: 14641 -1573 1794 1573
4: -14641 -1573 4498 1573
1: 14641 1859 -3078 1573
2: -14641 1859 -2246 1573
3: 14641 -1859 1388 1573
4: -14641 -1859 3936 1573
1: 14641 2233 -2704 1573
3: 14641 -2233 1014 1573
1: 14641 2639 -2418 1573
3: 14641 -2639 728 1573
2: -14641 3091 -1014 1573
4: -14641 -3091 2704 1573
1: 14641 3509 -2028 1573
3: 14641 -3509 338 1573
2: -14641 3653 -728 1573
4: -14641 -3653 2418 1573
1: 14641 4147 -1846 1573
3: 14641 -4147 156 1573
1: 14641 4901 -1692 1573
3: 14641 -4901 2 1573
1: 14641 11011 -1222 1573
3: 14641 -11011 -468 1573
1: 14641 13013 -1164 1573
3: 14641 -13013 -526 1573
1: 14641 20449 -1048 1573
2: -14641 20449 564 1573
3: 14641 -20449 -642 1573
4: -14641 -20449 1126 1573
1: 14641 24563 -1014 1573
3: 14641 -24563 -676 1573
1: 14641 29029 -988 1573
3: 14641 -29029 -702 1573
2: -14641 34001 676 1573
4: -14641 -34001 1014 1573
1: 14641 34307 -966 1573
3: 14641 -34307 -724 1573
2: -14641 40183 702 1573
4: -14641 -40183 988 1573
1: 14641 45617 -936 1573
3: 14641 -45617 -754 1573
2: -14641 47489 724 1573
4: -14641 -47489 966 1573
1: 14641 53911 -922 1573
3: 14641 -53911 -768 1573
1: 14641 143143 -874 1573
3: 14641 -143143 -816 1573
2: -14703 39 -146410 1573
4: -14703 -45375 968 1573
1: 14762 41 -102245 1573
1: 14872 35 -119790 1573
1: 14872 91 -46585 1573
3: 14872 -325 11979 1573
1: 14872 2275 -2662 1573
4: -14872 -3133 2662 1573
3: 14872 -73205 -775 1573
3: 14872 -190333 -810 1573
4: -14872 -190333 862 1573
1: 15067 113135 -858 1573
1: 15246 213 -20449 1573
4: -15246 -291 20449 1573
3: 15301 -169 23958 1573
4: -15522 -27951 1001 1573
4: -15548 -3509 2420 1573
3: 15548 -14641 -509 1573
4: -15548 -14641 1185 1573
2: -15548 29887 605 1573
3: 15717 -219615 -768 1573
2: -15873 43923 650 1573
3: 15886 -1331 2387 1573
4: -15886 -1331 5049 1573
2: -15972 39 -144859 1573
3: 15972 -45 92950 1573
2: -15972 507 -10428 1573
3: 15972 -585 6435 1573
4: -15972 -3993 2197 1573
3: 15972 -7605 -220 1573
4: -15972 -51909 884 1573
1: 15972 59895 -845 1573
1: 16224 3267 -2057 1573
4: -16393 -65 87846 1573
2: -16423 73205 676 1573
3: 16562 -95 43923 1573
4: -16562 -781 7986 1573
3: 16562 -29887 -605 1573
1: 16698 40053 -847 1573
4: -16698 -53235 847 1573
4: -16731 -43923 868 1573
3: 16852 -73205 -676 1573
3: 17069 -8833 -242 1573
1: 17182 35 -122694 1573
2: -17238 495 -10648 1573
3: 17238 -3993 352 1573
1: 17238 33033 -847 1573
2: -17238 131769 675 1573
1: 17303 19 -225654 1573
3: 17303 -19 224224 1573
2: -17303 25 -224224 1573
4: -17303 -25 225654 1573
1: 17303 169 -26004 1573
2: -17303 169 -32560 1573
3: 17303 -169 24574 1573
4: -17303 -169 33990 1573
2: -17303 845 -5940 1573
4: -17303 -845 7370 1573
1: 17303 1331 -3926 1573
2: -17303 1331 -3510 1573
3: 17303 -1331 2496 1573
4: -17303 -1331 4940 1573
1: 17303 3211 -2046 1573
3: 17303 -3211 616 1573
2: -17303 4225 -616 1573
4: -17303 -4225 2046 1573
2: -17303 6655 -130 1573
4: -17303 -6655 1560 1573
1: 17303 25289 -884 1573
3: 17303 -25289 -546 1573
2: -17303 33275 546 1573
4: -17303 -33275 884 1573
1: 17303 224939 -734 1573
2: -17303 224939 690 1573
3: 17303 -224939 -696 1573
4: -17303 -224939 740 1573
3: 17787 -219615 -676 1573
1: 18029 169 -26136 1573
2: -18029 169 -32428 1573
4: -18083 -133705 726 1573
3: 18252 -2145 1331 1573
3: 18252 -19965 -462 1573
4: -18252 -33033 847 1573
3: 18252 -59169 -605 1573
4: -18392 -637 9438 1573
3: 18392 -190333 -650 1573
4: -18392 -190333 702 1573
1: 18634 269 -16731 1573
4: -18634 -347 16731 1573
3: 18634 -3497 572 1573
2: -18634 4511 -572 1573
1: 18634 45461 -759 1573
4: -18634 -58643 759 1573
3: 18759 -33 130438 1573
1: 18759 43923 -758 1573
1: 18876 507 -9196 1573
1: 18876 43923 -754 1573
1: 19239 117 -37752 1573
1: 19239 131769 -676 1573
3: 19481 -14641 -338 1573
4: -19481 -14641 1014 1573
1: 19481 47827 -726 1573
4: -19481 -61009 726 1573
2: -19536 43923 507 1573
3: 19604 -77 55902 1573
2: -19604 1199 -3993 1573
2: -19604 3751 -847 1573
1: 19604 45859 -726 1573
3: 19734 -243 17303 1573
2: -19734 309 -17303 1573
2: -19942 47 -117128 1573
1: 19942 6655 -1276 1573
2: -20328 507 -10285 1573
3: 20394 -43923 -507 1573
1: 20449 23 -190938 1573
3: 20449 -23 189728 1573
2: -20449 29 -189728 1573
4: -20449 -29 190938 1573
1: 20449 299 -15246 1573
3: 20449 -299 14036 1573
2: -20449 377 -14036 1573
4: -20449 -377 15246 1573
1: 20449 14641 -904 1573
2: -20449 14641 228 1573
3: 20449 -14641 -306 1573
4: -20449 -14641 982 1573
1: 20449 190333 -628 1573
2: -20449 190333 576 1573
3: 20449 -190333 -582 1573
4: -20449 -190333 634 1573
1: 20592 51 -86515 1573
3: 20812 -845 4598 1573
4: -20956 -2057 3267 1573
1: 21032 5915 -1331 1573
1: 21054 39 -113256 1573
1: 21164 263 -17303 1573
4: -21164 -329 17303 1573
1: 21294 3993 -1683 1573
4: -21296 -221 25454 1573
1: 21296 1331 -3887 1573
2: -21296 1331 -3549 1573
2: -21296 22627 338 1573
1: 21307 169 -26620 1573
2: -21307 169 -31944 1573
3: 21901 -54587 -484 1573
2: -21901 67769 484 1573
3: 22022 -25 176176 1573
2: -22022 31 -176176 1573
3: 22022 -4225 484 1573
2: -22022 5239 -484 1573
3: 22022 -14641 -260 1573
4: -22022 -14641 936 1573
2: -22308 39 -139755 1573
4: -22308 -69 79860 1573
3: 22308 -117 37268 1573
4: -22308 -897 6655 1573
2: -22308 43923 430 1573
3: 22308 -131769 -521 1573
1: 22506 4329 -1573 1573
4: -22506 -5343 1573 1573
2: -22627 767 -6578 1573
1: 22627 86515 -598 1573
3: 22869 -39 113256 1573
1: 22984 19 -234256 1573
3: 23023 -14641 -234 1573
4: -23023 -14641 910 1573
1: 23088 43923 -637 1573
1: 23699 89177 -572 1573
3: 23958 -21 211926 1573
1: 23958 357 -13013 1573
4: -23958 -435 13013 1573
3: 23958 -507 8283 1573
2: -23958 1131 -4290 1573
2: -23958 2535 -1628 1573
2: -23958 3993 -845 1573
1: 23958 8619 -1034 1573
1: 23958 27951 -676 1573
1: 24024 507 -9317 1573
4: -24102 -43923 637 1573
4: -24206 -89177 572 1573
3: 24684 -117 37752 1573
3: 25168 -29 154154 1573
2: -25168 35 -154154 1573
4: -25168 -845 6897 1573
3: 25454 -248897 -468 1573
1: 25688 5291 -1331 1573
3: 25688 -190333 -458 1573
4: -25688 -190333 510 1573
3: 25894 -169 26136 1573
4: -25894 -169 32428 1573
3: 26026 -14641 -168 1573
4: -26026 -14641 844 1573
1: 26026 190333 -499 1573
2: -26026 190333 447 1573
2: -26378 3211 -1210 1573
4: -26533 -6655 1276 1573
1: 26702 142417 -495 1573
2: -26862 43923 338 1573
3: 27209 -14641 -146 1573
4: -27209 -14641 822 1573
1: 27378 51909 -539 1573
1: 27547 31 -146410 1573
2: -27716 91 -58564 1573
3: 27716 -62557 -374 1573
1: 27951 423 -11154 1573
4: -27951 -501 11154 1573
2: -27951 507 -10142 1573
4: -27951 -51909 546 1573
1: 27951 71487 -506 1573
4: -27951 -84669 506 1573
1: 28054 105391 -484 1573
4: -28314 -43923 559 1573
4: -28392 -51909 539 1573
4: -28561 -105391 484 1573
4: -29018 -5915 1331 1573
1: 29282 55 -83148 1573
3: 29282 -55 82303 1573
1: 29282 65 -70421 1573
3: 29282 -65 69576 1573
1: 29282 89 -51545 1573
3: 29282 -89 50700 1573
1: 29282 121 -38025 1573
2: -29282 121 -43771 1573
1: 29282 143 -32240 1573
2: -29282 143 -36972 1573
3: 29282 -143 31395 1573
4: -29282 -143 37817 1573
1: 29282 169 -27345 1573
2: -29282 169 -31219 1573
3: 29282 -169 26500 1573
4: -29282 -169 32064 1573
1: 29282 445 -10647 1573
3: 29282 -445 9802 1573
2: -29282 523 -9802 1573
4: -29282 -523 10647 1573
1: 29282 605 -7943 1573
3: 29282 -605 7098 1573
1: 29282 715 -6786 1573
3: 29282 -715 5941 1573
1: 29282 845 -5807 1573
3: 29282 -845 4962 1573
1: 29282 979 -5070 1573
3: 29282 -979 4225 1573
1: 29282 1157 -4355 1573
3: 29282 -1157 3510 1573
1: 29282 1573 -3315 1573
2: -29282 1573 -2977 1573
3: 29282 -1573 2470 1573
4: -29282 -1573 3822 1573
1: 29282 1859 -2870 1573
2: -29282 1859 -2454 1573
3: 29282 -1859 2025 1573
4: -29282 -1859 3299 1573
1: 29282 4895 -1352 1573
3: 29282 -4895 507 1573
2: -29282 5753 -507 1573
4: -29282 -5753 1352 1573
1: 29282 5785 -1209 1573
3: 29282 -5785 364 1573
2: -29282 6799 -364 1573
4: -29282 -6799 1209 1573
3: 29282 -7865 156 1573
1: 29282 9295 -912 1573
3: 29282 -9295 67 1573
1: 29282 10769 -845 1573
1: 29282 12727 -780 1573
3: 29282 -12727 -65 1573
1: 29282 15041 -725 1573
3: 29282 -15041 -120 1573
1: 29282 20449 -645 1573
2: -29282 20449 161 1573
3: 29282 -20449 -200 1573
4: -29282 -20449 684 1573
1: 29282 53845 -507 1573
3: 29282 -53845 -338 1573
2: -29282 63283 338 1573
4: -29282 -63283 507 1573
1: 29282 63635 -494 1573
3: 29282 -63635 -351 1573
2: -29282 74789 351 1573
4: -29282 -74789 494 1573
1: 29282 75205 -483 1573
3: 29282 -75205 -362 1573
2: -29282 88387 362 1573
4: -29282 -88387 483 1573
1: 29282 102245 -467 1573
3: 29282 -102245 -378 1573
1: 29282 139997 -455 1573
3: 29282 -139997 -390 1573
1: 29282 165451 -450 1573
3: 29282 -165451 -395 1573
1: 29367 219615 -442 1573
1: 29406 39 -117128 1573
4: -29406 -3267 2057 1573
1: 29744 4979 -1331 1573
4: -29744 -5837 1331 1573
3: 29744 -190333 -392 1573
4: -29744 -190333 444 1573
1: 29887 845 -5808 1573
2: -29913 165 -31944 1573
3: 30129 -351 12584 1573
4: -30589 -16577 726 1573
3: 30602 -169 26620 1573
4: -30602 -169 31944 1573
1: 30613 78923 -462 1573
4: -30613 -92105 462 1573
4: -30976 -29 184041 1573
2: -31603 325 -15972 1573
1: 31746 43923 -494 1573
3: 31941 -39 117128 1573
1: 31944 507 -9427 1573
4: -31944 -1053 5434 1573
3: 31944 -51909 -299 1573
2: -31944 107811 338 1573
2: -32448 99 -53240 1573
2: -32448 38115 242 1573
3: 32786 -3751 847 1573
4: -32912 -8957 968 1573
1: 33462 87 -53240 1573
1: 33462 195 -23958 1573
3: 33462 -43923 -265 1573
4: -33553 -248897 390 1573
4: -33631 -91 58564 1573
2: -33638 221 -23595 1573
3: 33759 -507 8712 1573
3: 33891 -1521 2662 1573
1: 34122 12675 -726 1573
2: -34138 55 -95832 1573
1: 34243 14641 -676 1573
4: -34476 -3993 1683 1573
1: 34528 65219 -429 1573
1: 34606 41 -112827 1573
3: 34606 -41 112112 1573
2: -34606 47 -112112 1573
4: -34606 -47 112827 1573
1: 34606 169 -27643 1573
2: -34606 169 -30921 1573
3: 34606 -169 26928 1573
4: -34606 -169 31636 1573
1: 34606 1331 -3822 1573
2: -34606 1331 -3614 1573
3: 34606 -1331 3107 1573
4: -34606 -1331 4329 1573
1: 34606 6929 -1023 1573
3: 34606 -6929 308 1573
2: -34606 7943 -308 1573
4: -34606 -7943 1023 1573
1: 34606 54571 -442 1573
3: 34606 -54571 -273 1573
2: -34606 62557 273 1573
4: -34606 -62557 442 1573
1: 34606 224939 -378 1573
2: -34606 224939 334 1573
3: 34606 -224939 -337 1573
4: -34606 -224939 381 1573
2: -34848 195 -26741 1573
2: -34983 33 -159720 1573
2: -35139 131769 312 1573
3: 35321 -190333 -326 1573
4: -35321 -190333 378 1573
4: -35542 -65219 429 1573
3: 35646 -131769 -312 1573
4: -35937 -39 135564 1573
3: 35937 -1443 2860 1573
1: 36058 169 -27709 1573
2: -36058 169 -30855 1573
2: -36179 1183 -4114 1573
3: 36179 -14641 -26 1573
4: -36179 -14641 702 1573
1: 36421 190333 -364 1573
2: -36421 190333 312 1573
3: 36504 -309 14641 1573
1: 36504 6171 -1089 1573
3: 36784 -190333 -312 1573
4: -36784 -190333 364 1573
4: -36842 -5291 1331 1573
3: 37268 -7501 286 1573
2: -37268 8515 -286 1573
4: -37518 -33 159720 1573
2: -37518 43923 210 1573
2: -37752 507 -10043 1573
2: -37752 43923 208 1573
4: -38194 -367 14641 1573
4: -38363 -55 95832 1573
3: 38532 -105 43923 1573
2: -38532 351 -14641 1573
3: 38599 -599 7436 1573
2: -38599 677 -7436 1573
3: 38599 -17303 -52 1573
4: -38599 -17303 624 1573
2: -38818 73205 247 1573
4: -38962 -14641 676 1573
4: -38962 -115427 363 1573
3: 39832 -73205 -247 1573
4: -39897 -507 10648 1573
4: -40053 -99 53240 1573
1: 40222 325 -14641 1573
1: 40469 14641 -624 1573
2: -40469 14641 -52 1573
1: 40898 49 -95469 1573
3: 40898 -49 94864 1573
4: -40898 -65 80828 1573
1: 40898 91 -51546 1573
3: 40898 -91 50941 1573
1: 40898 637 -7623 1573
3: 40898 -637 7018 1573
1: 40898 14641 -621 1573
3: 40898 -14641 16 1573
1: 40898 102487 -348 1573
3: 40898 -102487 -257 1573
2: -40898 161051 270 1573
4: -40898 -161051 335 1573
1: 40898 190333 -327 1573
3: 40898 -190333 -278 1573
1: 41261 8359 -858 1573
4: -41261 -9373 858 1573
4: -41261 -137093 338 1573
2: -41574 155727 264 1573
4: -41912 -77077 363 1573
3: 42042 -219615 -273 1573
3: 42081 -155727 -264 1573
2: -42108 39 -133705 1573
4: -42229 -871 6292 1573
4: -42588 -165 31944 1573
1: 42592 35 -133848 1573
1: 42614 169 -27951 1573
2: -42614 169 -30613 1573
3: 42757 -565 7986 1573
2: -42757 631 -7986 1573
3: 42757 -14641 30 1573
4: -42757 -14641 646 1573
4: -43186 -2197 2662 1573
3: 43264 -29 161051 1573
3: 43802 -115765 -242 1573
2: -43802 128947 242 1573
3: 43923 -33 141622 1573
1: 43923 39 -120354 1573
2: -43923 45 -115596 1573
2: -43923 99 -52390 1573
4: -43923 -117 44850 1573
2: -43923 153 -33800 1573
1: 43923 363 -13182 1573
3: 43923 -429 10634 1573
4: -43923 -495 10816 1573
1: 43923 507 -9518 1573
2: -43923 585 -8632 1573
1: 43923 687 -7098 1573
4: -43923 -765 7098 1573
4: -43923 -1089 5070 1573
2: -43923 1287 -3770 1573
4: -43923 -1521 3710 1573
4: -43923 -1683 3380 1573
2: -43923 1989 -2340 1573
1: 43923 4719 -1274 1573
2: -43923 5445 -676 1573
3: 43923 -5577 558 1573
4: -43923 -6435 1092 1573
3: 43923 -7557 338 1573
2: -43923 7605 -404 1573
2: -43923 8415 -338 1573
1: 43923 8931 -806 1573
4: -43923 -9945 806 1573
4: -43923 -14157 650 1573
2: -43923 16731 -30 1573
4: -43923 -21879 520 1573
2: -43923 25857 80 1573
1: 43923 61347 -358 1573
2: -43923 70785 208 1573
1: 43923 83127 -338 1573
4: -43923 -83655 344 1573
4: -43923 -92565 338 1573
3: 43923 -98241 -234 1573
2: -43923 109395 234 1573
1: 43923 116103 -322 1573
4: -43923 -129285 322 1573
4: -43923 -184041 310 1573
2: -43923 240669 260 1573
3: 44044 -53 88088 1573
2: -44044 59 -88088 1573
3: 44044 -8957 242 1573
2: -44044 9971 -242 1573
3: 44044 -14641 39 1573
4: -44044 -14641 637 1573
3: 44187 -45 103818 1573
1: 44616 43923 -384 1573
4: -45738 -39 133705 1573
2: -45968 86515 209 1573
3: 46046 -14641 52 1573
4: -46046 -14641 624 1573
4: -46343 -73205 338 1573
4: -46948 -65 80223 1573
3: 46982 -86515 -209 1573
1: 47827 14641 -580 1573
2: -47827 14641 -96 1573
1: 48763 9971 -726 1573
4: -48763 -10985 726 1573
3: 49179 -1617 2662 1573
3: 49192 -845 5324 1573
3: 49247 -403 11440 1573
4: -49478 -25 207636 1573
4: -49686 -6171 1089 1573
4: -50193 -39 133100 1573
3: 50336 -61 77077 1573
2: -50336 67 -77077 1573
2: -50578 845 -5885 1573
4: -50578 -1625 3432 1573
2: -50644 23 -224939 1573
1: 50754 21 -224939 1573
1: 50869 190333 -268 1573
2: -50869 190333 216 1573
3: 51376 -190333 -216 1573
4: -51376 -190333 268 1573
3: 51788 -169 27709 1573
4: -51788 -169 30855 1573
1: 51909 63 -75218 1573
4: -51909 -69 75218 1573
2: -51909 507 -9966 1573
1: 51909 1521 -3344 1573
4: -51909 -3993 1534 1573
1: 51909 10647 -682 1573
4: -51909 -11661 682 1573
3: 51909 -11979 156 1573
3: 51909 -83853 -182 1573
2: -51909 91839 182 1573
3: 52052 -14641 85 1573
4: -52052 -14641 591 1573
4: -52272 -3549 1694 1573
4: -52998 -195 26741 1573
3: 53064 -21 224939 1573
4: -53174 -23 224939 1573
1: 53724 43923 -338 1573
2: -53742 117 -43923 1573
2: -53742 131769 191 1573
4: -54208 -221 23595 1573
3: 54418 -14641 96 1573
4: -54418 -14641 580 1573
1: 54548 102487 -273 1573
4: -55263 -495 10648 1573
4: -55562 -102487 273 1573
1: 55902 507 -9570 1573
1: 55902 885 -5577 1573
4: -55902 -963 5577 1573
3: 55902 -51909 -130 1573
1: 55902 149565 -253 1573
4: -55902 -162747 253 1573
2: -56628 2535 -1815 1573
2: -56628 219615 195 1573
1: 57122 65 -73205 1573
4: -57233 -845 6314 1573
3: 57354 -1521 2904 1573
1: 57967 17545 -484 1573
1: 58443 156663 -242 1573
4: -58443 -169845 242 1573
4: -58474 -2101 2662 1573
2: -58474 9317 -341 1573
4: -58564 -53 97344 1573
1: 58564 143 -33423 1573
2: -58564 143 -35789 1573
3: 58564 -169 27891 1573
4: -58564 -169 30673 1573
4: -58564 -209 24843 1573
2: -58564 247 -20631 1573
2: -58564 583 -8619 1573
4: -58564 -689 7683 1573
3: 58564 -929 4901 1573
2: -58564 1007 -4901 1573
3: 58564 -1573 2808 1573
4: -58564 -1573 3484 1573
1: 58564 1859 -2766 1573
2: -58564 1859 -2558 1573
2: -58564 2299 -2028 1573
4: -58564 -2717 2106 1573
2: -58564 3211 -1392 1573
4: -58564 -6413 1014 1573
2: -58564 7579 -468 1573
4: -58564 -8957 786 1573
1: 58564 10219 -676 1573
4: -58564 -11077 676 1573
3: 58564 -12077 182 1573
2: -58564 13091 -182 1573
3: 58564 -20449 21 1573
4: -58564 -20449 463 1573
2: -58564 29887 39 1573
4: -58564 -35321 357 1573
4: -58564 -83369 273 1573
2: -58564 98527 159 1573
3: 58564 -112409 -169 1573
2: -58564 121847 169 1573
1: 58564 132847 -247 1573
4: -58564 -144001 247 1573
3: 58564 -157001 -181 1573
2: -58564 170183 181 1573
2: -58812 39 -131769 1573
2: -59466 131769 169 1573
3: 59488 -221 21296 1573
1: 59488 611 -7986 1573
3: 59488 -190333 -183 1573
4: -59488 -190333 235 1573
2: -59592 27 -190333 1573
1: 59722 25 -190333 1573
3: 60324 -131769 -169 1573
2: -60502 61589 121 1573
3: 61204 -169 27951 1573
4: -61204 -169 30613 1573
1: 61226 1183 -4224 1573
3: 61226 -1807 2431 1573
1: 61226 164437 -231 1573
4: -61226 -177619 231 1573
1: 61347 39 -122210 1573
1: 61347 75 -63646 1573
4: -61347 -81 63646 1573
3: 61347 -195 24200 1573
1: 61347 975 -5082 1573
4: -61347 -1053 5082 1573
1: 61347 43923 -310 1573
3: 61347 -219615 -180 1573
3: 61854 -81 58564 1573
3: 62557 -1331 3380 1573
4: -62557 -1331 4056 1573
3: 62868 -321 14641 1573
3: 62972 -25 190333 1573
4: -63102 -27 190333 1573
2: -63492 43923 78 1573
4: -63882 -39 131769 1573
2: -63888 37011 55 1573
4: -64558 -355 14641 1573
4: -64558 -17545 484 1573
1: 64558 121121 -231 1573
3: 64727 -73205 -126 1573
3: 65572 -65 73205 1573
4: -65572 -121121 231 1573
2: -66066 507 -9922 1573
3: 66924 -1677 2662 1573
2: -67418 126445 143 1573
4: -67518 -507 10285 1573
3: 67881 -3993 1014 1573
3: 68432 -126445 -143 1573
1: 68486 14641 -507 1573
2: -68486 14641 -169 1573
1: 68783 929 -5324 1573
4: -68783 -995 5324 1573
4: -68952 -117 43923 1573
3: 69212 -85 56056 1573
3: 69212 -169 28105 1573
3: 69212 -845 5478 1573
1: 69212 1331 -3770 1573
2: -69212 1331 -3666 1573
4: -69212 -2197 2508 1573
3: 69212 -2873 1485 1573
1: 69212 6655 -897 1573
4: -69212 -9317 728 1573
3: 69212 -14365 154 1573
2: -69212 15379 -154 1573
1: 69212 22627 -390 1573
1: 69212 113135 -221 1573
1: 69212 224939 -200 1573
3: 69628 -869 5324 1573
4: -69797 -79013 242 1573
1: 69966 33 -145079 1573
3: 70543 -9317 338 1573
3: 70642 -190333 -150 1573
4: -70642 -190333 202 1573
2: -71214 147 -34606 1573
3: 71656 -9317 341 1573
3: 71874 -39 122551 1573
1: 71929 139 -34606 1573
3: 72358 -14641 156 1573
4: -72358 -14641 520 1573
1: 72842 190333 -195 1573
3: 73326 -11661 242 1573
4: -73568 -190333 195 1573
3: 74022 -83853 -110 1573
1: 74052 2535 -2057 1573
3: 74536 -15509 143 1573
2: -74536 16523 -143 1573
4: -74778 -663 7865 1573
3: 75036 -33 145079 1573
1: 75036 43923 -274 1573
1: 75504 43923 -273 1573
2: -76219 91 -55902 1573
4: -76219 -2041 2662 1573
1: 77064 11979 -561 1573
3: 77077 -95 50336 1573
2: -77077 101 -50336 1573
3: 77198 -1237 3718 1573
2: -77198 1315 -3718 1573
3: 77198 -17303 117 1573
4: -77198 -17303 455 1573
4: -77198 -44447 275 1573
3: 77924 -14641 169 1573
4: -77924 -14641 507 1573
2: -78078 45 -113135 1573
2: -79768 149435 121 1573
3: 79794 -507 9317 1573
1: 79937 190333 -180 1573
2: -79937 190333 128 1573
3: 80782 -149435 -121 1573
4: -80828 -125 40898 1573
1: 80938 14641 -481 1573
2: -80938 14641 -195 1573
3: 81796 -101 47432 1573
2: -81796 107 -47432 1573
3: 81796 -1313 3509 1573
2: -81796 1391 -3509 1573
3: 81796 -14641 177 1573
4: -81796 -14641 499 1573
3: 81796 -190333 -126 1573
4: -81796 -190333 178 1573
3: 82472 -325 14641 1573
2: -82522 299 -16874 1573
1: 82522 17225 -429 1573
4: -82522 -18239 429 1573
4: -83248 -845 6171 1573
1: 83853 1347 -3718 1573
4: -83853 -1425 3718 1573
1: 83853 3993 -1352 1573
4: -84162 -351 14641 1573
2: -84216 4563 -968 1573
3: 84942 -3549 1210 1573
1: 85176 49731 -242 1573
3: 85514 -1163 3993 1573
2: -85514 1229 -3993 1573
3: 85514 -14641 184 1573
4: -85514 -14641 492 1573
4: -86229 -21 242242 1573
2: -86866 237281 121 1573
3: 87604 -238121 -121 1573
2: -87604 251303 121 1573
2: -87846 21 -241839 1573
4: -87846 -33 154128 1573
2: -87846 39 -130156 1573
3: 87846 -99 48503 1573
1: 87846 117 -41301 1573
4: -87846 -213 23998 1573
4: -87846 -231 22139 1573
2: -87846 273 -18473 1573
2: -87846 363 -13858 1573
4: -87846 -429 11986 1573
2: -87846 507 -9882 1573
1: 87846 1089 -4563 1573
3: 87846 -1287 3601 1573
1: 87846 1413 -3549 1573
4: -87846 -1491 3549 1573
1: 87846 1521 -3307 1573
2: -87846 2343 -2028 1573
4: -87846 -2769 1976 1573
4: -87846 -3003 1833 1573
2: -87846 3549 -1291 1573
2: -87846 4719 -936 1573
4: -87846 -5577 1052 1573
1: 87846 14157 -481 1573
3: 87846 -15543 169 1573
2: -87846 16401 -169 1573
3: 87846 -16731 147 1573
1: 87846 18369 -403 1573
4: -87846 -19383 403 1573
4: -87846 -25773 338 1573
2: -87846 30459 -26 1573
2: -87846 33033 -13 1573
4: -87846 -35997 282 1573
4: -87846 -39039 271 1573
2: -87846 61347 58 1573
1: 87846 170973 -169 1573
4: -87846 -180411 169 1573
1: 87846 184041 -167 1573
3: 87846 -202059 -117 1573
2: -87846 213213 117 1573
1: 87846 238797 -161 1573
4: -87846 -251979 161 1573
3: 88088 -109 44044 1573
2: -88088 115 -44044 1573
3: 88088 -18421 121 1573
2: -88088 19435 -121 1573
1: 89177 3731 -1430 1573
1: 89232 243 -19965 1573
2: -89232 43923 23 1573
1: 89782 2873 -1815 1573
4: -90246 -11979 561 1573
2: -90508 86515 78 1573
4: -91234 -248897 156 1573
1: 91839 249951 -154 1573
3: 92092 -14641 195 1573
4: -92092 -14641 481 1573
4: -93093 -219615 156 1573
1: 93236 31 -155727 1573
2: -94622 2977 -1573 1573
2: -94809 131769 92 1573
4: -95348 -1105 4719 1573
1: 95654 14641 -459 1573
2: -95654 14641 -217 1573
1: 95832 195 -24882 1573
4: -97526 -21463 363 1573
2: -100048 115 -43923 1573
3: 100386 -39 123783 1573
4: -101156 -29 174746 1573
1: 101738 190333 -147 1573
2: -101738 190333 95 1573
3: 101882 -235 20449 1573
1: 102487 143 -33930 1573
2: -102487 143 -35282 1573
1: 102487 605 -8112 1573
1: 102487 1655 -3042 1573
4: -102487 -1733 3042 1573
3: 102487 -1859 2480 1573
4: -102487 -1859 2844 1573
3: 102487 -7865 494 1573
3: 102487 -21515 104 1573
2: -102487 22529 -104 1573
1: 102487 102245 -168 1573
3: 102752 -190333 -95 1573
4: -102752 -190333 147 1573
4: -103092 -249 20449 1573
2: -103818 27 -187330 1573
1: 103818 129 -37609 1573
4: -103818 -135 37609 1573
1: 103818 507 -9658 1573
3: 103818 -3993 1092 1573
2: -103818 4563 -990 1573
1: 103818 21801 -341 1573
4: -103818 -22815 341 1573
4: -103818 -35937 260 1573
3: 103818 -171699 -91 1573
2: -103818 179685 91 1573
1: 104598 195657 -143 1573
4: -105612 -195657 143 1573
1: 106964 19 -254826 1573
4: -107327 -8281 726 1573
1: 107811 51909 -208 1573
3: 108836 -14641 217 1573
4: -108836 -14641 459 1573
4: -109538 -73205 182 1573
1: 110352 3315 -1573 1573
2: -111804 507 -9856 1573
4: -111804 -51909 208 1573
4: -113256 -21 240669 1573
1: 115797 39 -124410 1573
3: 116974 -1183 3993 1573
3: 117128 -77 62868 1573
1: 117128 91 -53391 1573
2: -117128 275 -18252 1573
4: -117128 -325 15639 1573
2: -117128 395 -12675 1573
4: -117128 -605 8450 1573
2: -117128 715 -6955 1573
4: -117128 -845 6080 1573
4: -117128 -869 5915 1573
2: -117128 1027 -4810 1573
3: 117128 -1573 2977 1573
4: -117128 -1573 3315 1573
1: 117128 1859 -2714 1573
2: -117128 1859 -2610 1573
3: 117128 -2981 1521 1573
1: 117128 3523 -1482 1573
1: 117128 11011 -546 1573
3: 117128 -13013 267 1573
1: 117128 20867 -338 1573
4: -117128 -21725 338 1573
3: 117128 -24661 91 1573
2: -117128 25675 -91 1573
4: -117128 -39325 234 1573
2: -117128 46475 -3 1573
4: -117128 -56485 195 1573
2: -117128 66755 30 1573
4: -117128 -102245 155 1573
2: -117128 124267 65 1573
4: -117128 -146861 140 1573
4: -117962 -173 29282 1573
1: 118459 224939 -126 1573
2: -118459 224939 82 1573
3: 121121 -151 32032 1573
2: -121121 157 -32032 1573
3: 121121 -25519 88 1573
2: -121121 26533 -88 1573
3: 121121 -200981 -78 1573
2: -121121 208967 78 1573
2: -121173 139755 66 1573
2: -122694 39 -129228 1573
3: 122694 -117 41382 1573
1: 122694 153 -31823 1573
4: -122694 -159 31823 1573
1: 122694 1989 -2541 1573
4: -122694 -2067 2541 1573
2: -122694 43923 -14 1573
3: 122694 -131769 -64 1573
1: 123708 231231 -121 1573
1: 123783 26091 -286 1573
4: -123783 -27105 286 1573
2: -124146 123 -40898 1573
4: -124722 -231231 121 1573
1: 124751 119 -40898 1573
3: 125114 -1331 3549 1573
4: -125114 -1331 3887 1573
4: -125114 -50869 198 1573
1: 126984 43923 -208 1573
3: 128139 -4563 968 1573
3: 128271 -1761 2662 1573
2: -128271 1827 -2662 1573
3: 129107 -65 74646 1573
1: 131482 38599 -220 1573
1: 131769 33 -147368 1573
2: -131769 429 -11648 1573
3: 131769 -507 9492 1573
1: 131769 897 -5512 1573
3: 131769 -1209 3926 1573
1: 131769 2139 -2366 1573
4: -131769 -2217 2366 1573
3: 131769 -4719 936 1573
1: 131769 8349 -676 1573
3: 131769 -11253 338 1573
3: 131769 -128271 -56 1573
1: 131769 172887 -122 1573
1: 132132 507 -9680 1573
4: -132561 -43923 208 1573
4: -133848 -381 13310 1573
2: -134431 22477 -132 1573
4: -135278 -845 6050 1573
3: 135762 -117 41470 1573
4: -135762 -3993 1352 1573
4: -135876 -18513 363 1573
3: 137566 -403 11979 1573
1: 137566 1891 -2662 1573
4: -137566 -1957 2662 1573
4: -138073 -38599 220 1573
3: 138424 -173 28028 1573
2: -138424 179 -28028 1573
1: 138424 1331 -3744 1573
2: -138424 1331 -3692 1573
3: 138424 -29237 77 1573
2: -138424 30251 -77 1573
1: 138424 224939 -111 1573
2: -138424 224939 67 1573
3: 141284 -29 167706 1573
4: -141284 -637 7986 1573
3: 141284 -190333 -62 1573
4: -141284 -190333 114 1573
3: 142417 -169 28710 1573
4: -142417 -169 29854 1573
3: 143143 -179 27104 1573
2: -143143 185 -27104 1573
1: 143143 2327 -2178 1573
4: -143143 -2405 2178 1573
3: 143143 -14641 246 1573
4: -143143 -14641 430 1573
1: 143143 190333 -112 1573
2: -143143 190333 60 1573
2: -143286 3549 -1331 1573
2: -143748 6279 -715 1573
4: -143748 -19965 338 1573
4: -143988 -143385 121 1573
3: 144716 -14641 247 1573
1: 145002 741 -6655 1573
1: 146289 30927 -242 1573
4: -146289 -31941 242 1573
4: -148951 -41 122694 1573
1: 150007 102487 -130 1573
2: -150072 43923 -32 1573
1: 151424 22627 -297 1573
2: -151734 11979 -338 1573
3: 154154 -193 25168 1573
2: -154154 199 -25168 1573
2: -154297 313 -15972 1573
3: 154396 -2513 1859 1573
2: -154396 2591 -1859 1573
4: -155727 -507 9988 1573
1: 155727 3993 -1300 1573
3: 155727 -6591 660 1573
3: 156663 -43923 32 1573
2: -157058 5239 -880 1573
2: -157058 6655 -676 1573
1: 159874 190333 -103 1573
2: -159874 190333 51 1573
1: 160303 47 -103818 1573
2: -160446 131769 39 1573
3: 161051 -121 40222 1573
4: -161051 -121 41574 1573
1: 161051 5203 -1014 1573
3: 161051 -95953 -26 1573
1: 161733 39 -125114 1573
4: -161733 -135 37268 1573
1: 161876 3887 -1331 1573
4: -161898 -2535 2057 1573
1: 162382 529 -9295 1573
2: -163254 171 -29282 1573
3: 163592 -205 23716 1573
2: -163592 211 -23716 1573
3: 163592 -533 9075 1573
3: 163592 -73205 -9 1573
3: 163592 -190333 -50 1573
4: -163592 -190333 102 1573
1: 164099 167 -29282 1573
3: 164606 -1199 3993 1573
4: -164606 -22627 297 1573
1: 167706 2733 -1859 1573
4: -167706 -2811 1859 1573
2: -167706 3993 -1183 1573
2: -167986 97163 22 1573
3: 168311 -169 28798 1573
4: -168311 -169 29766 1573
3: 169037 -377 12870 1573
3: 171028 -14641 261 1573
4: -171028 -14641 415 1573
2: -171457 248897 52 1573
2: -171699 273 -18304 1573
4: -173888 -29 173030 1573
1: 174603 43923 -182 1573
4: -175571 -29237 242 1573
3: 175692 -33 147875 1573
1: 175692 39 -125255 1573
1: 175692 363 -13520 1573
3: 175692 -429 11310 1573
1: 175692 507 -9700 1573
3: 175692 -573 8450 1573
1: 175692 4719 -1105 1573
3: 175692 -5577 805 1573
1: 175692 6303 -845 1573
3: 175692 -7449 585 1573
1: 175692 61347 -150 1573
1: 175692 81939 -130 1573
3: 175692 -96837 -20 1573
2: -175813 16055 -242 1573
3: 175934 -25519 121 1573
2: -176176 227 -22022 1573
2: -176774 26257 -121 1573
4: -177628 -2873 1815 1573
4: -180323 -65 77198 1573
3: 184041 -21 232562 1573
4: -184041 -3081 1694 1573
3: 189956 -26257 121 1573
2: -190333 35 -143078 1573
4: -190333 -35 143208 1573
2: -190333 49 -102180 1573
4: -190333 -49 102310 1573
2: -190333 55 -91026 1573
4: -190333 -55 91156 1573
2: -190333 77 -65000 1573
4: -190333 -77 65130 1573
1: 190333 121 -40456 1573
2: -190333 121 -41340 1573
1: 190333 169 -28984 1573
2: -190333 169 -29580 1573
3: 190333 -169 28854 1573
4: -190333 -169 29710 1573
1: 190333 239 -20514 1573
3: 190333 -239 20384 1573
2: -190333 245 -20384 1573
4: -190333 -245 20514 1573
2: -190333 385 -12948 1573
4: -190333 -385 13078 1573
2: -190333 539 -9230 1573
4: -190333 -539 9360 1573
2: -190333 605 -8216 1573
4: -190333 -605 8346 1573
2: -190333 845 -5864 1573
4: -190333 -845 5994 1573
2: -190333 847 -5850 1573
4: -190333 -847 5980 1573
2: -190333 1183 -4170 1573
4: -190333 -1183 4300 1573
1: 190333 1859 -2694 1573
2: -190333 1859 -2630 1573
3: 190333 -1859 2564 1573
4: -190333 -1859 2760 1573
1: 190333 2629 -1924 1573
3: 190333 -2629 1794 1573
2: -190333 2695 -1794 1573
4: -190333 -2695 1924 1573
2: -190333 4235 -1118 1573
4: -190333 -4235 1248 1573
2: -190333 5915 -782 1573
4: -190333 -5915 912 1573
2: -190333 5929 -780 1573
4: -190333 -5929 910 1573
2: -190333 8281 -540 1573
4: -190333 -8281 670 1573
2: -190333 9295 -474 1573
4: -190333 -9295 604 1573
2: -190333 13013 -320 1573
4: -190333 -13013 450 1573
1: 190333 20449 -304 1573
2: -190333 20449 -180 1573
3: 190333 -20449 174 1573
4: -190333 -20449 310 1573
1: 190333 28919 -234 1573
3: 190333 -28919 104 1573
2: -190333 29645 -104 1573
4: -190333 -29645 234 1573
1: 190333 40391 -186 1573
3: 190333 -40391 56 1573
2: -190333 41405 -56 1573
4: -190333 -41405 186 1573
2: -190333 65065 -12 1573
4: -190333 -65065 142 1573
2: -190333 91091 10 1573
4: -190333 -91091 120 1573
2: -190333 102245 16 1573
4: -190333 -102245 114 1573
2: -190333 143143 30 1573
4: -190333 -143143 100 1573
3: 193908 -141 34606 1573
4: -194623 -145 34606 1573
3: 195657 -585 8294 1573
3: 196053 -131769 -26 1573
1: 198319 169 -28996 1573
2: -198319 169 -29568 1573
2: -203643 2535 -1914 1573
2: -203814 3597 -1331 1573
4: -204732 -82641 121 1573
1: 204974 143 -34268 1573
2: -204974 143 -34944 1573
3: 204974 -221 22074 1573
3: 204974 -1859 2571 1573
4: -204974 -1859 2753 1573
3: 204974 -2167 2197 1573
1: 204974 2873 -1763 1573
1: 204974 3349 -1521 1573
4: -204974 -3427 1521 1573
4: -204974 -18029 338 1573
1: 204974 28171 -234 1573
2: -204974 36179 -78 1573
3: 204974 -43537 52 1573
2: -204974 44551 -52 1573
2: -204974 234377 39 1573
2: -206063 53 -94380 1573
2: -206349 43923 -54 1573
2: -207636 507 -9812 1573
3: 207636 -1521 3157 1573
4: -207636 -3993 1313 1573
1: 207636 11979 -468 1573
2: -208208 1235 -3993 1573
3: 208967 -6655 676 1573
1: 210782 8957 -605 1573
4: -211419 -57 87846 1573
1: 214896 43923 -169 1573
2: -215622 51909 -39 1573
2: -218284 91 -54912 1573
4: -220038 -219615 79 1573
1: 222404 3839 -1331 1573
1: 223608 507 -9713 1573
3: 223608 -51909 39 1573
4: -224334 -43923 169 1573
2: -224939 221 -22572 1573
4: -224939 -221 22682 1573
1: 224939 283 -17358 1573
3: 224939 -283 17248 1573
2: -224939 289 -17248 1573
4: -224939 -289 17358 1573
1: 224939 1331 -3734 1573
2: -224939 1331 -3702 1573
3: 224939 -1331 3624 1573
4: -224939 -1331 3812 1573
1: 224939 3679 -1386 1573
3: 224939 -3679 1276 1573
2: -224939 3757 -1276 1573
4: -224939 -3757 1386 1573
3: 224939 -17303 228 1573
4: -224939 -17303 344 1573
2: -224939 22627 -166 1573
4: -224939 -22627 276 1573
3: 227601 -219 22308 1573
3: 228932 -845 5742 1573
1: 228932 1391 -3575 1573
2: -231594 39 -128128 1573
1: 234256 1859 -2688 1573
2: -234256 1859 -2636 1573
1: 234256 42163 -169 1573
4: -234256 -43021 169 1573
1: 234377 169 -29040 1573
2: -234377 169 -29524 1573
4: -236093 -377 13310 1573
1: 236918 224939 -74 1573
2: -236918 224939 30 1573
3: 237523 -2197 2178 1573
1: 239096 7267 -726 1573
1: 241516 11323 -484 1573
3: 242242 -305 16016 1573
2: -242242 311 -16016 1573
3: 242242 -51545 44 1573
2: -242242 52559 -44 1573
1: 244374 35937 -187 1573
1: 245388 39 -125719 1573
4: -245388 -45 111078 1573
2: -245388 63 -79255 1573
4: -245388 -585 8591 1573
2: -245388 819 -6050 1573
1: 245388 43923 -162 1573
3: 247104 -3549 1331 1573
1: 247566 52689 -143 1573
4: -247566 -53703 143 1573
1: 248897 121 -40560 1573
2: -248897 121 -41236 1573
1: 248897 325 -15132 1573
3: 248897 -20449 190 1573
4: -248897 -20449 294 1573
1: 248897 23309 -260 1573
4: -251559 -39 128128 1573
1: 252317 73205 -116 1573
4: -253253 -14641 390 1573
2: -253968 43923 -65 1573
