Command line:- ../do_t 2401 256000
1: 87 4851 -235298 2401
2: -88 2303 117649 2401
1: 94 7889 -252105 2401
1: 108 2499 -117649 2401
2: -113 19159 235298 2401
1: 121 117649 -235396 2401
2: -121 117649 235200 2401
3: 124 -117649 -235200 2401
4: -124 -117649 235396 2401
4: -132 -19257 235298 2401
2: -132 19551 201684 2401
1: 132 64827 -213689 2401
2: -134 10633 184877 2401
4: -136 -7889 252105 2401
4: -138 -64827 213689 2401
1: 142 215747 -201684 2401
3: 153 -19551 -201684 2401
3: 158 -4753 -235298 2401
2: -166 46991 168070 2401
3: 176 -10633 -184877 2401
2: -186 180075 153664 2401
1: 242 117649 -117747 2401
2: -242 117649 117551 2401
3: 248 -117649 -117551 2401
4: -248 -117649 117747 2401
2: -261 252105 109760 2401
3: 264 -252105 -109760 2401
1: 281 78547 -100842 2401
2: -283 156751 100842 2401
1: 312 151263 -91581 2401
4: -318 -151263 91581 2401
1: 324 23667 -84035 2401
4: -366 -23667 84035 2401
3: 382 -2303 -117649 2401
4: -402 -2499 117649 2401
2: -417 58653 67228 2401
3: 438 -58653 -67228 2401
1: 442 213689 -64827 2401
1: 554 39445 -50421 2401
4: -596 -39445 50421 2401
2: -851 234955 33614 2401
4: -864 -235641 33614 2401
1: 1078 103 235298 2401
2: -1078 191 -235298 2401
3: 1323 -93 -235298 2401
4: -1323 -201 235298 2401
2: -1684 116963 16807 2401
1: 1704 118335 -16807 2401
3: 1726 -116963 -16807 2401
4: -1746 -118335 16807 2401
1: 2156 59 117649 2401
2: -2156 235 -117649 2401
3: 2646 -39 -117649 2401
4: -2646 -255 117649 2401
3: 8918 -31 218491 2401
2: -8918 73 -218491 2401
1: 9947 37 -201684 2401
4: -9947 -79 201684 2401
1: 19894 95 -100842 2401
4: -19894 -137 100842 2401
3: 22687 -41 235298 2401
4: -22932 -57 235298 2401
1: 29841 153 -67228 2401
4: -29841 -195 67228 2401
1: 39788 211 -50421 2401
4: -39788 -253 50421 2401
3: 57967 -317 33614 2401
2: -57967 359 -33614 2401
4: -58996 -73 168070 2401
1: 59682 327 -33614 2401
4: -59682 -369 33614 2401
3: 67228 -53 205457 2401
2: -67228 59 -205457 2401
2: -85113 51 -235298 2401
1: 85358 47 -235298 2401
1: 100842 81 -137543 2401
4: -100842 -87 137543 2401
2: -107702 59 -201684 2401
3: 115934 -655 16807 2401
2: -115934 697 -16807 2401
2: -117306 141 -84035 2401
1: 117649 95 -117894 2401
3: 117649 -95 117404 2401
2: -117649 101 -117404 2401
4: -117649 -101 117894 2401
1: 117649 117649 -340 2401
2: -117649 117649 144 2401
3: 117649 -117649 -150 2401
4: -117649 -117649 346 2401
1: 119364 675 -16807 2401
4: -119364 -717 16807 2401
1: 235298 193 -58947 2401
3: 235298 -193 58702 2401
2: -235298 199 -58702 2401
4: -235298 -199 58947 2401
1: 235298 117649 -219 2401
2: -235298 117649 23 2401
3: 235298 -117649 -26 2401
4: -235298 -117649 222 2401
