Command line:- ../do_t 8281 256000
1: 156 5439 -215306 8281
1: 234 5145 -76895 8281
2: -286 5831 153790 8281
1: 343 4459 83486 8281
2: -343 4459 -145002 8281
1: 343 4901 -14196 8281
1: 343 5831 -171366 8281
1: 343 6409 -246064 8281
2: -343 6773 246064 8281
1: 392 6383 -215306 8281
2: -392 6799 215306 8281
1: 507 7203 -228826 8281
2: -546 7203 175760 8281
1: 588 6591 -164346 8281
2: -663 8967 215306 8281
1: 676 6811 -157339 8281
2: -676 7595 157339 8281
1: 686 4459 26364 8281
2: -686 4459 -87880 8281
1: 686 6227 -123032 8281
2: -686 6955 123032 8281
1: 741 7203 -162578 8281
1: 784 6175 -107653 8281
2: -798 7203 114244 8281
1: 833 7267 -149058 8281
2: -903 13689 231868 8281
2: -1014 7203 85852 8281
1: 1014 9261 -171535 8281
1: 1029 6591 -102830 8281
1: 1029 13377 -219700 8281
1: 1029 15717 -236600 8281
1: 1092 7203 -116441 8281
1: 1106 10309 -173901 8281
2: -1138 16121 199927 8281
2: -1176 6591 50960 8281
2: -1176 18759 207025 8281
1: 1183 2401 252824 8281
1: 1183 28561 -244216 8281
2: -1183 28561 234612 8281
2: -1246 10985 138229 8281
1: 1248 3087 123032 8281
1: 1274 16807 -197730 8281
1: 1274 28561 -227115 8281
2: -1274 28561 217511 8281
1: 1274 84035 -254852 8281
2: -1274 103243 254852 8281
1: 1278 17493 -199927 8281
2: -1323 72501 239512 8281
1: 1339 199927 -250390 8281
2: -1339 199927 249018 8281
1: 1352 199927 -247989 8281
2: -1352 199927 246617 8281
1: 1372 4459 -2197 8281
2: -1372 4459 -59319 8281
1: 1372 5863 -61516 8281
2: -1372 7319 61516 8281
1: 1372 14063 -171366 8281
1: 1372 24167 -204204 8281
1: 1372 57967 -230854 8281
2: -1372 57967 226122 8281
1: 1372 76219 -235417 8281
2: -1372 95147 235417 8281
1: 1372 182819 -243867 8281
1: 1442 31213 -204321 8281
2: -1442 31213 195533 8281
1: 1449 32955 -205114 8281
2: -1482 7203 52728 8281
1: 1508 82271 -215306 8281
2: -1508 105007 215306 8281
2: -1521 5145 -18928 8281
2: -1521 79233 209560 8281
4: -1521 -85683 240100 8281
2: -1533 19773 160524 8281
3: 1568 -28561 -251909 8281
1: 1596 7203 -85683 8281
3: 1612 -28561 -244902 8281
4: -1612 -28561 254506 8281
3: 1638 -85683 -219863 8281
3: 1677 -80997 -215306 8281
4: -1677 -106281 215306 8281
1: 1703 2401 158184 8281
2: -1716 3675 -107653 8281
3: 1736 -28561 -227066 8281
4: -1736 -28561 236670 8281
1: 1764 2535 132496 8281
1: 1764 36015 -171366 8281
1: 1834 2401 142805 8281
4: -1873 -248261 187278 8281
1: 1911 7203 -74698 8281
2: -1911 21609 131820 8281
3: 1911 -79233 -188942 8281
1: 1911 85683 -170618 8281
4: -1911 -108045 188942 8281
3: 1932 -13689 -231868 8281
1: 1967 247303 -171366 8281
1: 1988 24167 -142688 8281
3: 1988 -31213 -195533 8281
4: -1988 -31213 204321 8281
1: 2009 2197 152880 8281
2: -2016 36015 142805 8281
1: 2028 7203 -71487 8281
4: -2028 -21609 214292 8281
3: 2028 -42189 -185731 8281
4: -2028 -58653 185731 8281
1: 2028 85683 -160867 8281
1: 2039 142805 -163268 8281
1: 2058 3087 57122 8281
2: -2058 6591 20202 8281
2: -2058 13377 94471 8281
1: 2058 19773 -131677 8281
1: 2058 40131 -149396 8281
3: 2058 -71487 -176267 8281
2: -2058 85683 155344 8281
4: -2058 -99879 176267 8281
3: 2058 -145089 -171366 8281
2: -2058 173901 161057 8281
4: -2058 -202713 171366 8281
4: -2148 -79233 171366 8281
3: 2152 -16121 -199927 8281
4: -2156 -14365 223587 8281
3: 2184 -21609 -186745 8281
4: -2186 -142805 163268 8281
1: 2197 2197 134456 8281
1: 2197 2401 109772 8281
2: -2197 2401 -224016 8281
1: 2197 3773 13104 8281
1: 2197 5929 -48412 8281
2: -2197 8477 48412 8281
1: 2197 15379 -114562 8281
2: -2197 15379 96726 8281
3: 2197 -15379 -197568 8281
4: -2197 -15379 215404 8281
1: 2197 24167 -129654 8281
3: 2197 -24167 -182476 8281
1: 2197 26411 -131898 8281
3: 2197 -26411 -180232 8281
1: 2197 41503 -140686 8281
3: 2197 -41503 -171444 8281
2: -2197 59339 140686 8281
4: -2197 -59339 171444 8281
1: 2197 107653 -150136 8281
2: -2197 107653 147588 8281
3: 2197 -107653 -161994 8281
4: -2197 -107653 164542 8281
1: 2197 169169 -152292 8281
3: 2197 -169169 -159838 8281
4: -2292 -17493 199927 8281
3: 2314 -106673 -153790 8281
1: 2352 6591 -56693 8281
1: 2359 50531 -133770 8281
1: 2366 2401 97851 8281
2: -2366 2401 -212095 8281
2: -2366 12005 73515 8281
4: -2366 -12005 216320 8281
1: 2366 28561 -124509 8281
2: -2366 28561 114905 8281
3: 2366 -28561 -165326 8281
4: -2366 -28561 174930 8281
1: 2366 40817 -130637 8281
3: 2366 -40817 -159198 8281
2: -2366 60025 130637 8281
4: -2366 -60025 159198 8281
2: -2366 142805 138915 8281
4: -2366 -142805 150920 8281
3: 2373 -21609 -171366 8281
1: 2388 85683 -136857 8281
1: 2401 2197 117728 8281
2: -2401 2197 -242580 8281
2: -2401 2695 -171366 8281
1: 2401 2863 57122 8281
2: -2401 4235 -57122 8281
2: -2401 5005 -26364 8281
1: 2401 5317 -35152 8281
3: 2401 -5317 -250458 8281
2: -2401 5915 -338 8281
2: -2401 7007 21970 8281
2: -2401 7865 35152 8281
4: -2401 -7865 250458 8281
1: 2401 8281 -73684 8281
2: -2401 8281 40560 8281
3: 2401 -8281 -211926 8281
4: -2401 -8281 245050 8281
2: -2401 9295 51714 8281
4: -2401 -9295 233896 8281
2: -2401 10985 65728 8281
4: -2401 -10985 219882 8281
2: -2401 11011 65910 8281
4: -2401 -11011 219700 8281
2: -2401 13013 77740 8281
4: -2401 -13013 207870 8281
1: 2401 15379 -105586 8281
2: -2401 15379 87750 8281
3: 2401 -15379 -180024 8281
4: -2401 -15379 197860 8281
1: 2401 20041 -114244 8281
3: 2401 -20041 -171366 8281
2: -2401 20449 101400 8281
4: -2401 -20449 184210 8281
2: -2401 24167 107770 8281
4: -2401 -24167 177840 8281
1: 2401 28561 -122764 8281
2: -2401 28561 113160 8281
3: 2401 -28561 -162846 8281
4: -2401 -28561 172450 8281
2: -2401 29645 114244 8281
4: -2401 -29645 171366 8281
2: -2401 35035 118638 8281
4: -2401 -35035 166972 8281
1: 2401 37219 -127426 8281
3: 2401 -37219 -158184 8281
2: -2401 41405 122356 8281
2: -2401 55055 127426 8281
4: -2401 -55055 158184 8281
2: -2401 65065 129792 8281
4: -2401 -65065 155818 8281
1: 2401 69121 -134524 8281
3: 2401 -69121 -151086 8281
2: -2401 76895 131794 8281
4: -2401 -76895 153816 8281
2: -2401 77077 131820 8281
2: -2401 91091 133510 8281
4: -2401 -91091 152100 8281
2: -2401 102245 134524 8281
4: -2401 -102245 151086 8281
1: 2401 107653 -137488 8281
2: -2401 107653 134940 8281
3: 2401 -107653 -148122 8281
4: -2401 -107653 150670 8281
2: -2401 120835 135798 8281
4: -2401 -120835 149812 8281
2: -2401 142805 136876 8281
4: -2401 -142805 148734 8281
2: -2401 143143 136890 8281
4: -2401 -143143 148720 8281
2: -2401 169169 137800 8281
4: -2401 -169169 147810 8281
1: 2401 199927 -139942 8281
2: -2401 199927 138570 8281
3: 2401 -199927 -145668 8281
4: -2401 -199927 147040 8281
2: -2436 93639 131820 8281
1: 2443 28561 -120736 8281
2: -2443 28561 111132 8281
4: -2457 -7203 254852 8281
4: -2522 -10241 215306 8281
3: 2548 -28561 -153174 8281
4: -2548 -28561 162778 8281
1: 2548 74431 -127426 8281
2: -2548 112847 127426 8281
1: 2561 12691 -92274 8281
3: 2562 -19773 -160524 8281
1: 2574 36015 -118638 8281
3: 2646 -9633 -182182 8281
1: 2678 199927 -125538 8281
2: -2678 199927 124166 8281
4: -2682 -85683 136857 8281
1: 2689 186745 -124852 8281
3: 2704 -7889 -189280 8281
3: 2704 -28561 -144060 8281
4: -2704 -28561 153664 8281
3: 2709 -93639 -131820 8281
1: 2744 5135 -30758 8281
2: -2744 8047 30758 8281
3: 2744 -10985 -168987 8281
1: 2744 13351 -88725 8281
1: 2744 22295 -103259 8281
3: 2744 -27097 -142805 8281
3: 2744 -28561 -141890 8281
4: -2744 -28561 151494 8281
1: 2744 57967 -116610 8281
2: -2744 57967 111878 8281
3: 2793 -5109 -215306 8281
1: 2793 7203 -57122 8281
4: -2793 -8073 215306 8281
1: 2809 60025 -114244 8281
3: 2821 -28561 -137886 8281
4: -2821 -28561 147490 8281
4: -2836 -186745 124852 8281
4: -2891 -10985 184730 8281
3: 2912 -28561 -133427 8281
4: -2912 -28561 143031 8281
1: 2964 7203 -54925 8281
1: 3016 70903 -107653 8281
2: -3016 116375 107653 8281
4: -3017 -24167 142688 8281
3: 3029 -4165 -215306 8281
4: -3031 -12005 171366 8281
3: 3038 -28561 -127694 8281
4: -3038 -28561 137298 8281
3: 3042 -5439 -190463 8281
4: -3042 -8967 190463 8281
3: 3042 -85683 -117649 8281
3: 3087 -6591 -173992 8281
4: -3087 -13377 162578 8281
4: -3087 -85683 119112 8281
3: 3087 -130683 -114244 8281
4: -3087 -217119 114244 8281
4: -3164 -10309 173901 8281
1: 3211 5341 -33124 8281
2: -3211 9065 33124 8281
3: 3224 -28561 -120050 8281
4: -3224 -28561 129654 8281
3: 3234 -32955 -117845 8281
3: 3304 -10985 -138229 8281
4: -3316 -60025 114244 8281
3: 3354 -68355 -107653 8281
4: -3354 -118923 107653 8281
1: 3406 2401 50531 8281
2: -3406 2401 -164775 8281
3: 3472 -28561 -111132 8281
4: -3472 -28561 120736 8281
2: -3479 24167 72618 8281
3: 3479 -31213 -109850 8281
4: -3479 -31213 118638 8281
1: 3549 7203 -49010 8281
3: 3549 -36015 -106132 8281
4: -3549 -64827 106132 8281
1: 3549 85683 -92610 8281
1: 3558 125229 -93639 8281
1: 3658 40817 -85683 8281
1: 3718 247303 -90922 8281
1: 3757 10633 -61516 8281
2: -3822 7203 8788 8281
3: 3822 -64827 -94471 8281
2: -3822 85683 82908 8281
4: -3822 -122451 94471 8281
4: -3852 -125229 93639 8281
2: -3874 7889 15379 8281
3: 3887 -4949 -149058 8281
4: -3887 -9457 149058 8281
2: -3978 208887 83486 8281
1: 4018 2197 45227 8281
2: -4018 2197 -170079 8281
1: 4056 3087 7098 8281
4: -4056 -5145 192829 8281
2: -4116 1755 -230685 8281
1: 4116 6591 -41314 8281
4: -4116 -9261 142805 8281
2: -4116 22815 59150 8281
1: 4116 85683 -80073 8281
3: 4116 -116277 -85683 8281
4: -4116 -120393 87880 8281
4: -4116 -231525 85683 8281
2: -4151 156065 79092 8281
1: 4179 85683 -78890 8281
4: -4251 -46305 92274 8281
2: -4263 93639 74698 8281
3: 4277 -2401 -188942 8281
2: -4316 1715 -230685 8281
3: 4347 -7203 -114244 8281
2: -4361 10985 30576 8281
1: 4394 931 191100 8281
1: 4394 1715 68068 8281
3: 4394 -1715 -224133 8281
1: 4394 2197 36015 8281
2: -4394 2197 -160867 8281
3: 4394 -2197 -192080 8281
1: 4394 2401 26325 8281
2: -4394 2401 -140569 8281
3: 4394 -2401 -182390 8281
1: 4394 4655 -24206 8281
3: 4394 -4655 -131859 8281
1: 4394 6517 -39585 8281
3: 4394 -6517 -116480 8281
2: -4394 9751 24206 8281
4: -4394 -9751 131859 8281
1: 4394 10985 -55223 8281
3: 4394 -10985 -100842 8281
1: 4394 12005 -57161 8281
3: 4394 -12005 -98904 8281
1: 4394 15379 -61740 8281
2: -4394 15379 43904 8281
3: 4394 -15379 -94325 8281
4: -4394 -15379 112161 8281
1: 4394 32585 -70343 8281
3: 4394 -32585 -85722 8281
1: 4394 41743 -72030 8281
3: 4394 -41743 -84035 8281
1: 4394 45619 -72540 8281
3: 4394 -45619 -83525 8281
2: -4394 68257 70343 8281
4: -4394 -68257 85722 8281
1: 4394 76895 -74774 8281
3: 4394 -76895 -81291 8281
1: 4394 107653 -75705 8281
2: -4394 107653 73157 8281
3: 4394 -107653 -80360 8281
4: -4394 -107653 82908 8281
1: 4394 208715 -76832 8281
3: 4394 -208715 -79233 8281
1: 4394 228095 -76934 8281
3: 4394 -228095 -79131 8281
2: -4396 26195 57967 8281
3: 4424 -156065 -79092 8281
1: 4459 1715 65910 8281
3: 4459 -1715 -219700 8281
1: 4459 8575 -48334 8281
3: 4459 -8575 -105456 8281
2: -4459 18179 48334 8281
4: -4459 -18179 105456 8281
1: 4459 28561 -68320 8281
2: -4459 28561 58716 8281
3: 4459 -28561 -85470 8281
4: -4459 -28561 95074 8281
1: 4459 142805 -75180 8281
3: 4459 -142805 -78610 8281
1: 4537 28561 -67228 8281
2: -4537 28561 57624 8281
4: -4563 -7203 146016 8281
3: 4606 -2401 -171366 8281
4: -4641 -36015 87880 8281
4: -4672 -40817 85683 8281
3: 4704 -98865 -75166 8281
3: 4732 -2401 -165282 8281
4: -4732 -28561 89866 8281
4: -4732 -69629 79599 8281
1: 4784 8575 -46137 8281
1: 4802 1183 112554 8281
3: 4802 -1183 -255359 8281
2: -4802 1729 -213109 8281
1: 4802 2177 28561 8281
3: 4802 -2177 -171366 8281
1: 4802 2197 27651 8281
2: -4802 2197 -152503 8281
3: 4802 -2197 -170456 8281
2: -4802 3211 -81796 8281
4: -4802 -3211 224601 8281
2: -4802 3367 -74698 8281
4: -4802 -3367 217503 8281
1: 4802 4043 -17576 8281
3: 4802 -4043 -125229 8281
2: -4802 4921 -28561 8281
4: -4802 -4921 171366 8281
2: -4802 6253 -7267 8281
4: -4802 -6253 150072 8281
1: 4802 8281 -45123 8281
2: -4802 8281 11999 8281
3: 4802 -8281 -97682 8281
4: -4802 -8281 130806 8281
2: -4802 9139 17576 8281
4: -4802 -9139 125229 8281
4: -4802 -12103 112047 8281
1: 4802 15239 -57122 8281
3: 4802 -15239 -85683 8281
1: 4802 15379 -57252 8281
2: -4802 15379 39416 8281
3: 4802 -15379 -85553 8281
4: -4802 -15379 103389 8281
2: -4802 22477 49517 8281
4: -4802 -22477 93288 8281
2: -4802 23569 50531 8281
1: 4802 28301 -63713 8281
3: 4802 -28301 -79092 8281
1: 4802 28561 -63783 8281
2: -4802 28561 54179 8281
3: 4802 -28561 -79022 8281
4: -4802 -28561 88626 8281
2: -4802 34447 57122 8281
4: -4802 -34447 85683 8281
2: -4802 41743 59618 8281
4: -4802 -41743 83187 8281
2: -4802 43771 60164 8281
4: -4802 -43771 82641 8281
1: 4802 52559 -67262 8281
3: 4802 -52559 -75543 8281
2: -4802 63973 63713 8281
4: -4802 -63973 79092 8281
2: -4802 81289 65351 8281
4: -4802 -81289 77454 8281
1: 4802 107653 -69381 8281
2: -4802 107653 66833 8281
3: 4802 -107653 -73424 8281
4: -4802 -107653 75972 8281
2: -4802 118807 67262 8281
4: -4802 -118807 75543 8281
2: -4802 157339 68276 8281
1: 4802 198107 -70304 8281
3: 4802 -198107 -72501 8281
1: 4802 199927 -70314 8281
2: -4802 199927 68942 8281
3: 4802 -199927 -72491 8281
4: -4802 -199927 73863 8281
2: -4851 36015 57122 8281
1: 4872 93639 -68107 8281
1: 4886 28561 -62769 8281
2: -4886 28561 53165 8281
3: 4888 -2401 -158184 8281
2: -4901 14063 35490 8281
3: 4914 -7203 -98865 8281
2: -5026 12005 28561 8281
2: -5047 31213 52728 8281
3: 5096 -2401 -149396 8281
3: 5096 -28561 -74186 8281
4: -5096 -28561 83790 8281
1: 5096 55223 -63713 8281
2: -5096 132055 63713 8281
1: 5187 7203 -39546 8281
3: 5194 -2197 -152880 8281
3: 5239 -1715 -175084 8281
3: 5239 -28561 -72030 8281
4: -5239 -28561 81634 8281
1: 5239 40817 -60840 8281
3: 5264 -2401 -142805 8281
4: -5341 -24505 82810 8281
3: 5343 -3087 -123032 8281
1: 5356 199927 -63112 8281
2: -5356 199927 61740 8281
2: -5369 40817 52728 8281
1: 5376 30927 -57967 8281
3: 5408 -28561 -69629 8281
4: -5408 -28561 79233 8281
4: -5418 -93639 68107 8281
3: 5439 -2535 -132496 8281
1: 5488 3679 -15379 8281
2: -5488 9503 15379 8281
3: 5488 -28561 -68544 8281
4: -5488 -28561 78148 8281
1: 5488 57967 -59488 8281
2: -5488 57967 54756 8281
1: 5544 36015 -57122 8281
3: 5586 -3627 -107653 8281
2: -5628 59319 53508 8281
3: 5629 -12005 -74698 8281
3: 5629 -199927 -61740 8281
4: -5629 -199927 63112 8281
3: 5642 -28561 -66542 8281
4: -5642 -28561 76146 8281
4: -5733 -85683 64876 8281
2: -5831 22295 39546 8281
1: 5831 92267 -57122 8281
2: -5831 255535 57122 8281
1: 5937 237699 -57122 8281
2: -6006 194481 54925 8281
3: 6068 -232897 -57122 8281
3: 6076 -28561 -61446 8281
4: -6076 -28561 71050 8281
3: 6084 -1029 -195195 8281
1: 6084 36015 -52390 8281
1: 6174 663 153790 8281
1: 6174 5145 -28561 8281
4: -6174 -6591 118209 8281
2: -6174 11661 20111 8281
3: 6174 -13377 -65910 8281
1: 6174 32955 -51324 8281
3: 6174 -85683 -57155 8281
3: 6174 -87465 -57122 8281
2: -6174 147147 52728 8281
1: 6174 227409 -54925 8281
2: -6419 2401 -114244 8281
1: 6422 3479 -16562 8281
2: -6422 10927 16562 8281
3: 6448 -28561 -57624 8281
4: -6448 -28561 67228 8281
3: 6454 -26195 -57967 8281
2: -6474 58653 46137 8281
3: 6517 -3133 -92274 8281
4: -6517 -10049 92274 8281
3: 6517 -57967 -54756 8281
4: -6517 -57967 59488 8281
1: 6591 1029 65884 8281
2: -6591 2205 -127400 8281
4: -6591 -3087 180180 8281
3: 6591 -3381 -87906 8281
1: 6591 6591 -33614 8281
1: 6591 7203 -35178 8281
4: -6591 -11025 87906 8281
2: -6591 15435 26390 8281
4: -6591 -19773 72030 8281
4: -6591 -21609 70330 8281
3: 6591 -23667 -57148 8281
1: 6591 46137 -49392 8281
4: -6591 -77175 57148 8281
2: -6591 98865 48020 8281
2: -6591 108045 48360 8281
4: -6591 -138411 54880 8281
3: 6591 -151593 -52822 8281
3: 6591 -165669 -52754 8281
3: 6657 -59319 -53508 8281
2: -6664 41743 42042 8281
4: -6721 -228095 52728 8281
2: -6812 92267 46137 8281
3: 6944 -28561 -53165 8281
4: -6944 -28561 62769 8281
3: 6958 -31213 -52728 8281
2: -7098 7203 -4056 8281
3: 7098 -21609 -53066 8281
4: -7098 -79233 53066 8281
2: -7098 85683 43904 8281
4: -7154 -40817 57122 8281
1: 7203 507 148382 8281
3: 7203 -1491 -114244 8281
2: -7203 1521 -198068 8281
1: 7203 1911 4394 8281
3: 7203 -2769 -83486 8281
1: 7203 3549 -19604 8281
4: -7203 -5607 114244 8281
2: -7203 5733 -17576 8281
1: 7203 6591 -32526 8281
4: -7203 -10413 83486 8281
3: 7203 -10437 -57122 8281
2: -7203 10647 12506 8281
3: 7203 -19383 -52728 8281
2: -7203 19773 28704 8281
1: 7203 24843 -43602 8281
3: 7203 -35997 -50362 8281
4: -7203 -39249 57122 8281
1: 7203 46137 -45448 8281
4: -7203 -72891 52728 8281
1: 7203 85683 -46442 8281
4: -7203 -135369 50362 8281
3: 7203 -135681 -48334 8281
2: -7203 138411 44902 8281
3: 7203 -251979 -47996 8281
3: 7301 -35321 -49686 8281
4: -7434 -30927 57967 8281
1: 7436 141659 -45461 8281
1: 7644 7203 -32955 8281
1: 7644 85683 -43855 8281
4: -7651 -142805 47334 8281
1: 7761 85683 -43218 8281
3: 7774 -2695 -74529 8281
4: -7774 -11711 74529 8281
3: 7889 -164983 -43940 8281
3: 7943 -2401 -75374 8281
4: -7943 -2401 189618 8281
2: -8021 29155 30758 8281
3: 8073 -7203 -52728 8281
3: 8086 -1127 -107653 8281
3: 8099 -45619 -43940 8281
4: -8106 -151593 44590 8281
3: 8232 -1521 -87542 8281
2: -8232 6591 -10556 8281
1: 8281 2401 -12844 8281
2: -8281 2401 -101400 8281
3: 8281 -2401 -69966 8281
4: -8281 -2401 184210 8281
2: -8281 12005 12844 8281
4: -8281 -12005 69966 8281
1: 8281 28561 -39004 8281
2: -8281 28561 29400 8281
3: 8281 -28561 -43806 8281
4: -8281 -28561 53410 8281
2: -8281 142805 39004 8281
4: -8281 -142805 43806 8281
2: -8358 85683 37044 8281
3: 8379 -6591 -50960 8281
1: 8526 93639 -39546 8281
3: 8554 -2401 -65910 8281
4: -8554 -2401 180154 8281
3: 8619 -315 -231868 8281
4: -8619 -1743 231868 8281
4: -8694 -7203 85683 8281
3: 8736 -194481 -39546 8281
3: 8788 -301 -227409 8281
1: 8788 343 126308 8281
4: -8788 -1757 227409 8281
1: 8788 2107 -12103 8281
3: 8788 -2197 -64827 8281
4: -8788 -2197 189679 8281
3: 8788 -2401 -62634 8281
4: -8788 -2401 176878 8281
2: -8788 12299 12103 8281
3: 8788 -14749 -42861 8281
1: 8788 15379 -35329 8281
2: -8788 15379 17493 8281
4: -8788 -86093 42861 8281
1: 8788 94471 -38416 8281
1: 8788 103243 -38467 8281
3: 8788 -107653 -39543 8281
4: -8788 -107653 42091 8281
4: -8866 -1715 230685 8281
1: 8918 343 118638 8281
3: 8918 -343 -195533 8281
1: 8918 3773 -24167 8281
3: 8918 -3773 -52728 8281
2: -8918 22981 24167 8281
4: -8918 -22981 52728 8281
1: 8918 28561 -36561 8281
2: -8918 28561 26957 8281
3: 8918 -28561 -40334 8281
4: -8918 -28561 49938 8281
4: -8967 -19773 54782 8281
1: 9074 28561 -36015 8281
2: -9074 28561 26411 8281
3: 9126 -7203 -44447 8281
3: 9212 -2401 -57122 8281
4: -9212 -2401 171366 8281
4: -9261 -173901 38870 8281
1: 9334 12005 -32955 8281
3: 9387 -85683 -37044 8281
3: 9464 -2401 -54080 8281
4: -9464 -2401 168324 8281
3: 9464 -28561 -37730 8281
4: -9464 -28561 47334 8281
1: 9604 299 98865 8281
1: 9604 455 52728 8281
3: 9604 -637 -98865 8281
3: 9604 -805 -85683 8281
3: 9604 -845 -83317 8281
1: 9604 1183 -1690 8281
2: -9604 1183 -230178 8281
1: 9604 1495 -8788 8281
2: -9604 1519 -171366 8281
3: 9604 -2093 -54925 8281
3: 9604 -2197 -54015 8281
4: -9604 -2197 178867 8281
2: -9604 2639 -83486 8281
4: -9604 -2821 147199 8281
3: 9604 -3185 -48334 8281
1: 9604 3887 -25350 8281
4: -9604 -4901 99879 8281
2: -9604 5239 -24336 8281
1: 9604 5635 -28561 8281
1: 9604 5915 -28899 8281
4: -9604 -6293 85683 8281
3: 9604 -8281 -40560 8281
4: -9604 -8281 73684 8281
3: 9604 -10465 -39546 8281
3: 9604 -10985 -39364 8281
2: -9604 11687 8788 8281
1: 9604 14651 -32955 8281
1: 9604 15379 -33085 8281
2: -9604 15379 15249 8281
4: -9604 -18473 52728 8281
1: 9604 19435 -33631 8281
2: -9604 19747 19773 8281
3: 9604 -27209 -37180 8281
3: 9604 -28561 -37110 8281
4: -9604 -28561 46714 8281
2: -9604 34307 26533 8281
4: -9604 -36673 44278 8281
2: -9604 44051 28561 8281
1: 9604 50531 -34905 8281
4: -9604 -63713 40638 8281
2: -9604 68107 31083 8281
1: 9604 73255 -35152 8281
1: 9604 76895 -35178 8281
4: -9604 -81809 39546 8281
3: 9604 -107653 -36075 8281
4: -9604 -107653 38623 8281
3: 9604 -136045 -35997 8281
3: 9604 -142805 -35983 8281
2: -9604 151931 33631 8281
1: 9604 199927 -35500 8281
2: -9604 199927 34128 8281
4: -9604 -240149 37011 8281
1: 9604 252655 -35542 8281
1: 9633 7203 -30082 8281
4: -9702 -21801 49686 8281
1: 9751 18421 -33124 8281
2: -9751 152945 33124 8281
3: 9776 -2401 -50531 8281
4: -9776 -2401 164775 8281
3: 9828 -136857 -35152 8281
1: 9971 343 63882 8281
1: 10094 31213 -32955 8281
2: -10094 31213 24167 8281
4: -10192 -2401 160381 8281
3: 10192 -28561 -34692 8281
4: -10192 -28561 44296 8281
4: -10348 -10633 61516 8281
2: -10374 7203 -8788 8281
3: 10388 -2197 -45227 8281
4: -10388 -2197 170079 8281
3: 10478 -28561 -33614 8281
4: -10478 -28561 43218 8281
3: 10633 -28561 -33054 8281
4: -10633 -28561 42658 8281
1: 10712 199927 -31899 8281
2: -10712 199927 30527 8281
4: -10816 -18865 47320 8281
3: 10976 -28561 -31871 8281
4: -10976 -28561 41475 8281
1: 10976 57967 -30927 8281
2: -10976 57967 26195 8281
2: -11008 112847 28561 8281
2: -11037 21609 17576 8281
1: 11063 71687 -30758 8281
1: 11172 7203 -28561 8281
3: 11232 -62769 -30758 8281
3: 11258 -199927 -30527 8281
4: -11258 -199927 31899 8281
3: 11284 -28561 -30870 8281
4: -11284 -28561 40474 8281
2: -11319 13377 8788 8281
2: -11323 1967 -115934 8281
2: -11466 36015 21970 8281
3: 11466 -85683 -30037 8281
3: 11492 -77 -173901 8281
4: -11492 -1981 173901 8281
3: 11564 -10985 -30576 8281
1: 11613 39 215306 8281
3: 11661 -441 -49686 8281
4: -11661 -13965 49686 8281
1: 11662 10633 -28561 8281
1: 11886 21609 -28561 8281
1: 11921 2401 -26364 8281
2: -11921 2401 -87880 8281
1: 11956 45619 -28561 8281
1: 11988 122451 -28561 8281
3: 12022 -112847 -28561 8281
3: 12054 -36015 -28561 8281
3: 12124 -12005 -28561 8281
3: 12152 -28561 -28322 8281
4: -12152 -28561 37926 8281
3: 12348 -1029 -28561 8281
4: -12348 -13377 48334 8281
4: -12446 -63713 31850 8281
3: 12691 -4459 -26364 8281
4: -12691 -4459 87880 8281
4: -12691 -90077 30030 8281
1: 12824 252655 -26754 8281
1: 12838 2401 -28561 8281
2: -12838 2401 -85683 8281
3: 12844 -245 -8281 8281
3: 12896 -28561 -26411 8281
4: -12896 -28561 36015 8281
4: -13002 -122451 28561 8281
3: 13034 -169 11830 8281
1: 13034 325 -46137 8281
4: -13034 -13507 46137 8281
3: 13034 -57967 -26195 8281
4: -13034 -57967 30927 8281
1: 13034 111475 -26364 8281
2: -13076 68107 22295 8281
1: 13104 36015 -26364 8281
1: 13182 63 -151606 8281
1: 13182 441 -43953 8281
2: -13182 1029 -232869 8281
4: -13182 -2121 151606 8281
1: 13182 3087 -28574 8281
2: -13182 6591 -14406 8281
2: -13182 7203 -10972 8281
4: -13182 -14847 43953 8281
1: 13182 19773 -26411 8281
1: 13182 21609 -26377 8281
2: -13182 46137 20237 8281
4: -13182 -103929 28574 8281
1: 13182 138411 -26068 8281
1: 13377 1029 -35152 8281
4: -13377 -27783 35152 8281
1: 13377 85683 -25746 8281
4: -13416 -5145 76895 8281
3: 13916 -31213 -24167 8281
4: -13916 -31213 32955 8281
1: 14063 2197 -31668 8281
2: -14063 2197 -93184 8281
4: -14063 -7889 57122 8281
1: 14196 7203 -26533 8281
1: 14196 85683 -24353 8281
4: -14196 -108045 26533 8281
3: 14209 -142805 -24010 8281
4: -14274 -38073 30758 8281
1: 14406 567 -57122 8281
1: 14406 1053 -41743 8281
4: -14406 -1365 210912 8281
2: -14406 1533 -142805 8281
2: -14406 1911 -109850 8281
4: -14406 -2535 124553 8281
2: -14406 2847 -65910 8281
2: -14406 3549 -48165 8281
1: 14406 3969 -28561 8281
2: -14406 6591 -14950 8281
1: 14406 7371 -26364 8281
4: -14406 -7665 57122 8281
4: -14406 -9555 50531 8281
1: 14406 13689 -25181 8281
4: -14406 -14235 41743 8281
4: -14406 -17745 38194 8281
2: -14406 19929 10985 8281
2: -14406 24843 13520 8281
4: -14406 -32955 31551 8281
2: -14406 37011 16900 8281
2: -14406 46137 18265 8281
1: 14406 51597 -24167 8281
4: -14406 -53655 28561 8281
2: -14406 85683 20820 8281
1: 14406 95823 -23998 8281
4: -14406 -99645 26364 8281
4: -14406 -124215 25857 8281
2: -14406 139503 21970 8281
1: 14406 177957 -23907 8281
4: -14406 -185055 25181 8281
4: -14406 -230685 24908 8281
1: 14602 15041 -24843 8281
4: -14602 -186407 24843 8281
3: 14749 -845 2366 8281
4: -14798 -1313 215306 8281
2: -14872 5831 -20111 8281
3: 15092 -109 199927 8281
2: -15092 1123 -199927 8281
3: 15134 -68107 -22295 8281
3: 15184 -40817 -21970 8281
3: 15337 -37349 -21658 8281
1: 15379 2197 -34300 8281
2: -15379 2197 -90552 8281
3: 15379 -2197 -10290 8281
4: -15379 -2197 135142 8281
1: 15379 2401 -33280 8281
2: -15379 2401 -80964 8281
3: 15379 -2401 -11310 8281
4: -15379 -2401 125554 8281
1: 15379 10985 -24696 8281
3: 15379 -10985 -19894 8281
1: 15379 12005 -24492 8281
3: 15379 -12005 -20098 8281
2: -15379 103259 19894 8281
4: -15379 -103259 24696 8281
2: -15379 112847 20098 8281
4: -15379 -112847 24492 8281
3: 15484 -156065 -21970 8281
2: -15522 85683 19208 8281
3: 15886 -2401 -9126 8281
4: -15886 -2401 123370 8281
4: -16146 -7203 54925 8281
2: -16464 3087 -57122 8281
1: 16464 6591 -25935 8281
4: -16536 -194481 21970 8281
1: 16562 2401 -34983 8281
3: 16562 -2401 -6422 8281
2: -16562 16807 6422 8281
4: -16562 -16807 34983 8281
1: 16562 28561 -21903 8281
2: -16562 28561 12299 8281
3: 16562 -28561 -19502 8281
4: -16562 -28561 29106 8281
1: 16716 85683 -20923 8281
2: -16731 36015 13858 8281
4: -16758 -6591 56693 8281
4: -16954 -18421 33124 8281
2: -17052 93639 17576 8281
3: 17056 -7889 -15379 8281
1: 17101 28561 -21364 8281
2: -17101 28561 11760 8281
3: 17108 -2401 -4394 8281
4: -17108 -2401 118638 8281
4: -17199 -7203 52728 8281
1: 17238 399 -115934 8281
1: 17407 199927 -19894 8281
2: -17407 199927 18522 8281
3: 17433 -85683 -19208 8281
2: -17493 18759 7098 8281
2: -17493 173901 18252 8281
1: 17576 343 -136773 8281
3: 17576 -2401 -2756 8281
4: -17576 -2401 117000 8281
2: -17576 3479 -47775 8281
4: -17576 -10985 40817 8281
4: -17576 -24353 29120 8281
2: -17576 76895 16464 8281
3: 17576 -134017 -19208 8281
2: -17576 170471 18135 8281
3: 17628 -21609 -17576 8281
1: 17836 343 -140608 8281
2: -17836 1715 -116441 8281
1: 17836 5831 -26364 8281
4: -17836 -6517 54925 8281
3: 17836 -28561 -17766 8281
4: -17836 -28561 27370 8281
4: -17836 -32585 26364 8281
4: -17836 -142805 20853 8281
2: -17913 177957 17836 8281
4: -17966 -8575 46137 8281
3: 18179 -2197 910 8281
4: -18179 -2197 123942 8281
4: -18421 -3577 82810 8281
4: -18424 -2401 114244 8281
3: 18473 -45619 -17576 8281
2: -18473 232897 17576 8281
1: 18522 249 -199927 8281
4: -18522 -1263 199927 8281
3: 18522 -173901 -18252 8281
4: -18774 -85683 20923 8281
2: -18816 975 -215306 8281
3: 18928 -2401 1521 8281
4: -18928 -2401 112723 8281
3: 18928 -28561 -16464 8281
4: -18928 -28561 26068 8281
3: 18942 -177957 -17836 8281
3: 18963 -93639 -17576 8281
4: -18984 -21609 28561 8281
1: 19208 1183 -58812 8281
2: -19208 1183 -173056 8281
3: 19208 -3601 -4394 8281
3: 19208 -8281 -11999 8281
4: -19208 -8281 45123 8281
2: -19208 16783 4394 8281
1: 19208 25207 -19773 8281
3: 19208 -28561 -16154 8281
4: -19208 -28561 25758 8281
4: -19208 -117481 19773 8281
3: 19208 -176449 -17576 8281
1: 19208 199927 -18093 8281
2: -19208 199927 16721 8281
2: -19266 7203 -13520 8281
3: 19502 -48841 -16562 8281
2: -19502 220207 16562 8281
1: 19551 3783 -30758 8281
4: -19551 -16965 30758 8281
3: 19747 -28561 -15582 8281
4: -19747 -28561 25186 8281
3: 19773 -1029 32214 8281
1: 19773 4263 -29302 8281
3: 19773 -6591 -9604 8281
4: -19773 -18669 29302 8281
1: 19942 343 -167986 8281
1: 20237 343 -171366 8281
2: -20286 32955 10192 8281
3: 20384 -28561 -14945 8281
4: -20384 -28561 24549 8281
1: 20748 7203 -24167 8281
3: 20956 -28561 -14406 8281
4: -20956 -28561 24010 8281
2: -20956 189679 15210 8281
4: -21266 -1715 142805 8281
4: -21266 -3575 76895 8281
3: 21266 -28561 -14126 8281
4: -21266 -28561 23730 8281
3: 21294 -85683 -15435 8281
3: 21609 -273 197730 8281
1: 21609 375 -171366 8281
3: 21609 -975 43940 8281
4: -21609 -1389 171366 8281
1: 21609 2535 -38870 8281
4: -21609 -3549 76726 8281
3: 21609 -6591 -7020 8281
1: 21609 9555 -21970 8281
3: 21609 -24843 -13520 8281
1: 21609 34125 -17576 8281
4: -21609 -85683 18388 8281
3: 21609 -88725 -15210 8281
4: -21609 -126399 17576 8281
1: 21609 230685 -16120 8281
1: 21903 65403 -16562 8281
4: -21903 -236769 16562 8281
1: 22001 299 -215306 8281
1: 22139 2401 -40560 8281
2: -22139 2401 -73684 8281
4: -22516 -12005 32955 8281
3: 22568 -28561 -13034 8281
4: -22568 -28561 22638 8281
1: 22638 507 -137228 8281
1: 22638 13377 -19773 8281
3: 22646 -847 57967 8281
2: -22646 2905 -57967 8281
1: 23322 6321 -24843 8281
4: -23322 -20727 24843 8281
1: 23324 22295 -17576 8281
1: 23842 2401 -41743 8281
2: -23842 2401 -72501 8281
1: 24167 15379 -18522 8281
2: -24167 15379 686 8281
3: 24304 -28561 -11760 8281
4: -24304 -28561 21364 8281
3: 24598 -11999 -8281 8281
2: -24696 2535 -67431 8281
3: 24696 -13377 -8788 8281
1: 24843 7203 -23322 8281
4: -24843 -21609 23322 8281
1: 24843 85683 -14602 8281
3: 25382 -4459 2197 8281
4: -25382 -4459 59319 8281
4: -25857 -1029 210574 8281
1: 26364 1155 -75803 8281
2: -26364 1323 -139503 8281
3: 26364 -1617 31850 8281
4: -26364 -3213 75803 8281
3: 26364 -5145 1092 8281
1: 26364 6591 -24010 8281
1: 26364 7203 -23075 8281
1: 26364 56595 -14287 8281
2: -26364 59319 9604 8281
2: -26364 64827 9893 8281
3: 26364 -72501 -12005 8281
3: 26364 -79233 -12090 8281
4: -26364 -157437 14287 8281
3: 26364 -230685 -12691 8281
3: 26411 -571 114244 8281
3: 26411 -637 101062 8281
2: -26411 1585 -114244 8281
1: 26411 15379 -17706 8281
2: -26411 15379 -130 8281
2: -26411 41405 8112 8281
1: 26533 57281 -14196 8281
4: -26533 -158123 14196 8281
1: 26726 134017 -13377 8281
2: -26754 1029 -182351 8281
3: 26754 -3087 10985 8281
1: 26754 15435 -17576 8281
4: -26754 -42189 17576 8281
2: -26754 85683 10472 8281
1: 27391 112847 -13182 8281
3: 27489 -32955 -10192 8281
1: 27534 25725 -15379 8281
3: 27783 -507 137228 8281
1: 28054 1715 -56784 8281
1: 28126 2197 -47047 8281
2: -28126 2197 -77805 8281
1: 28469 1715 -57122 8281
2: -28546 142805 10633 8281
1: 28561 343 -237958 8281
3: 28561 -343 213948 8281
1: 28561 637 -133672 8281
3: 28561 -637 109662 8281
2: -28561 845 -220892 8281
4: -28561 -845 244902 8281
1: 28561 1183 -77518 8281
2: -28561 1183 -154350 8281
2: -28561 1261 -144060 8281
4: -28561 -1261 168070 8281
1: 28561 1337 -69972 8281
3: 28561 -1337 45962 8281
2: -28561 1715 -102746 8281
4: -28561 -1715 126756 8281
1: 28561 2401 -44284 8281
2: -28561 2401 -69960 8281
3: 28561 -2401 20274 8281
4: -28561 -2401 93970 8281
1: 28561 2483 -43218 8281
3: 28561 -2483 19208 8281
2: -28561 3185 -49784 8281
4: -28561 -3185 73794 8281
2: -28561 3395 -45962 8281
4: -28561 -3395 69972 8281
1: 28561 4459 -29386 8281
2: -28561 4459 -32130 8281
3: 28561 -4459 5376 8281
4: -28561 -4459 56140 8281
2: -28561 4753 -29400 8281
4: -28561 -4753 53410 8281
2: -28561 5915 -21266 8281
4: -28561 -5915 45276 8281
2: -28561 6305 -19208 8281
4: -28561 -6305 43218 8281
1: 28561 8281 -21364 8281
2: -28561 8281 -11760 8281
3: 28561 -8281 -2646 8281
4: -28561 -8281 35770 8281
2: -28561 8827 -10290 8281
4: -28561 -8827 34300 8281
1: 28561 9359 -20286 8281
3: 28561 -9359 -3724 8281
2: -28561 12005 -4388 8281
4: -28561 -12005 28398 8281
4: -28561 -16393 24010 8281
1: 28561 17381 -16464 8281
3: 28561 -17381 -7546 8281
2: -28561 22295 3178 8281
4: -28561 -22295 20832 8281
2: -28561 23765 3724 8281
4: -28561 -23765 20286 8281
1: 28561 31213 -14488 8281
2: -28561 31213 5700 8281
3: 28561 -31213 -9522 8281
4: -28561 -31213 18310 8281
1: 28561 32279 -14406 8281
3: 28561 -32279 -9604 8281
2: -28561 33271 6090 8281
4: -28561 -33271 17920 8281
2: -28561 41405 7252 8281
4: -28561 -41405 16758 8281
2: -28561 44135 7546 8281
4: -28561 -44135 16464 8281
1: 28561 57967 -13342 8281
2: -28561 57967 8610 8281
3: 28561 -57967 -10668 8281
4: -28561 -57967 15400 8281
2: -28561 61789 8820 8281
4: -28561 -61789 15190 8281
1: 28561 65513 -13188 8281
3: 28561 -65513 -10822 8281
2: -28561 81965 9604 8281
4: -28561 -81965 14406 8281
2: -28561 114751 10290 8281
4: -28561 -114751 13720 8281
1: 28561 121667 -12642 8281
3: 28561 -121667 -11368 8281
2: -28561 156065 10744 8281
4: -28561 -156065 13266 8281
2: -28561 166355 10822 8281
4: -28561 -166355 13188 8281
1: 28561 225953 -12348 8281
3: 28561 -225953 -11662 8281
2: -28561 232897 11160 8281
4: -28561 -232897 12850 8281
4: -28784 -134017 13377 8281
1: 28812 507 -165789 8281
2: -28812 1071 -171366 8281
2: -28812 1287 -140608 8281
4: -28812 -1521 140946 8281
1: 28812 1911 -52728 8281
1: 28812 4683 -28561 8281
2: -28812 4851 -28561 8281
1: 28812 6591 -23738 8281
4: -28812 -11781 28561 8281
2: -28812 13923 -2197 8281
2: -28812 16731 169 8281
4: -28812 -19773 21827 8281
1: 28812 24843 -15041 8281
1: 28812 60879 -13182 8281
2: -28812 63063 8788 8281
4: -28812 -74529 14534 8281
1: 28812 85683 -12811 8281
4: -28812 -153153 13182 8281
2: -28812 180999 10816 8281
2: -28812 217503 10998 8281
4: -29008 -15041 24843 8281
4: -29237 -69629 14534 8281
1: 29253 85683 -12642 8281
2: -29406 33957 5915 8281
3: 29939 -2401 21970 8281
3: 30082 -45619 -9633 8281
2: -30184 7943 -13013 8281
4: -30184 -81289 13741 8281
4: -30478 -226291 12103 8281
3: 30604 -142805 -10633 8281
1: 30758 2197 -48363 8281
2: -30758 2197 -76489 8281
3: 30758 -2197 26068 8281
4: -30758 -2197 98784 8281
1: 30758 2401 -45201 8281
2: -30758 2401 -69043 8281
3: 30758 -2401 22906 8281
4: -30758 -2401 91338 8281
1: 30758 68107 -12348 8281
3: 30758 -68107 -9947 8281
1: 30758 74431 -12246 8281
3: 30758 -74431 -10049 8281
2: -30758 160381 9947 8281
4: -30758 -160381 12348 8281
2: -30758 175273 10049 8281
4: -30758 -175273 12246 8281
1: 31044 85683 -12005 8281
4: -31109 -88837 13182 8281
1: 31213 413 -210912 8281
3: 31213 -413 188942 8281
2: -31213 959 -188942 8281
4: -31213 -959 210912 8281
1: 31213 2891 -39546 8281
3: 31213 -2891 17576 8281
2: -31213 6713 -17576 8281
4: -31213 -6713 39546 8281
1: 31213 28561 -13876 8281
2: -31213 28561 4272 8281
3: 31213 -28561 -8094 8281
4: -31213 -28561 17698 8281
1: 31213 199927 -11398 8281
2: -31213 199927 10026 8281
3: 31213 -199927 -10572 8281
4: -31213 -199927 11944 8281
3: 31434 -108045 -10140 8281
1: 31556 1859 -55601 8281
1: 31759 28561 -13720 8281
2: -31759 28561 4116 8281
3: 31772 -2401 23998 8281
4: -31772 -2401 90246 8281
4: -31941 -7203 37180 8281
1: 32438 94471 -11466 8281
2: -32448 3087 -50869 8281
1: 32669 12005 -17576 8281
3: 33124 -2401 25350 8281
4: -33124 -2401 88894 8281
3: 33124 -12005 -3211 8281
2: -33124 26411 3211 8281
3: 33124 -28561 -7350 8281
4: -33124 -28561 16954 8281
3: 33124 -142805 -9751 8281
2: -33397 127253 8788 8281
1: 33614 3185 -37349 8281
3: 33614 -41405 -8112 8281
1: 33614 110201 -10985 8281
1: 33969 1029 -94640 8281
1: 34104 93639 -10985 8281
1: 34202 28561 -13083 8281
2: -34202 28561 3479 8281
3: 34216 -2401 26364 8281
4: -34216 -2401 87880 8281
3: 34398 -7203 2197 8281
1: 34476 1827 -57967 8281
4: -34476 -3885 57967 8281
1: 34814 199927 -10290 8281
4: -34866 -85683 12005 8281
1: 34983 13083 -16562 8281
4: -34983 -27489 16562 8281
2: -34986 1521 -112385 8281
1: 34986 173901 -10309 8281
3: 35152 -2401 27183 8281
4: -35152 -2401 87061 8281
1: 35672 25039 -13182 8281
3: 35672 -28561 -6482 8281
4: -35672 -28561 16086 8281
4: -35672 -51793 13182 8281
2: -36036 36015 4394 8281
1: 36309 7203 -21970 8281
3: 36358 -2197 31668 8281
4: -36358 -2197 93184 8281
4: -36358 -49049 13182 8281
1: 36504 735 -132496 8281
3: 36673 -28561 -6174 8281
4: -36673 -28561 15778 8281
4: -36701 -22295 17576 8281
3: 36848 -2401 28561 8281
4: -36848 -2401 85683 8281
3: 36946 -184877 -8788 8281
4: -37044 -173901 10309 8281
1: 37349 2065 -53508 8281
4: -37349 -4123 53508 8281
2: -37349 10633 -8008 8281
2: -37349 41743 4802 8281
2: -37349 45619 5174 8281
3: 37349 -107653 -8330 8281
4: -37349 -107653 10878 8281
3: 37856 -28561 -5831 8281
4: -37856 -28561 15435 8281
4: -37856 -40817 13520 8281
4: -37926 -93639 10985 8281
1: 38416 1183 -87373 8281
2: -38416 1183 -144495 8281
4: -38416 -3185 65910 8281
4: -38416 -4225 51883 8281
4: -38416 -7553 32955 8281
3: 38416 -13793 -2197 8281
2: -38416 26975 2197 8281
3: 38416 -28561 -5676 8281
4: -38416 -28561 15280 8281
2: -38416 76895 6565 8281
2: -38416 182351 7930 8281
4: -38416 -207025 9802 8281
1: 38532 7203 -21801 8281
1: 39102 14157 -15379 8281
4: -39102 -27339 15379 8281
3: 39494 -28561 -5390 8281
4: -39494 -28561 14994 8281
1: 39494 40817 -10985 8281
2: -39546 861 -200655 8281
4: -39546 -1029 183820 8281
4: -39546 -6591 36015 8281
1: 39546 15729 -14651 8281
4: -39546 -30135 14651 8281
2: -39546 36015 3666 8281
2: -39546 230685 7889 8281
3: 40131 -1029 83486 8281
2: -40131 5145 -26364 8281
4: -40131 -85683 10640 8281
3: 40474 -10985 182 8281
4: -40716 -25725 15379 8281
1: 40817 637 -158184 8281
2: -40817 3731 -39546 8281
3: 40817 -5551 8788 8281
1: 40817 41743 -10686 8281
3: 40817 -107653 -7514 8281
4: -40817 -107653 10062 8281
2: -40817 116441 6864 8281
1: 41062 218491 -8788 8281
1: 41184 36015 -10985 8281
3: 41574 -36015 -5577 8281
3: 41743 -17003 -2548 8281
2: -41743 31409 2548 8281
2: -41846 845 -202293 8281
3: 41912 -28561 -4802 8281
4: -41912 -28561 14406 8281
3: 42532 -28561 -4662 8281
4: -42532 -28561 14266 8281
4: -42973 -218491 8788 8281
1: 43218 1257 -85683 8281
4: -43218 -2271 85683 8281
3: 43218 -3549 19604 8281
4: -43218 -6591 34723 8281
4: -43218 -24843 15041 8281
3: 43218 -85683 -6793 8281
1: 43218 114387 -8788 8281
4: -43218 -206661 8788 8281
1: 43264 25039 -11830 8281
4: -44044 -175273 8788 8281
1: 44278 2401 -48841 8281
2: -44278 2401 -65403 8281
3: 45136 -28561 -4116 8281
4: -45136 -28561 13720 8281
2: -45619 14651 -4394 8281
1: 45619 17615 -13182 8281
4: -45619 -30797 13182 8281
1: 45619 76895 -8814 8281
2: -45619 121849 6084 8281
1: 46072 74431 -8788 8281
1: 46137 6591 -22638 8281
1: 46137 7203 -21346 8281
2: -46137 19773 -1372 8281
2: -46137 21609 -624 8281
1: 46137 125229 -8232 8281
1: 46137 136857 -8164 8281
4: -46137 -217503 8232 8281
4: -46137 -237699 8164 8281
1: 47334 9633 -17745 8281
1: 48334 595 -178360 8281
3: 48334 -1715 52325 8281
1: 48334 5831 -24570 8281
1: 48334 15379 -13720 8281
2: -48334 15379 -4116 8281
3: 48608 -28561 -3479 8281
4: -48608 -28561 13083 8281
3: 49049 -1715 52728 8281
3: 49049 -39445 -4394 8281
2: -49049 66199 4394 8281
3: 49179 -735 132496 8281
2: -49348 2107 -74529 8281
4: -49348 -40817 11154 8281
4: -49392 -13377 19773 8281
2: -49392 14703 -4732 8281
2: -49686 7203 -16900 8281
1: 49686 21609 -11661 8281
4: -49686 -36015 11661 8281
2: -49686 85683 4900 8281
3: 50078 -4901 14196 8281
3: 50421 -1617 57122 8281
4: -50421 -85995 8788 8281
1: 50531 22099 -11466 8281
4: -50531 -36505 11466 8281
3: 50531 -169169 -6174 8281
3: 51714 -1029 94640 8281
4: -52479 -1029 171366 8281
4: -52663 -74431 8788 8281
3: 52728 -441 231231 8281
2: -52728 6591 -19208 8281
3: 52728 -21609 -1651 8281
3: 52822 -637 158184 8281
3: 52822 -1649 57122 8281
2: -52822 2663 -57122 8281
1: 52822 4753 -28561 8281
1: 52822 15379 -13312 8281
2: -52822 15379 -4524 8281
3: 52822 -114751 -5577 8281
3: 52822 -140777 -5746 8281
1: 53014 142805 -7203 8281
2: -53508 3087 -48334 8281
1: 53508 44247 -8788 8281
4: -53508 -71001 8788 8281
1: 53508 85683 -7637 8281
3: 54194 -2015 46137 8281
1: 54327 85683 -7546 8281
4: -54366 -36015 10985 8281
2: -55223 1859 -84162 8281
4: -55223 -169169 7202 8281
4: -55566 -164775 7189 8281
3: 55601 -2401 38194 8281
4: -55601 -2401 76050 8281
3: 56511 -7203 8788 8281
4: -56836 -142805 7203 8281
4: -56938 -1937 92274 8281
1: 57122 529 -208887 8281
3: 57122 -529 196882 8281
1: 57122 637 -174489 8281
3: 57122 -637 162484 8281
2: -57122 823 -196882 8281
4: -57122 -823 208887 8281
1: 57122 1127 -101234 8281
3: 57122 -1127 89229 8281
1: 57122 1183 -96726 8281
2: -57122 1183 -135142 8281
1: 57122 2093 -57281 8281
3: 57122 -2093 45276 8281
1: 57122 2401 -50703 8281
2: -57122 2401 -63541 8281
3: 57122 -2401 38698 8281
4: -57122 -2401 75546 8281
1: 57122 3703 -34986 8281
3: 57122 -3703 22981 8281
1: 57122 3887 -33614 8281
3: 57122 -3887 21609 8281
1: 57122 4459 -30072 8281
2: -57122 4459 -31444 8281
3: 57122 -4459 18067 8281
4: -57122 -4459 43449 8281
2: -57122 5761 -22981 8281
4: -57122 -5761 34986 8281
1: 57122 6877 -21609 8281
3: 57122 -6877 9604 8281
1: 57122 7889 -19607 8281
3: 57122 -7889 7602 8281
1: 57122 8281 -18963 8281
2: -57122 8281 -14161 8281
3: 57122 -8281 6958 8281
4: -57122 -8281 26166 8281
2: -57122 10699 -9604 8281
4: -57122 -10699 21609 8281
1: 57122 14651 -13328 8281
3: 57122 -14651 1323 8281
1: 57122 25921 -10143 8281
3: 57122 -25921 -1862 8281
1: 57122 27209 -9947 8281
3: 57122 -27209 -2058 8281
1: 57122 31213 -9441 8281
2: -57122 31213 653 8281
3: 57122 -31213 -2564 8281
4: -57122 -31213 11352 8281
2: -57122 40327 1862 8281
4: -57122 -40327 10143 8281
1: 57122 48139 -8232 8281
3: 57122 -48139 -3773 8281
1: 57122 55223 -7946 8281
3: 57122 -55223 -4059 8281
1: 57122 57967 -7854 8281
2: -57122 57967 3122 8281
3: 57122 -57967 -4151 8281
4: -57122 -57967 8883 8281
2: -57122 74893 3773 8281
4: -57122 -74893 8232 8281
1: 57122 89401 -7203 8281
3: 57122 -89401 -4802 8281
1: 57122 102557 -7049 8281
3: 57122 -102557 -4956 8281
2: -57122 139087 4802 8281
4: -57122 -139087 7203 8281
1: 57122 181447 -6594 8281
3: 57122 -181447 -5411 8281
1: 57122 190463 -6566 8281
3: 57122 -190463 -5439 8281
3: 57291 -21609 -1014 8281
3: 57624 -585 177957 8281
2: -57624 1911 -81289 8281
2: -57624 6591 -19344 8281
1: 57624 10647 -16055 8281
3: 57624 -28665 -2197 8281
3: 57624 -62361 -4225 8281
3: 57624 -98865 -4862 8281
1: 57624 167895 -6591 8281
3: 57629 -1715 56784 8281
1: 57967 3773 -34476 8281
3: 57967 -3773 22646 8281
2: -57967 5831 -22646 8281
4: -57967 -5831 34476 8281
1: 57967 28561 -9688 8281
2: -57967 28561 84 8281
3: 57967 -28561 -2142 8281
4: -57967 -28561 11746 8281
1: 58114 156065 -6591 8281
1: 58212 45123 -8281 8281
2: -58506 85683 3920 8281
3: 58653 -6591 10556 8281
1: 58981 28561 -9604 8281
4: -58996 -845 202293 8281
3: 59319 -777 133770 8281
4: -59319 -7203 28808 8281
3: 59319 -46137 -3430 8281
3: 59878 -2401 39546 8281
4: -59878 -2401 74698 8281
3: 60368 -84721 -4394 8281
2: -60671 12005 -8112 8281
4: -60858 -7203 28561 8281
1: 61054 10985 -15561 8281
3: 61516 -2197 44247 8281
4: -61516 -2197 80605 8281
3: 61516 -2401 40014 8281
4: -61516 -2401 74230 8281
4: -61516 -10985 20580 8281
4: -61516 -12005 19305 8281
4: -61516 -54925 8575 8281
4: -61516 -60025 8320 8281
1: 61516 182351 -6174 8281
1: 61516 199283 -6123 8281
4: -61698 -21609 13182 8281
4: -61936 -156065 6591 8281
1: 62426 1099 -105456 8281
3: 62426 -1099 94471 8281
2: -62426 1645 -94471 8281
4: -62426 -1645 105456 8281
2: -62426 2303 -65910 8281
1: 62426 7693 -19773 8281
3: 62426 -7693 8788 8281
2: -62426 11515 -8788 8281
4: -62426 -11515 19773 8281
1: 62426 28561 -9339 8281
2: -62426 28561 -265 8281
3: 62426 -28561 -1646 8281
4: -62426 -28561 11250 8281
2: -62426 142805 4341 8281
4: -62426 -142805 6644 8281
1: 62426 199927 -6042 8281
2: -62426 199927 4670 8281
3: 62426 -199927 -4943 8281
4: -62426 -199927 6315 8281
1: 63518 28561 -9261 8281
2: -63518 28561 -343 8281
3: 63544 -2401 40560 8281
4: -63544 -2401 73684 8281
1: 63713 607 -187278 8281
4: -63713 -901 187278 8281
4: -63713 -5831 33488 8281
3: 63882 -7203 9971 8281
3: 64827 -1911 52728 8281
1: 64827 2139 -57122 8281
4: -64827 -3153 57122 8281
3: 64827 -46137 -2886 8281
3: 64974 -36015 -2197 8281
3: 65709 -85683 -3920 8281
2: -65741 88837 3380 8281
4: -65856 -1521 112385 8281
2: -65856 200655 4394 8281
3: 66248 -2401 41236 8281
4: -66248 -2401 73008 8281
4: -66248 -28561 10878 8281
2: -66444 1443 -107653 8281
2: -66664 55223 2197 8281
1: 67431 7203 -20618 8281
2: -67938 1029 -152607 8281
1: 68107 107653 -6076 8281
2: -68107 107653 3528 8281
3: 68432 -2401 41743 8281
4: -68432 -2401 72501 8281
3: 68614 -45619 -2535 8281
1: 68943 1029 -114244 8281
3: 69286 -1859 55601 8281
3: 69329 -204085 -4394 8281
1: 69628 199927 -5488 8281
2: -69628 199927 4116 8281
4: -69629 -2873 61178 8281
3: 69629 -212485 -4394 8281
1: 69966 33369 -8281 8281
2: -70304 623 -254163 8281
1: 70304 46991 -7280 8281
4: -70304 -169169 5831 8281
1: 71318 833 -140777 8281
3: 71344 -28561 -840 8281
4: -71344 -28561 10444 8281
1: 71344 63455 -6591 8281
4: -71344 -90209 6591 8281
4: -72501 -32955 9604 8281
2: -72618 7203 -17576 8281
3: 72716 -2197 47047 8281
4: -72716 -2197 77805 8281
1: 72814 1105 -107653 8281
1: 73034 60025 -6591 8281
3: 73177 -199927 -4116 8281
4: -73177 -199927 5488 8281
3: 73346 -28561 -686 8281
4: -73346 -28561 10290 8281
4: -74431 -9217 21970 8281
3: 74431 -28561 -606 8281
4: -74431 -28561 10210 8281
1: 74431 107653 -5668 8281
2: -74431 107653 3120 8281
1: 74529 36015 -7774 8281
4: -74529 -50421 7774 8281
4: -74529 -85683 6468 8281
1: 74698 5159 -26754 8281
4: -74698 -7217 26754 8281
3: 74698 -107653 -3528 8281
4: -74698 -107653 6076 8281
1: 74774 86021 -5915 8281
4: -76146 -2535 67431 8281
3: 76832 -28561 -437 8281
4: -76832 -28561 10041 8281
3: 76832 -169169 -3783 8281
4: -78351 -36015 8788 8281
4: -78806 -12005 17576 8281
3: 78988 -28561 -294 8281
4: -78988 -28561 9898 8281
3: 79092 -1029 108017 8281
4: -79092 -2793 61152 8281
2: -79233 903 -171366 8281
3: 79846 -55223 -2197 8281
4: -80262 -1029 158184 8281
3: 80262 -85683 -2919 8281
1: 81634 637 -186745 8281
2: -81634 637 -243867 8281
3: 81634 -791 142805 8281
3: 81634 -4225 23322 8281
2: -81634 13013 -7943 8281
2: -81634 58981 1521 8281
3: 81634 -107653 -3120 8281
4: -81634 -107653 5668 8281
1: 81634 133679 -5070 8281
4: -83006 -3211 53235 8281
1: 83447 2401 -52728 8281
3: 83486 -41209 -1274 8281
2: -83486 55615 1274 8281
2: -83486 76895 2058 8281
4: -83824 -28561 9604 8281
3: 85064 -28561 70 8281
4: -85064 -28561 9534 8281
2: -85176 36015 -338 8281
1: 85683 507 -235298 8281
3: 85683 -663 172872 8281
1: 85683 867 -139258 8281
1: 85683 1029 -117964 8281
4: -85683 -1161 139258 8281
4: -85683 -1323 122696 8281
1: 85683 1911 -65366 8281
4: -85683 -2457 67914 8281
3: 85683 -2499 42924 8281
1: 85683 3549 -37044 8281
4: -85683 -4563 38416 8281
3: 85683 -4641 21266 8281
1: 85683 6069 -23324 8281
1: 85683 7203 -20282 8281
4: -85683 -8127 23324 8281
3: 85683 -8619 9604 8281
4: -85683 -9261 20958 8281
1: 85683 11271 -14406 8281
1: 85683 13377 -12768 8281
4: -85683 -15093 14406 8281
4: -85683 -17199 13132 8281
3: 85683 -17493 2702 8281
1: 85683 24843 -8722 8281
3: 85683 -32487 -392 8281
1: 85683 42483 -6762 8281
4: -85683 -56889 6762 8281
3: 85683 -60333 -2058 8281
4: -85683 -64827 6424 8281
1: 85683 78897 -5488 8281
1: 85683 93639 -5254 8281
4: -85683 -105651 5488 8281
4: -85683 -120393 5306 8281
3: 85683 -122451 -3044 8281
1: 85683 146523 -4802 8281
1: 85683 173901 -4676 8281
4: -85683 -196209 4802 8281
4: -85683 -223587 4704 8281
3: 85683 -227409 -3486 8281
4: -86216 -60025 6591 8281
4: -86436 -3549 48165 8281
2: -86436 10491 -10985 8281
2: -86436 32955 -793 8281
2: -86436 124215 2704 8281
3: 86436 -125229 -3029 8281
3: 87204 -5145 18928 8281
3: 87808 -2353 46137 8281
4: -88894 -5341 33124 8281
3: 90077 -919 124852 8281
2: -90077 1213 -124852 8281
1: 90077 2197 -57624 8281
2: -90077 2197 -67228 8281
3: 90272 -28561 343 8281
4: -90272 -28561 9261 8281
4: -90753 -79233 5746 8281
1: 91238 41821 -6591 8281
4: -91238 -55003 6591 8281
2: -92274 6591 -19894 8281
2: -92274 7203 -17888 8281
3: 92274 -59319 -1715 8281
3: 92274 -64827 -1885 8281
3: 93639 -735 158184 8281
1: 93639 1785 -70304 8281
4: -93639 -2331 70304 8281
3: 93639 -2499 43940 8281
1: 93639 12495 -13182 8281
4: -93639 -16317 13182 8281
1: 93639 85683 -5050 8281
3: 94471 -15379 4116 8281
4: -94471 -15379 13720 8281
1: 94668 40131 -6591 8281
1: 95697 147147 -4394 8281
1: 96668 15379 -11319 8281
2: -96668 15379 -6517 8281
3: 98098 -92267 -2197 8281
2: -98098 119021 2197 8281
1: 98441 2197 -58032 8281
2: -98441 2197 -66820 8281
4: -98441 -15925 13182 8281
2: -98784 112047 2093 8281
1: 99372 85683 -4851 8281
3: 99813 -14703 4732 8281
2: -99911 142805 2352 8281
3: 100048 -833 140777 8281
3: 100842 -5733 17576 8281
2: -100842 128037 2197 8281
1: 100893 85683 -4802 8281
1: 101062 51401 -5733 8281
4: -101062 -65807 5733 8281
3: 103243 -15379 4524 8281
4: -103243 -15379 13312 8281
3: 103259 -2401 46930 8281
4: -103259 -2401 67314 8281
4: -103428 -1029 152607 8281
3: 103597 -199283 -2704 8281
3: 104949 -7203 13520 8281
3: 104958 -1029 114244 8281
2: -105456 3087 -46410 8281
1: 105456 6591 -21609 8281
4: -105456 -98865 4802 8281
3: 105644 -637 186745 8281
4: -105644 -637 243867 8281
3: 105644 -3805 28561 8281
2: -105644 4819 -28561 8281
1: 105644 15379 -11115 8281
2: -105644 15379 -6721 8281
4: -107016 -5145 32955 8281
1: 107016 101871 -4394 8281
4: -107016 -128625 4394 8281
3: 107114 -142805 -2352 8281
1: 107146 141659 -4056 8281
3: 107562 -122451 -2197 8281
1: 107653 2197 -58408 8281
2: -107653 2197 -66444 8281
3: 107653 -2197 52038 8281
4: -107653 -2197 72814 8281
1: 107653 2401 -53716 8281
2: -107653 2401 -60528 8281
3: 107653 -2401 47346 8281
4: -107653 -2401 66898 8281
1: 107653 50531 -5586 8281
3: 107653 -50531 -784 8281
1: 107653 55223 -5382 8281
3: 107653 -55223 -988 8281
2: -107653 63713 784 8281
4: -107653 -63713 5586 8281
2: -107653 69629 988 8281
4: -107653 -69629 5382 8281
2: -108654 85683 1372 8281
3: 109417 -81289 -1638 8281
1: 110188 30527 -7098 8281
4: -110446 -5915 28899 8281
2: -110446 10829 -10985 8281
4: -110446 -26845 8788 8281
2: -111132 1599 -92274 8281
3: 111202 -2401 47658 8281
4: -111202 -2401 66586 8281
1: 112047 8253 -17836 8281
4: -112047 -10311 17836 8281
1: 112504 16055 -10647 8281
4: -113022 -7203 24167 8281
2: -113876 1715 -85683 8281
3: 114244 -637 188895 8281
4: -114244 -637 241717 8281
3: 114244 -845 141659 8281
1: 114244 1183 -106330 8281
2: -114244 1183 -125538 8281
3: 114244 -1205 98441 8281
2: -114244 1499 -98441 8281
1: 114244 1687 -75460 8281
1: 114244 1715 -74277 8281
3: 114244 -2401 47910 8281
4: -114244 -2401 66334 8281
3: 114244 -3133 36015 8281
3: 114244 -3185 35378 8281
1: 114244 4459 -30415 8281
2: -114244 4459 -31101 8281
1: 114244 5915 -23667 8281
3: 114244 -8281 11760 8281
4: -114244 -8281 21364 8281
1: 114244 8435 -17493 8281
4: -114244 -10493 17493 8281
3: 114244 -11809 7350 8281
3: 114244 -12005 7181 8281
3: 114244 -15665 4802 8281
2: -114244 19487 -4802 8281
1: 114244 21931 -8575 8281
1: 114244 22295 -8484 8281
3: 114244 -31213 915 8281
4: -114244 -31213 7873 8281
3: 114244 -41405 -49 8281
1: 114244 57967 -5110 8281
2: -114244 57967 378 8281
3: 114244 -59045 -931 8281
2: -114244 73451 931 8281
1: 114244 82663 -4480 8281
1: 114244 109655 -4116 8281
4: -114244 -136409 4116 8281
3: 114244 -153517 -2205 8281
3: 114244 -156065 -2218 8281
3: 114244 -203645 -2401 8281
2: -114244 253331 2401 8281
3: 114464 -1105 107653 8281
1: 115248 6591 -21541 8281
1: 115934 1715 -74360 8281
3: 115934 -1715 68445 8281
1: 115934 8575 -17238 8281
3: 115934 -8575 11323 8281
2: -115934 10633 -11323 8281
4: -115934 -10633 17238 8281
1: 115934 28561 -7245 8281
2: -115934 28561 -2359 8281
3: 115934 -28561 1330 8281
4: -115934 -28561 8274 8281
1: 115934 142805 -3815 8281
3: 115934 -142805 -2100 8281
3: 116441 -2197 52822 8281
4: -116441 -2197 72030 8281
2: -116441 60025 416 8281
1: 117012 85683 -4361 8281
4: -117306 -6591 25935 8281
1: 117962 28561 -7203 8281
2: -117962 28561 -2401 8281
3: 118638 -7203 14157 8281
4: -118638 -46137 6174 8281
1: 119707 28561 -7168 8281
2: -119707 28561 -2436 8281
3: 119756 -2401 48334 8281
4: -119756 -2401 65910 8281
4: -120029 -98441 4394 8281
4: -120834 -1443 107653 8281
4: -121422 -40131 6591 8281
4: -122018 -2107 74529 8281
3: 122031 -85683 -1372 8281
1: 122451 1521 -83824 8281
4: -122451 -32955 7384 8281
3: 123032 -2401 48568 8281
4: -123032 -2401 65676 8281
1: 123032 24167 -7889 8281
3: 123032 -40817 234 8281
1: 124852 2471 -52728 8281
4: -124852 -3017 52728 8281
3: 124852 -17297 4394 8281
2: -124852 21119 -4394 8281
3: 124852 -28561 1578 8281
4: -124852 -28561 8026 8281
1: 124852 199927 -3364 8281
2: -124852 199927 1992 8281
1: 125229 7203 -19890 8281
3: 126412 -24353 2366 8281
3: 127088 -2401 48841 8281
4: -127088 -2401 65403 8281
1: 127253 559 -224094 8281
3: 127253 -2197 53638 8281
4: -127253 -2197 71214 8281
1: 127426 1361 -93639 8281
4: -127426 -1655 93639 8281
2: -127426 113533 1365 8281
4: -127596 -7605 22477 8281
1: 129654 735 -171366 8281
4: -129654 -1911 81289 8281
1: 129654 3003 -43940 8281
1: 129654 4785 -28561 8281
4: -129654 -5799 28561 8281
1: 129654 17745 -9633 8281
4: -129654 -46137 5902 8281
1: 129654 72501 -4355 8281
3: 131026 -7943 13013 8281
4: -131418 -85683 4361 8281
3: 132496 -2401 49179 8281
3: 132496 -28561 1764 8281
4: -132496 -28561 7840 8281
2: -134862 7203 -18252 8281
3: 136214 -1715 70161 8281
1: 136214 107653 -3675 8281
2: -136214 107653 1127 8281
2: -136857 819 -180154 8281
1: 136857 66027 -4394 8281
4: -136857 -79209 4394 8281
2: -137886 1029 -142805 8281
3: 138229 -1715 70304 8281
3: 138229 -28561 1890 8281
4: -138229 -28561 7714 8281
3: 138411 -6591 16464 8281
2: -138411 32955 -2058 8281
4: -138918 -3087 50869 8281
1: 138957 64827 -4394 8281
1: 139256 199927 -3087 8281
2: -139256 199927 1715 8281
2: -139258 6929 -19097 8281
1: 139258 19747 -8788 8281
3: 141659 -10985 8970 8281
3: 142688 -28561 1981 8281
4: -142688 -28561 7623 8281
2: -145002 194481 1599 8281
1: 145236 7203 -19773 8281
3: 146354 -12005 8112 8281
3: 146354 -199927 -1715 8281
4: -146354 -199927 3087 8281
2: -146461 845 -173732 8281
3: 146692 -28561 2058 8281
4: -146692 -28561 7546 8281
3: 147199 -11165 8918 8281
2: -147199 13223 -8918 8281
4: -148176 -9633 17745 8281
3: 148862 -28561 2098 8281
4: -148862 -28561 7506 8281
2: -148862 34307 -2028 8281
1: 148862 107653 -3471 8281
2: -148862 107653 923 8281
1: 149058 79233 -3887 8281
3: 149058 -85683 -833 8281
1: 149396 11347 -13377 8281
4: -149396 -13405 13377 8281
3: 149396 -107653 -1127 8281
4: -149396 -107653 3675 8281
1: 150234 19773 -8645 8281
2: -151263 2499 -57122 8281
1: 151424 112847 -3380 8281
1: 151593 80703 -3822 8281
4: -151593 -95109 3822 8281
3: 153664 -3185 37349 8281
1: 154973 2401 -54756 8281
2: -154973 2401 -59488 8281
3: 157339 -84035 -676 8281
2: -157339 98441 676 8281
3: 157976 -28561 2254 8281
4: -157976 -28561 7350 8281
1: 158466 507 -251472 8281
4: -158466 -2925 52728 8281
4: -158466 -10647 16055 8281
3: 160381 -5047 22932 8281
3: 160381 -40817 962 8281
3: 160524 -1029 120835 8281
1: 160867 14027 -11154 8281
4: -161896 -10985 15561 8281
1: 163268 2303 -57122 8281
4: -163268 -64337 4394 8281
3: 163268 -107653 -923 8281
4: -163268 -107653 3471 8281
1: 166894 2401 -54925 8281
2: -166894 2401 -59319 8281
2: -166972 1351 -107016 8281
3: 166972 -89621 -637 8281
2: -166972 104027 637 8281
3: 167648 -28561 2401 8281
4: -167648 -28561 7203 8281
1: 168662 14749 -10647 8281
3: 169442 -5831 19773 8281
1: 169981 239473 -2548 8281
3: 170128 -28561 2436 8281
4: -170128 -28561 7168 8281
4: -171366 -609 243530 8281
1: 171366 693 -185563 8281
4: -171366 -735 202125 8281
3: 171366 -819 153321 8281
2: -171366 975 -148862 8281
2: -171366 1029 -140945 8281
4: -171366 -1131 132055 8281
3: 171366 -1197 104272 8281
1: 171366 1287 -100842 8281
4: -171366 -1365 109760 8281
3: 171366 -1521 81634 8281
1: 171366 1881 -69629 8281
2: -171366 1911 -74970 8281
4: -171366 -2175 69629 8281
3: 171366 -2223 55223 8281
4: -171366 -2535 60025 8281
2: -171366 3045 -46305 8281
3: 171366 -3087 39207 8281
2: -171366 3549 -39445 8281
2: -171366 3675 -38024 8281
4: -171366 -4263 36505 8281
1: 171366 4851 -28224 8281
4: -171366 -5145 30590 8281
2: -171366 5655 -24010 8281
3: 171366 -5733 20188 8281
2: -171366 6825 -19551 8281
2: -171366 7203 -18420 8281
4: -171366 -7917 20580 8281
3: 171366 -8379 13181 8281
1: 171366 9009 -16121 8281
4: -171366 -9555 17395 8281
3: 171366 -10647 9947 8281
2: -171366 12675 -9604 8281
1: 171366 13167 -11662 8281
2: -171366 13377 -8995 8281
4: -171366 -14703 12005 8281
4: -171366 -15225 11662 8281
3: 171366 -15561 6174 8281
1: 171366 16731 -9604 8281
4: -171366 -17745 10290 8281
2: -171366 21315 -4900 8281
3: 171366 -21609 3886 8281
1: 171366 24453 -7203 8281
2: -171366 24843 -3920 8281
2: -171366 25725 -3717 8281
4: -171366 -28275 7203 8281
3: 171366 -28899 2401 8281
4: -171366 -29841 6930 8281
1: 171366 33957 -5747 8281
4: -171366 -36015 6085 8281
2: -171366 39585 -1715 8281
3: 171366 -40131 1169 8281
2: -171366 47775 -1078 8281
4: -171366 -55419 4655 8281
3: 171366 -58653 168 8281
1: 171366 63063 -4018 8281
4: -171366 -66885 4200 8281
3: 171366 -74529 -294 8281
2: -171366 88725 343 8281
1: 171366 92169 -3381 8281
2: -171366 93639 430 8281
4: -171366 -102921 3430 8281
4: -171366 -106575 3381 8281
3: 171366 -108927 -833 8281
1: 171366 117117 -3087 8281
2: -171366 149205 1015 8281
1: 171366 171171 -2744 8281
2: -171366 173901 1155 8281
2: -171366 180075 1184 8281
4: -171366 -197925 2744 8281
3: 171366 -202293 -1372 8281
4: -171366 -208887 2705 8281
1: 171366 237699 -2536 8281
3: 172872 -131313 -1014 8281
1: 173901 1029 -125736 8281
2: -173901 3087 -45630 8281
4: -173901 -15435 11492 8281
4: -177184 -239473 2548 8281
1: 177674 22477 -7605 8281
1: 177674 59995 -4056 8281
3: 180154 -1985 62426 8281
1: 180154 2197 -60025 8281
2: -180154 2197 -64827 8281
2: -180154 2279 -62426 8281
2: -182351 1715 -83538 8281
2: -182476 2795 -50531 8281
3: 182476 -13013 7943 8281
2: -182476 76895 -26 8281
3: 182689 -1085 115934 8281
2: -183456 36015 -2197 8281
1: 184548 6591 -21266 8281
1: 184548 7203 -19617 8281
4: -184548 -19773 9261 8281
4: -184548 -21609 8632 8281
1: 185549 142805 -2744 8281
3: 186238 -5831 20111 8281
1: 186249 2145 -61516 8281
1: 187278 549 -235079 8281
4: -187278 -627 235079 8281
2: -187278 2793 -50531 8281
1: 187278 3843 -35152 8281
4: -187278 -4389 35152 8281
1: 187278 26901 -6591 8281
4: -187278 -30723 6591 8281
2: -187278 85683 124 8281
4: -188604 -1281 115934 8281
3: 188942 -15379 6517 8281
4: -188942 -15379 11319 8281
1: 190463 103243 -3042 8281
4: -190463 -117649 3042 8281
1: 191139 2115 -62426 8281
4: -191139 -2409 62426 8281
2: -191139 46137 -1372 8281
3: 191139 -145089 -910 8281
4: -193336 -3409 44590 8281
3: 194481 -507 251472 8281
4: -194688 -6321 24843 8281
2: -194824 24167 -4277 8281
1: 196882 2197 -60229 8281
2: -196882 2197 -64623 8281
3: 198744 -21609 4225 8281
4: -198926 -142805 2744 8281
1: 199108 26411 -6591 8281
3: 199283 -34307 2028 8281
1: 199927 2401 -55288 8281
2: -199927 2401 -58956 8281
3: 199927 -2401 51858 8281
4: -199927 -2401 62386 8281
1: 199927 4121 -32928 8281
3: 199927 -4121 29498 8281
2: -199927 4667 -29498 8281
4: -199927 -4667 32928 8281
1: 199927 31213 -5836 8281
2: -199927 31213 -2952 8281
3: 199927 -31213 2406 8281
4: -199927 -31213 6382 8281
1: 199927 53573 -4116 8281
3: 199927 -53573 686 8281
2: -199927 60671 -686 8281
4: -199927 -60671 4116 8281
3: 201292 -593 215306 8281
2: -201292 671 -215306 8281
1: 201684 47775 -4394 8281
2: -204321 1323 -108290 8281
1: 204477 603 -215306 8281
4: -204477 -681 215306 8281
1: 204568 247303 -2197 8281
1: 204771 85683 -3178 8281
4: -206486 -845 173732 8281
1: 206486 8099 -17576 8281
3: 206486 -15379 6721 8281
4: -206486 -15379 11115 8281
3: 206518 -2401 52026 8281
4: -206518 -2401 62218 8281
2: -208887 46137 -1508 8281
4: -209898 -7203 21801 8281
4: -209916 -1029 142805 8281
3: 210912 -194481 -962 8281
4: -211288 -252889 2197 8281
4: -213346 -16055 10647 8281
2: -213689 839 -171366 8281
1: 213689 10985 -13364 8281
1: 214032 217119 -2197 8281
4: -214032 -243873 2197 8281
1: 215306 2197 -60417 8281
2: -215306 2197 -64435 8281
3: 215306 -2197 57232 8281
4: -215306 -2197 67620 8281
2: -215306 2401 -58825 8281
4: -215306 -2401 62010 8281
2: -215306 10985 -11613 8281
4: -215306 -10985 14798 8281
2: -215306 12005 -10491 8281
4: -215306 -12005 13676 8281
2: -215306 24167 -4410 8281
4: -215306 -24167 7595 8281
2: -215306 26411 -3900 8281
4: -215306 -26411 7085 8281
1: 215306 117649 -2691 8281
3: 215306 -117649 -494 8281
2: -215306 120835 392 8281
4: -215306 -120835 2793 8281
2: -215306 132055 494 8281
4: -215306 -132055 2691 8281
3: 215943 -21609 4394 8281
1: 217308 85683 -3087 8281
4: -218491 -7105 21970 8281
2: -218932 155987 637 8281
2: -220892 235079 936 8281
1: 222313 28561 -6076 8281
2: -222313 28561 -3528 8281
3: 222404 -2401 52390 8281
4: -222404 -2401 61854 8281
4: -223587 -7203 21632 8281
1: 224094 17535 -8918 8281
4: -224094 -19593 8918 8281
3: 224094 -32955 2401 8281
3: 224094 -36015 2067 8281
1: 228488 1183 -111132 8281
2: -228488 1183 -120736 8281
3: 228488 -2401 52516 8281
4: -228488 -2401 61728 8281
3: 228488 -8281 14161 8281
4: -228488 -8281 18963 8281
3: 228488 -33241 2401 8281
2: -228488 37063 -2401 8281
1: 228488 57967 -3738 8281
2: -228488 57967 -994 8281
1: 228488 232687 -2058 8281
3: 230496 -1521 83824 8281
4: -230496 -17745 9633 8281
3: 230496 -35217 2197 8281
1: 231868 18179 -8619 8281
4: -231868 -20237 8619 8281
3: 231868 -28561 3066 8281
4: -231868 -28561 6538 8281
1: 232284 180075 -2197 8281
3: 232882 -2197 57624 8281
4: -232882 -2197 67228 8281
4: -232897 -19747 8788 8281
3: 233338 -155987 -637 8281
4: -233926 -1715 85683 8281
1: 234234 36015 -5070 8281
4: -235079 -242501 2054 8281
3: 236327 -12691 8788 8281
2: -237276 735 -194922 8281
3: 237276 -46137 1372 8281
1: 237699 1365 -96668 8281
1: 239414 28561 -5985 8281
2: -239414 28561 -3619 8281
3: 239512 -2401 52728 8281
1: 242844 28899 -5915 8281
4: -244062 -85683 3087 8281
4: -245466 -180075 2197 8281
3: 246064 -2401 52845 8281
4: -246064 -2401 61399 8281
2: -246064 41743 -2058 8281
1: 246064 189679 -2080 8281
1: 247156 160867 -2197 8281
1: 247303 199927 -2038 8281
2: -247303 199927 666 8281
3: 249704 -745 173563 8281
2: -249704 823 -173563 8281
1: 249704 5215 -26364 8281
4: -249704 -5761 26364 8281
3: 249704 -28561 3190 8281
4: -249704 -28561 6414 8281
3: 249704 -36505 2197 8281
2: -249704 40327 -2197 8281
1: 249704 199927 -2025 8281
2: -249704 199927 653 8281
2: -250458 7203 -18616 8281
4: -251076 -19773 8645 8281
2: -251419 1157 -123032 8281
3: 254506 -2197 58032 8281
4: -254506 -2197 66820 8281
1: 254506 153517 -2197 8281
2: -255878 3029 -46137 8281
