102
5070602400912917605986812821504 0
8776752163811957351423437824570
10
9.685804973455252043e-01 4911286595317647911710787228708
1.515456230315821440e+00 7684275999917843550825216013572
2.384111818352084633e+00 12088883110180941458200262920158
2.833799246208085876e+00 14369069261527937059358434769528
3.160113060144833952e+00 16023676869926661504080548794238
4.397109206624861599e+00 22295992500188318871344441646534
4.923099677054073808e+00 24963081042403994233553188494022
5.643105033030383133e+00 28613941929087628539036009214834
5.968778768143566005e+00 30265303952266812938026982272674
6.299801212840237419e+00 31943787155101817373898298677210
2.50000000e-01
129
1.730909164211293705e+00
1.891107821345447748e+00
1.938722758739136243e+00
1.190842067394453307e+00
-1.671972407844545538e-01
-9.137877711704701644e-01
-9.564433768809614544e-02
1.566602874899090336e+00
2.169420862586111109e+00
9.285419074125769168e-01
-5.640610696427935666e-01
-3.809115294135578811e-01
5.632804701929946534e-01
-1.047221481055990111e+00
-6.273602660647257245e+00
-1.103809579043985778e+01
-1.010471618687123829e+01
-3.793177960701467732e+00
1.770642294415960549e+00
2.013970633375912644e+00
-9.084280943140248255e-01
-2.116991153047812713e+00
-7.841886417195151893e-01
2.465090899330337759e-01
-5.867371504248167918e-02
-9.038384422550831132e-02
2.617460776362731112e-01
-5.035473464481776684e-01
-9.637369531309841753e-01
2.300288902275279046e+00
7.434839499723750578e+00
7.251824863490567097e+00
1.560527024504600457e-01
-5.181367855296981517e+00
-1.730257102858538731e+00
5.111225798016662658e+00
5.907927484268300056e+00
1.268429898846779924e+00
-1.216041272298340914e+00
2.121825271307619092e-03
3.566700017823000168e-01
-7.403593677103967874e-01
1.709331790106143750e-02
1.635535623476078948e+00
6.427756552998112882e-01
-9.636644351673717690e-01
7.455487017496363888e-01
3.069191604890154856e+00
1.474374457680937223e+00
-1.110022765869150829e+00
2.519922482955905957e-02
1.802903176580081812e+00
2.604815366965277084e-03
-1.548730253892383946e+00
7.148252768968120785e-01
1.457101923080710515e+00
-2.783847526660855554e+00
-5.011089510142821446e+00
-1.155890554968613149e+00
7.901563887914139217e-01
-3.880252929382458138e+00
-6.690915831807295433e+00
-2.035162489911782835e+00
2.526399233466379179e+00
1.239576953672546500e+00
-7.028250507322910678e-01
2.926196660230527269e-01
6.381045360175603420e-01
-2.253253704331967811e-01
6.589291802534448239e-01
1.320594629192171743e+00
-3.307656393077751389e-01
-3.456624927965350202e-02
2.813793696229670349e+00
1.271450565575196201e+00
-3.915383982064384316e+00
-3.063428284576541483e+00
2.604119349667644467e+00
1.878539087410608488e+00
-3.897875305641396171e+00
-3.689149650909491207e+00
7.795429099619565205e-01
1.767901322120472019e-01
-2.750173773008894873e+00
-1.115452874551596585e+00
1.203133703940614252e+00
1.353300523981254277e-01
9.854190034892801320e-02
1.783219169274982363e+00
6.882351828205335309e-01
-5.153554074396782259e-01
2.028883763162306675e+00
2.715097919782746949e+00
-6.551337623473086902e-01
2.157333779516239225e-01
5.646914417212980375e+00
5.340199150709453946e+00
-2.065904428684287308e-01
-1.413342685143181843e+00
4.773049196199968813e-01
-4.351137755281371811e-01
-8.159338021075731584e-01
1.181402392323892547e+00
6.415110294678624259e-01
-6.454433191548322180e-01
9.442713530412103484e-01
-1.802221198227192733e+00
-1.002465702736175857e+01
-8.641737083057453361e+00
4.871545138425870114e+00
1.132181430847306025e+01
4.182242194187778317e+00
-1.781901844160819426e+00
-5.642194974204878255e-01
4.734057536118344567e-01
-5.492001309235518963e-02
2.073201924581714317e-01
-4.091525410513225935e-01
-8.556136151283648683e-01
2.309238450494289774e-01
-5.040982666072683083e-01
-5.876113284183948071e-01
4.318263875845938848e+00
3.658915837009608651e+00
-9.603022221364309274e+00
-1.658844791322184520e+01
-4.286685627768815898e+00
8.006463590333538605e+00
5.153016269113978254e+00
