102
0 -5070602400912917605986812821504
0
10
0.000000000000000000e+00 0
9.097085167011852436e-01 4612770188915959181232490455350
1.864738948126660967e+00 9455349787446876054586959513480
2.193213582913863036e+00 11120914059237856478890056399108
2.827461954030453750e+00 14336935372596747862340141314654
3.457819845486072907e+00 17533229610446014477630814191908
3.741677669885574709e+00 18972559776364046809480561909628
4.437622534132801277e+00 22501419475919046628803295797732
4.801639209737779801e+00 24347203305213989523344948882012
5.250889949107432564e+00 26625175182873654738694007722208
1.25000000e-01
129
5.873702838893647865e-88
6.025936293855519432e-01
1.144004051703859215e+00
1.551298104555941526e+00
1.737613608305340174e+00
1.615874546846065796e+00
1.128528106525316099e+00
2.853650986677235823e-01
-8.060681374896573326e-01
-1.936386102369754614e+00
-2.831153537721060598e+00
-3.229337900158363528e+00
-2.983859786005614634e+00
-2.145669475031579676e+00
-9.861836795847609416e-01
7.224887358198178733e-02
6.114485891944900775e-01
4.052873529494498417e-01
-4.455153519358951986e-01
-1.513524941393086243e+00
-2.210237994964002972e+00
-2.064448788665469880e+00
-9.849390815160045110e-01
6.409629356054387106e-01
2.098422334647406462e+00
2.702211841836740902e+00
2.185279893631971948e+00
8.930950568142299595e-01
-3.621964184678514997e-01
-7.464073561713947536e-01
8.957778517922744543e-02
1.751810771408594203e+00
3.288888469288566707e+00
3.750818224736527373e+00
2.794042543971867243e+00
9.356693458533910102e-01
-7.451591227124475525e-01
-1.299975939114630386e+00
-5.472627211989483653e-01
7.998442102136108511e-01
1.639029018738895838e+00
1.287595582390530513e+00
1.014554814799997415e-02
-1.155933169685164685e+00
-1.193947594384560551e+00
5.382343611544624512e-02
1.666033892059165300e+00
2.273909348014140352e+00
1.117821880177111815e+00
-1.280180769571131805e+00
-3.400327792301582885e+00
-3.813571893957382386e+00
-2.259744898039731886e+00
1.455732865627119565e-01
1.774438392704765999e+00
1.748093688228533615e+00
5.668237329073960717e-01
-4.237024639375012725e-01
-2.797935311895338173e-01
6.681951836225428210e-01
1.116988090764685193e+00
3.900783244078975115e-02
-2.229102916006870938e+00
-4.091526451522883967e+00
-3.992953606594056737e+00
-1.805717497951654815e+00
9.635750481404136147e-01
2.409348076233821079e+00
1.849650164137833341e+00
3.694828741715034948e-01
-2.428661582070101299e-01
7.895257322130870836e-01
2.471290383885353048e+00
2.979219428323716112e+00
1.450868965683447698e+00
-1.092870404095484860e+00
-2.621273624128090507e+00
-1.971095217145598877e+00
7.402767728808554160e-02
1.567515483980190583e+00
1.291165843359009635e+00
-1.226396268175162507e-01
-9.705512780078103807e-01
-3.666905797225545327e-01
7.287666645545776145e-01
4.797367098842136302e-01
-1.786557926130882601e+00
-4.600451418939790926e+00
-5.574710401319966202e+00
-3.719857331116807497e+00
-5.179447947158599685e-01
1.412499882269665941e+00
7.863091169598196428e-01
-1.220966514406961689e+00
-2.315830746189490252e+00
-1.472890637142462378e+00
1.401716948207802904e-01
6.227952178040639941e-01
-4.698965174834699998e-01
-1.655214239120347708e+00
-1.303753616174020191e+00
3.412398898122878665e-01
1.266417982591601543e+00
-6.374684183690884631e-02
-2.774709526134734983e+00
-4.231791092353379469e+00
-2.742588102905909597e+00
5.725051685416192582e-01
2.843585308573204351e+00
2.372340121985931027e+00
2.573597085813274510e-01
-1.025086551502423227e+00
-4.453394524699965662e-01
5.544752719532890506e-01
-3.836107082839484289e-02
-2.239076281299882343e+00
-3.882047688033587018e+00
-3.097640524368048709e+00
-5.666356954238535026e-01
1.146646200565188511e+00
4.826488151183849218e-01
-1.363008763419207625e+00
-1.909857356053566546e+00
-3.672902197184654272e-01
1.435611541779981293e+00
1.314154812306512765e+00
-5.224221061556345580e-01
-1.618792809860701620e+00
-2.603896669159627697e-01
