102
5070602400912917605986812821504 0
2095016404038059486350935114110
10
1.933698881143087189e-01 980501818936675983609865614762
1.165805895063877884e+00 5911338170509331543546487770448
1.653210140884393775e+00 8382771309581990280214856750712
2.116903129004399808e+00 10733974088429777444447039053332
2.825584379538734758e+00 14327414938871145873798303756694
3.339979278388231165e+00 16935706947994759838077854827342
3.776139020593271667e+00 19147299584001195551620721676578
4.608005631206207653e+00 23365364417014442955143892618676
5.304748625474669410e+00 26898271116571358189742445922456
5.756352799974171930e+00 29188176328050832727617475680048
2.50000000e-01
129
4.131691342355831575e-01
-2.550697857761385912e-01
-1.627123690842247505e+00
-2.227569306655085679e+00
-1.167466458492653736e+00
4.861348340053683326e-01
7.161584875355694324e-01
-5.218213908824701486e-01
-7.508993129082958129e-01
1.279039034000363007e+00
2.843120672371157731e+00
1.014854037211398330e+00
-1.904747706345793157e+00
-1.176985960899107342e+00
1.935199239763027101e+00
5.578156132848773874e-01
-6.395340081894665296e+00
-1.003448124618028814e+01
-4.123660208292299068e+00
4.491662982514504243e+00
5.733180300243182259e+00
9.510931590607460961e-01
-1.459388505740348174e+00
-4.209856468926805040e-02
5.465344087900417813e-01
-1.711436470575720958e-01
2.077954076306962605e-01
1.067355288188120699e-01
-1.304427197673151628e+00
9.313640410395498392e-01
7.609371291851372732e+00
9.409707551148603244e+00
1.641897577862500679e+00
-6.071803614301183316e+00
-5.276914555590371592e+00
-1.044145587625743721e+00
9.230845825720891684e-02
3.082857232110132809e-02
3.374098283190624659e-01
-1.225935125233520440e+00
-2.671006973933055306e+00
-7.887704004750318854e-01
8.644655426697773759e-01
-1.946773057165135656e-01
5.150346999405105430e-01
2.514691136470604160e+00
-8.567105142143258689e-01
-6.253711719789125212e+00
-4.554853657489785768e+00
-7.318185327122260497e-02
-1.397225246467127091e+00
-2.902434963987978733e+00
1.052196993583404350e+00
2.406151737301000626e+00
-1.363554371719824632e+00
-1.126550527746857711e+00
1.486046006698952704e+00
-2.086282237644757398e+00
-4.639265416895664629e+00
1.669989266168083519e+00
4.781350612730700611e+00
-2.411173820531459899e+00
-5.760075364047967383e+00
4.283873301915736564e-01
3.460849612603421388e+00
2.243576068621702946e-01
-7.648340923046407225e-01
2.990297912572756900e-01
-1.756414830391822002e-01
2.003245964246412048e-01
7.241658186424657639e-01
-5.444648143085595304e-01
2.162177732278054154e-01
2.088096578373013212e+00
-2.690542116377525952e-02
-1.408020714394571771e+00
1.782484762816884061e+00
1.726243427031566302e+00
-1.878915145999707104e+00
-3.982126559659817100e-01
1.946754925577989681e+00
-9.183408647206019459e-01
-8.560903492211902055e-01
2.365495205580503857e+00
-1.927689889623358077e+00
-7.586726836155393450e+00
-3.647503943491848588e+00
1.154508980773012006e+00
1.261053935353703970e-01
1.179749804812004338e-01
1.108063785575855859e-01
-1.320118820879102151e+00
4.207440783439137633e+00
9.940082620088741550e+00
2.193207808979420914e+00
-5.973628225429268745e+00
-8.240789514585474818e-01
2.790328217473299510e+00
-2.686062290758330029e+00
-3.801613365346674822e+00
-6.215117396638725200e-02
1.478917214710859934e-02
-3.644463725527551934e-01
1.025622788989946216e-01
-8.682792770641841740e-01
9.897234967219514790e-01
2.514065375365135413e+00
-2.246305954324407494e+00
-3.208650206653353099e+00
3.718038194286783060e+00
5.011110846626709581e+00
3.419040299978015063e-01
1.738641301615601320e-01
8.503509077849985553e-01
-1.171357162911812466e+00
-8.215396352858401752e-01
1.476760390894504560e-01
-9.793335657879691236e-02
6.253660368480529197e-01
-7.812443181276002013e-01
-8.078956011160746131e-01
5.514385132494298958e+00
5.428249162149097806e+00
-8.588959606869589480e-01
8.260028992579492524e+00
2.143443397930152727e+01
1.095939144598603043e+01
-5.050689201670117257e+00
-2.765428185262063465e+00
