Aiming to do 20 iteration(s) starting at t=9.90000000000e+10.
Total Taylor Error set to (0 + 0j)  +/-  (7.2e-36, 7.2e-36j)
Final bucket used is at 10634.
Time to (re-)initialise = 2 seconds.
Time to convolve = 23 seconds.
Time for final iFFT = 1 seconds.
looking for 354210531897-354210522951=8946 zeros
All 8946 zeros found in region 99000000000.000000 to 99000002394.000000 using stat points.
Time to isolate zeros = 0 seconds.
Time to (re-)initialise = 1 seconds.
Time to convolve = 25 seconds.
Time for final iFFT = 1 seconds.
looking for 354210540844-354210531897=8947 zeros
In resolve_stat_points at 117837 117838 117839.
In resolve_stat_points at 122205 122206 122207.
In resolve_stat_points at 145735 145736 145737.
In resolve_stat_points at 168520 168521 168522.
All 8947 zeros found in region 99000002394.000000 to 99000004788.000000 using stat points.
Time to isolate zeros = 0 seconds.
Time to (re-)initialise = 1 seconds.
Time to convolve = 25 seconds.
Time for final iFFT = 1 seconds.
looking for 354210549790-354210540844=8946 zeros
All 8946 zeros found in region 99000004788.000000 to 99000007182.000000 using stat points.
Time to isolate zeros = 0 seconds.
Time to (re-)initialise = 1 seconds.
Time to convolve = 26 seconds.
Time for final iFFT = 1 seconds.
looking for 354210558736-354210549790=8946 zeros
In resolve_stat_points at 89300 89301 89302.
In resolve_stat_points at 144487 144488 144489.
All 8946 zeros found in region 99000007182.000000 to 99000009576.000000 using stat points.
Time to isolate zeros = 0 seconds.
Time to (re-)initialise = 1 seconds.
Time to convolve = 25 seconds.
Time for final iFFT = 1 seconds.
looking for 354210567683-354210558736=8947 zeros
In resolve_stat_points at 79440 79441 79442.
All 8947 zeros found in region 99000009576.000000 to 99000011970.000000 using stat points.
Time to isolate zeros = 0 seconds.
Time to (re-)initialise = 1 seconds.
Time to convolve = 25 seconds.
Time for final iFFT = 1 seconds.
looking for 354210576630-354210567683=8947 zeros
In resolve_stat_points at 103367 103368 103369.
All 8947 zeros found in region 99000011970.000000 to 99000014364.000000 using stat points.
Time to isolate zeros = 0 seconds.
Time to (re-)initialise = 1 seconds.
Time to convolve = 25 seconds.
Time for final iFFT = 1 seconds.
looking for 354210585575-354210576630=8945 zeros
All 8945 zeros found in region 99000014364.000000 to 99000016758.000000 using stat points.
Time to isolate zeros = 0 seconds.
Time to (re-)initialise = 1 seconds.
Time to convolve = 25 seconds.
Time for final iFFT = 2 seconds.
looking for 354210594523-354210585575=8948 zeros
In resolve_stat_points at 108953 108954 108955.
In resolve_stat_points at 137015 137016 137017.
In resolve_stat_points at 146592 146593 146594.
All 8948 zeros found in region 99000016758.000000 to 99000019152.000000 using stat points.
Time to isolate zeros = 0 seconds.
Time to (re-)initialise = 1 seconds.
Time to convolve = 24 seconds.
Time for final iFFT = 2 seconds.
looking for 354210603469-354210594523=8946 zeros
All 8946 zeros found in region 99000019152.000000 to 99000021546.000000 using stat points.
Time to isolate zeros = 0 seconds.
Time to (re-)initialise = 1 seconds.
Time to convolve = 25 seconds.
Time for final iFFT = 1 seconds.
looking for 354210612416-354210603469=8947 zeros
All 8947 zeros found in region 99000021546.000000 to 99000023940.000000 using stat points.
Time to isolate zeros = 0 seconds.
Time to (re-)initialise = 1 seconds.
Time to convolve = 25 seconds.
Time for final iFFT = 1 seconds.
looking for 354210621362-354210612416=8946 zeros
In resolve_stat_points at 97917 97918 97919.
In resolve_stat_points at 103899 103900 103901.
In resolve_stat_points at 156740 156741 156742.
In resolve_stat_points at 182038 182039 182040.
All 8946 zeros found in region 99000023940.000000 to 99000026334.000000 using stat points.
Time to isolate zeros = 0 seconds.
Time to (re-)initialise = 1 seconds.
Time to convolve = 25 seconds.
Time for final iFFT = 1 seconds.
looking for 354210630308-354210621362=8946 zeros
All 8946 zeros found in region 99000026334.000000 to 99000028728.000000 using stat points.
Time to isolate zeros = 0 seconds.
Time to (re-)initialise = 1 seconds.
Time to convolve = 25 seconds.
Time for final iFFT = 1 seconds.
looking for 354210639256-354210630308=8948 zeros
In resolve_stat_points at 74915 74916 74917.
All 8948 zeros found in region 99000028728.000000 to 99000031122.000000 using stat points.
Time to isolate zeros = 1 seconds.
Time to (re-)initialise = 1 seconds.
Time to convolve = 24 seconds.
Time for final iFFT = 2 seconds.
looking for 354210648201-354210639256=8945 zeros
All 8945 zeros found in region 99000031122.000000 to 99000033516.000000 using stat points.
Time to isolate zeros = 0 seconds.
Time to (re-)initialise = 1 seconds.
Time to convolve = 25 seconds.
Time for final iFFT = 1 seconds.
looking for 354210657148-354210648201=8947 zeros
All 8947 zeros found in region 99000033516.000000 to 99000035910.000000 using stat points.
Time to isolate zeros = 0 seconds.
Time to (re-)initialise = 1 seconds.
Time to convolve = 25 seconds.
Time for final iFFT = 1 seconds.
0.0001177417478 +/- 1.2332e-09 3.741926831e-07 +/- 1.2355e-09 1.050256132e-05 +/- 1.1691e-09
In resolve_stat_points at 189666 189667 189668.
Resolved.
looking for 354210666094-354210657148=8946 zeros
All 8946 zeros found in region 99000035910.000000 to 99000038304.000000 using stat points.
Time to isolate zeros = 0 seconds.
Time to (re-)initialise = 1 seconds.
Time to convolve = 25 seconds.
Time for final iFFT = 1 seconds.
looking for 354210675041-354210666094=8947 zeros
In resolve_stat_points at 72930 72931 72932.
In resolve_stat_points at 80488 80489 80490.
In resolve_stat_points at 99271 99272 99273.
All 8947 zeros found in region 99000038304.000000 to 99000040698.000000 using stat points.
Time to isolate zeros = 0 seconds.
Time to (re-)initialise = 1 seconds.
Time to convolve = 25 seconds.
Time for final iFFT = 2 seconds.
looking for 354210683987-354210675041=8946 zeros
In resolve_stat_points at 122380 122381 122382.
In resolve_stat_points at 187419 187420 187421.
All 8946 zeros found in region 99000040698.000000 to 99000043092.000000 using stat points.
Time to isolate zeros = 0 seconds.
Time to (re-)initialise = 1 seconds.
Time to convolve = 28 seconds.
Time for final iFFT = 2 seconds.
looking for 354210692933-354210683987=8946 zeros
All 8946 zeros found in region 99000043092.000000 to 99000045486.000000 using stat points.
Time to isolate zeros = 0 seconds.
Time to (re-)initialise = 1 seconds.
Time to convolve = 27 seconds.
Time for final iFFT = 2 seconds.
looking for 354210701880-354210692933=8947 zeros
In resolve_stat_points at 125691 125692 125693.
In resolve_stat_points at 139729 139730 139731.
All 8947 zeros found in region 99000045486.000000 to 99000047880.000000 using stat points.
Time to isolate zeros = 0 seconds.
