Aiming to do 20 iteration(s) starting at t=9.90003830400e+10.
Total Taylor Error set to (0 + 0j)  +/-  (7.2e-36, 7.2e-36j)
Final bucket used is at 10634.
Time to (re-)initialise = 2 seconds.
Time to convolve = 24 seconds.
Time for final iFFT = 2 seconds.
looking for 354211963333-354211954387=8946 zeros
All 8946 zeros found in region 99000383040.000000 to 99000385434.000000 using stat points.
Time to isolate zeros = 0 seconds.
Time to (re-)initialise = 1 seconds.
Time to convolve = 25 seconds.
Time for final iFFT = 2 seconds.
looking for 354211972279-354211963333=8946 zeros
All 8946 zeros found in region 99000385434.000000 to 99000387828.000000 using stat points.
Time to isolate zeros = 0 seconds.
Time to (re-)initialise = 1 seconds.
Time to convolve = 25 seconds.
Time for final iFFT = 3 seconds.
looking for 354211981226-354211972279=8947 zeros
All 8947 zeros found in region 99000387828.000000 to 99000390222.000000 using stat points.
Time to isolate zeros = 0 seconds.
Time to (re-)initialise = 1 seconds.
Time to convolve = 25 seconds.
Time for final iFFT = 2 seconds.
looking for 354211990172-354211981226=8946 zeros
All 8946 zeros found in region 99000390222.000000 to 99000392616.000000 using stat points.
Time to isolate zeros = 1 seconds.
Time to (re-)initialise = 0 seconds.
Time to convolve = 26 seconds.
Time for final iFFT = 2 seconds.
looking for 354211999119-354211990172=8947 zeros
All 8947 zeros found in region 99000392616.000000 to 99000395010.000000 using stat points.
Time to isolate zeros = 0 seconds.
Time to (re-)initialise = 1 seconds.
Time to convolve = 25 seconds.
Time for final iFFT = 3 seconds.
looking for 354212008065-354211999119=8946 zeros
All 8946 zeros found in region 99000395010.000000 to 99000397404.000000 using stat points.
Time to isolate zeros = 0 seconds.
Time to (re-)initialise = 1 seconds.
Time to convolve = 25 seconds.
Time for final iFFT = 3 seconds.
looking for 354212017011-354212008065=8946 zeros
All 8946 zeros found in region 99000397404.000000 to 99000399798.000000 using stat points.
Time to isolate zeros = 0 seconds.
Time to (re-)initialise = 1 seconds.
Time to convolve = 25 seconds.
Time for final iFFT = 3 seconds.
looking for 354212025958-354212017011=8947 zeros
All 8947 zeros found in region 99000399798.000000 to 99000402192.000000 using stat points.
Time to isolate zeros = 0 seconds.
Time to (re-)initialise = 1 seconds.
Time to convolve = 25 seconds.
Time for final iFFT = 3 seconds.
looking for 354212034904-354212025958=8946 zeros
All 8946 zeros found in region 99000402192.000000 to 99000404586.000000 using stat points.
Time to isolate zeros = 0 seconds.
Time to (re-)initialise = 1 seconds.
Time to convolve = 25 seconds.
Time for final iFFT = 3 seconds.
looking for 354212043851-354212034904=8947 zeros
All 8947 zeros found in region 99000404586.000000 to 99000406980.000000 using stat points.
Time to isolate zeros = 0 seconds.
Time to (re-)initialise = 1 seconds.
Time to convolve = 25 seconds.
Time for final iFFT = 3 seconds.
looking for 354212052797-354212043851=8946 zeros
All 8946 zeros found in region 99000406980.000000 to 99000409374.000000 using stat points.
Time to isolate zeros = 0 seconds.
Time to (re-)initialise = 1 seconds.
Time to convolve = 25 seconds.
Time for final iFFT = 3 seconds.
looking for 354212061744-354212052797=8947 zeros
All 8947 zeros found in region 99000409374.000000 to 99000411768.000000 using stat points.
Time to isolate zeros = 0 seconds.
Time to (re-)initialise = 1 seconds.
Time to convolve = 25 seconds.
Time for final iFFT = 2 seconds.
looking for 354212070690-354212061744=8946 zeros
All 8946 zeros found in region 99000411768.000000 to 99000414162.000000 using stat points.
Time to isolate zeros = 1 seconds.
Time to (re-)initialise = 1 seconds.
Time to convolve = 25 seconds.
Time for final iFFT = 2 seconds.
looking for 354212079637-354212070690=8947 zeros
All 8947 zeros found in region 99000414162.000000 to 99000416556.000000 using stat points.
Time to isolate zeros = 1 seconds.
Time to (re-)initialise = 1 seconds.
Time to convolve = 25 seconds.
Time for final iFFT = 2 seconds.
looking for 354212088583-354212079637=8946 zeros
All 8946 zeros found in region 99000416556.000000 to 99000418950.000000 using stat points.
Time to isolate zeros = 1 seconds.
Time to (re-)initialise = 1 seconds.
Time to convolve = 25 seconds.
Time for final iFFT = 2 seconds.
looking for 354212097529-354212088583=8946 zeros
All 8946 zeros found in region 99000418950.000000 to 99000421344.000000 using stat points.
Time to isolate zeros = 1 seconds.
Time to (re-)initialise = 1 seconds.
Time to convolve = 25 seconds.
Time for final iFFT = 2 seconds.
looking for 354212106476-354212097529=8947 zeros
All 8947 zeros found in region 99000421344.000000 to 99000423738.000000 using stat points.
Time to isolate zeros = 1 seconds.
Time to (re-)initialise = 1 seconds.
Time to convolve = 25 seconds.
Time for final iFFT = 2 seconds.
looking for 354212115422-354212106476=8946 zeros
All 8946 zeros found in region 99000423738.000000 to 99000426132.000000 using stat points.
Time to isolate zeros = 1 seconds.
Time to (re-)initialise = 1 seconds.
Time to convolve = 28 seconds.
Time for final iFFT = 3 seconds.
looking for 354212124369-354212115422=8947 zeros
All 8947 zeros found in region 99000426132.000000 to 99000428526.000000 using stat points.
Time to isolate zeros = 0 seconds.
Time to (re-)initialise = 1 seconds.
Time to convolve = 27 seconds.
Time for final iFFT = 2 seconds.
looking for 354212133316-354212124369=8947 zeros
All 8947 zeros found in region 99000428526.000000 to 99000430920.000000 using stat points.
Time to isolate zeros = 0 seconds.
