Aiming to do 20 iteration(s) starting at t=9.90004309200e+10.
Total Taylor Error set to (0 + 0j)  +/-  (7.2e-36, 7.2e-36j)
Final bucket used is at 10634.
Time to (re-)initialise = 2 seconds.
Time to convolve = 24 seconds.
Time for final iFFT = 2 seconds.
looking for 354212142263-354212133316=8947 zeros
All 8947 zeros found in region 99000430920.000000 to 99000433314.000000 using stat points.
Time to isolate zeros = 0 seconds.
Time to (re-)initialise = 1 seconds.
Time to convolve = 25 seconds.
Time for final iFFT = 2 seconds.
looking for 354212151209-354212142263=8946 zeros
All 8946 zeros found in region 99000433314.000000 to 99000435708.000000 using stat points.
Time to isolate zeros = 0 seconds.
Time to (re-)initialise = 1 seconds.
Time to convolve = 25 seconds.
Time for final iFFT = 3 seconds.
looking for 354212160155-354212151209=8946 zeros
Stat point found at 245453.
In resolve_stat_points at 245451 245452 245453.
All 8946 zeros found in region 99000435708.000000 to 99000438102.000000 using stat points.
Time to isolate zeros = 0 seconds.
Time to (re-)initialise = 1 seconds.
Time to convolve = 25 seconds.
Time for final iFFT = 2 seconds.
looking for 354212169101-354212160155=8946 zeros
All 8946 zeros found in region 99000438102.000000 to 99000440496.000000 using stat points.
Time to isolate zeros = 1 seconds.
Time to (re-)initialise = 1 seconds.
Time to convolve = 25 seconds.
Time for final iFFT = 2 seconds.
looking for 354212178048-354212169101=8947 zeros
All 8947 zeros found in region 99000440496.000000 to 99000442890.000000 using stat points.
Time to isolate zeros = 0 seconds.
Time to (re-)initialise = 1 seconds.
Time to convolve = 26 seconds.
Time for final iFFT = 2 seconds.
looking for 354212186995-354212178048=8947 zeros
All 8947 zeros found in region 99000442890.000000 to 99000445284.000000 using stat points.
Time to isolate zeros = 0 seconds.
Time to (re-)initialise = 1 seconds.
Time to convolve = 26 seconds.
Time for final iFFT = 2 seconds.
looking for 354212195941-354212186995=8946 zeros
All 8946 zeros found in region 99000445284.000000 to 99000447678.000000 using stat points.
Time to isolate zeros = 0 seconds.
Time to (re-)initialise = 1 seconds.
Time to convolve = 25 seconds.
Time for final iFFT = 3 seconds.
looking for 354212204888-354212195941=8947 zeros
All 8947 zeros found in region 99000447678.000000 to 99000450072.000000 using stat points.
Time to isolate zeros = 0 seconds.
Time to (re-)initialise = 1 seconds.
Time to convolve = 25 seconds.
Time for final iFFT = 3 seconds.
looking for 354212213834-354212204888=8946 zeros
All 8946 zeros found in region 99000450072.000000 to 99000452466.000000 using stat points.
Time to isolate zeros = 0 seconds.
Time to (re-)initialise = 1 seconds.
Time to convolve = 25 seconds.
Time for final iFFT = 3 seconds.
looking for 354212222781-354212213834=8947 zeros
All 8947 zeros found in region 99000452466.000000 to 99000454860.000000 using stat points.
Time to isolate zeros = 0 seconds.
Time to (re-)initialise = 1 seconds.
Time to convolve = 25 seconds.
Time for final iFFT = 3 seconds.
looking for 354212231727-354212222781=8946 zeros
All 8946 zeros found in region 99000454860.000000 to 99000457254.000000 using stat points.
Time to isolate zeros = 0 seconds.
Time to (re-)initialise = 1 seconds.
Time to convolve = 25 seconds.
Time for final iFFT = 3 seconds.
looking for 354212240673-354212231727=8946 zeros
All 8946 zeros found in region 99000457254.000000 to 99000459648.000000 using stat points.
Time to isolate zeros = 0 seconds.
Time to (re-)initialise = 1 seconds.
Time to convolve = 25 seconds.
Time for final iFFT = 3 seconds.
looking for 354212249620-354212240673=8947 zeros
All 8947 zeros found in region 99000459648.000000 to 99000462042.000000 using stat points.
Time to isolate zeros = 0 seconds.
Time to (re-)initialise = 1 seconds.
Time to convolve = 25 seconds.
Time for final iFFT = 3 seconds.
looking for 354212258566-354212249620=8946 zeros
Stat point found at 186709.
In resolve_stat_points at 186707 186708 186709.
All 8946 zeros found in region 99000462042.000000 to 99000464436.000000 using stat points.
Time to isolate zeros = 0 seconds.
Time to (re-)initialise = 1 seconds.
Time to convolve = 25 seconds.
Time for final iFFT = 3 seconds.
looking for 354212267512-354212258566=8946 zeros
All 8946 zeros found in region 99000464436.000000 to 99000466830.000000 using stat points.
Time to isolate zeros = 0 seconds.
Time to (re-)initialise = 1 seconds.
Time to convolve = 25 seconds.
Time for final iFFT = 3 seconds.
looking for 354212276460-354212267512=8948 zeros
All 8948 zeros found in region 99000466830.000000 to 99000469224.000000 using stat points.
Time to isolate zeros = 0 seconds.
Time to (re-)initialise = 1 seconds.
Time to convolve = 25 seconds.
Time for final iFFT = 3 seconds.
looking for 354212285406-354212276460=8946 zeros
All 8946 zeros found in region 99000469224.000000 to 99000471618.000000 using stat points.
Time to isolate zeros = 0 seconds.
Time to (re-)initialise = 1 seconds.
Time to convolve = 25 seconds.
Time for final iFFT = 3 seconds.
looking for 354212294352-354212285406=8946 zeros
Stat point found at 339693.
In resolve_stat_points at 339691 339692 339693.
All 8946 zeros found in region 99000471618.000000 to 99000474012.000000 using stat points.
Time to isolate zeros = 0 seconds.
Time to (re-)initialise = 1 seconds.
Time to convolve = 25 seconds.
Time for final iFFT = 3 seconds.
looking for 354212303299-354212294352=8947 zeros
All 8947 zeros found in region 99000474012.000000 to 99000476406.000000 using stat points.
Time to isolate zeros = 0 seconds.
Time to (re-)initialise = 1 seconds.
Time to convolve = 25 seconds.
Time for final iFFT = 3 seconds.
looking for 354212312245-354212303299=8946 zeros
All 8946 zeros found in region 99000476406.000000 to 99000478800.000000 using stat points.
Time to isolate zeros = 0 seconds.
