q=23: chi=2: N-P=0
I=1.0136402011387826845934706099109920464 q=23: chi=3: N-P=1
q=23: chi=4: N-P=0
q=23: chi=6: N-P=0
q=23: chi=8: N-P=0
q=23: chi=9: N-P=0
q=23: chi=12: N-P=0
q=23: chi=13: N-P=0
q=23: chi=16: N-P=0
q=23: chi=18: N-P=0
q=24: chi=11: N-P=0
q=25: chi=4: N-P=0
q=25: chi=6: N-P=0
q=25: chi=9: N-P=0
q=25: chi=11: N-P=0
q=25: chi=14: N-P=0
q=25: chi=16: N-P=0
q=25: chi=19: N-P=0
q=25: chi=21: N-P=0
q=27: chi=4: N-P=0
q=27: chi=7: N-P=0
q=27: chi=13: N-P=0
q=27: chi=16: N-P=0
q=27: chi=22: N-P=0
q=27: chi=25: N-P=0
q=28: chi=3: N-P=0
q=28: chi=19: N-P=0
q=28: chi=27: N-P=0
q=29: chi=4: N-P=0
q=29: chi=5: N-P=0
q=29: chi=6: N-P=0
q=29: chi=7: N-P=0
q=29: chi=9: N-P=0
q=29: chi=13: N-P=0
q=29: chi=16: N-P=0
q=29: chi=20: N-P=0
q=29: chi=22: N-P=0
q=29: chi=23: N-P=1
q=29: chi=24: N-P=0
q=29: chi=25: N-P=0
q=29: chi=28: N-P=0
q=31: chi=2: N-P=0
q=31: chi=4: N-P=0
q=31: chi=5: N-P=0
q=31: chi=7: N-P=0
q=31: chi=8: N-P=0
q=31: chi=9: N-P=0
q=31: chi=10: N-P=0
q=31: chi=14: N-P=1
q=31: chi=16: N-P=0
q=31: chi=18: N-P=0
q=31: chi=19: N-P=0
q=31: chi=20: N-P=0
q=31: chi=25: N-P=0
q=31: chi=28: N-P=1
q=32: chi=5: N-P=0
q=32: chi=13: N-P=0
q=32: chi=21: N-P=0
q=32: chi=29: N-P=0
q=33: chi=2: N-P=0
q=33: chi=8: N-P=0
q=33: chi=17: N-P=0
q=33: chi=29: N-P=0
q=33: chi=32: N-P=0
q=35: chi=3: N-P=0
q=35: chi=4: N-P=0
q=35: chi=9: N-P=0
q=35: chi=12: N-P=0
I=-0.18116661438047629095622884631442338921 q=35: chi=13: N-P=0
q=35: chi=17: N-P=0
q=35: chi=27: N-P=0
q=35: chi=33: N-P=0
q=36: chi=11: N-P=0
q=36: chi=23: N-P=0
q=37: chi=3: N-P=1
q=37: chi=4: N-P=0
q=37: chi=7: N-P=0
q=37: chi=9: N-P=0
q=37: chi=10: N-P=0
q=37: chi=11: N-P=0
q=37: chi=12: N-P=0
q=37: chi=16: N-P=0
q=37: chi=21: N-P=0
q=37: chi=25: N-P=0
q=37: chi=26: N-P=1
q=37: chi=27: N-P=0
q=37: chi=28: N-P=0
q=37: chi=30: N-P=0
q=37: chi=33: N-P=1
q=37: chi=34: N-P=0
q=37: chi=36: N-P=0
q=39: chi=2: N-P=0
q=39: chi=5: N-P=0
I=0.085212990364168210584665610922762625711 q=39: chi=8: N-P=0
q=39: chi=11: N-P=0
q=39: chi=20: N-P=0
q=39: chi=32: N-P=0
q=40: chi=3: N-P=0
q=40: chi=27: N-P=0
q=40: chi=29: N-P=0
q=41: chi=2: N-P=0
q=41: chi=4: N-P=1
q=41: chi=5: N-P=0
q=41: chi=8: N-P=0
q=41: chi=9: N-P=0
q=41: chi=10: N-P=0
q=41: chi=16: N-P=0
q=41: chi=18: N-P=0
q=41: chi=20: N-P=0
q=41: chi=21: N-P=0
q=41: chi=23: N-P=0
q=41: chi=25: N-P=0
q=41: chi=31: N-P=0
q=41: chi=32: N-P=1
q=41: chi=33: N-P=1
q=41: chi=36: N-P=0
q=41: chi=37: N-P=0
q=41: chi=39: N-P=0
q=41: chi=40: N-P=0
q=43: chi=4: N-P=0
q=43: chi=6: N-P=0
q=43: chi=9: N-P=0
q=43: chi=10: N-P=0
q=43: chi=11: N-P=0
q=43: chi=13: N-P=0
q=43: chi=14: N-P=0
q=43: chi=15: N-P=1
q=43: chi=16: N-P=0
q=43: chi=17: N-P=0
q=43: chi=21: N-P=0
q=43: chi=23: N-P=0
q=43: chi=24: N-P=0
q=43: chi=25: N-P=0
q=43: chi=31: N-P=0
I=1.8565474210609064462864939346175109616 q=43: chi=35: N-P=2
q=43: chi=36: N-P=0
q=43: chi=38: N-P=0
q=43: chi=40: N-P=0
q=43: chi=41: N-P=0
q=44: chi=7: N-P=0
q=44: chi=19: N-P=0
q=44: chi=35: N-P=0
q=44: chi=39: N-P=1
q=44: chi=43: N-P=0
q=45: chi=2: N-P=0
q=45: chi=4: N-P=0
q=45: chi=23: N-P=0
q=45: chi=32: N-P=0
q=45: chi=34: N-P=0
q=45: chi=38: N-P=0
q=47: chi=2: N-P=0
q=47: chi=3: N-P=1
q=47: chi=4: N-P=0
I=0.088952558909810019316348046003137436414 q=47: chi=6: N-P=0
q=47: chi=7: N-P=0
q=47: chi=8: N-P=0
q=47: chi=9: N-P=0
q=47: chi=12: N-P=0
q=47: chi=14: N-P=0
q=47: chi=16: N-P=0
q=47: chi=17: N-P=0
q=47: chi=18: N-P=0
q=47: chi=21: N-P=0
q=47: chi=24: N-P=0
q=47: chi=25: N-P=0
q=47: chi=27: N-P=0
q=47: chi=28: N-P=0
q=47: chi=32: N-P=0
I=0.19020638712711802529434826345956558075 q=47: chi=34: N-P=0
q=47: chi=36: N-P=0
q=47: chi=37: N-P=0
q=47: chi=42: N-P=1
q=48: chi=11: N-P=0
q=48: chi=35: N-P=0
q=49: chi=2: N-P=0
q=49: chi=4: N-P=0
q=49: chi=8: N-P=0
q=49: chi=9: N-P=0
q=49: chi=11: N-P=0
q=49: chi=15: N-P=1
I=-0.011151436965916505634112139287617470250 q=49: chi=16: N-P=0
q=49: chi=22: N-P=1
q=49: chi=23: N-P=0
q=49: chi=25: N-P=0
q=49: chi=29: N-P=0
q=49: chi=32: N-P=0
q=49: chi=36: N-P=0
q=49: chi=37: N-P=0
q=49: chi=39: N-P=0
q=49: chi=43: N-P=0
q=49: chi=44: N-P=0
q=49: chi=46: N-P=0
q=51: chi=5: N-P=0
q=51: chi=11: N-P=1
q=51: chi=14: N-P=0
q=51: chi=20: N-P=0
q=51: chi=23: N-P=0
q=51: chi=29: N-P=0
q=51: chi=41: N-P=0
q=51: chi=44: N-P=0
q=52: chi=7: N-P=0
q=52: chi=11: N-P=0
q=52: chi=15: N-P=0
q=52: chi=19: N-P=0
q=52: chi=31: N-P=1
q=52: chi=47: N-P=0
q=53: chi=4: N-P=0
q=53: chi=6: N-P=0
q=53: chi=7: N-P=1
q=53: chi=9: N-P=0
q=53: chi=10: N-P=0
q=53: chi=11: N-P=0
q=53: chi=13: N-P=1
q=53: chi=15: N-P=0
q=53: chi=16: N-P=0
q=53: chi=17: N-P=0
q=53: chi=24: N-P=0
q=53: chi=25: N-P=0
q=53: chi=28: N-P=0
q=53: chi=29: N-P=0
q=53: chi=36: N-P=1
q=53: chi=37: N-P=0
q=53: chi=38: N-P=0
q=53: chi=40: N-P=0
q=53: chi=42: N-P=1
q=53: chi=43: N-P=0
q=53: chi=44: N-P=0
q=53: chi=46: N-P=0
q=53: chi=47: N-P=0
q=53: chi=49: N-P=0
q=53: chi=52: N-P=0
q=55: chi=2: N-P=0
q=55: chi=4: N-P=0
q=55: chi=7: N-P=0
q=55: chi=8: N-P=0
q=55: chi=9: N-P=0
q=55: chi=13: N-P=0
q=55: chi=14: N-P=0
q=55: chi=17: N-P=0
q=55: chi=18: N-P=0
q=55: chi=28: N-P=0
q=55: chi=32: N-P=1
q=55: chi=43: N-P=0
q=55: chi=49: N-P=0
q=55: chi=52: N-P=0
q=56: chi=3: N-P=0
q=56: chi=19: N-P=0
q=56: chi=27: N-P=0
q=56: chi=37: N-P=0
q=56: chi=53: N-P=0
q=57: chi=2: N-P=0
q=57: chi=8: N-P=0
q=57: chi=14: N-P=0
q=57: chi=29: N-P=1
q=57: chi=32: N-P=0
q=57: chi=41: N-P=0
q=57: chi=50: N-P=0
q=57: chi=53: N-P=0
q=57: chi=56: N-P=0
q=59: chi=3: N-P=0
q=59: chi=4: N-P=0
q=59: chi=5: N-P=0
q=59: chi=7: N-P=1
q=59: chi=9: N-P=0
q=59: chi=12: N-P=0
q=59: chi=15: N-P=0
q=59: chi=16: N-P=0
q=59: chi=17: N-P=0
q=59: chi=19: N-P=1
q=59: chi=20: N-P=0
q=59: chi=21: N-P=0
q=59: chi=22: N-P=0
q=59: chi=25: N-P=0
q=59: chi=26: N-P=1
q=59: chi=27: N-P=0
q=59: chi=28: N-P=0
q=59: chi=29: N-P=0
q=59: chi=35: N-P=1
I=0.98981054420543707972115049402886908065 q=59: chi=36: N-P=1
q=59: chi=41: N-P=0
q=59: chi=45: N-P=0
q=59: chi=46: N-P=0
I=0.84909652966826048960560980854790274481 q=59: chi=48: N-P=1
q=59: chi=49: N-P=0
q=59: chi=51: N-P=0
q=59: chi=53: N-P=0
q=59: chi=57: N-P=0
q=60: chi=59: N-P=0
q=61: chi=3: N-P=0
q=61: chi=4: N-P=0
q=61: chi=5: N-P=0
q=61: chi=9: N-P=0
q=61: chi=12: N-P=0
I=0.012067106162431321679642174635452056454 q=61: chi=13: N-P=0
q=61: chi=14: N-P=0
q=61: chi=15: N-P=0
q=61: chi=16: N-P=0
q=61: chi=19: N-P=0
q=61: chi=20: N-P=1
q=61: chi=22: N-P=0
q=61: chi=25: N-P=0
q=61: chi=27: N-P=1
q=61: chi=34: N-P=1
q=61: chi=36: N-P=0
q=61: chi=39: N-P=1
q=61: chi=41: N-P=0
I=0.88851389576410357715923475541897980168 q=61: chi=42: N-P=1
q=61: chi=45: N-P=1
q=61: chi=46: N-P=0
q=61: chi=47: N-P=0
q=61: chi=48: N-P=0
q=61: chi=49: N-P=0
q=61: chi=52: N-P=0
q=61: chi=56: N-P=0
q=61: chi=57: N-P=0
q=61: chi=58: N-P=0
q=61: chi=60: N-P=0
q=63: chi=4: N-P=0
q=63: chi=5: N-P=0
q=63: chi=16: N-P=0
q=63: chi=20: N-P=0
q=63: chi=25: N-P=0
q=63: chi=38: N-P=1
I=0.95384972083327311516766671231172845588 q=63: chi=41: N-P=1
q=63: chi=47: N-P=0
q=63: chi=58: N-P=0
q=63: chi=59: N-P=0
q=64: chi=5: N-P=0
q=64: chi=13: N-P=0
q=64: chi=21: N-P=0
q=64: chi=29: N-P=0
q=64: chi=37: N-P=1
q=64: chi=45: N-P=0
q=64: chi=53: N-P=0
q=64: chi=61: N-P=0
q=65: chi=2: N-P=0
q=65: chi=4: N-P=0
q=65: chi=7: N-P=0
q=65: chi=8: N-P=0
q=65: chi=9: N-P=0
q=65: chi=18: N-P=0
q=65: chi=28: N-P=1
q=65: chi=29: N-P=0
I=0.22308134473603188853736650062879933752 q=65: chi=32: N-P=0
q=65: chi=33: N-P=0
q=65: chi=37: N-P=0
q=65: chi=47: N-P=1
q=65: chi=49: N-P=0
q=65: chi=57: N-P=0
q=65: chi=58: N-P=0
q=65: chi=63: N-P=0
q=65: chi=64: N-P=0
q=67: chi=4: N-P=0
q=67: chi=6: N-P=0
q=67: chi=9: N-P=0
q=67: chi=10: N-P=1
q=67: chi=14: N-P=0
q=67: chi=15: N-P=0
q=67: chi=16: N-P=0
q=67: chi=17: N-P=0
q=67: chi=19: N-P=0
q=67: chi=21: N-P=0
I=0.89183606255284126714584124669796834485 q=67: chi=22: N-P=1
q=67: chi=23: N-P=0
q=67: chi=24: N-P=1
q=67: chi=25: N-P=1
I=0.019060942971893255076739577026316691525 q=67: chi=26: N-P=0
q=67: chi=29: N-P=0
q=67: chi=33: N-P=0
q=67: chi=35: N-P=0
q=67: chi=36: N-P=0
q=67: chi=37: N-P=0
q=67: chi=39: N-P=0
q=67: chi=40: N-P=0
q=67: chi=47: N-P=0
q=67: chi=49: N-P=0
q=67: chi=54: N-P=1
q=67: chi=55: N-P=0
q=67: chi=56: N-P=0
q=67: chi=59: N-P=0
q=67: chi=60: N-P=0
q=67: chi=62: N-P=1
q=67: chi=64: N-P=0
q=67: chi=65: N-P=0
q=68: chi=3: N-P=0
q=68: chi=7: N-P=0
q=68: chi=11: N-P=0
q=68: chi=23: N-P=1
q=68: chi=27: N-P=1
q=68: chi=31: N-P=0
I=-0.12541560555628012490129113520137737243 q=68: chi=39: N-P=0
q=68: chi=63: N-P=0
q=69: chi=5: N-P=1
q=69: chi=11: N-P=0
q=69: chi=14: N-P=0
q=69: chi=17: N-P=0
q=69: chi=20: N-P=0
q=69: chi=38: N-P=0
q=69: chi=44: N-P=0
q=69: chi=53: N-P=0
q=69: chi=56: N-P=1
q=69: chi=65: N-P=0
q=69: chi=68: N-P=0
q=71: chi=2: N-P=0
q=71: chi=3: N-P=0
q=71: chi=4: N-P=0
q=71: chi=5: N-P=0
q=71: chi=6: N-P=1
q=71: chi=8: N-P=0
q=71: chi=9: N-P=0
q=71: chi=10: N-P=1
q=71: chi=12: N-P=0
q=71: chi=15: N-P=0
q=71: chi=16: N-P=0
q=71: chi=18: N-P=0
q=71: chi=19: N-P=0
q=71: chi=20: N-P=0
q=71: chi=24: N-P=1
q=71: chi=25: N-P=1
q=71: chi=27: N-P=0
q=71: chi=29: N-P=0
q=71: chi=30: N-P=0
q=71: chi=32: N-P=0
q=71: chi=36: N-P=1
q=71: chi=37: N-P=0
q=71: chi=38: N-P=0
q=71: chi=40: N-P=0
q=71: chi=43: N-P=0
q=71: chi=45: N-P=0
q=71: chi=48: N-P=0
q=71: chi=49: N-P=0
q=71: chi=50: N-P=0
q=71: chi=54: N-P=0
q=71: chi=57: N-P=1
I=-0.14433836889872212402618853616040990669 q=71: chi=58: N-P=0
q=71: chi=60: N-P=0
q=71: chi=64: N-P=0
q=72: chi=11: N-P=0
q=72: chi=13: N-P=0
q=72: chi=59: N-P=0
q=72: chi=61: N-P=0
q=73: chi=2: N-P=0
q=73: chi=3: N-P=1
q=73: chi=4: N-P=0
q=73: chi=6: N-P=0
q=73: chi=8: N-P=0
q=73: chi=9: N-P=0
q=73: chi=12: N-P=0
I=1.0871836547109732538719282633564352495 q=73: chi=16: N-P=1
q=73: chi=18: N-P=0
q=73: chi=19: N-P=0
q=73: chi=23: N-P=0
q=73: chi=24: N-P=1
q=73: chi=25: N-P=0
q=73: chi=27: N-P=0
I=-0.087183654710973255552862312014677929225 q=73: chi=32: N-P=0
q=73: chi=35: N-P=1
q=73: chi=36: N-P=0
q=73: chi=37: N-P=0
q=73: chi=38: N-P=0
q=73: chi=41: N-P=0
q=73: chi=46: N-P=0
q=73: chi=48: N-P=0
q=73: chi=49: N-P=0
q=73: chi=50: N-P=0
q=73: chi=54: N-P=0
q=73: chi=55: N-P=1
q=73: chi=57: N-P=0
q=73: chi=61: N-P=1
q=73: chi=64: N-P=0
q=73: chi=65: N-P=0
q=73: chi=67: N-P=0
q=73: chi=69: N-P=1
q=73: chi=70: N-P=0
q=73: chi=71: N-P=1
q=73: chi=72: N-P=0
q=75: chi=2: N-P=0
q=75: chi=8: N-P=1
q=75: chi=17: N-P=0
q=75: chi=23: N-P=0
q=75: chi=38: N-P=0
q=75: chi=47: N-P=0
q=75: chi=53: N-P=0
q=75: chi=62: N-P=0
q=76: chi=3: N-P=0
q=76: chi=15: N-P=0
q=76: chi=27: N-P=1
q=76: chi=31: N-P=0
q=76: chi=51: N-P=0
q=76: chi=59: N-P=0
q=76: chi=67: N-P=0
q=76: chi=71: N-P=0
q=76: chi=75: N-P=0
q=77: chi=4: N-P=0
q=77: chi=6: N-P=0
q=77: chi=9: N-P=0
q=77: chi=10: N-P=0
q=77: chi=13: N-P=0
q=77: chi=16: N-P=0
q=77: chi=17: N-P=0
q=77: chi=19: N-P=0
q=77: chi=24: N-P=0
q=77: chi=25: N-P=0
q=77: chi=37: N-P=0
q=77: chi=40: N-P=0
q=77: chi=41: N-P=0
q=77: chi=52: N-P=0
q=77: chi=53: N-P=0
q=77: chi=54: N-P=0
q=77: chi=58: N-P=1
I=0.13360483907200093372496036426065978993 q=77: chi=60: N-P=0
q=77: chi=61: N-P=0
q=77: chi=62: N-P=0
q=77: chi=68: N-P=1
q=77: chi=73: N-P=0
q=77: chi=76: N-P=0
q=79: chi=2: N-P=0
q=79: chi=4: N-P=0
q=79: chi=5: N-P=0
q=79: chi=8: N-P=0
q=79: chi=9: N-P=0
q=79: chi=10: N-P=1
q=79: chi=11: N-P=0
q=79: chi=13: N-P=0
q=79: chi=16: N-P=0
q=79: chi=18: N-P=0
q=79: chi=19: N-P=1
q=79: chi=20: N-P=1
q=79: chi=21: N-P=1
q=79: chi=22: N-P=0
q=79: chi=23: N-P=1
q=79: chi=25: N-P=0
q=79: chi=26: N-P=0
q=79: chi=31: N-P=1
q=79: chi=32: N-P=0
q=79: chi=36: N-P=0
q=79: chi=38: N-P=1
q=79: chi=40: N-P=0
q=79: chi=42: N-P=0
q=79: chi=44: N-P=0
q=79: chi=45: N-P=0
q=79: chi=46: N-P=0
q=79: chi=49: N-P=0
q=79: chi=50: N-P=1
q=79: chi=51: N-P=0
q=79: chi=52: N-P=0
q=79: chi=55: N-P=0
q=79: chi=62: N-P=0
q=79: chi=64: N-P=0
q=79: chi=65: N-P=0
q=79: chi=67: N-P=1
q=79: chi=72: N-P=0
q=79: chi=73: N-P=0
q=79: chi=76: N-P=0
q=80: chi=3: N-P=0
q=80: chi=27: N-P=0
q=80: chi=29: N-P=0
q=80: chi=43: N-P=1
q=80: chi=67: N-P=0
q=80: chi=69: N-P=0
q=81: chi=4: N-P=0
q=81: chi=7: N-P=0
q=81: chi=13: N-P=0
q=81: chi=16: N-P=0
q=81: chi=22: N-P=0
q=81: chi=25: N-P=1
q=81: chi=31: N-P=0
q=81: chi=34: N-P=0
q=81: chi=40: N-P=0
q=81: chi=43: N-P=0
q=81: chi=49: N-P=1
q=81: chi=52: N-P=0
q=81: chi=58: N-P=0
q=81: chi=61: N-P=0
q=81: chi=67: N-P=1
q=81: chi=70: N-P=0
q=81: chi=76: N-P=0
q=81: chi=79: N-P=0
q=83: chi=3: N-P=0
q=83: chi=4: N-P=0
q=83: chi=7: N-P=0
q=83: chi=9: N-P=0
q=83: chi=10: N-P=0
q=83: chi=11: N-P=0
q=83: chi=12: N-P=0
q=83: chi=16: N-P=0
q=83: chi=17: N-P=0
q=83: chi=21: N-P=0
q=83: chi=23: N-P=1
q=83: chi=25: N-P=1
q=83: chi=26: N-P=1
q=83: chi=27: N-P=0
q=83: chi=28: N-P=0
q=83: chi=29: N-P=0
q=83: chi=30: N-P=0
q=83: chi=31: N-P=1
q=83: chi=33: N-P=0
q=83: chi=36: N-P=0
q=83: chi=37: N-P=1
q=83: chi=38: N-P=0
q=83: chi=40: N-P=0
q=83: chi=41: N-P=0
q=83: chi=44: N-P=1
q=83: chi=48: N-P=0
q=83: chi=49: N-P=0
q=83: chi=51: N-P=0
q=83: chi=59: N-P=0
I=0.85190716092654804134780080328197298793 q=83: chi=61: N-P=1
I=0.040109285567362111492493781010002536900 q=83: chi=63: N-P=0
q=83: chi=64: N-P=0
q=83: chi=65: N-P=0
q=83: chi=68: N-P=0
q=83: chi=69: N-P=1
q=83: chi=70: N-P=1
q=83: chi=75: N-P=0
q=83: chi=77: N-P=0
q=83: chi=78: N-P=1
q=83: chi=81: N-P=0
q=84: chi=11: N-P=0
q=84: chi=23: N-P=0
q=85: chi=3: N-P=0
q=85: chi=4: N-P=0
q=85: chi=7: N-P=1
q=85: chi=9: N-P=0
q=85: chi=12: N-P=0
q=85: chi=19: N-P=0
q=85: chi=22: N-P=0
q=85: chi=23: N-P=0
q=85: chi=27: N-P=0
q=85: chi=28: N-P=1
q=85: chi=37: N-P=0
q=85: chi=48: N-P=1
q=85: chi=49: N-P=1
q=85: chi=57: N-P=1
q=85: chi=58: N-P=0
q=85: chi=59: N-P=0
q=85: chi=62: N-P=0
q=85: chi=63: N-P=0
q=85: chi=64: N-P=0
q=85: chi=73: N-P=0
q=85: chi=78: N-P=0
q=85: chi=82: N-P=0
q=85: chi=84: N-P=0
q=87: chi=2: N-P=0
q=87: chi=8: N-P=0
q=87: chi=11: N-P=0
q=87: chi=14: N-P=0
q=87: chi=17: N-P=0
q=87: chi=26: N-P=0
q=87: chi=32: N-P=0
q=87: chi=41: N-P=0
q=87: chi=44: N-P=1
q=87: chi=47: N-P=0
q=87: chi=50: N-P=0
q=87: chi=56: N-P=0
I=1.1253080706951076600020542048733039063 q=87: chi=68: N-P=1
q=87: chi=77: N-P=1
q=88: chi=5: N-P=0
q=88: chi=19: N-P=1
q=88: chi=35: N-P=0
q=88: chi=37: N-P=0
q=88: chi=43: N-P=0
q=88: chi=51: N-P=0
q=88: chi=53: N-P=0
I=1.7427578142144007861565294572187071402 q=88: chi=69: N-P=2
q=88: chi=83: N-P=0
q=89: chi=2: N-P=0
q=89: chi=4: N-P=0
q=89: chi=5: N-P=1
q=89: chi=8: N-P=0
q=89: chi=9: N-P=0
q=89: chi=10: N-P=0
q=89: chi=11: N-P=0
q=89: chi=16: N-P=1
q=89: chi=17: N-P=0
q=89: chi=18: N-P=0
q=89: chi=20: N-P=0
q=89: chi=21: N-P=0
q=89: chi=22: N-P=0
q=89: chi=25: N-P=1
q=89: chi=32: N-P=1
q=89: chi=34: N-P=0
q=89: chi=36: N-P=0
q=89: chi=39: N-P=0
q=89: chi=40: N-P=1
q=89: chi=42: N-P=0
q=89: chi=44: N-P=0
q=89: chi=45: N-P=0
q=89: chi=47: N-P=1
q=89: chi=49: N-P=0
I=0.92895667564133741906678494768916556715 q=89: chi=50: N-P=1
q=89: chi=53: N-P=0
q=89: chi=55: N-P=0
q=89: chi=57: N-P=0
q=89: chi=64: N-P=0
q=89: chi=67: N-P=1
q=89: chi=68: N-P=0
q=89: chi=69: N-P=0
q=89: chi=71: N-P=0
q=89: chi=72: N-P=0
q=89: chi=73: N-P=0
I=-0.16588869382184907000389273179078683050 q=89: chi=78: N-P=0
q=89: chi=79: N-P=1
q=89: chi=80: N-P=0
q=89: chi=81: N-P=0
q=89: chi=84: N-P=1
q=89: chi=85: N-P=1
q=89: chi=87: N-P=1
q=89: chi=88: N-P=0
q=91: chi=4: N-P=0
I=0.050476432776872734842904293613168885226 q=91: chi=5: N-P=0
q=91: chi=6: N-P=0
q=91: chi=9: N-P=0
q=91: chi=16: N-P=0
q=91: chi=19: N-P=0
q=91: chi=20: N-P=0
q=91: chi=23: N-P=0
q=91: chi=24: N-P=0
q=91: chi=25: N-P=1
q=91: chi=30: N-P=0
q=91: chi=31: N-P=0
q=91: chi=33: N-P=1
q=91: chi=34: N-P=1
q=91: chi=41: N-P=0
q=91: chi=45: N-P=1
q=91: chi=47: N-P=0
q=91: chi=51: N-P=0
q=91: chi=54: N-P=0
q=91: chi=59: N-P=0
q=91: chi=73: N-P=0
q=91: chi=74: N-P=0
q=91: chi=76: N-P=1
q=91: chi=80: N-P=0
q=91: chi=81: N-P=0
q=91: chi=83: N-P=0
q=91: chi=88: N-P=0
q=91: chi=89: N-P=0
q=92: chi=7: N-P=0
q=92: chi=11: N-P=0
q=92: chi=15: N-P=0
q=92: chi=19: N-P=1
q=92: chi=43: N-P=0
q=92: chi=51: N-P=0
q=92: chi=63: N-P=0
q=92: chi=67: N-P=0
q=92: chi=79: N-P=0
I=0.26276777369769324665344100331725222653 q=92: chi=83: N-P=0
q=92: chi=91: N-P=0
q=93: chi=11: N-P=0
q=93: chi=17: N-P=0
q=93: chi=23: N-P=0
q=93: chi=26: N-P=1
q=93: chi=29: N-P=0
q=93: chi=44: N-P=0
q=93: chi=53: N-P=0
q=93: chi=65: N-P=0
q=93: chi=68: N-P=0
q=93: chi=74: N-P=0
q=93: chi=77: N-P=1
q=93: chi=83: N-P=1
q=93: chi=86: N-P=0
I=0.48963816859745488600034352184933376297 q=93: chi=89: N-P=0
q=93: chi=92: N-P=0
q=95: chi=2: N-P=1
q=95: chi=3: N-P=1
q=95: chi=4: N-P=0
q=95: chi=8: N-P=0
q=95: chi=9: N-P=0
q=95: chi=12: N-P=0
q=95: chi=13: N-P=0
q=95: chi=18: N-P=1
q=95: chi=22: N-P=0
q=95: chi=24: N-P=0
q=95: chi=27: N-P=0
q=95: chi=32: N-P=0
q=95: chi=33: N-P=0
q=95: chi=37: N-P=0
q=95: chi=44: N-P=0
q=95: chi=48: N-P=0
q=95: chi=49: N-P=0
q=95: chi=52: N-P=1
q=95: chi=53: N-P=0
q=95: chi=54: N-P=1
q=95: chi=64: N-P=1
q=95: chi=67: N-P=0
q=95: chi=72: N-P=1
q=95: chi=74: N-P=0
q=95: chi=78: N-P=0
q=95: chi=88: N-P=0
q=96: chi=11: N-P=0
q=96: chi=35: N-P=0
q=96: chi=59: N-P=1
q=96: chi=83: N-P=0
q=97: chi=2: N-P=0
q=97: chi=3: N-P=1
q=97: chi=4: N-P=0
I=0.60614346656632142362151103842867692520 q=97: chi=6: N-P=1
q=97: chi=8: N-P=0
q=97: chi=9: N-P=0
q=97: chi=11: N-P=1
q=97: chi=12: N-P=1
q=97: chi=16: N-P=0
I=0.40979761687103978403356390251365821667 q=97: chi=18: N-P=0
q=97: chi=22: N-P=0
q=97: chi=24: N-P=1
q=97: chi=25: N-P=1
q=97: chi=27: N-P=0
I=0.056454885049402453170597202274064589578 q=97: chi=31: N-P=0
q=97: chi=32: N-P=0
q=97: chi=33: N-P=1
q=97: chi=35: N-P=0
q=97: chi=36: N-P=0
q=97: chi=43: N-P=0
q=97: chi=44: N-P=1
q=97: chi=47: N-P=0
q=97: chi=48: N-P=0
q=97: chi=49: N-P=0
q=97: chi=50: N-P=0
q=97: chi=53: N-P=0
q=97: chi=54: N-P=1
q=97: chi=61: N-P=1
I=0.89497183991626692862425590973674000806 q=97: chi=62: N-P=1
q=97: chi=64: N-P=0
q=97: chi=65: N-P=0
q=97: chi=66: N-P=0
q=97: chi=70: N-P=0
q=97: chi=72: N-P=0
q=97: chi=73: N-P=0
q=97: chi=75: N-P=1
q=97: chi=79: N-P=1
q=97: chi=81: N-P=0
q=97: chi=85: N-P=1
q=97: chi=86: N-P=0
q=97: chi=88: N-P=0
q=97: chi=89: N-P=0
q=97: chi=91: N-P=1
q=97: chi=93: N-P=0
q=97: chi=94: N-P=0
q=97: chi=95: N-P=0
q=97: chi=96: N-P=0
q=99: chi=2: N-P=0
q=99: chi=4: N-P=1
q=99: chi=16: N-P=0
q=99: chi=25: N-P=0
q=99: chi=29: N-P=1
q=99: chi=31: N-P=0
q=99: chi=32: N-P=0
q=99: chi=41: N-P=0
q=99: chi=49: N-P=0
q=99: chi=50: N-P=1
q=99: chi=58: N-P=0
q=99: chi=65: N-P=0
q=99: chi=68: N-P=0
q=99: chi=70: N-P=0
q=99: chi=74: N-P=0
q=99: chi=83: N-P=0
q=99: chi=95: N-P=0
q=99: chi=97: N-P=0
q=100: chi=3: N-P=0
q=100: chi=23: N-P=0
I=-0.017099374638577390043971903419548066855 q=100: chi=27: N-P=0
q=100: chi=47: N-P=0
q=100: chi=63: N-P=0
q=100: chi=67: N-P=0
q=100: chi=83: N-P=0
q=100: chi=87: N-P=1
q=101: chi=4: N-P=0
q=101: chi=5: N-P=0
q=101: chi=6: N-P=0
q=101: chi=9: N-P=0
q=101: chi=13: N-P=1
q=101: chi=14: N-P=0
q=101: chi=16: N-P=0
I=1.0191726206133739167841913915234880643 q=101: chi=17: N-P=1
q=101: chi=19: N-P=0
q=101: chi=20: N-P=0
q=101: chi=21: N-P=1
q=101: chi=22: N-P=0
q=101: chi=23: N-P=1
q=101: chi=24: N-P=0
q=101: chi=25: N-P=0
q=101: chi=30: N-P=0
q=101: chi=31: N-P=0
q=101: chi=33: N-P=1
q=101: chi=36: N-P=0
q=101: chi=37: N-P=0
q=101: chi=43: N-P=0
q=101: chi=45: N-P=1
q=101: chi=47: N-P=0
q=101: chi=49: N-P=0
q=101: chi=52: N-P=0
q=101: chi=54: N-P=0
q=101: chi=56: N-P=0
q=101: chi=58: N-P=0
q=101: chi=64: N-P=0
q=101: chi=65: N-P=0
q=101: chi=68: N-P=0
q=101: chi=70: N-P=0
q=101: chi=71: N-P=0
q=101: chi=76: N-P=1
q=101: chi=77: N-P=0
q=101: chi=78: N-P=1
q=101: chi=79: N-P=0
q=101: chi=80: N-P=1
q=101: chi=81: N-P=0
q=101: chi=82: N-P=0
q=101: chi=84: N-P=0
q=101: chi=85: N-P=0
q=101: chi=87: N-P=1
q=101: chi=88: N-P=0
I=-0.067222573992639100707207290816701630228 q=101: chi=92: N-P=0
q=101: chi=95: N-P=0
q=101: chi=96: N-P=1
q=101: chi=97: N-P=1
q=101: chi=100: N-P=0
q=103: chi=2: N-P=0
I=-0.74807647444917157912121998220547156441 q=103: chi=4: N-P=-1
q=103: chi=7: N-P=0
q=103: chi=8: N-P=0
q=103: chi=9: N-P=1
q=103: chi=13: N-P=0
q=103: chi=14: N-P=1
q=103: chi=15: N-P=0
q=103: chi=16: N-P=0
q=103: chi=17: N-P=1
q=103: chi=18: N-P=1
q=103: chi=19: N-P=1
q=103: chi=23: N-P=0
I=0.040674939374092675038844496720114027520 q=103: chi=25: N-P=0
q=103: chi=26: N-P=0
q=103: chi=28: N-P=0
q=103: chi=29: N-P=0
q=103: chi=30: N-P=0
q=103: chi=32: N-P=0
q=103: chi=33: N-P=0
q=103: chi=34: N-P=0
q=103: chi=36: N-P=0
q=103: chi=38: N-P=0
q=103: chi=41: N-P=0
I=-0.32904356742943564533850809435008300984 q=103: chi=46: N-P=0
q=103: chi=49: N-P=0
q=103: chi=50: N-P=1
q=103: chi=52: N-P=0
q=103: chi=55: N-P=1
q=103: chi=56: N-P=0
q=103: chi=58: N-P=0
q=103: chi=59: N-P=0
q=103: chi=60: N-P=0
q=103: chi=61: N-P=0
q=103: chi=63: N-P=0
q=103: chi=64: N-P=0
q=103: chi=66: N-P=0
q=103: chi=68: N-P=0
q=103: chi=72: N-P=0
q=103: chi=76: N-P=1
q=103: chi=79: N-P=1
q=103: chi=81: N-P=0
q=103: chi=82: N-P=0
q=103: chi=83: N-P=1
q=103: chi=91: N-P=0
q=103: chi=92: N-P=0
q=103: chi=93: N-P=1
q=103: chi=97: N-P=0
q=103: chi=98: N-P=0
q=103: chi=100: N-P=1
q=104: chi=11: N-P=0
q=104: chi=19: N-P=0
q=104: chi=29: N-P=1
q=104: chi=59: N-P=1
q=104: chi=61: N-P=0
q=104: chi=67: N-P=0
q=104: chi=69: N-P=0
q=104: chi=77: N-P=0
q=104: chi=83: N-P=0
q=104: chi=99: N-P=0
q=104: chi=101: N-P=0
q=105: chi=2: N-P=0
q=105: chi=23: N-P=0
q=105: chi=32: N-P=0
q=105: chi=53: N-P=0
q=105: chi=59: N-P=0
I=-0.087431466541392297627560946922503975914 q=105: chi=89: N-P=0
q=105: chi=104: N-P=0
q=107: chi=3: N-P=0
q=107: chi=4: N-P=0
q=107: chi=9: N-P=0
q=107: chi=10: N-P=0
I=1.1659679612530432640229734333532952290 q=107: chi=11: N-P=1
q=107: chi=12: N-P=0
q=107: chi=13: N-P=0
q=107: chi=14: N-P=0
I=0.011133594013233001459784234709622348333 q=107: chi=16: N-P=0
q=107: chi=19: N-P=0
q=107: chi=23: N-P=0
q=107: chi=25: N-P=0
q=107: chi=27: N-P=0
q=107: chi=29: N-P=0
q=107: chi=30: N-P=0
q=107: chi=33: N-P=1
q=107: chi=34: N-P=0
q=107: chi=35: N-P=1
q=107: chi=36: N-P=1
q=107: chi=37: N-P=0
q=107: chi=39: N-P=0
q=107: chi=40: N-P=0
q=107: chi=41: N-P=0
q=107: chi=42: N-P=0
q=107: chi=44: N-P=1
q=107: chi=47: N-P=1
q=107: chi=48: N-P=1
q=107: chi=49: N-P=1
q=107: chi=52: N-P=0
q=107: chi=53: N-P=0
q=107: chi=56: N-P=1
q=107: chi=57: N-P=1
q=107: chi=61: N-P=0
q=107: chi=62: N-P=1
q=107: chi=64: N-P=0
q=107: chi=69: N-P=0
q=107: chi=75: N-P=1
q=107: chi=76: N-P=1
q=107: chi=79: N-P=1
q=107: chi=81: N-P=0
q=107: chi=83: N-P=0
q=107: chi=85: N-P=1
q=107: chi=86: N-P=0
q=107: chi=87: N-P=0
q=107: chi=89: N-P=0
q=107: chi=90: N-P=0
q=107: chi=92: N-P=0
I=1.1302479601326113696938419018956668773 q=107: chi=99: N-P=1
q=107: chi=100: N-P=1
q=107: chi=101: N-P=0
q=107: chi=102: N-P=0
I=1.3639095110724305759524544389794524911 q=107: chi=105: N-P=1
q=108: chi=11: N-P=0
q=108: chi=23: N-P=0
q=108: chi=47: N-P=0
q=108: chi=59: N-P=0
q=108: chi=83: N-P=0
q=108: chi=95: N-P=1
q=109: chi=3: N-P=0
q=109: chi=4: N-P=0
q=109: chi=5: N-P=0
q=109: chi=7: N-P=0
q=109: chi=9: N-P=0
q=109: chi=12: N-P=1
q=109: chi=15: N-P=0
q=109: chi=16: N-P=0
q=109: chi=20: N-P=1
q=109: chi=21: N-P=0
q=109: chi=22: N-P=1
q=109: chi=25: N-P=0
q=109: chi=26: N-P=0
q=109: chi=27: N-P=0
q=109: chi=28: N-P=0
q=109: chi=29: N-P=0
q=109: chi=31: N-P=1
q=109: chi=34: N-P=0
q=109: chi=35: N-P=0
q=109: chi=36: N-P=0
q=109: chi=38: N-P=1
q=109: chi=43: N-P=0
q=109: chi=45: N-P=1
q=109: chi=46: N-P=0
q=109: chi=48: N-P=1
q=109: chi=49: N-P=0
q=109: chi=60: N-P=0
q=109: chi=61: N-P=0
q=109: chi=63: N-P=0
q=109: chi=64: N-P=1
q=109: chi=66: N-P=0
q=109: chi=71: N-P=0
q=109: chi=73: N-P=0
q=109: chi=74: N-P=1
q=109: chi=75: N-P=1
I=1.0574101191749310148080994456161011921 q=109: chi=78: N-P=1
q=109: chi=80: N-P=1
q=109: chi=81: N-P=0
q=109: chi=82: N-P=0
q=109: chi=83: N-P=0
q=109: chi=84: N-P=0
q=109: chi=87: N-P=0
q=109: chi=88: N-P=0
q=109: chi=89: N-P=1
q=109: chi=93: N-P=1
q=109: chi=94: N-P=0
q=109: chi=97: N-P=0
q=109: chi=100: N-P=0
q=109: chi=102: N-P=0
q=109: chi=104: N-P=1
q=109: chi=105: N-P=0
q=109: chi=106: N-P=0
q=109: chi=108: N-P=0
q=111: chi=2: N-P=0
q=111: chi=5: N-P=0
q=111: chi=8: N-P=1
q=111: chi=14: N-P=0
q=111: chi=17: N-P=0
q=111: chi=20: N-P=0
q=111: chi=23: N-P=0
q=111: chi=29: N-P=0
q=111: chi=32: N-P=1
q=111: chi=35: N-P=0
q=111: chi=50: N-P=1
q=111: chi=56: N-P=0
q=111: chi=59: N-P=0
q=111: chi=68: N-P=0
q=111: chi=80: N-P=0
q=111: chi=89: N-P=1
q=111: chi=92: N-P=0
q=111: chi=98: N-P=0
I=0.39036207071382252719702786889606465023 q=112: chi=3: N-P=0
q=112: chi=19: N-P=1
q=112: chi=27: N-P=1
q=112: chi=37: N-P=0
q=112: chi=53: N-P=1
q=112: chi=59: N-P=0
q=112: chi=75: N-P=0
q=112: chi=83: N-P=0
q=112: chi=93: N-P=0
q=112: chi=109: N-P=0
q=113: chi=2: N-P=0
q=113: chi=4: N-P=1
q=113: chi=7: N-P=0
q=113: chi=8: N-P=1
q=113: chi=9: N-P=0
q=113: chi=11: N-P=1
q=113: chi=13: N-P=0
q=113: chi=14: N-P=0
q=113: chi=15: N-P=0
q=113: chi=16: N-P=0
q=113: chi=18: N-P=0
q=113: chi=22: N-P=0
q=113: chi=25: N-P=1
q=113: chi=26: N-P=0
q=113: chi=28: N-P=0
q=113: chi=30: N-P=0
q=113: chi=31: N-P=0
q=113: chi=32: N-P=1
q=113: chi=36: N-P=0
q=113: chi=41: N-P=0
q=113: chi=44: N-P=1
q=113: chi=49: N-P=0
q=113: chi=50: N-P=0
q=113: chi=51: N-P=0
q=113: chi=52: N-P=0
q=113: chi=53: N-P=0
q=113: chi=56: N-P=0
q=113: chi=57: N-P=0
q=113: chi=60: N-P=0
q=113: chi=61: N-P=0
q=113: chi=62: N-P=1
q=113: chi=63: N-P=0
q=113: chi=64: N-P=0
q=113: chi=69: N-P=0
q=113: chi=72: N-P=0
q=113: chi=77: N-P=1
q=113: chi=81: N-P=0
q=113: chi=82: N-P=1
q=113: chi=83: N-P=1
q=113: chi=85: N-P=0
q=113: chi=87: N-P=1
q=113: chi=88: N-P=1
q=113: chi=91: N-P=0
q=113: chi=95: N-P=1
q=113: chi=97: N-P=0
q=113: chi=98: N-P=0
q=113: chi=99: N-P=0
q=113: chi=100: N-P=1
q=113: chi=102: N-P=0
q=113: chi=104: N-P=0
q=113: chi=105: N-P=1
q=113: chi=106: N-P=1
q=113: chi=109: N-P=1
q=113: chi=111: N-P=0
q=113: chi=112: N-P=0
q=115: chi=4: N-P=1
I=0.91221569201907041280455393597876178063 q=115: chi=7: N-P=1
q=115: chi=9: N-P=0
I=0.39387507998160524559411178392895973603 q=115: chi=17: N-P=0
q=115: chi=22: N-P=1
I=0.49380457741673500952754829211776342381 q=115: chi=28: N-P=0
q=115: chi=29: N-P=0
q=115: chi=33: N-P=0
q=115: chi=37: N-P=0
q=115: chi=38: N-P=0
q=115: chi=39: N-P=0
q=115: chi=42: N-P=0
q=115: chi=43: N-P=0
q=115: chi=49: N-P=0
q=115: chi=53: N-P=0
q=115: chi=54: N-P=0
q=115: chi=57: N-P=0
q=115: chi=59: N-P=1
I=0.47414425474496764769459461580537535600 q=115: chi=63: N-P=0
q=115: chi=64: N-P=0
q=115: chi=67: N-P=0
q=115: chi=68: N-P=0
q=115: chi=83: N-P=1
q=115: chi=88: N-P=0
q=115: chi=94: N-P=0
q=115: chi=97: N-P=0
q=115: chi=102: N-P=0
q=115: chi=103: N-P=1
q=115: chi=104: N-P=0
q=115: chi=107: N-P=0
q=115: chi=112: N-P=1
I=0.56713787246731965126679710782436664202 q=115: chi=113: N-P=1
q=116: chi=3: N-P=0
q=116: chi=11: N-P=0
q=116: chi=15: N-P=0
q=116: chi=19: N-P=0
q=116: chi=27: N-P=0
q=116: chi=31: N-P=1
q=116: chi=39: N-P=0
q=116: chi=43: N-P=0
q=116: chi=47: N-P=0
q=116: chi=55: N-P=0
q=116: chi=75: N-P=0
q=116: chi=79: N-P=1
q=116: chi=95: N-P=0
q=116: chi=99: N-P=1
q=117: chi=2: N-P=1
q=117: chi=4: N-P=0
q=117: chi=5: N-P=1
q=117: chi=11: N-P=0
q=117: chi=16: N-P=0
q=117: chi=20: N-P=0
q=117: chi=22: N-P=0
q=117: chi=25: N-P=0
q=117: chi=32: N-P=0
q=117: chi=41: N-P=0
q=117: chi=43: N-P=1
q=117: chi=47: N-P=0
q=117: chi=49: N-P=0
q=117: chi=50: N-P=1
q=117: chi=59: N-P=0
q=117: chi=61: N-P=0
I=0.94108674065523747251771899035501726407 q=117: chi=83: N-P=1
q=117: chi=86: N-P=0
q=117: chi=88: N-P=1
q=117: chi=94: N-P=1
I=-0.013443556707107653494970981444646612857 q=117: chi=103: N-P=0
q=117: chi=110: N-P=0
q=119: chi=2: N-P=0
q=119: chi=3: N-P=0
q=119: chi=4: N-P=0
q=119: chi=5: N-P=0
q=119: chi=6: N-P=0
q=119: chi=9: N-P=0
q=119: chi=10: N-P=0
q=119: chi=12: N-P=0
I=0.57113983292050988613700832157707555993 q=119: chi=16: N-P=1
q=119: chi=20: N-P=1
q=119: chi=24: N-P=0
q=119: chi=25: N-P=0
q=119: chi=27: N-P=0
q=119: chi=30: N-P=0
q=119: chi=31: N-P=1
q=119: chi=32: N-P=0
q=119: chi=40: N-P=1
q=119: chi=41: N-P=0
q=119: chi=45: N-P=0
q=119: chi=48: N-P=0
q=119: chi=53: N-P=1
q=119: chi=54: N-P=1
q=119: chi=60: N-P=0
q=119: chi=61: N-P=0
q=119: chi=62: N-P=0
q=119: chi=67: N-P=0
q=119: chi=72: N-P=0
q=119: chi=73: N-P=1
q=119: chi=75: N-P=0
q=119: chi=80: N-P=0
q=119: chi=81: N-P=1
q=119: chi=82: N-P=0
q=119: chi=90: N-P=0
I=0.19719825944203745483561520185916927053 q=119: chi=93: N-P=0
q=119: chi=96: N-P=0
q=119: chi=97: N-P=1
q=119: chi=100: N-P=1
q=119: chi=108: N-P=0
q=120: chi=53: N-P=0
q=120: chi=59: N-P=0
q=120: chi=77: N-P=0
q=121: chi=4: N-P=0
q=121: chi=5: N-P=1
q=121: chi=12: N-P=1
q=121: chi=14: N-P=0
q=121: chi=15: N-P=0
q=121: chi=16: N-P=0
q=121: chi=20: N-P=1
q=121: chi=23: N-P=0
q=121: chi=25: N-P=1
q=121: chi=26: N-P=1
q=121: chi=31: N-P=1
q=121: chi=34: N-P=0
q=121: chi=36: N-P=0
q=121: chi=37: N-P=1
q=121: chi=38: N-P=0
q=121: chi=42: N-P=1
q=121: chi=45: N-P=0
q=121: chi=47: N-P=0
q=121: chi=48: N-P=1
q=121: chi=49: N-P=0
q=121: chi=53: N-P=0
q=121: chi=56: N-P=0
q=121: chi=58: N-P=0
q=121: chi=59: N-P=0
q=121: chi=60: N-P=0
q=121: chi=64: N-P=0
q=121: chi=67: N-P=0
q=121: chi=69: N-P=0
q=121: chi=70: N-P=0
q=121: chi=71: N-P=0
q=121: chi=75: N-P=0
q=121: chi=78: N-P=0
q=121: chi=80: N-P=1
q=121: chi=82: N-P=0
q=121: chi=86: N-P=1
q=121: chi=89: N-P=0
q=121: chi=91: N-P=0
q=121: chi=92: N-P=0
q=121: chi=93: N-P=0
q=121: chi=97: N-P=0
q=121: chi=100: N-P=0
q=121: chi=102: N-P=1
q=121: chi=103: N-P=0
q=121: chi=104: N-P=0
I=-0.19261867937872746662126053899187042608 q=121: chi=108: N-P=0
q=121: chi=111: N-P=0
q=121: chi=113: N-P=0
q=121: chi=114: N-P=1
q=121: chi=115: N-P=0
q=121: chi=119: N-P=1
q=123: chi=11: N-P=0
q=123: chi=14: N-P=0
q=123: chi=17: N-P=0
q=123: chi=26: N-P=1
q=123: chi=29: N-P=0
q=123: chi=35: N-P=0
q=123: chi=38: N-P=0
q=123: chi=44: N-P=1
q=123: chi=47: N-P=0
q=123: chi=53: N-P=0
q=123: chi=56: N-P=0
q=123: chi=65: N-P=1
q=123: chi=68: N-P=0
q=123: chi=71: N-P=0
q=123: chi=89: N-P=0
q=123: chi=95: N-P=0
q=123: chi=101: N-P=0
q=123: chi=104: N-P=0
q=123: chi=110: N-P=1
q=123: chi=116: N-P=1
q=124: chi=3: N-P=0
q=124: chi=11: N-P=0
q=124: chi=15: N-P=0
q=124: chi=23: N-P=0
q=124: chi=27: N-P=0
q=124: chi=43: N-P=0
q=124: chi=55: N-P=1
q=124: chi=75: N-P=0
q=124: chi=79: N-P=1
q=124: chi=83: N-P=1
q=124: chi=91: N-P=0
q=124: chi=99: N-P=1
q=124: chi=115: N-P=0
q=124: chi=119: N-P=0
q=124: chi=123: N-P=0
q=125: chi=4: N-P=0
q=125: chi=6: N-P=0
q=125: chi=9: N-P=0
q=125: chi=11: N-P=1
q=125: chi=14: N-P=0
q=125: chi=16: N-P=0
q=125: chi=19: N-P=0
q=125: chi=21: N-P=0
q=125: chi=29: N-P=0
q=125: chi=31: N-P=1
q=125: chi=34: N-P=0
q=125: chi=36: N-P=0
q=125: chi=39: N-P=0
q=125: chi=41: N-P=0
q=125: chi=44: N-P=0
q=125: chi=46: N-P=0
q=125: chi=54: N-P=1
q=125: chi=56: N-P=0
q=125: chi=59: N-P=0
q=125: chi=61: N-P=1
q=125: chi=64: N-P=0
q=125: chi=66: N-P=1
q=125: chi=69: N-P=1
q=125: chi=71: N-P=0
q=125: chi=79: N-P=1
q=125: chi=81: N-P=0
q=125: chi=84: N-P=1
q=125: chi=86: N-P=1
q=125: chi=89: N-P=0
q=125: chi=91: N-P=0
q=125: chi=94: N-P=0
q=125: chi=96: N-P=0
I=1.4698519278120653706988366774197923841 q=125: chi=104: N-P=1
q=125: chi=106: N-P=1
q=125: chi=109: N-P=1
q=125: chi=111: N-P=0
q=125: chi=114: N-P=0
q=125: chi=116: N-P=1
q=125: chi=119: N-P=0
q=125: chi=121: N-P=0
q=127: chi=2: N-P=1
q=127: chi=4: N-P=0
q=127: chi=8: N-P=0
q=127: chi=9: N-P=0
q=127: chi=11: N-P=1
q=127: chi=13: N-P=1
q=127: chi=15: N-P=1
I=1.0153535577614801369211294806836229463 q=127: chi=16: N-P=1
q=127: chi=17: N-P=0
q=127: chi=18: N-P=0
q=127: chi=19: N-P=0
q=127: chi=21: N-P=0
q=127: chi=22: N-P=0
q=127: chi=25: N-P=0
q=127: chi=26: N-P=1
q=127: chi=30: N-P=0
q=127: chi=31: N-P=0
q=127: chi=32: N-P=1
I=1.1351602026338196624791154112302756063 q=127: chi=34: N-P=1
q=127: chi=35: N-P=1
q=127: chi=36: N-P=0
q=127: chi=37: N-P=1
q=127: chi=38: N-P=0
q=127: chi=41: N-P=0
q=127: chi=42: N-P=1
q=127: chi=44: N-P=0
q=127: chi=47: N-P=1
q=127: chi=49: N-P=1
q=127: chi=50: N-P=1
I=0.031001009131282528126536190823854760879 q=127: chi=52: N-P=0
q=127: chi=60: N-P=0
q=127: chi=61: N-P=0
q=127: chi=62: N-P=1
q=127: chi=64: N-P=0
q=127: chi=68: N-P=0
q=127: chi=69: N-P=0
q=127: chi=70: N-P=0
q=127: chi=71: N-P=0
q=127: chi=72: N-P=1
q=127: chi=73: N-P=0
q=127: chi=74: N-P=0
q=127: chi=76: N-P=0
q=127: chi=79: N-P=0
q=127: chi=81: N-P=0
q=127: chi=82: N-P=0
q=127: chi=84: N-P=0
q=127: chi=87: N-P=0
q=127: chi=88: N-P=0
q=127: chi=94: N-P=0
q=127: chi=98: N-P=0
q=127: chi=99: N-P=0
q=127: chi=100: N-P=0
q=127: chi=103: N-P=0
q=127: chi=104: N-P=0
q=127: chi=107: N-P=0
I=0.25602984816402998846578428995358255250 q=127: chi=113: N-P=0
q=127: chi=115: N-P=1
q=127: chi=117: N-P=1
q=127: chi=120: N-P=1
q=127: chi=121: N-P=0
q=127: chi=122: N-P=0
q=127: chi=124: N-P=0
q=128: chi=5: N-P=0
q=128: chi=13: N-P=1
q=128: chi=21: N-P=0
q=128: chi=29: N-P=1
q=128: chi=37: N-P=1
q=128: chi=45: N-P=0
q=128: chi=53: N-P=0
q=128: chi=61: N-P=1
q=128: chi=69: N-P=0
q=128: chi=77: N-P=0
I=0.39417434851007717180263320991131453495 q=128: chi=85: N-P=0
q=128: chi=93: N-P=0
q=128: chi=101: N-P=0
q=128: chi=109: N-P=0
q=128: chi=117: N-P=1
q=128: chi=125: N-P=0
q=129: chi=2: N-P=1
q=129: chi=5: N-P=0
q=129: chi=8: N-P=1
q=129: chi=20: N-P=0
q=129: chi=26: N-P=1
I=0.097292832402479984920952214429570547834 q=129: chi=29: N-P=0
I=0.013174304096432168677451783242020588175 q=129: chi=32: N-P=0
q=129: chi=50: N-P=0
q=129: chi=62: N-P=1
q=129: chi=65: N-P=0
q=129: chi=71: N-P=0
q=129: chi=77: N-P=0
q=129: chi=80: N-P=0
q=129: chi=89: N-P=0
I=0.28515667025318120100248768651618395356 q=129: chi=98: N-P=0
q=129: chi=104: N-P=0
q=129: chi=113: N-P=0
q=129: chi=116: N-P=0
q=129: chi=119: N-P=1
q=129: chi=125: N-P=0
q=129: chi=128: N-P=0
q=131: chi=3: N-P=0
q=131: chi=4: N-P=0
q=131: chi=5: N-P=0
q=131: chi=7: N-P=0
q=131: chi=9: N-P=0
q=131: chi=11: N-P=0
q=131: chi=12: N-P=0
q=131: chi=13: N-P=0
q=131: chi=15: N-P=0
q=131: chi=16: N-P=0
q=131: chi=20: N-P=1
q=131: chi=21: N-P=0
q=131: chi=25: N-P=1
q=131: chi=27: N-P=0
q=131: chi=28: N-P=0
q=131: chi=33: N-P=0
q=131: chi=34: N-P=1
q=131: chi=35: N-P=0
q=131: chi=36: N-P=0
q=131: chi=38: N-P=1
q=131: chi=39: N-P=1
I=0.31564279584202907641600385153284025013 q=131: chi=41: N-P=0
q=131: chi=43: N-P=1
q=131: chi=44: N-P=0
q=131: chi=45: N-P=0
q=131: chi=46: N-P=0
q=131: chi=48: N-P=0
q=131: chi=49: N-P=1
q=131: chi=52: N-P=0
q=131: chi=53: N-P=0
q=131: chi=55: N-P=0
q=131: chi=58: N-P=0
q=131: chi=59: N-P=0
q=131: chi=60: N-P=1
q=131: chi=61: N-P=1
q=131: chi=62: N-P=0
I=-0.11949245578804372500282617807920366591 q=131: chi=63: N-P=0
q=131: chi=64: N-P=0
q=131: chi=65: N-P=0
q=131: chi=74: N-P=0
q=131: chi=75: N-P=0
q=131: chi=77: N-P=0
q=131: chi=80: N-P=1
q=131: chi=81: N-P=0
q=131: chi=84: N-P=0
q=131: chi=89: N-P=1
q=131: chi=91: N-P=0
q=131: chi=94: N-P=1
q=131: chi=99: N-P=1
q=131: chi=100: N-P=0
q=131: chi=101: N-P=0
q=131: chi=102: N-P=0
q=131: chi=105: N-P=1
q=131: chi=107: N-P=0
q=131: chi=108: N-P=0
q=131: chi=109: N-P=0
I=0.19986479876230017464040475210255030701 q=131: chi=112: N-P=0
q=131: chi=113: N-P=0
q=131: chi=114: N-P=1
q=131: chi=117: N-P=1
q=131: chi=121: N-P=1
q=131: chi=123: N-P=0
q=131: chi=125: N-P=0
q=131: chi=129: N-P=1
q=132: chi=47: N-P=0
q=132: chi=59: N-P=0
q=132: chi=71: N-P=0
q=132: chi=119: N-P=1
q=133: chi=3: N-P=0
q=133: chi=4: N-P=0
q=133: chi=9: N-P=0
q=133: chi=10: N-P=0
q=133: chi=11: N-P=0
q=133: chi=12: N-P=0
q=133: chi=13: N-P=0
q=133: chi=16: N-P=0
q=133: chi=23: N-P=1
q=133: chi=25: N-P=0
q=133: chi=27: N-P=0
q=133: chi=30: N-P=0
q=133: chi=31: N-P=0
q=133: chi=33: N-P=0
q=133: chi=34: N-P=0
q=133: chi=40: N-P=1
q=133: chi=41: N-P=1
q=133: chi=44: N-P=0
q=133: chi=48: N-P=1
q=133: chi=52: N-P=0
q=133: chi=59: N-P=1
q=133: chi=69: N-P=1
q=133: chi=74: N-P=0
q=133: chi=75: N-P=0
q=133: chi=81: N-P=0
q=133: chi=89: N-P=1
q=133: chi=90: N-P=1
q=133: chi=93: N-P=1
q=133: chi=94: N-P=1
q=133: chi=97: N-P=0
q=133: chi=100: N-P=1
q=133: chi=102: N-P=1
I=0.25945453540295981904432526652339354460 q=133: chi=103: N-P=0
q=133: chi=108: N-P=1
q=133: chi=110: N-P=1
q=133: chi=117: N-P=0
q=133: chi=121: N-P=0
q=133: chi=122: N-P=1
q=133: chi=123: N-P=0
q=133: chi=124: N-P=0
q=133: chi=129: N-P=0
q=133: chi=130: N-P=1
q=133: chi=132: N-P=0
q=135: chi=2: N-P=0
q=135: chi=4: N-P=0
q=135: chi=23: N-P=0
q=135: chi=32: N-P=1
q=135: chi=34: N-P=1
q=135: chi=38: N-P=0
q=135: chi=47: N-P=0
q=135: chi=49: N-P=0
q=135: chi=68: N-P=1
I=0.96449341072173186239498340526318123045 q=135: chi=77: N-P=1
q=135: chi=79: N-P=0
q=135: chi=83: N-P=1
q=135: chi=92: N-P=0
q=135: chi=94: N-P=0
q=135: chi=113: N-P=0
q=135: chi=122: N-P=0
q=135: chi=124: N-P=0
q=135: chi=128: N-P=0
q=136: chi=3: N-P=0
q=136: chi=11: N-P=0
q=136: chi=13: N-P=1
q=136: chi=21: N-P=0
q=136: chi=27: N-P=0
q=136: chi=53: N-P=1
I=-0.023642537014018706107601735823155289739 q=136: chi=75: N-P=0
q=136: chi=77: N-P=0
q=136: chi=91: N-P=0
q=136: chi=93: N-P=0
q=136: chi=99: N-P=1
q=136: chi=101: N-P=0
q=136: chi=107: N-P=0
q=136: chi=117: N-P=0
q=136: chi=131: N-P=1
q=137: chi=2: N-P=0
q=137: chi=4: N-P=0
q=137: chi=7: N-P=0
q=137: chi=8: N-P=0
q=137: chi=9: N-P=0
q=137: chi=11: N-P=0
q=137: chi=14: N-P=1
q=137: chi=15: N-P=1
q=137: chi=16: N-P=0
I=-0.20511498670314280658959541224241904001 q=137: chi=17: N-P=0
I=0.91535920201634938927248156501544388467 q=137: chi=18: N-P=1
q=137: chi=19: N-P=0
q=137: chi=22: N-P=1
q=137: chi=25: N-P=0
q=137: chi=28: N-P=0
q=137: chi=30: N-P=0
q=137: chi=32: N-P=1
q=137: chi=34: N-P=0
q=137: chi=36: N-P=0
q=137: chi=37: N-P=1
q=137: chi=38: N-P=0
q=137: chi=39: N-P=0
q=137: chi=44: N-P=0
q=137: chi=49: N-P=0
I=0.028773504785849849445624213147917852298 q=137: chi=50: N-P=0
q=137: chi=56: N-P=0
q=137: chi=59: N-P=0
q=137: chi=60: N-P=0
q=137: chi=61: N-P=0
q=137: chi=63: N-P=0
q=137: chi=64: N-P=0
I=0.97195523837100343188308998933303560767 q=137: chi=65: N-P=1
q=137: chi=68: N-P=0
q=137: chi=69: N-P=0
q=137: chi=72: N-P=1
q=137: chi=73: N-P=1
q=137: chi=74: N-P=1
q=137: chi=76: N-P=0
q=137: chi=77: N-P=0
q=137: chi=78: N-P=0
q=137: chi=81: N-P=0
q=137: chi=87: N-P=1
q=137: chi=88: N-P=0
q=137: chi=93: N-P=1
q=137: chi=98: N-P=1
q=137: chi=99: N-P=0
q=137: chi=100: N-P=0
q=137: chi=101: N-P=1
I=0.87241990202540298218519849833622690681 q=137: chi=103: N-P=1
q=137: chi=105: N-P=1
q=137: chi=107: N-P=0
I=0.98678501545121416545507542450025723027 q=137: chi=109: N-P=1
q=137: chi=112: N-P=0
q=137: chi=115: N-P=1
q=137: chi=118: N-P=0
q=137: chi=119: N-P=1
q=137: chi=120: N-P=1
q=137: chi=121: N-P=1
q=137: chi=122: N-P=0
I=-0.16156881566338918290026997887596721207 q=137: chi=123: N-P=0
I=0.82359102774693683773295979810954211624 q=137: chi=126: N-P=1
q=137: chi=128: N-P=1
q=137: chi=129: N-P=0
q=137: chi=130: N-P=0
q=137: chi=133: N-P=0
q=137: chi=135: N-P=0
q=137: chi=136: N-P=0
q=139: chi=4: N-P=0
q=139: chi=5: N-P=1
q=139: chi=6: N-P=0
q=139: chi=7: N-P=0
q=139: chi=9: N-P=0
q=139: chi=11: N-P=1
q=139: chi=13: N-P=0
q=139: chi=16: N-P=0
q=139: chi=20: N-P=0
q=139: chi=24: N-P=0
q=139: chi=25: N-P=0
q=139: chi=28: N-P=0
q=139: chi=29: N-P=1
q=139: chi=30: N-P=0
q=139: chi=31: N-P=1
q=139: chi=34: N-P=0
q=139: chi=35: N-P=0
q=139: chi=36: N-P=0
I=1.0159402519412226353269889659858856016 q=139: chi=37: N-P=1
q=139: chi=38: N-P=0
q=139: chi=41: N-P=1
q=139: chi=42: N-P=0
q=139: chi=44: N-P=0
q=139: chi=45: N-P=0
q=139: chi=46: N-P=0
q=139: chi=47: N-P=0
q=139: chi=49: N-P=0
q=139: chi=51: N-P=0
q=139: chi=52: N-P=0
I=-0.12752437341087398206460275985468348715 q=139: chi=54: N-P=0
q=139: chi=55: N-P=0
q=139: chi=57: N-P=0
q=139: chi=63: N-P=0
q=139: chi=64: N-P=0
q=139: chi=65: N-P=0
q=139: chi=66: N-P=1
q=139: chi=67: N-P=0
q=139: chi=69: N-P=0
q=139: chi=71: N-P=0
q=139: chi=77: N-P=1
q=139: chi=78: N-P=0
q=139: chi=79: N-P=1
q=139: chi=80: N-P=1
q=139: chi=81: N-P=0
q=139: chi=83: N-P=0
q=139: chi=86: N-P=0
q=139: chi=89: N-P=1
q=139: chi=91: N-P=1
q=139: chi=96: N-P=1
q=139: chi=99: N-P=0
q=139: chi=100: N-P=1
q=139: chi=106: N-P=0
q=139: chi=107: N-P=0
q=139: chi=112: N-P=1
q=139: chi=113: N-P=1
q=139: chi=116: N-P=1
q=139: chi=117: N-P=0
q=139: chi=118: N-P=0
q=139: chi=120: N-P=0
q=139: chi=121: N-P=0
q=139: chi=122: N-P=1
q=139: chi=124: N-P=0
q=139: chi=125: N-P=1
q=139: chi=127: N-P=1
q=139: chi=129: N-P=0
q=139: chi=131: N-P=0
q=139: chi=136: N-P=1
q=139: chi=137: N-P=1
q=140: chi=19: N-P=1
q=140: chi=23: N-P=0
q=140: chi=59: N-P=0
q=140: chi=67: N-P=0
q=140: chi=107: N-P=1
q=140: chi=123: N-P=0
q=140: chi=139: N-P=0
q=141: chi=5: N-P=1
q=141: chi=11: N-P=1
q=141: chi=20: N-P=0
q=141: chi=23: N-P=0
q=141: chi=26: N-P=0
q=141: chi=29: N-P=0
q=141: chi=35: N-P=0
q=141: chi=38: N-P=0
q=141: chi=41: N-P=1
q=141: chi=44: N-P=0
q=141: chi=62: N-P=1
q=141: chi=77: N-P=0
q=141: chi=80: N-P=0
q=141: chi=86: N-P=0
q=141: chi=92: N-P=1
q=141: chi=104: N-P=0
q=141: chi=107: N-P=1
q=141: chi=113: N-P=0
q=141: chi=116: N-P=0
q=141: chi=125: N-P=1
q=141: chi=134: N-P=0
q=141: chi=137: N-P=1
q=141: chi=140: N-P=0
q=143: chi=2: N-P=0
q=143: chi=3: N-P=0
q=143: chi=4: N-P=0
q=143: chi=6: N-P=0
q=143: chi=7: N-P=0
q=143: chi=8: N-P=0
q=143: chi=9: N-P=1
q=143: chi=16: N-P=0
q=143: chi=18: N-P=1
q=143: chi=19: N-P=0
q=143: chi=21: N-P=0
q=143: chi=24: N-P=0
q=143: chi=25: N-P=0
q=143: chi=28: N-P=0
q=143: chi=32: N-P=1
q=143: chi=36: N-P=1
q=143: chi=38: N-P=0
I=1.6569578620185128602623652347934235872 q=143: chi=41: N-P=2
q=143: chi=42: N-P=0
I=1.3601497270307897413087953747751808619 q=143: chi=46: N-P=1
q=143: chi=48: N-P=1
q=143: chi=49: N-P=0
q=143: chi=50: N-P=1
q=143: chi=54: N-P=1
q=143: chi=57: N-P=1
q=143: chi=63: N-P=1
q=143: chi=64: N-P=0
q=143: chi=69: N-P=0
q=143: chi=72: N-P=1
I=0.98902454953744999586283995263136939966 q=143: chi=73: N-P=1
q=143: chi=75: N-P=0
q=143: chi=76: N-P=0
I=0.037497241010761300546517046779594204269 q=143: chi=81: N-P=0
q=143: chi=82: N-P=1
q=143: chi=83: N-P=0
q=143: chi=84: N-P=0
q=143: chi=85: N-P=0
q=143: chi=96: N-P=0
q=143: chi=98: N-P=0
q=143: chi=103: N-P=1
q=143: chi=106: N-P=1
q=143: chi=108: N-P=1
q=143: chi=109: N-P=0
q=143: chi=112: N-P=1
q=143: chi=113: N-P=0
q=143: chi=114: N-P=0
q=143: chi=123: N-P=0
q=143: chi=126: N-P=0
q=143: chi=128: N-P=0
q=143: chi=138: N-P=0
q=144: chi=11: N-P=0
q=144: chi=13: N-P=0
q=144: chi=59: N-P=0
q=144: chi=61: N-P=0
q=144: chi=83: N-P=1
I=0.36651316174572523666296711980877786786 q=144: chi=85: N-P=0
q=144: chi=131: N-P=0
q=144: chi=133: N-P=0
q=145: chi=2: N-P=0
q=145: chi=3: N-P=0
q=145: chi=4: N-P=1
q=145: chi=8: N-P=1
q=145: chi=9: N-P=1
q=145: chi=12: N-P=0
q=145: chi=17: N-P=0
q=145: chi=18: N-P=0
q=145: chi=24: N-P=1
q=145: chi=27: N-P=1
q=145: chi=32: N-P=0
q=145: chi=34: N-P=0
q=145: chi=37: N-P=1
q=145: chi=43: N-P=0
q=145: chi=47: N-P=1
q=145: chi=48: N-P=0
q=145: chi=49: N-P=1
q=145: chi=54: N-P=0
q=145: chi=64: N-P=0
q=145: chi=68: N-P=1
q=145: chi=72: N-P=0
q=145: chi=73: N-P=0
q=145: chi=74: N-P=0
q=145: chi=77: N-P=0
q=145: chi=94: N-P=1
q=145: chi=97: N-P=0
q=145: chi=98: N-P=0
q=145: chi=102: N-P=0
q=145: chi=108: N-P=0
q=145: chi=109: N-P=0
q=145: chi=113: N-P=1
I=1.0178139945438112105061386828075742210 q=145: chi=118: N-P=1
q=145: chi=127: N-P=0
q=145: chi=128: N-P=0
q=145: chi=129: N-P=0
q=145: chi=133: N-P=1
q=145: chi=137: N-P=1
q=145: chi=139: N-P=0
q=145: chi=142: N-P=0
q=145: chi=143: N-P=0
q=145: chi=144: N-P=0
q=147: chi=5: N-P=1
q=147: chi=17: N-P=0
q=147: chi=20: N-P=1
q=147: chi=26: N-P=0
q=147: chi=38: N-P=1
q=147: chi=41: N-P=1
q=147: chi=47: N-P=0
q=147: chi=59: N-P=0
q=147: chi=62: N-P=0
q=147: chi=83: N-P=0
q=147: chi=89: N-P=0
q=147: chi=101: N-P=0
q=147: chi=104: N-P=0
q=147: chi=110: N-P=0
q=147: chi=122: N-P=0
q=147: chi=125: N-P=0
q=147: chi=131: N-P=1
q=147: chi=143: N-P=1
q=148: chi=15: N-P=0
q=148: chi=19: N-P=1
q=148: chi=23: N-P=1
I=-0.013981015251279159813990638482538471064 q=148: chi=31: N-P=0
q=148: chi=35: N-P=0
q=148: chi=39: N-P=0
q=148: chi=43: N-P=0
q=148: chi=51: N-P=0
q=148: chi=55: N-P=1
I=-0.022711670182536006435089439039704218489 q=148: chi=59: N-P=0
q=148: chi=79: N-P=0
q=148: chi=87: N-P=0
q=148: chi=91: N-P=0
q=148: chi=103: N-P=0
I=-0.010161219126697833313440162903476125791 q=148: chi=119: N-P=0
q=148: chi=131: N-P=1
q=148: chi=135: N-P=1
q=148: chi=143: N-P=0
q=149: chi=4: N-P=0
q=149: chi=5: N-P=0
q=149: chi=6: N-P=1
I=0.94792339103264116869594756291857902653 q=149: chi=7: N-P=1
q=149: chi=9: N-P=0
q=149: chi=16: N-P=0
I=0.097771953750989612800540194182920657623 q=149: chi=17: N-P=0
q=149: chi=19: N-P=0
q=149: chi=20: N-P=1
q=149: chi=22: N-P=0
q=149: chi=24: N-P=0
q=149: chi=25: N-P=0
q=149: chi=26: N-P=1
q=149: chi=28: N-P=0
q=149: chi=29: N-P=0
q=149: chi=30: N-P=0
q=149: chi=31: N-P=1
q=149: chi=33: N-P=0
q=149: chi=35: N-P=1
q=149: chi=36: N-P=1
q=149: chi=37: N-P=0
q=149: chi=39: N-P=0
q=149: chi=42: N-P=1
q=149: chi=45: N-P=1
q=149: chi=46: N-P=1
q=149: chi=47: N-P=0
q=149: chi=49: N-P=1
q=149: chi=53: N-P=0
q=149: chi=54: N-P=0
q=149: chi=61: N-P=1
q=149: chi=63: N-P=0
q=149: chi=64: N-P=0
q=149: chi=67: N-P=0
I=1.0196398421658241491138914578616923754 q=149: chi=68: N-P=1
q=149: chi=69: N-P=0
q=149: chi=73: N-P=0
q=149: chi=76: N-P=1
q=149: chi=80: N-P=1
q=149: chi=81: N-P=0
q=149: chi=82: N-P=0
q=149: chi=85: N-P=0
q=149: chi=86: N-P=0
q=149: chi=88: N-P=1
q=149: chi=95: N-P=0
q=149: chi=96: N-P=0
q=149: chi=100: N-P=0
q=149: chi=102: N-P=0
q=149: chi=103: N-P=0
q=149: chi=104: N-P=0
q=149: chi=107: N-P=1
q=149: chi=110: N-P=0
I=-0.046141232938853804047094309430022226240 q=149: chi=112: N-P=0
q=149: chi=113: N-P=1
q=149: chi=114: N-P=0
q=149: chi=116: N-P=1
q=149: chi=118: N-P=1
q=149: chi=119: N-P=0
q=149: chi=120: N-P=0
q=149: chi=121: N-P=0
q=149: chi=123: N-P=0
q=149: chi=124: N-P=1
q=149: chi=125: N-P=0
q=149: chi=127: N-P=0
q=149: chi=129: N-P=1
q=149: chi=130: N-P=0
q=149: chi=132: N-P=0
q=149: chi=133: N-P=1
q=149: chi=140: N-P=1
q=149: chi=142: N-P=0
q=149: chi=143: N-P=0
q=149: chi=144: N-P=0
q=149: chi=145: N-P=1
q=149: chi=148: N-P=0
q=151: chi=2: N-P=0
q=151: chi=4: N-P=0
q=151: chi=5: N-P=0
q=151: chi=8: N-P=0
q=151: chi=9: N-P=0
q=151: chi=10: N-P=0
q=151: chi=11: N-P=1
q=151: chi=16: N-P=0
q=151: chi=17: N-P=0
q=151: chi=18: N-P=0
q=151: chi=19: N-P=0
q=151: chi=20: N-P=0
q=151: chi=21: N-P=0
q=151: chi=22: N-P=1
q=151: chi=25: N-P=0
q=151: chi=29: N-P=0
q=151: chi=31: N-P=0
q=151: chi=32: N-P=0
q=151: chi=34: N-P=0
q=151: chi=36: N-P=0
q=151: chi=37: N-P=0
q=151: chi=38: N-P=1
q=151: chi=39: N-P=0
q=151: chi=40: N-P=1
q=151: chi=42: N-P=1
q=151: chi=43: N-P=0
q=151: chi=44: N-P=1
q=151: chi=45: N-P=1
q=151: chi=47: N-P=0
q=151: chi=49: N-P=0
q=151: chi=50: N-P=0
q=151: chi=55: N-P=0
q=151: chi=58: N-P=0
q=151: chi=59: N-P=0
q=151: chi=62: N-P=1
q=151: chi=64: N-P=1
I=-0.060129126154055431455600409680034353134 q=151: chi=68: N-P=0
q=151: chi=69: N-P=1
q=151: chi=72: N-P=1
q=151: chi=74: N-P=0
q=151: chi=76: N-P=0
q=151: chi=78: N-P=0
q=151: chi=80: N-P=1
q=151: chi=81: N-P=0
q=151: chi=84: N-P=1
q=151: chi=85: N-P=1
q=151: chi=86: N-P=0
q=151: chi=88: N-P=0
q=151: chi=90: N-P=1
q=151: chi=91: N-P=1
q=151: chi=94: N-P=1
q=151: chi=95: N-P=0
q=151: chi=97: N-P=0
q=151: chi=98: N-P=0
q=151: chi=99: N-P=0
q=151: chi=100: N-P=1
q=151: chi=103: N-P=0
q=151: chi=105: N-P=0
q=151: chi=110: N-P=0
q=151: chi=116: N-P=0
q=151: chi=118: N-P=1
q=151: chi=121: N-P=1
q=151: chi=123: N-P=0
q=151: chi=124: N-P=0
q=151: chi=125: N-P=1
q=151: chi=127: N-P=0
q=151: chi=128: N-P=1
q=151: chi=136: N-P=0
q=151: chi=137: N-P=1
q=151: chi=138: N-P=1
q=151: chi=139: N-P=0
q=151: chi=144: N-P=0
I=0.40366905605482233995933619654385378047 q=151: chi=145: N-P=0
q=151: chi=148: N-P=1
q=152: chi=3: N-P=0
q=152: chi=5: N-P=0
q=152: chi=27: N-P=0
q=152: chi=45: N-P=1
q=152: chi=51: N-P=0
q=152: chi=59: N-P=1
q=152: chi=61: N-P=0
q=152: chi=67: N-P=0
q=152: chi=75: N-P=0
q=152: chi=85: N-P=1
q=152: chi=91: N-P=0
q=152: chi=93: N-P=0
q=152: chi=101: N-P=1
q=152: chi=107: N-P=1
q=152: chi=125: N-P=0
q=152: chi=147: N-P=0
q=152: chi=149: N-P=0
q=153: chi=4: N-P=1
I=-0.089117389906947127838546057247962548942 q=153: chi=5: N-P=0
q=153: chi=11: N-P=0
q=153: chi=13: N-P=1
q=153: chi=14: N-P=1
q=153: chi=16: N-P=0
q=153: chi=20: N-P=0
I=0.15116727460692415362963800883679368274 q=153: chi=23: N-P=0
q=153: chi=25: N-P=1
q=153: chi=29: N-P=1
q=153: chi=41: N-P=1
q=153: chi=43: N-P=0
q=153: chi=49: N-P=0
q=153: chi=56: N-P=0
q=153: chi=65: N-P=0
q=153: chi=67: N-P=0
q=153: chi=70: N-P=1
q=153: chi=74: N-P=0
q=153: chi=76: N-P=0
q=153: chi=92: N-P=0
q=153: chi=94: N-P=0
q=153: chi=95: N-P=0
q=153: chi=106: N-P=0
q=153: chi=113: N-P=0
q=153: chi=115: N-P=0
q=153: chi=121: N-P=0
q=153: chi=122: N-P=0
q=153: chi=131: N-P=0
q=153: chi=146: N-P=1
q=153: chi=151: N-P=0
q=155: chi=3: N-P=1
q=155: chi=4: N-P=0
q=155: chi=9: N-P=0
q=155: chi=12: N-P=1
q=155: chi=13: N-P=0
q=155: chi=14: N-P=0
q=155: chi=17: N-P=1
q=155: chi=19: N-P=0
q=155: chi=22: N-P=0
q=155: chi=23: N-P=0
q=155: chi=27: N-P=1
q=155: chi=37: N-P=0
q=155: chi=39: N-P=0
q=155: chi=42: N-P=1
I=-0.55090943394201812272503757352932548541 q=155: chi=43: N-P=-1
q=155: chi=48: N-P=0
I=-0.019924422873082557909490536364333410638 q=155: chi=49: N-P=0
q=155: chi=52: N-P=0
q=155: chi=53: N-P=1
q=155: chi=57: N-P=0
q=155: chi=58: N-P=0
q=155: chi=59: N-P=0
q=155: chi=64: N-P=0
q=155: chi=68: N-P=0
q=155: chi=69: N-P=1
q=155: chi=73: N-P=0
q=155: chi=77: N-P=0
q=155: chi=83: N-P=0
q=155: chi=88: N-P=0
q=155: chi=92: N-P=0
q=155: chi=108: N-P=0
q=155: chi=109: N-P=1
q=155: chi=117: N-P=0
q=155: chi=122: N-P=0
q=155: chi=123: N-P=1
q=155: chi=127: N-P=0
q=155: chi=129: N-P=0
q=155: chi=134: N-P=1
q=155: chi=137: N-P=0
q=155: chi=144: N-P=1
q=155: chi=147: N-P=1
q=155: chi=148: N-P=0
q=155: chi=149: N-P=1
I=0.012396179227135697294909459623996085101 q=155: chi=153: N-P=0
I=0.011388484229285945133530346382167441370 q=156: chi=23: N-P=0
q=156: chi=35: N-P=1
q=156: chi=95: N-P=0
q=156: chi=107: N-P=0
q=156: chi=155: N-P=0
q=157: chi=3: N-P=0
q=157: chi=4: N-P=1
q=157: chi=9: N-P=0
q=157: chi=10: N-P=1
q=157: chi=11: N-P=0
q=157: chi=12: N-P=0
I=-0.17409369373974168300377795433957812870 q=157: chi=13: N-P=0
I=-0.031836725813852453765078296222158232544 q=157: chi=14: N-P=0
q=157: chi=16: N-P=0
q=157: chi=17: N-P=0
q=157: chi=19: N-P=0
q=157: chi=25: N-P=0
q=157: chi=27: N-P=0
q=157: chi=30: N-P=0
q=157: chi=31: N-P=0
q=157: chi=33: N-P=1
q=157: chi=35: N-P=1
q=157: chi=36: N-P=0
q=157: chi=37: N-P=1
q=157: chi=39: N-P=1
q=157: chi=40: N-P=1
q=157: chi=42: N-P=1
q=157: chi=44: N-P=0
q=157: chi=46: N-P=0
q=157: chi=47: N-P=0
q=157: chi=48: N-P=1
q=157: chi=49: N-P=1
q=157: chi=51: N-P=0
q=157: chi=52: N-P=0
q=157: chi=56: N-P=0
q=157: chi=57: N-P=0
q=157: chi=58: N-P=0
q=157: chi=64: N-P=0
q=157: chi=67: N-P=0
q=157: chi=68: N-P=0
q=157: chi=71: N-P=0
q=157: chi=75: N-P=0
q=157: chi=76: N-P=1
q=157: chi=81: N-P=0
q=157: chi=82: N-P=0
q=157: chi=86: N-P=0
q=157: chi=89: N-P=1
q=157: chi=90: N-P=1
I=-1.1517195329045509505318801948286522062 q=157: chi=93: N-P=-1
q=157: chi=99: N-P=0
q=157: chi=100: N-P=1
q=157: chi=101: N-P=0
q=157: chi=105: N-P=1
q=157: chi=106: N-P=0
q=157: chi=108: N-P=1
q=157: chi=109: N-P=1
q=157: chi=110: N-P=0
q=157: chi=111: N-P=0
q=157: chi=113: N-P=1
q=157: chi=115: N-P=1
I=0.044828768779247112367568055795186568521 q=157: chi=117: N-P=0
q=157: chi=118: N-P=0
q=157: chi=120: N-P=0
q=157: chi=121: N-P=0
q=157: chi=122: N-P=1
q=157: chi=124: N-P=0
I=-0.64685823865713178095359146165477653637 q=157: chi=126: N-P=-1
q=157: chi=127: N-P=1
q=157: chi=130: N-P=0
q=157: chi=132: N-P=0
q=157: chi=138: N-P=0
q=157: chi=140: N-P=0
q=157: chi=141: N-P=0
q=157: chi=143: N-P=1
q=157: chi=144: N-P=1
I=1.1740936937397544843103834246437359880 q=157: chi=145: N-P=1
q=157: chi=146: N-P=1
q=157: chi=147: N-P=1
q=157: chi=148: N-P=0
q=157: chi=153: N-P=0
q=157: chi=154: N-P=0
q=157: chi=156: N-P=0
q=159: chi=2: N-P=0
q=159: chi=5: N-P=1
q=159: chi=8: N-P=0
q=159: chi=14: N-P=0
q=159: chi=20: N-P=0
q=159: chi=23: N-P=1
q=159: chi=26: N-P=0
q=159: chi=32: N-P=0
q=159: chi=35: N-P=0
q=159: chi=41: N-P=0
q=159: chi=50: N-P=1
q=159: chi=56: N-P=1
q=159: chi=65: N-P=1
q=159: chi=71: N-P=0
q=159: chi=74: N-P=0
q=159: chi=80: N-P=1
q=159: chi=83: N-P=0
q=159: chi=86: N-P=0
q=159: chi=92: N-P=0
q=159: chi=98: N-P=0
q=159: chi=101: N-P=1
q=159: chi=104: N-P=0
q=159: chi=125: N-P=0
q=159: chi=128: N-P=1
q=159: chi=137: N-P=0
q=159: chi=140: N-P=1
q=160: chi=3: N-P=0
q=160: chi=27: N-P=1
q=160: chi=29: N-P=0
q=160: chi=43: N-P=1
q=160: chi=67: N-P=0
q=160: chi=69: N-P=1
q=160: chi=83: N-P=0
q=160: chi=107: N-P=0
q=160: chi=109: N-P=0
q=160: chi=123: N-P=0
q=160: chi=147: N-P=1
q=160: chi=149: N-P=0
q=161: chi=2: N-P=1
q=161: chi=4: N-P=0
q=161: chi=5: N-P=0
q=161: chi=9: N-P=0
q=161: chi=10: N-P=0
q=161: chi=16: N-P=0
q=161: chi=17: N-P=0
q=161: chi=18: N-P=1
I=-0.017907716041420592582001072309229024466 q=161: chi=19: N-P=0
q=161: chi=20: N-P=0
q=161: chi=25: N-P=0
q=161: chi=32: N-P=0
q=161: chi=33: N-P=0
I=1.2424432213325574854027107453887542462 q=161: chi=34: N-P=1
q=161: chi=38: N-P=1
q=161: chi=39: N-P=0
q=161: chi=40: N-P=0
q=161: chi=45: N-P=0
q=161: chi=58: N-P=1
q=161: chi=61: N-P=0
q=161: chi=66: N-P=1
q=161: chi=68: N-P=1
q=161: chi=72: N-P=0
q=161: chi=76: N-P=1
q=161: chi=80: N-P=0
q=161: chi=81: N-P=0
q=161: chi=83: N-P=1
q=161: chi=89: N-P=0
q=161: chi=90: N-P=0
q=161: chi=95: N-P=0
q=161: chi=97: N-P=0
q=161: chi=100: N-P=1
q=161: chi=103: N-P=0
q=161: chi=111: N-P=0
q=161: chi=121: N-P=1
q=161: chi=122: N-P=0
q=161: chi=123: N-P=1
q=161: chi=125: N-P=0
q=161: chi=128: N-P=0
q=161: chi=129: N-P=0
q=161: chi=132: N-P=1
q=161: chi=136: N-P=1
q=161: chi=142: N-P=0
I=0.13227681562723699228606881462011772564 q=161: chi=143: N-P=0
q=161: chi=144: N-P=0
q=161: chi=145: N-P=0
q=161: chi=151: N-P=1
q=161: chi=152: N-P=0
q=161: chi=153: N-P=0
q=161: chi=156: N-P=0
q=161: chi=157: N-P=0
q=161: chi=159: N-P=1
q=161: chi=160: N-P=0
q=163: chi=4: N-P=0
q=163: chi=6: N-P=1
q=163: chi=9: N-P=0
q=163: chi=10: N-P=0
q=163: chi=14: N-P=0
q=163: chi=15: N-P=1
q=163: chi=16: N-P=0
q=163: chi=21: N-P=0
I=1.0194543648138024121603342989021338859 q=163: chi=22: N-P=1
q=163: chi=24: N-P=1
q=163: chi=25: N-P=1
q=163: chi=26: N-P=0
q=163: chi=33: N-P=1
q=163: chi=34: N-P=0
q=163: chi=35: N-P=1
q=163: chi=36: N-P=0
q=163: chi=38: N-P=1
q=163: chi=39: N-P=1
q=163: chi=40: N-P=0
I=0.44195799159780071230871909683800266118 q=163: chi=41: N-P=0
q=163: chi=43: N-P=0
q=163: chi=46: N-P=0
q=163: chi=47: N-P=1
I=1.0407698485619587676884169664407569851 q=163: chi=49: N-P=1
q=163: chi=51: N-P=1
q=163: chi=53: N-P=1
I=0.39194536547260908603826351813678423825 q=163: chi=54: N-P=0
q=163: chi=55: N-P=1
q=163: chi=56: N-P=0
q=163: chi=57: N-P=1
q=163: chi=58: N-P=0
q=163: chi=60: N-P=0
q=163: chi=61: N-P=0
q=163: chi=62: N-P=0
q=163: chi=64: N-P=1
q=163: chi=65: N-P=0
q=163: chi=69: N-P=1
q=163: chi=71: N-P=1
q=163: chi=74: N-P=0
q=163: chi=77: N-P=1
q=163: chi=81: N-P=0
q=163: chi=83: N-P=0
q=163: chi=84: N-P=0
q=163: chi=85: N-P=1
q=163: chi=87: N-P=0
q=163: chi=88: N-P=1
q=163: chi=90: N-P=0
q=163: chi=91: N-P=1
q=163: chi=93: N-P=0
q=163: chi=95: N-P=0
q=163: chi=96: N-P=1
q=163: chi=97: N-P=1
q=163: chi=100: N-P=0
q=163: chi=104: N-P=0
q=163: chi=111: N-P=0
q=163: chi=113: N-P=0
q=163: chi=115: N-P=0
q=163: chi=118: N-P=1
I=0.67857434097275543466476963575544467621 q=163: chi=119: N-P=1
q=163: chi=121: N-P=0
q=163: chi=126: N-P=0
q=163: chi=131: N-P=1
q=163: chi=132: N-P=1
q=163: chi=133: N-P=0
q=163: chi=134: N-P=0
q=163: chi=135: N-P=0
q=163: chi=136: N-P=0
q=163: chi=140: N-P=0
I=-0.016941508610555042037247108103512227616 q=163: chi=143: N-P=0
q=163: chi=144: N-P=0
q=163: chi=145: N-P=0
I=0.18176891039635057671281378346549128041 q=163: chi=146: N-P=0
q=163: chi=150: N-P=0
q=163: chi=151: N-P=0
q=163: chi=152: N-P=1
q=163: chi=155: N-P=1
q=163: chi=156: N-P=0
q=163: chi=158: N-P=1
q=163: chi=160: N-P=0
q=163: chi=161: N-P=0
q=164: chi=3: N-P=0
q=164: chi=7: N-P=0
I=-0.066141709599570059128272240313057434889 q=164: chi=11: N-P=0
I=1.0661417095995700607938743165770986112 q=164: chi=15: N-P=1
q=164: chi=19: N-P=0
q=164: chi=27: N-P=1
q=164: chi=35: N-P=0
q=164: chi=47: N-P=1
q=164: chi=55: N-P=1
q=164: chi=63: N-P=1
q=164: chi=67: N-P=0
q=164: chi=71: N-P=0
q=164: chi=75: N-P=1
q=164: chi=79: N-P=0
q=164: chi=95: N-P=0
I=-0.017184363848834966579295170639625051387 q=164: chi=99: N-P=0
q=164: chi=111: N-P=0
q=164: chi=135: N-P=1
q=164: chi=147: N-P=0
q=164: chi=151: N-P=0
q=165: chi=29: N-P=0
q=165: chi=38: N-P=1
q=165: chi=47: N-P=1
q=165: chi=53: N-P=1
q=165: chi=74: N-P=1
I=1.0347262249440679765939740080979431741 q=165: chi=92: N-P=1
q=165: chi=113: N-P=0
q=165: chi=134: N-P=0
q=165: chi=137: N-P=0
q=165: chi=149: N-P=1
q=165: chi=152: N-P=0
q=165: chi=158: N-P=0
q=165: chi=164: N-P=0
q=167: chi=2: N-P=1
q=167: chi=3: N-P=1
q=167: chi=4: N-P=1
I=1.0125132262828457172684333868737167410 q=167: chi=6: N-P=1
q=167: chi=7: N-P=1
I=1.0322020460435783191799374871312599354 q=167: chi=8: N-P=1
q=167: chi=9: N-P=1
q=167: chi=11: N-P=1
q=167: chi=12: N-P=1
q=167: chi=14: N-P=0
q=167: chi=16: N-P=1
q=167: chi=18: N-P=0
q=167: chi=19: N-P=0
q=167: chi=21: N-P=0
q=167: chi=22: N-P=1
q=167: chi=24: N-P=0
q=167: chi=25: N-P=0
q=167: chi=27: N-P=1
q=167: chi=28: N-P=0
q=167: chi=29: N-P=0
q=167: chi=31: N-P=1
q=167: chi=32: N-P=0
q=167: chi=33: N-P=1
I=1.0111347411428095157527265789474790505 q=167: chi=36: N-P=1
q=167: chi=38: N-P=0
q=167: chi=42: N-P=0
q=167: chi=44: N-P=0
q=167: chi=47: N-P=1
q=167: chi=48: N-P=1
q=167: chi=49: N-P=1
q=167: chi=50: N-P=0
I=0.85629438373632807975795418521415515637 q=167: chi=54: N-P=1
q=167: chi=56: N-P=0
q=167: chi=57: N-P=0
q=167: chi=58: N-P=0
q=167: chi=61: N-P=0
q=167: chi=62: N-P=1
q=167: chi=63: N-P=1
q=167: chi=64: N-P=1
q=167: chi=65: N-P=0
I=-0.096847648263076205507692977521332737200 q=167: chi=66: N-P=0
q=167: chi=72: N-P=0
q=167: chi=75: N-P=0
q=167: chi=76: N-P=0
q=167: chi=77: N-P=1
q=167: chi=81: N-P=0
q=167: chi=84: N-P=0
q=167: chi=85: N-P=0
q=167: chi=87: N-P=0
q=167: chi=88: N-P=1
q=167: chi=89: N-P=0
q=167: chi=93: N-P=0
q=167: chi=94: N-P=0
q=167: chi=96: N-P=1
q=167: chi=97: N-P=0
q=167: chi=98: N-P=0
q=167: chi=99: N-P=0
q=167: chi=100: N-P=1
q=167: chi=107: N-P=0
q=167: chi=108: N-P=0
q=167: chi=112: N-P=1
q=167: chi=114: N-P=0
q=167: chi=115: N-P=0
I=-0.011134741142809607957483348055731790430 q=167: chi=116: N-P=0
q=167: chi=121: N-P=1
I=0.80006081308980957070048537221900978181 q=167: chi=122: N-P=1
q=167: chi=124: N-P=0
q=167: chi=126: N-P=0
q=167: chi=127: N-P=0
q=167: chi=128: N-P=1
q=167: chi=130: N-P=0
q=167: chi=132: N-P=0
q=167: chi=133: N-P=0
q=167: chi=137: N-P=0
q=167: chi=141: N-P=0
q=167: chi=144: N-P=0
q=167: chi=147: N-P=1
q=167: chi=150: N-P=1
q=167: chi=152: N-P=1
q=167: chi=154: N-P=0
q=167: chi=157: N-P=0
q=167: chi=162: N-P=0
q=168: chi=5: N-P=0
q=168: chi=11: N-P=0
q=168: chi=101: N-P=1
q=168: chi=107: N-P=1
q=168: chi=125: N-P=0
I=0.41535706447550345909039672188701296704 q=169: chi=3: N-P=0
q=169: chi=4: N-P=0
q=169: chi=9: N-P=0
q=169: chi=10: N-P=0
q=169: chi=12: N-P=0
q=169: chi=14: N-P=0
q=169: chi=16: N-P=0
q=169: chi=17: N-P=0
q=169: chi=25: N-P=0
q=169: chi=27: N-P=0
q=169: chi=29: N-P=0
q=169: chi=30: N-P=1
q=169: chi=35: N-P=1
q=169: chi=36: N-P=0
q=169: chi=38: N-P=1
q=169: chi=40: N-P=0
q=169: chi=42: N-P=0
q=169: chi=43: N-P=1
q=169: chi=48: N-P=1
q=169: chi=49: N-P=0
q=169: chi=51: N-P=0
q=169: chi=53: N-P=0
q=169: chi=55: N-P=1
q=169: chi=56: N-P=1
q=169: chi=61: N-P=0
q=169: chi=62: N-P=0
q=169: chi=64: N-P=0
q=169: chi=66: N-P=0
q=169: chi=68: N-P=1
q=169: chi=69: N-P=1
q=169: chi=74: N-P=1
I=0.83154292869524231042834126949864324490 q=169: chi=75: N-P=1
q=169: chi=77: N-P=0
q=169: chi=79: N-P=0
q=169: chi=81: N-P=0
I=0.92591549343727042353378445554622945139 q=169: chi=82: N-P=1
q=169: chi=87: N-P=0
q=169: chi=88: N-P=0
q=169: chi=90: N-P=0
q=169: chi=92: N-P=1
q=169: chi=94: N-P=1
q=169: chi=95: N-P=1
q=169: chi=100: N-P=0
q=169: chi=101: N-P=0
q=169: chi=103: N-P=0
q=169: chi=105: N-P=1
q=169: chi=107: N-P=1
q=169: chi=108: N-P=1
q=169: chi=113: N-P=0
q=169: chi=114: N-P=0
q=169: chi=116: N-P=1
q=169: chi=118: N-P=1
q=169: chi=120: N-P=0
q=169: chi=121: N-P=1
q=169: chi=126: N-P=0
I=-0.21116988019019261329254583722784477196 q=169: chi=127: N-P=0
q=169: chi=129: N-P=0
I=0.95407216537837777302351570525478039680 q=169: chi=131: N-P=1
q=169: chi=133: N-P=0
q=169: chi=134: N-P=0
q=169: chi=139: N-P=0
q=169: chi=140: N-P=1
q=169: chi=142: N-P=1
q=169: chi=144: N-P=1
q=169: chi=152: N-P=0
q=169: chi=153: N-P=0
q=169: chi=155: N-P=1
q=169: chi=157: N-P=0
q=169: chi=159: N-P=0
q=169: chi=160: N-P=0
q=169: chi=165: N-P=1
q=169: chi=166: N-P=0
q=171: chi=2: N-P=0
q=171: chi=4: N-P=0
q=171: chi=7: N-P=1
I=-0.16917823242797853976542825644399220351 q=171: chi=14: N-P=0
q=171: chi=16: N-P=1
q=171: chi=25: N-P=0
q=171: chi=29: N-P=0
q=171: chi=32: N-P=0
q=171: chi=41: N-P=1
q=171: chi=43: N-P=1
q=171: chi=49: N-P=0
q=171: chi=50: N-P=1
q=171: chi=56: N-P=1
q=171: chi=59: N-P=1
q=171: chi=61: N-P=0
q=171: chi=65: N-P=0
q=171: chi=85: N-P=1
q=171: chi=86: N-P=0
q=171: chi=106: N-P=1
I=1.1691782324279785397654295379541054131 q=171: chi=110: N-P=1
q=171: chi=112: N-P=1
q=171: chi=113: N-P=0
q=171: chi=121: N-P=0
q=171: chi=122: N-P=0
q=171: chi=128: N-P=0
q=171: chi=130: N-P=0
q=171: chi=139: N-P=0
q=171: chi=142: N-P=0
q=171: chi=146: N-P=0
q=171: chi=155: N-P=1
q=171: chi=157: N-P=0
q=171: chi=164: N-P=0
q=171: chi=167: N-P=0
q=171: chi=169: N-P=0
q=172: chi=3: N-P=0
q=172: chi=7: N-P=1
q=172: chi=19: N-P=0
q=172: chi=27: N-P=1
q=172: chi=39: N-P=0
q=172: chi=51: N-P=0
q=172: chi=55: N-P=1
q=172: chi=63: N-P=0
q=172: chi=71: N-P=1
q=172: chi=75: N-P=1
q=172: chi=91: N-P=0
q=172: chi=115: N-P=0
q=172: chi=119: N-P=0
q=172: chi=123: N-P=0
q=172: chi=131: N-P=0
q=172: chi=147: N-P=0
I=0.035296320654551455308903649604289135423 q=172: chi=151: N-P=0
I=0.10115596548377284377316009468506047859 q=172: chi=155: N-P=0
q=172: chi=159: N-P=1
q=172: chi=163: N-P=1
q=172: chi=171: N-P=0
q=173: chi=4: N-P=0
q=173: chi=6: N-P=0
q=173: chi=9: N-P=0
q=173: chi=10: N-P=0
q=173: chi=13: N-P=0
I=-0.010499409172386459194686576480171886423 q=173: chi=14: N-P=0
q=173: chi=15: N-P=0
q=173: chi=16: N-P=0
q=173: chi=21: N-P=0
q=173: chi=22: N-P=0
q=173: chi=23: N-P=0
q=173: chi=24: N-P=1
q=173: chi=25: N-P=0
q=173: chi=29: N-P=1
q=173: chi=31: N-P=0
q=173: chi=33: N-P=1
q=173: chi=34: N-P=1
q=173: chi=35: N-P=0
q=173: chi=36: N-P=1
q=173: chi=37: N-P=1
q=173: chi=38: N-P=1
q=173: chi=40: N-P=1
q=173: chi=41: N-P=0
q=173: chi=43: N-P=0
q=173: chi=47: N-P=0
q=173: chi=49: N-P=0
q=173: chi=51: N-P=0
q=173: chi=52: N-P=1
q=173: chi=54: N-P=1
q=173: chi=55: N-P=0
q=173: chi=56: N-P=0
q=173: chi=57: N-P=0
q=173: chi=60: N-P=0
q=173: chi=64: N-P=0
q=173: chi=67: N-P=1
q=173: chi=73: N-P=0
q=173: chi=77: N-P=1
q=173: chi=78: N-P=1
q=173: chi=81: N-P=1
q=173: chi=83: N-P=0
q=173: chi=84: N-P=1
q=173: chi=85: N-P=1
q=173: chi=88: N-P=0
q=173: chi=89: N-P=0
q=173: chi=90: N-P=1
q=173: chi=92: N-P=0
q=173: chi=95: N-P=1
q=173: chi=96: N-P=0
q=173: chi=100: N-P=0
q=173: chi=106: N-P=0
q=173: chi=109: N-P=1
q=173: chi=113: N-P=0
q=173: chi=116: N-P=1
I=-0.019257527481747880293515165075383078483 q=173: chi=117: N-P=0
q=173: chi=118: N-P=1
q=173: chi=119: N-P=0
q=173: chi=121: N-P=0
q=173: chi=122: N-P=0
q=173: chi=124: N-P=1
q=173: chi=126: N-P=1
q=173: chi=130: N-P=1
q=173: chi=132: N-P=0
q=173: chi=133: N-P=0
q=173: chi=135: N-P=0
q=173: chi=136: N-P=0
q=173: chi=137: N-P=0
q=173: chi=138: N-P=0
q=173: chi=139: N-P=0
q=173: chi=140: N-P=1
q=173: chi=142: N-P=0
q=173: chi=144: N-P=0
q=173: chi=148: N-P=1
q=173: chi=149: N-P=0
q=173: chi=150: N-P=0
q=173: chi=151: N-P=1
q=173: chi=152: N-P=0
q=173: chi=157: N-P=0
q=173: chi=158: N-P=1
q=173: chi=159: N-P=0
q=173: chi=160: N-P=0
q=173: chi=163: N-P=1
q=173: chi=164: N-P=1
I=1.0400092462640125826050653157674498265 q=173: chi=167: N-P=1
q=173: chi=169: N-P=1
q=173: chi=172: N-P=1
q=175: chi=3: N-P=0
q=175: chi=4: N-P=0
q=175: chi=9: N-P=0
q=175: chi=11: N-P=0
q=175: chi=12: N-P=0
q=175: chi=13: N-P=0
q=175: chi=16: N-P=1
q=175: chi=17: N-P=1
q=175: chi=27: N-P=0
q=175: chi=33: N-P=1
q=175: chi=38: N-P=1
q=175: chi=39: N-P=1
q=175: chi=44: N-P=1
q=175: chi=46: N-P=1
q=175: chi=47: N-P=1
q=175: chi=48: N-P=1
q=175: chi=52: N-P=1
q=175: chi=62: N-P=0
I=0.40742873529539331520087329871708922905 q=175: chi=73: N-P=0
I=0.97976289449437569408106268920426020478 q=175: chi=79: N-P=1
q=175: chi=81: N-P=1
q=175: chi=83: N-P=0
q=175: chi=86: N-P=0
q=175: chi=87: N-P=0
q=175: chi=97: N-P=1
q=175: chi=103: N-P=0
q=175: chi=108: N-P=0
q=175: chi=109: N-P=0
q=175: chi=114: N-P=0
q=175: chi=116: N-P=0
q=175: chi=117: N-P=1
q=175: chi=121: N-P=0
q=175: chi=122: N-P=0
q=175: chi=138: N-P=0
q=175: chi=144: N-P=0
q=175: chi=152: N-P=0
q=175: chi=153: N-P=0
q=175: chi=156: N-P=0
q=175: chi=167: N-P=0
q=175: chi=173: N-P=0
q=176: chi=5: N-P=0
q=176: chi=19: N-P=0
q=176: chi=35: N-P=0
q=176: chi=37: N-P=0
q=176: chi=43: N-P=0
q=176: chi=51: N-P=0
q=176: chi=53: N-P=1
q=176: chi=69: N-P=0
q=176: chi=83: N-P=0
q=176: chi=93: N-P=0
q=176: chi=107: N-P=0
q=176: chi=123: N-P=1
q=176: chi=125: N-P=1
q=176: chi=131: N-P=1
I=0.073610050880132832597847675100956672494 q=176: chi=139: N-P=0
q=176: chi=141: N-P=0
q=176: chi=157: N-P=0
q=176: chi=171: N-P=0
q=177: chi=2: N-P=1
q=177: chi=8: N-P=1
q=177: chi=11: N-P=0
q=177: chi=14: N-P=1
q=177: chi=23: N-P=1
q=177: chi=32: N-P=1
q=177: chi=38: N-P=0
q=177: chi=44: N-P=0
q=177: chi=47: N-P=1
q=177: chi=50: N-P=1
q=177: chi=56: N-P=1
q=177: chi=65: N-P=1
q=177: chi=77: N-P=0
q=177: chi=83: N-P=0
q=177: chi=89: N-P=0
q=177: chi=92: N-P=0
q=177: chi=98: N-P=0
q=177: chi=101: N-P=0
q=177: chi=113: N-P=0
q=177: chi=128: N-P=0
q=177: chi=131: N-P=0
q=177: chi=149: N-P=0
q=177: chi=152: N-P=1
q=177: chi=155: N-P=0
q=177: chi=158: N-P=1
q=177: chi=161: N-P=0
q=177: chi=170: N-P=1
q=177: chi=173: N-P=0
q=177: chi=176: N-P=0
q=179: chi=3: N-P=1
q=179: chi=4: N-P=0
q=179: chi=5: N-P=1
q=179: chi=9: N-P=0
q=179: chi=12: N-P=0
q=179: chi=13: N-P=0
q=179: chi=14: N-P=0
q=179: chi=15: N-P=1
q=179: chi=16: N-P=0
q=179: chi=17: N-P=1
q=179: chi=19: N-P=1
q=179: chi=20: N-P=1
q=179: chi=22: N-P=0
q=179: chi=25: N-P=0
q=179: chi=27: N-P=0
q=179: chi=29: N-P=1
q=179: chi=31: N-P=1
q=179: chi=36: N-P=0
q=179: chi=39: N-P=0
q=179: chi=42: N-P=0
q=179: chi=43: N-P=1
I=1.0687898882837543013836771203493771946 q=179: chi=45: N-P=1
q=179: chi=46: N-P=0
I=-0.053116704295259152322312706351770059505 q=179: chi=47: N-P=0
q=179: chi=48: N-P=1
q=179: chi=49: N-P=1
q=179: chi=51: N-P=0
q=179: chi=52: N-P=0
I=-0.33114765955885270412197185844605195450 q=179: chi=56: N-P=0
q=179: chi=57: N-P=1
q=179: chi=59: N-P=0
q=179: chi=60: N-P=0
q=179: chi=61: N-P=0
q=179: chi=64: N-P=1
q=179: chi=65: N-P=0
q=179: chi=66: N-P=0
q=179: chi=67: N-P=0
q=179: chi=68: N-P=0
q=179: chi=70: N-P=0
q=179: chi=74: N-P=0
q=179: chi=75: N-P=0
q=179: chi=76: N-P=0
q=179: chi=77: N-P=0
q=179: chi=80: N-P=0
q=179: chi=81: N-P=0
q=179: chi=82: N-P=1
q=179: chi=83: N-P=0
q=179: chi=85: N-P=1
q=179: chi=87: N-P=0
q=179: chi=88: N-P=0
q=179: chi=89: N-P=0
q=179: chi=93: N-P=0
q=179: chi=95: N-P=0
q=179: chi=100: N-P=0
q=179: chi=101: N-P=1
q=179: chi=106: N-P=0
q=179: chi=107: N-P=1
q=179: chi=108: N-P=1
q=179: chi=110: N-P=1
q=179: chi=116: N-P=1
I=0.89514016835403290985149824222818890547 q=179: chi=117: N-P=1
q=179: chi=121: N-P=0
q=179: chi=124: N-P=1
q=179: chi=125: N-P=0
q=179: chi=126: N-P=1
q=179: chi=129: N-P=0
q=179: chi=135: N-P=0
q=179: chi=138: N-P=0
q=179: chi=139: N-P=0
q=179: chi=141: N-P=0
q=179: chi=142: N-P=0
q=179: chi=144: N-P=1
q=179: chi=145: N-P=1
q=179: chi=146: N-P=1
q=179: chi=147: N-P=0
q=179: chi=149: N-P=1
q=179: chi=151: N-P=0
q=179: chi=153: N-P=0
q=179: chi=155: N-P=0
I=-0.094426139164089977725692747287556810158 q=179: chi=156: N-P=0
q=179: chi=158: N-P=0
q=179: chi=161: N-P=1
q=179: chi=168: N-P=1
q=179: chi=169: N-P=0
q=179: chi=171: N-P=1
q=179: chi=172: N-P=1
q=179: chi=173: N-P=0
q=179: chi=177: N-P=1
q=180: chi=7: N-P=0
q=180: chi=43: N-P=0
q=180: chi=59: N-P=0
q=180: chi=67: N-P=0
q=180: chi=103: N-P=1
q=180: chi=119: N-P=1
q=181: chi=3: N-P=0
q=181: chi=4: N-P=1
q=181: chi=5: N-P=1
q=181: chi=9: N-P=1
q=181: chi=11: N-P=0
q=181: chi=12: N-P=0
q=181: chi=13: N-P=0
q=181: chi=14: N-P=0
q=181: chi=15: N-P=0
q=181: chi=16: N-P=0
q=181: chi=20: N-P=0
q=181: chi=25: N-P=0
q=181: chi=27: N-P=0
q=181: chi=29: N-P=1
q=181: chi=33: N-P=1
q=181: chi=34: N-P=1
q=181: chi=36: N-P=1
q=181: chi=37: N-P=0
I=-0.41283094139759216423739664439852748334 q=181: chi=38: N-P=0
q=181: chi=39: N-P=1
q=181: chi=42: N-P=0
q=181: chi=43: N-P=0
q=181: chi=44: N-P=0
q=181: chi=45: N-P=0
q=181: chi=46: N-P=1
q=181: chi=48: N-P=1
q=181: chi=49: N-P=0
q=181: chi=52: N-P=1
q=181: chi=55: N-P=0
q=181: chi=56: N-P=0
q=181: chi=59: N-P=0
q=181: chi=60: N-P=1
q=181: chi=62: N-P=0
q=181: chi=64: N-P=0
q=181: chi=65: N-P=0
q=181: chi=67: N-P=0
q=181: chi=70: N-P=0
q=181: chi=73: N-P=1
q=181: chi=75: N-P=0
q=181: chi=79: N-P=0
q=181: chi=80: N-P=1
q=181: chi=81: N-P=0
q=181: chi=82: N-P=0
q=181: chi=87: N-P=1
q=181: chi=94: N-P=0
q=181: chi=99: N-P=0
I=0.11374356178659791636662078526113235105 q=181: chi=100: N-P=0
q=181: chi=101: N-P=1
q=181: chi=102: N-P=0
q=181: chi=106: N-P=0
q=181: chi=108: N-P=0
I=0.83392813966904449028014384263853594787 q=181: chi=111: N-P=1
q=181: chi=114: N-P=0
q=181: chi=116: N-P=0
q=181: chi=117: N-P=0
q=181: chi=119: N-P=0
q=181: chi=121: N-P=1
q=181: chi=122: N-P=0
q=181: chi=125: N-P=1
q=181: chi=126: N-P=1
q=181: chi=129: N-P=0
q=181: chi=132: N-P=0
q=181: chi=133: N-P=1
q=181: chi=135: N-P=1
q=181: chi=136: N-P=0
q=181: chi=137: N-P=1
q=181: chi=138: N-P=0
q=181: chi=139: N-P=1
q=181: chi=142: N-P=1
q=181: chi=143: N-P=1
q=181: chi=144: N-P=1
q=181: chi=145: N-P=0
I=-0.035388906585721999601053985901175309279 q=181: chi=147: N-P=0

  ***   Break loop: <Return> to continue; 'break' to go back to GP prompt
[?1034hbreak> quit
