Command line:- ./do_t 77 64000
1: 1 49 -1936 77
2: -1 49 1452 77
3: 1 -49 -57354 77
4: -1 -49 57838 77
1: 1 77 -12012 77
2: -1 77 11704 77
3: 1 -77 -47278 77
4: -1 -77 47586 77
1: 1 121 -18424 77
2: -1 121 18228 77
3: 1 -121 -40866 77
4: -1 -121 41062 77
1: 1 229 -23716 77
3: 1 -229 -35574 77
2: -1 233 23716 77
4: -1 -233 35574 77
1: 1 539 -27126 77
2: -1 539 27082 77
3: 1 -539 -32164 77
4: -1 -539 32208 77
1: 1 847 -28042 77
2: -1 847 28014 77
3: 1 -847 -31248 77
4: -1 -847 31276 77
1: 1 1603 -28798 77
3: 1 -1603 -30492 77
2: -1 1631 28798 77
4: -1 -1631 30492 77
1: 1 2519 -29106 77
3: 1 -2519 -30184 77
2: -1 2563 29106 77
4: -1 -2563 30184 77
1: 1 5929 -29416 77
2: -1 5929 29412 77
3: 1 -5929 -29874 77
4: -1 -5929 29878 77
1: 1 11221 -29524 77
3: 1 -11221 -29766 77
2: -1 11417 29524 77
4: -1 -11417 29766 77
1: 1 17633 -29568 77
3: 1 -17633 -29722 77
2: -1 17941 29568 77
4: -1 -17941 29722 77
1: 1 27709 -29596 77
3: 1 -27709 -29694 77
2: -1 28193 29596 77
4: -1 -28193 29694 77
1: 2 11 46354 77
2: -2 11 -48510 77
2: -2 35 -5082 77
4: -2 -35 34727 77
4: -2 -47 29645 77
1: 2 49 -1089 77
2: -2 49 605 77
3: 2 -49 -28556 77
4: -2 -49 29040 77
2: -2 55 2156 77
4: -2 -55 27489 77
1: 2 77 -6083 77
2: -2 77 5775 77
3: 2 -77 -23562 77
4: -2 -77 23870 77
1: 2 121 -9261 77
2: -2 121 9065 77
3: 2 -121 -20384 77
4: -2 -121 20580 77
1: 2 227 -11858 77
3: 2 -227 -17787 77
2: -2 235 11858 77
4: -2 -235 17787 77
2: -2 245 11979 77
4: -2 -245 17666 77
2: -2 329 12705 77
4: -2 -329 16940 77
2: -2 385 13013 77
4: -2 -385 16632 77
2: -2 517 13475 77
4: -2 -517 16170 77
1: 2 539 -13574 77
2: -2 539 13530 77
3: 2 -539 -16071 77
4: -2 -539 16115 77
2: -2 605 13671 77
4: -2 -605 15974 77
1: 2 847 -14028 77
2: -2 847 14000 77
3: 2 -847 -15617 77
4: -2 -847 15645 77
1: 2 1589 -14399 77
3: 2 -1589 -15246 77
2: -2 1645 14399 77
4: -2 -1645 15246 77
2: -2 2303 14520 77
4: -2 -2303 15125 77
1: 2 2497 -14553 77
3: 2 -2497 -15092 77
2: -2 2585 14553 77
4: -2 -2585 15092 77
2: -2 2695 14564 77
4: -2 -2695 15081 77
2: -2 3619 14630 77
4: -2 -3619 15015 77
2: -2 4235 14658 77
4: -2 -4235 14987 77
2: -2 5687 14700 77
4: -2 -5687 14945 77
1: 2 5929 -14709 77
2: -2 5929 14705 77
3: 2 -5929 -14936 77
4: -2 -5929 14940 77
1: 2 11123 -14762 77
3: 2 -11123 -14883 77
2: -2 11515 14762 77
4: -2 -11515 14883 77
1: 2 17479 -14784 77
3: 2 -17479 -14861 77
2: -2 18095 14784 77
4: -2 -18095 14861 77
2: -2 25333 14795 77
4: -2 -25333 14850 77
1: 2 27467 -14798 77
3: 2 -27467 -14847 77
2: -2 28435 14798 77
4: -2 -28435 14847 77
2: -2 29645 14799 77
4: -2 -29645 14846 77
2: -2 39809 14805 77
4: -2 -39809 14840 77
3: 3 -9 -59290 77
4: -3 -21 32186 77
2: -3 33 -4312 77
3: 3 -63 -16940 77
1: 3 99 -5390 77
4: -3 -147 13068 77
3: 3 -225 -11858 77
2: -3 231 7854 77
4: -3 -237 11858 77
1: 3 315 -8470 77
4: -3 -363 11172 77
3: 3 -441 -10890 77
3: 3 -495 -10780 77
1: 3 693 -9240 77
3: 3 -1089 -10290 77
3: 3 -1575 -10164 77
2: -3 1617 9592 77
4: -3 -1659 10164 77
1: 3 2205 -9680 77
1: 3 2475 -9702 77
4: -3 -2541 10066 77
2: -3 2607 9702 77
3: 3 -3465 -10010 77
1: 3 4851 -9790 77
1: 3 5445 -9800 77
3: 3 -7623 -9940 77
3: 3 -11025 -9922 77
4: -3 -11613 9922 77
1: 3 17325 -9856 77
4: -3 -17787 9908 77
2: -3 18249 9856 77
3: 3 -24255 -9900 77
3: 3 -27225 -9898 77
4: -3 -28677 9898 77
1: 3 38115 -9870 77
3: 3 -53361 -9890 77
1: 4 7 39809 77
2: -4 7 -43197 77
1: 4 11 22638 77
2: -4 11 -24794 77
3: 4 -49 -14157 77
4: -4 -49 14641 77
3: 4 -77 -11704 77
4: -4 -77 12012 77
3: 4 -121 -10143 77
4: -4 -121 10339 77
1: 4 223 -5929 77
2: -4 239 5929 77
1: 4 539 -6798 77
2: -4 539 6754 77
1: 4 847 -7021 77
2: -4 847 6993 77
3: 4 -1561 -7623 77
4: -4 -1673 7623 77
3: 4 -2453 -7546 77
4: -4 -2629 7546 77
3: 4 -5929 -7467 77
4: -4 -5929 7471 77
1: 4 10927 -7381 77
2: -4 11711 7381 77
1: 4 17171 -7392 77
2: -4 18403 7392 77
1: 4 26983 -7399 77
2: -4 28919 7399 77
3: 6 -21 -15246 77
1: 6 33 1617 77
3: 6 -147 -6413 77
3: 6 -219 -5929 77
1: 6 231 -4004 77
4: -6 -243 5929 77
3: 6 -363 -5537 77
3: 6 -1533 -5082 77
1: 6 1617 -4807 77
4: -6 -1701 5082 77
1: 6 2409 -4851 77
3: 6 -2541 -5026 77
2: -6 2673 4851 77
3: 6 -10731 -4961 77
4: -6 -11907 4961 77
1: 6 16863 -4928 77
3: 6 -17787 -4953 77
2: -6 18711 4928 77
3: 6 -26499 -4949 77
4: -6 -29403 4949 77
2: -7 5 -37268 77
4: -7 -5 45738 77
1: 7 11 12474 77
2: -7 11 -14630 77
3: 7 -11 -20944 77
4: -7 -11 23100 77
1: 7 31 1694 77
3: 7 -31 -10164 77
1: 7 49 -484 77
3: 7 -49 -7986 77
2: -7 55 462 77
4: -7 -55 8008 77
1: 7 121 -2716 77
2: -7 121 2520 77
3: 7 -121 -5754 77
4: -7 -121 5950 77
1: 7 341 -3696 77
3: 7 -341 -4774 77
2: -7 343 3630 77
4: -7 -343 4840 77
1: 7 539 -3894 77
3: 7 -539 -4576 77
2: -7 605 3892 77
4: -7 -605 4578 77
1: 7 1519 -4114 77
3: 7 -1519 -4356 77
2: -7 1715 4114 77
4: -7 -1715 4356 77
1: 7 3751 -4186 77
3: 7 -3751 -4284 77
2: -7 3773 4180 77
4: -7 -3773 4290 77
1: 7 5929 -4204 77
3: 7 -5929 -4266 77
1: 7 16709 -4224 77
3: 7 -16709 -4246 77
2: -7 18865 4224 77
4: -7 -18865 4246 77
2: -7 41503 4230 77
4: -7 -41503 4240 77
3: 8 -5 -35574 77
1: 8 11 10780 77
2: -8 11 -12936 77
4: -8 -13 17787 77
2: -8 19 -5929 77
1: 8 35 847 77
3: 8 -77 -5775 77
4: -8 -77 6083 77
2: -8 91 1694 77
4: -8 -133 5082 77
3: 8 -245 -4356 77
3: 8 -301 -4235 77
1: 8 539 -3410 77
2: -8 539 3366 77
3: 8 -605 -3969 77
4: -8 -637 3993 77
2: -8 931 3509 77
4: -8 -1573 3822 77
1: 8 2107 -3630 77
2: -8 2299 3626 77
3: 8 -2365 -3773 77
4: -8 -2717 3773 77
1: 8 4235 -3668 77
1: 8 5203 -3675 77
2: -8 11011 3689 77
4: -8 -16093 3717 77
1: 8 16555 -3696 77
2: -8 19019 3696 77
3: 8 -29645 -3711 77
3: 8 -36421 -3710 77
1: 9 21 3388 77
3: 9 -33 -7546 77
2: -9 147 2178 77
4: -9 -231 4004 77
2: -9 363 2842 77
3: 9 -1491 -3388 77
4: -9 -1743 3388 77
1: 9 2343 -3234 77
2: -9 2739 3234 77
1: 9 17787 -3286 77
1: 11 7 13398 77
2: -11 7 -16786 77
3: 11 -7 -18788 77
4: -11 -7 22176 77
1: 11 19 3234 77
3: 11 -19 -8624 77
2: -11 23 -3234 77
4: -11 -23 8624 77
1: 11 49 -396 77
2: -11 49 -88 77
3: 11 -49 -4994 77
4: -11 -49 5478 77
1: 11 121 -1764 77
2: -11 121 1568 77
3: 11 -121 -3626 77
4: -11 -121 3822 77
1: 11 133 -1848 77
3: 11 -133 -3542 77
2: -11 161 1848 77
4: -11 -161 3542 77
1: 11 847 -2562 77
2: -11 847 2534 77
3: 11 -847 -2828 77
4: -11 -847 2856 77
1: 11 931 -2574 77
3: 11 -931 -2816 77
2: -11 1127 2574 77
4: -11 -1127 2816 77
1: 11 2299 -2646 77
3: 11 -2299 -2744 77
2: -11 2783 2646 77
4: -11 -2783 2744 77
1: 11 5929 -2676 77
2: -11 5929 2672 77
3: 11 -5929 -2714 77
4: -11 -5929 2718 77
1: 11 16093 -2688 77
3: 11 -16093 -2702 77
2: -11 19481 2688 77
4: -11 -19481 2702 77
2: -12 15 -5929 77
4: -12 -21 8470 77
1: 12 63 -847 77
4: -12 -165 3234 77
2: -12 231 1925 77
4: -12 -561 2695 77
3: 12 -693 -2618 77
2: -12 735 2299 77
3: 12 -1449 -2541 77
4: -12 -1785 2541 77
2: -12 1815 2401 77
2: -12 2499 2420 77
4: -12 -2541 2520 77
2: -12 6171 2450 77
1: 12 7623 -2457 77
4: -12 -8085 2486 77
1: 12 15939 -2464 77
2: -12 19635 2464 77
4: -12 -27489 2475 77
3: 13 -11 -10780 77
4: -13 -11 12936 77
3: 13 -245 -2662 77
1: 13 847 -2170 77
2: -13 847 2142 77
3: 13 -3157 -2310 77
1: 14 11 5698 77
2: -14 11 -7854 77
3: 14 -11 -9933 77
4: -14 -11 12089 77
1: 14 29 847 77
3: 14 -29 -5082 77
2: -14 37 -847 77
4: -14 -37 5082 77
1: 14 49 -363 77
2: -14 49 -121 77
3: 14 -49 -3872 77
4: -14 -49 4356 77
1: 14 121 -1407 77
2: -14 121 1211 77
3: 14 -121 -2828 77
4: -14 -121 3024 77
1: 14 319 -1848 77
3: 14 -319 -2387 77
2: -14 407 1848 77
4: -14 -407 2387 77
1: 14 539 -1958 77
2: -14 539 1914 77
3: 14 -539 -2277 77
4: -14 -539 2321 77
1: 14 1421 -2057 77
3: 14 -1421 -2178 77
2: -14 1813 2057 77
4: -14 -1813 2178 77
1: 14 3509 -2093 77
3: 14 -3509 -2142 77
2: -14 4477 2093 77
4: -14 -4477 2142 77
1: 14 5929 -2103 77
2: -14 5929 2099 77
3: 14 -5929 -2132 77
4: -14 -5929 2136 77
1: 14 15631 -2112 77
3: 14 -15631 -2123 77
2: -14 19943 2112 77
4: -14 -19943 2123 77
1: 16 11 4851 77
2: -16 11 -7007 77
1: 16 539 -1716 77
2: -16 539 1672 77
1: 16 15323 -1848 77
2: -16 20251 1848 77
3: 17 -49 -3146 77
4: -17 -49 3630 77
1: 17 121 -1176 77
2: -17 121 980 77
1: 17 1379 -1694 77
2: -17 1855 1694 77
2: -17 4235 1722 77
3: 18 -15 -5929 77
2: -18 21 -2541 77
4: -18 -33 4312 77
1: 18 147 -1210 77
3: 18 -231 -1925 77
1: 18 363 -1470 77
3: 18 -1365 -1694 77
4: -18 -1869 1694 77
1: 18 2145 -1617 77
2: -18 2937 1617 77
1: 18 8085 -1639 77
3: 18 -12705 -1652 77
2: -18 17787 1642 77
3: 18 -21021 -1650 77
1: 18 33033 -1645 77
3: 19 -7 -10164 77
4: -19 -7 13552 77
3: 19 -121 -2058 77
4: -19 -121 2254 77
3: 19 -539 -1672 77
4: -19 -539 1716 77
4: -21 -3 27104 77
3: 21 -27 -3388 77
2: -21 33 -924 77
4: -21 -39 3388 77
4: -21 -147 1936 77
1: 21 297 -1232 77
4: -21 -363 1624 77
2: -21 429 1232 77
3: 21 -1323 -1452 77
2: -21 1617 1364 77
4: -21 -1911 1452 77
3: 21 -3267 -1428 77
4: -21 -4719 1428 77
1: 21 14553 -1408 77
4: -21 -17787 1416 77
2: -21 21021 1408 77
1: 22 1 49049 77
3: 22 -1 -51744 77
2: -22 5 -13475 77
4: -22 -5 16170 77
1: 22 7 5852 77
2: -22 7 -9240 77
3: 22 -7 -8547 77
4: -22 -7 11935 77
1: 22 17 1617 77
3: 22 -17 -4312 77
2: -22 25 -1617 77
4: -22 -25 4312 77
2: -22 35 -770 77
4: -22 -35 3465 77
1: 22 49 -319 77
2: -22 49 -165 77
3: 22 -49 -2376 77
4: -22 -49 2860 77
1: 22 119 -924 77
3: 22 -119 -1771 77
1: 22 121 -931 77
2: -22 121 735 77
3: 22 -121 -1764 77
4: -22 -121 1960 77
2: -22 175 924 77
4: -22 -175 1771 77
2: -22 245 1045 77
4: -22 -245 1650 77
2: -22 605 1225 77
4: -22 -605 1470 77
1: 22 833 -1287 77
3: 22 -833 -1408 77
1: 22 847 -1288 77
2: -22 847 1260 77
3: 22 -847 -1407 77
4: -22 -847 1435 77
2: -22 1225 1287 77
4: -22 -1225 1408 77
1: 22 2057 -1323 77
3: 22 -2057 -1372 77
2: -22 3025 1323 77
4: -22 -3025 1372 77
2: -22 4235 1330 77
4: -22 -4235 1365 77
1: 22 5929 -1339 77
2: -22 5929 1335 77
3: 22 -5929 -1356 77
4: -22 -5929 1360 77
1: 22 14399 -1344 77
3: 22 -14399 -1351 77
2: -22 21175 1344 77
4: -22 -21175 1351 77
2: -22 29645 1345 77
4: -22 -29645 1350 77
3: 23 -55 -2156 77
3: 24 -21 -3388 77
2: -24 99 539 77
3: 24 -2541 -1253 77
2: -24 4851 1221 77
1: 24 14091 -1232 77
2: -24 21483 1232 77
3: 26 -11 -4851 77
4: -26 -11 7007 77
1: 26 847 -1092 77
2: -26 847 1064 77
1: 27 3 11858 77
4: -27 -105 1694 77
3: 27 -1617 -1122 77
1: 27 1947 -1078 77
2: -27 3135 1078 77
4: -27 -30723 1100 77
3: 28 -1 -38115 77
4: -28 -1 61831 77
3: 28 -5 -8470 77
1: 28 11 2310 77
2: -28 11 -4466 77
3: 28 -25 -2541 77
4: -28 -41 2541 77
3: 28 -49 -1815 77
4: -28 -49 2299 77
1: 28 55 -385 77
3: 28 -121 -1365 77
4: -28 -121 1561 77
3: 28 -245 -1210 77
1: 28 275 -924 77
2: -28 451 924 77
1: 28 539 -990 77
2: -28 539 946 77
3: 28 -605 -1120 77
3: 28 -1225 -1089 77
4: -28 -2009 1089 77
1: 28 2695 -1045 77
3: 28 -3025 -1071 77
4: -28 -4961 1071 77
3: 28 -5929 -1065 77
4: -28 -5929 1069 77
1: 28 13475 -1056 77
2: -28 22099 1056 77
3: 28 -29645 -1060 77
3: 29 -847 -1064 77
4: -29 -847 1092 77
1: 31 1001 -924 77
4: -32 -5 11858 77
1: 32 539 -869 77
2: -32 539 825 77
1: 32 12859 -924 77
2: -32 22715 924 77
3: 33 -3 -10780 77
1: 33 15 1078 77
3: 33 -21 -2310 77
2: -33 27 -1078 77
1: 33 105 -616 77
3: 33 -147 -1100 77
2: -33 189 616 77
3: 33 -363 -980 77
1: 33 735 -858 77
2: -33 1323 858 77
1: 33 1815 -882 77
3: 33 -2541 -910 77
2: -33 3267 882 77
1: 33 12705 -896 77
3: 33 -17787 -900 77
2: -33 22869 896 77
3: 34 -49 -1452 77
4: -34 -49 1936 77
1: 34 121 -637 77
2: -34 121 441 77
4: -34 -253 1078 77
4: -34 -1001 924 77
1: 34 1141 -847 77
2: -34 2093 847 77
3: 36 -33 -1617 77
2: -36 147 484 77
2: -36 363 686 77
3: 36 -1113 -847 77
4: -36 -2121 847 77
1: 36 17787 -822 77
4: -37 -605 882 77
3: 38 -7 -4235 77
4: -38 -7 7623 77
3: 38 -121 -980 77
4: -38 -121 1176 77
3: 38 -539 -825 77
4: -38 -539 869 77
1: 38 2387 -770 77
3: 41 -7301 -726 77
4: -41 -15337 726 77
3: 42 -3 -7623 77
2: -42 9 -4235 77
1: 42 33 -77 77
4: -42 -45 1694 77
4: -42 -99 1155 77
3: 42 -363 -763 77
2: -42 441 605 77
2: -42 495 616 77
3: 42 -1029 -726 77
2: -42 1089 665 77
4: -42 -2205 726 77
4: -42 -4851 715 77
4: -42 -5445 714 77
1: 42 11319 -704 77
2: -42 24255 704 77
2: -42 53361 705 77
1: 43 2695 -682 77
3: 44 -1 -19943 77
4: -44 -1 43659 77
1: 44 7 2079 77
2: -44 7 -5467 77
3: 44 -13 -2156 77
4: -44 -29 2156 77
3: 44 -49 -1067 77
4: -44 -49 1551 77
1: 44 91 -462 77
3: 44 -121 -833 77
4: -44 -121 1029 77
2: -44 203 462 77
3: 44 -637 -704 77
1: 44 847 -651 77
2: -44 847 623 77
4: -44 -1421 704 77
3: 44 -1573 -686 77
4: -44 -3509 686 77
3: 44 -5929 -677 77
4: -44 -5929 681 77
1: 44 11011 -672 77
2: -44 24563 672 77
2: -46 1463 616 77
4: -46 -9163 649 77
2: -47 55055 630 77
4: -48 -21 2541 77
1: 48 1323 -605 77
1: 48 10395 -616 77
2: -48 25179 616 77
1: 49 1 15488 77
2: -49 1 -39204 77
3: 49 -1 -16698 77
4: -49 -1 40414 77
3: 49 -7 -2904 77
4: -49 -7 6292 77
1: 49 11 858 77
2: -49 11 -3014 77
3: 49 -11 -2068 77
4: -49 -11 4224 77
1: 49 19 242 77
3: 49 -19 -1452 77
2: -49 47 -242 77
4: -49 -47 1452 77
1: 49 77 -396 77
2: -49 77 88 77
3: 49 -77 -814 77
4: -49 -77 1122 77
1: 49 121 -472 77
2: -49 121 276 77
3: 49 -121 -738 77
4: -49 -121 934 77
1: 49 133 -484 77
3: 49 -133 -726 77
1: 49 209 -528 77
3: 49 -209 -682 77
2: -49 329 484 77
4: -49 -329 726 77
2: -49 517 528 77
4: -49 -517 682 77
1: 49 847 -586 77
2: -49 847 558 77
3: 49 -847 -624 77
4: -49 -847 652 77
1: 49 1463 -594 77
1: 49 2299 -598 77
3: 49 -2299 -612 77
2: -49 3619 594 77
2: -49 5687 598 77
4: -49 -5687 612 77
1: 49 16093 -604 77
3: 49 -16093 -606 77
2: -49 39809 604 77
4: -49 -39809 606 77
1: 51 1617 -572 77
4: -51 -53361 582 77
4: -52 -245 726 77
1: 52 847 -553 77
2: -52 847 525 77
3: 53 -21175 -560 77
2: -54 3 -11858 77
1: 54 1353 -539 77
4: -54 -1617 572 77
2: -54 3729 539 77
1: 56 11 616 77
2: -56 11 -2772 77
1: 56 187 -462 77
1: 56 539 -506 77
1: 56 9163 -528 77
2: -56 26411 528 77
3: 58 -35 -847 77
3: 58 -847 -525 77
4: -58 -847 553 77
3: 59 -1 -11858 77
4: -59 -1 35574 77
1: 61 5341 -484 77
2: -61 17297 484 77
2: -62 29645 477 77
3: 63 -33 -770 77
2: -63 147 242 77
2: -63 363 378 77
3: 63 -735 -484 77
3: 63 -1815 -476 77
4: -63 -2499 484 77
4: -63 -6171 476 77
1: 63 17787 -470 77
1: 64 7931 -462 77
2: -64 27643 462 77
4: -66 -3 11319 77
1: 66 9 539 77
4: -66 -21 2002 77
1: 66 63 -308 77
4: -66 -147 671 77
1: 66 441 -429 77
1: 66 1089 -441 77
2: -66 3993 441 77
1: 66 7623 -448 77
2: -66 27951 448 77
1: 66 53361 -449 77
3: 68 -49 -605 77
4: -68 -49 1089 77
1: 68 4235 -434 77
3: 69 -147 -484 77
1: 72 147 -363 77
1: 72 363 -392 77
2: -72 1155 385 77
2: -72 17787 410 77
3: 76 -121 -441 77
4: -76 -121 637 77
1: 77 1 5544 77
2: -77 1 -29260 77
3: 77 -1 -6314 77
4: -77 -1 30030 77
2: -77 5 -5544 77
4: -77 -5 6314 77
1: 77 49 -264 77
2: -77 49 -220 77
3: 77 -49 -506 77
4: -77 -49 990 77
1: 77 121 -336 77
2: -77 121 140 77
3: 77 -121 -434 77
4: -77 -121 630 77
2: -77 245 264 77
4: -77 -245 506 77
2: -77 605 336 77
4: -77 -605 434 77
1: 77 5929 -384 77
2: -77 5929 380 77
3: 77 -5929 -386 77
4: -77 -5929 390 77
2: -77 29645 384 77
4: -77 -29645 386 77
4: -78 -63 847 77
3: 78 -1155 -385 77
2: -78 4851 374 77
1: 81 2541 -364 77
3: 82 -3283 -363 77
4: -82 -19355 363 77
3: 84 -9 -847 77
4: -84 -57 847 77
1: 84 99 -308 77
3: 84 -441 -363 77
2: -84 627 308 77
3: 84 -1089 -357 77
4: -84 -2793 363 77
1: 84 4851 -352 77
4: -84 -6897 357 77
2: -84 30723 352 77
3: 84 -53361 -353 77
4: -86 -143 539 77
4: -86 -1519 363 77
3: 88 -5 -1078 77
1: 88 35 -231 77
4: -88 -37 1078 77
3: 88 -245 -352 77
2: -88 259 231 77
3: 88 -605 -343 77
4: -88 -1813 352 77
1: 88 4235 -336 77
4: -88 -4477 343 77
3: 88 -29645 -337 77
2: -88 31339 336 77
3: 91 -11 -616 77
4: -91 -11 2772 77
2: -91 7139 322 77
4: -93 -363 392 77
1: 96 3003 -308 77
2: -96 32571 308 77
3: 97 -5929 -306 77
4: -97 -5929 310 77
1: 98 1 1815 77
2: -98 1 -25531 77
3: 98 -1 -2420 77
4: -98 -1 26136 77
1: 98 5 121 77
3: 98 -5 -726 77
3: 98 -7 -605 77
4: -98 -7 3993 77
1: 98 11 -110 77
2: -98 11 -2046 77
3: 98 -11 -495 77
4: -98 -11 2651 77
1: 98 35 -242 77
3: 98 -35 -363 77
1: 98 55 -264 77
3: 98 -55 -341 77
2: -98 61 -121 77
4: -98 -61 726 77
1: 98 77 -275 77
2: -98 77 -33 77
3: 98 -77 -330 77
4: -98 -77 638 77
1: 98 121 -285 77
2: -98 121 89 77
3: 98 -121 -320 77
4: -98 -121 516 77
1: 98 385 -297 77
2: -98 427 242 77
4: -98 -427 363 77
1: 98 605 -299 77
3: 98 -605 -306 77
2: -98 671 264 77
4: -98 -671 341 77
1: 98 847 -300 77
2: -98 847 272 77
3: 98 -847 -305 77
4: -98 -847 333 77
1: 98 4235 -302 77
3: 98 -4235 -303 77
2: -98 4697 297 77
2: -98 7381 299 77
4: -98 -7381 306 77
2: -98 51667 302 77
4: -98 -51667 303 77
2: -99 21 -924 77
1: 99 147 -286 77
1: 99 363 -294 77
2: -99 1911 286 77
2: -99 4719 294 77
2: -99 17787 298 77
3: 101 -3509 -294 77
4: -101 -52393 294 77
2: -102 1617 275 77
3: 108 -1617 -275 77
4: -112 -5 5082 77
1: 112 11 -231 77
2: -112 11 -1925 77
4: -112 -245 363 77
1: 112 539 -264 77
2: -112 539 220 77
2: -112 715 231 77
4: -112 -1573 280 77
2: -112 35035 264 77
2: -113 1 -23716 77
2: -114 1323 242 77
2: -114 22869 259 77
4: -118 -1 23716 77
3: 119 -49 -242 77
4: -119 -49 726 77
1: 119 121 -252 77
2: -119 121 56 77
2: -119 3283 242 77
4: -119 -8107 252 77
1: 121 1 -784 77
2: -121 1 -22932 77
3: 121 -1 294 77
4: -121 -1 23422 77
1: 121 7 -322 77
2: -121 7 -3066 77
3: 121 -7 -168 77
4: -121 -7 3556 77
1: 121 11 -294 77
2: -121 11 -1862 77
3: 121 -11 -196 77
4: -121 -11 2352 77
2: -121 43 -294 77
4: -121 -43 784 77
1: 121 49 -256 77
2: -121 49 -228 77
3: 121 -49 -234 77
4: -121 -49 718 77
1: 121 77 -252 77
2: -121 77 -56 77
3: 121 -77 -238 77
4: -121 -77 546 77
2: -121 301 168 77
4: -121 -301 322 77
2: -121 473 196 77
4: -121 -473 294 77
1: 121 539 -246 77
2: -121 539 202 77
3: 121 -539 -244 77
4: -121 -539 288 77
2: -121 2107 234 77
4: -121 -2107 256 77
2: -121 3311 238 77
4: -121 -3311 252 77
2: -121 23177 244 77
4: -121 -23177 246 77
3: 122 -637 -242 77
2: -122 1925 231 77
4: -122 -11495 245 77
2: -122 23275 242 77
1: 123 735 -242 77
2: -123 7623 238 77
4: -123 -23373 242 77
4: -126 -33 924 77
1: 126 147 -242 77
1: 126 363 -238 77
4: -126 -3381 242 77
4: -126 -8349 238 77
2: -126 17787 234 77
2: -127 605 196 77
3: 128 -1925 -231 77
2: -128 37499 231 77
4: -131 -1421 242 77
4: -132 -9 2695 77
3: 132 -21 -154 77
2: -132 315 154 77
4: -132 -441 275 77
4: -132 -1089 245 77
3: 132 -2541 -224 77
2: -132 38115 224 77
4: -132 -53361 225 77
3: 133 -121 -210 77
4: -133 -121 406 77
3: 133 -539 -220 77
4: -133 -539 264 77
4: -138 -147 363 77
2: -142 245 121 77
3: 143 -245 -198 77
1: 143 847 -210 77
2: -143 847 182 77
2: -143 2303 198 77
2: -144 363 147 77
1: 144 17787 -206 77
3: 146 -51667 -203 77
4: -147 -3 7260 77
1: 147 9 -484 77
2: -147 15 -1210 77
4: -147 -21 1210 77
2: -147 33 -440 77
1: 147 63 -242 77
4: -147 -75 484 77
3: 147 -99 -176 77
4: -147 -165 330 77
2: -147 231 110 77
4: -147 -363 260 77
4: -147 -525 242 77
3: 147 -693 -198 77
2: -147 825 176 77
1: 147 1089 -204 77
4: -147 -1155 220 77
2: -147 1815 190 77
2: -147 5775 198 77
1: 147 7623 -202 77
4: -147 -9075 204 77
2: -147 12705 200 77
4: -147 -63525 202 77
3: 148 -605 -196 77
2: -148 9163 198 77
3: 151 -8591 -196 77
1: 154 1 -3157 77
2: -154 1 -20559 77
3: 154 -1 2772 77
4: -154 -1 20944 77
1: 154 49 -253 77
3: 154 -49 -132 77
1: 154 121 -217 77
2: -154 121 21 77
3: 154 -121 -168 77
4: -154 -121 364 77
2: -154 343 132 77
4: -154 -343 253 77
1: 154 5929 -193 77
3: 154 -5929 -192 77
2: -154 41503 192 77
4: -154 -41503 193 77
3: 161 -1573 -182 77
2: -161 9559 182 77
2: -162 2541 175 77
3: 168 -165 -154 77
2: -168 891 154 77
3: 168 -8085 -176 77
2: -168 43659 176 77
2: -172 2695 165 77
4: -176 -53 539 77
4: -176 -2597 176 77
3: 176 -9317 -168 77
2: -176 44891 168 77
4: -177 -38115 168 77
3: 178 -2695 -165 77
3: 182 -11 231 77
4: -182 -11 1925 77
4: -182 -245 242 77
3: 182 -2299 -161 77
4: -182 -9163 165 77
2: -182 10285 161 77
3: 186 -363 -147 77
3: 187 -49 -66 77
4: -187 -49 550 77
1: 187 121 -196 77
1: 189 3 -1694 77
1: 191 5929 -156 77
2: -191 5929 152 77
3: 192 -11781 -154 77
2: -192 47355 154 77
1: 193 11935 -154 77
4: -193 -47509 154 77
3: 194 -5929 -152 77
4: -194 -5929 156 77
3: 196 -1 4719 77
4: -196 -1 18997 77
1: 196 11 -594 77
2: -196 11 -1562 77
1: 196 23 -363 77
3: 196 -77 -88 77
4: -196 -77 396 77
4: -196 -89 363 77
3: 196 -121 -111 77
4: -196 -121 307 77
3: 196 -161 -121 77
3: 196 -253 -132 77
2: -196 623 121 77
1: 196 847 -157 77
2: -196 847 129 77
2: -196 979 132 77
1: 196 2783 -153 77
4: -196 -10769 153 77
3: 196 -19481 -151 77
1: 198 21 -385 77
2: -198 147 22 77
2: -198 363 98 77
3: 198 -735 -143 77
3: 198 -1815 -147 77
2: -198 2793 143 77
2: -198 6897 147 77
1: 198 17787 -150 77
1: 202 20933 -147 77
3: 208 -245 -121 77
3: 209 -7 616 77
4: -209 -7 2772 77
3: 209 -121 -98 77
4: -209 -121 294 77
2: -216 3 -5929 77
1: 217 319 -154 77
4: -217 -1045 154 77
2: -217 29645 136 77
1: 224 539 -143 77
2: -224 539 99 77
3: 224 -16709 -132 77
2: -224 52283 132 77
1: 226 1 -5929 77
2: -226 1 -17787 77
1: 226 7007 -132 77
4: -229 -7007 132 77
3: 231 -3 1848 77
2: -231 9 -1848 77
3: 231 -147 -88 77
3: 231 -363 -112 77
2: -231 441 88 77
2: -231 1089 112 77
3: 231 -17787 -128 77
2: -231 53361 128 77
2: -233 14399 126 77
3: 236 -1 5929 77
4: -236 -1 17787 77
4: -238 -49 484 77
1: 238 121 -175 77
2: -238 121 -21 77
3: 238 -1715 -121 77
2: -238 4949 121 77
4: -238 -12221 126 77
1: 242 1 -6321 77
2: -242 1 -17395 77
3: 242 -1 6076 77
4: -242 -1 17640 77
2: -242 5 -3381 77
4: -242 -5 3626 77
1: 242 7 -1008 77
2: -242 7 -2380 77
3: 242 -7 763 77
4: -242 -7 2625 77
1: 242 11 -686 77
2: -242 11 -1470 77
3: 242 -11 441 77
4: -242 -11 1715 77
2: -242 13 -1225 77
4: -242 -13 1470 77
1: 242 23 -392 77
3: 242 -23 147 77
2: -242 35 -378 77
4: -242 -35 623 77
1: 242 49 -249 77
2: -242 49 -235 77
3: 242 -49 4 77
4: -242 -49 480 77
2: -242 55 -196 77
4: -242 -55 441 77
2: -242 65 -147 77
4: -242 -65 392 77
1: 242 77 -203 77
2: -242 77 -105 77
3: 242 -77 -42 77
4: -242 -77 350 77
2: -242 91 -70 77
4: -242 -91 315 77
4: -242 -143 245 77
1: 242 161 -161 77
3: 242 -161 -84 77
2: -242 245 51 77
4: -242 -245 194 77
1: 242 253 -147 77
3: 242 -253 -98 77
4: -242 -385 168 77
2: -242 455 84 77
4: -242 -455 161 77
1: 242 539 -134 77
2: -242 539 90 77
3: 242 -539 -111 77
4: -242 -539 155 77
2: -242 637 95 77
4: -242 -637 150 77
2: -242 715 98 77
4: -242 -715 147 77
2: -242 1001 105 77
4: -242 -1001 140 77
1: 242 1127 -128 77
3: 242 -1127 -117 77
1: 242 1771 -126 77
3: 242 -1771 -119 77
2: -242 2695 116 77
4: -242 -2695 129 77
2: -242 3185 117 77
4: -242 -3185 128 77
2: -242 5005 119 77
4: -242 -5005 126 77
2: -242 7007 120 77
4: -242 -7007 125 77
1: 242 12397 -123 77
3: 242 -12397 -122 77
2: -242 35035 122 77
4: -242 -35035 123 77
3: 244 -12593 -121 77
2: -244 35231 121 77
4: -246 -3 5929 77
1: 246 12789 -121 77
4: -246 -35427 121 77
3: 252 -33 77 77
2: -252 363 70 77
1: 252 1911 -121 77
1: 252 4719 -119 77
4: -252 -5145 121 77
1: 252 17787 -118 77
1: 253 175 -154 77
4: -253 -469 154 77
4: -264 -21 924 77
3: 264 -189 -77 77
2: -264 483 77 77
4: -264 -2541 119 77
3: 264 -22869 -112 77
2: -264 58443 112 77
3: 266 -121 -56 77
4: -266 -121 252 77
3: 266 -539 -99 77
4: -266 -539 143 77
2: -272 4235 105 77
4: -272 -16709 110 77
1: 273 4851 -110 77
3: 278 -4235 -105 77
1: 282 441 -121 77
1: 286 847 -112 77
2: -286 847 84 77
3: 286 -1519 -99 77
2: -286 3577 99 77
2: -288 17787 102 77
2: -293 5203 98 77
3: 294 -3 2299 77
4: -294 -9 1936 77
3: 294 -21 242 77
1: 294 33 -319 77
1: 294 51 -242 77
4: -294 -63 363 77
2: -294 99 -66 77
4: -294 -117 242 77
1: 294 231 -132 77
1: 294 357 -121 77
3: 294 -363 -81 77
3: 294 -561 -88 77
4: -294 -819 121 77
4: -294 -1089 116 77
2: -294 1287 88 77
3: 294 -3927 -99 77
1: 294 6171 -102 77
4: -294 -7623 103 77
2: -294 9009 99 77
4: -294 -14157 102 77
1: 294 43197 -101 77
2: -297 3 -5390 77
3: 297 -3993 -98 77
2: -297 9075 98 77
3: 302 -45133 -98 77
1: 303 45375 -98 77
3: 308 -1 7315 77
4: -308 -1 16401 77
3: 308 -5 1386 77
3: 308 -49 55 77
4: -308 -49 429 77
3: 308 -121 -35 77
3: 308 -245 -66 77
3: 308 -605 -84 77
2: -308 1331 84 77
3: 308 -5929 -95 77
3: 308 -29645 -96 77
1: 311 2783 -98 77
4: -312 -5445 98 77
3: 319 -847 -84 77
4: -319 -847 112 77
4: -322 -55 385 77
3: 322 -7139 -91 77
2: -322 15125 91 77
2: -331 10241 88 77
3: 334 -10241 -88 77
2: -336 1419 77 77
3: 336 -33957 -88 77
1: 343 7 -1210 77
2: -343 7 -2178 77
3: 343 -385 -66 77
1: 343 5005 -88 77
4: -343 -10087 88 77
4: -348 -441 121 77
4: -352 -5 3234 77
1: 352 2107 -88 77
4: -352 -4165 88 77
3: 352 -36421 -84 77
1: 356 11011 -84 77
1: 357 1617 -88 77
1: 357 8349 -84 77
4: -357 -16335 84 77
4: -359 -11011 84 77
4: -363 -3 5292 77
1: 363 9 -980 77
4: -363 -21 826 77
2: -363 33 -392 77
3: 363 -45 98 77
1: 363 63 -210 77
2: -363 87 -98 77
4: -363 -147 188 77
2: -363 231 14 77
3: 363 -315 -56 77
1: 363 441 -100 77
1: 363 495 -98 77
2: -363 609 56 77
3: 363 -693 -70 77
4: -363 -957 98 77
2: -363 1617 72 77
3: 363 -2205 -78 77
1: 363 3465 -84 77
2: -363 4263 78 77
3: 363 -4851 -80 77
4: -363 -6699 84 77
1: 363 24255 -82 77
4: -363 -46893 82 77
2: -372 5775 77 77
3: 374 -49 88 77
4: -374 -49 396 77
1: 374 121 -147 77
2: -374 121 -49 77
2: -378 3 -5082 77
4: -378 -1617 88 77
1: 382 5929 -79 77
2: -382 5929 75 77
3: 384 -41349 -77 77
1: 386 41657 -77 77
3: 388 -5929 -75 77
4: -388 -5929 79 77
4: -392 -5 3146 77
1: 392 11 -836 77
2: -392 11 -1320 77
4: -392 -29 605 77
2: -392 35 -363 77
3: 392 -77 33 77
4: -392 -77 275 77
4: -392 -605 101 77
3: 392 -869 -66 77
2: -392 1595 66 77
4: -392 -3509 80 77
2: -392 4235 72 77
2: -392 24563 75 77
1: 396 147 -132 77
1: 396 363 -98 77
2: -396 17787 74 77
4: -398 -6083 77 77
4: -407 -605 98 77
3: 413 -1 8470 77
4: -413 -1 15246 77
3: 418 -7 1155 77
4: -418 -7 2233 77
4: -418 -121 196 77
3: 418 -9317 -70 77
4: -429 -63 308 77
3: 429 -2793 -66 77
4: -434 -1727 77 77
3: 434 -3773 -66 77
1: 441 21 -484 77
3: 441 -33 198 77
4: -441 -231 132 77
2: -441 363 26 77
3: 441 -7161 -66 77
1: 441 11253 -68 77
2: -441 12243 66 77
4: -441 -19239 68 77
3: 447 -27489 -66 77
3: 448 -5 1694 77
1: 448 2299 -70 77
3: 448 -51205 -66 77
4: -462 -3 5005 77
3: 462 -9 924 77
2: -462 15 -924 77
4: -462 -147 165 77
4: -462 -363 105 77
3: 462 -441 -44 77
2: -462 735 44 77
3: 462 -1089 -56 77
2: -462 1815 56 77
4: -462 -17787 65 77
3: 462 -53361 -64 77
2: -474 1089 49 77
3: 476 -49 121 77
4: -476 -49 363 77
1: 476 12463 -63 77
4: -476 -20449 63 77
4: -482 -29645 62 77
4: -483 -9 1694 77
3: 484 -1 8967 77
4: -484 -1 14749 77
1: 484 7 -1351 77
2: -484 7 -2037 77
1: 484 11 -882 77
2: -484 11 -1274 77
3: 484 -49 123 77
4: -484 -49 361 77
1: 484 67 -196 77
3: 484 -77 56 77
4: -484 -77 252 77
4: -484 -109 196 77
3: 484 -469 -42 77
1: 484 539 -78 77
2: -484 539 34 77
3: 484 -737 -49 77
2: -484 763 42 77
2: -484 1199 49 77
1: 484 3283 -64 77
1: 484 5159 -63 77
4: -484 -5341 64 77
4: -484 -8393 63 77
3: 484 -36113 -61 77
2: -484 58751 61 77
4: -497 -41503 60 77
1: 504 147 -121 77
1: 504 363 -84 77
2: -504 17787 58 77
1: 506 497 -77 77
4: -506 -791 77 77
3: 516 -1089 -49 77
3: 518 -605 -42 77
2: -521 16093 56 77
2: -522 8085 55 77
3: 524 -16093 -56 77
3: 528 -21 385 77
3: 528 -63525 -56 77
3: 532 -121 21 77
4: -532 -121 175 77
2: -532 19943 55 77
1: 539 1 -9372 77
2: -539 1 -14344 77
3: 539 -1 9262 77
4: -539 -1 14454 77
3: 539 -7 1276 77
4: -539 -7 2112 77
2: -539 17 -792 77
4: -539 -17 902 77
2: -539 119 -66 77
4: -539 -119 176 77
2: -539 121 -64 77
4: -539 -121 174 77
2: -539 847 38 77
4: -539 -847 72 77
1: 539 1331 -62 77
3: 539 -1331 -48 77
2: -539 2057 48 77
4: -539 -2057 62 77
3: 539 -9317 -54 77
2: -539 14399 54 77
4: -572 -245 110 77
1: 572 847 -63 77
2: -572 847 35 77
1: 576 17787 -52 77
4: -579 -17787 52 77
4: -588 -21 726 77
1: 588 135 -121 77
4: -588 -201 121 77
2: -588 231 -11 77
3: 588 -1485 -44 77
1: 588 2079 -55 77
2: -588 2211 44 77
1: 588 16335 -51 77
3: 588 -22869 -50 77
4: -588 -24321 51 77
1: 594 3 -3234 77
3: 594 -10527 -49 77
2: -594 15609 49 77
2: -602 2695 44 77
3: 616 -13 693 77
2: -616 19 -693 77
3: 616 -637 -33 77
2: -616 931 33 77
3: 616 -1573 -42 77
2: -616 2299 42 77
3: 623 -2695 -44 77
3: 637 -11 836 77
4: -637 -11 1320 77
1: 637 847 -58 77
2: -637 847 30 77
3: 637 -18029 -46 77
2: -637 26015 46 77
3: 638 -35 231 77
3: 638 -847 -35 77
4: -638 -847 63 77
3: 649 -1 9702 77
4: -649 -1 14014 77
4: -651 -363 84 77
4: -671 -637 66 77
4: -679 -5929 46 77
1: 681 21021 -44 77
2: -682 29645 43 77
4: -684 -21021 44 77
1: 686 7 -1452 77
2: -686 7 -1936 77
1: 686 12551 -44 77
4: -686 -17633 44 77
3: 693 -15 616 77
1: 693 147 -110 77
1: 693 363 -70 77
1: 694 1573 -49 77
3: 702 -43197 -42 77
1: 704 5243 -44 77
4: -704 -7301 44 77
2: -714 1617 33 77
1: 714 20691 -42 77
4: -714 -28677 42 77
3: 726 -3 3283 77
4: -726 -9 1568 77
3: 726 -21 434 77
1: 726 33 -343 77
4: -726 -63 259 77
2: -726 99 -98 77
3: 726 -111 49 77
3: 726 -147 27 77
2: -726 153 -49 77
1: 726 231 -84 77
4: -726 -441 72 77
2: -726 693 21 77
3: 726 -777 -28 77
2: -726 1071 28 77
1: 726 1221 -49 77
1: 726 1617 -47 77
4: -726 -1683 49 77
2: -726 4851 38 77
3: 726 -5439 -39 77
2: -726 7497 39 77
1: 726 8547 -42 77
4: -726 -11781 42 77
1: 726 59829 -41 77
1: 728 275 -77 77
4: -736 -1573 49 77
3: 748 -49 165 77
4: -748 -49 319 77
1: 748 4235 -42 77
1: 756 3 -3388 77
3: 756 -1617 -33 77
3: 759 -9 1078 77
4: -759 -147 132 77
1: 784 11 -957 77
2: -784 11 -1199 77
3: 784 -2101 -33 77
2: -784 2827 33 77
1: 791 1 -10164 77
2: -791 1 -13552 77
2: -792 147 -55 77
1: 792 17787 -38 77
3: 798 -4719 -35 77
4: -814 -13 1078 77
2: -822 12705 35 77
3: 826 -1 10164 77
4: -826 -1 13552 77
3: 828 -12705 -35 77
1: 833 121 -120 77
2: -833 121 -76 77
1: 833 4235 -38 77
1: 833 24805 -36 77
4: -833 -32791 36 77
3: 836 -121 49 77
4: -836 -121 147 77
1: 847 1 -10276 77
2: -847 1 -13440 77
3: 847 -1 10206 77
4: -847 -1 13510 77
2: -847 5 -2660 77
4: -847 -5 2730 77
1: 847 11 -966 77
2: -847 11 -1190 77
3: 847 -11 896 77
4: -847 -11 1260 77
1: 847 19 -574 77
3: 847 -19 504 77
2: -847 25 -504 77
4: -847 -25 574 77
1: 847 49 -244 77
2: -847 49 -240 77
3: 847 -49 174 77
4: -847 -49 310 77
2: -847 55 -210 77
4: -847 -55 280 77
1: 847 209 -84 77
3: 847 -209 14 77
2: -847 245 -20 77
4: -847 -245 90 77
2: -847 275 -14 77
4: -847 -275 84 77
1: 847 539 -54 77
2: -847 539 10 77
3: 847 -539 -16 77
4: -847 -539 60 77
1: 847 931 -46 77
3: 847 -931 -24 77
2: -847 1225 24 77
4: -847 -1225 46 77
2: -847 2695 30 77
4: -847 -2695 40 77
1: 847 10241 -36 77
3: 847 -10241 -34 77
2: -847 13475 34 77
4: -847 -13475 36 77
3: 858 -6615 -33 77
2: -858 8673 33 77
1: 858 22869 -35 77
3: 861 -3 3388 77
3: 867 -53361 -34 77
2: -872 13475 33 77
3: 878 -13475 -33 77
2: -882 21 -605 77
4: -882 -33 440 77
3: 882 -231 11 77
1: 882 363 -62 77
4: -882 -627 55 77
2: -882 1155 22 77
4: -882 -1815 41 77
3: 882 -16863 -33 77
2: -882 21945 33 77
1: 882 26499 -34 77
4: -882 -34485 34 77
2: -891 2541 28 77
2: -924 27 -462 77
3: 924 -1029 -22 77
2: -924 1323 22 77
2: -924 3267 28 77
3: 931 -7 1452 77
4: -931 -7 1936 77
3: 931 -121 54 77
4: -931 -121 142 77
4: -966 -147 121 77
3: 968 -5 2058 77
1: 968 11 -980 77
2: -968 11 -1176 77
1: 968 35 -329 77
3: 968 -77 105 77
4: -968 -77 203 77
1: 968 155 -98 77
4: -968 -197 98 77
3: 968 -245 12 77
1: 968 539 -50 77
2: -968 539 6 77
3: 968 -1085 -21 77
2: -968 1379 21 77
1: 968 2387 -35 77
1: 968 7595 -32 77
4: -968 -9653 32 77
3: 968 -16709 -30 77
2: -1008 363 -7 77
1: 1008 17787 -30 77
4: -1022 -275 77 77
1: 1029 693 -44 77
4: -1029 -2541 34 77
3: 1067 -5929 -26 77
4: -1067 -5929 30 77
4: -1071 -41019 28 77
4: -1074 -33033 28 77
1: 1078 1 -10615 77
2: -1078 1 -13101 77
3: 1078 -1 10560 77
4: -1078 -1 13156 77
1: 1078 5 -2145 77
3: 1078 -5 2090 77
3: 1078 -7 1485 77
4: -1078 -7 1903 77
1: 1078 25 -451 77
3: 1078 -25 396 77
2: -1078 31 -396 77
4: -1078 -31 451 77
1: 1078 35 -330 77
3: 1078 -35 275 77
1: 1078 121 -115 77
2: -1078 121 -81 77
3: 1078 -121 60 77
4: -1078 -121 136 77
1: 1078 175 -88 77
3: 1078 -175 33 77
2: -1078 217 -33 77
4: -1078 -217 88 77
1: 1078 605 -45 77
3: 1078 -605 -10 77
1: 1078 847 -40 77
2: -1078 847 12 77
3: 1078 -847 -15 77
4: -1078 -847 43 77
1: 1078 3025 -31 77
3: 1078 -3025 -24 77
2: -1078 3751 24 77
4: -1078 -3751 31 77
1: 1078 4235 -30 77
3: 1078 -4235 -25 77
3: 1078 -21175 -27 77
2: -1078 26257 27 77
1: 1089 21 -532 77
3: 1089 -33 294 77
2: -1089 147 -62 77
4: -1089 -231 84 77
3: 1089 -8673 -26 77
2: -1089 10731 26 77
1: 1089 13629 -28 77
4: -1089 -16863 28 77
2: -1092 15 -847 77
4: -1127 -55 264 77
3: 1127 -34969 -26 77
2: -1127 42955 26 77
1: 1133 5 -2156 77
2: -1152 17787 25 77
3: 1158 -17787 -25 77
1: 1162 13 -847 77
3: 1176 -21 484 77
4: -1176 -693 44 77
3: 1176 -3333 -22 77
2: -1176 4059 22 77
2: -1188 3 -4312 77
3: 1188 -105 77 77
4: -1232 -5 2618 77
3: 1232 -3509 -21 77
1: 1243 1 -10780 77
2: -1243 1 -12936 77
3: 1274 -11 957 77
4: -1274 -11 1199 77
1: 1274 847 -36 77
2: -1274 847 8 77
3: 1274 -40051 -23 77
2: -1274 48037 23 77
2: -1276 23 -539 77
2: -1281 11319 22 77
3: 1287 -10437 -22 77
2: -1287 12495 22 77
3: 1298 -1 10780 77
4: -1298 -1 12936 77
3: 1302 -363 7 77
3: 1309 -49 198 77
4: -1309 -49 286 77
1: 1309 121 -112 77
2: -1309 121 -84 77
1: 1323 3 -3630 77
1: 1323 165 -88 77
3: 1323 -26565 -22 77
2: -1323 31647 22 77
1: 1331 143 -98 77
3: 1331 -1309 -14 77
1: 1337 5929 -24 77
2: -1337 5929 20 77
4: -1353 -3 4312 77
3: 1358 -5929 -20 77
4: -1358 -5929 24 77
1: 1372 7 -1573 77
2: -1372 7 -1815 77
4: -1372 -385 55 77
1: 1372 27643 -22 77
4: -1372 -32725 22 77
3: 1378 -21175 -21 77
2: -1386 39 -308 77
2: -1386 147 -66 77
2: -1386 363 -14 77
2: -1407 1815 14 77
3: 1408 -5 2156 77
1: 1408 11515 -22 77
4: -1408 -13573 22 77
4: -1414 -12397 22 77
3: 1421 -847 -8 77
4: -1421 -847 36 77
1: 1428 45375 -21 77
2: -1442 5 -2541 77
2: -1452 15 -833 77
4: -1452 -21 630 77
4: -1452 -57 245 77
4: -1452 -165 98 77
2: -1452 231 -35 77
2: -1452 735 3 77
3: 1452 -1701 -14 77
2: -1452 1995 14 77
4: -1452 -2793 25 77
1: 1452 18711 -21 77
4: -1452 -21945 21 77
2: -1452 30723 20 77
3: 1463 -121 70 77
4: -1463 -121 126 77
3: 1463 -41503 -20 77
4: -1474 -14399 21 77
2: -1512 3 -4235 77
3: 1518 -147 55 77
1: 1519 4411 -22 77
4: -1519 -5137 22 77
4: -1526 -8107 21 77
1: 1551 441 -44 77
2: -1562 245 -33 77
3: 1568 -5 2178 77
4: -1568 -37 363 77
2: -1568 91 -121 77
4: -1568 -1573 27 77
1: 1568 10043 -20 77
3: 1573 -11 980 77
4: -1573 -11 1176 77
3: 1573 -245 26 77
3: 1573 -12985 -18 77
2: -1573 15043 18 77
1: 1582 1 -11011 77
2: -1582 1 -12705 77
1: 1584 363 -49 77
2: -1584 17787 18 77
3: 1617 -3 3652 77
4: -1617 -9 1430 77
3: 1617 -21 506 77
3: 1617 -39 264 77
2: -1617 45 -264 77
4: -1617 -63 220 77
3: 1617 -273 22 77
2: -1617 315 -22 77
3: 1617 -363 12 77
4: -1617 -1089 30 77
3: 1617 -4719 -16 77
2: -1617 5445 16 77
4: -1617 -7623 20 77
3: 1617 -33033 -18 77
2: -1617 38115 18 77
3: 1652 -1 11011 77
4: -1652 -1 12705 77
1: 1659 1089 -28 77
1: 1666 121 -109 77
2: -1666 121 -87 77
1: 1666 53603 -18 77
4: -1666 -61589 18 77
4: -1687 -29645 18 77
1: 1694 1 -11067 77
2: -1694 1 -12649 77
3: 1694 -1 11032 77
4: -1694 -1 12684 77
1: 1694 11 -1022 77
2: -1694 11 -1134 77
3: 1694 -11 987 77
4: -1694 -11 1169 77
1: 1694 41 -287 77
3: 1694 -41 252 77
2: -1694 47 -252 77
4: -1694 -47 287 77
1: 1694 49 -243 77
2: -1694 49 -241 77
3: 1694 -49 208 77
4: -1694 -49 276 77
1: 1694 451 -42 77
3: 1694 -451 7 77
2: -1694 517 -7 77
4: -1694 -517 42 77
1: 1694 539 -38 77
2: -1694 539 -6 77
3: 1694 -539 3 77
4: -1694 -539 41 77
1: 1694 2009 -23 77
3: 1694 -2009 -12 77
2: -1694 2303 12 77
4: -1694 -2303 23 77
1: 1694 22099 -18 77
3: 1694 -22099 -17 77
2: -1694 25333 17 77
4: -1694 -25333 18 77
4: -1722 -3 4235 77
3: 1764 -33 319 77
2: -1764 363 -18 77
1: 1764 56991 -17 77
1: 1771 2107 -22 77
4: -1771 -2401 22 77
1: 1778 605 -35 77
1: 1782 2541 -21 77
4: -1792 -5 2541 77
3: 1799 -4477 -14 77
4: -1806 -1089 28 77
2: -1813 209 -44 77
3: 1813 -605 2 77
4: -1813 -2233 22 77
3: 1848 -45 231 77
2: -1848 51 -231 77
3: 1848 -2205 -11 77
2: -1848 2499 11 77
3: 1848 -5445 -14 77
2: -1848 6171 14 77
3: 1862 -7 1573 77
4: -1862 -7 1815 77
3: 1862 -121 76 77
4: -1862 -121 120 77
2: -1862 13673 15 77
3: 1911 -297 22 77
1: 1911 22869 -16 77
4: -1914 -441 44 77
2: -1922 29645 15 77
3: 1928 -29645 -15 77
1: 1936 11 -1029 77
2: -1936 11 -1127 77
1: 1936 331 -49 77
4: -1936 -373 49 77
1: 1936 539 -36 77
2: -1936 539 -8 77
1: 1936 16219 -16 77
4: -1936 -18277 16 77
4: -1958 -203 77 77
2: -1958 11011 14 77
4: -2002 -245 66 77
4: -2046 -363 49 77
3: 2046 -22869 -14 77
3: 2057 -49 214 77
4: -2057 -49 270 77
3: 2057 -27181 -14 77
2: -2057 30415 14 77
1: 2058 105 -121 77
3: 2058 -2541 -10 77
3: 2072 -13 847 77
4: -2072 -605 35 77
2: -2079 3 -4158 77
1: 2101 5929 -16 77
2: -2101 5929 12 77
3: 2134 -5929 -12 77
4: -2134 -5929 16 77
4: -2142 -15 847 77
3: 2156 -1 11209 77
4: -2156 -1 12507 77
3: 2156 -53 198 77
2: -2156 59 -198 77
3: 2156 -121 79 77
4: -2156 -121 117 77
1: 2156 371 -44 77
4: -2156 -413 44 77
1: 2156 847 -27 77
2: -2156 847 -1 77
3: 2156 -6413 -12 77
2: -2156 7139 12 77
3: 2178 -15 735 77
2: -2178 21 -581 77
4: -2178 -33 392 77
1: 2178 147 -90 77
3: 2178 -231 35 77
1: 2178 525 -35 77
1: 2178 8085 -15 77
3: 2178 -18375 -13 77
2: -2178 20433 13 77
1: 2178 28875 -14 77
4: -2178 -32109 14 77
2: -2184 4851 11 77
1: 2189 24563 -14 77
3: 2226 -4851 -11 77
3: 2244 -53361 -13 77
3: 2254 -1573 -6 77
4: -2277 -12705 14 77
3: 2288 -245 33 77
3: 2299 -7 1596 77
4: -2299 -7 1792 77
3: 2299 -539 8 77
4: -2299 -539 36 77
4: -2352 -21 605 77
4: -2352 -165 88 77
3: 2352 -7029 -11 77
2: -2352 7755 11 77
1: 2376 3 -3773 77
1: 2387 7139 -14 77
4: -2387 -7865 14 77
2: -2387 29645 12 77
1: 2436 6171 -14 77
1: 2486 1 -11319 77
2: -2486 1 -12397 77
4: -2497 -1225 22 77
4: -2541 -3 4144 77
3: 2541 -9 1246 77
2: -2541 33 -364 77
2: -2541 69 -168 77
1: 2541 99 -126 77
4: -2541 -147 96 77
4: -2541 -759 28 77
2: -2541 1617 4 77
3: 2541 -3087 -8 77
2: -2541 3381 8 77
1: 2541 33957 -12 77
4: -2541 -37191 12 77
1: 2548 847 -25 77
2: -2548 847 -3 77
3: 2574 -21903 -11 77
2: -2574 23961 11 77
3: 2596 -1 11319 77
4: -2596 -1 12397 77
2: -2597 25 -484 77
4: -2597 -21175 12 77
3: 2618 -49 220 77
4: -2618 -49 264 77
1: 2618 121 -105 77
2: -2618 121 -91 77
2: -2622 40425 11 77
3: 2628 -40425 -11 77
2: -2646 3 -4114 77
3: 2646 -55671 -11 77
2: -2646 60753 11 77
2: -2662 385 -21 77
1: 2674 5929 -13 77
2: -2674 5929 9 77
3: 2706 -3 3773 77
3: 2716 -5929 -9 77
4: -2716 -5929 13 77
1: 2744 57827 -11 77
4: -2744 -62909 11 77
1: 2762 42581 -11 77
4: -2768 -42581 11 77
3: 2772 -69 154 77
2: -2772 75 -154 77
1: 2772 147 -88 77
1: 2772 363 -42 77
2: -2772 17787 10 77
3: 2783 -55 196 77
1: 2783 3395 -14 77
4: -2783 -3689 14 77
4: -2783 -9163 12 77
3: 2793 -45 242 77
3: 2793 -18513 -10 77
1: 2816 24059 -11 77
4: -2816 -26117 11 77
4: -2828 -3509 14 77
4: -2842 -35 363 77
3: 2842 -209 44 77
3: 2842 -847 3 77
4: -2842 -847 25 77
4: -2842 -7865 12 77
3: 2891 -1 11374 77
4: -2891 -1 12342 77
3: 2904 -21 532 77
4: -2904 -693 28 77
1: 2904 3003 -14 77
3: 2904 -3549 -7 77
2: -2904 3843 7 77
3: 2926 -121 84 77
4: -2926 -121 112 77
2: -2992 4235 7 77
1: 3003 15 -770 77
4: -3038 -53 242 77
1: 3038 9185 -11 77
4: -3038 -9911 11 77
3: 3058 -4235 -7 77
3: 3146 -11 1029 77
4: -3146 -11 1127 77
3: 3146 -26999 -9 77
2: -3146 29057 9 77
1: 3157 79 -154 77
4: -3157 -85 154 77
1: 3164 7007 -11 77
1: 3168 17787 -10 77
4: -3206 -7007 11 77
4: -3234 -3 4103 77
4: -3234 -21 594 77
3: 3234 -81 132 77
2: -3234 87 -132 77
4: -3234 -363 43 77
3: 3234 -567 11 77
2: -3234 609 -11 77
3: 3234 -9801 -8 77
2: -3234 10527 8 77
1: 3267 3 -3822 77
4: -3267 -105 126 77
3: 3267 -1617 -2 77
2: -3332 4235 6 77
3: 3388 -1 11445 77
4: -3388 -1 12271 77
3: 3388 -5 2282 77
1: 3388 11 -1050 77
2: -3388 11 -1106 77
4: -3388 -13 952 77
3: 3388 -17 665 77
3: 3388 -49 225 77
1: 3388 55 -217 77
3: 3388 -85 126 77
1: 3388 187 -70 77
3: 3388 -245 38 77
2: -3388 343 -27 77
1: 3388 539 -30 77
3: 3388 -833 5 77
1: 3388 935 -21 77
1: 3388 2695 -13 77
4: -3388 -3773 12 77
3: 3388 -4165 -6 77
2: -3388 4459 6 77
1: 3388 9163 -10 77
1: 3388 45815 -9 77
4: -3388 -49049 9 77
1: 3528 363 -40 77
1: 3542 4361 -11 77
4: -3542 -4655 11 77
3: 3696 -11253 -7 77
2: -3696 11979 7 77
3: 3724 -121 87 77
4: -3724 -121 109 77
2: -3751 133 -84 77
1: 3773 7 -1650 77
2: -3773 7 -1738 77
4: -3806 -23 539 77
4: -3822 -5445 10 77
4: -3871 -17 726 77
4: -3872 -5 2450 77
1: 3872 539 -29 77
2: -3872 539 -15 77
4: -3872 -1925 14 77
1: 3872 33467 -8 77
4: -3872 -35525 8 77
1: 3969 2541 -12 77
3: 3993 -8085 -6 77
1: 4032 17787 -8 77
4: -4053 -17787 8 77
3: 4114 -49 228 77
4: -4114 -49 256 77
3: 4114 -55979 -7 77
2: -4114 59213 7 77
4: -4116 -2541 12 77
2: -4122 63525 7 77
3: 4128 -63525 -7 77
1: 4158 3 -3850 77
1: 4202 5929 -9 77
2: -4202 5929 5 77
3: 4268 -5929 -5 77
4: -4268 -5929 9 77
4: -4312 -5 2442 77
2: -4312 35 -341 77
3: 4312 -109 99 77
2: -4312 115 -99 77
4: -4312 -605 27 77
1: 4312 763 -22 77
4: -4312 -805 22 77
2: -4312 4235 4 77
3: 4312 -13189 -6 77
2: -4312 13915 6 77
3: 4356 -33 343 77
2: -4356 147 -76 77
1: 4356 59367 -7 77
4: -4356 -62601 7 77
3: 4477 -13 882 77
1: 4477 61 -196 77
3: 4543 -1 11550 77
4: -4543 -1 12166 77
4: -4557 -363 40 77
3: 4557 -22869 -6 77
3: 4598 -7 1645 77
4: -4598 -7 1743 77
3: 4598 -539 15 77
4: -4598 -539 29 77
3: 4598 -7987 -5 77
4: -4606 -781 22 77
2: -4711 41503 6 77
3: 4719 -41013 -6 77
2: -4719 43071 6 77
1: 4774 14641 -7 77
4: -4774 -15367 7 77
3: 4802 -91 121 77
2: -4851 21 -572 77
3: 4851 -123 88 77
2: -4851 129 -88 77
1: 4851 363 -38 77
3: 4928 -5 2310 77
2: -5047 5 -2420 77
3: 5082 -3 3857 77
4: -5082 -27 455 77
1: 5082 33 -357 77
3: 5082 -129 84 77
2: -5082 135 -84 77
3: 5082 -147 73 77
2: -5082 297 -35 77
4: -5082 -1323 15 77
1: 5082 1419 -14 77
4: -5082 -1485 14 77
1: 5082 1617 -13 77
3: 5082 -6321 -4 77
2: -5082 6615 4 77
2: -5082 14553 5 77
2: -5194 4477 3 77
1: 5203 2695 -10 77
1: 5236 19 -616 77
4: -5236 -49 253 77
1: 5292 3 -3872 77
4: -5292 -105 121 77
4: -5302 -29645 6 77
4: -5313 -147 88 77
2: -5412 735 -11 77
1: 5412 7623 -7 77
2: -5439 8349 4 77
2: -5467 245 -44 77
4: -5478 -7623 7 77
1: 5537 1 -11616 77
2: -5537 1 -12100 77
3: 5544 -141 77 77
2: -5544 363 -28 77
1: 5544 17787 -6 77
1: 5566 6937 -7 77
4: -5566 -7231 7 77
1: 5621 1331 -14 77
3: 5698 -605 14 77
3: 5782 -1 11616 77
4: -5782 -1 12100 77
4: -5808 -21 581 77
1: 5808 315 -42 77
2: -5852 31 -385 77
3: 5852 -121 91 77
4: -5852 -121 105 77
1: 5929 1 -11632 77
2: -5929 1 -12084 77
3: 5929 -1 11622 77
4: -5929 -1 12094 77
3: 5929 -7 1656 77
4: -5929 -7 1732 77
1: 5929 11 -1062 77
2: -5929 11 -1094 77
3: 5929 -11 1052 77
4: -5929 -11 1104 77
1: 5929 77 -156 77
2: -5929 77 -152 77
3: 5929 -77 146 77
4: -5929 -77 162 77
1: 5929 151 -82 77
3: 5929 -151 72 77
2: -5929 157 -72 77
4: -5929 -157 82 77
1: 5929 1057 -16 77
3: 5929 -1057 6 77
2: -5929 1099 -6 77
4: -5929 -1099 16 77
1: 5929 1661 -12 77
3: 5929 -1661 2 77
2: -5929 1727 -2 77
4: -5929 -1727 12 77
1: 5929 11627 -6 77
3: 5929 -11627 -4 77
2: -5929 12089 4 77
4: -5929 -12089 6 77
1: 5978 1925 -11 77
3: 6027 -3 3872 77
2: -6076 319 -33 77
3: 6138 -735 11 77
1: 6171 1617 -12 77
1: 6223 605 -24 77
4: -6272 -5 2420 77
4: -6272 -1925 11 77
4: -6272 -44165 5 77
4: -6292 -245 54 77
4: -6314 -167 77 77
3: 6321 -1089 6 77
2: -6336 17787 4 77
3: 6369 -17787 -4 77
2: -6391 13 -924 77
1: 6468 15 -781 77
3: 6468 -21 550 77
2: -6468 63 -187 77
2: -6468 171 -66 77
2: -6468 7623 3 77
3: 6468 -19965 -4 77
2: -6468 20691 4 77
1: 6468 27951 -5 77
2: -6534 3 -4018 77
2: -6534 651 -14 77
4: -6534 -1617 12 77
3: 6699 -441 22 77
2: -6727 29645 4 77
3: 6748 -29645 -4 77
1: 6776 11 -1064 77
2: -6776 11 -1092 77
3: 6776 -173 63 77
2: -6776 179 -63 77
1: 6776 539 -26 77
2: -6776 539 -18 77
3: 6776 -8477 -3 77
2: -6776 8771 3 77
3: 6853 -25 462 77
2: -6897 40425 4 77
4: -7007 -37 330 77
1: 7007 847 -18 77
2: -7007 847 -10 77
3: 7018 -35 329 77
2: -7056 363 -29 77
3: 7139 -1 11662 77
4: -7139 -1 12054 77
3: 7161 -363 28 77
4: -7252 -605 24 77
3: 7469 -5929 -2 77
4: -7469 -5929 6 77
1: 7546 7 -1672 77
2: -7546 7 -1716 77
3: 7623 -33 350 77
2: -7623 147 -78 77
3: 7623 -195 56 77
2: -7623 201 -56 77
3: 7623 -735 12 77
1: 7623 1911 -10 77
3: 7744 -133 84 77
4: -7854 -53361 4 77
2: -7938 2541 -1 77
3: 8008 -245 44 77
2: -8064 17787 3 77
3: 8106 -17787 -3 77
4: -8107 -35035 4 77
3: 8134 -319 33 77
3: 8228 -49 235 77
4: -8228 -49 249 77
2: -8228 19943 3 77
3: 8232 -2541 1 77
2: -8316 3 -4004 77
3: 8349 -147 76 77
1: 8624 91 -132 77
1: 8624 1547 -11 77
3: 8624 -1573 4 77
4: -8624 -1589 11 77
3: 8624 -26741 -3 77
2: -8624 27467 3 77
1: 8701 1 -11704 77
2: -8701 1 -12012 77
1: 8712 147 -83 77
2: -8712 1155 -7 77
4: -8722 -25 484 77
4: -8869 -18271 4 77
4: -8954 -679 21 77
2: -8954 9163 2 77
3: 9086 -1 11704 77
4: -9086 -1 12012 77
2: -9114 9 -1331 77
3: 9114 -363 29 77
1: 9163 121 -100 77
2: -9163 121 -96 77
1: 9163 4235 -6 77
2: -9212 55055 3 77
4: -9394 -637 22 77
3: 9408 -5445 -1 77
1: 9438 15 -784 77
3: 9438 -1155 7 77
4: -9471 -3 4004 77
1: 9478 3025 -7 77
3: 9559 -17 686 77
4: -9702 -15 803 77
1: 9702 21 -561 77
3: 9702 -249 44 77
2: -9702 255 -44 77
2: -9702 363 -30 77
4: -9702 -6171 5 77
4: -9702 -12705 4 77
4: -9772 -3025 7 77
4: -9933 -1089 14 77
3: 10143 -12705 -2 77
3: 10164 -261 42 77
2: -10164 267 -42 77
1: 10164 2871 -7 77
4: -10164 -2937 7 77
3: 10164 -12789 -2 77
2: -10164 13083 2 77
3: 10241 -7 1672 77
4: -10241 -7 1716 77
3: 10241 -121 94 77
4: -10241 -121 102 77
4: -10527 -441 30 77
2: -10584 3 -3993 77
4: -10648 -55517 3 77
1: 10769 1043 -14 77
1: 10802 1421 -11 77
4: -10934 -41503 3 77
3: 11011 -11 1064 77
4: -11011 -11 1092 77
4: -11011 -9163 4 77
1: 11074 1 -11737 77
2: -11074 1 -11979 77
1: 11088 363 -35 77
2: -11088 17787 2 77
1: 11242 17 -693 77
4: -11319 -189 66 77
3: 11319 -2541 2 77
1: 11374 253 -49 77
4: -11396 -13 924 77
4: -11528 -1421 11 77
3: 11564 -1 11737 77
4: -11564 -1 11979 77
2: -11616 27 -441 77
1: 11616 123 -98 77
1: 11858 1 -11745 77
2: -11858 1 -11971 77
3: 11858 -1 11740 77
4: -11858 -1 11976 77
1: 11858 5 -2351 77
3: 11858 -5 2346 77
3: 11858 -7 1675 77
4: -11858 -7 1713 77
1: 11858 11 -1070 77
2: -11858 11 -1086 77
3: 11858 -11 1065 77
4: -11858 -11 1091 77
1: 11858 35 -338 77
3: 11858 -35 333 77
1: 11858 55 -216 77
3: 11858 -55 211 77
1: 11858 61 -195 77
3: 11858 -61 190 77
1: 11858 77 -155 77
2: -11858 77 -153 77
3: 11858 -77 150 77
4: -11858 -77 158 77
1: 11858 305 -41 77
3: 11858 -305 36 77
2: -11858 311 -36 77
4: -11858 -311 41 77
1: 11858 427 -30 77
3: 11858 -427 25 77
1: 11858 671 -20 77
3: 11858 -671 15 77
1: 11858 2135 -8 77
3: 11858 -2135 3 77
2: -11858 2177 -3 77
4: -11858 -2177 8 77
1: 11858 3355 -6 77
3: 11858 -3355 1 77
2: -11858 3421 -1 77
4: -11858 -3421 6 77
1: 11858 4697 -5 77
1: 11858 23485 -3 77
3: 11858 -23485 -2 77
2: -11858 23947 2 77
4: -11858 -23947 3 77
4: -12054 -3 3993 77
1: 12054 7623 -4 77
4: -12054 -22143 3 77
4: -12201 -7623 4 77
3: 12342 -117 98 77
2: -12342 1617 -5 77
3: 12342 -8379 -1 77
2: -12397 175 -66 77
4: -12397 -1573 10 77
2: -12446 97 -121 77
2: -12446 31339 2 77
1: 12463 5 -2352 77
3: 12551 -19 616 77
1: 12672 17787 -3 77
4: -12738 -17787 3 77
4: -12936 -21 572 77
3: 12936 -333 33 77
2: -12936 339 -33 77
3: 12936 -40293 -2 77
2: -12936 41019 2 77
4: -12947 -125 98 77
1: 13068 3 -3920 77
3: 13068 -1617 5 77
4: -13068 -6909 4 77
4: -13189 -41 294 77
1: 13328 4235 -5 77
4: -13524 -9 1331 77
4: -13552 -5 2394 77
1: 13552 11 -1071 77
2: -13552 11 -1085 77
4: -13552 -245 51 77
1: 13552 539 -24 77
2: -13552 539 -20 77
4: -13622 -4235 5 77
1: 13673 1 -11760 77
2: -13673 1 -11956 77
1: 14014 847 -16 77
2: -14014 847 -12 77
3: 14014 -2299 3 77
3: 14278 -1 11760 77
4: -14278 -1 11956 77
1: 14322 9 -1309 77
4: -14322 -363 35 77
4: -14399 -49 246 77
1: 14399 53 -224 77
2: -14553 3 -3982 77
3: 14553 -105 110 77
1: 14707 5929 -4 77
3: 14883 -3 3920 77
1: 14883 735 -18 77
4: -14938 -5929 4 77
1: 15092 7 -1683 77
2: -15092 7 -1705 77
4: -15246 -33 364 77
1: 15246 147 -82 77
3: 15246 -393 28 77
4: -15246 -627 21 77
4: -15246 -11319 3 77
1: 15367 2891 -6 77
3: 15488 -5 2352 77
3: 15631 -847 12 77
4: -15631 -847 16 77
2: -15862 5 -2387 77
3: 16093 -83 140 77
3: 16093 -539 20 77
4: -16093 -539 24 77
2: -16324 343 -33 77
4: -16401 -39 308 77
4: -16456 -253 49 77
1: 16632 3 -3927 77
4: -16698 -147 83 77
2: -16709 133 -88 77
1: 16709 52151 -2 77
4: -16709 -52877 2 77
2: -17182 245 -47 77
3: 17182 -749 14 77
1: 17182 2233 -7 77
4: -17199 -43197 2 77
3: 17248 -5 2354 77
4: -17248 -9317 3 77
1: 17402 1 -11781 77
2: -17402 1 -11935 77
4: -17787 -3 3980 77
2: -17787 15 -794 77
4: -17787 -21 570 77
1: 17787 27 -438 77
2: -17787 33 -360 77
4: -17787 -93 130 77
4: -17787 -165 74 77
1: 17787 189 -64 77
2: -17787 231 -50 77
3: 17787 -297 38 77
3: 17787 -459 24 77
2: -17787 465 -24 77
4: -17787 -651 20 77
2: -17787 1023 -10 77
4: -17787 -1155 12 77
3: 17787 -2079 4 77
3: 17787 -3213 2 77
2: -17787 3255 -2 77
1: 17787 5049 -4 77
4: -17787 -5115 4 77
1: 17787 35343 -2 77
4: -17787 -35805 2 77
4: -17908 -2233 7 77
2: -17934 3267 -2 77
3: 18172 -1 11781 77
4: -18172 -1 11935 77
2: -18326 121 -97 77
3: 18513 -15 784 77
4: -18557 -29645 2 77
1: 18634 143 -84 77
3: 18634 -19943 -1 77
1: 18876 4851 -4 77
3: 18942 -3 3927 77
3: 19239 -399 28 77
4: -19239 -4851 4 77
1: 19404 363 -34 77
3: 19404 -501 22 77
2: -19404 507 -22 77
2: -19404 4719 -1 77
1: 19481 24647 -2 77
4: -19481 -24941 2 77
1: 19502 24563 -2 77
1: 19558 605 -21 77
1: 19698 1815 -8 77
4: -19712 -5 2387 77
3: 19943 -605 18 77
2: -20286 957 -11 77
2: -20328 99 -119 77
3: 20328 -165 70 77
2: -20328 531 -21 77
3: 20328 -1029 10 77
2: -20328 4851 -1 77
3: 20328 -25725 -1 77
2: -20328 26019 1 77
3: 20482 -7 1683 77
4: -20482 -7 1705 77
2: -20482 107 -110 77
3: 20482 -121 96 77
4: -20482 -121 100 77
4: -20691 -21021 2 77
4: -20727 -1815 8 77
2: -20812 2695 -3 77
1: 21054 81 -147 77
2: -21142 29645 1 77
3: 21208 -29645 -1 77
3: 21252 -9 1309 77
3: 21406 -343 33 77
4: -21417 -945 14 77
3: 21538 -2695 3 77
3: 22022 -11 1071 77
4: -22022 -11 1085 77
4: -22022 -115 105 77
4: -22022 -245 50 77
2: -22022 275 -42 77
1: 22099 571 -22 77
4: -22099 -577 22 77
1: 22176 17787 -2 77
3: 22344 -957 11 77
2: -22506 9 -1323 77
3: 22506 -37191 -1 77
4: -22638 -2541 6 77
3: 22638 -38115 -1 77
4: -22792 -605 21 77
1: 22869 3 -3934 77
3: 22869 -1617 6 77
3: 23716 -1 11799 77
4: -23716 -1 11917 77
1: 23716 11 -1074 77
2: -23716 11 -1082 77
3: 23716 -77 152 77
4: -23716 -77 156 77
3: 23716 -613 18 77
2: -23716 619 -18 77
1: 23716 4291 -4 77
4: -23716 -4333 4 77
1: 23716 6743 -3 77
4: -23716 -6809 3 77
3: 23716 -47201 -1 77
2: -23716 47663 1 77
2: -24234 53361 1 77
3: 24276 -53361 -1 77
3: 24332 -17 693 77
2: -24442 329 -35 77
2: -25088 2299 -4 77
3: 25168 -245 47 77
1: 25676 1199 -11 77
3: 25872 -21 561 77
2: -25872 27 -440 77
3: 26117 -2299 4 77
2: -26136 3 -3969 77
3: 26257 -3773 2 77
1: 26378 13475 -2 77
4: -26411 -91 132 77
4: -27104 -101 119 77
1: 27104 539 -23 77
1: 27346 1 -11809 77
2: -27346 1 -11907 77
1: 27588 1323 -10 77
4: -27734 -1199 11 77
2: -28028 119 -99 77
1: 28028 847 -15 77
2: -28028 847 -13 77
4: -28072 -6125 3 77
3: 28556 -1 11809 77
4: -28556 -1 11907 77
3: 28798 -49 240 77
4: -28798 -49 244 77
1: 29106 3 -3938 77
4: -29106 -3993 4 77
1: 29414 5929 -3 77
2: -29414 5929 -1 77
4: -29722 -31 385 77
4: -29766 -3 3969 77
3: 29876 -5929 1 77
4: -29876 -5929 3 77
3: 30492 -33 357 77
2: -30492 147 -80 77
3: 30492 -789 14 77
2: -30492 795 -14 77
4: -31262 -35 341 77
3: 31262 -847 13 77
4: -31262 -847 15 77
2: -31339 209 -56 77
4: -31458 -11253 2 77
3: 31801 -1 11814 77
4: -31801 -1 11902 77
4: -32186 -539 23 77
3: 32186 -2401 4 77
4: -32428 -61 196 77
3: 32428 -329 35 77
1: 33033 171 -70 77
4: -33396 -9 1323 77
3: 34496 -133 88 77
1: 34496 2299 -6 77
1: 34727 899 -14 77
4: -34727 -905 14 77
3: 35084 -97 121 77
3: 35574 -3 3939 77
2: -35574 9 -1321 77
3: 35574 -21 562 77
1: 35574 33 -359 77
2: -35574 63 -188 77
1: 35574 231 -52 77
4: -35574 -693 18 77
3: 35574 -921 12 77
2: -35574 927 -12 77
3: 35574 -6447 1 77
2: -35574 6489 -1 77
1: 35574 10131 -2 77
4: -35574 -10197 2 77
4: -36421 -143 84 77
2: -36421 803 -14 77
2: -36652 4235 -2 77
1: 36652 61831 -1 77
1: 36784 60907 -1 77
3: 37422 -51 231 77
1: 38082 53361 -1 77
4: -38148 -53361 1 77
2: -38236 931 -12 77
2: -38808 363 -32 77
3: 38808 -1005 11 77
2: -38808 1011 -11 77
4: -38962 -55 217 77
1: 38962 49441 -1 77
4: -38962 -49735 1 77
1: 40656 891 -14 77
1: 40656 43659 -1 77
3: 40964 -121 97 77
4: -40964 -9317 2 77
2: -41118 153 -77 77
1: 41503 7 -1690 77
2: -41503 7 -1698 77
1: 41503 301 -40 77
3: 41503 -385 30 77
2: -41503 1771 -6 77
4: -41503 -3619 4 77
1: 41888 155 -77 77
2: -42042 15 -792 77
3: 42042 -63 187 77
4: -42042 -219 55 77
3: 42229 -931 12 77
1: 43197 1617 -8 77
1: 43659 273 -44 77
2: -43659 2541 -4 77
4: -44044 -37 322 77
1: 44198 1145 -11 77
4: -44198 -1151 11 77
4: -44286 -27 441 77
2: -44891 343 -34 77
3: 45276 -2541 4 77
2: -45738 3 -3962 77
4: -45738 -1617 8 77
1: 46222 581 -21 77
1: 46948 32095 -1 77
4: -47432 -5 2378 77
1: 47432 11 -1076 77
2: -47432 11 -1080 77
4: -47432 -13 915 77
2: -47432 19 -625 77
2: -47432 35 -339 77
3: 47432 -77 153 77
4: -47432 -77 155 77
2: -47432 91 -130 77
4: -47432 -133 90 77
2: -47432 715 -16 77
4: -47432 -1045 12 77
3: 47432 -1229 9 77
2: -47432 1235 -9 77
4: -47432 -2717 5 77
4: -47432 -5005 3 77
2: -47432 7315 -1 77
1: 47432 8603 -2 77
4: -47432 -8645 2 77
1: 47579 8591 -2 77
4: -48642 -2205 6 77
2: -48884 7399 -1 77
3: 49126 -209 56 77
3: 49126 -3283 3 77
3: 49731 -4557 2 77
1: 49882 29161 -1 77
3: 49973 -1 11830 77
4: -49973 -1 11886 77
2: -50127 9 -1320 77
3: 50127 -363 32 77
3: 51667 -637 18 77
1: 53361 21 -564 77
3: 53361 -33 358 77
4: -53361 -231 52 77
3: 53361 -1383 8 77
2: -53361 1389 -8 77
2: -53438 1573 -7 77
2: -54054 1029 -11 77
3: 54208 -5 2366 77
2: -54208 187 -63 77
3: 54978 -525 22 77
2: -55517 5 -2376 77
3: 55902 -99 119 77
4: -55902 -8085 2 77
3: 56672 -1573 7 77
3: 57596 -49 241 77
4: -57596 -49 243 77
4: -57673 -553 22 77
2: -58212 3 -3960 77
3: 58443 -147 80 77
3: 59136 -1029 11 77
1: 59444 1127 -11 77
2: -60137 245 -48 77
1: 60907 1 -11836 77
2: -60907 1 -11880 77
1: 60984 147 -81 77
3: 60984 -1581 7 77
2: -60984 1587 -7 77
4: -60984 -3381 4 77
4: -61446 -273 44 77
4: -61446 -4719 3 77
1: 61446 22869 -1 77
1: 61908 1815 -7 77
3: 62678 -13 910 77
2: -63162 8085 -1 77
3: 63602 -1 11836 77
4: -63602 -1 11880 77
3: 63602 -119 99 77
3: 63888 -8085 1 77
