Command line:- ./do_t 121 64000
2: -1 55 -23958 121
1: 1 121 -29524 121
2: -1 121 29040 121
1: 1 209 -47916 121
1: 1 361 -58564 121
2: -1 365 58564 121
1: 2 121 -14883 121
2: -2 121 14399 121
3: 2 -121 -58322 121
4: -2 -121 58806 121
1: 2 359 -29282 121
3: 2 -359 -43923 121
2: -2 367 29282 121
4: -2 -367 43923 121
1: 2 1331 -34628 121
2: -2 1331 34584 121
3: 2 -1331 -38577 121
4: -2 -1331 38621 121
1: 2 3949 -35937 121
3: 2 -3949 -37268 121
2: -2 4037 35937 121
4: -2 -4037 37268 121
1: 2 14641 -36423 121
2: -2 14641 36419 121
3: 2 -14641 -36782 121
4: -2 -14641 36786 121
1: 2 43439 -36542 121
3: 2 -43439 -36663 121
2: -2 44407 36542 121
4: -2 -44407 36663 121
1: 3 21 58564 121
3: 3 -51 -58564 121
4: -3 -99 42592 121
3: 3 -231 -31944 121
3: 3 -357 -29282 121
1: 3 363 -19602 121
4: -3 -369 29282 121
1: 3 561 -21296 121
2: -3 1089 22748 121
1: 3 2541 -23716 121
1: 3 3927 -23958 121
3: 3 -3993 -24838 121
2: -3 4059 23958 121
3: 3 -6171 -24684 121
4: -3 -11979 24552 121
3: 3 -27951 -24464 121
3: 3 -43197 -24442 121
1: 3 43923 -24362 121
4: -3 -44649 24442 121
4: -4 -53 43923 121
1: 4 55 5324 121
4: -4 -77 35937 121
3: 4 -121 -29040 121
4: -4 -121 29524 121
1: 4 355 -14641 121
2: -4 371 14641 121
2: -4 583 15972 121
3: 4 -605 -20449 121
3: 4 -781 -19965 121
2: -4 847 16698 121
1: 4 1331 -17325 121
2: -4 1331 17281 121
3: 4 -3905 -18634 121
4: -4 -4081 18634 121
4: -4 -6413 18513 121
1: 4 6655 -18106 121
1: 4 8591 -18150 121
4: -4 -9317 18447 121
3: 4 -14641 -18390 121
4: -4 -14641 18394 121
1: 4 42955 -18271 121
2: -4 44891 18271 121
3: 6 -27 -43923 121
4: -6 -33 39930 121
2: -6 165 6655 121
1: 6 297 -9317 121
3: 6 -351 -14641 121
2: -6 363 9680 121
4: -6 -375 14641 121
4: -6 -825 13310 121
4: -6 -1815 12705 121
3: 6 -3267 -12463 121
1: 6 3861 -11979 121
4: -6 -3993 12430 121
2: -6 4125 11979 121
2: -6 9075 12100 121
2: -6 19965 12155 121
1: 6 35937 -12177 121
3: 6 -42471 -12221 121
2: -6 43923 12180 121
4: -6 -45375 12221 121
1: 7 11 55902 121
2: -7 11 -61226 121
4: -7 -143 15972 121
2: -7 319 7986 121
3: 7 -3839 -10648 121
4: -7 -4147 10648 121
1: 7 14641 -10408 121
2: -7 14641 10404 121
3: 8 -121 -14399 121
4: -8 -121 14883 121
3: 8 -3817 -9317 121
4: -8 -4169 9317 121
3: 8 -14641 -9194 121
4: -8 -14641 9198 121
1: 9 15 29282 121
2: -9 33 -10648 121
3: 9 -363 -9680 121
1: 9 3795 -7986 121
2: -9 4191 7986 121
3: 9 -19965 -8162 121
4: -9 -43923 8148 121
1: 11 31 7986 121
3: 11 -31 -21296 121
2: -11 35 -7986 121
4: -11 -35 21296 121
1: 11 14641 -6624 121
2: -11 14641 6620 121
3: 11 -14641 -6686 121
4: -11 -14641 6690 121
4: -12 -9 58564 121
3: 12 -33 -18634 121
2: -12 99 1331 121
1: 12 363 -4961 121
4: -12 -1089 6534 121
3: 12 -3993 -6204 121
2: -12 11979 6061 121
1: 12 43923 -6091 121
1: 13 1331 -5346 121
2: -13 1331 5302 121
1: 14 11 26620 121
2: -14 11 -31944 121
4: -14 -17 29282 121
3: 14 -605 -5808 121
2: -14 2783 5082 121
3: 14 -3685 -5324 121
4: -14 -4301 5324 121
1: 14 14641 -5205 121
2: -14 14641 5201 121
4: -14 -22627 5247 121
2: -16 6655 4521 121
3: 16 -14641 -4596 121
4: -16 -14641 4600 121
3: 17 -77 -7986 121
3: 17 -5687 -4356 121
1: 18 33 3993 121
2: -18 231 2662 121
4: -18 -363 4961 121
1: 18 3597 -3993 121
2: -18 4389 3993 121
4: -18 -6897 4114 121
3: 18 -43923 -4073 121
3: 19 -11 -26620 121
4: -19 -11 31944 121
3: 19 -14641 -3870 121
4: -19 -14641 3874 121
3: 21 -3993 -3542 121
1: 22 29 3993 121
3: 22 -29 -10648 121
2: -22 37 -3993 121
4: -22 -37 10648 121
1: 22 14641 -3313 121
2: -22 14641 3309 121
3: 22 -14641 -3342 121
4: -22 -14641 3346 121
4: -24 -33 10648 121
1: 24 495 -2662 121
4: -24 -3993 3113 121
1: 24 7623 -3025 121
1: 24 59895 -3047 121
2: -26 5 -43923 121
1: 26 1331 -2684 121
2: -26 1331 2640 121
3: 27 -3 -58564 121
1: 27 3399 -2662 121
2: -27 4587 2662 121
1: 28 11 11979 121
2: -28 11 -17303 121
3: 28 -3377 -2662 121
4: -28 -4609 2662 121
3: 29 -55 -5324 121
3: 29 -1331 -2640 121
4: -29 -1331 2684 121
3: 31 -473 -2662 121
1: 32 143 -1331 121
2: -32 847 2057 121
3: 32 -14641 -2297 121
4: -32 -14641 2301 121
2: -33 3 -61226 121
1: 33 27 2662 121
2: -33 39 -2662 121
2: -33 43923 2214 121
1: 34 6655 -2134 121
2: -36 1815 1936 121
4: -37 -253 2662 121
3: 38 -11 -11979 121
4: -38 -11 17303 121
3: 38 -847 -2057 121
3: 38 -14641 -1934 121
4: -38 -14641 1938 121
3: 39 -1815 -1936 121
4: -42 -3993 1782 121
1: 43 14641 -1696 121
2: -43 14641 1692 121
3: 44 -5 -19965 121
3: 44 -25 -5324 121
4: -44 -41 5324 121
3: 44 -14641 -1670 121
4: -44 -14641 1674 121
2: -46 7865 1573 121
3: 48 -33 -3993 121
4: -48 -35937 1529 121
1: 52 1331 -1353 121
2: -52 1331 1309 121
4: -54 -3 43923 121
1: 54 2805 -1331 121
2: -54 5181 1331 121
3: 56 -2761 -1331 121
4: -56 -5225 1331 121
3: 58 -1331 -1309 121
4: -58 -1331 1353 121
4: -61 -11737 1210 121
1: 66 3 15972 121
4: -66 -9 13310 121
1: 66 21 1331 121
2: -66 45 -1331 121
1: 66 43923 -1108 121
3: 74 -57233 -990 121
3: 76 -14641 -966 121
4: -76 -14641 970 121
1: 77 14641 -948 121
2: -77 14641 944 121
3: 78 -99 -1331 121
2: -81 3993 880 121
2: -82 2057 847 121
3: 84 -3993 -880 121
1: 86 14641 -849 121
2: -86 14641 845 121
2: -87 3 -29282 121
3: 88 -1 -31944 121
2: -88 7 -11979 121
3: 88 -17 -2662 121
4: -88 -49 2662 121
3: 88 -14641 -834 121
4: -88 -14641 838 121
3: 92 -1 -29282 121
4: -94 -38599 781 121
4: -98 -143 1331 121
3: 99 -43923 -740 121
3: 101 -19481 -726 121
4: -102 -9801 726 121
4: -106 -33275 693 121
1: 121 1 14036 121
3: 121 -1 -15246 121
2: -121 5 -14036 121
4: -121 -5 15246 121
1: 121 14641 -604 121
2: -121 14641 600 121
3: 121 -14641 -606 121
4: -121 -14641 610 121
1: 123 11979 -594 121
2: -132 3 -22627 121
2: -132 43923 553 121
2: -136 6655 528 121
3: 139 -6655 -528 121
2: -144 27951 506 121
1: 151 7381 -484 121
3: 152 -14641 -482 121
4: -152 -14641 486 121
1: 154 14641 -475 121
2: -154 14641 471 121
1: 162 3993 -451 121
4: -168 -3993 451 121
3: 176 -1 -1331 121
4: -176 -1 59895 121
4: -176 -65 1331 121
3: 176 -14641 -416 121
4: -176 -14641 420 121
2: -179 1 -58564 121
4: -184 -1 58564 121
4: -198 -43923 371 121
1: 202 4961 -363 121
4: -208 -4961 363 121
3: 209 -14641 -350 121
4: -209 -14641 354 121
1: 242 1 -7623 121
2: -242 1 -50941 121
3: 242 -1 7018 121
4: -242 -1 51546 121
2: -242 7 -7018 121
4: -242 -7 7623 121
1: 242 14641 -303 121
2: -242 14641 299 121
3: 242 -14641 -302 121
4: -242 -14641 306 121
3: 253 -1 7986 121
4: -253 -1 50578 121
2: -286 5 -9317 121
4: -297 -3 15972 121
1: 301 14641 -244 121
2: -301 14641 240 121
3: 302 -29161 -242 121
1: 303 29403 -242 121
3: 304 -14641 -240 121
4: -304 -14641 244 121
2: -348 3 -14641 121
3: 352 -14641 -207 121
4: -352 -14641 211 121
1: 358 1 -14641 121
2: -358 1 -43923 121
1: 363 3 -5082 121
4: -363 -9 5082 121
1: 363 43923 -202 121
3: 368 -1 14641 121
4: -368 -1 43923 121
4: -372 -35937 198 121
4: -378 -3 14641 121
2: -382 9317 187 121
3: 388 -9317 -187 121
2: -396 15 -2662 121
2: -411 19965 176 121
3: 414 -19965 -176 121
3: 418 -14641 -174 121
4: -418 -14641 178 121
1: 451 7 -2662 121
1: 453 43923 -162 121
1: 473 14641 -156 121
2: -473 14641 152 121
3: 484 -1 18150 121
4: -484 -1 40414 121
3: 484 -5 3509 121
3: 484 -14641 -150 121
3: 506 -1 18634 121
4: -506 -1 39930 121
2: -592 14399 121 121
3: 594 -3 6655 121
3: 598 -14399 -121 121
1: 602 14641 -123 121
2: -602 14641 119 121
3: 608 -14641 -119 121
4: -608 -14641 123 121
1: 612 14883 -121 121
4: -618 -14883 121 121
2: -726 3 -12100 121
1: 726 9 -2541 121
4: -726 -15 2541 121
2: -726 43923 100 121
3: 836 -14641 -86 121
4: -836 -14641 90 121
4: -847 -17 2178 121
2: -847 14641 84 121
2: -906 43923 80 121
3: 909 -43923 -80 121
2: -932 22627 77 121
3: 938 -22627 -77 121
1: 946 14641 -79 121
2: -946 14641 75 121
1: 957 3 -7986 121
3: 968 -1 23716 121
4: -968 -1 34848 121
3: 968 -14641 -74 121
4: -968 -14641 78 121
3: 1012 -1 23958 121
4: -1012 -1 34606 121
1: 1089 15 -1694 121
4: -1089 -21 1694 121
4: -1089 -43923 68 121
3: 1122 -9 2662 121
4: -1177 -13 2662 121
1: 1331 1 -25344 121
2: -1331 1 -33220 121
3: 1331 -1 25234 121
4: -1331 -1 33330 121
2: -1331 5 -6600 121
4: -1331 -5 6710 121
1: 1331 19 -1386 121
3: 1331 -19 1276 121
2: -1331 25 -1276 121
4: -1331 -25 1386 121
1: 1331 1331 -74 121
2: -1331 1331 30 121
3: 1331 -1331 -36 121
4: -1331 -1331 80 121
2: -1331 6655 50 121
4: -1331 -6655 60 121
1: 1331 25289 -56 121
3: 1331 -25289 -54 121
2: -1331 33275 54 121
4: -1331 -33275 56 121
1: 1452 3 -8591 121
1: 1452 43923 -51 121
3: 1672 -14641 -42 121
4: -1672 -14641 46 121
1: 1694 25 -1089 121
4: -1694 -31 1089 121
1: 1694 14641 -45 121
2: -1694 14641 41 121
1: 1812 43923 -41 121
4: -1818 -43923 41 121
1: 1859 5 -5324 121
2: -1914 3 -10648 121
3: 1936 -1 26499 121
4: -1936 -1 32065 121
3: 1936 -14641 -36 121
4: -1936 -14641 40 121
1: 1969 1 -26620 121
2: -1969 1 -31944 121
3: 2024 -1 26620 121
4: -2024 -1 31944 121
4: -2079 -3 10648 121
3: 2134 -5 5324 121
4: -2178 -39 847 121
1: 2252 54571 -33 121
4: -2258 -54571 33 121
3: 2299 -14641 -30 121
4: -2299 -14641 34 121
1: 2541 39 -726 121
4: -2541 -45 726 121
1: 2662 1 -27313 121
2: -2662 1 -31251 121
3: 2662 -1 27258 121
4: -2662 -1 31306 121
1: 2662 41 -693 121
3: 2662 -41 638 121
2: -2662 47 -638 121
4: -2662 -47 693 121
1: 2662 1331 -48 121
2: -2662 1331 4 121
3: 2662 -1331 -7 121
4: -2662 -1331 51 121
1: 2662 54571 -28 121
3: 2662 -54571 -27 121
2: -2662 62557 27 121
4: -2662 -62557 28 121
2: -2728 23 -1331 121
3: 2783 -1 27346 121
4: -2783 -1 31218 121
1: 2838 21 -1331 121
3: 2904 -9 3025 121
2: -3146 5 -6171 121
3: 3267 -3 9196 121
1: 3311 14641 -24 121
2: -3311 14641 20 121
3: 3344 -14641 -20 121
4: -3344 -14641 24 121
2: -3509 61 -484 121
1: 3608 7 -3993 121
1: 3828 3 -9317 121
3: 3872 -14641 -17 121
4: -3872 -14641 21 121
1: 3938 1 -27951 121
2: -3938 1 -30613 121
2: -3993 3 -10186 121
1: 3993 9 -3124 121
1: 3993 63 -462 121
4: -3993 -69 462 121
4: -3993 -3993 26 121
3: 3993 -11979 -16 121
3: 4048 -1 27951 121
4: -4048 -1 30613 121
3: 4158 -3 9317 121
3: 4378 -7 3993 121
3: 4598 -14641 -14 121
4: -4598 -14641 18 121
2: -4983 43923 14 121
1: 5082 81 -363 121
4: -5082 -87 363 121
3: 5148 -21 1331 121
1: 5203 14641 -16 121
2: -5203 14641 12 121
4: -5258 -23 1331 121
3: 5324 -1 28270 121
4: -5324 -1 30294 121
3: 5324 -5 5643 121
2: -5324 7 -4312 121
4: -5324 -13 2343 121
3: 5324 -17 1650 121
3: 5324 -85 319 121
2: -5324 91 -319 121
1: 5324 1331 -35 121
2: -5324 1331 -9 121
1: 5324 6655 -18 121
4: -5324 -9317 17 121
2: -5324 17303 12 121
1: 5324 22627 -15 121
3: 5566 -1 28314 121
4: -5566 -1 30250 121
3: 6171 -9 3146 121
4: -6534 -3 10043 121
1: 6622 14641 -13 121
2: -6622 14641 9 121
3: 6688 -14641 -9 121
4: -6688 -14641 13 121
3: 7018 -113 242 121
2: -7018 119 -242 121
4: -7381 -25 1210 121
1: 7623 123 -242 121
4: -7623 -129 242 121
1: 7986 3 -9548 121
2: -7986 27 -1100 121
1: 7986 129 -231 121
4: -7986 -135 231 121
3: 7986 -3993 -2 121
4: -7986 -35937 10 121
3: 9196 -14641 -6 121
4: -9196 -14641 10 121
1: 9317 151 -198 121
4: -9317 -157 198 121
1: 9922 7 -4114 121
1: 9966 43923 -8 121
4: -9999 -43923 8 121
1: 10406 14641 -9 121
2: -10406 14641 5 121
2: -10527 3 -9922 121
3: 10648 -1 28776 121
4: -10648 -1 29788 121
3: 11132 -1 28798 121
4: -11132 -1 29766 121
1: 11979 195 -154 121
4: -11979 -201 154 121
3: 13552 -17 1694 121
3: 14036 -229 121 121
2: -14036 235 -121 121
1: 14641 1 -28924 121
2: -14641 1 -29640 121
3: 14641 -1 28914 121
4: -14641 -1 29650 121
2: -14641 5 -5924 121
4: -14641 -5 5934 121
2: -14641 7 -4230 121
4: -14641 -7 4240 121
1: 14641 11 -2634 121
2: -14641 11 -2690 121
3: 14641 -11 2624 121
4: -14641 -11 2700 121
2: -14641 35 -842 121
4: -14641 -35 852 121
2: -14641 49 -600 121
4: -14641 -49 610 121
2: -14641 55 -534 121
4: -14641 -55 544 121
2: -14641 77 -380 121
4: -14641 -77 390 121
1: 14641 121 -244 121
2: -14641 121 -240 121
3: 14641 -121 234 121
4: -14641 -121 250 121
1: 14641 239 -126 121
3: 14641 -239 116 121
2: -14641 245 -116 121
4: -14641 -245 126 121
2: -14641 385 -72 121
4: -14641 -385 82 121
2: -14641 539 -50 121
4: -14641 -539 60 121
4: -14641 -605 54 121
2: -14641 847 -30 121
4: -14641 -847 40 121
1: 14641 2629 -16 121
3: 14641 -2629 6 121
2: -14641 2695 -6 121
4: -14641 -2695 16 121
2: -14641 4235 -2 121
4: -14641 -4235 12 121
4: -14641 -5929 10 121
1: 14641 28919 -6 121
3: 14641 -28919 -4 121
2: -14641 29645 4 121
4: -14641 -29645 6 121
1: 15246 249 -121 121
4: -15246 -255 121 121
2: -15972 3 -9867 121
3: 15972 -9 3212 121
4: -15972 -3993 12 121
1: 15972 11979 -7 121
4: -17182 -41 726 121
1: 17303 1331 -26 121
2: -17303 1331 -18 121
1: 17424 15 -1936 121
3: 18392 -14641 -2 121
4: -18392 -14641 6 121
1: 18634 305 -99 121
4: -18634 -311 99 121
2: -19932 43923 3 121
3: 19998 -43923 -3 121
1: 20449 5 -5808 121
1: 21054 3 -9680 121
3: 21296 -1 29029 121
4: -21296 -1 29535 121
2: -21296 6655 -1 121
1: 21659 1 -29040 121
2: -21659 1 -29524 121
3: 22264 -1 29040 121
4: -22264 -1 29524 121
4: -22627 -38599 4 121
3: 22869 -3 9680 121
3: 23474 -5 5808 121
4: -23958 -21 1408 121
1: 23958 393 -77 121
4: -23958 -399 77 121
2: -23958 27951 2 121
3: 26499 -15 1936 121
2: -27588 27 -1089 121
1: 27951 459 -66 121
4: -27951 -465 66 121
4: -27951 -3993 10 121
1: 29282 1 -29103 121
2: -29282 1 -29461 121
3: 29282 -1 29098 121
4: -29282 -1 29466 121
1: 29282 11 -2648 121
2: -29282 11 -2676 121
3: 29282 -11 2643 121
4: -29282 -11 2681 121
1: 29282 13 -2241 121
3: 29282 -13 2236 121
1: 29282 37 -789 121
3: 29282 -37 784 121
1: 29282 121 -243 121
2: -29282 121 -241 121
3: 29282 -121 238 121
4: -29282 -121 246 121
1: 29282 143 -206 121
3: 29282 -143 201 121
1: 29282 407 -74 121
3: 29282 -407 69 121
1: 29282 481 -63 121
3: 29282 -481 58 121
2: -29282 487 -58 121
4: -29282 -487 63 121
1: 29282 1573 -21 121
3: 29282 -1573 16 121
1: 29282 4477 -9 121
3: 29282 -4477 4 121
1: 29282 5291 -8 121
3: 29282 -5291 3 121
2: -29282 5357 -3 121
4: -29282 -5357 8 121
1: 29282 58201 -3 121
3: 29282 -58201 -2 121
2: -29282 58927 2 121
4: -29282 -58927 3 121
3: 30613 -1 29106 121
4: -30613 -1 29458 121
3: 31944 -105 275 121
3: 31944 -3993 5 121
2: -34606 5 -5885 121
1: 34606 1331 -24 121
2: -34606 1331 -20 121
4: -34606 -33275 3 121
4: -35937 -3 9812 121
1: 36421 14641 -4 121
4: -36784 -14641 4 121
2: -38478 9 -3267 121
3: 38599 -635 44 121
2: -38599 641 -44 121
3: 38599 -1331 20 121
4: -38599 -1331 24 121
4: -40414 -61 484 121
2: -42108 3 -9801 121
1: 43318 1 -29161 121
2: -43318 1 -29403 121
1: 43923 3 -9722 121
3: 43923 -33 882 121
1: 43923 363 -82 121
1: 43923 723 -42 121
4: -43923 -729 42 121
3: 43923 -7953 2 121
2: -43923 8019 -2 121
3: 44528 -1 29161 121
4: -44528 -1 29403 121
1: 45254 6655 -6 121
4: -45738 -3 9801 121
2: -47916 15 -1958 121
4: -47916 -19965 3 121
2: -49247 43 -682 121
4: -49247 -57233 2 121
4: -49368 -9 3267 121
3: 50578 -49 594 121
1: 54813 43923 -2 121
1: 55902 921 -33 121
4: -55902 -927 33 121
3: 55902 -3993 6 121
3: 58564 -1 29190 121
4: -58564 -1 29374 121
3: 58564 -5 5837 121
1: 58564 11 -2655 121
2: -58564 11 -2669 121
1: 58564 55 -532 121
3: 58564 -121 240 121
4: -58564 -121 244 121
3: 58564 -193 150 121
3: 58564 -605 47 121
3: 58564 -965 29 121
2: -58564 971 -29 121
1: 58564 2123 -15 121
1: 58564 10615 -4 121
4: -58564 -10681 4 121
4: -60258 -27 1089 121
3: 61226 -1 29194 121
4: -61226 -1 29370 121
