Command line:- ./do_t 8281 64000
1: 343 4901 -14196 8281
1: 686 4459 26364 8281
2: -1176 6591 50960 8281
1: 1372 4459 -2197 8281
2: -1372 4459 -59319 8281
1: 1372 5863 -61516 8281
2: -1372 7319 61516 8281
2: -1482 7203 52728 8281
2: -1521 5145 -18928 8281
1: 2058 3087 57122 8281
2: -2058 6591 20202 8281
1: 2197 3773 13104 8281
1: 2197 5929 -48412 8281
2: -2197 8477 48412 8281
1: 2352 6591 -56693 8281
1: 2401 2863 57122 8281
2: -2401 4235 -57122 8281
2: -2401 5005 -26364 8281
1: 2401 5317 -35152 8281
2: -2401 5915 -338 8281
2: -2401 7007 21970 8281
2: -2401 7865 35152 8281
2: -2401 8281 40560 8281
2: -2401 9295 51714 8281
1: 2744 5135 -30758 8281
2: -2744 8047 30758 8281
1: 2793 7203 -57122 8281
1: 2964 7203 -54925 8281
1: 3211 5341 -33124 8281
2: -3211 9065 33124 8281
1: 3406 2401 50531 8281
1: 3549 7203 -49010 8281
1: 3757 10633 -61516 8281
2: -3822 7203 8788 8281
2: -3874 7889 15379 8281
1: 4018 2197 45227 8281
1: 4056 3087 7098 8281
1: 4116 6591 -41314 8281
2: -4116 22815 59150 8281
2: -4361 10985 30576 8281
1: 4394 2197 36015 8281
1: 4394 2401 26325 8281
1: 4394 4655 -24206 8281
1: 4394 6517 -39585 8281
2: -4394 9751 24206 8281
1: 4394 10985 -55223 8281
1: 4394 12005 -57161 8281
1: 4394 15379 -61740 8281
2: -4394 15379 43904 8281
2: -4396 26195 57967 8281
1: 4459 8575 -48334 8281
2: -4459 18179 48334 8281
2: -4459 28561 58716 8281
2: -4537 28561 57624 8281
1: 4784 8575 -46137 8281
1: 4802 2177 28561 8281
1: 4802 2197 27651 8281
1: 4802 4043 -17576 8281
2: -4802 4921 -28561 8281
2: -4802 6253 -7267 8281
1: 4802 8281 -45123 8281
2: -4802 8281 11999 8281
2: -4802 9139 17576 8281
1: 4802 15239 -57122 8281
1: 4802 15379 -57252 8281
2: -4802 15379 39416 8281
2: -4802 22477 49517 8281
2: -4802 23569 50531 8281
1: 4802 28301 -63713 8281
1: 4802 28561 -63783 8281
2: -4802 28561 54179 8281
2: -4802 34447 57122 8281
2: -4802 41743 59618 8281
2: -4802 43771 60164 8281
2: -4802 63973 63713 8281
2: -4851 36015 57122 8281
1: 4886 28561 -62769 8281
2: -4886 28561 53165 8281
2: -4901 14063 35490 8281
2: -5026 12005 28561 8281
2: -5047 31213 52728 8281
1: 5096 55223 -63713 8281
1: 5187 7203 -39546 8281
1: 5239 40817 -60840 8281
2: -5369 40817 52728 8281
1: 5376 30927 -57967 8281
1: 5488 3679 -15379 8281
2: -5488 9503 15379 8281
1: 5488 57967 -59488 8281
2: -5488 57967 54756 8281
1: 5544 36015 -57122 8281
2: -5628 59319 53508 8281
2: -5831 22295 39546 8281
3: 6076 -28561 -61446 8281
1: 6084 36015 -52390 8281
1: 6174 5145 -28561 8281
2: -6174 11661 20111 8281
1: 6174 32955 -51324 8281
1: 6422 3479 -16562 8281
2: -6422 10927 16562 8281
3: 6448 -28561 -57624 8281
3: 6454 -26195 -57967 8281
2: -6474 58653 46137 8281
3: 6517 -57967 -54756 8281
4: -6517 -57967 59488 8281
1: 6591 6591 -33614 8281
1: 6591 7203 -35178 8281
2: -6591 15435 26390 8281
3: 6591 -23667 -57148 8281
1: 6591 46137 -49392 8281
3: 6657 -59319 -53508 8281
2: -6664 41743 42042 8281
3: 6944 -28561 -53165 8281
4: -6944 -28561 62769 8281
3: 6958 -31213 -52728 8281
2: -7098 7203 -4056 8281
3: 7098 -21609 -53066 8281
4: -7154 -40817 57122 8281
1: 7203 1911 4394 8281
1: 7203 3549 -19604 8281
2: -7203 5733 -17576 8281
1: 7203 6591 -32526 8281
3: 7203 -10437 -57122 8281
2: -7203 10647 12506 8281
3: 7203 -19383 -52728 8281
2: -7203 19773 28704 8281
1: 7203 24843 -43602 8281
3: 7203 -35997 -50362 8281
4: -7203 -39249 57122 8281
1: 7203 46137 -45448 8281
3: 7301 -35321 -49686 8281
4: -7434 -30927 57967 8281
1: 7644 7203 -32955 8281
2: -8021 29155 30758 8281
3: 8073 -7203 -52728 8281
3: 8099 -45619 -43940 8281
2: -8232 6591 -10556 8281
1: 8281 2401 -12844 8281
2: -8281 12005 12844 8281
1: 8281 28561 -39004 8281
2: -8281 28561 29400 8281
3: 8281 -28561 -43806 8281
4: -8281 -28561 53410 8281
3: 8379 -6591 -50960 8281
1: 8788 2107 -12103 8281
3: 8788 -2401 -62634 8281
2: -8788 12299 12103 8281
3: 8788 -14749 -42861 8281
1: 8788 15379 -35329 8281
2: -8788 15379 17493 8281
1: 8918 3773 -24167 8281
3: 8918 -3773 -52728 8281
2: -8918 22981 24167 8281
4: -8918 -22981 52728 8281
1: 8918 28561 -36561 8281
2: -8918 28561 26957 8281
3: 8918 -28561 -40334 8281
4: -8918 -28561 49938 8281
4: -8967 -19773 54782 8281
1: 9074 28561 -36015 8281
2: -9074 28561 26411 8281
3: 9126 -7203 -44447 8281
3: 9212 -2401 -57122 8281
1: 9334 12005 -32955 8281
3: 9464 -2401 -54080 8281
3: 9464 -28561 -37730 8281
4: -9464 -28561 47334 8281
1: 9604 455 52728 8281
1: 9604 1183 -1690 8281
1: 9604 1495 -8788 8281
3: 9604 -2093 -54925 8281
3: 9604 -2197 -54015 8281
3: 9604 -3185 -48334 8281
1: 9604 3887 -25350 8281
2: -9604 5239 -24336 8281
1: 9604 5635 -28561 8281
1: 9604 5915 -28899 8281
3: 9604 -8281 -40560 8281
3: 9604 -10465 -39546 8281
3: 9604 -10985 -39364 8281
2: -9604 11687 8788 8281
1: 9604 14651 -32955 8281
1: 9604 15379 -33085 8281
2: -9604 15379 15249 8281
4: -9604 -18473 52728 8281
1: 9604 19435 -33631 8281
2: -9604 19747 19773 8281
3: 9604 -27209 -37180 8281
3: 9604 -28561 -37110 8281
4: -9604 -28561 46714 8281
2: -9604 34307 26533 8281
4: -9604 -36673 44278 8281
2: -9604 44051 28561 8281
1: 9604 50531 -34905 8281
4: -9604 -63713 40638 8281
1: 9633 7203 -30082 8281
4: -9702 -21801 49686 8281
1: 9751 18421 -33124 8281
3: 9776 -2401 -50531 8281
1: 9971 343 63882 8281
1: 10094 31213 -32955 8281
2: -10094 31213 24167 8281
3: 10192 -28561 -34692 8281
4: -10192 -28561 44296 8281
4: -10348 -10633 61516 8281
2: -10374 7203 -8788 8281
3: 10388 -2197 -45227 8281
3: 10478 -28561 -33614 8281
4: -10478 -28561 43218 8281
3: 10633 -28561 -33054 8281
4: -10633 -28561 42658 8281
4: -10816 -18865 47320 8281
3: 10976 -28561 -31871 8281
4: -10976 -28561 41475 8281
1: 10976 57967 -30927 8281
2: -10976 57967 26195 8281
2: -11037 21609 17576 8281
1: 11172 7203 -28561 8281
3: 11232 -62769 -30758 8281
3: 11284 -28561 -30870 8281
4: -11284 -28561 40474 8281
2: -11319 13377 8788 8281
2: -11466 36015 21970 8281
3: 11564 -10985 -30576 8281
3: 11661 -441 -49686 8281
4: -11661 -13965 49686 8281
1: 11662 10633 -28561 8281
1: 11886 21609 -28561 8281
1: 11921 2401 -26364 8281
1: 11956 45619 -28561 8281
3: 12054 -36015 -28561 8281
3: 12124 -12005 -28561 8281
3: 12152 -28561 -28322 8281
4: -12152 -28561 37926 8281
3: 12348 -1029 -28561 8281
4: -12348 -13377 48334 8281
4: -12446 -63713 31850 8281
3: 12691 -4459 -26364 8281
1: 12838 2401 -28561 8281
3: 12844 -245 -8281 8281
3: 12896 -28561 -26411 8281
4: -12896 -28561 36015 8281
3: 13034 -169 11830 8281
1: 13034 325 -46137 8281
4: -13034 -13507 46137 8281
3: 13034 -57967 -26195 8281
4: -13034 -57967 30927 8281
1: 13104 36015 -26364 8281
1: 13182 441 -43953 8281
1: 13182 3087 -28574 8281
2: -13182 6591 -14406 8281
2: -13182 7203 -10972 8281
4: -13182 -14847 43953 8281
1: 13182 19773 -26411 8281
1: 13182 21609 -26377 8281
2: -13182 46137 20237 8281
1: 13377 1029 -35152 8281
4: -13377 -27783 35152 8281
3: 13916 -31213 -24167 8281
4: -13916 -31213 32955 8281
1: 14063 2197 -31668 8281
4: -14063 -7889 57122 8281
1: 14196 7203 -26533 8281
4: -14274 -38073 30758 8281
1: 14406 567 -57122 8281
1: 14406 1053 -41743 8281
2: -14406 3549 -48165 8281
1: 14406 3969 -28561 8281
2: -14406 6591 -14950 8281
1: 14406 7371 -26364 8281
4: -14406 -7665 57122 8281
4: -14406 -9555 50531 8281
1: 14406 13689 -25181 8281
4: -14406 -14235 41743 8281
4: -14406 -17745 38194 8281
2: -14406 19929 10985 8281
2: -14406 24843 13520 8281
4: -14406 -32955 31551 8281
2: -14406 37011 16900 8281
2: -14406 46137 18265 8281
1: 14406 51597 -24167 8281
4: -14406 -53655 28561 8281
1: 14602 15041 -24843 8281
3: 14749 -845 2366 8281
2: -14872 5831 -20111 8281
3: 15184 -40817 -21970 8281
3: 15337 -37349 -21658 8281
1: 15379 2197 -34300 8281
3: 15379 -2197 -10290 8281
1: 15379 2401 -33280 8281
3: 15379 -2401 -11310 8281
1: 15379 10985 -24696 8281
3: 15379 -10985 -19894 8281
1: 15379 12005 -24492 8281
3: 15379 -12005 -20098 8281
3: 15886 -2401 -9126 8281
4: -16146 -7203 54925 8281
2: -16464 3087 -57122 8281
1: 16464 6591 -25935 8281
1: 16562 2401 -34983 8281
3: 16562 -2401 -6422 8281
2: -16562 16807 6422 8281
4: -16562 -16807 34983 8281
1: 16562 28561 -21903 8281
2: -16562 28561 12299 8281
3: 16562 -28561 -19502 8281
4: -16562 -28561 29106 8281
2: -16731 36015 13858 8281
4: -16758 -6591 56693 8281
4: -16954 -18421 33124 8281
3: 17056 -7889 -15379 8281
1: 17101 28561 -21364 8281
2: -17101 28561 11760 8281
3: 17108 -2401 -4394 8281
4: -17199 -7203 52728 8281
2: -17493 18759 7098 8281
3: 17576 -2401 -2756 8281
2: -17576 3479 -47775 8281
4: -17576 -10985 40817 8281
4: -17576 -24353 29120 8281
3: 17628 -21609 -17576 8281
1: 17836 5831 -26364 8281
4: -17836 -6517 54925 8281
3: 17836 -28561 -17766 8281
4: -17836 -28561 27370 8281
4: -17836 -32585 26364 8281
4: -17966 -8575 46137 8281
3: 18179 -2197 910 8281
3: 18473 -45619 -17576 8281
3: 18928 -2401 1521 8281
3: 18928 -28561 -16464 8281
4: -18928 -28561 26068 8281
4: -18984 -21609 28561 8281
1: 19208 1183 -58812 8281
3: 19208 -3601 -4394 8281
3: 19208 -8281 -11999 8281
4: -19208 -8281 45123 8281
2: -19208 16783 4394 8281
1: 19208 25207 -19773 8281
3: 19208 -28561 -16154 8281
4: -19208 -28561 25758 8281
2: -19266 7203 -13520 8281
3: 19502 -48841 -16562 8281
1: 19551 3783 -30758 8281
4: -19551 -16965 30758 8281
3: 19747 -28561 -15582 8281
4: -19747 -28561 25186 8281
3: 19773 -1029 32214 8281
1: 19773 4263 -29302 8281
3: 19773 -6591 -9604 8281
4: -19773 -18669 29302 8281
2: -20286 32955 10192 8281
3: 20384 -28561 -14945 8281
4: -20384 -28561 24549 8281
1: 20748 7203 -24167 8281
3: 20956 -28561 -14406 8281
4: -20956 -28561 24010 8281
3: 21266 -28561 -14126 8281
4: -21266 -28561 23730 8281
3: 21609 -975 43940 8281
1: 21609 2535 -38870 8281
3: 21609 -6591 -7020 8281
1: 21609 9555 -21970 8281
3: 21609 -24843 -13520 8281
1: 21609 34125 -17576 8281
1: 22139 2401 -40560 8281
4: -22516 -12005 32955 8281
3: 22568 -28561 -13034 8281
4: -22568 -28561 22638 8281
1: 22638 13377 -19773 8281
3: 22646 -847 57967 8281
2: -22646 2905 -57967 8281
1: 23322 6321 -24843 8281
4: -23322 -20727 24843 8281
1: 23324 22295 -17576 8281
1: 23842 2401 -41743 8281
1: 24167 15379 -18522 8281
2: -24167 15379 686 8281
3: 24304 -28561 -11760 8281
4: -24304 -28561 21364 8281
3: 24598 -11999 -8281 8281
3: 24696 -13377 -8788 8281
1: 24843 7203 -23322 8281
4: -24843 -21609 23322 8281
3: 25382 -4459 2197 8281
4: -25382 -4459 59319 8281
3: 26364 -1617 31850 8281
3: 26364 -5145 1092 8281
1: 26364 6591 -24010 8281
1: 26364 7203 -23075 8281
1: 26364 56595 -14287 8281
2: -26364 59319 9604 8281
1: 26411 15379 -17706 8281
2: -26411 15379 -130 8281
2: -26411 41405 8112 8281
1: 26533 57281 -14196 8281
3: 26754 -3087 10985 8281
1: 26754 15435 -17576 8281
4: -26754 -42189 17576 8281
3: 27489 -32955 -10192 8281
1: 27534 25725 -15379 8281
1: 28054 1715 -56784 8281
1: 28126 2197 -47047 8281
1: 28469 1715 -57122 8281
3: 28561 -1337 45962 8281
1: 28561 2401 -44284 8281
3: 28561 -2401 20274 8281
1: 28561 2483 -43218 8281
3: 28561 -2483 19208 8281
2: -28561 3185 -49784 8281
2: -28561 3395 -45962 8281
1: 28561 4459 -29386 8281
2: -28561 4459 -32130 8281
3: 28561 -4459 5376 8281
4: -28561 -4459 56140 8281
2: -28561 4753 -29400 8281
4: -28561 -4753 53410 8281
2: -28561 5915 -21266 8281
4: -28561 -5915 45276 8281
2: -28561 6305 -19208 8281
4: -28561 -6305 43218 8281
1: 28561 8281 -21364 8281
2: -28561 8281 -11760 8281
3: 28561 -8281 -2646 8281
4: -28561 -8281 35770 8281
2: -28561 8827 -10290 8281
4: -28561 -8827 34300 8281
1: 28561 9359 -20286 8281
3: 28561 -9359 -3724 8281
2: -28561 12005 -4388 8281
4: -28561 -12005 28398 8281
4: -28561 -16393 24010 8281
1: 28561 17381 -16464 8281
3: 28561 -17381 -7546 8281
2: -28561 22295 3178 8281
4: -28561 -22295 20832 8281
2: -28561 23765 3724 8281
4: -28561 -23765 20286 8281
1: 28561 31213 -14488 8281
2: -28561 31213 5700 8281
3: 28561 -31213 -9522 8281
4: -28561 -31213 18310 8281
1: 28561 32279 -14406 8281
3: 28561 -32279 -9604 8281
2: -28561 33271 6090 8281
4: -28561 -33271 17920 8281
2: -28561 41405 7252 8281
4: -28561 -41405 16758 8281
2: -28561 44135 7546 8281
4: -28561 -44135 16464 8281
1: 28561 57967 -13342 8281
2: -28561 57967 8610 8281
3: 28561 -57967 -10668 8281
4: -28561 -57967 15400 8281
2: -28561 61789 8820 8281
4: -28561 -61789 15190 8281
1: 28812 1911 -52728 8281
1: 28812 4683 -28561 8281
2: -28812 4851 -28561 8281
1: 28812 6591 -23738 8281
4: -28812 -11781 28561 8281
2: -28812 13923 -2197 8281
2: -28812 16731 169 8281
4: -28812 -19773 21827 8281
1: 28812 24843 -15041 8281
1: 28812 60879 -13182 8281
2: -28812 63063 8788 8281
4: -29008 -15041 24843 8281
2: -29406 33957 5915 8281
3: 29939 -2401 21970 8281
3: 30082 -45619 -9633 8281
2: -30184 7943 -13013 8281
1: 30758 2197 -48363 8281
3: 30758 -2197 26068 8281
1: 30758 2401 -45201 8281
3: 30758 -2401 22906 8281
1: 31213 2891 -39546 8281
3: 31213 -2891 17576 8281
2: -31213 6713 -17576 8281
4: -31213 -6713 39546 8281
1: 31213 28561 -13876 8281
2: -31213 28561 4272 8281
3: 31213 -28561 -8094 8281
4: -31213 -28561 17698 8281
1: 31556 1859 -55601 8281
1: 31759 28561 -13720 8281
2: -31759 28561 4116 8281
3: 31772 -2401 23998 8281
4: -31941 -7203 37180 8281
2: -32448 3087 -50869 8281
1: 32669 12005 -17576 8281
3: 33124 -2401 25350 8281
3: 33124 -12005 -3211 8281
2: -33124 26411 3211 8281
3: 33124 -28561 -7350 8281
4: -33124 -28561 16954 8281
1: 33614 3185 -37349 8281
3: 33614 -41405 -8112 8281
1: 34202 28561 -13083 8281
2: -34202 28561 3479 8281
3: 34216 -2401 26364 8281
3: 34398 -7203 2197 8281
1: 34476 1827 -57967 8281
4: -34476 -3885 57967 8281
1: 34983 13083 -16562 8281
4: -34983 -27489 16562 8281
3: 35152 -2401 27183 8281
1: 35672 25039 -13182 8281
3: 35672 -28561 -6482 8281
4: -35672 -28561 16086 8281
4: -35672 -51793 13182 8281
2: -36036 36015 4394 8281
1: 36309 7203 -21970 8281
3: 36358 -2197 31668 8281
4: -36358 -49049 13182 8281
3: 36673 -28561 -6174 8281
4: -36673 -28561 15778 8281
4: -36701 -22295 17576 8281
3: 36848 -2401 28561 8281
1: 37349 2065 -53508 8281
4: -37349 -4123 53508 8281
2: -37349 10633 -8008 8281
2: -37349 41743 4802 8281
2: -37349 45619 5174 8281
3: 37856 -28561 -5831 8281
4: -37856 -28561 15435 8281
4: -37856 -40817 13520 8281
4: -38416 -4225 51883 8281
4: -38416 -7553 32955 8281
3: 38416 -13793 -2197 8281
2: -38416 26975 2197 8281
3: 38416 -28561 -5676 8281
4: -38416 -28561 15280 8281
1: 38532 7203 -21801 8281
1: 39102 14157 -15379 8281
4: -39102 -27339 15379 8281
3: 39494 -28561 -5390 8281
4: -39494 -28561 14994 8281
1: 39494 40817 -10985 8281
4: -39546 -6591 36015 8281
1: 39546 15729 -14651 8281
4: -39546 -30135 14651 8281
2: -39546 36015 3666 8281
2: -40131 5145 -26364 8281
3: 40474 -10985 182 8281
4: -40716 -25725 15379 8281
2: -40817 3731 -39546 8281
3: 40817 -5551 8788 8281
1: 40817 41743 -10686 8281
1: 41184 36015 -10985 8281
3: 41574 -36015 -5577 8281
3: 41743 -17003 -2548 8281
2: -41743 31409 2548 8281
3: 41912 -28561 -4802 8281
4: -41912 -28561 14406 8281
3: 42532 -28561 -4662 8281
4: -42532 -28561 14266 8281
3: 43218 -3549 19604 8281
4: -43218 -6591 34723 8281
4: -43218 -24843 15041 8281
1: 43264 25039 -11830 8281
1: 44278 2401 -48841 8281
3: 45136 -28561 -4116 8281
4: -45136 -28561 13720 8281
2: -45619 14651 -4394 8281
1: 45619 17615 -13182 8281
4: -45619 -30797 13182 8281
1: 46137 6591 -22638 8281
1: 46137 7203 -21346 8281
2: -46137 19773 -1372 8281
2: -46137 21609 -624 8281
1: 47334 9633 -17745 8281
3: 48334 -1715 52325 8281
1: 48334 5831 -24570 8281
1: 48334 15379 -13720 8281
2: -48334 15379 -4116 8281
3: 48608 -28561 -3479 8281
4: -48608 -28561 13083 8281
3: 49049 -1715 52728 8281
3: 49049 -39445 -4394 8281
4: -49348 -40817 11154 8281
4: -49392 -13377 19773 8281
2: -49392 14703 -4732 8281
2: -49686 7203 -16900 8281
1: 49686 21609 -11661 8281
4: -49686 -36015 11661 8281
3: 50078 -4901 14196 8281
3: 50421 -1617 57122 8281
1: 50531 22099 -11466 8281
4: -50531 -36505 11466 8281
2: -52728 6591 -19208 8281
3: 52728 -21609 -1651 8281
3: 52822 -1649 57122 8281
2: -52822 2663 -57122 8281
1: 52822 4753 -28561 8281
1: 52822 15379 -13312 8281
2: -52822 15379 -4524 8281
2: -53508 3087 -48334 8281
1: 53508 44247 -8788 8281
3: 54194 -2015 46137 8281
4: -54366 -36015 10985 8281
3: 55601 -2401 38194 8281
3: 56511 -7203 8788 8281
1: 57122 2093 -57281 8281
3: 57122 -2093 45276 8281
1: 57122 2401 -50703 8281
2: -57122 2401 -63541 8281
3: 57122 -2401 38698 8281
1: 57122 3703 -34986 8281
3: 57122 -3703 22981 8281
1: 57122 3887 -33614 8281
3: 57122 -3887 21609 8281
1: 57122 4459 -30072 8281
2: -57122 4459 -31444 8281
3: 57122 -4459 18067 8281
4: -57122 -4459 43449 8281
2: -57122 5761 -22981 8281
4: -57122 -5761 34986 8281
1: 57122 6877 -21609 8281
3: 57122 -6877 9604 8281
1: 57122 7889 -19607 8281
3: 57122 -7889 7602 8281
1: 57122 8281 -18963 8281
2: -57122 8281 -14161 8281
3: 57122 -8281 6958 8281
4: -57122 -8281 26166 8281
2: -57122 10699 -9604 8281
4: -57122 -10699 21609 8281
1: 57122 14651 -13328 8281
3: 57122 -14651 1323 8281
1: 57122 25921 -10143 8281
3: 57122 -25921 -1862 8281
1: 57122 27209 -9947 8281
3: 57122 -27209 -2058 8281
1: 57122 31213 -9441 8281
2: -57122 31213 653 8281
3: 57122 -31213 -2564 8281
4: -57122 -31213 11352 8281
2: -57122 40327 1862 8281
4: -57122 -40327 10143 8281
1: 57122 48139 -8232 8281
3: 57122 -48139 -3773 8281
1: 57122 55223 -7946 8281
3: 57122 -55223 -4059 8281
1: 57122 57967 -7854 8281
2: -57122 57967 3122 8281
3: 57122 -57967 -4151 8281
4: -57122 -57967 8883 8281
3: 57291 -21609 -1014 8281
2: -57624 6591 -19344 8281
1: 57624 10647 -16055 8281
3: 57624 -28665 -2197 8281
3: 57624 -62361 -4225 8281
3: 57629 -1715 56784 8281
1: 57967 3773 -34476 8281
3: 57967 -3773 22646 8281
2: -57967 5831 -22646 8281
4: -57967 -5831 34476 8281
1: 57967 28561 -9688 8281
2: -57967 28561 84 8281
3: 57967 -28561 -2142 8281
4: -57967 -28561 11746 8281
1: 58212 45123 -8281 8281
3: 58653 -6591 10556 8281
1: 58981 28561 -9604 8281
4: -59319 -7203 28808 8281
3: 59319 -46137 -3430 8281
3: 59878 -2401 39546 8281
2: -60671 12005 -8112 8281
4: -60858 -7203 28561 8281
1: 61054 10985 -15561 8281
3: 61516 -2197 44247 8281
3: 61516 -2401 40014 8281
4: -61516 -10985 20580 8281
4: -61516 -12005 19305 8281
4: -61516 -54925 8575 8281
4: -61516 -60025 8320 8281
4: -61698 -21609 13182 8281
1: 62426 7693 -19773 8281
3: 62426 -7693 8788 8281
2: -62426 11515 -8788 8281
4: -62426 -11515 19773 8281
1: 62426 28561 -9339 8281
2: -62426 28561 -265 8281
3: 62426 -28561 -1646 8281
4: -62426 -28561 11250 8281
1: 63518 28561 -9261 8281
2: -63518 28561 -343 8281
3: 63544 -2401 40560 8281
4: -63713 -5831 33488 8281
3: 63882 -7203 9971 8281
