Command line:- ./do_t 539 64000
1: 2 343 -43197 539
2: -2 343 39809 539
2: -4 385 56595 539
2: -8 253 -52822 539
1: 9 363 -19208 539
1: 11 245 39886 539
1: 11 343 -9240 539
2: -11 343 5852 539
1: 11 605 -62426 539
1: 14 227 41503 539
2: -14 235 -41503 539
2: -14 517 37730 539
2: -14 605 47334 539
1: 16 605 -43218 539
1: 17 847 -53508 539
2: -17 847 52136 539
2: -18 363 7203 539
1: 18 651 -41503 539
2: -18 957 52822 539
1: 18 1029 -55902 539
1: 21 2475 -60368 539
2: -21 2607 60368 539
1: 22 343 -5467 539
2: -22 343 2079 539
1: 22 637 -33418 539
2: -22 847 40131 539
2: -22 1057 45276 539
1: 22 1331 -50421 539
1: 22 2401 -57376 539
2: -22 2401 56892 539
1: 22 4459 -61369 539
2: -22 5929 62328 539
2: -22 7399 63063 539
1: 22 9317 -63798 539
3: 24 -7203 -63162 539
4: -24 -15435 61831 539
2: -24 16317 59290 539
3: 24 -17787 -61593 539
4: -24 -38115 61054 539
2: -24 40293 60025 539
1: 26 5929 -52920 539
2: -26 5929 52724 539
3: 26 -24101 -56595 539
2: -27 7203 51304 539
3: 27 -11319 -55286 539
1: 27 17193 -52822 539
2: -27 18381 52822 539
1: 28 2401 -45133 539
2: -28 2401 44649 539
1: 28 2453 -45276 539
2: -28 2629 45276 539
3: 28 -26411 -52492 539
4: -28 -26411 52536 539
3: 28 -26983 -52479 539
4: -28 -28919 52479 539
3: 29 -5929 -52724 539
4: -29 -5929 52920 539
2: -29 8107 48020 539
4: -29 -22981 50820 539
3: 31 -26411 -47410 539
4: -31 -26411 47454 539
1: 32 3773 -41657 539
2: -32 3773 41349 539
1: 33 141 52822 539
2: -33 153 -52822 539
1: 33 987 -30184 539
3: 33 -1029 -57288 539
2: -33 1071 30184 539
4: -33 -1089 57624 539
3: 33 -2541 -49392 539
4: -33 -3087 48818 539
1: 33 6909 -42042 539
3: 33 -7203 -45914 539
2: -33 7497 42042 539
4: -33 -7623 45962 539
1: 33 17061 -43218 539
3: 33 -17787 -44786 539
2: -33 18513 43218 539
4: -33 -21609 44704 539
1: 33 48363 -43736 539
2: -33 52479 43736 539
4: -33 -53361 44296 539
1: 34 847 -27097 539
2: -34 847 25725 539
1: 34 10843 -41503 539
2: -34 11795 41503 539
4: -34 -12005 43923 539
2: -34 29645 42238 539
2: -36 1029 27104 539
2: -36 2541 34986 539
1: 36 8085 -38808 539
3: 36 -10815 -41503 539
4: -36 -11823 41503 539
4: -37 -979 52822 539
2: -37 1463 30184 539
3: 38 -847 -52136 539
4: -38 -847 53508 539
3: 38 -3773 -41349 539
4: -38 -3773 41657 539
4: -39 -8085 38808 539
3: 39 -9801 -38416 539
4: -39 -26103 37730 539
3: 42 -363 -63798 539
1: 42 2409 -30184 539
2: -42 2673 30184 539
3: 42 -7203 -36058 539
3: 42 -26499 -34986 539
4: -42 -29403 34986 539
4: -43 -1001 45276 539
4: -43 -6419 35574 539
1: 44 121 50421 539
2: -44 121 -60025 539
2: -44 217 -18865 539
2: -44 245 -12936 539
3: 44 -343 -62447 539
2: -44 605 14406 539
3: 44 -847 -44933 539
4: -44 -847 46305 539
1: 44 973 -22638 539
2: -44 1085 22638 539
4: -44 -1519 40425 539
4: -44 -1715 39578 539
1: 44 2401 -28809 539
2: -44 2401 28325 539
4: -44 -3751 36015 539
4: -44 -4235 35672 539
1: 44 5929 -31311 539
2: -44 5929 31115 539
3: 44 -6811 -34496 539
4: -44 -7595 34496 539
2: -44 10633 31955 539
2: -44 12005 32076 539
3: 44 -16819 -33614 539
4: -44 -18755 33614 539
2: -44 26257 32585 539
2: -44 29645 32634 539
3: 44 -41503 -33257 539
4: -44 -41503 33285 539
1: 44 47677 -32802 539
2: -44 53165 32802 539
1: 46 121 48020 539
2: -46 121 -57624 539
3: 46 -385 -56595 539
1: 46 1225 -23716 539
3: 48 -819 -41503 539
4: -48 -7203 31702 539
3: 48 -40131 -30492 539
1: 49 121 44786 539
2: -49 121 -54390 539
1: 49 341 -3234 539
3: 49 -341 -56056 539
2: -49 605 12838 539
4: -49 -605 46452 539
1: 49 2401 -25894 539
3: 49 -2401 -33396 539
1: 49 3751 -27244 539
3: 49 -3751 -32046 539
2: -49 16807 29040 539
4: -49 -16807 30250 539
1: 49 26411 -29304 539
3: 49 -26411 -29986 539
1: 51 11319 -27720 539
3: 52 -623 -41503 539
1: 52 833 -17787 539
1: 52 5929 -26509 539
2: -52 5929 26313 539
1: 53 2401 -23958 539
2: -53 2401 23474 539
2: -54 1155 18865 539
4: -54 -3381 29645 539
1: 54 7203 -25773 539
4: -54 -11319 27720 539
1: 54 16599 -26411 539
2: -54 18975 26411 539
2: -54 63525 26754 539
1: 56 605 -13034 539
2: -56 1573 20237 539
4: -56 -2299 29841 539
1: 56 2365 -22638 539
2: -56 2717 22638 539
3: 56 -5203 -27440 539
1: 56 12005 -25289 539
3: 56 -26411 -26235 539
4: -56 -26411 26279 539
2: -56 31213 25652 539
4: -56 -45619 26136 539
3: 58 -1463 -30184 539
3: 58 -5929 -26313 539
4: -58 -5929 26509 539
3: 61 -4459 -25410 539
3: 61 -36179 -24010 539
3: 62 -26411 -23694 539
4: -62 -26411 23738 539
1: 63 363 -4116 539
3: 63 -25773 -23324 539
4: -63 -30129 23324 539
2: -64 605 9604 539
1: 66 135 26411 539
2: -66 159 -26411 539
3: 66 -189 -56595 539
4: -66 -363 43218 539
1: 66 945 -15092 539
4: -66 -1029 29491 539
2: -66 1113 15092 539
3: 66 -1323 -26950 539
4: -66 -2541 25039 539
3: 66 -3267 -24010 539
1: 66 6615 -21021 539
4: -66 -7203 23078 539
2: -66 7791 21021 539
3: 66 -9261 -22715 539
1: 66 16335 -21609 539
4: -66 -17787 22442 539
2: -66 19239 21609 539
3: 66 -22869 -22295 539
1: 66 46305 -21868 539
2: -66 54537 21868 539
4: -67 -7931 22638 539
3: 68 -343 -39809 539
4: -68 -343 43197 539
3: 69 -1029 -27104 539
3: 69 -3927 -22638 539
4: -69 -14553 21560 539
1: 71 1715 -16940 539
3: 71 -49973 -20580 539
1: 72 1029 -14399 539
1: 72 2541 -17836 539
4: -74 -4235 21266 539
4: -74 -12005 20207 539
1: 74 13673 -19208 539
1: 74 38759 -19481 539
3: 76 -847 -25725 539
4: -76 -847 27097 539
1: 76 22561 -18865 539
1: 77 121 26754 539
2: -77 121 -36358 539
1: 77 2299 -16464 539
3: 77 -2299 -21266 539
1: 77 2401 -16566 539
2: -77 2401 16082 539
3: 77 -2401 -21164 539
4: -77 -2401 21648 539
2: -77 2783 16464 539
4: -77 -2783 21266 539
1: 77 45619 -18744 539
3: 77 -45619 -18986 539
2: -77 55223 18744 539
4: -77 -55223 18986 539
3: 78 -363 -33614 539
4: -79 -1225 23716 539
1: 81 17787 -17640 539
2: -82 143 -26411 539
3: 84 -207 -41503 539
4: -84 -255 41503 539
4: -84 -363 34300 539
1: 84 1089 -12691 539
1: 84 2277 -15092 539
2: -84 2805 15092 539
4: -84 -7203 18150 539
1: 84 21609 -17061 539
3: 84 -25047 -17493 539
4: -84 -30855 17493 539
1: 86 18865 -16632 539
1: 87 3003 -15092 539
4: -87 -3087 18634 539
3: 88 -131 -52822 539
4: -88 -163 52822 539
1: 88 917 -11319 539
2: -88 1141 11319 539
3: 88 -6419 -17248 539
4: -88 -7987 17248 539
3: 88 -15851 -16807 539
4: -88 -19723 16807 539
1: 88 44933 -16401 539
2: -88 55909 16401 539
4: -89 -18865 16632 539
1: 91 24805 -15778 539
2: -91 31097 15778 539
1: 92 121 21609 539
2: -92 121 -31213 539
4: -93 -2541 17836 539
3: 96 -1155 -18865 539
4: -96 -3267 16807 539
3: 96 -7203 -15730 539
3: 97 -41503 -15078 539
4: -97 -41503 15106 539
1: 98 121 19992 539
2: -98 121 -29596 539
3: 98 -121 -49637 539
4: -98 -121 59241 539
1: 98 319 -1617 539
3: 98 -319 -28028 539
2: -98 407 1617 539
4: -98 -407 28028 539
1: 98 2401 -13068 539
2: -98 2401 12584 539
3: 98 -2401 -16577 539
4: -98 -2401 17061 539
1: 98 3509 -13622 539
3: 98 -3509 -16023 539
2: -98 4477 13622 539
4: -98 -4477 16023 539
1: 98 26411 -14663 539
2: -98 26411 14619 539
3: 98 -26411 -14982 539
4: -98 -26411 15026 539
2: -99 147 -21560 539
1: 99 1029 -10626 539
1: 99 2541 -13034 539
4: -99 -5145 15708 539
1: 99 6321 -14014 539
1: 99 15609 -14406 539
2: -99 19965 14406 539
3: 101 -121 -48020 539
4: -101 -121 57624 539
1: 102 99 26411 539
2: -102 11319 13783 539
1: 103 44737 -14014 539
4: -104 -1715 16940 539
2: -104 1925 11319 539
1: 106 2401 -12100 539
2: -106 2401 11616 539
4: -106 -7139 14406 539
4: -108 -3003 15092 539
3: 108 -11319 -13783 539
4: -108 -48363 13552 539
1: 111 24255 -12936 539
1: 112 2189 -11319 539
2: -112 2893 11319 539
2: -113 4753 11858 539
1: 113 49049 -12782 539
4: -114 -24255 12936 539
4: -118 -833 17787 539
4: -119 -12005 12584 539
3: 119 -23837 -12348 539
4: -119 -32065 12348 539
1: 121 49 55370 539
1: 121 55 48020 539
1: 121 77 30870 539
2: -121 77 -45962 539
3: 121 -77 -54880 539
2: -121 91 -37044 539
4: -121 -91 61054 539
1: 121 125 14406 539
3: 121 -125 -38416 539
2: -121 143 -19208 539
4: -121 -143 43218 539
2: -121 169 -14406 539
4: -121 -169 38416 539
1: 121 175 6860 539
3: 121 -175 -30870 539
1: 121 245 1470 539
3: 121 -245 -25480 539
3: 121 -275 -24010 539
1: 121 343 -2380 539
2: -121 343 -1008 539
3: 121 -343 -21630 539
4: -121 -343 25018 539
1: 121 385 -3430 539
3: 121 -385 -20580 539
1: 121 539 -5880 539
2: -121 539 3724 539
3: 121 -539 -18130 539
4: -121 -539 20286 539
2: -121 637 4998 539
4: -121 -637 19012 539
1: 121 875 -8232 539
3: 121 -875 -15778 539
4: -121 -1001 16464 539
2: -121 1183 8232 539
4: -121 -1183 15778 539
1: 121 1225 -9310 539
3: 121 -1225 -14700 539
1: 121 1375 -9604 539
3: 121 -1375 -14406 539
1: 121 1715 -10080 539
3: 121 -1715 -13930 539
2: -121 1859 9604 539
4: -121 -1859 14406 539
1: 121 1925 -10290 539
3: 121 -1925 -13720 539
1: 121 2401 -10630 539
2: -121 2401 10146 539
3: 121 -2401 -13380 539
4: -121 -2401 13864 539
3: 121 -2695 -13230 539
1: 121 3773 -11130 539
2: -121 3773 10822 539
3: 121 -3773 -12880 539
4: -121 -3773 13188 539
2: -121 4459 11004 539
4: -121 -4459 13006 539
1: 121 6125 -11466 539
3: 121 -6125 -12544 539
2: -121 7007 11368 539
4: -121 -7007 12642 539
2: -121 8281 11466 539
4: -121 -8281 12544 539
1: 121 8575 -11620 539
3: 121 -8575 -12390 539
1: 121 9625 -11662 539
3: 121 -9625 -12348 539
1: 121 12005 -11730 539
3: 121 -12005 -12280 539
2: -121 13013 11662 539
4: -121 -13013 12348 539
1: 121 13475 -11760 539
3: 121 -13475 -12250 539
1: 121 18865 -11830 539
3: 121 -18865 -12180 539
3: 121 -26411 -12130 539
4: -121 -26411 12174 539
2: -121 31213 11862 539
4: -121 -31213 12148 539
1: 121 42875 -11928 539
3: 121 -42875 -12082 539
2: -121 49049 11914 539
4: -121 -49049 12096 539
2: -121 57967 11928 539
4: -121 -57967 12082 539
1: 121 60025 -11950 539
3: 121 -60025 -12060 539
3: 124 -26411 -11836 539
4: -124 -26411 11880 539
1: 126 165 7546 539
2: -126 363 -343 539
3: 126 -429 -18865 539
3: 126 -23595 -11662 539
4: -126 -32307 11662 539
3: 126 -36015 -11616 539
3: 129 -7623 -11662 539
3: 132 -147 -31262 539
3: 132 -363 -19208 539
2: -132 441 1617 539
1: 132 861 -7546 539
2: -132 1089 7203 539
2: -132 1197 7546 539
3: 132 -7203 -11418 539
3: 132 -17787 -11172 539
2: -132 21609 10813 539
1: 132 42189 -10934 539
2: -132 53361 10927 539
2: -132 58653 10934 539
4: -134 -3509 12005 539
1: 136 29645 -10584 539
4: -138 -1029 14399 539
3: 139 -2401 -11616 539
4: -139 -2401 12100 539
4: -139 -29645 10584 539
2: -143 5929 9506 539
2: -143 8477 9702 539
2: -144 2541 8575 539
3: 146 -1925 -11319 539
1: 147 297 -1078 539
4: -147 -363 20286 539
2: -147 429 1078 539
3: 147 -3267 -10682 539
4: -147 -4719 10682 539
4: -147 -7203 10406 539
2: -149 12005 9438 539
1: 154 121 10976 539
2: -154 121 -20580 539
3: 154 -121 -29841 539
4: -154 -121 39445 539
2: -154 605 3430 539
4: -154 -605 15435 539
1: 154 2057 -8232 539
3: 154 -2057 -10633 539
1: 154 2401 -8404 539
2: -154 2401 7920 539
3: 154 -2401 -10461 539
4: -154 -2401 10945 539
2: -154 3025 8232 539
4: -154 -3025 10633 539
2: -154 12005 9130 539
4: -154 -12005 9735 539
1: 154 40817 -9372 539
3: 154 -40817 -9493 539
2: -154 60025 9372 539
4: -154 -60025 9493 539
4: -156 -363 19208 539
1: 156 33957 -9240 539
4: -159 -33957 9240 539
1: 161 121 10290 539
2: -161 121 -19894 539
1: 161 22385 -8918 539
2: -161 33517 8918 539
2: -162 17787 8771 539
3: 168 -363 -14749 539
1: 168 2013 -7546 539
2: -168 3069 7546 539
3: 168 -7203 -8954 539
3: 176 -115 -26411 539
4: -176 -179 26411 539
1: 176 605 -4802 539
3: 176 -1715 -9471 539
3: 176 -5635 -8624 539
4: -176 -8771 8624 539
1: 176 29645 -8183 539
1: 182 21659 -7889 539
2: -182 34243 7889 539
2: -186 63 -41503 539
3: 186 -2541 -8575 539
2: -186 11781 7546 539
3: 187 -343 -13398 539
4: -187 -343 16786 539
1: 187 847 -5488 539
2: -187 847 4116 539
2: -189 7203 7260 539
1: 191 41503 -7560 539
2: -191 41503 7532 539
3: 192 -99 -26411 539
4: -192 -7203 7986 539
2: -192 8349 7203 539
3: 194 -41503 -7532 539
4: -194 -41503 7560 539
3: 196 -55 -40425 539
1: 196 121 7595 539
2: -196 121 -17199 539
3: 196 -275 -14014 539
4: -196 -451 14014 539
1: 196 605 -4410 539
1: 196 2401 -6655 539
2: -196 2401 6171 539
1: 196 3025 -6811 539
2: -196 4961 6811 539
1: 196 12005 -7260 539
3: 196 -26411 -7480 539
4: -196 -26411 7524 539
1: 196 60025 -7381 539
1: 198 147 4851 539
1: 198 363 -2401 539
2: -198 1029 4466 539
2: -198 2541 6174 539
1: 198 5439 -7007 539
2: -198 8967 7007 539
1: 198 13431 -7203 539
2: -198 22143 7203 539
4: -199 -11935 7546 539
3: 202 -121 -21609 539
4: -202 -121 31213 539
2: -202 2303 5929 539
4: -203 -187 22638 539
1: 206 35 41503 539
4: -208 -12947 7203 539
3: 209 -49 -40964 539
3: 209 -847 -8918 539
4: -209 -847 10290 539
2: -209 1813 5390 539
2: -209 31339 6860 539
3: 211 -605 -9604 539
4: -212 -143 26411 539
1: 212 2401 -6171 539
2: -212 2401 5687 539
3: 217 -1859 -7546 539
4: -217 -3223 7546 539
3: 217 -26411 -6754 539
4: -217 -26411 6798 539
1: 222 2499 -5929 539
1: 222 58443 -6517 539
2: -224 605 2058 539
4: -224 -7139 6860 539
3: 231 -363 -10290 539
1: 231 1815 -5488 539
2: -231 3267 5488 539
3: 231 -7203 -6490 539
1: 231 36015 -6248 539
3: 238 -19723 -6174 539
4: -238 -36179 6174 539
3: 239 -14399 -6174 539
1: 242 49 21756 539
2: -242 49 -45472 539
3: 242 -49 -33761 539
4: -242 -49 57477 539
1: 242 77 11662 539
2: -242 77 -26754 539
3: 242 -77 -23667 539
4: -242 -77 38759 539
1: 242 103 7203 539
3: 242 -103 -19208 539
2: -242 191 -7203 539
4: -242 -191 19208 539
1: 242 343 -2037 539
2: -242 343 -1351 539
3: 242 -343 -9968 539
4: -242 -343 13356 539
1: 242 539 -3479 539
2: -242 539 1323 539
3: 242 -539 -8526 539
4: -242 -539 10682 539
1: 242 721 -4116 539
3: 242 -721 -7889 539
1: 242 1133 -4802 539
3: 242 -1133 -7203 539
2: -242 1337 4116 539
4: -242 -1337 7889 539
2: -242 2101 4802 539
4: -242 -2101 7203 539
1: 242 2401 -5436 539
2: -242 2401 4952 539
3: 242 -2401 -6569 539
4: -242 -2401 7053 539
1: 242 3773 -5642 539
2: -242 3773 5334 539
3: 242 -3773 -6363 539
4: -242 -3773 6671 539
1: 242 5047 -5733 539
3: 242 -5047 -6272 539
1: 242 7931 -5831 539
3: 242 -7931 -6174 539
2: -242 9359 5733 539
4: -242 -9359 6272 539
2: -242 14707 5831 539
4: -242 -14707 6174 539
3: 242 -26411 -6054 539
4: -242 -26411 6098 539
1: 242 35329 -5964 539
3: 242 -35329 -6041 539
1: 242 55517 -5978 539
3: 242 -55517 -6027 539
1: 244 55321 -5929 539
1: 246 53361 -5880 539
3: 246 -55125 -5929 539
3: 248 -26411 -5907 539
4: -248 -26411 5951 539
1: 248 49973 -5831 539
4: -249 -53361 5880 539
3: 252 -19239 -5831 539
4: -252 -36663 5831 539
1: 253 121 4802 539
2: -253 121 -14406 539
3: 253 -707 -7546 539
4: -253 -1351 7546 539
2: -254 4235 5145 539
3: 256 -35 -41503 539
4: -259 -12005 5808 539
1: 261 56595 -5544 539
4: -264 -147 21560 539
4: -264 -363 12005 539
2: -264 1365 3773 539
4: -264 -7203 5830 539
4: -264 -17787 5635 539
1: 266 3751 -5145 539
3: 268 -2303 -5929 539
4: -273 -363 11662 539
4: -276 -63 41503 539
3: 278 -2401 -5687 539
4: -278 -2401 6171 539
3: 286 -1715 -5698 539
1: 286 4655 -4851 539
1: 286 5929 -4900 539
2: -286 5929 4704 539
2: -286 9751 4851 539
3: 286 -16093 -5145 539
4: -288 -2499 5929 539
1: 291 5445 -4802 539
1: 294 33 25872 539
4: -294 -45 53361 539
4: -294 -99 26950 539
3: 294 -363 -7742 539
2: -294 495 539 539
2: -294 1089 2940 539
4: -294 -5445 5341 539
2: -294 21609 4840 539
3: 294 -50421 -4961 539
3: 296 -4235 -5145 539
1: 297 7203 -4752 539
1: 297 11253 -4802 539
2: -297 24321 4802 539
3: 301 -55 -22638 539
1: 308 121 3087 539
2: -308 121 -12691 539
1: 308 1573 -4116 539
1: 308 2401 -4323 539
2: -308 2401 3839 539
2: -308 3509 4116 539
1: 308 31213 -4686 539
3: 312 -363 -7203 539
3: 314 -5203 -4802 539
4: -319 -245 12936 539
3: 319 -5929 -4704 539
4: -319 -5929 4900 539
1: 322 121 2744 539
2: -322 121 -12348 539
1: 322 16819 -4459 539
2: -322 39083 4459 539
1: 336 1485 -3773 539
2: -336 3597 3773 539
4: -336 -7203 4598 539
2: -341 931 2156 539
1: 343 19 37268 539
3: 343 -19 -45738 539
2: -343 47 -37268 539
4: -343 -47 45738 539
1: 343 121 2282 539
2: -343 121 -11886 539
3: 343 -121 -10752 539
4: -343 -121 20356 539
1: 343 209 -462 539
3: 343 -209 -8008 539
1: 343 343 -1936 539
2: -343 343 -1452 539
3: 343 -343 -6534 539
4: -343 -343 9922 539
2: -343 517 462 539
4: -343 -517 8008 539
1: 343 2299 -3892 539
3: 343 -2299 -4578 539
1: 343 3773 -4026 539
2: -343 3773 3718 539
3: 343 -3773 -4444 539
4: -343 -3773 4752 539
2: -343 5687 3892 539
4: -343 -5687 4578 539
1: 343 6517 -4114 539
3: 343 -6517 -4356 539
2: -343 16121 4114 539
4: -343 -16121 4356 539
1: 343 41503 -4216 539
2: -343 41503 4188 539
3: 343 -41503 -4254 539
4: -343 -41503 4282 539
1: 347 11011 -4116 539
2: -348 1089 2401 539
2: -351 7203 3872 539
3: 352 -4067 -4312 539
4: -352 -10339 4312 539
4: -353 -2783 4802 539
2: -354 5775 3773 539
2: -357 99 -15092 539
3: 357 -15609 -4116 539
4: -357 -40293 4116 539
1: 363 81 4802 539
4: -363 -147 16758 539
2: -363 213 -4802 539
2: -363 231 -4116 539
1: 363 567 -2744 539
3: 363 -891 -4802 539
4: -363 -1029 5824 539
2: -363 1491 2744 539
2: -363 1617 2842 539
4: -363 -2343 4802 539
1: 363 3969 -3822 539
3: 363 -6237 -4116 539
4: -363 -7203 4262 539
2: -363 10437 3822 539
2: -363 11319 3836 539
4: -363 -16401 4116 539
1: 363 27783 -3976 539
3: 363 -43659 -4018 539
4: -368 -11011 4116 539
1: 371 2401 -3630 539
2: -371 2401 3146 539
3: 374 -343 -5852 539
4: -374 -343 9240 539
1: 374 847 -3087 539
2: -374 847 1715 539
4: -374 -12005 4037 539
2: -374 29645 3822 539
1: 378 7203 -3751 539
1: 382 41503 -3787 539
2: -382 41503 3759 539
3: 384 -7203 -3872 539
3: 388 -41503 -3759 539
4: -388 -41503 3787 539
3: 392 -11 -59829 539
3: 392 -187 -7007 539
3: 392 -26411 -3729 539
2: -394 31213 3630 539
1: 396 1029 -3080 539
1: 396 2541 -3430 539
3: 396 -36015 -3685 539
2: -399 8349 3430 539
4: -407 -91 22638 539
4: -416 -6083 3773 539
3: 418 -49 -14553 539
4: -418 -49 38269 539
3: 418 -847 -4116 539
4: -418 -847 5488 539
1: 421 8575 -3388 539
1: 421 26257 -3430 539
3: 429 -363 -4802 539
1: 429 3381 -3234 539
2: -429 11025 3234 539
4: -429 -38115 3430 539
3: 434 -1177 -3773 539
4: -434 -3905 3773 539
3: 434 -26411 -3366 539
4: -434 -26411 3410 539
3: 441 -15 -35574 539
4: -441 -51 35574 539
1: 441 363 -1960 539
4: -454 -8575 3388 539
1: 462 9 45276 539
1: 462 1089 -2744 539
2: -462 3993 2744 539
4: -462 -7203 3366 539
1: 462 21609 -3124 539
3: 476 -11495 -3087 539
4: -476 -44407 3087 539
3: 484 -7 -58653 539
3: 484 -11 -38416 539
4: -484 -35 47334 539
4: -484 -47 36015 539
1: 484 49 4949 539
2: -484 49 -28665 539
4: -484 -55 31213 539
3: 484 -59 -9604 539
1: 484 77 2058 539
2: -484 77 -17150 539
4: -484 -235 9604 539
2: -484 245 -3332 539
2: -484 329 -1715 539
3: 484 -343 -4137 539
4: -484 -343 7525 539
2: -484 385 -1029 539
1: 484 413 -2058 539
3: 484 -539 -3724 539
4: -484 -539 5880 539
1: 484 649 -2401 539
2: -484 1645 2058 539
4: -484 -1715 3906 539
4: -484 -2303 3675 539
1: 484 2401 -2839 539
2: -484 2401 2355 539
2: -484 2585 2401 539
4: -484 -2695 3577 539
3: 484 -2891 -3136 539
4: -484 -3619 3430 539
1: 484 3773 -2898 539
2: -484 3773 2590 539
3: 484 -4543 -3087 539
4: -484 -11515 3136 539
2: -484 12005 2872 539
2: -484 16121 2905 539
4: -484 -18095 3087 539
2: -484 18865 2919 539
1: 484 20237 -2982 539
2: -484 25333 2940 539
3: 484 -26411 -3016 539
4: -484 -26411 3060 539
1: 484 31801 -2989 539
1: 497 11 30184 539
2: -506 121 -9604 539
4: -506 -1673 3773 539
4: -511 -319 7546 539
2: -512 16093 2744 539
3: 528 -147 -4851 539
3: 528 -7203 -2794 539
1: 528 43197 -2744 539
3: 532 -11 -30184 539
3: 533 -16093 -2744 539
1: 539 121 -294 539
2: -539 121 -9310 539
3: 539 -121 -5096 539
4: -539 -121 14700 539
2: -539 605 294 539
4: -539 -605 5096 539
1: 539 2401 -2574 539
2: -539 2401 2090 539
3: 539 -2401 -2816 539
4: -539 -2401 3300 539
2: -539 12005 2574 539
4: -539 -12005 2816 539
1: 543 21609 -2662 539
3: 546 -363 -3430 539
1: 562 5831 -2541 539
4: -567 -33 45276 539
1: 568 1573 -2401 539
1: 572 5929 -2499 539
2: -572 5929 2303 539
1: 583 2401 -2398 539
2: -583 2401 1914 539
2: -588 33 -39347 539
4: -588 -363 6272 539
4: -588 -7203 2662 539
1: 594 21 7546 539
4: -594 -735 4312 539
1: 594 4719 -2401 539
2: -594 7203 2255 539
2: -594 30855 2401 539
1: 596 12005 -2420 539
2: -602 31 -41503 539
1: 604 49489 -2401 539
3: 606 -49005 -2401 539
1: 616 5 33957 539
2: -616 37 -33957 539
1: 616 605 -2058 539
2: -616 4477 2058 539
1: 616 12005 -2343 539
4: -628 -5831 2541 539
4: -629 -12005 2420 539
4: -637 -649 4312 539
3: 638 -5929 -2303 539
4: -638 -5929 2499 539
3: 642 -1089 -2401 539
1: 644 121 -1029 539
2: -644 121 -8575 539
3: 649 -7 -22638 539
4: -649 -18179 2310 539
3: 672 -3 -41503 539
4: -672 -99 15092 539
3: 672 -7203 -2178 539
1: 686 5 18634 539
3: 686 -5 -22869 539
1: 686 11 7315 539
3: 686 -11 -11550 539
1: 686 55 -231 539
3: 686 -55 -4004 539
2: -686 61 -18634 539
4: -686 -61 22869 539
1: 686 121 -1260 539
2: -686 121 -8344 539
3: 686 -121 -2975 539
4: -686 -121 12579 539
1: 686 343 -1815 539
2: -686 343 -1573 539
3: 686 -343 -2420 539
4: -686 -343 5808 539
1: 686 605 -1946 539
3: 686 -605 -2289 539
2: -686 671 231 539
4: -686 -671 4004 539
1: 686 1715 -2057 539
3: 686 -1715 -2178 539
1: 686 3773 -2090 539
2: -686 3773 1782 539
3: 686 -3773 -2145 539
4: -686 -3773 2453 539
2: -686 7381 1946 539
4: -686 -7381 2289 539
1: 686 18865 -2112 539
3: 686 -18865 -2123 539
2: -686 20923 2057 539
4: -686 -20923 2178 539
1: 686 41503 -2115 539
2: -686 41503 2087 539
3: 686 -41503 -2120 539
4: -686 -41503 2148 539
1: 693 3 30184 539
2: -693 39 -30184 539
2: -693 363 -1372 539
2: -696 43197 2058 539
1: 702 7203 -2057 539
4: -704 -35 37730 539
3: 704 -931 -2156 539
1: 704 16093 -2058 539
3: 707 -121 -2744 539
4: -707 -121 12348 539
3: 714 -3267 -2058 539
4: -714 -52635 2058 539
3: 726 -3 -24010 539
1: 726 15 2401 539
3: 726 -21 -5145 539
2: -726 63 -17493 539
4: -726 -99 14406 539
1: 726 105 -1372 539
3: 726 -147 -2450 539
3: 726 -165 -2401 539
1: 726 231 -1715 539
2: -726 279 -2401 539
2: -726 441 -784 539
1: 726 735 -1911 539
3: 726 -1029 -2065 539
3: 726 -1155 -2058 539
1: 726 1617 -1960 539
2: -726 1953 1372 539
4: -726 -3069 2401 539
2: -726 3087 1603 539
4: -726 -4851 2254 539
1: 726 5145 -1988 539
3: 726 -7203 -2010 539
3: 726 -8085 -2009 539
1: 726 11319 -1995 539
2: -726 13671 1911 539
4: -726 -21483 2058 539
2: -726 21609 1944 539
4: -726 -33957 2037 539
1: 726 36015 -1999 539
1: 742 2401 -1936 539
2: -742 2401 1452 539
3: 748 -343 -2079 539
4: -748 -343 5467 539
4: -759 -1029 3080 539
4: -768 -7203 2057 539
1: 781 1715 -1848 539
2: -784 605 -98 539
2: -784 31213 1815 539
2: -792 1029 693 539
2: -792 2541 1372 539
2: -798 27 -41503 539
2: -804 12705 1715 539
4: -814 -4235 2058 539
4: -814 -12005 1881 539
3: 836 -847 -1715 539
4: -836 -847 3087 539
3: 846 -12705 -1715 539
1: 847 1 -28126 539
3: 847 -1 24696 539
1: 847 11 -4116 539
3: 847 -11 686 539
2: -847 43 -24696 539
4: -847 -43 28126 539
2: -847 473 -686 539
4: -847 -473 4116 539
1: 847 2401 -1726 539
2: -847 2401 1242 539
3: 847 -2401 -1704 539
4: -847 -2401 2188 539
3: 847 -26411 -1714 539
4: -847 -26411 1758 539
2: -854 55 -18865 539
3: 857 -33271 -1694 539
4: -858 -363 4802 539
3: 858 -441 -1617 539
2: -858 14847 1617 539
4: -862 -1573 2401 539
1: 868 1 -41503 539
3: 868 -26411 -1672 539
4: -868 -26411 1716 539
1: 882 3 -17787 539
4: -882 -69 17787 539
2: -882 363 -1421 539
2: -891 17787 1568 539
1: 896 605 -1715 539
3: 924 -3 22638 539
2: -924 45 -22638 539
3: 924 -363 -1372 539
2: -924 5445 1372 539
3: 924 -7203 -1562 539
3: 931 -11 5390 539
2: -946 203 -3773 539
3: 968 -11 7203 539
4: -968 -19 57624 539
1: 968 29 -4802 539
1: 968 77 -2744 539
2: -968 77 -12348 539
2: -968 133 -6517 539
4: -968 -187 7203 539
3: 968 -203 -1029 539
4: -968 -323 4802 539
3: 968 -539 -1323 539
4: -968 -539 3479 539
4: -968 -931 2646 539
2: -968 1309 686 539
1: 968 1421 -1568 539
2: -968 2261 1029 539
1: 968 3773 -1526 539
2: -968 3773 1218 539
2: -968 6517 1337 539
3: 968 -9947 -1491 539
4: -968 -15827 1568 539
3: 968 -26411 -1497 539
4: -968 -26411 1541 539
4: -968 -45619 1524 539
3: 973 -2401 -1452 539
4: -973 -2401 1936 539
4: -979 -175 7546 539
1: 994 11 -11319 539
1: 1012 121 -2401 539
2: -1012 121 -7203 539
2: -1023 63 -15092 539
3: 1023 -2541 -1372 539
1: 1029 9 -15246 539
2: -1029 33 -30030 539
4: -1029 -75 15246 539
3: 1029 -99 -154 539
4: -1029 -165 7700 539
4: -1029 -363 4270 539
2: -1029 825 154 539
4: -1029 -1029 2420 539
1: 1029 1089 -1526 539
2: -1029 1815 840 539
1: 1029 3087 -1452 539
2: -1029 5145 1210 539
4: -1029 -9075 1526 539
2: -1029 11319 1320 539
4: -1029 -25725 1452 539
3: 1029 -33957 -1408 539
4: -1029 -56595 1430 539
4: -1056 -7203 1518 539
3: 1056 -38115 -1372 539
1: 1062 33033 -1372 539
3: 1064 -11 11319 539
3: 1067 -41503 -1358 539
1: 1071 9075 -1372 539
1: 1078 121 -2548 539
2: -1078 121 -7056 539
3: 1078 -121 -147 539
4: -1078 -121 9751 539
1: 1078 2401 -1408 539
3: 1078 -2401 -1287 539
2: -1078 16807 1287 539
4: -1078 -16807 1408 539
4: -1083 -33033 1372 539
4: -1089 -105 10976 539
1: 1089 147 -2352 539
2: -1089 165 -4802 539
3: 1089 -231 -686 539
4: -1089 -483 3430 539
2: -1089 1029 350 539
4: -1089 -1617 1960 539
3: 1089 -2499 -1274 539
1: 1089 3927 -1372 539
2: -1089 16905 1274 539
4: -1089 -26565 1372 539
4: -1089 -36015 1362 539
2: -1089 56595 1316 539
4: -1092 -363 4116 539
4: -1111 -121 9604 539
3: 1122 -3 52822 539
2: -1122 1323 539 539
1: 1127 121 -2646 539
2: -1127 121 -6958 539
3: 1134 -33 3773 539
4: -1144 -1715 1848 539
1: 1166 2401 -1320 539
2: -1166 2401 836 539
3: 1176 -3 59290 539
3: 1176 -363 -735 539
3: 1176 -7203 -1210 539
4: -1177 -19 52822 539
2: -1188 21 -45276 539
4: -1204 -55 18865 539
1: 1218 1089 -1372 539
3: 1232 -1331 -1029 539
2: -1232 6413 1029 539
1: 1243 7 -30184 539
1: 1274 209 -2156 539
4: -1274 -935 2156 539
3: 1287 -4263 -1078 539
2: -1287 18669 1078 539
3: 1298 -7 30184 539
4: -1309 -12005 1188 539
4: -1323 -87 11858 539
2: -1323 7203 968 539
1: 1331 2695 -1176 539
4: -1344 -7203 1210 539
4: -1353 -21 45276 539
2: -1354 21175 1029 539
3: 1372 -11 20636 539
3: 1372 -23 9317 539
2: -1372 89 -9317 539
1: 1372 121 -3031 539
2: -1372 121 -6573 539
1: 1372 253 -2002 539
3: 1372 -343 -363 539
4: -1372 -343 3751 539
4: -1372 -979 2002 539
3: 1372 -2783 -973 539
1: 1372 3773 -1122 539
2: -1372 3773 814 539
1: 1372 7889 -1089 539
2: -1372 10769 973 539
4: -1372 -30527 1089 539
3: 1372 -41503 -1053 539
4: -1372 -41503 1081 539
3: 1386 -15 15092 539
2: -1386 57 -15092 539
1: 1386 363 -1715 539
3: 1396 -21175 -1029 539
1: 1408 5341 -1078 539
4: -1408 -19747 1078 539
3: 1414 -121 1029 539
4: -1414 -121 8575 539
2: -1421 16807 968 539
1: 1428 21417 -1029 539
3: 1452 -63 3087 539
4: -1452 -147 7154 539
1: 1452 693 -1372 539
3: 1452 -819 -686 539
2: -1452 1617 441 539
2: -1452 2877 686 539
3: 1452 -3087 -917 539
4: -1452 -7203 1126 539
1: 1452 9009 -1029 539
4: -1452 -31647 1029 539
1: 1452 33957 -1008 539
3: 1452 -40131 -994 539
1: 1484 2401 -1089 539
2: -1484 2401 605 539
1: 1496 29645 -980 539
4: -1518 -63 15092 539
3: 1518 -1029 -693 539
3: 1519 -26411 -946 539
4: -1519 -26411 990 539
4: -1526 -55223 968 539
3: 1529 -2401 -836 539
4: -1529 -2401 1320 539
4: -1529 -29645 980 539
3: 1562 -46991 -924 539
3: 1573 -77 2744 539
4: -1573 -77 12348 539
3: 1573 -6811 -882 539
2: -1573 21217 882 539
1: 1584 2541 -1029 539
2: -1612 16121 847 539
3: 1617 -363 -98 539
2: -1617 1089 98 539
3: 1617 -7203 -858 539
2: -1617 21609 858 539
2: -1639 12005 814 539
2: -1652 4477 686 539
3: 1678 -16121 -847 539
1: 1694 11 -28469 539
3: 1694 -11 26754 539
1: 1694 23 -14063 539
3: 1694 -23 12348 539
2: -1694 55 -14749 539
4: -1694 -55 16464 539
2: -1694 65 -12348 539
4: -1694 -65 14063 539
2: -1694 143 -5145 539
4: -1694 -143 6860 539
1: 1694 253 -2058 539
3: 1694 -253 343 539
2: -1694 715 -343 539
4: -1694 -715 2058 539
1: 1694 2401 -984 539
2: -1694 2401 500 539
3: 1694 -2401 -731 539
4: -1694 -2401 1215 539
2: -1694 12005 786 539
4: -1694 -12005 929 539
3: 1694 -26411 -846 539
4: -1694 -26411 890 539
2: -1694 31213 830 539
4: -1694 -31213 885 539
1: 1694 55223 -863 539
3: 1694 -55223 -852 539
3: 1701 -1815 -686 539
1: 1716 105 -3773 539
3: 1736 -26411 -825 539
4: -1736 -26411 869 539
1: 1752 17493 -847 539
2: -1764 165 -4312 539
1: 1771 121 -3430 539
2: -1771 121 -6174 539
1: 1782 17787 -833 539
4: -1818 -17493 847 539
3: 1826 -12691 -770 539
3: 1848 -27 11319 539
2: -1848 69 -11319 539
4: -1848 -363 3087 539
3: 1848 -3267 -686 539
4: -1848 -7203 902 539
2: -1848 8349 686 539
3: 1862 -11 29106 539
4: -1904 -275 3773 539
4: -1911 -363 3038 539
3: 1936 -35 8918 539
1: 1936 77 -5145 539
2: -1936 77 -9947 539
1: 1936 205 -2401 539
4: -1936 -499 2401 539
3: 1936 -1715 -553 539
1: 1936 3773 -840 539
2: -1936 3773 532 539
1: 1936 10045 -784 539
3: 1936 -22099 -735 539
4: -1936 -24451 784 539
3: 1946 -2401 -605 539
4: -1946 -2401 1089 539
2: -2013 22869 686 539
3: 2024 -11011 -686 539
4: -2046 -2541 1029 539
4: -2051 -45619 726 539
3: 2057 -343 322 539
4: -2057 -343 3066 539
3: 2057 -17479 -686 539
2: -2057 40117 686 539
1: 2058 33 -11396 539
1: 2058 51 -7623 539
2: -2058 99 -7469 539
4: -2058 -117 7623 539
3: 2058 -363 266 539
3: 2058 -561 -77 539
3: 2058 -1029 -363 539
4: -2058 -1089 1449 539
2: -2058 1287 77 539
4: -2058 -3087 968 539
1: 2058 6171 -763 539
1: 2058 11319 -737 539
4: -2058 -14157 763 539
1: 2058 17493 -726 539
2: -2058 33957 682 539
4: -2058 -40131 726 539
1: 2079 7203 -748 539
1: 2086 12005 -726 539
3: 2093 -44407 -686 539
1: 2101 41503 -700 539
2: -2101 41503 672 539
3: 2112 -7203 -638 539
3: 2134 -41503 -672 539
4: -2134 -41503 700 539
1: 2142 46101 -686 539
1: 2156 121 -3675 539
1: 2156 605 -1274 539
4: -2156 -1331 1274 539
1: 2156 2401 -825 539
2: -2156 2401 341 539
1: 2156 12005 -704 539
1: 2167 31213 -682 539
2: -2178 147 -4753 539
4: -2178 -231 4116 539
1: 2178 1029 -1022 539
3: 2178 -1617 -441 539
3: 2178 -12201 -637 539
1: 2178 19173 -686 539
2: -2178 26607 637 539
4: -2178 -41811 686 539
3: 2184 -363 343 539
1: 2211 12705 -686 539
3: 2222 -121 2401 539
4: -2222 -121 7203 539
4: -2222 -24563 686 539
4: -2247 -1089 1372 539
1: 2254 121 -3724 539
2: -2254 121 -5880 539
1: 2266 35 -11319 539
3: 2299 -11 33614 539
3: 2299 -49 7056 539
4: -2299 -49 16660 539
3: 2299 -3773 -532 539
4: -2299 -3773 840 539
2: -2299 5537 490 539
1: 2332 2401 -781 539
2: -2332 2401 297 539
3: 2352 -99 3234 539
4: -2352 -7203 726 539
1: 2376 21 -18865 539
1: 2387 4961 -686 539
4: -2387 -10043 686 539
1: 2401 7 -55660 539
3: 2401 -7 54450 539
1: 2401 11 -35640 539
3: 2401 -11 34430 539
1: 2401 13 -30250 539
3: 2401 -13 29040 539
1: 2401 35 -11616 539
3: 2401 -35 10406 539
3: 2401 -49 7260 539
4: -2401 -49 16456 539
1: 2401 55 -7612 539
3: 2401 -55 6402 539
1: 2401 65 -6534 539
3: 2401 -65 5324 539
1: 2401 77 -5610 539
2: -2401 77 -9482 539
3: 2401 -77 4400 539
4: -2401 -77 10692 539
1: 2401 91 -4840 539
3: 2401 -91 3630 539
1: 2401 121 -3790 539
2: -2401 121 -5814 539
3: 2401 -121 2580 539
4: -2401 -121 7024 539
2: -2401 131 -5324 539
4: -2401 -131 6534 539
1: 2401 143 -3300 539
3: 2401 -143 2090 539
1: 2401 245 -2178 539
3: 2401 -245 968 539
1: 2401 385 -1606 539
3: 2401 -385 396 539
1: 2401 455 -1452 539
3: 2401 -455 242 539
1: 2401 539 -1320 539
2: -2401 539 -836 539
3: 2401 -539 110 539
4: -2401 -539 2046 539
1: 2401 605 -1242 539
3: 2401 -605 32 539
1: 2401 637 -1210 539
1: 2401 715 -1144 539
3: 2401 -715 -66 539
1: 2401 847 -1060 539
2: -2401 847 -312 539
3: 2401 -847 -150 539
4: -2401 -847 1522 539
2: -2401 917 -242 539
4: -2401 -917 1452 539
1: 2401 1001 -990 539
3: 2401 -1001 -220 539
2: -2401 1441 66 539
4: -2401 -1441 1144 539
1: 2401 1573 -850 539
3: 2401 -1573 -360 539
1: 2401 2695 -748 539
1: 2401 3185 -726 539
3: 2401 -3185 -484 539
1: 2401 4235 -696 539
3: 2401 -4235 -514 539
1: 2401 5005 -682 539
3: 2401 -5005 -528 539
1: 2401 5929 -670 539
2: -2401 5929 474 539
3: 2401 -5929 -540 539
4: -2401 -5929 736 539
2: -2401 6419 484 539
4: -2401 -6419 726 539
1: 2401 7007 -660 539
3: 2401 -7007 -550 539
1: 2401 7865 -654 539
3: 2401 -7865 -556 539
2: -2401 10087 528 539
4: -2401 -10087 682 539
1: 2401 11011 -640 539
3: 2401 -11011 -570 539
2: -2401 15851 556 539
4: -2401 -15851 654 539
1: 2401 29645 -618 539
3: 2401 -29645 -592 539
3: 2401 -35035 -594 539
1: 2401 55055 -612 539
3: 2401 -55055 -598 539
2: -2457 7203 484 539
2: -2464 605 -686 539
1: 2486 7 -56595 539
1: 2534 3509 -686 539
1: 2541 9 -44590 539
3: 2541 -45 8232 539
2: -2541 87 -8232 539
3: 2541 -99 3430 539
1: 2541 495 -1372 539
4: -2541 -957 1372 539
4: -2541 -7203 678 539
1: 2541 21609 -590 539
1: 2548 781 -1078 539
4: -2548 -1507 1078 539
3: 2574 -15729 -539 539
2: -2574 30135 539 539
4: -2583 -6171 686 539
3: 2596 -7 56595 539
1: 2597 2401 -726 539
2: -2597 2401 242 539
1: 2646 75 -5929 539
4: -2646 -141 5929 539
1: 2646 7203 -605 539
3: 2688 -7203 -484 539
3: 2706 -21 18865 539
1: 2706 5145 -616 539
3: 2744 -11 36729 539
2: -2744 29 -25410 539
2: -2744 605 -714 539
1: 2744 869 -1001 539
4: -2744 -1595 1001 539
4: -2744 -1715 968 539
2: -2744 3509 315 539
1: 2744 3773 -638 539
2: -2744 3773 330 539
4: -2744 -9947 605 539
3: 2772 -51 7546 539
2: -2772 93 -7546 539
1: 2783 2513 -686 539
4: -2783 -4571 686 539
2: -2794 4235 343 539
3: 2816 -35 11319 539
1: 2816 17885 -539 539
4: -2816 -32291 539 539
4: -2849 -12005 572 539
3: 2882 -9947 -462 539
3: 2904 -147 2352 539
2: -2904 189 -3430 539
3: 2904 -2667 -343 539
2: -2904 4725 343 539
3: 2904 -7203 -442 539
2: -2904 9261 420 539
4: -2954 -605 1715 539
2: -2989 55 -12936 539
3: 3003 -363 686 539
4: -3038 -26411 506 539
1: 3046 60025 -484 539
3: 3058 -2401 -297 539
4: -3058 -2401 781 539
4: -3069 -5145 616 539
4: -3079 -60025 484 539
1: 3087 93 -5082 539
4: -3087 -159 5082 539
1: 3087 363 -1652 539
2: -3087 1029 -242 539
1: 3087 31899 -484 539
4: -3087 -54537 484 539
2: -3102 3087 231 539
1: 3136 605 -1176 539
3: 3146 -25 16807 539
3: 3146 -77 5145 539
4: -3146 -77 9947 539
1: 3146 833 -980 539
3: 3146 -1715 -210 539
1: 3146 1925 -686 539
3: 3146 -20825 -441 539
2: -3146 35231 441 539
1: 3157 61 -7546 539
4: -3157 -103 7546 539
3: 3234 -9 47971 539
2: -3234 15 -47971 539
4: -3234 -363 2450 539
3: 3234 -1089 -49 539
2: -3234 1815 49 539
4: -3234 -7203 550 539
3: 3234 -21609 -429 539
2: -3234 36015 429 539
3: 3256 -4235 -343 539
1: 3267 21 -21266 539
2: -3267 399 -1372 539
4: -3267 -3003 686 539
2: -3267 7203 344 539
3: 3267 -11319 -406 539
3: 3366 -105 3773 539
4: -3366 -23667 462 539
3: 3388 -11 39788 539
3: 3388 -67 6174 539
2: -3388 109 -6174 539
1: 3388 737 -1029 539
4: -3388 -1199 1029 539
1: 3388 2401 -613 539
2: -3388 2401 129 539
3: 3388 -26411 -412 539
4: -3388 -26411 456 539
4: -3432 -363 2401 539
2: -3476 6517 308 539
1: 3479 11 -40964 539
4: -3509 -245 3332 539
1: 3542 121 -4116 539
2: -3542 121 -5488 539
3: 3626 -12005 -363 539
3: 3696 -7203 -330 539
3: 3696 -9075 -343 539
2: -3696 14157 343 539
3: 3724 -11 40964 539
3: 3724 -16807 -363 539
3: 3751 -26411 -370 539
4: -3751 -26411 414 539
2: -3773 17 -41118 539
4: -3773 -17 41888 539
2: -3773 121 -5446 539
4: -3773 -121 6216 539
1: 3773 343 -1716 539
2: -3773 343 -1672 539
3: 3773 -343 946 539
4: -3773 -343 2442 539
1: 3773 1331 -728 539
3: 3773 -1331 -42 539
2: -3773 2057 42 539
4: -3773 -2057 728 539
2: -3773 5831 264 539
4: -3773 -5831 506 539
2: -3773 41503 368 539
4: -3773 -41503 402 539
3: 3822 -363 882 539
3: 3828 -3087 -231 539
3: 3839 -6517 -308 539
1: 3861 7203 -440 539
2: -3872 253 -2401 539
4: -3872 -259 3087 539
1: 3872 3773 -497 539
2: -3872 3773 189 539
1: 3872 27293 -392 539
4: -3872 -41699 392 539
4: -3894 -58653 385 539
4: -3969 -33 21560 539
1: 3993 33 -14406 539
4: -3993 -693 1372 539
1: 4081 2401 -550 539
2: -4081 2401 66 539
2: -4104 63525 343 539
3: 4114 -343 1008 539
4: -4114 -343 2380 539
4: -4114 -12005 411 539
3: 4114 -46277 -343 539
3: 4116 -27 16940 539
2: -4116 33 -20713 539
1: 4116 297 -1925 539
4: -4116 -363 2268 539
3: 4116 -3267 -210 539
1: 4116 46305 -363 539
1: 4132 40817 -363 539
4: -4136 -203 3773 539
3: 4146 -63525 -343 539
2: -4158 7203 253 539
4: -4198 -40817 363 539
1: 4202 41503 -357 539
2: -4202 41503 329 539
4: -4214 -55 12936 539
4: -4224 -7203 440 539
2: -4263 1089 -294 539
2: -4268 13 -52822 539
4: -4268 -3479 539 539
3: 4268 -41503 -329 539
4: -4268 -41503 357 539
1: 4312 13 -36652 539
4: -4312 -19 36652 539
1: 4312 1573 -637 539
4: -4312 -2299 637 539
1: 4312 31213 -352 539
4: -4312 -45619 352 539
1: 4323 9 -52822 539
3: 4356 -15 31213 539
3: 4356 -231 1715 539
2: -4356 1029 -336 539
1: 4356 8085 -392 539
1: 4356 49665 -343 539
1: 4459 1639 -616 539
4: -4459 -1715 726 539
4: -4459 -2365 616 539
3: 4477 -1127 98 539
3: 4477 -15631 -294 539
1: 4508 121 -4263 539
2: -4508 121 -5341 539
4: -4508 -16807 363 539
3: 4598 -11 43218 539
4: -4598 -11 62426 539
3: 4598 -49 9457 539
4: -4598 -49 14259 539
3: 4598 -3773 -189 539
4: -4598 -3773 497 539
3: 4704 -7203 -242 539
2: -4719 105 -6174 539
3: 4719 -441 784 539
4: -4719 -8085 392 539
1: 4719 33957 -322 539
3: 4719 -34839 -294 539
2: -4719 49245 294 539
1: 4774 12463 -343 539
4: -4774 -17545 343 539
1: 4802 11 -44231 539
2: -4802 11 -61413 539
3: 4802 -11 43626 539
4: -4802 -11 62018 539
3: 4802 -49 9559 539
4: -4802 -49 14157 539
1: 4802 77 -6578 539
2: -4802 77 -8514 539
3: 4802 -77 5973 539
4: -4802 -77 9119 539
1: 4802 121 -4296 539
2: -4802 121 -5308 539
3: 4802 -121 3691 539
4: -4802 -121 5913 539
1: 4802 163 -3267 539
3: 4802 -163 2662 539
2: -4802 229 -2662 539
4: -4802 -229 3267 539
1: 4802 539 -1199 539
2: -4802 539 -957 539
3: 4802 -539 594 539
4: -4802 -539 1562 539
1: 4802 847 -873 539
2: -4802 847 -499 539
3: 4802 -847 268 539
4: -4802 -847 1104 539
1: 4802 1141 -726 539
3: 4802 -1141 121 539
2: -4802 1603 -121 539
4: -4802 -1603 726 539
1: 4802 1793 -572 539
3: 4802 -1793 -33 539
2: -4802 2519 33 539
4: -4802 -2519 572 539
1: 4802 5929 -384 539
2: -4802 5929 188 539
3: 4802 -5929 -221 539
4: -4802 -5929 417 539
1: 4802 7987 -363 539
3: 4802 -7987 -242 539
2: -4802 11221 242 539
4: -4802 -11221 363 539
1: 4802 12551 -341 539
3: 4802 -12551 -264 539
2: -4802 17633 264 539
4: -4802 -17633 341 539
1: 4802 19723 -327 539
3: 4802 -19723 -278 539
2: -4802 27709 278 539
4: -4802 -27709 327 539
2: -4851 363 -1568 539
3: 4851 -36015 -286 539
2: -4851 50421 286 539
1: 4914 7203 -363 539
3: 4949 -121 3724 539
4: -4949 -121 5880 539
2: -5082 99 -6517 539
3: 5082 -111 4116 539
2: -5082 153 -4116 539
1: 5082 1221 -686 539
4: -5082 -1683 686 539
3: 5082 -7203 -218 539
4: -5082 -21609 317 539
4: -5096 -2651 539 539
1: 5194 2401 -484 539
1: 5214 7623 -343 539
4: -5243 -19 35574 539
1: 5341 22385 -294 539
4: -5341 -30371 294 539
4: -5376 -7203 363 539
4: -5439 -165 4312 539
1: 5488 3773 -396 539
2: -5488 3773 88 539
2: -5516 31213 242 539
3: 5544 -123 3773 539
3: 5566 -385 1029 539
1: 5566 6055 -343 539
4: -5566 -8113 343 539
2: -5566 10241 196 539
4: -5676 -7623 343 539
3: 5808 -99 4802 539
4: -5808 -147 4753 539
3: 5808 -4851 -147 539
4: -5808 -7203 342 539
3: 5831 -343 1210 539
4: -5831 -343 2178 539
1: 5831 4961 -350 539
1: 5929 11 -45864 539
2: -5929 11 -59780 539
3: 5929 -11 45374 539
4: -5929 -11 60270 539
1: 5929 19 -26656 539
3: 5929 -19 26166 539
2: -5929 25 -26166 539
4: -5929 -25 26656 539
2: -5929 55 -11760 539
4: -5929 -55 12250 539
1: 5929 209 -2646 539
4: -5929 -275 2646 539
1: 5929 2401 -454 539
2: -5929 2401 -30 539
3: 5929 -2401 -36 539
4: -5929 -2401 520 539
2: -5929 12005 190 539
4: -5929 -12005 300 539
3: 5929 -26411 -226 539
4: -5929 -26411 270 539
1: 5929 45619 -256 539
3: 5929 -45619 -234 539
2: -5929 60025 234 539
4: -5929 -60025 256 539
1: 6006 27 -18865 539
4: -6006 -363 2058 539
3: 6076 -26411 -220 539
4: -6076 -26411 264 539
3: 6171 -3675 -98 539
1: 6171 11319 -280 539
4: -6174 -15 44044 539
1: 6174 219 -2541 539
4: -6174 -285 2541 539
2: -6174 363 -1575 539
1: 6174 1029 -726 539
4: -6174 -5145 363 539
2: -6174 6897 140 539
4: -6314 -185 3773 539
4: -6413 -143 4802 539
1: 6413 2401 -438 539
2: -6413 2401 -46 539
3: 6468 -363 1176 539
4: -6489 -36015 242 539
3: 6517 -11 46046 539
4: -6517 -11 59598 539
3: 6517 -3773 -88 539
4: -6517 -3773 396 539
2: -6534 21 -30870 539
2: -6534 1155 -343 539
1: 6534 7203 -293 539
4: -6534 -11319 280 539
1: 6556 12005 -264 539
1: 6699 1089 -686 539
3: 6776 -11 46305 539
4: -6776 -11 59339 539
3: 6776 -155 3087 539
2: -6776 197 -3087 539
1: 6776 341 -1715 539
1: 6776 12005 -257 539
3: 6776 -26411 -195 539
4: -6776 -26411 239 539
4: -6811 -2401 484 539
2: -6811 37631 196 539
1: 6897 27 -19208 539
1: 6897 9261 -266 539
4: -6919 -12005 264 539
1: 6958 11 -46893 539
2: -6958 11 -58751 539
1: 7007 2783 -392 539
4: -7007 -3509 392 539
3: 7007 -55223 -198 539
1: 7084 121 -4459 539
2: -7084 121 -5145 539
4: -7139 -833 980 539
3: 7203 -9 57112 539
4: -7203 -21 30976 539
2: -7203 33 -19382 539
3: 7203 -63 7986 539
1: 7203 99 -5412 539
4: -7203 -147 4598 539
2: -7203 231 -2596 539
1: 7203 261 -2178 539
4: -7203 -327 2178 539
4: -7203 -363 1982 539
3: 7203 -441 968 539
1: 7203 693 -946 539
3: 7203 -1089 272 539
2: -7203 1617 -198 539
1: 7203 1827 -484 539
4: -7203 -2289 484 539
4: -7203 -2541 456 539
3: 7203 -2871 -22 539
2: -7203 3597 22 539
3: 7203 -7623 -134 539
1: 7203 12789 -242 539
4: -7203 -16023 242 539
3: 7203 -20097 -176 539
2: -7203 25179 176 539
1: 7203 31581 -218 539
4: -7203 -39567 218 539
3: 7203 -53361 -192 539
4: -7238 -1331 686 539
1: 7301 12005 -242 539
1: 7381 55 -9604 539
4: -7392 -7203 286 539
3: 7448 -11 46893 539
4: -7448 -11 58751 539
3: 7502 -26411 -174 539
4: -7502 -26411 218 539
1: 7546 25 -20944 539
3: 7546 -25 20559 539
2: -7546 31 -20559 539
4: -7546 -31 20944 539
1: 7546 121 -4480 539
2: -7546 121 -5124 539
3: 7546 -121 4095 539
4: -7546 -121 5509 539
1: 7546 343 -1705 539
2: -7546 343 -1683 539
3: 7546 -343 1320 539
4: -7546 -343 2068 539
1: 7546 605 -1050 539
3: 7546 -605 665 539
1: 7546 1715 -495 539
3: 7546 -1715 110 539
1: 7546 3025 -364 539
3: 7546 -3025 -21 539
2: -7546 3751 21 539
4: -7546 -3751 364 539
1: 7546 8575 -253 539
3: 7546 -8575 -132 539
2: -7546 10633 132 539
4: -7546 -10633 253 539
1: 7546 41503 -205 539
2: -7546 41503 177 539
3: 7546 -41503 -180 539
4: -7546 -41503 208 539
3: 7623 -177 2744 539
2: -7623 219 -2744 539
4: -7644 -363 1960 539
2: -7722 7203 99 539
4: -7744 -35 18522 539
1: 7744 61789 -196 539
3: 7777 -121 4116 539
4: -7777 -121 5488 539
3: 7889 -17 30492 539
1: 7889 121 -4494 539
2: -7889 121 -5110 539
3: 7938 -33 15631 539
2: -7986 33 -19208 539
1: 8162 2401 -396 539
2: -8162 2401 -88 539
3: 8228 -71 7203 539
1: 8228 133 -4116 539
3: 8228 -343 1351 539
4: -8228 -343 2037 539
4: -8232 -99 6622 539
3: 8232 -363 1267 539
2: -8281 53 -11858 539
2: -8283 29841 154 539
2: -8344 12005 121 539
4: -8349 -63 10290 539
3: 8349 -1029 336 539
3: 8448 -7203 -99 539
1: 8526 45 -11858 539
1: 8591 11 -48020 539
2: -8591 11 -57624 539
1: 8591 1715 -476 539
1: 8596 3025 -343 539
1: 8624 29 -18326 539
2: -8624 605 -882 539
1: 8712 1029 -679 539
3: 8806 -12005 -121 539
1: 8918 3641 -308 539
4: -8918 -4367 308 539
4: -8954 -12005 215 539
1: 9163 31 -17248 539
4: -9163 -37 17248 539
3: 9196 -11 48020 539
4: -9196 -11 57624 539
2: -9196 749 -686 539
2: -9196 57673 147 539
1: 9261 345 -1694 539
4: -9261 -411 1694 539
3: 9261 -11319 -110 539
4: -9408 -7203 242 539
3: 9604 -11 48224 539
4: -9604 -11 57420 539
2: -9604 17 -36905 539
2: -9604 25 -25047 539
4: -9604 -35 18150 539
4: -9604 -55 11605 539
1: 9604 77 -7062 539
2: -9604 77 -8030 539
2: -9604 85 -7260 539
4: -9604 -119 5445 539
1: 9604 121 -4549 539
2: -9604 121 -5055 539
4: -9604 -175 3751 539
4: -9604 -187 3520 539
2: -9604 245 -2420 539
4: -9604 -275 2442 539
3: 9604 -359 1331 539
2: -9604 385 -1485 539
2: -9604 425 -1331 539
3: 9604 -539 836 539
4: -9604 -539 1320 539
4: -9604 -595 1210 539
2: -9604 605 -890 539
2: -9604 833 -605 539
3: 9604 -847 477 539
4: -9604 -847 895 539
4: -9604 -935 825 539
2: -9604 1225 -363 539
2: -9604 1309 -330 539
2: -9604 1925 -176 539
2: -9604 2057 -155 539
1: 9604 2513 -363 539
4: -9604 -2975 363 539
2: -9604 3025 -57 539
1: 9604 3949 -286 539
4: -9604 -4235 300 539
4: -9604 -4675 286 539
1: 9604 5929 -241 539
2: -9604 5929 45 539
2: -9604 6545 55 539
4: -9604 -9163 220 539
2: -9604 10285 90 539
4: -9604 -13475 198 539
4: -9604 -14399 195 539
3: 9604 -17591 -121 539
2: -9604 20825 121 539
4: -9604 -21175 181 539
3: 9604 -27643 -132 539
2: -9604 29645 130 539
2: -9604 32725 132 539
3: 9604 -43439 -139 539
4: -9604 -45815 165 539
2: -9604 51425 139 539
4: -9801 -33 19208 539
1: 9856 605 -1029 539
3: 9898 -121 4263 539
4: -9898 -121 5341 539
2: -10032 9261 77 539
1: 10043 3577 -294 539
3: 10164 -243 2058 539
2: -10164 285 -2058 539
1: 10164 2673 -343 539
4: -10164 -3135 343 539
4: -10164 -7203 230 539
3: 10241 -16807 -110 539
4: -10339 -605 1176 539
1: 10388 2401 -363 539
2: -10388 2401 -121 539
3: 10406 -55 9604 539
1: 10406 18865 -168 539
3: 10527 -651 686 539
4: -10582 -37387 154 539
4: -10654 -3025 343 539
1: 10682 48763 -147 539
3: 10703 -2401 88 539
4: -10703 -2401 396 539
3: 10758 -9261 -77 539
4: -10769 -18865 168 539
2: -10794 15 -41503 539
1: 10864 13 -41503 539
1: 10976 605 -1022 539
1: 10976 3773 -275 539
2: -10976 3773 -33 539
2: -10976 4477 -7 539
1: 11011 53 -10290 539
3: 11319 -39 13706 539
2: -11319 45 -13706 539
3: 11319 -363 1358 539
3: 11319 -1029 396 539
4: -11319 -1089 700 539
4: -11319 -3087 330 539
3: 11319 -4719 -14 539
2: -11319 5445 14 539
3: 11319 -13377 -88 539
2: -11319 15435 88 539
3: 11616 -1155 343 539
3: 11616 -7203 -50 539
3: 11662 -343 1452 539
4: -11662 -343 1936 539
3: 11774 -13 41503 539
4: -11844 -15 41503 539
1: 11858 11 -49343 539
2: -11858 11 -56301 539
3: 11858 -11 49098 539
4: -11858 -11 56546 539
1: 11858 41 -13328 539
3: 11858 -41 13083 539
2: -11858 47 -13083 539
4: -11858 -47 13328 539
1: 11858 451 -1323 539
4: -11858 -517 1323 539
1: 11858 2401 -348 539
2: -11858 2401 -136 539
3: 11858 -2401 103 539
4: -11858 -2401 381 539
3: 11858 -26411 -102 539
4: -11858 -26411 146 539
3: 12012 -363 1372 539
3: 12152 -26411 -99 539
4: -12152 -26411 143 539
2: -12342 11319 63 539
2: -12348 1029 -484 539
1: 12397 121 -4606 539
2: -12397 121 -4998 539
4: -12584 -1715 476 539
4: -12826 -37 16807 539
1: 12826 2401 -340 539
2: -12826 2401 -144 539
4: -12936 -363 1813 539
4: -12936 -7203 198 539
3: 13034 -11 49434 539
4: -13034 -11 56210 539
2: -13034 1243 -385 539
3: 13034 -3773 33 539
4: -13034 -3773 275 539
1: 13068 21 -26068 539
4: -13068 -87 7203 539
3: 13068 -11319 -63 539
2: -13068 46893 98 539
1: 13377 27 -20328 539
4: -13377 -363 1806 539
1: 13431 945 -686 539
3: 13622 -2401 121 539
4: -13622 -2401 363 539
3: 13622 -63283 -98 539
4: -13794 -315 2058 539
4: -14014 -6655 196 539
2: -14112 957 -539 539
3: 14308 -319 1617 539
4: -14399 -12005 152 539
1: 14406 15 -36663 539
3: 14406 -21 26015 539
2: -14406 27 -22627 539
1: 14406 33 -16720 539
1: 14406 105 -5324 539
3: 14406 -111 4840 539
3: 14406 -147 3630 539
3: 14406 -165 3223 539
2: -14406 189 -3146 539
1: 14406 231 -2475 539
4: -14406 -297 2167 539
3: 14406 -363 1410 539
1: 14406 555 -1089 539
4: -14406 -621 1089 539
3: 14406 -777 605 539
3: 14406 -1155 374 539
1: 14406 1221 -550 539
2: -14406 1323 -363 539
1: 14406 1617 -440 539
1: 14406 1815 -403 539
4: -14406 -2079 396 539
3: 14406 -2541 115 539
2: -14406 3267 -87 539
1: 14406 3885 -242 539
4: -14406 -4347 242 539
3: 14406 -6105 -11 539
2: -14406 6831 11 539
3: 14406 -8085 -33 539
1: 14406 8547 -165 539
1: 14406 12705 -144 539
3: 14406 -13431 -60 539
4: -14406 -14553 143 539
2: -14406 22869 74 539
1: 14406 27195 -121 539
4: -14406 -30429 121 539
3: 14406 -42735 -88 539
2: -14406 47817 88 539
1: 14406 59829 -110 539
1: 14553 7203 -176 539
1: 14641 26411 -120 539
2: -14641 26411 76 539
4: -14749 -55 11242 539
2: -14749 18865 66 539
4: -14762 -1043 686 539
3: 14784 -7203 -22 539
3: 14883 -21 26068 539
2: -15004 125 -4802 539
1: 15004 2233 -343 539
3: 15004 -26411 -76 539
4: -15004 -26411 120 539
1: 15092 53 -10472 539
4: -15092 -59 10472 539
1: 15092 121 -4641 539
2: -15092 121 -4963 539
3: 15092 -343 1507 539
4: -15092 -343 1881 539
1: 15092 6413 -182 539
4: -15092 -7139 182 539
3: 15092 -18179 -66 539
2: -15092 20237 66 539
3: 15092 -41503 -83 539
4: -15092 -41503 111 539
1: 15204 21609 -121 539
1: 15246 165 -3430 539
3: 15246 -375 1372 539
2: -15246 417 -1372 539
3: 15246 -36015 -80 539
3: 15288 -363 1421 539
4: -15484 -11495 147 539
3: 15554 -121 4459 539
4: -15554 -121 5145 539
1: 15609 117 -4802 539
4: -15666 -21609 121 539
1: 15778 121 -4648 539
2: -15778 121 -4956 539
1: 15778 5687 -189 539
1: 15972 33 -16807 539
2: -15972 14553 49 539
3: 16093 -11 50078 539
4: -16093 -11 55566 539
1: 16324 2401 -319 539
2: -16324 2401 -165 539
2: -16464 141 -4235 539
4: -16464 -56595 99 539
2: -16522 23 -26411 539
4: -16577 -58751 98 539
1: 16611 1815 -392 539
4: -16698 -1029 679 539
3: 16698 -14553 -49 539
1: 16807 49 -11374 539
2: -16807 49 -12342 539
3: 16819 -2401 144 539
4: -16819 -2401 340 539
4: -16863 -27 22638 539
2: -17061 3087 -112 539
1: 17182 11 -50421 539
2: -17182 11 -55223 539
1: 17248 61 -9163 539
4: -17248 -67 9163 539
4: -17424 -51 12005 539
4: -17424 -9555 147 539
1: 17493 11319 -132 539
3: 17787 -9 61544 539
2: -17787 69 -8722 539
1: 17787 99 -5684 539
4: -17787 -759 882 539
4: -17787 -7203 166 539
3: 17836 -1715 242 539
1: 17836 7645 -154 539
4: -17836 -8371 154 539
2: -18029 12005 30 539
1: 18326 65 -8624 539
4: -18326 -71 8624 539
3: 18326 -12005 -33 539
3: 18392 -11 50421 539
4: -18392 -11 55223 539
1: 18522 723 -847 539
4: -18522 -789 847 539
4: -18522 -11319 132 539
2: -18767 17 -35574 539
4: -19052 -23 26411 539
3: 19208 -11 50523 539
4: -19208 -11 55121 539
4: -19208 -19 31944 539
4: -19208 -43 14157 539
1: 19208 77 -7304 539
2: -19208 77 -7788 539
2: -19208 133 -4477 539
2: -19208 301 -1936 539
3: 19208 -539 957 539
4: -19208 -539 1199 539
4: -19208 -931 726 539
4: -19208 -2107 363 539
4: -19208 -2299 339 539
4: -19208 -5203 192 539
1: 19208 8261 -143 539
4: -19208 -8987 143 539
2: -19208 16093 38 539
2: -19208 36421 59 539
3: 19208 -57827 -66 539
2: -19208 62909 66 539
4: -19404 -15 40425 539
4: -19481 -17 35672 539
1: 19502 1199 -539 539
3: 19551 -5445 28 539
3: 19602 -33 16807 539
3: 19723 -133 4116 539
4: -19894 -13 46585 539
1: 19894 451 -1309 539
3: 19992 -3267 98 539
1: 20031 36015 -88 539
4: -20086 -2233 343 539
4: -20328 -99 6174 539
1: 20328 429 -1372 539
3: 20328 -507 1029 539
2: -20328 549 -1029 539
3: 20328 -7203 6 539
4: -20394 -36015 88 539
3: 21021 -363 1470 539
3: 21054 -3087 112 539
2: -21266 187 -3157 539
3: 21406 -2401 165 539
4: -21406 -2401 319 539
4: -21609 -105 5808 539
1: 21609 147 -3872 539
2: -21609 165 -3586 539
3: 21609 -231 2354 539
1: 21609 363 -1608 539
1: 21609 849 -726 539
4: -21609 -915 726 539
4: -21609 -1617 440 539
2: -21609 2541 -170 539
4: -21609 -14091 110 539
2: -21609 22143 40 539
2: -22001 2299 -196 539
1: 22022 209 -2744 539
1: 22264 581 -1029 539
3: 22638 -81 6853 539
2: -22638 87 -6853 539
4: -22638 -363 1722 539
4: -22638 -1029 649 539
3: 22638 -9801 -7 539
2: -22638 10527 7 539
3: 22638 -27783 -44 539
2: -22638 29841 44 539
3: 22687 -47 11858 539
2: -22869 7203 -20 539
4: -22932 -51 11858 539
1: 22946 12005 -110 539
4: -23232 -7203 146 539
3: 23324 -343 1573 539
4: -23324 -343 1815 539
2: -23353 7889 -14 539
1: 23474 13 -43218 539
1: 23474 15533 -98 539
3: 23667 -1029 484 539
3: 23716 -11 50960 539
4: -23716 -11 54684 539
2: -23716 13 -46158 539
1: 23716 17 -33075 539
3: 23716 -55 10143 539
1: 23716 85 -6664 539
4: -23716 -143 4263 539
3: 23716 -187 2940 539
1: 23716 2401 -295 539
1: 23716 12005 -108 539
4: -23716 -16807 97 539
3: 23716 -26411 -40 539
1: 23716 40817 -75 539
4: -23814 -1815 392 539
2: -23892 21609 33 539
4: -24024 -363 1715 539
4: -24079 -62083 70 539
1: 24353 11 -51128 539
2: -24353 11 -54516 539
2: -24353 1573 -322 539
3: 24618 -21609 -33 539
1: 24696 165 -3465 539
1: 24696 1029 -605 539
3: 24696 -23595 -35 539
1: 24794 121 -4704 539
2: -24794 121 -4900 539
1: 24926 35 -16121 539
3: 25382 -17 33033 539
1: 25382 649 -924 539
2: -25421 45619 44 539
1: 25652 2401 -291 539
2: -25652 2401 -193 539
3: 25784 -45619 -44 539
3: 25872 -7203 22 539
3: 26068 -11 51128 539
4: -26068 -11 54516 539
2: -26136 21 -28469 539
3: 26257 -26411 -34 539
4: -26257 -26411 78 539
1: 26411 19 -29700 539
3: 26411 -19 29590 539
1: 26411 35 -16148 539
3: 26411 -35 16038 539
3: 26411 -49 11440 539
4: -26411 -49 12276 539
1: 26411 95 -5984 539
3: 26411 -95 5874 539
2: -26411 101 -5874 539
4: -26411 -101 5984 539
1: 26411 121 -4710 539
2: -26411 121 -4894 539
3: 26411 -121 4600 539
4: -26411 -121 5004 539
1: 26411 133 -4290 539
3: 26411 -133 4180 539
1: 26411 245 -2354 539
3: 26411 -245 2244 539
1: 26411 605 -986 539
3: 26411 -605 876 539
1: 26411 665 -902 539
3: 26411 -665 792 539
2: -26411 707 -792 539
4: -26411 -707 902 539
1: 26411 847 -720 539
2: -26411 847 -652 539
3: 26411 -847 610 539
4: -26411 -847 762 539
1: 26411 931 -660 539
3: 26411 -931 550 539
1: 26411 2299 -300 539
3: 26411 -2299 190 539
1: 26411 4235 -188 539
3: 26411 -4235 78 539
1: 26411 4655 -176 539
3: 26411 -4655 66 539
2: -26411 4949 -66 539
4: -26411 -4949 176 539
1: 26411 5929 -150 539
2: -26411 5929 -46 539
3: 26411 -5929 40 539
4: -26411 -5929 156 539
1: 26411 11495 -104 539
3: 26411 -11495 -6 539
2: -26411 12221 6 539
4: -26411 -12221 104 539
1: 26411 16093 -90 539
3: 26411 -16093 -20 539
1: 26411 29645 -74 539
3: 26411 -29645 -36 539
3: 26754 -363 1498 539
2: -26754 495 -1155 539
1: 26972 24353 -77 539
1: 27027 7203 -132 539
2: -27104 29 -20580 539
4: -27698 -24353 77 539
4: -27709 -4165 196 539
4: -27783 -33 18172 539
1: 27951 33 -17150 539
1: 28028 12221 -98 539
4: -28028 -12947 98 539
3: 28518 -957 539 539
1: 28567 2401 -286 539
2: -28567 2401 -198 539
1: 28721 25 -22638 539
1: 28812 9 -62799 539
2: -28812 33 -18051 539
4: -28812 -39 15367 539
3: 28812 -99 5654 539
4: -28812 -147 4114 539
4: -28812 -363 1696 539
2: -28812 429 -1342 539
1: 28812 441 -1331 539
4: -28812 -651 968 539
1: 28812 1089 -569 539
2: -28812 1617 -319 539
4: -28812 -1911 363 539
4: -28812 -4719 177 539
3: 28812 -4851 66 539
2: -28812 7161 -33 539
1: 28812 8001 -121 539
4: -28812 -8463 121 539
2: -28812 21021 22 539
1: 28812 53361 -61 539
2: -29106 7203 -33 539
3: 29204 -2299 196 539
1: 29282 26411 -71 539
2: -29282 26411 27 539
4: -29568 -7203 132 539
4: -29766 -21 28469 539
4: -29841 -3087 242 539
3: 30008 -26411 -27 539
4: -30008 -26411 71 539
1: 30184 109 -5236 539
4: -30184 -115 5236 539
2: -30184 605 -938 539
4: -30184 -1715 396 539
1: 30184 13189 -91 539
4: -30184 -13915 91 539
3: 30184 -37387 -33 539
2: -30184 39445 33 539
1: 30338 31213 -66 539
1: 30429 11253 -98 539
3: 30492 -771 686 539
2: -30492 813 -686 539
3: 30976 -35 16121 539
3: 31213 -77 7304 539
4: -31213 -77 7788 539
1: 31213 833 -726 539
1: 31213 5929 -142 539
2: -31213 5929 -54 539
1: 31213 13651 -88 539
4: -31213 -14377 88 539
3: 31218 -399 1372 539
2: -31262 16807 11 539
4: -31339 -12005 96 539
1: 31556 121 -4725 539
2: -31556 121 -4879 539
1: 31581 56595 -56 539
4: -31702 -253 2401 539
4: -31944 -56595 56 539
3: 32186 -11 51450 539
4: -32186 -11 54194 539
3: 32186 -163 3430 539
4: -32494 -605 1029 539
3: 32571 -15 37730 539
1: 32928 8349 -112 539
2: -33271 13 -45738 539
2: -33271 1177 -462 539
3: 33271 -41503 -30 539
4: -33271 -41503 58 539
3: 33572 -55223 -33 539
1: 33614 49 -11616 539
2: -33614 49 -12100 539
4: -33614 -2695 264 539
3: 33614 -55517 -33 539
3: 33638 -2401 193 539
4: -33638 -2401 291 539
4: -33908 -1199 539 539
2: -33957 363 -1596 539
1: 33957 1029 -594 539
1: 34001 5831 -140 539
4: -34122 -10731 98 539
1: 34398 7203 -121 539
1: 34496 605 -980 539
3: 34643 -121 4648 539
4: -34643 -121 4956 539
2: -34727 143 -4116 539
1: 34727 881 -686 539
4: -34727 -923 686 539
1: 34986 99 -5775 539
2: -34986 11319 -11 539
4: -35453 -45619 54 539
4: -35574 -27 22050 539
3: 35574 -129 4361 539
2: -35574 135 -4361 539
2: -35574 297 -1960 539
1: 35574 1419 -441 539
4: -35574 -1485 441 539
3: 35574 -7203 38 539
1: 35672 15653 -77 539
4: -35672 -16379 77 539
4: -36358 -37 16093 539
3: 36421 -55 10290 539
2: -36554 25 -23716 539
4: -36652 -139 4312 539
3: 37044 -11319 11 539
4: -37632 -7203 121 539
2: -37752 33957 21 539
4: -37994 -5831 140 539
3: 38346 -75 7546 539
3: 38416 -35 16214 539
1: 38416 77 -7425 539
2: -38416 77 -7667 539
3: 38416 -307 1815 539
1: 38416 605 -978 539
1: 38416 29645 -57 539
3: 38478 -33957 -21 539
4: -38731 -79 7546 539
2: -39204 25725 14 539
3: 39886 -12005 11 539
1: 40656 45 -12691 539
4: -40656 -7203 118 539
3: 40817 -71 7986 539
1: 40817 847 -708 539
2: -40817 847 -664 539
3: 40817 -1771 286 539
1: 41503 11 -51828 539
2: -41503 11 -53816 539
3: 41503 -11 51758 539
4: -41503 -11 53886 539
1: 41503 151 -3808 539
3: 41503 -151 3738 539
2: -41503 157 -3738 539
4: -41503 -157 3808 539
1: 41503 343 -1696 539
2: -41503 343 -1692 539
3: 41503 -343 1626 539
4: -41503 -343 1762 539
1: 41503 1661 -378 539
4: -41503 -1727 378 539
1: 41503 3773 -186 539
2: -41503 3773 -122 539
3: 41503 -3773 116 539
4: -41503 -3773 192 539
1: 41503 51793 -46 539
3: 41503 -51793 -24 539
2: -41503 53851 24 539
4: -41503 -53851 46 539
1: 41846 55 -10395 539
3: 41846 -67 8470 539
1: 41846 8107 -105 539
4: -42042 -363 1666 539
2: -42471 7203 -48 539
1: 42592 38269 -49 539
4: -42679 -25 23716 539
2: -42713 41 -14406 539
2: -43218 147 -3993 539
4: -43218 -231 2596 539
2: -43218 363 -1597 539
3: 43218 -1617 319 539
1: 43218 1731 -363 539
4: -43218 -1797 363 539
1: 43218 2541 -258 539
4: -43318 -38269 49 539
2: -43736 1573 -343 539
2: -43904 605 -945 539
4: -43904 -803 770 539
1: 44891 2401 -270 539
2: -44891 2401 -214 539
1: 45012 58653 -42 539
2: -45276 1089 -511 539
1: 45276 3993 -175 539
1: 45276 5145 -143 539
2: -45276 58653 22 539
3: 45619 -11 51854 539
4: -45619 -11 53790 539
3: 45619 -49 11616 539
4: -45619 -49 12100 539
1: 45619 217 -2662 539
3: 45619 -847 642 539
4: -45619 -847 730 539
1: 45619 3751 -184 539
2: -45619 4169 -110 539
1: 45619 16709 -66 539
1: 45738 7203 -111 539
2: -45962 913 -616 539
1: 46343 17 -33614 539
3: 46464 -7203 48 539
4: -47334 -1029 605 539
3: 47432 -11 51891 539
4: -47432 -11 53753 539
1: 47432 173 -3332 539
4: -47432 -179 3332 539
3: 47432 -26411 -9 539
4: -47432 -26411 53 539
2: -47971 181 -3234 539
2: -48279 825 -686 539
2: -48642 243 -2401 539
1: 48706 11 -51975 539
2: -48706 11 -53669 539
1: 48706 1715 -363 539
4: -49049 -1715 374 539
1: 49049 21659 -56 539
4: -49049 -22385 56 539
1: 49588 121 -4753 539
4: -49637 -8591 98 539
1: 49852 241 -2401 539
4: -50421 -17787 62 539
3: 51744 -3267 147 539
4: -51744 -7203 110 539
3: 52136 -11 51975 539
4: -52136 -11 53669 539
1: 52206 1815 -343 539
1: 52514 187 -3087 539
1: 52514 869 -686 539
3: 52514 -26411 -6 539
4: -52514 -26411 50 539
3: 52822 -49 11649 539
4: -52822 -49 12067 539
1: 52822 121 -4756 539
2: -52822 121 -4848 539
3: 52822 -121 4701 539
4: -52822 -121 4903 539
1: 52822 193 -2992 539
3: 52822 -193 2937 539
2: -52822 199 -2937 539
4: -52822 -199 2992 539
1: 52822 847 -703 539
2: -52822 847 -669 539
3: 52822 -847 648 539
4: -52822 -847 724 539
1: 52822 1351 -451 539
3: 52822 -1351 396 539
2: -52822 1393 -396 539
4: -52822 -1393 451 539
1: 52822 5929 -124 539
2: -52822 5929 -72 539
3: 52822 -5929 69 539
4: -52822 -5929 127 539
1: 52822 9457 -88 539
3: 52822 -9457 33 539
2: -52822 9751 -33 539
4: -52822 -9751 88 539
1: 52822 23353 -52 539
3: 52822 -23353 -3 539
2: -52822 24079 3 539
4: -52822 -24079 52 539
3: 53361 -15 38122 539
1: 53361 39 -14700 539
1: 53361 2145 -294 539
4: -53361 -2211 294 539
4: -53508 -363 1652 539
1: 53508 33957 -44 539
2: -54054 7203 -55 539
3: 54208 -803 686 539
3: 54439 -121 4704 539
4: -54439 -121 4900 539
4: -54537 -33957 44 539
1: 54692 4753 -147 539
2: -54747 39 -15092 539
1: 55223 121 -4758 539
2: -55223 121 -4846 539
1: 55468 97 -5929 539
3: 55566 -33 17325 539
2: -55902 33 -17836 539
1: 56056 24805 -49 539
4: -56056 -25531 49 539
3: 56386 -329 1715 539
1: 57134 2401 -264 539
2: -57134 2401 -220 539
3: 57596 -275 2058 539
2: -57624 45 -13068 539
3: 57624 -147 3872 539
3: 57624 -363 1553 539
2: -57624 477 -1210 539
2: -57624 693 -825 539
2: -57624 2205 -242 539
2: -57624 5445 -83 539
2: -57624 57717 15 539
4: -58443 -891 686 539
1: 58597 19 -30184 539
3: 58996 -55 10395 539
1: 58996 18865 -55 539
3: 59136 -7203 55 539
2: -59752 13 -45276 539
1: 60137 11 -52136 539
2: -60137 11 -53508 539
1: 60368 13 -44121 539
1: 60368 221 -2618 539
4: -60368 -227 2618 539
4: -60711 -9801 84 539
3: 60984 -1563 343 539
2: -60984 1605 -343 539
4: -61054 -18865 55 539
3: 62426 -77 7425 539
4: -62426 -77 7667 539
4: -62426 -623 968 539
4: -62426 -3509 191 539
1: 62426 5929 -120 539
2: -62426 5929 -76 539
1: 62426 27665 -44 539
4: -62426 -28391 44 539
2: -62426 47971 11 539
4: -62678 -17 34643 539
