Command line:- ./do_t 5929 64000
2: -343 3509 -27104 5929
1: 343 3773 -47916 5929
2: -343 3773 10648 5929
1: 343 3839 -55902 5929
2: -343 4147 55902 5929
2: -441 3993 25872 5929
1: 528 3087 27951 5929
1: 686 3685 -27951 5929
1: 686 3773 -33275 5929
2: -686 3773 -3993 5929
2: -686 4301 27951 5929
1: 882 3993 -39347 5929
1: 1029 3531 -18634 5929
2: -1029 4455 18634 5929
1: 1078 2401 49247 5929
1: 1298 2401 35937 5929
2: -1302 7203 58564 5929
1: 1331 2401 34320 5929
2: -1331 4459 10934 5929
1: 1568 2783 5929 5929
2: -1617 7203 45254 5929
2: -1661 6517 37268 5929
1: 1694 2401 20691 5929
2: -1764 10527 59290 5929
2: -1793 9947 55902 5929
1: 2046 7203 -53240 5929
1: 2058 3069 -9317 5929
2: -2058 4917 9317 5929
1: 2401 1855 29282 5929
1: 2401 2695 -2662 5929
1: 2401 2915 -7986 5929
2: -2401 3227 -29282 5929
1: 2401 4081 -26620 5929
1: 2401 4235 -28314 5929
2: -2401 5071 7986 5929
1: 2401 5929 -41140 5929
2: -2401 5929 17424 5929
1: 2401 6413 -43560 5929
1: 2401 6655 -44638 5929
1: 2401 9317 -52800 5929
2: -2401 9317 37708 5929
1: 2401 12985 -58564 5929
1: 2401 14641 -60220 5929
2: -2401 14641 50616 5929
1: 2401 20405 -63888 5929
2: -2401 22589 58564 5929
2: -2401 35497 63888 5929
1: 2436 11979 -56595 5929
1: 2519 14641 -57624 5929
2: -2519 14641 48020 5929
1: 2541 7203 -44770 5929
1: 2548 16807 -58564 5929
1: 2597 26411 -61226 5929
1: 2604 7203 -43923 5929
2: -2618 31213 57233 5929
1: 2662 1331 57624 5929
1: 2662 2401 2519 5929
2: -2662 2401 -61083 5929
1: 2662 5047 -33418 5929
1: 2662 9317 -48363 5929
2: -2662 9317 33271 5929
2: -2662 9359 33418 5929
1: 2662 35329 -61369 5929
2: -2716 12947 41503 5929
2: -2744 6655 19250 5929
2: -2744 8575 29282 5929
2: -2744 11495 38115 5929
1: 2744 41503 -60258 5929
2: -2744 41503 56870 5929
1: 2842 45619 -58564 5929
1: 2881 60025 -58564 5929
2: -2891 2401 -58564 5929
2: -2891 49247 54978 5929
1: 2904 3087 -13552 5929
1: 2919 43923 -56938 5929
2: -3087 3993 -11396 5929
1: 3087 11319 -45254 5929
3: 3087 -43923 -59948 5929
1: 3136 6655 -36652 5929
2: -3143 25289 45276 5929
3: 3146 -45619 -58685 5929
1: 3206 14641 -46305 5929
2: -3206 14641 36701 5929
1: 3234 43923 -51548 5929
1: 3234 50421 -51909 5929
4: -3244 -60025 58564 5929
3: 3267 -31899 -57596 5929
3: 3381 -59895 -53900 5929
3: 3388 -14641 -59682 5929
3: 3388 -31213 -55539 5929
1: 3479 17303 -44198 5929
4: -3531 -21609 61226 5929
3: 3619 -14641 -55566 5929
1: 3751 4165 -23716 5929
1: 3773 6517 -31944 5929
3: 3773 -6517 -61226 5929
1: 3773 14641 -40068 5929
2: -3773 14641 30464 5929
3: 3773 -14641 -53102 5929
4: -3773 -14641 62706 5929
2: -3773 16121 31944 5929
4: -3773 -16121 61226 5929
1: 3802 40817 -43923 5929
3: 3843 -7203 -58564 5929
2: -3993 7203 12518 5929
3: 3993 -27783 -47124 5929
4: -3993 -27951 52136 5929
2: -4018 41261 38269 5929
2: -4092 7203 11979 5929
3: 4114 -27097 -45738 5929
2: -4116 3087 -29282 5929
3: 4116 -3993 -63140 5929
1: 4116 4719 -25410 5929
3: 4116 -5145 -58564 5929
4: -4116 -33957 49247 5929
1: 4116 43923 -40845 5929
3: 4116 -51909 -44275 5929
1: 4116 56595 -41261 5929
3: 4136 -14641 -48020 5929
4: -4136 -14641 57624 5929
3: 4172 -25289 -45276 5929
3: 4312 -14641 -45864 5929
4: -4312 -14641 55468 5929
3: 4312 -40817 -42592 5929
1: 4356 735 59290 5929
3: 4356 -25725 -43197 5929
4: -4459 -18865 50578 5929
4: -4494 -11979 56595 5929
1: 4508 1331 12397 5929
4: -4528 -40817 43923 5929
1: 4543 2401 -10648 5929
2: -4543 2401 -47916 5929
1: 4557 7203 -29282 5929
2: -4587 43923 33614 5929
3: 4606 -14641 -42630 5929
4: -4606 -14641 52234 5929
1: 4741 12005 -31944 5929
1: 4746 19965 -33957 5929
3: 4781 -62557 -37730 5929
1: 4802 847 34122 5929
1: 4802 1169 14641 5929
1: 4802 1331 8404 5929
1: 4802 1837 -3993 5929
2: -4802 2107 -58564 5929
2: -4802 3311 -23958 5929
2: -4802 3913 -14641 5929
2: -4802 5203 -1936 5929
1: 4802 5929 -26499 5929
2: -4802 5929 2783 5929
3: 4802 -5929 -46706 5929
2: -4802 6149 3993 5929
2: -4802 7007 7986 5929
1: 4802 8183 -29282 5929
3: 4802 -8183 -43923 5929
1: 4802 9317 -30173 5929
2: -4802 9317 15081 5929
3: 4802 -9317 -43032 5929
4: -4802 -9317 58124 5929
2: -4802 11011 18392 5929
4: -4802 -11011 54813 5929
1: 4802 12859 -31944 5929
3: 4802 -12859 -41261 5929
1: 4802 14641 -32511 5929
2: -4802 14641 22907 5929
3: 4802 -14641 -40694 5929
4: -4802 -14641 50298 5929
2: -4802 17303 25014 5929
4: -4802 -17303 48191 5929
1: 4802 20207 -33638 5929
3: 4802 -20207 -39567 5929
4: -4802 -23177 45254 5929
2: -4802 27391 29282 5929
4: -4802 -27391 43923 5929
2: -4802 36421 31097 5929
4: -4802 -36421 42108 5929
2: -4802 43043 31944 5929
4: -4802 -43043 41261 5929
2: -4802 57233 33099 5929
4: -4802 -57233 40106 5929
4: -4851 -7203 63888 5929
1: 4851 36015 -34606 5929
4: -4851 -43923 40768 5929
1: 5038 14641 -31213 5929
2: -5038 14641 21609 5929
2: -5082 7203 7744 5929
3: 5082 -21609 -37026 5929
1: 5194 26411 -31944 5929
2: -5194 26411 26620 5929
3: 5264 -14641 -36701 5929
4: -5264 -14641 46305 5929
1: 5324 1331 2401 5929
2: -5324 2303 -48510 5929
3: 5324 -2401 -52646 5929
1: 5324 2891 -16709 5929
2: -5324 6655 4802 5929
3: 5324 -9317 -38073 5929
4: -5324 -9317 53165 5929
2: -5324 11515 16709 5929
4: -5324 -12005 48653 5929
4: -5324 -16121 44660 5929
3: 5324 -20237 -35343 5929
4: -5324 -46585 37044 5929
4: -5324 -62557 36015 5929
3: 5341 -17545 -35574 5929
3: 5488 -14641 -35007 5929
4: -5488 -14641 44611 5929
1: 5488 41503 -30976 5929
2: -5488 41503 27588 5929
2: -5544 36015 26620 5929
3: 5654 -6517 -37268 5929
3: 5687 -14641 -33614 5929
4: -5687 -14641 43218 5929
4: -5754 -16335 41503 5929
1: 5782 2401 -14641 5929
2: -5782 2401 -43923 5929
1: 5796 36015 -29282 5929
3: 5831 -3025 -42350 5929
3: 5831 -3773 -39930 5929
1: 5831 42875 -29282 5929
2: -5838 43923 26068 5929
3: 5852 -2401 -45254 5929
1: 5929 2401 -15004 5929
2: -5929 2401 -43560 5929
3: 5929 -2401 -44286 5929
2: -5929 12005 15004 5929
4: -5929 -12005 44286 5929
1: 5929 14641 -27244 5929
2: -5929 14641 17640 5929
3: 5929 -14641 -32046 5929
4: -5929 -14641 41650 5929
2: -6034 12005 14641 5929
4: -6039 -7203 53240 5929
3: 6171 -15435 -30492 5929
3: 6174 -1029 -58564 5929
1: 6174 3993 -20713 5929
2: -6174 11319 13310 5929
2: -6174 14883 16940 5929
3: 6174 -38073 -29282 5929
4: -6174 -43923 32375 5929
3: 6209 -31213 -29282 5929
1: 6391 31213 -26620 5929
2: -6402 9261 9317 5929
2: -6468 7203 3993 5929
2: -6468 43923 23373 5929
2: -6517 4477 -10164 5929
3: 6517 -41503 -27588 5929
4: -6517 -41503 30976 5929
3: 6534 -13377 -28798 5929
3: 6688 -2401 -35937 5929
3: 6776 -2401 -35090 5929
3: 6776 -14641 -27440 5929
4: -6776 -14641 37044 5929
4: -6804 -19965 33957 5929
1: 6811 10285 -23716 5929
3: 6811 -26411 -26620 5929
4: -6811 -26411 31944 5929
3: 6867 -43923 -26068 5929
1: 7007 16807 -23958 5929
1: 7139 2401 -17424 5929
2: -7139 2401 -41140 5929
2: -7161 7203 2662 5929
1: 7203 363 21054 5929
3: 7203 -483 -58564 5929
1: 7203 759 -2662 5929
3: 7203 -1617 -34606 5929
1: 7203 2541 -17908 5929
3: 7203 -3381 -29282 5929
3: 7203 -3993 -28534 5929
4: -7203 -4599 58564 5929
2: -7203 4851 -7986 5929
1: 7203 5313 -21296 5929
2: -7203 7227 2662 5929
4: -7203 -7623 45012 5929
3: 7203 -8349 -26378 5929
2: -7203 11979 11286 5929
1: 7203 17787 -23474 5929
3: 7203 -27951 -24992 5929
4: -7203 -32193 29282 5929
1: 7203 37191 -23958 5929
1: 7203 43923 -24026 5929
2: -7203 50589 21296 5929
4: -7203 -53361 27346 5929
3: 7203 -58443 -24684 5929
3: 7238 -14641 -25382 5929
4: -7238 -14641 34986 5929
1: 7249 55223 -23958 5929
3: 7381 -1225 -35574 5929
4: -7381 -13181 35574 5929
3: 7448 -2401 -29282 5929
3: 7458 -3087 -27951 5929
1: 7502 1127 -11858 5929
2: -7502 13279 11858 5929
1: 7546 343 13310 5929
3: 7546 -343 -59895 5929
1: 7546 1715 -15972 5929
3: 7546 -1715 -30613 5929
1: 7546 14641 -22435 5929
2: -7546 14641 12831 5929
3: 7546 -14641 -24150 5929
4: -7546 -14641 33754 5929
2: -7546 20923 15972 5929
4: -7546 -20923 30613 5929
3: 7623 -7203 -24684 5929
3: 7623 -43923 -23324 5929
3: 7644 -3993 -25872 5929
4: -7686 -7203 43923 5929
4: -7742 -11737 35574 5929
2: -7744 8575 5082 5929
1: 7889 1331 -15554 5929
1: 7986 147 32340 5929
3: 7986 -735 -32879 5929
1: 7986 1029 -14245 5929
3: 7986 -3993 -24010 5929
3: 7986 -5145 -23562 5929
1: 7986 7203 -20900 5929
2: -7986 11979 9604 5929
4: -7986 -13671 32879 5929
1: 7986 19965 -21609 5929
4: -7986 -21609 28886 5929
3: 7986 -27951 -22295 5929
3: 7986 -36015 -22231 5929
4: -8232 -3993 57981 5929
3: 8272 -14641 -21609 5929
4: -8272 -14641 31213 5929
2: -8404 63455 18634 5929
2: -8526 11979 8624 5929
3: 8624 -2401 -21296 5929
3: 8624 -14641 -20531 5929
4: -8624 -14641 30135 5929
4: -8734 -12005 31944 5929
2: -8869 38599 16170 5929
1: 8918 11 -37268 5929
4: -8918 -7997 37268 5929
2: -8954 20237 12705 5929
1: 9086 2401 -19965 5929
2: -9086 2401 -38599 5929
1: 9174 43923 -19208 5929
3: 9196 -2401 -18150 5929
3: 9212 -14641 -18914 5929
4: -9212 -14641 28518 5929
4: -9261 -6897 38962 5929
4: -9261 -13377 29282 5929
2: -9261 51909 16324 5929
1: 9317 1331 -21266 5929
3: 9317 -1331 -16464 5929
1: 9317 2401 -20196 5929
2: -9317 2401 -38368 5929
3: 9317 -2401 -17534 5929
2: -9317 57233 16464 5929
4: -9317 -57233 21266 5929
1: 9366 35937 -18865 5929
3: 9372 -29841 -18634 5929
1: 9493 37387 -18634 5929
3: 9604 -77 49247 5929
3: 9604 -121 24684 5929
1: 9604 203 -43923 5929
1: 9604 319 -34606 5929
1: 9604 847 -24442 5929
1: 9604 1331 -22209 5929
3: 9604 -1421 -14641 5929
3: 9604 -2233 -15972 5929
2: -9604 2695 -31944 5929
3: 9604 -3509 -16819 5929
2: -9604 4235 -13673 5929
4: -9604 -5285 43923 5929
3: 9604 -5929 -17424 5929
4: -9604 -5929 41140 5929
2: -9604 6655 -2046 5929
4: -9604 -8305 34606 5929
3: 9604 -9317 -17743 5929
4: -9604 -9317 32835 5929
2: -9604 11627 6655 5929
3: 9604 -14641 -17946 5929
4: -9604 -14641 27550 5929
2: -9604 18271 10890 5929
1: 9604 24563 -18513 5929
2: -9604 36995 14641 5929
1: 9604 38599 -18436 5929
4: -9604 -46585 21208 5929
2: -9604 58135 15972 5929
3: 9702 -7203 -17303 5929
3: 9702 -43923 -17983 5929
3: 9898 -1331 -12397 5929
1: 9922 343 -38962 5929
1: 10164 7203 -18513 5929
1: 10164 43923 -17493 5929
3: 10241 -2401 -13310 5929
4: -10339 -6655 36652 5929
1: 10388 26411 -17303 5929
2: -10388 26411 11979 5929
3: 10406 -175 41503 5929
1: 10406 60025 -17061 5929
1: 10648 343 -50281 5929
3: 10648 -2401 -11682 5929
2: -10648 5831 -5621 5929
4: -10648 -25289 21609 5929
1: 10648 38599 -16807 5929
4: -10648 -40817 19668 5929
1: 10682 8833 -17787 5929
4: -10791 -43923 19208 5929
1: 10976 6655 -18018 5929
1: 10976 41503 -16335 5929
2: -10976 41503 12947 5929
3: 11116 -12005 -14641 5929
1: 11221 14641 -16660 5929
2: -11221 14641 7056 5929
1: 11253 7203 -17666 5929
3: 11319 -3087 -10648 5929
4: -11319 -5145 39930 5929
2: -11319 25725 10648 5929
2: -11319 43923 12670 5929
2: -11374 1715 -57596 5929
3: 11374 -14641 -14406 5929
4: -11374 -14641 24010 5929
4: -11424 -35937 18865 5929
3: 11662 -3773 -10648 5929
4: -11662 -3773 47916 5929
3: 11662 -38759 -14641 5929
1: 11676 43923 -15435 5929
3: 11704 -2401 -7986 5929
1: 11858 2401 -22143 5929
3: 11858 -2401 -7502 5929
1: 11858 14641 -16023 5929
2: -11858 14641 6419 5929
3: 11858 -14641 -13622 5929
4: -11858 -14641 23226 5929
2: -11858 16807 7502 5929
4: -11858 -16807 22143 5929
3: 11979 -1029 2926 5929
2: -11979 3381 -21560 5929
1: 11979 3993 -19208 5929
4: -11979 -7203 31680 5929
1: 11979 17493 -15708 5929
2: -11979 27951 10290 5929
3: 12078 -7203 -11979 5929
1: 12342 19551 -15246 5929
1: 12348 11319 -15972 5929
1: 12348 48363 -14641 5929
3: 12838 -2783 -5929 5929
1: 12894 21609 -14641 5929
2: -13034 1969 -46585 5929
3: 13034 -41503 -12947 5929
4: -13034 -41503 16335 5929
1: 13068 23667 -14399 5929
3: 13377 -3993 -7238 5929
3: 13431 -5145 -8470 5929
3: 13552 -2401 -2904 5929
4: -13552 -2401 61468 5929
4: -13552 -14641 20923 5929
3: 13622 -23353 -11858 5929
3: 13622 -26411 -11979 5929
4: -13622 -26411 17303 5929
4: -13734 -43923 15435 5929
3: 14014 -45619 -11979 5929
1: 14036 5831 -16940 5929
1: 14278 2401 -23353 5929
2: -14278 2401 -35211 5929
1: 14322 7203 -15972 5929
3: 14388 -9261 -9317 5929
1: 14399 31213 -13068 5929
3: 14406 -693 26620 5929
1: 14406 1089 -36905 5929
1: 14406 1575 -29282 5929
3: 14406 -2475 -1331 5929
2: -14406 2541 -32549 5929
1: 14406 3465 -19965 5929
4: -14406 -3993 40678 5929
3: 14406 -4851 -6655 5929
3: 14406 -5445 -7260 5929
4: -14406 -6657 29282 5929
1: 14406 7623 -15730 5929
2: -14406 10461 1331 5929
1: 14406 11025 -14641 5929
3: 14406 -11979 -9955 5929
3: 14406 -17325 -10648 5929
2: -14406 17787 5808 5929
1: 14406 24255 -13310 5929
1: 14406 27225 -13189 5929
4: -14406 -27951 16269 5929
3: 14406 -38115 -11495 5929
2: -14406 43923 9612 5929
4: -14406 -46599 14641 5929
1: 14406 59895 -12650 5929
3: 14476 -14641 -10290 5929
4: -14476 -14641 19894 5929
3: 14641 -385 59682 5929
1: 14641 539 -63210 5929
3: 14641 -539 39200 5929
1: 14641 605 -57624 5929
3: 14641 -605 33614 5929
1: 14641 665 -53508 5929
3: 14641 -665 29498 5929
1: 14641 847 -44590 5929
3: 14641 -847 20580 5929
1: 14641 931 -41650 5929
3: 14641 -931 17640 5929
1: 14641 1045 -38416 5929
3: 14641 -1045 14406 5929
1: 14641 1463 -30870 5929
3: 14641 -1463 6860 5929
1: 14641 1715 -28098 5929
3: 14641 -1715 4088 5929
1: 14641 2299 -24010 5929
1: 14641 2401 -23500 5929
2: -14641 2401 -35064 5929
3: 14641 -2401 -510 5929
4: -14641 -2401 59074 5929
1: 14641 2695 -22246 5929
3: 14641 -2695 -1764 5929
2: -14641 2723 -29498 5929
4: -14641 -2723 53508 5929
1: 14641 3773 -19320 5929
2: -14641 3773 -17948 5929
3: 14641 -3773 -4690 5929
4: -14641 -3773 41958 5929
1: 14641 4235 -18522 5929
3: 14641 -4235 -5488 5929
2: -14641 4279 -14406 5929
4: -14641 -4279 38416 5929
1: 14641 4655 -17934 5929
3: 14641 -4655 -6076 5929
1: 14641 5929 -16660 5929
2: -14641 5929 -7056 5929
3: 14641 -5929 -7350 5929
4: -14641 -5929 31066 5929
1: 14641 6517 -16240 5929
3: 14641 -6517 -7770 5929
1: 14641 7315 -15778 5929
3: 14641 -7315 -8232 5929
1: 14641 10241 -14700 5929
3: 14641 -10241 -9310 5929
1: 14641 11495 -14406 5929
3: 14641 -11495 -9604 5929
1: 14641 12005 -14304 5929
3: 14641 -12005 -9706 5929
1: 14641 16093 -13720 5929
3: 14641 -16093 -10290 5929
1: 14641 18865 -13468 5929
3: 14641 -18865 -10542 5929
2: -14641 19061 6076 5929
4: -14641 -19061 17934 5929
1: 14641 26411 -13050 5929
2: -14641 26411 7726 5929
3: 14641 -26411 -10960 5929
4: -14641 -26411 16284 5929
3: 14641 -29645 -11074 5929
2: -14641 29953 8232 5929
4: -14641 -29953 15778 5929
1: 14641 32585 -12852 5929
3: 14641 -32585 -11158 5929
1: 14641 41503 -12670 5929
2: -14641 41503 9282 5929
3: 14641 -41503 -11340 5929
4: -14641 -41503 14728 5929
1: 14641 45619 -12610 5929
3: 14641 -45619 -11400 5929
2: -14641 47069 9604 5929
4: -14641 -47069 14406 5929
1: 14641 51205 -12544 5929
3: 14641 -51205 -11466 5929
1: 14762 4753 -17787 5929
4: -14762 -19159 17787 5929
4: -14896 -2401 58564 5929
3: 15004 -4949 -5929 5929
2: -15004 19355 5929 5929
3: 15092 -7889 -7986 5929
3: 15092 -14641 -9674 5929
4: -15092 -14641 19278 5929
2: -15092 30527 7986 5929
4: -15246 -7203 26983 5929
1: 15246 36015 -12342 5929
4: -15246 -43923 14063 5929
4: -15288 -3993 39347 5929
1: 15609 1029 -40656 5929
3: 15729 -11979 -8624 5929
1: 15778 1331 -34188 5929
2: -15939 36015 7986 5929
1: 15972 819 -49049 5929
4: -15972 -2877 49049 5929
1: 15972 3087 -21098 5929
4: -15972 -3993 38416 5929
2: -15972 7203 -4191 5929
1: 15972 40131 -11781 5929
1: 16023 35211 -11858 5929
3: 16093 -2401 2178 5929
4: -16093 -2401 56386 5929
1: 16121 1715 -29282 5929
3: 16121 -14641 -8750 5929
4: -16121 -14641 18354 5929
1: 16296 59895 -11319 5929
3: 16807 -833 29282 5929
3: 17248 -2401 3993 5929
4: -17248 -2401 54571 5929
1: 17303 973 -45276 5929
4: -17303 -3031 45276 5929
2: -17424 36015 7139 5929
3: 17493 -35937 -9086 5929
1: 17633 14641 -12348 5929
2: -17633 14641 2744 5929
1: 17787 7203 -14762 5929
4: -17787 -21609 14762 5929
1: 17787 43923 -10682 5929
1: 17836 4015 -18634 5929
4: -17836 -12001 18634 5929
3: 17836 -18865 -7986 5929
4: -17976 -21609 14641 5929
1: 18216 36015 -10648 5929
1: 18228 7203 -14641 5929
2: -18348 43923 7203 5929
4: -18354 -59895 11319 5929
3: 18392 -2401 5566 5929
4: -18392 -2401 52998 5929
3: 18424 -14641 -7056 5929
4: -18424 -14641 16660 5929
1: 18513 54537 -10164 5929
1: 18634 1331 -37044 5929
3: 18634 -1331 18179 5929
1: 18634 2401 -24739 5929
2: -18634 2401 -33825 5929
3: 18634 -2401 5874 5929
4: -18634 -2401 52690 5929
2: -18634 6655 -6174 5929
4: -18634 -6655 25039 5929
2: -18634 12005 781 5929
4: -18634 -12005 18084 5929
2: -18634 17303 3430 5929
4: -18634 -17303 15435 5929
1: 18634 30613 -10633 5929
3: 18634 -30613 -8232 5929
2: -18634 31213 6105 5929
4: -18634 -31213 12760 5929
1: 18634 55223 -10098 5929
3: 18634 -55223 -8767 5929
4: -18876 -3213 41503 5929
1: 19208 847 -53724 5929
2: -19208 1519 -58564 5929
4: -19208 -2849 45254 5929
2: -19208 3751 -18271 5929
1: 19208 4631 -17303 5929
3: 19208 -5929 -2783 5929
4: -19208 -5929 26499 5929
4: -19208 -12617 17303 5929
3: 19208 -14641 -6572 5929
4: -19208 -14641 16176 5929
2: -19208 19943 3993 5929
4: -19208 -26257 13068 5929
3: 19208 -32417 -7986 5929
2: -19208 49247 7062 5929
1: 19306 22627 -10780 5929
2: -20262 21609 3993 5929
1: 20433 43923 -9506 5929
3: 20482 -2401 7986 5929
4: -20482 -2401 50578 5929
3: 21296 -2401 8800 5929
4: -21296 -2401 49764 5929
1: 21296 6655 -14406 5929
1: 21296 14063 -11165 5929
3: 21582 -43923 -7203 5929
2: -21609 1617 -53240 5929
4: -21609 -2541 47190 5929
2: -21609 3993 -16720 5929
3: 21609 -17787 -5808 5929
4: -21609 -19173 13310 5929
1: 21609 27951 -9614 5929
2: -21609 30129 4840 5929
3: 21609 -43923 -7192 5929
1: 22143 10731 -11858 5929
4: -22143 -25137 11858 5929
4: -22209 -36015 10648 5929
1: 22442 14641 -10731 5929
2: -22442 14641 1127 5929
2: -22506 7203 -5808 5929
1: 22627 9317 -12348 5929
2: -22627 9317 -2744 5929
1: 22638 1029 -49247 5929
2: -22638 3087 -23958 5929
3: 22638 -17493 -5324 5929
2: -22638 40131 5324 5929
1: 22638 43923 -8736 5929
3: 22748 -14641 -4802 5929
4: -22748 -14641 14406 5929
3: 23324 -3773 3993 5929
4: -23324 -3773 33275 5929
1: 23342 24353 -9317 5929
3: 23408 -2401 10648 5929
4: -23408 -2401 47916 5929
2: -23606 45619 5324 5929
4: -23667 -11319 15972 5929
3: 23716 -2401 10890 5929
4: -23716 -2401 47674 5929
3: 23716 -12005 -3751 5929
3: 23716 -14641 -4410 5929
2: -23958 3993 -16807 5929
3: 23958 -7203 -1199 5929
1: 23958 27951 -8918 5929
2: -24696 11319 -1331 5929
3: 24696 -15609 -4235 5929
4: -25088 -8833 17787 5929
3: 25289 -2401 12034 5929
4: -25289 -2401 46530 5929
3: 25289 -9317 -2058 5929
4: -25289 -9317 17150 5929
3: 25333 -14641 -3822 5929
4: -25333 -14641 13426 5929
1: 26411 3185 -21296 5929
3: 26411 -3185 7986 5929
2: -26411 6419 -7986 5929
4: -26411 -6419 21296 5929
1: 26411 14641 -9840 5929
2: -26411 14641 236 5929
3: 26411 -14641 -3470 5929
4: -26411 -14641 13074 5929
4: -26509 -22627 10780 5929
4: -26754 -3993 30030 5929
3: 27104 -2401 13189 5929
4: -27104 -2401 45375 5929
3: 27599 -45619 -5324 5929
1: 27709 14641 -9604 5929
4: -27951 -3993 29498 5929
2: -27951 7203 -6578 5929
1: 27951 11979 -10290 5929
3: 27951 -21609 -4070 5929
3: 27951 -59895 -5488 5929
3: 28248 -21609 -3993 5929
3: 28314 -1029 40656 5929
2: -28644 7203 -6655 5929
3: 28812 -1617 23958 5929
4: -28812 -3969 29282 5929
3: 28812 -3993 6072 5929
1: 28812 5691 -14641 5929
4: -28812 -9801 15488 5929
4: -28812 -10773 14641 5929
1: 28812 17787 -8833 5929
2: -28812 43659 3993 5929
1: 28812 43923 -7207 5929
3: 28812 -62601 -5324 5929
3: 28952 -14641 -2744 5929
4: -28952 -14641 12348 5929
1: 29282 847 -63798 5929
3: 29282 -847 51793 5929
1: 29282 2359 -26754 5929
3: 29282 -2359 14749 5929
1: 29282 2401 -26391 5929
2: -29282 2401 -32173 5929
3: 29282 -2401 14386 5929
4: -29282 -2401 44178 5929
1: 29282 3707 -19208 5929
3: 29282 -3707 7203 5929
1: 29282 3773 -18977 5929
2: -29282 3773 -18291 5929
3: 29282 -3773 6972 5929
4: -29282 -3773 30296 5929
2: -29282 4417 -14749 5929
4: -29282 -4417 26754 5929
1: 29282 5929 -14259 5929
2: -29282 5929 -9457 5929
3: 29282 -5929 2254 5929
4: -29282 -5929 21462 5929
2: -29282 6941 -7203 5929
4: -29282 -6941 19208 5929
1: 29282 16513 -8967 5929
3: 29282 -16513 -3038 5929
1: 29282 25949 -7889 5929
3: 29282 -25949 -4116 5929
1: 29282 26411 -7856 5929
2: -29282 26411 2532 5929
3: 29282 -26411 -4149 5929
4: -29282 -26411 9473 5929
2: -29282 30919 3038 5929
4: -29282 -30919 8967 5929
1: 29282 40777 -7203 5929
3: 29282 -40777 -4802 5929
1: 29282 41503 -7182 5929
2: -29282 41503 3794 5929
3: 29282 -41503 -4823 5929
4: -29282 -41503 8211 5929
2: -29282 48587 4116 5929
4: -29282 -48587 7889 5929
3: 29792 -2401 14641 5929
4: -29792 -2401 43923 5929
1: 29841 11979 -10010 5929
3: 30184 -14641 -2436 5929
4: -30184 -14641 12040 5929
3: 30184 -27097 -3993 5929
2: -30184 49735 3993 5929
4: -30569 -12005 13310 5929
1: 30613 1331 -43218 5929
2: -30613 1331 -62426 5929
3: 31213 -847 53724 5929
1: 31213 10021 -10648 5929
4: -31213 -18007 10648 5929
4: -31328 -24353 9317 5929
2: -31339 45619 3630 5929
1: 31556 1331 -43505 5929
2: -31556 1331 -62139 5929
2: -31556 4459 -14641 5929
1: 31801 2401 -26620 5929
2: -31801 2401 -31944 5929
4: -31899 -5445 22022 5929
3: 31944 -3993 7203 5929
2: -31944 6615 -8085 5929
2: -32109 43923 3430 5929
3: 32186 -2401 15730 5929
4: -32186 -2401 42834 5929
3: 32242 -14641 -1974 5929
4: -32242 -14641 11578 5929
4: -32549 -1715 57596 5929
4: -33614 -29645 8228 5929
3: 33957 -1029 45254 5929
4: -33957 -43923 7196 5929
1: 34606 2975 -22638 5929
4: -34606 -5033 22638 5929
3: 34643 -1331 34188 5929
1: 35266 14641 -8575 5929
2: -35266 14641 -1029 5929
3: 35332 -7889 1694 5929
2: -35574 7203 -7260 5929
1: 35574 21609 -7381 5929
4: -35574 -36015 7381 5929
2: -35574 43923 2940 5929
1: 35672 12023 -9317 5929
4: -35672 -20009 9317 5929
3: 36784 -2401 17424 5929
4: -36784 -2401 41140 5929
3: 36848 -14641 -1127 5929
4: -36848 -14641 10731 5929
1: 37268 1331 -44933 5929
2: -37268 1331 -60711 5929
3: 37268 -2401 17578 5929
4: -37268 -2401 40986 5929
1: 38416 6655 -12694 5929
3: 38416 -14641 -885 5929
4: -38416 -14641 10489 5929
4: -38599 -53851 6160 5929
3: 39809 -14641 -686 5929
4: -39809 -14641 10290 5929
4: -40474 -7865 15246 5929
1: 40817 9317 -10208 5929
2: -40817 9317 -4884 5929
2: -40866 43923 2352 5929
4: -40964 -2401 39930 5929
3: 41019 -3087 13552 5929
3: 41261 -26215 -2156 5929
2: -41261 40621 2156 5929
2: -41503 5831 -10406 5929
4: -41503 -5831 18876 5929
2: -41503 14641 -1596 5929
4: -41503 -14641 10066 5929
2: -42189 56595 2662 5929
4: -42273 -7203 15972 5929
3: 42592 -2401 19041 5929
4: -42592 -2401 39523 5929
2: -42592 49247 2401 5929
1: 43218 1401 -43923 5929
1: 43218 1617 -38599 5929
4: -43218 -2127 43923 5929
3: 43218 -2541 17908 5929
1: 43218 3993 -18051 5929
4: -43218 -17787 8833 5929
2: -43218 27951 1034 5929
4: -43218 -43923 5997 5929
3: 43582 -40817 -2662 5929
2: -43904 6655 -8701 5929
1: 43923 1029 -58492 5929
3: 43923 -1617 30674 5929
1: 43923 2541 -26068 5929
4: -43923 -3087 31388 5929
1: 43923 4053 -17836 5929
2: -43923 4851 -13426 5929
4: -43923 -6111 17836 5929
3: 43923 -6369 4802 5929
1: 43923 7203 -11786 5929
2: -43923 9603 -4802 5929
3: 43923 -11319 952 5929
1: 43923 17787 -7154 5929
4: -43923 -21609 7914 5929
1: 43923 28371 -5978 5929
2: -43923 33957 1512 5929
4: -43923 -42777 5978 5929
3: 43923 -44583 -2744 5929
4: -43923 -53361 5586 5929
1: 44247 1029 -58564 5929
1: 44286 28665 -5929 5929
4: -44286 -43071 5929 5929
1: 45012 7203 -11737 5929
4: -45254 -8771 13475 5929
1: 45254 9317 -9947 5929
2: -45254 9317 -5145 5929
2: -45276 43923 1967 5929
3: 45276 -46305 -2662 5929
4: -45496 -14641 9604 5929
2: -45619 4895 -13310 5929
3: 45619 -9317 2222 5929
4: -45619 -9317 12870 5929
1: 46452 26499 -5929 5929
3: 46816 -2401 19965 5929
4: -46816 -2401 38599 5929
3: 47334 -11319 1331 5929
3: 47432 -2401 20086 5929
4: -47432 -2401 38478 5929
3: 47432 -14641 196 5929
4: -47432 -14641 9408 5929
4: -47674 -4165 23716 5929
3: 47916 -1029 51975 5929
3: 47916 -6321 5390 5929
2: -47916 27951 686 5929
1: 47916 36015 -5258 5929
3: 48069 -43923 -2352 5929
1: 48363 33957 -5324 5929
1: 48706 17303 -6930 5929
1: 48706 18865 -6655 5929
1: 49126 45619 -4840 5929
4: -49247 -1519 58212 5929
1: 49973 2401 -27588 5929
2: -49973 2401 -30976 5929
4: -50078 -3509 27104 5929
2: -50094 36015 1210 5929
2: -50127 7203 -7986 5929
1: 50421 8085 -10648 5929
2: -50421 53361 1936 5929
1: 50457 43923 -4802 5929
3: 50578 -2401 20658 5929
4: -50578 -2401 37906 5929
3: 50578 -9317 2744 5929
4: -50578 -9317 12348 5929
3: 50666 -14641 490 5929
4: -50666 -14641 9114 5929
4: -51909 -3993 24010 5929
1: 51909 4977 -15092 5929
4: -51909 -7035 15092 5929
1: 52151 12005 -8228 5929
1: 52822 1141 -54571 5929
3: 52822 -1141 47916 5929
2: -52822 1603 -47916 5929
4: -52822 -1603 54571 5929
1: 52822 7987 -10648 5929
3: 52822 -7987 3993 5929
2: -52822 11221 -3993 5929
4: -52822 -11221 10648 5929
1: 52822 14641 -7321 5929
2: -52822 14641 -2283 5929
3: 52822 -14641 666 5929
4: -52822 -14641 8938 5929
3: 53361 -7203 4840 5929
3: 53361 -43923 -1960 5929
3: 53508 -3993 11396 5929
4: -53802 -7203 14641 5929
2: -54782 30613 539 5929
1: 55223 1331 -47498 5929
2: -55223 1331 -58146 5929
1: 55418 14641 -7203 5929
2: -55418 14641 -2401 5929
1: 55566 5145 -14641 5929
3: 55902 -3993 11662 5929
1: 55902 7203 -11352 5929
4: -55902 -11979 9947 5929
2: -55902 21609 -627 5929
3: 55909 -12221 1694 5929
1: 56056 16807 -6655 5929
3: 56938 -4477 10164 5929
3: 57233 -5593 7546 5929
2: -57233 7651 -7546 5929
1: 57624 1071 -58564 5929
3: 57624 -1089 51546 5929
1: 57624 1287 -49247 5929
4: -57624 -1617 53240 5929
4: -57624 -3993 23375 5929
4: -57624 -12705 9438 5929
3: 57624 -53361 -1936 5929
1: 57624 63063 -3993 5929
3: 57904 -14641 1029 5929
4: -57904 -14641 8575 5929
4: -57959 -5831 16940 5929
4: -58564 -1561 54880 5929
2: -58564 1715 -44219 5929
3: 58564 -2401 21834 5929
4: -58564 -2401 36730 5929
4: -58564 -2453 36015 5929
2: -58564 2695 -27048 5929
3: 58564 -3773 12803 5929
4: -58564 -3773 24465 5929
2: -58564 4235 -16121 5929
1: 58564 5747 -13377 5929
3: 58564 -5929 7056 5929
4: -58564 -5929 16660 5929
4: -58564 -7805 13377 5929
1: 58564 9031 -9604 5929
2: -58564 10927 -4410 5929
4: -58564 -12005 9747 5929
4: -58564 -12265 9604 5929
2: -58564 17171 -1715 5929
4: -58564 -18865 7294 5929
1: 58564 26411 -5259 5929
2: -58564 26411 -65 5929
4: -58564 -29645 5733 5929
3: 58564 -40229 -1519 5929
1: 58564 41503 -4438 5929
2: -58564 41503 1050 5929
2: -58564 54635 1519 5929
3: 58564 -63217 -2058 5929
4: -59682 -33957 5324 5929
3: 60368 -14641 1183 5929
4: -60368 -14641 8421 5929
4: -60858 -26499 5929 5929
1: 61226 1331 -48020 5929
2: -61226 1331 -57624 5929
1: 62426 2299 -29040 5929
2: -62426 3157 -22627 5929
2: -62426 8591 -6534 5929
3: 62426 -8855 3993 5929
1: 62426 24035 -5324 5929
1: 62426 30613 -4785 5929
4: -62426 -32021 5324 5929
1: 62426 51205 -3993 5929
4: -62769 -14157 8470 5929
2: -63602 2401 -30613 5929
