0 1.54977
0.0001 1.54977
0.0002 1.54977
0.0003 1.54977
0.0004 1.54977
0.0005 1.54977
0.0006 1.54977
0.0007 1.54977
0.0008 1.54977
0.0009 1.54977
0.001 1.54977
0.0011 1.54977
0.0012 1.54977
0.0013 1.54977
0.0014 1.54977
0.0015 1.54977
0.0016 1.54977
0.0017 1.54977
0.0018 1.54977
0.0019 1.54977
0.002 1.54977
0.0021 1.54977
0.0022 1.54977
0.0023 1.54977
0.0024 1.54977
0.0025 1.54977
0.0026 1.54977
0.0027 1.54977
0.0028 1.54977
0.0029 1.54977
0.003 1.54977
0.0031 1.54977
0.0032 1.54977
0.0033 1.54977
0.0034 1.54977
0.0035 1.54977
0.0036 1.54977
0.0037 1.54977
0.0038 1.54977
0.0039 1.54977
0.004 1.54977
0.0041 1.54977
0.0042 1.54977
0.0043 1.54977
0.0044 1.54977
0.0045 1.54977
0.0046 1.54977
0.0047 1.54977
0.0048 1.54977
0.0049 1.54977
0.005 1.54977
0.0051 1.54977
0.0052 1.54977
0.0053 1.54977
0.0054 1.54977
0.0055 1.54977
0.0056 1.54977
0.0057 1.54977
0.0058 1.54977
0.0059 1.54977
0.006 1.54977
0.0061 1.54977
0.0062 1.54977
0.0063 1.54977
0.0064 1.54977
0.0065 1.54977
0.0066 1.54977
0.0067 1.54977
0.0068 1.54977
0.0069 1.54977
0.007 1.54977
0.0071 1.54977
0.0072 1.54977
0.0073 1.54977
0.0074 1.54977
0.0075 1.54977
0.0076 1.54977
0.0077 1.54977
0.0078 1.54977
0.0079 1.54977
0.008 1.54977
0.0081 1.54977
0.0082 1.54977
0.0083 1.54977
0.0084 1.54977
0.0085 1.54977
0.0086 1.54977
0.0087 1.54977
0.0088 1.54977
0.0089 1.54977
0.009 1.54977
0.0091 1.54977
0.0092 1.54977
0.0093 1.54977
0.0094 1.54977
0.0095 1.54977
0.0096 1.54977
0.0097 1.54977
0.0098 1.54977
0.0099 1.54977
0.01 1.54977
0.0101 1.54977
0.0102 1.54977
0.0103 1.54977
0.0104 1.54977
0.0105 1.54977
0.0106 1.54977
0.0107 1.54977
0.0108 1.54977
0.0109 1.54977
0.011 1.54977
0.0111 1.54977
0.0112 1.54977
0.0113 1.54977
0.0114 1.54977
0.0115 1.54977
0.0116 1.54977
0.0117 1.54977
0.0118 1.54977
0.0119 1.54977
0.012 1.54977
0.0121 1.54977
0.0122 1.54977
0.0123 1.54977
0.0124 1.54977
0.0125 1.54977
0.0126 1.54969
0.0127 1.54961
0.0128 1.54953
0.0129 1.54945
0.013 1.54937
0.0131 1.54929
0.0132 1.54921
0.0133 1.54913
0.0134 1.54905
0.0135 1.54897
0.0136 1.54889
0.0137 1.54881
0.0138 1.54873
0.0139 1.54864
0.014 1.54847
0.0141 1.5483
0.0142 1.54813
0.0143 1.54796
0.0144 1.54779
0.0145 1.54762
0.0146 1.54746
0.0147 1.54729
0.0148 1.54712
0.0149 1.54695
0.015 1.54678
0.0151 1.54661
0.0152 1.54644
0.0153 1.54627
0.0154 1.5461
0.0155 1.54594
0.0156 1.54577
0.0157 1.54552
0.0158 1.54525
0.0159 1.54499
0.016 1.54472
0.0161 1.54445
0.0162 1.54418
0.0163 1.54391
0.0164 1.54364
0.0165 1.54337
0.0166 1.5431
0.0167 1.54283
0.0168 1.54257
0.0169 1.5423
0.017 1.54203
0.0171 1.54176
0.0172 1.54149
0.0173 1.54122
0.0174 1.54095
0.0175 1.54068
0.0176 1.54041
0.0177 1.54015
0.0178 1.53988
0.0179 1.53956
0.018 1.53918
0.0181 1.53879
0.0182 1.53841
0.0183 1.53803
0.0184 1.53764
0.0185 1.53726
0.0186 1.53688
0.0187 1.53649
0.0188 1.53611
0.0189 1.53573
0.019 1.53534
0.0191 1.53496
0.0192 1.53458
0.0193 1.53419
0.0194 1.53381
0.0195 1.53343
0.0196 1.53304
0.0197 1.53266
0.0198 1.53228
0.0199 1.53189
0.02 1.53151
0.0201 1.53113
0.0202 1.53075
0.0203 1.53036
0.0204 1.52998
0.0205 1.5296
0.0206 1.52921
0.0207 1.52883
0.0208 1.52845
0.0209 1.52797
0.021 1.52746
0.0211 1.52694
0.0212 1.52642
0.0213 1.52591
0.0214 1.52539
0.0215 1.52488
0.0216 1.52436
0.0217 1.52384
0.0218 1.52333
0.0219 1.52281
0.022 1.52229
0.0221 1.52178
0.0222 1.52126
0.0223 1.52074
0.0224 1.52023
0.0225 1.51971
0.0226 1.51919
0.0227 1.51868
0.0228 1.51816
0.0229 1.51764
0.023 1.51713
0.0231 1.51661
0.0232 1.51609
0.0233 1.51558
0.0234 1.51506
0.0235 1.51454
0.0236 1.51403
0.0237 1.51351
0.0238 1.513
0.0239 1.51248
0.024 1.51196
0.0241 1.51145
0.0242 1.51093
0.0243 1.51041
0.0244 1.5099
0.0245 1.50938
0.0246 1.50886
0.0247 1.50835
0.0248 1.50783
0.0249 1.50731
0.025 1.5068
0.0251 1.5062
0.0252 1.5056
0.0253 1.50501
0.0254 1.50441
0.0255 1.50381
0.0256 1.50322
0.0257 1.50262
0.0258 1.50203
0.0259 1.50143
0.026 1.50083
0.0261 1.50024
0.0262 1.49964
0.0263 1.49904
0.0264 1.49845
0.0265 1.49785
0.0266 1.49725
0.0267 1.49666
0.0268 1.49606
0.0269 1.49546
0.027 1.49487
0.0271 1.49427
0.0272 1.49367
0.0273 1.49308
0.0274 1.49248
0.0275 1.49188
0.0276 1.49129
0.0277 1.49069
0.0278 1.49011
0.0279 1.48961
0.028 1.4891
0.0281 1.48859
0.0282 1.48808
0.0283 1.48758
0.0284 1.48707
0.0285 1.48656
0.0286 1.48605
0.0287 1.48555
0.0288 1.48504
0.0289 1.48453
0.029 1.48402
0.0291 1.48352
0.0292 1.48301
0.0293 1.4825
0.0294 1.48199
0.0295 1.48149
0.0296 1.48098
0.0297 1.48047
0.0298 1.47996
0.0299 1.47945
0.03 1.47895
0.0301 1.47844
0.0302 1.47793
0.0303 1.47742
0.0304 1.47692
0.0305 1.47641
0.0306 1.4759
0.0307 1.47539
0.0308 1.47489
0.0309 1.47438
0.031 1.47387
0.0311 1.47336
0.0312 1.47286
0.0313 1.4723
0.0314 1.47169
0.0315 1.47108
0.0316 1.47048
0.0317 1.46987
0.0318 1.46926
0.0319 1.46865
0.032 1.46804
0.0321 1.46744
0.0322 1.46683
0.0323 1.46622
0.0324 1.46561
0.0325 1.46501
0.0326 1.4644
0.0327 1.46379
0.0328 1.46318
0.0329 1.46258
0.033 1.46197
0.0331 1.46136
0.0332 1.46075
0.0333 1.46015
0.0334 1.45954
0.0335 1.45893
0.0336 1.45832
0.0337 1.45772
0.0338 1.45711
0.0339 1.4565
0.034 1.45589
0.0341 1.45528
0.0342 1.45468
0.0343 1.45407
0.0344 1.45346
0.0345 1.45285
0.0346 1.45225
0.0347 1.45164
0.0348 1.45103
0.0349 1.45042
0.035 1.44982
0.0351 1.44921
0.0352 1.4486
0.0353 1.44799
0.0354 1.44739
0.0355 1.44678
0.0356 1.44617
0.0357 1.44556
0.0358 1.44505
0.0359 1.44456
0.036 1.44407
0.0361 1.44357
0.0362 1.44308
0.0363 1.44259
0.0364 1.44209
0.0365 1.4416
0.0366 1.44111
0.0367 1.44061
0.0368 1.44012
0.0369 1.43963
0.037 1.43913
0.0371 1.43864
0.0372 1.43815
0.0373 1.43765
0.0374 1.43716
0.0375 1.43667
0.0376 1.43617
0.0377 1.43568
0.0378 1.43519
0.0379 1.43469
0.038 1.4342
0.0381 1.43371
0.0382 1.43321
0.0383 1.43272
0.0384 1.43223
0.0385 1.43173
0.0386 1.43124
0.0387 1.43075
0.0388 1.43025
0.0389 1.42976
0.039 1.42927
0.0391 1.42877
0.0392 1.42828
0.0393 1.42779
0.0394 1.42729
0.0395 1.4268
0.0396 1.42631
0.0397 1.42581
0.0398 1.42532
0.0399 1.42483
0.04 1.42433
0.0401 1.42384
0.0402 1.42335
0.0403 1.42285
0.0404 1.42236
0.0405 1.42187
0.0406 1.42137
0.0407 1.42088
0.0408 1.42039
0.0409 1.41989
0.041 1.4194
0.0411 1.41891
0.0412 1.41841
0.0413 1.41792
0.0414 1.41743
0.0415 1.41693
0.0416 1.41644
0.0417 1.4159
0.0418 1.41528
0.0419 1.41465
0.042 1.41402
0.0421 1.4134
0.0422 1.41277
0.0423 1.41214
0.0424 1.41152
0.0425 1.41089
0.0426 1.41026
0.0427 1.40964
0.0428 1.40901
0.0429 1.40838
0.043 1.40776
0.0431 1.40713
0.0432 1.4065
0.0433 1.40588
0.0434 1.40525
0.0435 1.40462
0.0436 1.404
0.0437 1.40337
0.0438 1.40274
0.0439 1.40212
0.044 1.40149
0.0441 1.40086
0.0442 1.40024
0.0443 1.39961
0.0444 1.39898
0.0445 1.39836
0.0446 1.39773
0.0447 1.3971
0.0448 1.39648
0.0449 1.39585
0.045 1.39522
0.0451 1.3946
0.0452 1.39397
0.0453 1.39334
0.0454 1.39272
0.0455 1.39209
0.0456 1.39146
0.0457 1.39084
0.0458 1.39021
0.0459 1.38958
0.046 1.38896
0.0461 1.38833
0.0462 1.3877
0.0463 1.38708
0.0464 1.38645
0.0465 1.38582
0.0466 1.3852
0.0467 1.38457
0.0468 1.38394
0.0469 1.38332
0.047 1.38269
0.0471 1.38206
0.0472 1.38144
0.0473 1.38081
0.0474 1.38018
0.0475 1.37956
0.0476 1.37893
0.0477 1.3783
0.0478 1.37768
0.0479 1.37705
0.048 1.37642
0.0481 1.3758
0.0482 1.37517
0.0483 1.37454
0.0484 1.37392
0.0485 1.37329
0.0486 1.37266
0.0487 1.37204
0.0488 1.37141
0.0489 1.37078
0.049 1.37016
0.0491 1.36953
0.0492 1.3689
0.0493 1.36828
0.0494 1.36765
0.0495 1.36702
0.0496 1.3664
0.0497 1.36577
0.0498 1.36514
0.0499 1.36452
0.05 1.36389
0.0501 1.36342
0.0502 1.36296
0.0503 1.36249
0.0504 1.36202
0.0505 1.36156
0.0506 1.36109
0.0507 1.36062
0.0508 1.36016
0.0509 1.35969
0.051 1.35922
0.0511 1.35876
0.0512 1.35829
0.0513 1.35782
0.0514 1.35736
0.0515 1.35689
0.0516 1.35642
0.0517 1.35596
0.0518 1.35549
0.0519 1.35502
0.052 1.35456
0.0521 1.35409
0.0522 1.35362
0.0523 1.35316
0.0524 1.35269
0.0525 1.35222
0.0526 1.35176
0.0527 1.35129
0.0528 1.35082
0.0529 1.35036
0.053 1.34989
0.0531 1.34942
0.0532 1.34896
0.0533 1.34849
0.0534 1.34802
0.0535 1.34756
0.0536 1.34709
0.0537 1.34662
0.0538 1.34616
0.0539 1.34569
0.054 1.34522
0.0541 1.34476
0.0542 1.34429
0.0543 1.34382
0.0544 1.34336
0.0545 1.34289
0.0546 1.34242
0.0547 1.34196
0.0548 1.34149
0.0549 1.34102
0.055 1.34056
0.0551 1.34009
0.0552 1.33962
0.0553 1.33916
0.0554 1.33869
0.0555 1.33822
0.0556 1.33776
0.0557 1.33729
0.0558 1.33682
0.0559 1.33636
0.056 1.33589
0.0561 1.33542
0.0562 1.33496
0.0563 1.33449
0.0564 1.33402
0.0565 1.33356
0.0566 1.33309
0.0567 1.33262
0.0568 1.33216
0.0569 1.33169
0.057 1.33122
0.0571 1.33076
0.0572 1.33029
0.0573 1.32982
0.0574 1.32936
0.0575 1.32889
0.0576 1.32842
0.0577 1.32796
0.0578 1.32749
0.0579 1.32702
0.058 1.32656
0.0581 1.32609
0.0582 1.32562
0.0583 1.32516
0.0584 1.32469
0.0585 1.32422
0.0586 1.32376
0.0587 1.32329
0.0588 1.32282
0.0589 1.32236
0.059 1.32189
0.0591 1.32142
0.0592 1.32096
0.0593 1.32049
0.0594 1.32002
0.0595 1.31956
0.0596 1.31909
0.0597 1.31862
0.0598 1.31816
0.0599 1.31769
0.06 1.31722
0.0601 1.31676
0.0602 1.31629
0.0603 1.31582
0.0604 1.31536
0.0605 1.31489
0.0606 1.31442
0.0607 1.31396
0.0608 1.31349
0.0609 1.31302
0.061 1.31256
0.0611 1.31209
0.0612 1.31162
0.0613 1.31116
0.0614 1.31069
0.0615 1.31022
0.0616 1.30976
0.0617 1.30929
0.0618 1.30882
0.0619 1.30836
0.062 1.30789
0.0621 1.30742
0.0622 1.30696
0.0623 1.30649
0.0624 1.30602
0.0625 1.30556
0.0626 1.30489
0.0627 1.30422
0.0628 1.30356
0.0629 1.30289
0.063 1.30222
0.0631 1.30156
0.0632 1.30089
0.0633 1.30022
0.0634 1.29956
0.0635 1.29889
0.0636 1.29822
0.0637 1.29756
0.0638 1.29689
0.0639 1.29622
0.064 1.29556
0.0641 1.29489
0.0642 1.29422
0.0643 1.29356
0.0644 1.29289
0.0645 1.29222
0.0646 1.29156
0.0647 1.29089
0.0648 1.29022
0.0649 1.28956
0.065 1.28889
0.0651 1.28822
0.0652 1.28756
0.0653 1.28689
0.0654 1.28622
0.0655 1.28556
0.0656 1.28489
0.0657 1.28422
0.0658 1.28356
0.0659 1.28289
0.066 1.28222
0.0661 1.28156
0.0662 1.28089
0.0663 1.28022
0.0664 1.27956
0.0665 1.27889
0.0666 1.27822
0.0667 1.27756
0.0668 1.27689
0.0669 1.27622
0.067 1.27556
0.0671 1.27489
0.0672 1.27422
0.0673 1.27356
0.0674 1.27289
0.0675 1.27222
0.0676 1.27156
0.0677 1.27089
0.0678 1.27022
0.0679 1.26956
0.068 1.26889
0.0681 1.26822
0.0682 1.26756
0.0683 1.26689
0.0684 1.26622
0.0685 1.26556
0.0686 1.26489
0.0687 1.26422
0.0688 1.26356
0.0689 1.26289
0.069 1.26222
0.0691 1.26156
0.0692 1.26089
0.0693 1.26022
0.0694 1.25956
0.0695 1.25889
0.0696 1.25822
0.0697 1.25756
0.0698 1.25689
0.0699 1.25622
0.07 1.25556
0.0701 1.25489
0.0702 1.25422
0.0703 1.25356
0.0704 1.25289
0.0705 1.25222
0.0706 1.25156
0.0707 1.25089
0.0708 1.25022
0.0709 1.24956
0.071 1.24889
0.0711 1.24822
0.0712 1.24756
0.0713 1.24689
0.0714 1.24622
0.0715 1.24556
0.0716 1.24489
0.0717 1.24422
0.0718 1.24356
0.0719 1.24289
0.072 1.24222
0.0721 1.24156
0.0722 1.24089
0.0723 1.24022
0.0724 1.23956
0.0725 1.23889
0.0726 1.23822
0.0727 1.23756
0.0728 1.23689
0.0729 1.23622
0.073 1.23556
0.0731 1.23489
0.0732 1.23422
0.0733 1.23356
0.0734 1.23289
0.0735 1.23222
0.0736 1.23156
0.0737 1.23089
0.0738 1.23022
0.0739 1.22956
0.074 1.22889
0.0741 1.22822
0.0742 1.22756
0.0743 1.22689
0.0744 1.22622
0.0745 1.22556
0.0746 1.22489
0.0747 1.22422
0.0748 1.22356
0.0749 1.22289
0.075 1.22222
0.0751 1.22164
0.0752 1.22105
0.0753 1.22046
0.0754 1.21988
0.0755 1.21929
0.0756 1.2187
0.0757 1.21812
0.0758 1.21753
0.0759 1.21694
0.076 1.21636
0.0761 1.21577
0.0762 1.21518
0.0763 1.2146
0.0764 1.21401
0.0765 1.21342
0.0766 1.21284
0.0767 1.21225
0.0768 1.21166
0.0769 1.21108
0.077 1.21049
0.0771 1.2099
0.0772 1.20932
0.0773 1.20873
0.0774 1.20814
0.0775 1.20756
0.0776 1.20697
0.0777 1.20638
0.0778 1.2058
0.0779 1.20521
0.078 1.20462
0.0781 1.20404
0.0782 1.20345
0.0783 1.20286
0.0784 1.20228
0.0785 1.20169
0.0786 1.2011
0.0787 1.20052
0.0788 1.19993
0.0789 1.19934
0.079 1.19876
0.0791 1.19817
0.0792 1.19758
0.0793 1.197
0.0794 1.19641
0.0795 1.19582
0.0796 1.19524
0.0797 1.19465
0.0798 1.19406
0.0799 1.19348
0.08 1.19289
0.0801 1.1923
0.0802 1.19172
0.0803 1.19113
0.0804 1.19054
0.0805 1.18996
0.0806 1.18937
0.0807 1.18878
0.0808 1.1882
0.0809 1.18761
0.081 1.18702
0.0811 1.18644
0.0812 1.18585
0.0813 1.18526
0.0814 1.18468
0.0815 1.18409
0.0816 1.1835
0.0817 1.18292
0.0818 1.18233
0.0819 1.18174
0.082 1.18116
0.0821 1.18057
0.0822 1.17998
0.0823 1.1794
0.0824 1.17881
0.0825 1.17822
0.0826 1.17764
0.0827 1.17705
0.0828 1.17646
0.0829 1.17588
0.083 1.17529
0.0831 1.1747
0.0832 1.17412
0.0833 1.17353
0.0834 1.17318
0.0835 1.17295
0.0836 1.17272
0.0837 1.17249
0.0838 1.17225
0.0839 1.17202
0.084 1.17179
0.0841 1.17156
0.0842 1.17133
0.0843 1.1711
0.0844 1.17087
0.0845 1.17064
0.0846 1.17041
0.0847 1.17017
0.0848 1.16994
0.0849 1.16971
0.085 1.16948
0.0851 1.16925
0.0852 1.16902
0.0853 1.16879
0.0854 1.16856
0.0855 1.16833
0.0856 1.16809
0.0857 1.16786
0.0858 1.16763
0.0859 1.1674
0.086 1.16717
0.0861 1.16694
0.0862 1.16671
0.0863 1.16648
0.0864 1.16625
0.0865 1.16601
0.0866 1.16578
0.0867 1.16555
0.0868 1.16532
0.0869 1.16509
0.087 1.16486
0.0871 1.16463
0.0872 1.1644
0.0873 1.16417
0.0874 1.16393
0.0875 1.1637
0.0876 1.16339
0.0877 1.16308
0.0878 1.16277
0.0879 1.16246
0.088 1.16215
0.0881 1.16184
0.0882 1.16153
0.0883 1.16121
0.0884 1.1609
0.0885 1.16059
0.0886 1.16028
0.0887 1.15997
0.0888 1.15966
0.0889 1.15935
0.089 1.15904
0.0891 1.15873
0.0892 1.15841
0.0893 1.1581
0.0894 1.15779
0.0895 1.15748
0.0896 1.15717
0.0897 1.15686
0.0898 1.15655
0.0899 1.15624
0.09 1.15593
0.0901 1.15561
0.0902 1.1553
0.0903 1.15499
0.0904 1.15468
0.0905 1.15437
0.0906 1.15406
0.0907 1.15375
0.0908 1.15344
0.0909 1.15313
0.091 1.15281
0.0911 1.1525
0.0912 1.15219
0.0913 1.15188
0.0914 1.15157
0.0915 1.15126
0.0916 1.15095
0.0917 1.15064
0.0918 1.15033
0.0919 1.15001
0.092 1.1497
0.0921 1.14939
0.0922 1.14908
0.0923 1.14877
0.0924 1.14846
0.0925 1.14815
0.0926 1.14784
0.0927 1.14753
0.0928 1.14721
0.0929 1.1469
0.093 1.14659
0.0931 1.14628
0.0932 1.14597
0.0933 1.14566
0.0934 1.14535
0.0935 1.14504
0.0936 1.14473
0.0937 1.14441
0.0938 1.14415
0.0939 1.14394
0.094 1.14373
0.0941 1.14352
0.0942 1.14331
0.0943 1.1431
0.0944 1.14289
0.0945 1.14268
0.0946 1.14246
0.0947 1.14225
0.0948 1.14204
0.0949 1.14183
0.095 1.14162
0.0951 1.14141
0.0952 1.1412
0.0953 1.14099
0.0954 1.14078
0.0955 1.14056
0.0956 1.14035
0.0957 1.14014
0.0958 1.13993
0.0959 1.13972
0.096 1.13951
0.0961 1.1393
0.0962 1.13909
0.0963 1.13888
0.0964 1.13866
0.0965 1.13845
0.0966 1.13824
0.0967 1.13803
0.0968 1.13782
0.0969 1.13761
0.097 1.1374
0.0971 1.13719
0.0972 1.13698
0.0973 1.1367
0.0974 1.1364
0.0975 1.1361
0.0976 1.1358
0.0977 1.1355
0.0978 1.1352
0.0979 1.1349
0.098 1.1346
0.0981 1.1343
0.0982 1.134
0.0983 1.1337
0.0984 1.1334
0.0985 1.1331
0.0986 1.1328
0.0987 1.1325
0.0988 1.1322
0.0989 1.1319
0.099 1.1316
0.0991 1.1313
0.0992 1.131
0.0993 1.1307
0.0994 1.1304
0.0995 1.1301
0.0996 1.1298
0.0997 1.1295
0.0998 1.1292
0.0999 1.1289
0.1 1.1286
0.1001 1.1283
0.1002 1.128
0.1003 1.1277
0.1004 1.1274
0.1005 1.1271
0.1006 1.1268
0.1007 1.1265
0.1008 1.1262
0.1009 1.1259
0.101 1.1256
0.1011 1.1253
0.1012 1.125
0.1013 1.1247
0.1014 1.1244
0.1015 1.1241
0.1016 1.1238
0.1017 1.1235
0.1018 1.1232
0.1019 1.1229
0.102 1.1226
0.1021 1.1223
0.1022 1.122
0.1023 1.1217
0.1024 1.1214
0.1025 1.1211
0.1026 1.1208
0.1027 1.1205
0.1028 1.1202
0.1029 1.1199
0.103 1.1196
0.1031 1.1193
0.1032 1.119
0.1033 1.1187
0.1034 1.1184
0.1035 1.1181
0.1036 1.1178
0.1037 1.1175
0.1038 1.1172
0.1039 1.1169
0.104 1.1166
0.1041 1.1163
0.1042 1.116
0.1043 1.1157
0.1044 1.1154
0.1045 1.1151
0.1046 1.1148
0.1047 1.1145
0.1048 1.1142
0.1049 1.1139
0.105 1.1136
0.1051 1.1133
0.1052 1.113
0.1053 1.1127
0.1054 1.1124
0.1055 1.1121
0.1056 1.1118
0.1057 1.1115
0.1058 1.1112
0.1059 1.1109
0.106 1.1106
0.1061 1.1103
0.1062 1.11
0.1063 1.1097
0.1064 1.1094
0.1065 1.1091
0.1066 1.1088
0.1067 1.1085
0.1068 1.1082
0.1069 1.1079
0.107 1.1076
0.1071 1.1073
0.1072 1.10706
0.1073 1.10688
0.1074 1.10669
0.1075 1.1065
0.1076 1.10632
0.1077 1.10613
0.1078 1.10595
0.1079 1.10576
0.108 1.10558
0.1081 1.10539
0.1082 1.1052
0.1083 1.10502
0.1084 1.10483
0.1085 1.10465
0.1086 1.10446
0.1087 1.10428
0.1088 1.10409
0.1089 1.1039
0.109 1.10372
0.1091 1.10353
0.1092 1.10335
0.1093 1.10316
0.1094 1.10295
0.1095 1.10266
0.1096 1.10238
0.1097 1.10209
0.1098 1.10181
0.1099 1.10152
0.11 1.10124
0.1101 1.10095
0.1102 1.10066
0.1103 1.10038
0.1104 1.10009
0.1105 1.09981
0.1106 1.09952
0.1107 1.09924
0.1108 1.09895
0.1109 1.09866
0.111 1.09838
0.1111 1.09809
0.1112 1.09781
0.1113 1.09752
0.1114 1.09724
0.1115 1.09695
0.1116 1.09666
0.1117 1.09638
0.1118 1.09609
0.1119 1.09581
0.112 1.09552
0.1121 1.09524
0.1122 1.09495
0.1123 1.09466
0.1124 1.09438
0.1125 1.09409
0.1126 1.09373
0.1127 1.09336
0.1128 1.093
0.1129 1.09263
0.113 1.09226
0.1131 1.0919
0.1132 1.09153
0.1133 1.09117
0.1134 1.0908
0.1135 1.09044
0.1136 1.09007
0.1137 1.0897
0.1138 1.08934
0.1139 1.08897
0.114 1.08861
0.1141 1.08824
0.1142 1.08788
0.1143 1.08751
0.1144 1.08714
0.1145 1.08678
0.1146 1.08641
0.1147 1.08605
0.1148 1.08568
0.1149 1.08532
0.115 1.08495
0.1151 1.08458
0.1152 1.08422
0.1153 1.08385
0.1154 1.08349
0.1155 1.08312
0.1156 1.08276
0.1157 1.08239
0.1158 1.08202
0.1159 1.08166
0.116 1.08129
0.1161 1.08093
0.1162 1.08056
0.1163 1.0802
0.1164 1.07983
0.1165 1.07946
0.1166 1.0791
0.1167 1.07873
0.1168 1.07837
0.1169 1.078
0.117 1.07764
0.1171 1.07727
0.1172 1.0769
0.1173 1.07654
0.1174 1.07617
0.1175 1.07581
0.1176 1.07544
0.1177 1.07508
0.1178 1.07471
0.1179 1.07434
0.118 1.07398
0.1181 1.07361
0.1182 1.07325
0.1183 1.07288
0.1184 1.07252
0.1185 1.07215
0.1186 1.07178
0.1187 1.07142
0.1188 1.07105
0.1189 1.07069
0.119 1.07032
0.1191 1.06996
0.1192 1.06959
0.1193 1.06922
0.1194 1.06886
0.1195 1.06849
0.1196 1.06813
0.1197 1.06776
0.1198 1.0674
0.1199 1.06703
0.12 1.06666
0.1201 1.0663
0.1202 1.06593
0.1203 1.06557
0.1204 1.0652
0.1205 1.06484
0.1206 1.06447
0.1207 1.0641
0.1208 1.06374
0.1209 1.06337
0.121 1.06301
0.1211 1.06264
0.1212 1.06228
0.1213 1.06191
0.1214 1.06154
0.1215 1.06118
0.1216 1.06081
0.1217 1.06045
0.1218 1.06008
0.1219 1.05972
0.122 1.05935
0.1221 1.05898
0.1222 1.05862
0.1223 1.05825
0.1224 1.05789
0.1225 1.05752
0.1226 1.05716
0.1227 1.05679
0.1228 1.05642
0.1229 1.05606
0.123 1.05569
0.1231 1.05533
0.1232 1.05496
0.1233 1.0546
0.1234 1.05423
0.1235 1.05386
0.1236 1.0535
0.1237 1.05313
0.1238 1.05277
0.1239 1.0524
0.124 1.05204
0.1241 1.05167
0.1242 1.0513
0.1243 1.05094
0.1244 1.05057
0.1245 1.05021
0.1246 1.04984
0.1247 1.04948
0.1248 1.04911
0.1249 1.04874
0.125 1.04838
0.1251 1.04762
0.1252 1.04687
0.1253 1.04611
0.1254 1.04536
0.1255 1.0446
0.1256 1.04385
0.1257 1.04309
0.1258 1.04233
0.1259 1.04158
0.126 1.04082
0.1261 1.04007
0.1262 1.03931
0.1263 1.03856
0.1264 1.0378
0.1265 1.03705
0.1266 1.03629
0.1267 1.03553
0.1268 1.03478
0.1269 1.03402
0.127 1.03327
0.1271 1.03251
0.1272 1.03176
0.1273 1.031
0.1274 1.03025
0.1275 1.02949
0.1276 1.02873
0.1277 1.02798
0.1278 1.02722
0.1279 1.02647
0.128 1.02571
0.1281 1.02496
0.1282 1.0242
0.1283 1.02345
0.1284 1.02269
0.1285 1.02193
0.1286 1.02118
0.1287 1.02042
0.1288 1.01967
0.1289 1.01891
0.129 1.01816
0.1291 1.0174
0.1292 1.01665
0.1293 1.01589
0.1294 1.01513
0.1295 1.01438
0.1296 1.01362
0.1297 1.01287
0.1298 1.01211
0.1299 1.01136
0.13 1.0106
0.1301 1.00985
0.1302 1.00909
0.1303 1.00833
0.1304 1.00758
0.1305 1.00682
0.1306 1.00607
0.1307 1.00531
0.1308 1.00456
0.1309 1.0038
0.131 1.00305
0.1311 1.00229
0.1312 1.00153
0.1313 1.00078
0.1314 1.00002
0.1315 0.999268
0.1316 0.998512
0.1317 0.997757
0.1318 0.997001
0.1319 0.996246
0.132 0.99549
0.1321 0.994734
0.1322 0.993979
0.1323 0.993223
0.1324 0.992468
0.1325 0.991712
0.1326 0.990957
0.1327 0.990201
0.1328 0.989446
0.1329 0.98869
0.133 0.987934
0.1331 0.987179
0.1332 0.986423
0.1333 0.985668
0.1334 0.984912
0.1335 0.984157
0.1336 0.983401
0.1337 0.982646
0.1338 0.98189
0.1339 0.981134
0.134 0.980379
0.1341 0.979623
0.1342 0.978868
0.1343 0.978112
0.1344 0.977357
0.1345 0.976601
0.1346 0.975846
0.1347 0.97509
0.1348 0.974334
0.1349 0.973579
0.135 0.972823
0.1351 0.972068
0.1352 0.971312
0.1353 0.970557
0.1354 0.969801
0.1355 0.969046
0.1356 0.96829
0.1357 0.967534
0.1358 0.966779
0.1359 0.966023
0.136 0.965268
0.1361 0.964512
0.1362 0.963757
0.1363 0.963001
0.1364 0.962246
0.1365 0.96149
0.1366 0.960734
0.1367 0.959979
0.1368 0.959223
0.1369 0.958468
0.137 0.957712
0.1371 0.956957
0.1372 0.956201
0.1373 0.955446
0.1374 0.95469
0.1375 0.953934
0.1376 0.953179
0.1377 0.952423
0.1378 0.951668
0.1379 0.950912
0.138 0.950157
0.1381 0.949401
0.1382 0.948646
0.1383 0.94789
0.1384 0.947134
0.1385 0.946379
0.1386 0.945623
0.1387 0.944868
0.1388 0.944112
0.1389 0.943366
0.139 0.9427
0.1391 0.942033
0.1392 0.941366
0.1393 0.9407
0.1394 0.940033
0.1395 0.939366
0.1396 0.9387
0.1397 0.938033
0.1398 0.937366
0.1399 0.9367
0.14 0.936033
0.1401 0.935366
0.1402 0.9347
0.1403 0.934033
0.1404 0.933366
0.1405 0.9327
0.1406 0.932033
0.1407 0.931291
0.1408 0.930525
0.1409 0.929758
0.141 0.928991
0.1411 0.928225
0.1412 0.927458
0.1413 0.926691
0.1414 0.925925
0.1415 0.925158
0.1416 0.924391
0.1417 0.923625
0.1418 0.922858
0.1419 0.922091
0.142 0.921325
0.1421 0.920558
0.1422 0.919791
0.1423 0.919025
0.1424 0.918258
0.1425 0.917491
0.1426 0.916725
0.1427 0.915958
0.1428 0.915191
0.1429 0.914425
0.143 0.913658
0.1431 0.912891
0.1432 0.912125
0.1433 0.911358
0.1434 0.910591
0.1435 0.909825
0.1436 0.909058
0.1437 0.908291
0.1438 0.907525
0.1439 0.906758
0.144 0.905991
0.1441 0.905225
0.1442 0.904458
0.1443 0.903691
0.1444 0.902925
0.1445 0.902158
0.1446 0.901391
0.1447 0.900625
0.1448 0.899858
0.1449 0.899091
0.145 0.898325
0.1451 0.897558
0.1452 0.896791
0.1453 0.896025
0.1454 0.895258
0.1455 0.894491
0.1456 0.893725
0.1457 0.892958
0.1458 0.892191
0.1459 0.891336
0.146 0.890436
0.1461 0.889536
0.1462 0.888636
0.1463 0.887736
0.1464 0.886836
0.1465 0.885936
0.1466 0.885036
0.1467 0.884136
0.1468 0.883236
0.1469 0.882336
0.147 0.881436
0.1471 0.880536
0.1472 0.879636
0.1473 0.878736
0.1474 0.877836
0.1475 0.876936
0.1476 0.876036
0.1477 0.875136
0.1478 0.874236
0.1479 0.873336
0.148 0.872436
0.1481 0.871536
0.1482 0.870636
0.1483 0.869736
0.1484 0.868836
0.1485 0.867936
0.1486 0.867036
0.1487 0.866136
0.1488 0.865236
0.1489 0.864336
0.149 0.863436
0.1491 0.862536
0.1492 0.861636
0.1493 0.860736
0.1494 0.859836
0.1495 0.858936
0.1496 0.858036
0.1497 0.857136
0.1498 0.856236
0.1499 0.855336
0.15 0.854436
0.1501 0.853696
0.1502 0.852956
0.1503 0.852216
0.1504 0.851476
0.1505 0.850736
0.1506 0.849996
0.1507 0.849256
0.1508 0.848516
0.1509 0.847776
0.151 0.847036
0.1511 0.846296
0.1512 0.845556
0.1513 0.844816
0.1514 0.844076
0.1515 0.843336
0.1516 0.842596
0.1517 0.841856
0.1518 0.841116
0.1519 0.840376
0.152 0.839636
0.1521 0.838896
0.1522 0.838156
0.1523 0.837416
0.1524 0.836676
0.1525 0.835936
0.1526 0.835196
0.1527 0.834456
0.1528 0.833716
0.1529 0.832976
0.153 0.832236
0.1531 0.831496
0.1532 0.830756
0.1533 0.830016
0.1534 0.829276
0.1535 0.828536
0.1536 0.827796
0.1537 0.827056
0.1538 0.826316
0.1539 0.825576
0.154 0.824836
0.1541 0.824096
0.1542 0.823356
0.1543 0.822616
0.1544 0.821876
0.1545 0.821136
0.1546 0.820396
0.1547 0.819656
0.1548 0.818916
0.1549 0.818176
0.155 0.817436
0.1551 0.816696
0.1552 0.815956
0.1553 0.815216
0.1554 0.814476
0.1555 0.813736
0.1556 0.812996
0.1557 0.812256
0.1558 0.811516
0.1559 0.810776
0.156 0.810036
0.1561 0.809296
0.1562 0.808556
0.1563 0.807866
0.1564 0.807226
0.1565 0.806586
0.1566 0.805946
0.1567 0.805306
0.1568 0.804666
0.1569 0.804026
0.157 0.803386
0.1571 0.802746
0.1572 0.802106
0.1573 0.801466
0.1574 0.800826
0.1575 0.800186
0.1576 0.799546
0.1577 0.798906
0.1578 0.798266
0.1579 0.797626
0.158 0.796986
0.1581 0.796346
0.1582 0.795706
0.1583 0.795066
0.1584 0.794426
0.1585 0.793786
0.1586 0.793146
0.1587 0.792506
0.1588 0.791866
0.1589 0.791226
0.159 0.790586
0.1591 0.789946
0.1592 0.789306
0.1593 0.788666
0.1594 0.788026
0.1595 0.787386
0.1596 0.786746
0.1597 0.786106
0.1598 0.785466
0.1599 0.784826
0.16 0.784186
0.1601 0.783546
0.1602 0.782906
0.1603 0.782266
0.1604 0.781626
0.1605 0.780986
0.1606 0.780346
0.1607 0.779706
0.1608 0.778968
0.1609 0.778214
0.161 0.777459
0.1611 0.776705
0.1612 0.775951
0.1613 0.775197
0.1614 0.774442
0.1615 0.773688
0.1616 0.772934
0.1617 0.772179
0.1618 0.771425
0.1619 0.770671
0.162 0.769917
0.1621 0.769162
0.1622 0.768408
0.1623 0.767654
0.1624 0.766899
0.1625 0.766145
0.1626 0.765391
0.1627 0.764637
0.1628 0.763882
0.1629 0.763128
0.163 0.762374
0.1631 0.761619
0.1632 0.760865
0.1633 0.760111
0.1634 0.759357
0.1635 0.758602
0.1636 0.757848
0.1637 0.757094
0.1638 0.756339
0.1639 0.755585
0.164 0.754831
0.1641 0.754077
0.1642 0.753322
0.1643 0.752568
0.1644 0.751814
0.1645 0.751059
0.1646 0.750305
0.1647 0.749551
0.1648 0.748797
0.1649 0.748042
0.165 0.747288
0.1651 0.746534
0.1652 0.745779
0.1653 0.745025
0.1654 0.744271
0.1655 0.743517
0.1656 0.742762
0.1657 0.742008
0.1658 0.741254
0.1659 0.740499
0.166 0.739745
0.1661 0.738991
0.1662 0.738237
0.1663 0.737482
0.1664 0.736728
0.1665 0.735974
0.1666 0.735219
0.1667 0.734465
0.1668 0.733711
0.1669 0.732957
0.167 0.732202
0.1671 0.731448
0.1672 0.730694
0.1673 0.729939
0.1674 0.729185
0.1675 0.728431
0.1676 0.727677
0.1677 0.726922
0.1678 0.726168
0.1679 0.725414
0.168 0.724659
0.1681 0.723905
0.1682 0.723151
0.1683 0.722397
0.1684 0.721642
0.1685 0.720888
0.1686 0.720134
0.1687 0.719379
0.1688 0.718625
0.1689 0.717871
0.169 0.717117
0.1691 0.716362
0.1692 0.715608
0.1693 0.714854
0.1694 0.714099
0.1695 0.713345
0.1696 0.712591
0.1697 0.711837
0.1698 0.711082
0.1699 0.710328
0.17 0.709574
0.1701 0.708819
0.1702 0.708065
0.1703 0.707311
0.1704 0.706557
0.1705 0.705802
0.1706 0.705048
0.1707 0.704294
0.1708 0.703539
0.1709 0.702785
0.171 0.702031
0.1711 0.701277
0.1712 0.700522
0.1713 0.699768
0.1714 0.699014
0.1715 0.698259
0.1716 0.697505
0.1717 0.696751
0.1718 0.695997
0.1719 0.695242
0.172 0.694488
0.1721 0.693734
0.1722 0.692979
0.1723 0.692225
0.1724 0.691471
0.1725 0.690717
0.1726 0.689962
0.1727 0.689208
0.1728 0.688454
0.1729 0.687699
0.173 0.686945
0.1731 0.686191
0.1732 0.685437
0.1733 0.684682
0.1734 0.683928
0.1735 0.683174
0.1736 0.682419
0.1737 0.681665
0.1738 0.680911
0.1739 0.680157
0.174 0.679402
0.1741 0.678648
0.1742 0.677894
0.1743 0.677139
0.1744 0.676385
0.1745 0.675631
0.1746 0.674877
0.1747 0.674122
0.1748 0.673368
0.1749 0.672614
0.175 0.671859
0.1751 0.671025
0.1752 0.670191
0.1753 0.669357
0.1754 0.668522
0.1755 0.667688
0.1756 0.666854
0.1757 0.666019
0.1758 0.665185
0.1759 0.664351
0.176 0.663517
0.1761 0.662682
0.1762 0.661848
0.1763 0.661014
0.1764 0.660179
0.1765 0.659345
0.1766 0.658511
0.1767 0.657677
0.1768 0.656842
0.1769 0.656008
0.177 0.655174
0.1771 0.654339
0.1772 0.653505
0.1773 0.652671
0.1774 0.651837
0.1775 0.651002
0.1776 0.650168
0.1777 0.649334
0.1778 0.648499
0.1779 0.647665
0.178 0.646831
0.1781 0.645997
0.1782 0.645162
0.1783 0.644328
0.1784 0.643494
0.1785 0.642659
0.1786 0.641858
0.1787 0.641138
0.1788 0.640418
0.1789 0.639698
0.179 0.638978
0.1791 0.638258
0.1792 0.637538
0.1793 0.636818
0.1794 0.636098
0.1795 0.635378
0.1796 0.634658
0.1797 0.633938
0.1798 0.633218
0.1799 0.632498
0.18 0.631778
0.1801 0.631058
0.1802 0.630338
0.1803 0.629618
0.1804 0.628898
0.1805 0.628178
0.1806 0.627458
0.1807 0.626738
0.1808 0.626018
0.1809 0.625298
0.181 0.624578
0.1811 0.623858
0.1812 0.623138
0.1813 0.622418
0.1814 0.621698
0.1815 0.620978
0.1816 0.620258
0.1817 0.619538
0.1818 0.618818
0.1819 0.618098
0.182 0.617378
0.1821 0.616658
0.1822 0.615938
0.1823 0.615218
0.1824 0.614498
0.1825 0.613778
0.1826 0.613058
0.1827 0.612338
0.1828 0.611618
0.1829 0.610898
0.183 0.610178
0.1831 0.609458
0.1832 0.608738
0.1833 0.608018
0.1834 0.607298
0.1835 0.606578
0.1836 0.605858
0.1837 0.605138
0.1838 0.604418
0.1839 0.603698
0.184 0.602978
0.1841 0.602258
0.1842 0.601538
0.1843 0.600818
0.1844 0.600098
0.1845 0.599378
0.1846 0.598658
0.1847 0.597938
0.1848 0.597218
0.1849 0.596498
0.185 0.595778
0.1851 0.595058
0.1852 0.594338
0.1853 0.593618
0.1854 0.592898
0.1855 0.592178
0.1856 0.591458
0.1857 0.590738
0.1858 0.590018
0.1859 0.589298
0.186 0.588578
0.1861 0.587858
0.1862 0.587138
0.1863 0.586418
0.1864 0.585698
0.1865 0.584978
0.1866 0.584258
0.1867 0.583538
0.1868 0.582818
0.1869 0.582098
0.187 0.581378
0.1871 0.580658
0.1872 0.579938
0.1873 0.579218
0.1874 0.578498
0.1875 0.577778
0.1876 0.577044
0.1877 0.576311
0.1878 0.575578
0.1879 0.574844
0.188 0.574111
0.1881 0.573378
0.1882 0.572644
0.1883 0.571911
0.1884 0.571178
0.1885 0.570444
0.1886 0.569711
0.1887 0.568978
0.1888 0.568244
0.1889 0.567511
0.189 0.566778
0.1891 0.566044
0.1892 0.565311
0.1893 0.564578
0.1894 0.563844
0.1895 0.563111
0.1896 0.562378
0.1897 0.561644
0.1898 0.560911
0.1899 0.560178
0.19 0.559444
0.1901 0.558711
0.1902 0.557978
0.1903 0.557244
0.1904 0.556511
0.1905 0.555778
0.1906 0.555044
0.1907 0.554311
0.1908 0.553578
0.1909 0.552844
0.191 0.552111
0.1911 0.551378
0.1912 0.550644
0.1913 0.549911
0.1914 0.549178
0.1915 0.548444
0.1916 0.547711
0.1917 0.546978
0.1918 0.546244
0.1919 0.545511
0.192 0.544778
0.1921 0.544044
0.1922 0.543311
0.1923 0.542578
0.1924 0.541844
0.1925 0.541111
0.1926 0.540378
0.1927 0.539644
0.1928 0.538911
0.1929 0.538178
0.193 0.537444
0.1931 0.536711
0.1932 0.535978
0.1933 0.535244
0.1934 0.534511
0.1935 0.533778
0.1936 0.533044
0.1937 0.532311
0.1938 0.531578
0.1939 0.530844
0.194 0.530111
0.1941 0.529378
0.1942 0.528644
0.1943 0.527911
0.1944 0.527178
0.1945 0.526494
0.1946 0.525849
0.1947 0.525205
0.1948 0.52456
0.1949 0.523916
0.195 0.523272
0.1951 0.522627
0.1952 0.521983
0.1953 0.521338
0.1954 0.520694
0.1955 0.520049
0.1956 0.519405
0.1957 0.51876
0.1958 0.518116
0.1959 0.517472
0.196 0.516827
0.1961 0.516183
0.1962 0.515538
0.1963 0.514894
0.1964 0.514249
0.1965 0.513605
0.1966 0.51296
0.1967 0.512316
0.1968 0.511672
0.1969 0.511027
0.197 0.510383
0.1971 0.509738
0.1972 0.509094
0.1973 0.508449
0.1974 0.507805
0.1975 0.50716
0.1976 0.506516
0.1977 0.505872
0.1978 0.505227
0.1979 0.504583
0.198 0.503938
0.1981 0.503294
0.1982 0.502649
0.1983 0.502005
0.1984 0.50136
0.1985 0.500716
0.1986 0.500072
0.1987 0.499427
0.1988 0.498783
0.1989 0.498138
0.199 0.497494
0.1991 0.496849
0.1992 0.496205
0.1993 0.49556
0.1994 0.494916
0.1995 0.494272
0.1996 0.493627
0.1997 0.492983
0.1998 0.492338
0.1999 0.491694
0.2 0.491049
0.2001 0.490405
0.2002 0.48976
0.2003 0.489116
0.2004 0.488472
0.2005 0.487827
0.2006 0.487183
0.2007 0.486538
0.2008 0.485894
0.2009 0.485249
0.201 0.484605
0.2011 0.48396
0.2012 0.483316
0.2013 0.482672
0.2014 0.482027
0.2015 0.481383
0.2016 0.480738
0.2017 0.480094
0.2018 0.479449
0.2019 0.478805
0.202 0.47816
0.2021 0.477516
0.2022 0.476872
0.2023 0.476227
0.2024 0.475583
0.2025 0.474938
0.2026 0.474294
0.2027 0.473649
0.2028 0.473005
0.2029 0.47236
0.203 0.471716
0.2031 0.471072
0.2032 0.470427
0.2033 0.469783
0.2034 0.469138
0.2035 0.468494
0.2036 0.467849
0.2037 0.467205
0.2038 0.46656
0.2039 0.465916
0.204 0.465272
0.2041 0.464627
0.2042 0.463983
0.2043 0.463338
0.2044 0.462694
0.2045 0.462049
0.2046 0.461405
0.2047 0.46076
0.2048 0.460116
0.2049 0.459472
0.205 0.458827
0.2051 0.458183
0.2052 0.457538
0.2053 0.456894
0.2054 0.456249
0.2055 0.455605
0.2056 0.45496
0.2057 0.454316
0.2058 0.453672
0.2059 0.453027
0.206 0.452383
0.2061 0.451738
0.2062 0.451094
0.2063 0.450449
0.2064 0.449805
0.2065 0.44916
0.2066 0.448516
0.2067 0.447872
0.2068 0.447227
0.2069 0.446583
0.207 0.445938
0.2071 0.445294
0.2072 0.444649
0.2073 0.444005
0.2074 0.44336
0.2075 0.442716
0.2076 0.442072
0.2077 0.441427
0.2078 0.440783
0.2079 0.440138
0.208 0.439494
0.2081 0.438849
0.2082 0.438205
0.2083 0.43756
0.2084 0.436946
0.2085 0.436346
0.2086 0.435746
0.2087 0.435146
0.2088 0.434546
0.2089 0.433946
0.209 0.433346
0.2091 0.432746
0.2092 0.432146
0.2093 0.431546
0.2094 0.430946
0.2095 0.430346
0.2096 0.429746
0.2097 0.429146
0.2098 0.428546
0.2099 0.427946
0.21 0.427346
0.2101 0.426746
0.2102 0.426146
0.2103 0.425546
0.2104 0.424946
0.2105 0.424346
0.2106 0.423746
0.2107 0.423146
0.2108 0.422546
0.2109 0.421946
0.211 0.421346
0.2111 0.420746
0.2112 0.420146
0.2113 0.419546
0.2114 0.418946
0.2115 0.418346
0.2116 0.417746
0.2117 0.417146
0.2118 0.416546
0.2119 0.415946
0.212 0.415346
0.2121 0.414746
0.2122 0.414146
0.2123 0.413546
0.2124 0.412946
0.2125 0.412346
0.2126 0.411666
0.2127 0.410986
0.2128 0.410306
0.2129 0.409626
0.213 0.408946
0.2131 0.408266
0.2132 0.407586
0.2133 0.406906
0.2134 0.406226
0.2135 0.405546
0.2136 0.404866
0.2137 0.404186
0.2138 0.403506
0.2139 0.402826
0.214 0.402146
0.2141 0.401466
0.2142 0.400786
0.2143 0.400106
0.2144 0.399426
0.2145 0.398746
0.2146 0.398066
0.2147 0.397386
0.2148 0.396706
0.2149 0.396026
0.215 0.395346
0.2151 0.394666
0.2152 0.393986
0.2153 0.393306
0.2154 0.392626
0.2155 0.391946
0.2156 0.391266
0.2157 0.390586
0.2158 0.389906
0.2159 0.389226
0.216 0.388546
0.2161 0.387866
0.2162 0.387186
0.2163 0.386506
0.2164 0.385826
0.2165 0.385146
0.2166 0.384466
0.2167 0.383786
0.2168 0.383106
0.2169 0.382426
0.217 0.381746
0.2171 0.381066
0.2172 0.380386
0.2173 0.379706
0.2174 0.379026
0.2175 0.378346
0.2176 0.377666
0.2177 0.376986
0.2178 0.376306
0.2179 0.375626
0.218 0.374946
0.2181 0.374266
0.2182 0.373586
0.2183 0.372906
0.2184 0.372226
0.2185 0.371546
0.2186 0.370866
0.2187 0.370186
0.2188 0.369456
0.2189 0.368676
0.219 0.367896
0.2191 0.367116
0.2192 0.366336
0.2193 0.365556
0.2194 0.364776
0.2195 0.363996
0.2196 0.363216
0.2197 0.362436
0.2198 0.361656
0.2199 0.360876
0.22 0.360096
0.2201 0.359316
0.2202 0.358536
0.2203 0.357756
0.2204 0.356976
0.2205 0.356196
0.2206 0.355416
0.2207 0.354636
0.2208 0.353856
0.2209 0.353076
0.221 0.352296
0.2211 0.351516
0.2212 0.350736
0.2213 0.349956
0.2214 0.349176
0.2215 0.348396
0.2216 0.347616
0.2217 0.346836
0.2218 0.346056
0.2219 0.345276
0.222 0.344496
0.2221 0.343716
0.2222 0.342936
0.2223 0.342156
0.2224 0.341376
0.2225 0.340596
0.2226 0.339816
0.2227 0.339036
0.2228 0.338256
0.2229 0.337476
0.223 0.336696
0.2231 0.335916
0.2232 0.335136
0.2233 0.334356
0.2234 0.333576
0.2235 0.332796
0.2236 0.332016
0.2237 0.331236
0.2238 0.330456
0.2239 0.329676
0.224 0.328896
0.2241 0.328116
0.2242 0.327336
0.2243 0.326556
0.2244 0.325776
0.2245 0.324996
0.2246 0.324216
0.2247 0.323436
0.2248 0.322656
0.2249 0.321876
0.225 0.321096
0.2251 0.320236
0.2252 0.319376
0.2253 0.318516
0.2254 0.317656
0.2255 0.316796
0.2256 0.315936
0.2257 0.315076
0.2258 0.314216
0.2259 0.313356
0.226 0.312496
0.2261 0.311636
0.2262 0.310776
0.2263 0.309916
0.2264 0.309056
0.2265 0.308196
0.2266 0.307336
0.2267 0.306476
0.2268 0.305616
0.2269 0.304756
0.227 0.303896
0.2271 0.303036
0.2272 0.302176
0.2273 0.301316
0.2274 0.300456
0.2275 0.299596
0.2276 0.298736
0.2277 0.297876
0.2278 0.297016
0.2279 0.296156
0.228 0.295296
0.2281 0.294436
0.2282 0.293576
0.2283 0.292716
0.2284 0.291856
0.2285 0.290996
0.2286 0.290136
0.2287 0.289276
0.2288 0.288416
0.2289 0.287556
0.229 0.286696
0.2291 0.285836
0.2292 0.284976
0.2293 0.284116
0.2294 0.283256
0.2295 0.282396
0.2296 0.281536
0.2297 0.280676
0.2298 0.279816
0.2299 0.278956
0.23 0.278096
0.2301 0.277236
0.2302 0.276376
0.2303 0.275516
0.2304 0.274656
0.2305 0.273796
0.2306 0.272936
0.2307 0.272076
0.2308 0.271216
0.2309 0.270356
0.231 0.269496
0.2311 0.268636
0.2312 0.267776
0.2313 0.266916
0.2314 0.266056
0.2315 0.265196
0.2316 0.264336
0.2317 0.263476
0.2318 0.262616
0.2319 0.261756
0.232 0.260896
0.2321 0.260036
0.2322 0.259176
0.2323 0.258316
0.2324 0.257456
0.2325 0.256596
0.2326 0.255736
0.2327 0.254876
0.2328 0.254016
0.2329 0.253156
0.233 0.252296
0.2331 0.251436
0.2332 0.250576
0.2333 0.249716
0.2334 0.248856
0.2335 0.247996
0.2336 0.247136
0.2337 0.246276
0.2338 0.245416
0.2339 0.244556
0.234 0.243696
0.2341 0.242836
0.2342 0.241976
0.2343 0.241116
0.2344 0.240231
0.2345 0.239271
0.2346 0.238311
0.2347 0.237351
0.2348 0.236391
0.2349 0.235431
0.235 0.234471
0.2351 0.233511
0.2352 0.232551
0.2353 0.231591
0.2354 0.230631
0.2355 0.229671
0.2356 0.228711
0.2357 0.227751
0.2358 0.226791
0.2359 0.225831
0.236 0.224871
0.2361 0.223911
0.2362 0.222872
0.2363 0.221823
0.2364 0.220774
0.2365 0.219725
0.2366 0.218676
0.2367 0.217627
0.2368 0.216578
0.2369 0.215529
0.237 0.214481
0.2371 0.213432
0.2372 0.212383
0.2373 0.211334
0.2374 0.210285
0.2375 0.209236
0.2376 0.208187
0.2377 0.207138
0.2378 0.206089
0.2379 0.205041
0.238 0.203992
0.2381 0.202943
0.2382 0.201894
0.2383 0.200845
0.2384 0.199796
0.2385 0.198747
0.2386 0.197698
0.2387 0.196649
0.2388 0.195601
0.2389 0.194552
0.239 0.193503
0.2391 0.192454
0.2392 0.191405
0.2393 0.190356
0.2394 0.189307
0.2395 0.188258
0.2396 0.187209
0.2397 0.186161
0.2398 0.185112
0.2399 0.184063
0.24 0.183014
0.2401 0.181965
0.2402 0.180916
0.2403 0.179867
0.2404 0.178818
0.2405 0.177769
0.2406 0.176721
0.2407 0.175672
0.2408 0.174623
0.2409 0.173574
0.241 0.172525
0.2411 0.171476
0.2412 0.170427
0.2413 0.169378
0.2414 0.168329
0.2415 0.167281
0.2416 0.166232
0.2417 0.165183
0.2418 0.164134
0.2419 0.163085
0.242 0.162036
0.2421 0.160987
0.2422 0.159938
0.2423 0.158889
0.2424 0.157841
0.2425 0.156792
0.2426 0.155743
0.2427 0.154694
0.2428 0.153645
0.2429 0.152596
0.243 0.151547
0.2431 0.150498
0.2432 0.149449
0.2433 0.148401
0.2434 0.147352
0.2435 0.146303
0.2436 0.145254
0.2437 0.144205
0.2438 0.143156
0.2439 0.142107
0.244 0.141058
0.2441 0.140009
0.2442 0.138961
0.2443 0.137912
0.2444 0.136863
0.2445 0.135814
0.2446 0.134765
0.2447 0.133716
0.2448 0.132667
0.2449 0.131618
0.245 0.130569
0.2451 0.129521
0.2452 0.128472
0.2453 0.127423
0.2454 0.126374
0.2455 0.125325
0.2456 0.124276
0.2457 0.123227
0.2458 0.122178
0.2459 0.121129
0.246 0.120081
0.2461 0.119032
0.2462 0.117983
0.2463 0.116934
0.2464 0.115885
0.2465 0.114836
0.2466 0.113787
0.2467 0.112738
0.2468 0.111689
0.2469 0.110641
0.247 0.109592
0.2471 0.108543
0.2472 0.107494
0.2473 0.106445
0.2474 0.105396
0.2475 0.104347
0.2476 0.103298
0.2477 0.102249
0.2478 0.101201
0.2479 0.100152
0.248 0.0991028
0.2481 0.0980539
0.2482 0.097005
0.2483 0.0959561
0.2484 0.0949072
0.2485 0.0938583
0.2486 0.0928094
0.2487 0.0917606
0.2488 0.0907117
0.2489 0.0896628
0.249 0.0886139
0.2491 0.087565
0.2492 0.0865161
0.2493 0.0854672
0.2494 0.0844183
0.2495 0.0833694
0.2496 0.0823206
0.2497 0.0812717
0.2498 0.0802228
0.2499 0.0791739
0.25 0.078125
0.2501 0.078506
0.2502 0.0788869
0.2503 0.0792679
0.2504 0.0796488
0.2505 0.0800298
0.2506 0.0804107
0.2507 0.0807917
0.2508 0.0811726
0.2509 0.0815536
0.251 0.0819345
0.2511 0.0823155
0.2512 0.0826964
0.2513 0.0830774
0.2514 0.0834583
0.2515 0.0838393
0.2516 0.0842202
0.2517 0.0846012
0.2518 0.0849821
0.2519 0.0853631
0.252 0.085744
0.2521 0.086125
0.2522 0.086506
0.2523 0.0868869
0.2524 0.0872679
0.2525 0.0876488
0.2526 0.0880298
0.2527 0.0884107
0.2528 0.0887917
0.2529 0.0891726
0.253 0.0895536
0.2531 0.0899345
0.2532 0.0903155
0.2533 0.0906964
0.2534 0.0910774
0.2535 0.0914583
0.2536 0.0918393
0.2537 0.0922202
0.2538 0.0926012
0.2539 0.0929821
0.254 0.0933631
0.2541 0.093744
0.2542 0.094125
0.2543 0.094506
0.2544 0.0948869
0.2545 0.0952679
0.2546 0.0956488
0.2547 0.0960298
0.2548 0.0964107
0.2549 0.0967917
0.255 0.0971726
0.2551 0.0975536
0.2552 0.0979345
0.2553 0.0983155
0.2554 0.0986964
0.2555 0.0990774
0.2556 0.0994583
0.2557 0.0998393
0.2558 0.10022
0.2559 0.100601
0.256 0.100982
0.2561 0.101363
0.2562 0.101744
0.2563 0.102125
0.2564 0.102506
0.2565 0.102887
0.2566 0.103268
0.2567 0.103649
0.2568 0.10403
0.2569 0.104411
0.257 0.104792
0.2571 0.105173
0.2572 0.105554
0.2573 0.105935
0.2574 0.106315
0.2575 0.106696
0.2576 0.107077
0.2577 0.107458
0.2578 0.107839
0.2579 0.10822
0.258 0.108601
0.2581 0.108982
0.2582 0.109363
0.2583 0.109744
0.2584 0.110125
0.2585 0.110506
0.2586 0.110887
0.2587 0.111268
0.2588 0.111649
0.2589 0.11203
0.259 0.112411
0.2591 0.112792
0.2592 0.113173
0.2593 0.113554
0.2594 0.113935
0.2595 0.114315
0.2596 0.114696
0.2597 0.115077
0.2598 0.115458
0.2599 0.115839
0.26 0.11622
0.2601 0.116601
0.2602 0.116982
0.2603 0.117363
0.2604 0.117744
0.2605 0.118125
0.2606 0.118506
0.2607 0.118887
0.2608 0.119268
0.2609 0.119649
0.261 0.12003
0.2611 0.120411
0.2612 0.120792
0.2613 0.121173
0.2614 0.121554
0.2615 0.121935
0.2616 0.122315
0.2617 0.122696
0.2618 0.123077
0.2619 0.123458
0.262 0.123839
0.2621 0.12422
0.2622 0.124601
0.2623 0.124982
0.2624 0.125363
0.2625 0.125744
0.2626 0.126125
0.2627 0.126506
0.2628 0.126887
0.2629 0.127268
0.263 0.127649
0.2631 0.12803
0.2632 0.128411
0.2633 0.128792
0.2634 0.129173
0.2635 0.129554
0.2636 0.129935
0.2637 0.130315
0.2638 0.130696
0.2639 0.131077
0.264 0.131458
0.2641 0.131839
0.2642 0.13222
0.2643 0.132601
0.2644 0.132982
0.2645 0.133363
0.2646 0.133744
0.2647 0.134125
0.2648 0.134506
0.2649 0.134887
0.265 0.135268
0.2651 0.135649
0.2652 0.13603
0.2653 0.136411
0.2654 0.136792
0.2655 0.137173
0.2656 0.137554
0.2657 0.13786
0.2658 0.13814
0.2659 0.138421
0.266 0.138702
0.2661 0.138983
0.2662 0.139264
0.2663 0.139545
0.2664 0.139826
0.2665 0.140107
0.2666 0.140388
0.2667 0.140669
0.2668 0.14095
0.2669 0.141231
0.267 0.141512
0.2671 0.141793
0.2672 0.142074
0.2673 0.142355
0.2674 0.142636
0.2675 0.142917
0.2676 0.143198
0.2677 0.143479
0.2678 0.14376
0.2679 0.143991
0.268 0.144158
0.2681 0.144325
0.2682 0.144491
0.2683 0.144658
0.2684 0.144825
0.2685 0.144991
0.2686 0.145158
0.2687 0.145325
0.2688 0.145491
0.2689 0.145658
0.269 0.145825
0.2691 0.145991
0.2692 0.146158
0.2693 0.146325
0.2694 0.146491
0.2695 0.146658
0.2696 0.146825
0.2697 0.146991
0.2698 0.147158
0.2699 0.147325
0.27 0.147491
0.2701 0.147658
0.2702 0.147825
0.2703 0.147991
0.2704 0.148158
0.2705 0.148325
0.2706 0.148491
0.2707 0.148658
0.2708 0.148825
0.2709 0.148991
0.271 0.149158
0.2711 0.149325
0.2712 0.149491
0.2713 0.149658
0.2714 0.149825
0.2715 0.149991
0.2716 0.150158
0.2717 0.150325
0.2718 0.150491
0.2719 0.150658
0.272 0.150825
0.2721 0.150991
0.2722 0.151158
0.2723 0.151325
0.2724 0.151491
0.2725 0.151658
0.2726 0.151825
0.2727 0.151991
0.2728 0.152158
0.2729 0.152325
0.273 0.152491
0.2731 0.152658
0.2732 0.152825
0.2733 0.152991
0.2734 0.153158
0.2735 0.153325
0.2736 0.153491
0.2737 0.153658
0.2738 0.153825
0.2739 0.153991
0.274 0.154158
0.2741 0.154325
0.2742 0.154491
0.2743 0.154658
0.2744 0.154825
0.2745 0.154991
0.2746 0.155158
0.2747 0.155325
0.2748 0.155491
0.2749 0.155658
0.275 0.155825
0.2751 0.156071
0.2752 0.156318
0.2753 0.156565
0.2754 0.156811
0.2755 0.157058
0.2756 0.157305
0.2757 0.157551
0.2758 0.157798
0.2759 0.158045
0.276 0.158291
0.2761 0.158538
0.2762 0.158785
0.2763 0.159031
0.2764 0.159278
0.2765 0.159525
0.2766 0.159771
0.2767 0.160018
0.2768 0.160265
0.2769 0.160511
0.277 0.160758
0.2771 0.161005
0.2772 0.161251
0.2773 0.161498
0.2774 0.161745
0.2775 0.161991
0.2776 0.162238
0.2777 0.162485
0.2778 0.162731
0.2779 0.162978
0.278 0.163225
0.2781 0.163471
0.2782 0.163718
0.2783 0.163965
0.2784 0.164211
0.2785 0.164458
0.2786 0.164705
0.2787 0.164951
0.2788 0.165198
0.2789 0.165445
0.279 0.165691
0.2791 0.165938
0.2792 0.166185
0.2793 0.166431
0.2794 0.166678
0.2795 0.166925
0.2796 0.167171
0.2797 0.167418
0.2798 0.167665
0.2799 0.167911
0.28 0.168158
0.2801 0.168405
0.2802 0.168651
0.2803 0.168898
0.2804 0.169145
0.2805 0.169391
0.2806 0.169638
0.2807 0.169885
0.2808 0.170131
0.2809 0.170378
0.281 0.170625
0.2811 0.170871
0.2812 0.171118
0.2813 0.171315
0.2814 0.171461
0.2815 0.171608
0.2816 0.171755
0.2817 0.171901
0.2818 0.172048
0.2819 0.172195
0.282 0.172341
0.2821 0.172488
0.2822 0.172635
0.2823 0.172781
0.2824 0.172928
0.2825 0.173075
0.2826 0.173221
0.2827 0.173368
0.2828 0.173515
0.2829 0.173661
0.283 0.173808
0.2831 0.173955
0.2832 0.174101
0.2833 0.174248
0.2834 0.174395
0.2835 0.174541
0.2836 0.174688
0.2837 0.174835
0.2838 0.174981
0.2839 0.175128
0.284 0.175275
0.2841 0.175421
0.2842 0.175568
0.2843 0.175715
0.2844 0.175861
0.2845 0.176008
0.2846 0.176155
0.2847 0.176301
0.2848 0.176448
0.2849 0.176595
0.285 0.176741
0.2851 0.176888
0.2852 0.177035
0.2853 0.177181
0.2854 0.177328
0.2855 0.177475
0.2856 0.177621
0.2857 0.177768
0.2858 0.177915
0.2859 0.178061
0.286 0.178208
0.2861 0.178355
0.2862 0.178501
0.2863 0.178648
0.2864 0.178795
0.2865 0.178941
0.2866 0.179088
0.2867 0.179235
0.2868 0.179381
0.2869 0.179528
0.287 0.179675
0.2871 0.179821
0.2872 0.179968
0.2873 0.180115
0.2874 0.180261
0.2875 0.180408
0.2876 0.180475
0.2877 0.180541
0.2878 0.180608
0.2879 0.180675
0.288 0.180741
0.2881 0.180808
0.2882 0.180875
0.2883 0.180941
0.2884 0.181008
0.2885 0.181075
0.2886 0.181141
0.2887 0.181208
0.2888 0.181275
0.2889 0.181341
0.289 0.181408
0.2891 0.181475
0.2892 0.181541
0.2893 0.181608
0.2894 0.181675
0.2895 0.181741
0.2896 0.181808
0.2897 0.181875
0.2898 0.181941
0.2899 0.182008
0.29 0.182075
0.2901 0.182141
0.2902 0.182208
0.2903 0.182275
0.2904 0.182341
0.2905 0.182408
0.2906 0.182475
0.2907 0.182541
0.2908 0.182608
0.2909 0.182675
0.291 0.182741
0.2911 0.182808
0.2912 0.182875
0.2913 0.182941
0.2914 0.183008
0.2915 0.183075
0.2916 0.183141
0.2917 0.183164
0.2918 0.183097
0.2919 0.18303
0.292 0.182964
0.2921 0.182897
0.2922 0.18283
0.2923 0.182764
0.2924 0.182697
0.2925 0.18263
0.2926 0.182564
0.2927 0.182497
0.2928 0.18243
0.2929 0.182364
0.293 0.182297
0.2931 0.18223
0.2932 0.182164
0.2933 0.182097
0.2934 0.18203
0.2935 0.181964
0.2936 0.181897
0.2937 0.18183
0.2938 0.181764
0.2939 0.181697
0.294 0.18163
0.2941 0.181564
0.2942 0.181497
0.2943 0.18143
0.2944 0.181364
0.2945 0.181297
0.2946 0.18123
0.2947 0.181164
0.2948 0.181097
0.2949 0.18103
0.295 0.180964
0.2951 0.180897
0.2952 0.18083
0.2953 0.180764
0.2954 0.180697
0.2955 0.18063
0.2956 0.180564
0.2957 0.180497
0.2958 0.18043
0.2959 0.180364
0.296 0.180297
0.2961 0.18023
0.2962 0.180164
0.2963 0.180097
0.2964 0.18003
0.2965 0.179964
0.2966 0.179897
0.2967 0.17983
0.2968 0.179764
0.2969 0.179697
0.297 0.17963
0.2971 0.179564
0.2972 0.179497
0.2973 0.17943
0.2974 0.179364
0.2975 0.179297
0.2976 0.17923
0.2977 0.179164
0.2978 0.179097
0.2979 0.17903
0.298 0.178964
0.2981 0.178897
0.2982 0.17883
0.2983 0.178764
0.2984 0.178697
0.2985 0.17863
0.2986 0.178564
0.2987 0.178497
0.2988 0.17843
0.2989 0.178364
0.299 0.178297
0.2991 0.17823
0.2992 0.178164
0.2993 0.178097
0.2994 0.17803
0.2995 0.177964
0.2996 0.177897
0.2997 0.17783
0.2998 0.177764
0.2999 0.177697
0.3 0.17763
0.3001 0.177564
0.3002 0.177497
0.3003 0.17743
0.3004 0.177364
0.3005 0.177297
0.3006 0.17723
0.3007 0.177164
0.3008 0.177097
0.3009 0.17703
0.301 0.176964
0.3011 0.176897
0.3012 0.17683
0.3013 0.176764
0.3014 0.176697
0.3015 0.17663
0.3016 0.176564
0.3017 0.176497
0.3018 0.17643
0.3019 0.176364
0.302 0.176297
0.3021 0.17623
0.3022 0.176164
0.3023 0.176097
0.3024 0.17603
0.3025 0.175964
0.3026 0.175897
0.3027 0.17583
0.3028 0.175764
0.3029 0.175697
0.303 0.17563
0.3031 0.175564
0.3032 0.175497
0.3033 0.17543
0.3034 0.175364
0.3035 0.175297
0.3036 0.175198
0.3037 0.175017
0.3038 0.174836
0.3039 0.174655
0.304 0.174474
0.3041 0.174293
0.3042 0.174112
0.3043 0.173931
0.3044 0.17375
0.3045 0.173569
0.3046 0.173388
0.3047 0.173207
0.3048 0.173026
0.3049 0.172845
0.305 0.172664
0.3051 0.172483
0.3052 0.172302
0.3053 0.172122
0.3054 0.171941
0.3055 0.17176
0.3056 0.171618
0.3057 0.171526
0.3058 0.171434
0.3059 0.171342
0.306 0.17125
0.3061 0.171158
0.3062 0.171066
0.3063 0.170974
0.3064 0.170882
0.3065 0.17079
0.3066 0.170698
0.3067 0.170605
0.3068 0.170513
0.3069 0.170421
0.307 0.170329
0.3071 0.170237
0.3072 0.170145
0.3073 0.170053
0.3074 0.169961
0.3075 0.169869
0.3076 0.169777
0.3077 0.169685
0.3078 0.169593
0.3079 0.169501
0.308 0.169409
0.3081 0.169317
0.3082 0.169225
0.3083 0.169132
0.3084 0.16904
0.3085 0.168948
0.3086 0.168856
0.3087 0.168764
0.3088 0.168672
0.3089 0.16858
0.309 0.168488
0.3091 0.168396
0.3092 0.168304
0.3093 0.168212
0.3094 0.16812
0.3095 0.168028
0.3096 0.167936
0.3097 0.167844
0.3098 0.167752
0.3099 0.167659
0.31 0.167567
0.3101 0.167475
0.3102 0.167383
0.3103 0.167291
0.3104 0.167199
0.3105 0.167107
0.3106 0.167015
0.3107 0.166923
0.3108 0.166831
0.3109 0.166739
0.311 0.166647
0.3111 0.166555
0.3112 0.166463
0.3113 0.166371
0.3114 0.166279
0.3115 0.166186
0.3116 0.166094
0.3117 0.166002
0.3118 0.16591
0.3119 0.165818
0.312 0.165726
0.3121 0.165634
0.3122 0.165542
0.3123 0.16545
0.3124 0.165358
0.3125 0.165266
0.3126 0.16516
0.3127 0.165055
0.3128 0.16495
0.3129 0.164844
0.313 0.164739
0.3131 0.164633
0.3132 0.164528
0.3133 0.164423
0.3134 0.164317
0.3135 0.164212
0.3136 0.164106
0.3137 0.164001
0.3138 0.163896
0.3139 0.16379
0.314 0.163685
0.3141 0.163579
0.3142 0.163474
0.3143 0.163369
0.3144 0.163263
0.3145 0.163158
0.3146 0.163052
0.3147 0.162947
0.3148 0.162842
0.3149 0.162736
0.315 0.162631
0.3151 0.162525
0.3152 0.16242
0.3153 0.162315
0.3154 0.162209
0.3155 0.162104
0.3156 0.161999
0.3157 0.161893
0.3158 0.161788
0.3159 0.161682
0.316 0.161577
0.3161 0.161472
0.3162 0.161366
0.3163 0.161261
0.3164 0.161155
0.3165 0.16105
0.3166 0.160945
0.3167 0.160839
0.3168 0.160734
0.3169 0.160628
0.317 0.160523
0.3171 0.160418
0.3172 0.160312
0.3173 0.160207
0.3174 0.160101
0.3175 0.159996
0.3176 0.159891
0.3177 0.159785
0.3178 0.15968
0.3179 0.159574
0.318 0.159469
0.3181 0.159364
0.3182 0.159258
0.3183 0.159153
0.3184 0.159047
0.3185 0.158942
0.3186 0.158837
0.3187 0.158731
0.3188 0.158626
0.3189 0.15852
0.319 0.158415
0.3191 0.15831
0.3192 0.158204
0.3193 0.158099
0.3194 0.157993
0.3195 0.157839
0.3196 0.157644
0.3197 0.15745
0.3198 0.157256
0.3199 0.157062
0.32 0.156867
0.3201 0.156673
0.3202 0.156479
0.3203 0.156284
0.3204 0.15609
0.3205 0.155896
0.3206 0.155702
0.3207 0.155507
0.3208 0.155313
0.3209 0.155119
0.321 0.154924
0.3211 0.15473
0.3212 0.154536
0.3213 0.154342
0.3214 0.154147
0.3215 0.154035
0.3216 0.153955
0.3217 0.153875
0.3218 0.153795
0.3219 0.153715
0.322 0.153635
0.3221 0.153555
0.3222 0.153475
0.3223 0.153395
0.3224 0.153315
0.3225 0.153235
0.3226 0.153155
0.3227 0.153075
0.3228 0.152995
0.3229 0.152915
0.323 0.152835
0.3231 0.152755
0.3232 0.152675
0.3233 0.152595
0.3234 0.152515
0.3235 0.152435
0.3236 0.152355
0.3237 0.152275
0.3238 0.152195
0.3239 0.152115
0.324 0.152035
0.3241 0.151955
0.3242 0.151875
0.3243 0.151795
0.3244 0.151715
0.3245 0.151635
0.3246 0.151555
0.3247 0.151475
0.3248 0.151395
0.3249 0.151315
0.325 0.151235
0.3251 0.151235
0.3252 0.151235
0.3253 0.151235
0.3254 0.151235
0.3255 0.151235
0.3256 0.151235
0.3257 0.151235
0.3258 0.151235
0.3259 0.151235
0.326 0.151235
0.3261 0.151235
0.3262 0.151235
0.3263 0.151235
0.3264 0.151235
0.3265 0.151235
0.3266 0.151235
0.3267 0.151235
0.3268 0.151235
0.3269 0.151235
0.327 0.151235
0.3271 0.151235
0.3272 0.151235
0.3273 0.151235
0.3274 0.151235
0.3275 0.151235
0.3276 0.151235
0.3277 0.151235
0.3278 0.151235
0.3279 0.151235
0.328 0.151235
0.3281 0.151235
0.3282 0.151235
0.3283 0.151235
0.3284 0.151235
0.3285 0.151235
0.3286 0.151235
0.3287 0.151235
0.3288 0.151235
0.3289 0.151235
0.329 0.151235
0.3291 0.151235
0.3292 0.151235
0.3293 0.151235
0.3294 0.151235
0.3295 0.151235
0.3296 0.151235
0.3297 0.151235
0.3298 0.151235
0.3299 0.151235
0.33 0.151235
0.3301 0.151235
0.3302 0.151235
0.3303 0.151235
0.3304 0.151235
0.3305 0.151235
0.3306 0.151235
0.3307 0.151235
0.3308 0.151235
0.3309 0.151235
0.331 0.151235
0.3311 0.151235
0.3312 0.151235
0.3313 0.151235
0.3314 0.151235
0.3315 0.151235
0.3316 0.151235
0.3317 0.151235
0.3318 0.151235
0.3319 0.151235
0.332 0.151235
0.3321 0.151235
0.3322 0.151235
0.3323 0.151235
0.3324 0.151235
0.3325 0.151235
0.3326 0.151235
0.3327 0.151235
0.3328 0.151235
0.3329 0.151235
0.333 0.151235
0.3331 0.151235
0.3332 0.151235
0.3333 0.151235
0.3334 0.151235
0.3335 0.151235
0.3336 0.151235
0.3337 0.151235
0.3338 0.151235
0.3339 0.151235
0.334 0.151235
0.3341 0.151235
0.3342 0.151235
0.3343 0.151235
0.3344 0.151235
0.3345 0.151235
0.3346 0.151235
0.3347 0.151235
0.3348 0.151235
0.3349 0.151235
0.335 0.151235
0.3351 0.151235
0.3352 0.151235
0.3353 0.151235
0.3354 0.151235
0.3355 0.151235
0.3356 0.151235
0.3357 0.151235
0.3358 0.151235
0.3359 0.151235
0.336 0.151235
0.3361 0.151235
0.3362 0.151235
0.3363 0.151235
0.3364 0.151235
0.3365 0.151235
0.3366 0.151235
0.3367 0.151235
0.3368 0.151235
0.3369 0.151235
0.337 0.151235
0.3371 0.151235
0.3372 0.151235
0.3373 0.151235
0.3374 0.151235
0.3375 0.151235
0.3376 0.151235
0.3377 0.151235
0.3378 0.151235
0.3379 0.151235
0.338 0.151235
0.3381 0.151235
0.3382 0.151235
0.3383 0.151235
0.3384 0.151235
0.3385 0.151235
0.3386 0.151235
0.3387 0.151235
0.3388 0.151235
0.3389 0.151235
0.339 0.151235
0.3391 0.151235
0.3392 0.151235
0.3393 0.151235
0.3394 0.151235
0.3395 0.151235
0.3396 0.151235
0.3397 0.151235
0.3398 0.151235
0.3399 0.151235
0.34 0.151235
0.3401 0.151235
0.3402 0.151235
0.3403 0.151235
0.3404 0.151235
0.3405 0.151235
0.3406 0.151235
0.3407 0.151235
0.3408 0.151235
0.3409 0.151235
0.341 0.151235
0.3411 0.151235
0.3412 0.151235
0.3413 0.151235
0.3414 0.151235
0.3415 0.151235
0.3416 0.151235
0.3417 0.151235
0.3418 0.151235
0.3419 0.151235
0.342 0.151235
0.3421 0.151235
0.3422 0.151235
0.3423 0.151235
0.3424 0.151235
0.3425 0.151235
0.3426 0.151235
0.3427 0.151235
0.3428 0.151235
0.3429 0.151235
0.343 0.151235
0.3431 0.151235
0.3432 0.151235
0.3433 0.151235
0.3434 0.151235
0.3435 0.151235
0.3436 0.151235
0.3437 0.151235
0.3438 0.151285
0.3439 0.151385
0.344 0.151485
0.3441 0.151585
0.3442 0.151685
0.3443 0.151785
0.3444 0.151885
0.3445 0.151985
0.3446 0.152085
0.3447 0.152185
0.3448 0.152285
0.3449 0.152385
0.345 0.152485
0.3451 0.152585
0.3452 0.152685
0.3453 0.152785
0.3454 0.152885
0.3455 0.152985
0.3456 0.153085
0.3457 0.153185
0.3458 0.153285
0.3459 0.153385
0.346 0.153485
0.3461 0.153585
0.3462 0.153685
0.3463 0.153785
0.3464 0.153885
0.3465 0.153985
0.3466 0.154085
0.3467 0.154185
0.3468 0.154285
0.3469 0.154385
0.347 0.154485
0.3471 0.154585
0.3472 0.154685
0.3473 0.154715
0.3474 0.154727
0.3475 0.154738
0.3476 0.154749
0.3477 0.15476
0.3478 0.154771
0.3479 0.154782
0.348 0.154793
0.3481 0.154804
0.3482 0.154815
0.3483 0.154827
0.3484 0.154838
0.3485 0.154849
0.3486 0.15486
0.3487 0.154871
0.3488 0.154882
0.3489 0.154893
0.349 0.154904
0.3491 0.154915
0.3492 0.154927
0.3493 0.154938
0.3494 0.154949
0.3495 0.15496
0.3496 0.154971
0.3497 0.154982
0.3498 0.154993
0.3499 0.155004
0.35 0.155015
0.3501 0.155187
0.3502 0.155358
0.3503 0.155529
0.3504 0.1557
0.3505 0.155871
0.3506 0.156042
0.3507 0.156213
0.3508 0.156384
0.3509 0.156555
0.351 0.156727
0.3511 0.156898
0.3512 0.157069
0.3513 0.15724
0.3514 0.157411
0.3515 0.157582
0.3516 0.157753
0.3517 0.157924
0.3518 0.158095
0.3519 0.158267
0.352 0.158438
0.3521 0.158609
0.3522 0.15878
0.3523 0.158951
0.3524 0.159122
0.3525 0.159293
0.3526 0.159464
0.3527 0.159635
0.3528 0.159807
0.3529 0.159978
0.353 0.160149
0.3531 0.16032
0.3532 0.160491
0.3533 0.160662
0.3534 0.160833
0.3535 0.161004
0.3536 0.161175
0.3537 0.161347
0.3538 0.161518
0.3539 0.161689
0.354 0.16186
0.3541 0.162031
0.3542 0.162158
0.3543 0.162195
0.3544 0.162233
0.3545 0.162271
0.3546 0.162309
0.3547 0.162347
0.3548 0.162384
0.3549 0.162422
0.355 0.16246
0.3551 0.162498
0.3552 0.162535
0.3553 0.162573
0.3554 0.162611
0.3555 0.162649
0.3556 0.162687
0.3557 0.162724
0.3558 0.162762
0.3559 0.1628
0.356 0.162838
0.3561 0.162875
0.3562 0.162913
0.3563 0.162951
0.3564 0.162989
0.3565 0.163027
0.3566 0.163064
0.3567 0.163102
0.3568 0.16314
0.3569 0.163178
0.357 0.163215
0.3571 0.163253
0.3572 0.163291
0.3573 0.163329
0.3574 0.163367
0.3575 0.163404
0.3576 0.163442
0.3577 0.16348
0.3578 0.163518
0.3579 0.163555
0.358 0.163593
0.3581 0.163631
0.3582 0.163669
0.3583 0.163707
0.3584 0.163744
0.3585 0.163782
0.3586 0.16382
0.3587 0.163858
0.3588 0.163895
0.3589 0.163933
0.359 0.163971
0.3591 0.164009
0.3592 0.164047
0.3593 0.164084
0.3594 0.164097
0.3595 0.164035
0.3596 0.163973
0.3597 0.16391
0.3598 0.163848
0.3599 0.163786
0.36 0.163724
0.3601 0.163662
0.3602 0.163599
0.3603 0.163537
0.3604 0.163475
0.3605 0.163413
0.3606 0.16335
0.3607 0.163288
0.3608 0.163226
0.3609 0.163164
0.361 0.163102
0.3611 0.163039
0.3612 0.163056
0.3613 0.163083
0.3614 0.163109
0.3615 0.163136
0.3616 0.163163
0.3617 0.163189
0.3618 0.163216
0.3619 0.163243
0.362 0.163269
0.3621 0.163296
0.3622 0.163323
0.3623 0.163349
0.3624 0.163376
0.3625 0.163403
0.3626 0.163429
0.3627 0.163456
0.3628 0.163483
0.3629 0.163509
0.363 0.163536
0.3631 0.163563
0.3632 0.163589
0.3633 0.163616
0.3634 0.163643
0.3635 0.163669
0.3636 0.163696
0.3637 0.163723
0.3638 0.163749
0.3639 0.163776
0.364 0.163803
0.3641 0.163829
0.3642 0.163856
0.3643 0.163883
0.3644 0.163909
0.3645 0.163936
0.3646 0.163963
0.3647 0.163989
0.3648 0.164016
0.3649 0.164043
0.365 0.164069
0.3651 0.164096
0.3652 0.164123
0.3653 0.164149
0.3654 0.164176
0.3655 0.164203
0.3656 0.164229
0.3657 0.164256
0.3658 0.164283
0.3659 0.164309
0.366 0.164336
0.3661 0.164363
0.3662 0.164389
0.3663 0.164416
0.3664 0.164443
0.3665 0.164469
0.3666 0.164496
0.3667 0.164523
0.3668 0.164549
0.3669 0.164576
0.367 0.164603
0.3671 0.164629
0.3672 0.164656
0.3673 0.164683
0.3674 0.164709
0.3675 0.164736
0.3676 0.164763
0.3677 0.164789
0.3678 0.164816
0.3679 0.164843
0.368 0.164869
0.3681 0.164896
0.3682 0.164923
0.3683 0.164949
0.3684 0.164976
0.3685 0.165003
0.3686 0.165029
0.3687 0.165056
0.3688 0.165083
0.3689 0.165109
0.369 0.165136
0.3691 0.165163
0.3692 0.165189
0.3693 0.165216
0.3694 0.165243
0.3695 0.165269
0.3696 0.165296
0.3697 0.165323
0.3698 0.165349
0.3699 0.165376
0.37 0.165403
0.3701 0.165429
0.3702 0.165456
0.3703 0.165483
0.3704 0.165509
0.3705 0.165536
0.3706 0.165563
0.3707 0.165589
0.3708 0.165616
0.3709 0.165643
0.371 0.165669
0.3711 0.165696
0.3712 0.165723
0.3713 0.165749
0.3714 0.165776
0.3715 0.165803
0.3716 0.165829
0.3717 0.165856
0.3718 0.165883
0.3719 0.165909
0.372 0.165936
0.3721 0.165963
0.3722 0.165989
0.3723 0.166016
0.3724 0.166043
0.3725 0.166069
0.3726 0.166096
0.3727 0.166123
0.3728 0.166149
0.3729 0.166176
0.373 0.166203
0.3731 0.166229
0.3732 0.166256
0.3733 0.166283
0.3734 0.166309
0.3735 0.166336
0.3736 0.166363
0.3737 0.166389
0.3738 0.166416
0.3739 0.166443
0.374 0.166469
0.3741 0.166496
0.3742 0.166523
0.3743 0.166549
0.3744 0.166576
0.3745 0.166603
0.3746 0.166629
0.3747 0.166656
0.3748 0.166683
0.3749 0.166709
0.375 0.166736
0.3751 0.166949
0.3752 0.167163
0.3753 0.167376
0.3754 0.167589
0.3755 0.167803
0.3756 0.168016
0.3757 0.168229
0.3758 0.168443
0.3759 0.168656
0.376 0.168869
0.3761 0.169083
0.3762 0.169296
0.3763 0.169509
0.3764 0.169723
0.3765 0.169936
0.3766 0.170149
0.3767 0.170363
0.3768 0.170576
0.3769 0.170789
0.377 0.171003
0.3771 0.171216
0.3772 0.171429
0.3773 0.171643
0.3774 0.171856
0.3775 0.172069
0.3776 0.172283
0.3777 0.172496
0.3778 0.172709
0.3779 0.172923
0.378 0.173136
0.3781 0.173349
0.3782 0.173563
0.3783 0.173776
0.3784 0.173989
0.3785 0.174203
0.3786 0.174416
0.3787 0.174629
0.3788 0.174843
0.3789 0.175056
0.379 0.175269
0.3791 0.175483
0.3792 0.175696
0.3793 0.175909
0.3794 0.176123
0.3795 0.176336
0.3796 0.176549
0.3797 0.176763
0.3798 0.176976
0.3799 0.177189
0.38 0.177403
0.3801 0.177616
0.3802 0.177829
0.3803 0.178043
0.3804 0.178256
0.3805 0.178469
0.3806 0.178683
0.3807 0.178896
0.3808 0.179109
0.3809 0.179323
0.381 0.179536
0.3811 0.179749
0.3812 0.179963
0.3813 0.180176
0.3814 0.180389
0.3815 0.180603
0.3816 0.180816
0.3817 0.181029
0.3818 0.181243
0.3819 0.181456
0.382 0.181669
0.3821 0.181883
0.3822 0.182096
0.3823 0.182309
0.3824 0.182523
0.3825 0.182736
0.3826 0.182949
0.3827 0.183163
0.3828 0.183376
0.3829 0.183589
0.383 0.183803
0.3831 0.184016
0.3832 0.184229
0.3833 0.184443
0.3834 0.184656
0.3835 0.184869
0.3836 0.185083
0.3837 0.185296
0.3838 0.185509
0.3839 0.185723
0.384 0.185936
0.3841 0.186149
0.3842 0.186363
0.3843 0.186576
0.3844 0.186789
0.3845 0.187003
0.3846 0.187216
0.3847 0.187429
0.3848 0.187643
0.3849 0.187856
0.385 0.188069
0.3851 0.188283
0.3852 0.188496
0.3853 0.188709
0.3854 0.188923
0.3855 0.189136
0.3856 0.189349
0.3857 0.189563
0.3858 0.189776
0.3859 0.189989
0.386 0.190203
0.3861 0.190416
0.3862 0.190629
0.3863 0.190843
0.3864 0.191056
0.3865 0.191269
0.3866 0.191483
0.3867 0.191696
0.3868 0.191909
0.3869 0.192123
0.387 0.192336
0.3871 0.192549
0.3872 0.192763
0.3873 0.192976
0.3874 0.193189
0.3875 0.193403
0.3876 0.193536
0.3877 0.193669
0.3878 0.193803
0.3879 0.193936
0.388 0.194069
0.3881 0.194203
0.3882 0.194336
0.3883 0.194469
0.3884 0.194603
0.3885 0.194736
0.3886 0.194869
0.3887 0.195003
0.3888 0.195136
0.3889 0.195269
0.389 0.195403
0.3891 0.195536
0.3892 0.195669
0.3893 0.195803
0.3894 0.195936
0.3895 0.196069
0.3896 0.196203
0.3897 0.196336
0.3898 0.196469
0.3899 0.196603
0.39 0.196736
0.3901 0.196869
0.3902 0.197003
0.3903 0.197136
0.3904 0.197269
0.3905 0.197403
0.3906 0.197536
0.3907 0.197594
0.3908 0.197628
0.3909 0.197661
0.391 0.197694
0.3911 0.197728
0.3912 0.197761
0.3913 0.197794
0.3914 0.197828
0.3915 0.197861
0.3916 0.197894
0.3917 0.197928
0.3918 0.197961
0.3919 0.197994
0.392 0.198028
0.3921 0.198061
0.3922 0.198094
0.3923 0.198128
0.3924 0.198161
0.3925 0.198194
0.3926 0.198228
0.3927 0.198261
0.3928 0.198294
0.3929 0.198377
0.393 0.198524
0.3931 0.198672
0.3932 0.19882
0.3933 0.198967
0.3934 0.199115
0.3935 0.199262
0.3936 0.19941
0.3937 0.199558
0.3938 0.199705
0.3939 0.199853
0.394 0.200001
0.3941 0.200148
0.3942 0.200296
0.3943 0.200443
0.3944 0.200591
0.3945 0.200739
0.3946 0.200886
0.3947 0.201034
0.3948 0.201182
0.3949 0.201329
0.395 0.201477
0.3951 0.201624
0.3952 0.201772
0.3953 0.20192
0.3954 0.202067
0.3955 0.202215
0.3956 0.202362
0.3957 0.20251
0.3958 0.202658
0.3959 0.202805
0.396 0.202953
0.3961 0.203101
0.3962 0.203248
0.3963 0.203396
0.3964 0.203543
0.3965 0.203691
0.3966 0.203839
0.3967 0.203986
0.3968 0.204134
0.3969 0.204282
0.397 0.204429
0.3971 0.204577
0.3972 0.204724
0.3973 0.204872
0.3974 0.20502
0.3975 0.205167
0.3976 0.205315
0.3977 0.205462
0.3978 0.20561
0.3979 0.205758
0.398 0.205905
0.3981 0.206053
0.3982 0.206201
0.3983 0.206348
0.3984 0.206496
0.3985 0.206643
0.3986 0.206791
0.3987 0.206939
0.3988 0.207086
0.3989 0.207234
0.399 0.207382
0.3991 0.207529
0.3992 0.207677
0.3993 0.207824
0.3994 0.207972
0.3995 0.20812
0.3996 0.208267
0.3997 0.208415
0.3998 0.208562
0.3999 0.20871
0.4 0.208858
0.4001 0.209005
0.4002 0.209153
0.4003 0.209301
0.4004 0.209448
0.4005 0.209596
0.4006 0.209743
0.4007 0.209891
0.4008 0.210039
0.4009 0.210186
0.401 0.210334
0.4011 0.210482
0.4012 0.210629
0.4013 0.210777
0.4014 0.210924
0.4015 0.211072
0.4016 0.21122
0.4017 0.211367
0.4018 0.211515
0.4019 0.211662
0.402 0.21181
0.4021 0.211958
0.4022 0.212105
0.4023 0.212253
0.4024 0.212401
0.4025 0.212548
0.4026 0.212696
0.4027 0.212843
0.4028 0.212991
0.4029 0.213139
0.403 0.213286
0.4031 0.213434
0.4032 0.213582
0.4033 0.213729
0.4034 0.213877
0.4035 0.214024
0.4036 0.214172
0.4037 0.21432
0.4038 0.214467
0.4039 0.214615
0.404 0.214762
0.4041 0.21491
0.4042 0.215058
0.4043 0.215205
0.4044 0.215353
0.4045 0.215501
0.4046 0.215648
0.4047 0.215796
0.4048 0.215943
0.4049 0.216091
0.405 0.216239
0.4051 0.216386
0.4052 0.216534
0.4053 0.216682
0.4054 0.216829
0.4055 0.216977
0.4056 0.217124
0.4057 0.217272
0.4058 0.21742
0.4059 0.217567
0.406 0.217715
0.4061 0.217862
0.4062 0.21801
0.4063 0.218208
0.4064 0.218455
0.4065 0.218703
0.4066 0.218951
0.4067 0.219198
0.4068 0.219446
0.4069 0.219693
0.407 0.219941
0.4071 0.220189
0.4072 0.220436
0.4073 0.220684
0.4074 0.220932
0.4075 0.221179
0.4076 0.221427
0.4077 0.221674
0.4078 0.221922
0.4079 0.22217
0.408 0.222417
0.4081 0.222665
0.4082 0.222912
0.4083 0.22316
0.4084 0.223408
0.4085 0.223655
0.4086 0.223903
0.4087 0.224151
0.4088 0.224398
0.4089 0.224646
0.409 0.224893
0.4091 0.225141
0.4092 0.225389
0.4093 0.225636
0.4094 0.225884
0.4095 0.226132
0.4096 0.226379
0.4097 0.226627
0.4098 0.226874
0.4099 0.227122
0.41 0.22737
0.4101 0.227617
0.4102 0.227865
0.4103 0.228112
0.4104 0.22836
0.4105 0.228608
0.4106 0.228855
0.4107 0.229103
0.4108 0.229253
0.4109 0.229386
0.411 0.229519
0.4111 0.229653
0.4112 0.229786
0.4113 0.229919
0.4114 0.230053
0.4115 0.230186
0.4116 0.230319
0.4117 0.230453
0.4118 0.230586
0.4119 0.230719
0.412 0.230853
0.4121 0.230986
0.4122 0.231119
0.4123 0.231253
0.4124 0.231386
0.4125 0.231519
0.4126 0.231573
0.4127 0.231626
0.4128 0.231679
0.4129 0.231733
0.413 0.231786
0.4131 0.231839
0.4132 0.231893
0.4133 0.231946
0.4134 0.231999
0.4135 0.232053
0.4136 0.232106
0.4137 0.232159
0.4138 0.232213
0.4139 0.232266
0.414 0.232319
0.4141 0.232373
0.4142 0.232426
0.4143 0.232479
0.4144 0.232533
0.4145 0.232586
0.4146 0.232639
0.4147 0.232693
0.4148 0.232746
0.4149 0.232799
0.415 0.232853
0.4151 0.232906
0.4152 0.232959
0.4153 0.233013
0.4154 0.233066
0.4155 0.233119
0.4156 0.233173
0.4157 0.233226
0.4158 0.233279
0.4159 0.233333
0.416 0.233386
0.4161 0.233439
0.4162 0.233493
0.4163 0.233546
0.4164 0.233599
0.4165 0.233653
0.4166 0.233706
0.4167 0.233878
0.4168 0.234287
0.4169 0.234696
0.417 0.235104
0.4171 0.235513
0.4172 0.235922
0.4173 0.236331
0.4174 0.23674
0.4175 0.237149
0.4176 0.237558
0.4177 0.237967
0.4178 0.238376
0.4179 0.238784
0.418 0.239193
0.4181 0.239602
0.4182 0.240011
0.4183 0.24042
0.4184 0.240829
0.4185 0.241238
0.4186 0.241647
0.4187 0.242056
0.4188 0.242464
0.4189 0.242873
0.419 0.243282
0.4191 0.243691
0.4192 0.2441
0.4193 0.244509
0.4194 0.244918
0.4195 0.245327
0.4196 0.245736
0.4197 0.246144
0.4198 0.246553
0.4199 0.246962
0.42 0.247371
0.4201 0.24778
0.4202 0.248189
0.4203 0.248598
0.4204 0.249007
0.4205 0.249416
0.4206 0.249824
0.4207 0.250233
0.4208 0.250642
0.4209 0.251051
0.421 0.25146
0.4211 0.251869
0.4212 0.252278
0.4213 0.252687
0.4214 0.253096
0.4215 0.253504
0.4216 0.253913
0.4217 0.254322
0.4218 0.254731
0.4219 0.25514
0.422 0.255549
0.4221 0.255958
0.4222 0.256367
0.4223 0.256776
0.4224 0.257184
0.4225 0.257593
0.4226 0.258002
0.4227 0.258411
0.4228 0.25882
0.4229 0.259229
0.423 0.259638
0.4231 0.260047
0.4232 0.260456
0.4233 0.260864
0.4234 0.261273
0.4235 0.261682
0.4236 0.262091
0.4237 0.2625
0.4238 0.262909
0.4239 0.263318
0.424 0.263727
0.4241 0.264136
0.4242 0.264544
0.4243 0.264953
0.4244 0.265362
0.4245 0.265771
0.4246 0.26618
0.4247 0.266589
0.4248 0.266998
0.4249 0.267407
0.425 0.267816
0.4251 0.268144
0.4252 0.268473
0.4253 0.268802
0.4254 0.269131
0.4255 0.26946
0.4256 0.269789
0.4257 0.270118
0.4258 0.270447
0.4259 0.270776
0.426 0.271104
0.4261 0.271433
0.4262 0.271762
0.4263 0.272091
0.4264 0.27242
0.4265 0.272749
0.4266 0.273078
0.4267 0.273407
0.4268 0.273736
0.4269 0.274064
0.427 0.274393
0.4271 0.274722
0.4272 0.275051
0.4273 0.27538
0.4274 0.275709
0.4275 0.276038
0.4276 0.276367
0.4277 0.276696
0.4278 0.277024
0.4279 0.277353
0.428 0.277682
0.4281 0.278011
0.4282 0.27834
0.4283 0.278669
0.4284 0.278998
0.4285 0.279327
0.4286 0.279656
0.4287 0.279984
0.4288 0.280313
0.4289 0.280642
0.429 0.280971
0.4291 0.2813
0.4292 0.281629
0.4293 0.281958
0.4294 0.282287
0.4295 0.282616
0.4296 0.282944
0.4297 0.283273
0.4298 0.283602
0.4299 0.283931
0.43 0.28426
0.4301 0.284589
0.4302 0.284918
0.4303 0.285247
0.4304 0.285576
0.4305 0.285904
0.4306 0.286194
0.4307 0.286434
0.4308 0.286674
0.4309 0.286914
0.431 0.287154
0.4311 0.287394
0.4312 0.287634
0.4313 0.287874
0.4314 0.288114
0.4315 0.288354
0.4316 0.288594
0.4317 0.288834
0.4318 0.289074
0.4319 0.289314
0.432 0.289554
0.4321 0.289794
0.4322 0.290034
0.4323 0.290274
0.4324 0.290514
0.4325 0.290754
0.4326 0.290994
0.4327 0.291234
0.4328 0.291474
0.4329 0.291714
0.433 0.291954
0.4331 0.292194
0.4332 0.292434
0.4333 0.292674
0.4334 0.292914
0.4335 0.293154
0.4336 0.293394
0.4337 0.293634
0.4338 0.293874
0.4339 0.294114
0.434 0.294354
0.4341 0.294594
0.4342 0.294834
0.4343 0.295074
0.4344 0.295314
0.4345 0.295554
0.4346 0.295794
0.4347 0.296034
0.4348 0.296274
0.4349 0.296514
0.435 0.296754
0.4351 0.296994
0.4352 0.297234
0.4353 0.297474
0.4354 0.297714
0.4355 0.297954
0.4356 0.298194
0.4357 0.298434
0.4358 0.298674
0.4359 0.298914
0.436 0.299154
0.4361 0.299394
0.4362 0.299634
0.4363 0.299874
0.4364 0.300114
0.4365 0.300354
0.4366 0.300594
0.4367 0.300834
0.4368 0.301074
0.4369 0.301314
0.437 0.301554
0.4371 0.301794
0.4372 0.302034
0.4373 0.302274
0.4374 0.302514
0.4375 0.302754
0.4376 0.302794
0.4377 0.302834
0.4378 0.302874
0.4379 0.302914
0.438 0.302954
0.4381 0.302994
0.4382 0.303034
0.4383 0.303074
0.4384 0.303114
0.4385 0.303154
0.4386 0.303194
0.4387 0.303234
0.4388 0.303274
0.4389 0.303314
0.439 0.303354
0.4391 0.303394
0.4392 0.303434
0.4393 0.303474
0.4394 0.303514
0.4395 0.303554
0.4396 0.303594
0.4397 0.303634
0.4398 0.303674
0.4399 0.303714
0.44 0.303754
0.4401 0.303794
0.4402 0.303834
0.4403 0.303874
0.4404 0.303914
0.4405 0.303954
0.4406 0.303994
0.4407 0.304034
0.4408 0.304074
0.4409 0.304114
0.441 0.304154
0.4411 0.304194
0.4412 0.304234
0.4413 0.304274
0.4414 0.304314
0.4415 0.304354
0.4416 0.304394
0.4417 0.304434
0.4418 0.304474
0.4419 0.304514
0.442 0.304554
0.4421 0.304594
0.4422 0.304634
0.4423 0.304674
0.4424 0.304714
0.4425 0.304754
0.4426 0.304794
0.4427 0.304834
0.4428 0.304874
0.4429 0.304914
0.443 0.304954
0.4431 0.304994
0.4432 0.305034
0.4433 0.305074
0.4434 0.305114
0.4435 0.305154
0.4436 0.305194
0.4437 0.305234
0.4438 0.305274
0.4439 0.305314
0.444 0.305354
0.4441 0.305394
0.4442 0.305434
0.4443 0.305474
0.4444 0.305514
0.4445 0.305554
0.4446 0.305594
0.4447 0.305634
0.4448 0.305674
0.4449 0.305714
0.445 0.305754
0.4451 0.305794
0.4452 0.305834
0.4453 0.305874
0.4454 0.305914
0.4455 0.305954
0.4456 0.305994
0.4457 0.306034
0.4458 0.306074
0.4459 0.306114
0.446 0.306154
0.4461 0.306194
0.4462 0.306234
0.4463 0.306274
0.4464 0.306314
0.4465 0.306272
0.4466 0.306198
0.4467 0.306124
0.4468 0.306049
0.4469 0.305975
0.447 0.305901
0.4471 0.305826
0.4472 0.305752
0.4473 0.305678
0.4474 0.305604
0.4475 0.305529
0.4476 0.305455
0.4477 0.305381
0.4478 0.305306
0.4479 0.305232
0.448 0.305158
0.4481 0.305084
0.4482 0.305009
0.4483 0.304935
0.4484 0.304861
0.4485 0.304786
0.4486 0.304712
0.4487 0.304638
0.4488 0.304564
0.4489 0.304489
0.449 0.304415
0.4491 0.304341
0.4492 0.304266
0.4493 0.304192
0.4494 0.304118
0.4495 0.304044
0.4496 0.303969
0.4497 0.303895
0.4498 0.303821
0.4499 0.303746
0.45 0.303672
0.4501 0.303758
0.4502 0.303844
0.4503 0.303929
0.4504 0.304015
0.4505 0.304101
0.4506 0.304186
0.4507 0.304272
0.4508 0.304358
0.4509 0.304444
0.451 0.304529
0.4511 0.304615
0.4512 0.304701
0.4513 0.304786
0.4514 0.304872
0.4515 0.304958
0.4516 0.305044
0.4517 0.305129
0.4518 0.305215
0.4519 0.305301
0.452 0.305386
0.4521 0.305472
0.4522 0.305558
0.4523 0.305644
0.4524 0.305729
0.4525 0.305815
0.4526 0.305901
0.4527 0.305986
0.4528 0.306072
0.4529 0.306158
0.453 0.306244
0.4531 0.306329
0.4532 0.306415
0.4533 0.306501
0.4534 0.306586
0.4535 0.306672
0.4536 0.306758
0.4537 0.306844
0.4538 0.306929
0.4539 0.307015
0.454 0.307101
0.4541 0.307186
0.4542 0.307272
0.4543 0.307358
0.4544 0.307444
0.4545 0.307529
0.4546 0.307615
0.4547 0.307701
0.4548 0.307786
0.4549 0.307872
0.455 0.307958
0.4551 0.308044
0.4552 0.308129
0.4553 0.308215
0.4554 0.308301
0.4555 0.308386
0.4556 0.308472
0.4557 0.308558
0.4558 0.308644
0.4559 0.308729
0.456 0.308815
0.4561 0.308901
0.4562 0.308986
0.4563 0.309072
0.4564 0.309158
0.4565 0.309244
0.4566 0.309329
0.4567 0.309415
0.4568 0.309501
0.4569 0.309586
0.457 0.309672
0.4571 0.309758
0.4572 0.309844
0.4573 0.309929
0.4574 0.310015
0.4575 0.310101
0.4576 0.310186
0.4577 0.310272
0.4578 0.310358
0.4579 0.310444
0.458 0.310529
0.4581 0.310615
0.4582 0.310701
0.4583 0.310786
0.4584 0.310902
0.4585 0.311032
0.4586 0.311162
0.4587 0.311292
0.4588 0.311422
0.4589 0.311553
0.459 0.311683
0.4591 0.311813
0.4592 0.311943
0.4593 0.312073
0.4594 0.312203
0.4595 0.312334
0.4596 0.312464
0.4597 0.312594
0.4598 0.312724
0.4599 0.312854
0.46 0.312984
0.4601 0.313115
0.4602 0.313245
0.4603 0.313375
0.4604 0.313505
0.4605 0.313635
0.4606 0.313765
0.4607 0.313895
0.4608 0.314026
0.4609 0.314156
0.461 0.314286
0.4611 0.314416
0.4612 0.314546
0.4613 0.314676
0.4614 0.314807
0.4615 0.314937
0.4616 0.315067
0.4617 0.315197
0.4618 0.315327
0.4619 0.315457
0.462 0.315588
0.4621 0.315718
0.4622 0.315848
0.4623 0.315978
0.4624 0.316108
0.4625 0.316238
0.4626 0.316369
0.4627 0.316499
0.4628 0.316629
0.4629 0.316759
0.463 0.316889
0.4631 0.317019
0.4632 0.317149
0.4633 0.31728
0.4634 0.31741
0.4635 0.31754
0.4636 0.31767
0.4637 0.3178
0.4638 0.31793
0.4639 0.318061
0.464 0.318191
0.4641 0.318321
0.4642 0.318451
0.4643 0.318598
0.4644 0.318842
0.4645 0.319086
0.4646 0.319331
0.4647 0.319575
0.4648 0.31982
0.4649 0.320064
0.465 0.320309
0.4651 0.320553
0.4652 0.320798
0.4653 0.321042
0.4654 0.321286
0.4655 0.321531
0.4656 0.321775
0.4657 0.32202
0.4658 0.322264
0.4659 0.322509
0.466 0.322753
0.4661 0.322998
0.4662 0.323242
0.4663 0.323486
0.4664 0.323731
0.4665 0.323975
0.4666 0.32422
0.4667 0.324464
0.4668 0.324709
0.4669 0.324953
0.467 0.325198
0.4671 0.325442
0.4672 0.325686
0.4673 0.325931
0.4674 0.326175
0.4675 0.32642
0.4676 0.326664
0.4677 0.326909
0.4678 0.327153
0.4679 0.327398
0.468 0.327642
0.4681 0.327886
0.4682 0.328131
0.4683 0.328375
0.4684 0.32862
0.4685 0.328864
0.4686 0.329109
0.4687 0.329353
0.4688 0.329548
0.4689 0.329692
0.469 0.329836
0.4691 0.329981
0.4692 0.330125
0.4693 0.33027
0.4694 0.330414
0.4695 0.330559
0.4696 0.330703
0.4697 0.330848
0.4698 0.330992
0.4699 0.331136
0.47 0.331281
0.4701 0.331425
0.4702 0.33157
0.4703 0.331714
0.4704 0.331859
0.4705 0.332003
0.4706 0.332148
0.4707 0.332292
0.4708 0.332436
0.4709 0.332581
0.471 0.332725
0.4711 0.33287
0.4712 0.333014
0.4713 0.333159
0.4714 0.333303
0.4715 0.333448
0.4716 0.333592
0.4717 0.333736
0.4718 0.333881
0.4719 0.334025
0.472 0.33417
0.4721 0.334314
0.4722 0.334459
0.4723 0.334672
0.4724 0.334906
0.4725 0.335139
0.4726 0.335372
0.4727 0.335606
0.4728 0.335839
0.4729 0.336072
0.473 0.336306
0.4731 0.336539
0.4732 0.336772
0.4733 0.337006
0.4734 0.337239
0.4735 0.337472
0.4736 0.337706
0.4737 0.337939
0.4738 0.338172
0.4739 0.338406
0.474 0.338639
0.4741 0.338872
0.4742 0.339106
0.4743 0.339339
0.4744 0.339572
0.4745 0.339806
0.4746 0.340039
0.4747 0.340272
0.4748 0.340506
0.4749 0.340739
0.475 0.340972
0.4751 0.341286
0.4752 0.341599
0.4753 0.341912
0.4754 0.342226
0.4755 0.342539
0.4756 0.342852
0.4757 0.343166
0.4758 0.343479
0.4759 0.343792
0.476 0.344106
0.4761 0.344419
0.4762 0.344732
0.4763 0.345046
0.4764 0.345359
0.4765 0.345672
0.4766 0.345986
0.4767 0.346299
0.4768 0.346612
0.4769 0.346926
0.477 0.347239
0.4771 0.347552
0.4772 0.347866
0.4773 0.348179
0.4774 0.348492
0.4775 0.348806
0.4776 0.349119
0.4777 0.349432
0.4778 0.349746
0.4779 0.350059
0.478 0.350372
0.4781 0.350686
0.4782 0.350999
0.4783 0.351312
0.4784 0.351626
0.4785 0.351939
0.4786 0.352252
0.4787 0.352566
0.4788 0.352879
0.4789 0.353192
0.479 0.353506
0.4791 0.353819
0.4792 0.354088
0.4793 0.354268
0.4794 0.354448
0.4795 0.354628
0.4796 0.354808
0.4797 0.354988
0.4798 0.355168
0.4799 0.355348
0.48 0.355528
0.4801 0.355708
0.4802 0.355888
0.4803 0.356068
0.4804 0.356248
0.4805 0.356428
0.4806 0.356608
0.4807 0.356788
0.4808 0.356968
0.4809 0.357148
0.481 0.357328
0.4811 0.357508
0.4812 0.357688
0.4813 0.357868
0.4814 0.358048
0.4815 0.358228
0.4816 0.358408
0.4817 0.358588
0.4818 0.358768
0.4819 0.358948
0.482 0.359128
0.4821 0.359308
0.4822 0.359488
0.4823 0.359668
0.4824 0.359848
0.4825 0.360028
0.4826 0.360208
0.4827 0.360388
0.4828 0.360568
0.4829 0.360748
0.483 0.360928
0.4831 0.361108
0.4832 0.361288
0.4833 0.361468
0.4834 0.361648
0.4835 0.361828
0.4836 0.362008
0.4837 0.362188
0.4838 0.362368
0.4839 0.362548
0.484 0.362728
0.4841 0.362908
0.4842 0.363088
0.4843 0.363268
0.4844 0.363423
0.4845 0.363503
0.4846 0.363583
0.4847 0.363663
0.4848 0.363743
0.4849 0.363823
0.485 0.363903
0.4851 0.363983
0.4852 0.364063
0.4853 0.364143
0.4854 0.364223
0.4855 0.364303
0.4856 0.364383
0.4857 0.364463
0.4858 0.364543
0.4859 0.364623
0.486 0.364703
0.4861 0.364783
0.4862 0.364863
0.4863 0.364943
0.4864 0.365023
0.4865 0.365103
0.4866 0.365183
0.4867 0.365263
0.4868 0.365343
0.4869 0.365423
0.487 0.365503
0.4871 0.365583
0.4872 0.365663
0.4873 0.365743
0.4874 0.365823
0.4875 0.365903
0.4876 0.365903
0.4877 0.365903
0.4878 0.365903
0.4879 0.365903
0.488 0.365903
0.4881 0.365903
0.4882 0.365903
0.4883 0.365903
0.4884 0.365903
0.4885 0.365903
0.4886 0.365903
0.4887 0.365903
0.4888 0.365903
0.4889 0.365903
0.489 0.365903
0.4891 0.365903
0.4892 0.365903
0.4893 0.365903
0.4894 0.365903
0.4895 0.365903
0.4896 0.365903
0.4897 0.365903
0.4898 0.365903
0.4899 0.365903
0.49 0.365903
0.4901 0.365903
0.4902 0.365903
0.4903 0.365903
0.4904 0.365903
0.4905 0.365903
0.4906 0.365903
0.4907 0.365903
0.4908 0.365903
0.4909 0.365903
0.491 0.365903
0.4911 0.365903
0.4912 0.365903
0.4913 0.365903
0.4914 0.365903
0.4915 0.365903
0.4916 0.365903
0.4917 0.365903
0.4918 0.365903
0.4919 0.365903
0.492 0.365903
0.4921 0.365903
0.4922 0.365903
0.4923 0.365903
0.4924 0.365903
0.4925 0.365903
0.4926 0.365903
0.4927 0.365903
0.4928 0.365903
0.4929 0.365903
0.493 0.365903
0.4931 0.365903
0.4932 0.365903
0.4933 0.365903
0.4934 0.365903
0.4935 0.365903
0.4936 0.365903
0.4937 0.365903
0.4938 0.365903
0.4939 0.365903
0.494 0.365903
0.4941 0.365903
0.4942 0.365903
0.4943 0.365903
0.4944 0.365903
0.4945 0.365903
0.4946 0.365903
0.4947 0.365903
0.4948 0.365903
0.4949 0.365903
0.495 0.365903
0.4951 0.365903
0.4952 0.365903
0.4953 0.365903
0.4954 0.365903
0.4955 0.365903
0.4956 0.365903
0.4957 0.365903
0.4958 0.365903
0.4959 0.365903
0.496 0.365903
0.4961 0.365903
0.4962 0.365903
0.4963 0.365903
0.4964 0.365903
0.4965 0.365903
0.4966 0.365903
0.4967 0.365903
0.4968 0.365903
0.4969 0.365903
0.497 0.365903
0.4971 0.365903
0.4972 0.365903
0.4973 0.365903
0.4974 0.365903
0.4975 0.365903
0.4976 0.365903
0.4977 0.365903
0.4978 0.365903
0.4979 0.365903
0.498 0.365903
0.4981 0.365903
0.4982 0.365903
0.4983 0.365903
0.4984 0.365903
0.4985 0.365903
0.4986 0.365903
0.4987 0.365903
0.4988 0.365903
0.4989 0.365903
0.499 0.365903
0.4991 0.365903
0.4992 0.365903
0.4993 0.365903
0.4994 0.365903
0.4995 0.365903
0.4996 0.365903
0.4997 0.365903
0.4998 0.365903
0.4999 0.365903
0.5 0.365903
