0 1.64483
0.0001 1.6444
0.0002 1.64391
0.0003 1.64342
0.0004 1.64293
0.0005 1.64244
0.0006 1.64195
0.0007 1.64146
0.0008 1.64097
0.0009 1.64048
0.001 1.63998
0.0011 1.63949
0.0012 1.639
0.0013 1.63851
0.0014 1.63802
0.0015 1.63753
0.0016 1.63704
0.0017 1.63655
0.0018 1.63606
0.0019 1.63556
0.002 1.63507
0.0021 1.63458
0.0022 1.63409
0.0023 1.6336
0.0024 1.63311
0.0025 1.63262
0.0026 1.63213
0.0027 1.63163
0.0028 1.63114
0.0029 1.63065
0.003 1.63016
0.0031 1.62967
0.0032 1.62918
0.0033 1.62869
0.0034 1.6282
0.0035 1.62771
0.0036 1.62721
0.0037 1.62672
0.0038 1.62623
0.0039 1.62574
0.004 1.62525
0.0041 1.62476
0.0042 1.62427
0.0043 1.62378
0.0044 1.62328
0.0045 1.62279
0.0046 1.6223
0.0047 1.62181
0.0048 1.62132
0.0049 1.62082
0.005 1.62034
0.0051 1.61984
0.0052 1.61936
0.0053 1.61886
0.0054 1.61838
0.0055 1.61788
0.0056 1.61739
0.0057 1.6169
0.0058 1.6164
0.0059 1.61592
0.006 1.61543
0.0061 1.61493
0.0062 1.61445
0.0063 1.61395
0.0064 1.61345
0.0065 1.61297
0.0066 1.61249
0.0067 1.61198
0.0068 1.61149
0.0069 1.61101
0.007 1.61052
0.0071 1.61002
0.0072 1.60953
0.0073 1.60905
0.0074 1.60856
0.0075 1.60805
0.0076 1.60756
0.0077 1.60708
0.0078 1.6066
0.0079 1.6061
0.008 1.60559
0.0081 1.6051
0.0082 1.60462
0.0083 1.60414
0.0084 1.60365
0.0085 1.60314
0.0086 1.60264
0.0087 1.60215
0.0088 1.60168
0.0089 1.6012
0.009 1.6007
0.0091 1.6002
0.0092 1.59969
0.0093 1.5992
0.0094 1.59872
0.0095 1.59825
0.0096 1.59777
0.0097 1.59727
0.0098 1.59676
0.0099 1.59625
0.01 1.59574
0.0101 1.59527
0.0102 1.5948
0.0103 1.59432
0.0104 1.59385
0.0105 1.59334
0.0106 1.59284
0.0107 1.59233
0.0108 1.59182
0.0109 1.59132
0.011 1.59085
0.0111 1.59038
0.0112 1.5899
0.0113 1.58943
0.0114 1.58894
0.0115 1.58843
0.0116 1.58792
0.0117 1.58741
0.0118 1.5869
0.0119 1.58639
0.012 1.58592
0.0121 1.58545
0.0122 1.58498
0.0123 1.5845
0.0124 1.58403
0.0125 1.58356
0.0126 1.58305
0.0127 1.58254
0.0128 1.58203
0.0129 1.58151
0.013 1.581
0.0131 1.58049
0.0132 1.58
0.0133 1.57953
0.0134 1.57906
0.0135 1.57859
0.0136 1.57812
0.0137 1.57765
0.0138 1.57718
0.0139 1.5767
0.014 1.57619
0.0141 1.57568
0.0142 1.57516
0.0143 1.57465
0.0144 1.57413
0.0145 1.57362
0.0146 1.57311
0.0147 1.57258
0.0148 1.57213
0.0149 1.57166
0.015 1.57119
0.0151 1.57072
0.0152 1.57026
0.0153 1.56978
0.0154 1.56932
0.0155 1.56886
0.0156 1.56839
0.0157 1.56788
0.0158 1.56737
0.0159 1.56685
0.016 1.56633
0.0161 1.56582
0.0162 1.5653
0.0163 1.56478
0.0164 1.56426
0.0165 1.56375
0.0166 1.56323
0.0167 1.56273
0.0168 1.56227
0.0169 1.5618
0.017 1.56134
0.0171 1.56088
0.0172 1.56042
0.0173 1.55995
0.0174 1.55948
0.0175 1.55902
0.0176 1.55856
0.0177 1.5581
0.0178 1.55763
0.0179 1.55714
0.018 1.55662
0.0181 1.5561
0.0182 1.55559
0.0183 1.55505
0.0184 1.55454
0.0185 1.55402
0.0186 1.5535
0.0187 1.55297
0.0188 1.55245
0.0189 1.55193
0.019 1.55142
0.0191 1.5509
0.0192 1.55036
0.0193 1.54989
0.0194 1.54945
0.0195 1.54898
0.0196 1.54851
0.0197 1.54805
0.0198 1.5476
0.0199 1.54714
0.02 1.54669
0.0201 1.54622
0.0202 1.54576
0.0203 1.5453
0.0204 1.54485
0.0205 1.54439
0.0206 1.54393
0.0207 1.54347
0.0208 1.54301
0.0209 1.5425
0.021 1.54198
0.0211 1.54145
0.0212 1.54093
0.0213 1.54041
0.0214 1.53987
0.0215 1.53934
0.0216 1.53882
0.0217 1.5383
0.0218 1.53778
0.0219 1.53725
0.022 1.53671
0.0221 1.53619
0.0222 1.53566
0.0223 1.53514
0.0224 1.53463
0.0225 1.5341
0.0226 1.53357
0.0227 1.53301
0.0228 1.53255
0.0229 1.53212
0.023 1.53168
0.0231 1.53121
0.0232 1.53075
0.0233 1.53029
0.0234 1.52984
0.0235 1.52939
0.0236 1.52894
0.0237 1.52849
0.0238 1.52805
0.0239 1.52758
0.024 1.52712
0.0241 1.52666
0.0242 1.5262
0.0243 1.52577
0.0244 1.52533
0.0245 1.52486
0.0246 1.52441
0.0247 1.52396
0.0248 1.5235
0.0249 1.52305
0.025 1.52259
0.0251 1.52206
0.0252 1.52153
0.0253 1.521
0.0254 1.52046
0.0255 1.51993
0.0256 1.51941
0.0257 1.51887
0.0258 1.51832
0.0259 1.51778
0.026 1.51725
0.0261 1.51672
0.0262 1.5162
0.0263 1.51568
0.0264 1.51514
0.0265 1.51461
0.0266 1.51406
0.0267 1.51352
0.0268 1.51298
0.0269 1.51245
0.027 1.51192
0.0271 1.51139
0.0272 1.51087
0.0273 1.51035
0.0274 1.50983
0.0275 1.50928
0.0276 1.50873
0.0277 1.50817
0.0278 1.50763
0.0279 1.50723
0.028 1.50681
0.0281 1.50638
0.0282 1.50594
0.0283 1.50549
0.0284 1.50503
0.0285 1.50457
0.0286 1.50412
0.0287 1.50367
0.0288 1.50323
0.0289 1.50278
0.029 1.50235
0.0291 1.50191
0.0292 1.50148
0.0293 1.50104
0.0294 1.5006
0.0295 1.50015
0.0296 1.49969
0.0297 1.49923
0.0298 1.49878
0.0299 1.49833
0.03 1.49788
0.0301 1.49746
0.0302 1.49704
0.0303 1.49661
0.0304 1.49615
0.0305 1.49569
0.0306 1.49525
0.0307 1.4948
0.0308 1.49436
0.0309 1.49391
0.031 1.49347
0.0311 1.49302
0.0312 1.49257
0.0313 1.49208
0.0314 1.49154
0.0315 1.49099
0.0316 1.49045
0.0317 1.48991
0.0318 1.48936
0.0319 1.48882
0.032 1.48828
0.0321 1.48774
0.0322 1.48722
0.0323 1.48667
0.0324 1.48611
0.0325 1.48554
0.0326 1.48497
0.0327 1.48443
0.0328 1.48389
0.0329 1.48336
0.033 1.48282
0.0331 1.4823
0.0332 1.48176
0.0333 1.48123
0.0334 1.48069
0.0335 1.48014
0.0336 1.47959
0.0337 1.47904
0.0338 1.47847
0.0339 1.47792
0.034 1.47737
0.0341 1.47682
0.0342 1.47628
0.0343 1.47573
0.0344 1.47519
0.0345 1.47465
0.0346 1.47412
0.0347 1.47359
0.0348 1.47306
0.0349 1.47254
0.035 1.47201
0.0351 1.47146
0.0352 1.4709
0.0353 1.47034
0.0354 1.46978
0.0355 1.4692
0.0356 1.46861
0.0357 1.46799
0.0358 1.46761
0.0359 1.46723
0.036 1.46683
0.0361 1.46642
0.0362 1.46601
0.0363 1.4656
0.0364 1.46518
0.0365 1.46474
0.0366 1.46429
0.0367 1.46384
0.0368 1.4634
0.0369 1.46295
0.037 1.46251
0.0371 1.46207
0.0372 1.46164
0.0373 1.46121
0.0374 1.46078
0.0375 1.46034
0.0376 1.45992
0.0377 1.4595
0.0378 1.45908
0.0379 1.45866
0.038 1.45826
0.0381 1.45783
0.0382 1.45741
0.0383 1.45698
0.0384 1.45656
0.0385 1.45613
0.0386 1.45569
0.0387 1.45524
0.0388 1.4548
0.0389 1.45435
0.039 1.4539
0.0391 1.45346
0.0392 1.45302
0.0393 1.45259
0.0394 1.45215
0.0395 1.45172
0.0396 1.45132
0.0397 1.45092
0.0398 1.45052
0.0399 1.45011
0.04 1.4497
0.0401 1.44925
0.0402 1.44881
0.0403 1.44835
0.0404 1.44791
0.0405 1.44748
0.0406 1.44705
0.0407 1.44662
0.0408 1.4462
0.0409 1.44576
0.041 1.44533
0.0411 1.4449
0.0412 1.44446
0.0413 1.44403
0.0414 1.4436
0.0415 1.44317
0.0416 1.44274
0.0417 1.44226
0.0418 1.4417
0.0419 1.44114
0.042 1.44058
0.0421 1.44002
0.0422 1.43945
0.0423 1.43889
0.0424 1.43833
0.0425 1.43778
0.0426 1.43721
0.0427 1.43664
0.0428 1.43608
0.0429 1.43552
0.043 1.43496
0.0431 1.43439
0.0432 1.43386
0.0433 1.43332
0.0434 1.43277
0.0435 1.43222
0.0436 1.43163
0.0437 1.43105
0.0438 1.43046
0.0439 1.42986
0.044 1.42926
0.0441 1.42866
0.0442 1.4281
0.0443 1.42755
0.0444 1.42699
0.0445 1.42643
0.0446 1.42588
0.0447 1.42533
0.0448 1.42479
0.0449 1.42425
0.045 1.42371
0.0451 1.42316
0.0452 1.42261
0.0453 1.42206
0.0454 1.42152
0.0455 1.42096
0.0456 1.42039
0.0457 1.41981
0.0458 1.41924
0.0459 1.41867
0.046 1.41811
0.0461 1.41753
0.0462 1.41694
0.0463 1.41634
0.0464 1.41577
0.0465 1.41519
0.0466 1.41462
0.0467 1.41405
0.0468 1.41348
0.0469 1.41291
0.047 1.41235
0.0471 1.41179
0.0472 1.41123
0.0473 1.41066
0.0474 1.4101
0.0475 1.40954
0.0476 1.40898
0.0477 1.40843
0.0478 1.40789
0.0479 1.40735
0.048 1.4068
0.0481 1.40626
0.0482 1.40572
0.0483 1.40519
0.0484 1.40465
0.0485 1.4041
0.0486 1.40356
0.0487 1.403
0.0488 1.40244
0.0489 1.40186
0.049 1.40127
0.0491 1.40068
0.0492 1.40009
0.0493 1.3995
0.0494 1.39891
0.0495 1.3983
0.0496 1.39769
0.0497 1.39707
0.0498 1.39644
0.0499 1.39578
0.05 1.39507
0.0501 1.39481
0.0502 1.39451
0.0503 1.39418
0.0504 1.39383
0.0505 1.39348
0.0506 1.39312
0.0507 1.39275
0.0508 1.39237
0.0509 1.39199
0.051 1.39162
0.0511 1.39125
0.0512 1.39086
0.0513 1.39047
0.0514 1.39006
0.0515 1.38965
0.0516 1.38922
0.0517 1.3888
0.0518 1.38837
0.0519 1.38793
0.052 1.3875
0.0521 1.38707
0.0522 1.38665
0.0523 1.38623
0.0524 1.3858
0.0525 1.38537
0.0526 1.38495
0.0527 1.38454
0.0528 1.38413
0.0529 1.38373
0.053 1.38333
0.0531 1.38293
0.0532 1.38253
0.0533 1.38211
0.0534 1.38171
0.0535 1.3813
0.0536 1.38089
0.0537 1.3805
0.0538 1.38011
0.0539 1.37972
0.054 1.37932
0.0541 1.37893
0.0542 1.37854
0.0543 1.37815
0.0544 1.37778
0.0545 1.37742
0.0546 1.37704
0.0547 1.37666
0.0548 1.37626
0.0549 1.37585
0.055 1.37545
0.0551 1.37507
0.0552 1.37467
0.0553 1.37428
0.0554 1.37389
0.0555 1.37349
0.0556 1.37309
0.0557 1.37266
0.0558 1.37224
0.0559 1.37182
0.056 1.37139
0.0561 1.37097
0.0562 1.37056
0.0563 1.37013
0.0564 1.36969
0.0565 1.36925
0.0566 1.36882
0.0567 1.3684
0.0568 1.36798
0.0569 1.36756
0.057 1.36714
0.0571 1.36672
0.0572 1.36631
0.0573 1.36591
0.0574 1.3655
0.0575 1.36509
0.0576 1.36466
0.0577 1.36423
0.0578 1.36389
0.0579 1.36354
0.058 1.36318
0.0581 1.36283
0.0582 1.36247
0.0583 1.36211
0.0584 1.36174
0.0585 1.36136
0.0586 1.36099
0.0587 1.36062
0.0588 1.36025
0.0589 1.35983
0.059 1.3594
0.0591 1.35897
0.0592 1.35855
0.0593 1.35811
0.0594 1.35766
0.0595 1.35722
0.0596 1.35681
0.0597 1.3564
0.0598 1.356
0.0599 1.3556
0.06 1.3552
0.0601 1.35478
0.0602 1.35437
0.0603 1.35396
0.0604 1.35357
0.0605 1.35318
0.0606 1.35279
0.0607 1.35238
0.0608 1.35195
0.0609 1.35154
0.061 1.35114
0.0611 1.35073
0.0612 1.35034
0.0613 1.34992
0.0614 1.34952
0.0615 1.34911
0.0616 1.3487
0.0617 1.3483
0.0618 1.34789
0.0619 1.34749
0.062 1.34708
0.0621 1.34667
0.0622 1.34627
0.0623 1.34586
0.0624 1.34546
0.0625 1.34505
0.0626 1.34445
0.0627 1.34385
0.0628 1.34325
0.0629 1.34265
0.063 1.34205
0.0631 1.34145
0.0632 1.34085
0.0633 1.34025
0.0634 1.33965
0.0635 1.33905
0.0636 1.33844
0.0637 1.33784
0.0638 1.33725
0.0639 1.33665
0.064 1.33604
0.0641 1.33544
0.0642 1.33484
0.0643 1.33424
0.0644 1.33366
0.0645 1.33307
0.0646 1.33246
0.0647 1.33184
0.0648 1.33122
0.0649 1.33061
0.065 1.33002
0.0651 1.32943
0.0652 1.32883
0.0653 1.32823
0.0654 1.32762
0.0655 1.32701
0.0656 1.32641
0.0657 1.32582
0.0658 1.32521
0.0659 1.32466
0.066 1.3241
0.0661 1.32354
0.0662 1.32297
0.0663 1.32239
0.0664 1.32181
0.0665 1.32124
0.0666 1.32067
0.0667 1.32007
0.0668 1.31943
0.0669 1.31879
0.067 1.31815
0.0671 1.31751
0.0672 1.31688
0.0673 1.31625
0.0674 1.31559
0.0675 1.31493
0.0676 1.31428
0.0677 1.31361
0.0678 1.31296
0.0679 1.31231
0.068 1.31165
0.0681 1.31097
0.0682 1.31031
0.0683 1.30975
0.0684 1.30918
0.0685 1.30861
0.0686 1.30801
0.0687 1.30741
0.0688 1.30681
0.0689 1.30621
0.069 1.30561
0.0691 1.30503
0.0692 1.30444
0.0693 1.30385
0.0694 1.30327
0.0695 1.30268
0.0696 1.30211
0.0697 1.30153
0.0698 1.30095
0.0699 1.30038
0.07 1.2998
0.0701 1.29926
0.0702 1.29871
0.0703 1.29814
0.0704 1.29756
0.0705 1.29696
0.0706 1.29638
0.0707 1.2958
0.0708 1.29523
0.0709 1.29465
0.071 1.29407
0.0711 1.29349
0.0712 1.29291
0.0713 1.29234
0.0714 1.29176
0.0715 1.29115
0.0716 1.29053
0.0717 1.28992
0.0718 1.2893
0.0719 1.28868
0.072 1.28806
0.0721 1.28745
0.0722 1.28682
0.0723 1.2862
0.0724 1.28558
0.0725 1.28497
0.0726 1.28436
0.0727 1.28377
0.0728 1.28316
0.0729 1.28256
0.073 1.28192
0.0731 1.28129
0.0732 1.28065
0.0733 1.28
0.0734 1.27933
0.0735 1.27866
0.0736 1.27804
0.0737 1.27743
0.0738 1.2768
0.0739 1.27617
0.074 1.27554
0.0741 1.27492
0.0742 1.27431
0.0743 1.27369
0.0744 1.27309
0.0745 1.27247
0.0746 1.27185
0.0747 1.27123
0.0748 1.27061
0.0749 1.26999
0.075 1.26938
0.0751 1.26878
0.0752 1.26818
0.0753 1.26759
0.0754 1.26699
0.0755 1.2664
0.0756 1.2658
0.0757 1.26522
0.0758 1.26462
0.0759 1.26402
0.076 1.2634
0.0761 1.26278
0.0762 1.2622
0.0763 1.26159
0.0764 1.26099
0.0765 1.26038
0.0766 1.25978
0.0767 1.25918
0.0768 1.25857
0.0769 1.25797
0.077 1.25739
0.0771 1.25682
0.0772 1.25625
0.0773 1.25568
0.0774 1.25511
0.0775 1.25455
0.0776 1.25397
0.0777 1.25341
0.0778 1.25284
0.0779 1.25226
0.078 1.25168
0.0781 1.25111
0.0782 1.25054
0.0783 1.24998
0.0784 1.24942
0.0785 1.24886
0.0786 1.2483
0.0787 1.24776
0.0788 1.24719
0.0789 1.24663
0.079 1.24606
0.0791 1.24549
0.0792 1.24491
0.0793 1.24435
0.0794 1.24378
0.0795 1.24321
0.0796 1.24263
0.0797 1.24202
0.0798 1.24142
0.0799 1.24083
0.08 1.24024
0.0801 1.23961
0.0802 1.23897
0.0803 1.23835
0.0804 1.23771
0.0805 1.23706
0.0806 1.23641
0.0807 1.23576
0.0808 1.2351
0.0809 1.23445
0.081 1.2338
0.0811 1.23315
0.0812 1.23251
0.0813 1.23187
0.0814 1.23124
0.0815 1.2306
0.0816 1.22994
0.0817 1.22928
0.0818 1.2286
0.0819 1.22792
0.082 1.22724
0.0821 1.22657
0.0822 1.22589
0.0823 1.22519
0.0824 1.22449
0.0825 1.22379
0.0826 1.22307
0.0827 1.22235
0.0828 1.22162
0.0829 1.22087
0.083 1.22011
0.0831 1.21933
0.0832 1.21852
0.0833 1.21765
0.0834 1.21733
0.0835 1.21723
0.0836 1.2171
0.0837 1.21694
0.0838 1.21676
0.0839 1.21657
0.084 1.21636
0.0841 1.21614
0.0842 1.21592
0.0843 1.21569
0.0844 1.21545
0.0845 1.21521
0.0846 1.21496
0.0847 1.21469
0.0848 1.21443
0.0849 1.21418
0.085 1.21392
0.0851 1.21365
0.0852 1.21337
0.0853 1.21307
0.0854 1.21277
0.0855 1.21247
0.0856 1.21217
0.0857 1.21187
0.0858 1.21158
0.0859 1.21129
0.086 1.21101
0.0861 1.21073
0.0862 1.21045
0.0863 1.21016
0.0864 1.20987
0.0865 1.20958
0.0866 1.20928
0.0867 1.20896
0.0868 1.20866
0.0869 1.20835
0.087 1.20802
0.0871 1.20767
0.0872 1.20732
0.0873 1.20698
0.0874 1.20664
0.0875 1.2063
0.0876 1.20592
0.0877 1.20555
0.0878 1.20516
0.0879 1.20478
0.088 1.20441
0.0881 1.20404
0.0882 1.20367
0.0883 1.20329
0.0884 1.20291
0.0885 1.20253
0.0886 1.20214
0.0887 1.20173
0.0888 1.20134
0.0889 1.20095
0.089 1.20057
0.0891 1.20019
0.0892 1.1998
0.0893 1.19942
0.0894 1.19905
0.0895 1.19868
0.0896 1.19831
0.0897 1.19795
0.0898 1.19758
0.0899 1.1972
0.09 1.1968
0.0901 1.19645
0.0902 1.19607
0.0903 1.19569
0.0904 1.19532
0.0905 1.19494
0.0906 1.19457
0.0907 1.19419
0.0908 1.19382
0.0909 1.19344
0.091 1.1931
0.0911 1.19277
0.0912 1.19243
0.0913 1.1921
0.0914 1.19176
0.0915 1.19142
0.0916 1.19109
0.0917 1.19075
0.0918 1.19042
0.0919 1.19009
0.092 1.18974
0.0921 1.18937
0.0922 1.18907
0.0923 1.18876
0.0924 1.18843
0.0925 1.18809
0.0926 1.18775
0.0927 1.1874
0.0928 1.18705
0.0929 1.18669
0.093 1.18634
0.0931 1.186
0.0932 1.18566
0.0933 1.18531
0.0934 1.18497
0.0935 1.18462
0.0936 1.18428
0.0937 1.18393
0.0938 1.1836
0.0939 1.18328
0.094 1.18297
0.0941 1.18265
0.0942 1.18233
0.0943 1.18201
0.0944 1.1817
0.0945 1.18139
0.0946 1.18107
0.0947 1.18075
0.0948 1.18041
0.0949 1.18009
0.095 1.17977
0.0951 1.17945
0.0952 1.17912
0.0953 1.17881
0.0954 1.17851
0.0955 1.1782
0.0956 1.1779
0.0957 1.1776
0.0958 1.1773
0.0959 1.17699
0.096 1.17666
0.0961 1.17632
0.0962 1.17603
0.0963 1.17578
0.0964 1.17552
0.0965 1.17526
0.0966 1.17501
0.0967 1.17473
0.0968 1.17446
0.0969 1.17416
0.097 1.17386
0.0971 1.17357
0.0972 1.17328
0.0973 1.17295
0.0974 1.17262
0.0975 1.17229
0.0976 1.17196
0.0977 1.1716
0.0978 1.17125
0.0979 1.17092
0.098 1.17059
0.0981 1.17026
0.0982 1.16994
0.0983 1.16962
0.0984 1.16931
0.0985 1.169
0.0986 1.1687
0.0987 1.16839
0.0988 1.16806
0.0989 1.16773
0.099 1.16741
0.0991 1.1671
0.0992 1.16678
0.0993 1.16646
0.0994 1.16615
0.0995 1.16583
0.0996 1.16551
0.0997 1.16519
0.0998 1.16487
0.0999 1.16456
0.1 1.16424
0.1001 1.16386
0.1002 1.16349
0.1003 1.16312
0.1004 1.16274
0.1005 1.16237
0.1006 1.162
0.1007 1.16162
0.1008 1.16125
0.1009 1.16087
0.101 1.1605
0.1011 1.16013
0.1012 1.15977
0.1013 1.15938
0.1014 1.15899
0.1015 1.15862
0.1016 1.15824
0.1017 1.15787
0.1018 1.15751
0.1019 1.15715
0.102 1.15681
0.1021 1.15645
0.1022 1.15609
0.1023 1.15572
0.1024 1.15532
0.1025 1.15493
0.1026 1.15454
0.1027 1.15412
0.1028 1.1537
0.1029 1.15328
0.103 1.15289
0.1031 1.15252
0.1032 1.15214
0.1033 1.15175
0.1034 1.15136
0.1035 1.15098
0.1036 1.15061
0.1037 1.15024
0.1038 1.14987
0.1039 1.14949
0.104 1.14912
0.1041 1.14874
0.1042 1.14837
0.1043 1.14801
0.1044 1.14766
0.1045 1.1473
0.1046 1.14695
0.1047 1.14659
0.1048 1.14622
0.1049 1.14586
0.105 1.14549
0.1051 1.14513
0.1052 1.14477
0.1053 1.14441
0.1054 1.14407
0.1055 1.14373
0.1056 1.14339
0.1057 1.14305
0.1058 1.14271
0.1059 1.14237
0.106 1.14204
0.1061 1.1417
0.1062 1.14136
0.1063 1.14101
0.1064 1.14065
0.1065 1.14028
0.1066 1.1399
0.1067 1.13951
0.1068 1.13913
0.1069 1.13874
0.107 1.13833
0.1071 1.13791
0.1072 1.13762
0.1073 1.13742
0.1074 1.13721
0.1075 1.13698
0.1076 1.13676
0.1077 1.13652
0.1078 1.13627
0.1079 1.13601
0.108 1.13575
0.1081 1.13549
0.1082 1.13524
0.1083 1.13499
0.1084 1.13475
0.1085 1.13451
0.1086 1.13427
0.1087 1.13403
0.1088 1.13377
0.1089 1.13352
0.109 1.13327
0.1091 1.13303
0.1092 1.13278
0.1093 1.13253
0.1094 1.13227
0.1095 1.13198
0.1096 1.13168
0.1097 1.13138
0.1098 1.13109
0.1099 1.13079
0.11 1.13049
0.1101 1.13023
0.1102 1.12996
0.1103 1.1297
0.1104 1.12941
0.1105 1.12913
0.1106 1.12885
0.1107 1.12857
0.1108 1.1283
0.1109 1.12802
0.111 1.12774
0.1111 1.12746
0.1112 1.12708
0.1113 1.1267
0.1114 1.12631
0.1115 1.12592
0.1116 1.12554
0.1117 1.12514
0.1118 1.12477
0.1119 1.12437
0.112 1.12398
0.1121 1.12359
0.1122 1.12321
0.1123 1.12284
0.1124 1.12247
0.1125 1.1221
0.1126 1.12169
0.1127 1.12128
0.1128 1.12086
0.1129 1.12046
0.113 1.12004
0.1131 1.11963
0.1132 1.11922
0.1133 1.11881
0.1134 1.11841
0.1135 1.11799
0.1136 1.11755
0.1137 1.1172
0.1138 1.11688
0.1139 1.11655
0.114 1.11621
0.1141 1.11586
0.1142 1.11551
0.1143 1.11516
0.1144 1.11482
0.1145 1.11448
0.1146 1.11414
0.1147 1.11381
0.1148 1.11348
0.1149 1.11315
0.115 1.11283
0.1151 1.11249
0.1152 1.11216
0.1153 1.11183
0.1154 1.11149
0.1155 1.11114
0.1156 1.11078
0.1157 1.11043
0.1158 1.11008
0.1159 1.10971
0.116 1.10936
0.1161 1.109
0.1162 1.10866
0.1163 1.10831
0.1164 1.10797
0.1165 1.10763
0.1166 1.10727
0.1167 1.10694
0.1168 1.10665
0.1169 1.10635
0.117 1.10606
0.1171 1.10576
0.1172 1.10546
0.1173 1.10514
0.1174 1.10483
0.1175 1.10452
0.1176 1.10421
0.1177 1.10387
0.1178 1.1035
0.1179 1.10313
0.118 1.10277
0.1181 1.1024
0.1182 1.10202
0.1183 1.10163
0.1184 1.10125
0.1185 1.10091
0.1186 1.10056
0.1187 1.10022
0.1188 1.09988
0.1189 1.09955
0.119 1.09921
0.1191 1.09887
0.1192 1.09852
0.1193 1.09817
0.1194 1.09782
0.1195 1.09748
0.1196 1.09714
0.1197 1.09683
0.1198 1.09652
0.1199 1.0962
0.12 1.09587
0.1201 1.09551
0.1202 1.09516
0.1203 1.09479
0.1204 1.09443
0.1205 1.09408
0.1206 1.09375
0.1207 1.09341
0.1208 1.09306
0.1209 1.09271
0.121 1.09238
0.1211 1.09206
0.1212 1.09173
0.1213 1.09138
0.1214 1.09102
0.1215 1.09067
0.1216 1.09033
0.1217 1.08998
0.1218 1.08964
0.1219 1.08931
0.122 1.08897
0.1221 1.08862
0.1222 1.08828
0.1223 1.08793
0.1224 1.0876
0.1225 1.08726
0.1226 1.08691
0.1227 1.08656
0.1228 1.08623
0.1229 1.08588
0.123 1.08554
0.1231 1.0852
0.1232 1.08486
0.1233 1.08452
0.1234 1.08417
0.1235 1.08383
0.1236 1.08349
0.1237 1.08314
0.1238 1.0828
0.1239 1.08246
0.124 1.08212
0.1241 1.08177
0.1242 1.08143
0.1243 1.08109
0.1244 1.08075
0.1245 1.08041
0.1246 1.08006
0.1247 1.07972
0.1248 1.07938
0.1249 1.07904
0.125 1.07869
0.1251 1.07796
0.1252 1.07723
0.1253 1.0765
0.1254 1.07577
0.1255 1.07504
0.1256 1.07431
0.1257 1.07358
0.1258 1.07285
0.1259 1.07212
0.126 1.07139
0.1261 1.07066
0.1262 1.06993
0.1263 1.0692
0.1264 1.06847
0.1265 1.06774
0.1266 1.06701
0.1267 1.06628
0.1268 1.06555
0.1269 1.06482
0.127 1.06409
0.1271 1.06336
0.1272 1.06263
0.1273 1.0619
0.1274 1.06116
0.1275 1.06043
0.1276 1.05971
0.1277 1.05898
0.1278 1.05824
0.1279 1.05751
0.128 1.05678
0.1281 1.05606
0.1282 1.05534
0.1283 1.0546
0.1284 1.05386
0.1285 1.05313
0.1286 1.0524
0.1287 1.05166
0.1288 1.05094
0.1289 1.05023
0.129 1.04951
0.1291 1.04878
0.1292 1.04803
0.1293 1.04727
0.1294 1.04654
0.1295 1.04581
0.1296 1.04509
0.1297 1.04436
0.1298 1.04362
0.1299 1.04289
0.13 1.04216
0.1301 1.04146
0.1302 1.04076
0.1303 1.04004
0.1304 1.03933
0.1305 1.0386
0.1306 1.03784
0.1307 1.03709
0.1308 1.03633
0.1309 1.03556
0.131 1.03482
0.1311 1.03409
0.1312 1.03336
0.1313 1.03264
0.1314 1.03192
0.1315 1.0312
0.1316 1.03047
0.1317 1.02973
0.1318 1.02899
0.1319 1.02825
0.132 1.02752
0.1321 1.02679
0.1322 1.02606
0.1323 1.02533
0.1324 1.02461
0.1325 1.02393
0.1326 1.02324
0.1327 1.02256
0.1328 1.02187
0.1329 1.02116
0.133 1.02046
0.1331 1.01976
0.1332 1.01906
0.1333 1.01836
0.1334 1.01761
0.1335 1.01684
0.1336 1.01608
0.1337 1.01531
0.1338 1.01455
0.1339 1.01379
0.134 1.01302
0.1341 1.01223
0.1342 1.01145
0.1343 1.01066
0.1344 1.00988
0.1345 1.0091
0.1346 1.00829
0.1347 1.00758
0.1348 1.00687
0.1349 1.00614
0.135 1.00541
0.1351 1.00468
0.1352 1.00395
0.1353 1.00323
0.1354 1.0025
0.1355 1.00179
0.1356 1.00107
0.1357 1.00036
0.1358 0.999657
0.1359 0.998945
0.136 0.998221
0.1361 0.997506
0.1362 0.996789
0.1363 0.996072
0.1364 0.995347
0.1365 0.994605
0.1366 0.993863
0.1367 0.99312
0.1368 0.992381
0.1369 0.991649
0.137 0.990897
0.1371 0.99013
0.1372 0.989387
0.1373 0.988643
0.1374 0.987902
0.1375 0.98716
0.1376 0.986429
0.1377 0.985698
0.1378 0.984962
0.1379 0.984227
0.138 0.983502
0.1381 0.982783
0.1382 0.982062
0.1383 0.981347
0.1384 0.980627
0.1385 0.979891
0.1386 0.979141
0.1387 0.978391
0.1388 0.977627
0.1389 0.97686
0.139 0.976261
0.1391 0.975638
0.1392 0.975007
0.1393 0.974363
0.1394 0.973706
0.1395 0.97305
0.1396 0.972401
0.1397 0.971754
0.1398 0.971113
0.1399 0.970476
0.14 0.969834
0.1401 0.969182
0.1402 0.96853
0.1403 0.967891
0.1404 0.967247
0.1405 0.9666
0.1406 0.965954
0.1407 0.965271
0.1408 0.964576
0.1409 0.963879
0.141 0.963186
0.1411 0.96249
0.1412 0.961795
0.1413 0.961097
0.1414 0.960438
0.1415 0.959778
0.1416 0.959117
0.1417 0.958447
0.1418 0.95776
0.1419 0.957074
0.142 0.956409
0.1421 0.955733
0.1422 0.955057
0.1423 0.95438
0.1424 0.953706
0.1425 0.953031
0.1426 0.952355
0.1427 0.95168
0.1428 0.951005
0.1429 0.950269
0.143 0.949453
0.1431 0.948638
0.1432 0.947822
0.1433 0.947007
0.1434 0.946191
0.1435 0.945377
0.1436 0.944556
0.1437 0.943746
0.1438 0.94293
0.1439 0.942103
0.144 0.941291
0.1441 0.940488
0.1442 0.939686
0.1443 0.938863
0.1444 0.938029
0.1445 0.937196
0.1446 0.936364
0.1447 0.93553
0.1448 0.934726
0.1449 0.933933
0.145 0.93314
0.1451 0.932353
0.1452 0.931561
0.1453 0.930764
0.1454 0.929979
0.1455 0.92919
0.1456 0.928395
0.1457 0.927604
0.1458 0.926812
0.1459 0.925977
0.146 0.92512
0.1461 0.924263
0.1462 0.923406
0.1463 0.922558
0.1464 0.921697
0.1465 0.920822
0.1466 0.919958
0.1467 0.919104
0.1468 0.918255
0.1469 0.917411
0.147 0.916563
0.1471 0.915709
0.1472 0.914844
0.1473 0.913984
0.1474 0.913112
0.1475 0.91224
0.1476 0.911376
0.1477 0.910513
0.1478 0.909656
0.1479 0.908803
0.148 0.907945
0.1481 0.907087
0.1482 0.906238
0.1483 0.905396
0.1484 0.904554
0.1485 0.903715
0.1486 0.90288
0.1487 0.90204
0.1488 0.9012
0.1489 0.900344
0.149 0.899477
0.1491 0.898598
0.1492 0.897713
0.1493 0.896831
0.1494 0.895953
0.1495 0.895058
0.1496 0.894159
0.1497 0.893248
0.1498 0.892323
0.1499 0.891378
0.15 0.890378
0.1501 0.889835
0.1502 0.889237
0.1503 0.888618
0.1504 0.887986
0.1505 0.887343
0.1506 0.886695
0.1507 0.886042
0.1508 0.885371
0.1509 0.884695
0.151 0.884025
0.1511 0.88336
0.1512 0.882695
0.1513 0.882029
0.1514 0.881346
0.1515 0.880666
0.1516 0.879961
0.1517 0.879254
0.1518 0.878548
0.1519 0.87782
0.152 0.877085
0.1521 0.876362
0.1522 0.875635
0.1523 0.874899
0.1524 0.87416
0.1525 0.873417
0.1526 0.872682
0.1527 0.871947
0.1528 0.871215
0.1529 0.870493
0.153 0.869772
0.1531 0.869049
0.1532 0.868314
0.1533 0.86759
0.1534 0.86686
0.1535 0.866133
0.1536 0.865406
0.1537 0.864679
0.1538 0.863951
0.1539 0.863241
0.154 0.862547
0.1541 0.861852
0.1542 0.861158
0.1543 0.860464
0.1544 0.859767
0.1545 0.859076
0.1546 0.858384
0.1547 0.857676
0.1548 0.856978
0.1549 0.856309
0.155 0.855625
0.1551 0.854925
0.1552 0.854227
0.1553 0.853523
0.1554 0.852804
0.1555 0.852098
0.1556 0.851394
0.1557 0.850697
0.1558 0.849992
0.1559 0.84929
0.156 0.848586
0.1561 0.847883
0.1562 0.84718
0.1563 0.846491
0.1564 0.845816
0.1565 0.84514
0.1566 0.844465
0.1567 0.843791
0.1568 0.843113
0.1569 0.842437
0.157 0.841768
0.1571 0.841099
0.1572 0.840421
0.1573 0.839739
0.1574 0.839038
0.1575 0.838367
0.1576 0.837682
0.1577 0.837001
0.1578 0.836319
0.1579 0.835638
0.158 0.834978
0.1581 0.834318
0.1582 0.83366
0.1583 0.832997
0.1584 0.832339
0.1585 0.831687
0.1586 0.831028
0.1587 0.830364
0.1588 0.829683
0.1589 0.828992
0.159 0.828297
0.1591 0.827592
0.1592 0.827017
0.1593 0.826422
0.1594 0.825812
0.1595 0.825206
0.1596 0.824604
0.1597 0.823999
0.1598 0.823378
0.1599 0.822758
0.16 0.82214
0.1601 0.821482
0.1602 0.820822
0.1603 0.820166
0.1604 0.819521
0.1605 0.818878
0.1606 0.818231
0.1607 0.817586
0.1608 0.816893
0.1609 0.816192
0.161 0.81549
0.1611 0.814789
0.1612 0.814101
0.1613 0.813408
0.1614 0.812686
0.1615 0.811963
0.1616 0.81123
0.1617 0.810499
0.1618 0.809782
0.1619 0.809107
0.162 0.808413
0.1621 0.807717
0.1622 0.807026
0.1623 0.806343
0.1624 0.805657
0.1625 0.80497
0.1626 0.804294
0.1627 0.803617
0.1628 0.80294
0.1629 0.802272
0.163 0.801598
0.1631 0.800939
0.1632 0.800296
0.1633 0.79964
0.1634 0.798975
0.1635 0.798301
0.1636 0.79761
0.1637 0.796912
0.1638 0.796203
0.1639 0.79552
0.164 0.794836
0.1641 0.794154
0.1642 0.793478
0.1643 0.792805
0.1644 0.792146
0.1645 0.791472
0.1646 0.79078
0.1647 0.790091
0.1648 0.78941
0.1649 0.788735
0.165 0.788067
0.1651 0.787378
0.1652 0.786697
0.1653 0.786024
0.1654 0.78534
0.1655 0.784662
0.1656 0.783982
0.1657 0.783305
0.1658 0.782625
0.1659 0.781945
0.166 0.781265
0.1661 0.780587
0.1662 0.779907
0.1663 0.779228
0.1664 0.778548
0.1665 0.777869
0.1666 0.77719
0.1667 0.77648
0.1668 0.775708
0.1669 0.774936
0.167 0.774165
0.1671 0.773393
0.1672 0.772621
0.1673 0.77185
0.1674 0.771077
0.1675 0.770305
0.1676 0.769533
0.1677 0.768764
0.1678 0.76799
0.1679 0.767219
0.168 0.766445
0.1681 0.765681
0.1682 0.764901
0.1683 0.764128
0.1684 0.763364
0.1685 0.762597
0.1686 0.761811
0.1687 0.761036
0.1688 0.760265
0.1689 0.759498
0.169 0.758745
0.1691 0.757983
0.1692 0.757203
0.1693 0.756412
0.1694 0.755626
0.1695 0.754846
0.1696 0.754073
0.1697 0.753303
0.1698 0.752534
0.1699 0.751773
0.17 0.751001
0.1701 0.750268
0.1702 0.749527
0.1703 0.748766
0.1704 0.74801
0.1705 0.747237
0.1706 0.746445
0.1707 0.745659
0.1708 0.744858
0.1709 0.744046
0.171 0.74323
0.1711 0.742435
0.1712 0.741664
0.1713 0.740878
0.1714 0.740094
0.1715 0.739318
0.1716 0.738547
0.1717 0.737771
0.1718 0.736995
0.1719 0.736223
0.172 0.735462
0.1721 0.734701
0.1722 0.733935
0.1723 0.733169
0.1724 0.732403
0.1725 0.73165
0.1726 0.730898
0.1727 0.73015
0.1728 0.729399
0.1729 0.728632
0.173 0.727855
0.1731 0.727089
0.1732 0.726403
0.1733 0.725699
0.1734 0.724995
0.1735 0.724294
0.1736 0.723591
0.1737 0.722869
0.1738 0.722153
0.1739 0.721436
0.174 0.720682
0.1741 0.719925
0.1742 0.719159
0.1743 0.718405
0.1744 0.717662
0.1745 0.716916
0.1746 0.716179
0.1747 0.715431
0.1748 0.714686
0.1749 0.713942
0.175 0.713198
0.1751 0.712376
0.1752 0.711554
0.1753 0.710731
0.1754 0.709912
0.1755 0.709086
0.1756 0.708261
0.1757 0.707442
0.1758 0.706617
0.1759 0.705795
0.176 0.704993
0.1761 0.7042
0.1762 0.703395
0.1763 0.702591
0.1764 0.701787
0.1765 0.700966
0.1766 0.700104
0.1767 0.699243
0.1768 0.698377
0.1769 0.697521
0.177 0.696671
0.1771 0.695815
0.1772 0.694933
0.1773 0.694046
0.1774 0.693168
0.1775 0.692283
0.1776 0.691393
0.1777 0.69051
0.1778 0.689629
0.1779 0.688755
0.178 0.687883
0.1781 0.687001
0.1782 0.686102
0.1783 0.685203
0.1784 0.684289
0.1785 0.683359
0.1786 0.682482
0.1787 0.681788
0.1788 0.68107
0.1789 0.680338
0.179 0.679596
0.1791 0.678843
0.1792 0.678097
0.1793 0.677352
0.1794 0.676597
0.1795 0.675836
0.1796 0.675054
0.1797 0.674276
0.1798 0.673475
0.1799 0.672675
0.18 0.671881
0.1801 0.671075
0.1802 0.670266
0.1803 0.669454
0.1804 0.66865
0.1805 0.667845
0.1806 0.667046
0.1807 0.666253
0.1808 0.665464
0.1809 0.66467
0.181 0.663863
0.1811 0.663069
0.1812 0.662271
0.1813 0.661473
0.1814 0.660676
0.1815 0.659878
0.1816 0.65908
0.1817 0.658283
0.1818 0.657485
0.1819 0.656719
0.182 0.655961
0.1821 0.655202
0.1822 0.654443
0.1823 0.653684
0.1824 0.652926
0.1825 0.65217
0.1826 0.651407
0.1827 0.650646
0.1828 0.649892
0.1829 0.649141
0.183 0.648384
0.1831 0.647619
0.1832 0.646835
0.1833 0.646045
0.1834 0.645306
0.1835 0.644584
0.1836 0.643861
0.1837 0.643124
0.1838 0.642377
0.1839 0.641615
0.184 0.640844
0.1841 0.640084
0.1842 0.639322
0.1843 0.638547
0.1844 0.637771
0.1845 0.637002
0.1846 0.636218
0.1847 0.635419
0.1848 0.634619
0.1849 0.633852
0.185 0.633069
0.1851 0.632289
0.1852 0.631511
0.1853 0.630747
0.1854 0.629983
0.1855 0.629214
0.1856 0.628462
0.1857 0.627694
0.1858 0.626921
0.1859 0.626136
0.186 0.625362
0.1861 0.624591
0.1862 0.623826
0.1863 0.623057
0.1864 0.62228
0.1865 0.621509
0.1866 0.62074
0.1867 0.619967
0.1868 0.619196
0.1869 0.618425
0.187 0.617653
0.1871 0.616882
0.1872 0.616111
0.1873 0.61534
0.1874 0.614568
0.1875 0.613797
0.1876 0.613081
0.1877 0.612365
0.1878 0.611649
0.1879 0.610933
0.188 0.610217
0.1881 0.609501
0.1882 0.608784
0.1883 0.60807
0.1884 0.607351
0.1885 0.606639
0.1886 0.605919
0.1887 0.605202
0.1888 0.604491
0.1889 0.603779
0.189 0.603056
0.1891 0.602334
0.1892 0.601614
0.1893 0.600904
0.1894 0.600191
0.1895 0.599494
0.1896 0.598781
0.1897 0.598064
0.1898 0.597345
0.1899 0.596614
0.19 0.595865
0.1901 0.595157
0.1902 0.594431
0.1903 0.593707
0.1904 0.592983
0.1905 0.592264
0.1906 0.59156
0.1907 0.590857
0.1908 0.590152
0.1909 0.589453
0.191 0.588747
0.1911 0.588025
0.1912 0.587309
0.1913 0.586643
0.1914 0.585974
0.1915 0.585293
0.1916 0.584596
0.1917 0.583895
0.1918 0.583177
0.1919 0.582454
0.192 0.581741
0.1921 0.581034
0.1922 0.580323
0.1923 0.579613
0.1924 0.578883
0.1925 0.57815
0.1926 0.577419
0.1927 0.576684
0.1928 0.575956
0.1929 0.575237
0.193 0.574524
0.1931 0.573799
0.1932 0.57307
0.1933 0.572311
0.1934 0.571554
0.1935 0.570807
0.1936 0.570042
0.1937 0.569263
0.1938 0.56848
0.1939 0.567687
0.194 0.566891
0.1941 0.566103
0.1942 0.565311
0.1943 0.564504
0.1944 0.563681
0.1945 0.562951
0.1946 0.562289
0.1947 0.561612
0.1948 0.56092
0.1949 0.560234
0.195 0.559548
0.1951 0.558849
0.1952 0.558132
0.1953 0.557418
0.1954 0.556683
0.1955 0.555942
0.1956 0.555209
0.1957 0.554471
0.1958 0.553727
0.1959 0.552977
0.196 0.552224
0.1961 0.551477
0.1962 0.550737
0.1963 0.549993
0.1964 0.549249
0.1965 0.548517
0.1966 0.54779
0.1967 0.54706
0.1968 0.546335
0.1969 0.545615
0.197 0.544886
0.1971 0.544155
0.1972 0.543411
0.1973 0.542652
0.1974 0.541905
0.1975 0.541196
0.1976 0.54047
0.1977 0.539733
0.1978 0.53899
0.1979 0.538251
0.198 0.537519
0.1981 0.536791
0.1982 0.536056
0.1983 0.535313
0.1984 0.534586
0.1985 0.533848
0.1986 0.533115
0.1987 0.532378
0.1988 0.531646
0.1989 0.53091
0.199 0.530176
0.1991 0.529441
0.1992 0.528707
0.1993 0.527972
0.1994 0.527237
0.1995 0.526503
0.1996 0.525768
0.1997 0.525033
0.1998 0.524299
0.1999 0.523564
0.2 0.522831
0.2001 0.52218
0.2002 0.521531
0.2003 0.520882
0.2004 0.520233
0.2005 0.519584
0.2006 0.518935
0.2007 0.518286
0.2008 0.517637
0.2009 0.516988
0.201 0.516339
0.2011 0.515689
0.2012 0.51504
0.2013 0.514393
0.2014 0.513741
0.2015 0.513096
0.2016 0.512439
0.2017 0.511799
0.2018 0.511147
0.2019 0.510493
0.202 0.509847
0.2021 0.509205
0.2022 0.508558
0.2023 0.507895
0.2024 0.507232
0.2025 0.506608
0.2026 0.505969
0.2027 0.505318
0.2028 0.504661
0.2029 0.503999
0.203 0.503345
0.2031 0.50269
0.2032 0.502045
0.2033 0.501404
0.2034 0.500761
0.2035 0.500123
0.2036 0.49949
0.2037 0.498849
0.2038 0.498199
0.2039 0.497554
0.204 0.496898
0.2041 0.496233
0.2042 0.495551
0.2043 0.494861
0.2044 0.494173
0.2045 0.493469
0.2046 0.492831
0.2047 0.492244
0.2048 0.491641
0.2049 0.491039
0.205 0.490437
0.2051 0.489822
0.2052 0.489192
0.2053 0.48856
0.2054 0.487917
0.2055 0.48726
0.2056 0.486597
0.2057 0.485946
0.2058 0.485296
0.2059 0.484642
0.206 0.483975
0.2061 0.483307
0.2062 0.482648
0.2063 0.481977
0.2064 0.481293
0.2065 0.480595
0.2066 0.47993
0.2067 0.47926
0.2068 0.478587
0.2069 0.477916
0.207 0.477258
0.2071 0.476601
0.2072 0.475948
0.2073 0.47529
0.2074 0.474626
0.2075 0.473955
0.2076 0.473292
0.2077 0.472632
0.2078 0.471966
0.2079 0.471304
0.208 0.470641
0.2081 0.469978
0.2082 0.469315
0.2083 0.468652
0.2084 0.468013
0.2085 0.467387
0.2086 0.46676
0.2087 0.466134
0.2088 0.465507
0.2089 0.464881
0.209 0.464255
0.2091 0.463632
0.2092 0.463
0.2093 0.46237
0.2094 0.461749
0.2095 0.461131
0.2096 0.460512
0.2097 0.459887
0.2098 0.459257
0.2099 0.458617
0.21 0.457958
0.2101 0.457341
0.2102 0.456705
0.2103 0.456072
0.2104 0.455437
0.2105 0.454803
0.2106 0.454186
0.2107 0.453574
0.2108 0.452963
0.2109 0.45235
0.211 0.45174
0.2111 0.451135
0.2112 0.450524
0.2113 0.4499
0.2114 0.449261
0.2115 0.448615
0.2116 0.448027
0.2117 0.447468
0.2118 0.446899
0.2119 0.446333
0.212 0.44576
0.2121 0.445183
0.2122 0.444582
0.2123 0.443976
0.2124 0.44338
0.2125 0.442782
0.2126 0.442145
0.2127 0.44151
0.2128 0.440874
0.2129 0.44022
0.213 0.439576
0.2131 0.438944
0.2132 0.438316
0.2133 0.437692
0.2134 0.437072
0.2135 0.436462
0.2136 0.435838
0.2137 0.435208
0.2138 0.434588
0.2139 0.433962
0.214 0.433339
0.2141 0.432716
0.2142 0.432092
0.2143 0.431463
0.2144 0.4308
0.2145 0.430136
0.2146 0.429473
0.2147 0.42881
0.2148 0.428148
0.2149 0.427483
0.215 0.426816
0.2151 0.426157
0.2152 0.425508
0.2153 0.424848
0.2154 0.424172
0.2155 0.423482
0.2156 0.422813
0.2157 0.422143
0.2158 0.421481
0.2159 0.420815
0.216 0.420159
0.2161 0.419502
0.2162 0.418845
0.2163 0.418197
0.2164 0.417552
0.2165 0.416903
0.2166 0.416237
0.2167 0.41559
0.2168 0.414995
0.2169 0.414388
0.217 0.413785
0.2171 0.413182
0.2172 0.412559
0.2173 0.411943
0.2174 0.411322
0.2175 0.410663
0.2176 0.410005
0.2177 0.409337
0.2178 0.408684
0.2179 0.408042
0.218 0.407398
0.2181 0.406755
0.2182 0.406119
0.2183 0.405471
0.2184 0.404829
0.2185 0.404185
0.2186 0.403541
0.2187 0.402897
0.2188 0.402205
0.2189 0.401465
0.219 0.400724
0.2191 0.399984
0.2192 0.399244
0.2193 0.398502
0.2194 0.397762
0.2195 0.397034
0.2196 0.396283
0.2197 0.395522
0.2198 0.394785
0.2199 0.394051
0.22 0.393317
0.2201 0.392572
0.2202 0.391823
0.2203 0.391081
0.2204 0.390343
0.2205 0.389604
0.2206 0.388857
0.2207 0.388173
0.2208 0.387474
0.2209 0.386781
0.221 0.386084
0.2211 0.385391
0.2212 0.384682
0.2213 0.383956
0.2214 0.383231
0.2215 0.382521
0.2216 0.381817
0.2217 0.381096
0.2218 0.380387
0.2219 0.379674
0.222 0.378961
0.2221 0.378249
0.2222 0.377536
0.2223 0.376739
0.2224 0.375917
0.2225 0.375096
0.2226 0.374272
0.2227 0.37345
0.2228 0.372633
0.2229 0.371806
0.223 0.370981
0.2231 0.37017
0.2232 0.369361
0.2233 0.368527
0.2234 0.367689
0.2235 0.366849
0.2236 0.366014
0.2237 0.365177
0.2238 0.364387
0.2239 0.363585
0.224 0.36279
0.2241 0.361999
0.2242 0.3612
0.2243 0.360397
0.2244 0.359605
0.2245 0.358819
0.2246 0.358014
0.2247 0.357218
0.2248 0.356421
0.2249 0.355623
0.225 0.354826
0.2251 0.353951
0.2252 0.353076
0.2253 0.352201
0.2254 0.351325
0.2255 0.350451
0.2256 0.349574
0.2257 0.348716
0.2258 0.347852
0.2259 0.346959
0.226 0.346063
0.2261 0.34516
0.2262 0.344256
0.2263 0.343396
0.2264 0.342522
0.2265 0.341656
0.2266 0.340791
0.2267 0.339931
0.2268 0.33908
0.2269 0.33822
0.227 0.337354
0.2271 0.336493
0.2272 0.335632
0.2273 0.334763
0.2274 0.333877
0.2275 0.332989
0.2276 0.332102
0.2277 0.331214
0.2278 0.330334
0.2279 0.329458
0.228 0.328566
0.2281 0.327663
0.2282 0.326746
0.2283 0.325841
0.2284 0.324954
0.2285 0.324059
0.2286 0.323168
0.2287 0.322286
0.2288 0.321406
0.2289 0.320517
0.229 0.319632
0.2291 0.318746
0.2292 0.317866
0.2293 0.316998
0.2294 0.316131
0.2295 0.315261
0.2296 0.314397
0.2297 0.313535
0.2298 0.312664
0.2299 0.311787
0.23 0.310889
0.2301 0.310033
0.2302 0.309158
0.2303 0.308282
0.2304 0.307408
0.2305 0.306535
0.2306 0.30566
0.2307 0.304786
0.2308 0.303922
0.2309 0.303081
0.231 0.30224
0.2311 0.301399
0.2312 0.300557
0.2313 0.299716
0.2314 0.298876
0.2315 0.298027
0.2316 0.297201
0.2317 0.296359
0.2318 0.295509
0.2319 0.294658
0.232 0.293812
0.2321 0.292965
0.2322 0.292127
0.2323 0.291296
0.2324 0.290466
0.2325 0.28963
0.2326 0.2888
0.2327 0.287975
0.2328 0.287153
0.2329 0.286342
0.233 0.285516
0.2331 0.284678
0.2332 0.283849
0.2333 0.283019
0.2334 0.282176
0.2335 0.281327
0.2336 0.280476
0.2337 0.279626
0.2338 0.278782
0.2339 0.277944
0.234 0.277121
0.2341 0.276283
0.2342 0.275441
0.2343 0.274602
0.2344 0.27375
0.2345 0.272862
0.2346 0.271974
0.2347 0.271086
0.2348 0.270197
0.2349 0.26932
0.235 0.268456
0.2351 0.267579
0.2352 0.266706
0.2353 0.265828
0.2354 0.264897
0.2355 0.263965
0.2356 0.263035
0.2357 0.262095
0.2358 0.261174
0.2359 0.260256
0.236 0.259339
0.2361 0.258421
0.2362 0.257465
0.2363 0.256503
0.2364 0.255543
0.2365 0.25457
0.2366 0.253613
0.2367 0.252662
0.2368 0.251707
0.2369 0.250745
0.237 0.249777
0.2371 0.24881
0.2372 0.24783
0.2373 0.246859
0.2374 0.245893
0.2375 0.244926
0.2376 0.243969
0.2377 0.243014
0.2378 0.242049
0.2379 0.241091
0.238 0.240131
0.2381 0.239171
0.2382 0.238231
0.2383 0.237291
0.2384 0.236352
0.2385 0.23541
0.2386 0.234466
0.2387 0.233528
0.2388 0.232593
0.2389 0.231663
0.239 0.230737
0.2391 0.229803
0.2392 0.228861
0.2393 0.227915
0.2394 0.226979
0.2395 0.226041
0.2396 0.225096
0.2397 0.224124
0.2398 0.223153
0.2399 0.222194
0.24 0.221233
0.2401 0.220231
0.2402 0.219228
0.2403 0.218237
0.2404 0.21724
0.2405 0.21622
0.2406 0.215193
0.2407 0.214177
0.2408 0.213154
0.2409 0.212125
0.241 0.211097
0.2411 0.210073
0.2412 0.209055
0.2413 0.208033
0.2414 0.207014
0.2415 0.206008
0.2416 0.205001
0.2417 0.203994
0.2418 0.202993
0.2419 0.201994
0.242 0.200987
0.2421 0.199982
0.2422 0.198972
0.2423 0.197942
0.2424 0.19692
0.2425 0.195875
0.2426 0.194826
0.2427 0.193768
0.2428 0.192699
0.2429 0.191632
0.243 0.190557
0.2431 0.189488
0.2432 0.188421
0.2433 0.187359
0.2434 0.186302
0.2435 0.185249
0.2436 0.184197
0.2437 0.18314
0.2438 0.182074
0.2439 0.181004
0.244 0.179912
0.2441 0.178815
0.2442 0.177709
0.2443 0.176599
0.2444 0.175493
0.2445 0.174392
0.2446 0.173296
0.2447 0.172203
0.2448 0.171106
0.2449 0.169996
0.245 0.168871
0.2451 0.167734
0.2452 0.166593
0.2453 0.165457
0.2454 0.164327
0.2455 0.163199
0.2456 0.162063
0.2457 0.160909
0.2458 0.159743
0.2459 0.158577
0.246 0.157419
0.2461 0.156261
0.2462 0.155088
0.2463 0.153899
0.2464 0.152711
0.2465 0.151528
0.2466 0.150336
0.2467 0.149126
0.2468 0.147918
0.2469 0.146711
0.247 0.145486
0.2471 0.144257
0.2472 0.143028
0.2473 0.141781
0.2474 0.140537
0.2475 0.139277
0.2476 0.138016
0.2477 0.13674
0.2478 0.135462
0.2479 0.13417
0.248 0.132869
0.2481 0.131559
0.2482 0.130239
0.2483 0.128908
0.2484 0.127564
0.2485 0.126208
0.2486 0.124839
0.2487 0.123456
0.2488 0.122056
0.2489 0.120641
0.249 0.119207
0.2491 0.117753
0.2492 0.116277
0.2493 0.114775
0.2494 0.113245
0.2495 0.111682
0.2496 0.110078
0.2497 0.108424
0.2498 0.106702
0.2499 0.104875
0.25 0.102783
0.2501 0.104247
0.2502 0.105445
0.2503 0.106539
0.2504 0.107565
0.2505 0.10854
0.2506 0.109475
0.2507 0.110377
0.2508 0.11125
0.2509 0.112098
0.251 0.112923
0.2511 0.113729
0.2512 0.114517
0.2513 0.115287
0.2514 0.116042
0.2515 0.116784
0.2516 0.117511
0.2517 0.118225
0.2518 0.118929
0.2519 0.119621
0.252 0.120303
0.2521 0.120977
0.2522 0.121637
0.2523 0.12229
0.2524 0.122936
0.2525 0.123569
0.2526 0.124201
0.2527 0.124818
0.2528 0.125432
0.2529 0.126041
0.253 0.126633
0.2531 0.12723
0.2532 0.127819
0.2533 0.12839
0.2534 0.128966
0.2535 0.129541
0.2536 0.130099
0.2537 0.130647
0.2538 0.1312
0.2539 0.131757
0.254 0.132298
0.2541 0.132826
0.2542 0.133347
0.2543 0.133875
0.2544 0.134407
0.2545 0.134932
0.2546 0.135444
0.2547 0.135942
0.2548 0.136433
0.2549 0.136926
0.255 0.137428
0.2551 0.137933
0.2552 0.138435
0.2553 0.138924
0.2554 0.139399
0.2555 0.139863
0.2556 0.140321
0.2557 0.140777
0.2558 0.141236
0.2559 0.141703
0.256 0.142172
0.2561 0.142646
0.2562 0.143114
0.2563 0.143573
0.2564 0.144028
0.2565 0.14446
0.2566 0.144893
0.2567 0.145308
0.2568 0.145725
0.2569 0.146136
0.257 0.146552
0.2571 0.146969
0.2572 0.147393
0.2573 0.147821
0.2574 0.148251
0.2575 0.148687
0.2576 0.149118
0.2577 0.149544
0.2578 0.149975
0.2579 0.150383
0.258 0.150794
0.2581 0.151196
0.2582 0.151575
0.2583 0.151964
0.2584 0.152335
0.2585 0.152696
0.2586 0.153063
0.2587 0.153424
0.2588 0.153778
0.2589 0.154136
0.259 0.1545
0.2591 0.154864
0.2592 0.155228
0.2593 0.155598
0.2594 0.155978
0.2595 0.156358
0.2596 0.156733
0.2597 0.157117
0.2598 0.157502
0.2599 0.157892
0.26 0.158278
0.2601 0.158651
0.2602 0.159027
0.2603 0.159412
0.2604 0.159792
0.2605 0.160145
0.2606 0.160492
0.2607 0.160849
0.2608 0.161207
0.2609 0.161551
0.261 0.161866
0.2611 0.162177
0.2612 0.162501
0.2613 0.162827
0.2614 0.163139
0.2615 0.16343
0.2616 0.163715
0.2617 0.164004
0.2618 0.164302
0.2619 0.164598
0.262 0.164882
0.2621 0.165169
0.2622 0.16544
0.2623 0.165722
0.2624 0.166007
0.2625 0.166292
0.2626 0.166587
0.2627 0.166884
0.2628 0.167172
0.2629 0.167465
0.263 0.167756
0.2631 0.168047
0.2632 0.168347
0.2633 0.168661
0.2634 0.168975
0.2635 0.169286
0.2636 0.169606
0.2637 0.169914
0.2638 0.170223
0.2639 0.170534
0.264 0.170855
0.2641 0.171176
0.2642 0.171499
0.2643 0.171825
0.2644 0.172163
0.2645 0.172482
0.2646 0.172804
0.2647 0.173126
0.2648 0.173434
0.2649 0.17374
0.265 0.174042
0.2651 0.174353
0.2652 0.174673
0.2653 0.175002
0.2654 0.17531
0.2655 0.175625
0.2656 0.175939
0.2657 0.176217
0.2658 0.176484
0.2659 0.176747
0.266 0.177013
0.2661 0.177279
0.2662 0.177562
0.2663 0.177853
0.2664 0.178128
0.2665 0.178411
0.2666 0.178692
0.2667 0.178951
0.2668 0.179166
0.2669 0.179383
0.267 0.179599
0.2671 0.179812
0.2672 0.180018
0.2673 0.180239
0.2674 0.180471
0.2675 0.180702
0.2676 0.180938
0.2677 0.181168
0.2678 0.1814
0.2679 0.181608
0.268 0.181784
0.2681 0.18196
0.2682 0.182138
0.2683 0.182323
0.2684 0.182484
0.2685 0.182638
0.2686 0.182817
0.2687 0.182997
0.2688 0.183182
0.2689 0.183375
0.269 0.183562
0.2691 0.183749
0.2692 0.183936
0.2693 0.184109
0.2694 0.184274
0.2695 0.184438
0.2696 0.184606
0.2697 0.184782
0.2698 0.184942
0.2699 0.18509
0.27 0.185222
0.2701 0.185395
0.2702 0.185553
0.2703 0.185716
0.2704 0.185886
0.2705 0.186059
0.2706 0.186223
0.2707 0.186391
0.2708 0.186558
0.2709 0.186737
0.271 0.186923
0.2711 0.187108
0.2712 0.187291
0.2713 0.187482
0.2714 0.187672
0.2715 0.187854
0.2716 0.188032
0.2717 0.18819
0.2718 0.188371
0.2719 0.188559
0.272 0.188733
0.2721 0.188911
0.2722 0.189091
0.2723 0.189269
0.2724 0.189448
0.2725 0.189626
0.2726 0.189805
0.2727 0.189983
0.2728 0.19019
0.2729 0.190407
0.273 0.190625
0.2731 0.190843
0.2732 0.191061
0.2733 0.191279
0.2734 0.191493
0.2735 0.191712
0.2736 0.191934
0.2737 0.192147
0.2738 0.192342
0.2739 0.192583
0.274 0.192817
0.2741 0.193035
0.2742 0.19325
0.2743 0.193459
0.2744 0.193657
0.2745 0.193863
0.2746 0.194075
0.2747 0.194285
0.2748 0.194495
0.2749 0.194705
0.275 0.194914
0.2751 0.195146
0.2752 0.195378
0.2753 0.19561
0.2754 0.195841
0.2755 0.196077
0.2756 0.196304
0.2757 0.196529
0.2758 0.196756
0.2759 0.196988
0.276 0.19723
0.2761 0.197473
0.2762 0.197712
0.2763 0.197932
0.2764 0.198202
0.2765 0.198474
0.2766 0.198739
0.2767 0.198985
0.2768 0.199232
0.2769 0.199456
0.277 0.199671
0.2771 0.199894
0.2772 0.200125
0.2773 0.200363
0.2774 0.200594
0.2775 0.200828
0.2776 0.20106
0.2777 0.201293
0.2778 0.201518
0.2779 0.20172
0.278 0.201922
0.2781 0.202125
0.2782 0.202323
0.2783 0.202527
0.2784 0.202739
0.2785 0.202931
0.2786 0.203118
0.2787 0.203315
0.2788 0.203516
0.2789 0.203721
0.279 0.203929
0.2791 0.204138
0.2792 0.204355
0.2793 0.204568
0.2794 0.204762
0.2795 0.205019
0.2796 0.205271
0.2797 0.205525
0.2798 0.205773
0.2799 0.206013
0.28 0.206255
0.2801 0.206459
0.2802 0.206661
0.2803 0.206856
0.2804 0.207074
0.2805 0.207295
0.2806 0.20751
0.2807 0.207738
0.2808 0.20795
0.2809 0.208171
0.281 0.208388
0.2811 0.208605
0.2812 0.208823
0.2813 0.208993
0.2814 0.209114
0.2815 0.209235
0.2816 0.209356
0.2817 0.209479
0.2818 0.209597
0.2819 0.209718
0.282 0.20985
0.2821 0.209969
0.2822 0.210073
0.2823 0.210184
0.2824 0.210307
0.2825 0.210437
0.2826 0.210564
0.2827 0.210681
0.2828 0.210794
0.2829 0.21091
0.283 0.21103
0.2831 0.211156
0.2832 0.211281
0.2833 0.211389
0.2834 0.211549
0.2835 0.211726
0.2836 0.211893
0.2837 0.212067
0.2838 0.212243
0.2839 0.212412
0.284 0.212588
0.2841 0.212757
0.2842 0.212895
0.2843 0.213031
0.2844 0.213167
0.2845 0.213309
0.2846 0.213473
0.2847 0.213637
0.2848 0.213784
0.2849 0.21393
0.285 0.21409
0.2851 0.214237
0.2852 0.21439
0.2853 0.214542
0.2854 0.214694
0.2855 0.214847
0.2856 0.214999
0.2857 0.215151
0.2858 0.215183
0.2859 0.215195
0.286 0.215206
0.2861 0.215218
0.2862 0.21523
0.2863 0.215243
0.2864 0.215253
0.2865 0.215266
0.2866 0.215272
0.2867 0.215294
0.2868 0.215308
0.2869 0.215307
0.287 0.215307
0.2871 0.215324
0.2872 0.215352
0.2873 0.215379
0.2874 0.215409
0.2875 0.215437
0.2876 0.215425
0.2877 0.215415
0.2878 0.215401
0.2879 0.215394
0.288 0.215377
0.2881 0.215365
0.2882 0.215358
0.2883 0.215352
0.2884 0.215329
0.2885 0.215336
0.2886 0.215402
0.2887 0.215457
0.2888 0.215496
0.2889 0.215538
0.289 0.215588
0.2891 0.215638
0.2892 0.215694
0.2893 0.215755
0.2894 0.215808
0.2895 0.215859
0.2896 0.215899
0.2897 0.215936
0.2898 0.215977
0.2899 0.216023
0.29 0.216063
0.2901 0.216141
0.2902 0.216214
0.2903 0.21628
0.2904 0.216321
0.2905 0.216354
0.2906 0.216394
0.2907 0.216445
0.2908 0.21649
0.2909 0.216548
0.291 0.21659
0.2911 0.216639
0.2912 0.216688
0.2913 0.216736
0.2914 0.216784
0.2915 0.216833
0.2916 0.216881
0.2917 0.216886
0.2918 0.216805
0.2919 0.216724
0.292 0.216643
0.2921 0.216562
0.2922 0.21648
0.2923 0.216403
0.2924 0.216316
0.2925 0.216235
0.2926 0.216161
0.2927 0.216087
0.2928 0.215991
0.2929 0.2159
0.293 0.215822
0.2931 0.215747
0.2932 0.215661
0.2933 0.215576
0.2934 0.215498
0.2935 0.21542
0.2936 0.215372
0.2937 0.215325
0.2938 0.215267
0.2939 0.215205
0.294 0.215145
0.2941 0.215086
0.2942 0.214979
0.2943 0.21486
0.2944 0.214742
0.2945 0.214627
0.2946 0.21452
0.2947 0.214397
0.2948 0.21426
0.2949 0.214127
0.295 0.213988
0.2951 0.213854
0.2952 0.213727
0.2953 0.213586
0.2954 0.213433
0.2955 0.213331
0.2956 0.213294
0.2957 0.213245
0.2958 0.213188
0.2959 0.213114
0.296 0.213033
0.2961 0.212956
0.2962 0.212879
0.2963 0.212802
0.2964 0.212741
0.2965 0.212679
0.2966 0.212621
0.2967 0.212554
0.2968 0.212489
0.2969 0.212428
0.297 0.212376
0.2971 0.212326
0.2972 0.212271
0.2973 0.212216
0.2974 0.212172
0.2975 0.212131
0.2976 0.212073
0.2977 0.212052
0.2978 0.212037
0.2979 0.212009
0.298 0.211969
0.2981 0.211926
0.2982 0.211861
0.2983 0.211792
0.2984 0.211712
0.2985 0.211653
0.2986 0.211595
0.2987 0.211542
0.2988 0.211495
0.2989 0.211455
0.299 0.211394
0.2991 0.211334
0.2992 0.211284
0.2993 0.211229
0.2994 0.211177
0.2995 0.211121
0.2996 0.211068
0.2997 0.211014
0.2998 0.21096
0.2999 0.210906
0.3 0.210852
0.3001 0.210743
0.3002 0.210633
0.3003 0.210524
0.3004 0.210414
0.3005 0.210305
0.3006 0.210195
0.3007 0.210088
0.3008 0.209975
0.3009 0.209873
0.301 0.209757
0.3011 0.209643
0.3012 0.209534
0.3013 0.209432
0.3014 0.209339
0.3015 0.209232
0.3016 0.209111
0.3017 0.208974
0.3018 0.208857
0.3019 0.20874
0.302 0.20863
0.3021 0.20852
0.3022 0.208418
0.3023 0.208312
0.3024 0.208214
0.3025 0.208119
0.3026 0.20801
0.3027 0.207936
0.3028 0.207872
0.3029 0.207808
0.303 0.207735
0.3031 0.207642
0.3032 0.207539
0.3033 0.207448
0.3034 0.207358
0.3035 0.207267
0.3036 0.20716
0.3037 0.207014
0.3038 0.206869
0.3039 0.20672
0.304 0.206572
0.3041 0.206435
0.3042 0.206305
0.3043 0.206171
0.3044 0.206016
0.3045 0.20584
0.3046 0.205666
0.3047 0.205495
0.3048 0.205302
0.3049 0.205112
0.305 0.204915
0.3051 0.204725
0.3052 0.204541
0.3053 0.204348
0.3054 0.204142
0.3055 0.203921
0.3056 0.203769
0.3057 0.203709
0.3058 0.203632
0.3059 0.203542
0.306 0.203457
0.3061 0.203365
0.3062 0.203255
0.3063 0.203137
0.3064 0.203009
0.3065 0.20288
0.3066 0.202743
0.3067 0.202609
0.3068 0.202477
0.3069 0.202353
0.307 0.202232
0.3071 0.202105
0.3072 0.201978
0.3073 0.20185
0.3074 0.201725
0.3075 0.201598
0.3076 0.201472
0.3077 0.201348
0.3078 0.201254
0.3079 0.201161
0.308 0.201067
0.3081 0.200974
0.3082 0.200882
0.3083 0.200785
0.3084 0.200693
0.3085 0.200606
0.3086 0.200513
0.3087 0.200403
0.3088 0.200282
0.3089 0.200213
0.309 0.20015
0.3091 0.200081
0.3092 0.199997
0.3093 0.199897
0.3094 0.199796
0.3095 0.199701
0.3096 0.199595
0.3097 0.199485
0.3098 0.19938
0.3099 0.199256
0.31 0.199116
0.3101 0.199018
0.3102 0.198903
0.3103 0.19879
0.3104 0.198685
0.3105 0.198586
0.3106 0.198482
0.3107 0.198396
0.3108 0.198295
0.3109 0.198189
0.311 0.198074
0.3111 0.197964
0.3112 0.197862
0.3113 0.197763
0.3114 0.197654
0.3115 0.197548
0.3116 0.197447
0.3117 0.197339
0.3118 0.197235
0.3119 0.19713
0.312 0.197025
0.3121 0.19692
0.3122 0.196815
0.3123 0.196711
0.3124 0.196606
0.3125 0.196501
0.3126 0.196451
0.3127 0.196402
0.3128 0.196352
0.3129 0.196302
0.313 0.196253
0.3131 0.196203
0.3132 0.196154
0.3133 0.196104
0.3134 0.196053
0.3135 0.196005
0.3136 0.195957
0.3137 0.195902
0.3138 0.195855
0.3139 0.195813
0.314 0.195762
0.3141 0.195701
0.3142 0.195649
0.3143 0.195596
0.3144 0.195553
0.3145 0.195507
0.3146 0.195477
0.3147 0.195434
0.3148 0.195387
0.3149 0.195332
0.315 0.195281
0.3151 0.195212
0.3152 0.195129
0.3153 0.195082
0.3154 0.195026
0.3155 0.194966
0.3156 0.194908
0.3157 0.19485
0.3158 0.194794
0.3159 0.194758
0.316 0.194722
0.3161 0.194687
0.3162 0.194649
0.3163 0.194619
0.3164 0.194585
0.3165 0.194535
0.3166 0.194474
0.3167 0.194432
0.3168 0.194441
0.3169 0.194443
0.317 0.194441
0.3171 0.194428
0.3172 0.194399
0.3173 0.194376
0.3174 0.194326
0.3175 0.194272
0.3176 0.194212
0.3177 0.194163
0.3178 0.194121
0.3179 0.19408
0.318 0.194036
0.3181 0.193992
0.3182 0.193944
0.3183 0.193875
0.3184 0.193807
0.3185 0.193738
0.3186 0.193668
0.3187 0.193593
0.3188 0.193526
0.3189 0.193464
0.319 0.193407
0.3191 0.193367
0.3192 0.193312
0.3193 0.19325
0.3194 0.193193
0.3195 0.193111
0.3196 0.19301
0.3197 0.192908
0.3198 0.192813
0.3199 0.192725
0.32 0.192635
0.3201 0.192506
0.3202 0.192377
0.3203 0.192256
0.3204 0.192114
0.3205 0.191969
0.3206 0.19182
0.3207 0.191674
0.3208 0.191532
0.3209 0.191397
0.321 0.191254
0.3211 0.191093
0.3212 0.19093
0.3213 0.190752
0.3214 0.19055
0.3215 0.19053
0.3216 0.190564
0.3217 0.19058
0.3218 0.190586
0.3219 0.190581
0.322 0.190565
0.3221 0.190554
0.3222 0.190549
0.3223 0.190541
0.3224 0.190527
0.3225 0.190503
0.3226 0.190475
0.3227 0.190421
0.3228 0.190372
0.3229 0.190328
0.323 0.190257
0.3231 0.19018
0.3232 0.190096
0.3233 0.190024
0.3234 0.189956
0.3235 0.189887
0.3236 0.189806
0.3237 0.18972
0.3238 0.189639
0.3239 0.189553
0.324 0.189451
0.3241 0.189347
0.3242 0.189261
0.3243 0.18917
0.3244 0.189088
0.3245 0.18901
0.3246 0.188929
0.3247 0.188843
0.3248 0.18876
0.3249 0.188677
0.325 0.188593
0.3251 0.188532
0.3252 0.188471
0.3253 0.188409
0.3254 0.18835
0.3255 0.188284
0.3256 0.188221
0.3257 0.188166
0.3258 0.188114
0.3259 0.188067
0.326 0.188004
0.3261 0.187944
0.3262 0.187873
0.3263 0.187807
0.3264 0.187739
0.3265 0.187654
0.3266 0.18756
0.3267 0.187451
0.3268 0.187343
0.3269 0.18722
0.327 0.187176
0.3271 0.187142
0.3272 0.187106
0.3273 0.187058
0.3274 0.186996
0.3275 0.186921
0.3276 0.186849
0.3277 0.186771
0.3278 0.186683
0.3279 0.186602
0.328 0.186524
0.3281 0.186446
0.3282 0.186378
0.3283 0.186313
0.3284 0.186248
0.3285 0.18619
0.3286 0.186124
0.3287 0.186055
0.3288 0.185972
0.3289 0.185875
0.329 0.185805
0.3291 0.185756
0.3292 0.185691
0.3293 0.185617
0.3294 0.185537
0.3295 0.185461
0.3296 0.18539
0.3297 0.185324
0.3298 0.185259
0.3299 0.185186
0.33 0.185093
0.3301 0.185042
0.3302 0.184971
0.3303 0.184894
0.3304 0.184822
0.3305 0.184756
0.3306 0.184682
0.3307 0.184612
0.3308 0.184541
0.3309 0.184466
0.331 0.184399
0.3311 0.184324
0.3312 0.184254
0.3313 0.184183
0.3314 0.184109
0.3315 0.18404
0.3316 0.18397
0.3317 0.183898
0.3318 0.183827
0.3319 0.183755
0.332 0.183684
0.3321 0.183612
0.3322 0.183541
0.3323 0.18347
0.3324 0.183399
0.3325 0.183327
0.3326 0.183256
0.3327 0.183185
0.3328 0.183113
0.3329 0.183042
0.333 0.182971
0.3331 0.182899
0.3332 0.182828
0.3333 0.182757
0.3334 0.182781
0.3335 0.182852
0.3336 0.182923
0.3337 0.182994
0.3338 0.183066
0.3339 0.183137
0.334 0.183208
0.3341 0.18328
0.3342 0.183351
0.3343 0.183422
0.3344 0.183494
0.3345 0.183565
0.3346 0.183636
0.3347 0.183708
0.3348 0.183779
0.3349 0.183849
0.335 0.183921
0.3351 0.183991
0.3352 0.184064
0.3353 0.184136
0.3354 0.184207
0.3355 0.184277
0.3356 0.184351
0.3357 0.184417
0.3358 0.184494
0.3359 0.184562
0.336 0.184634
0.3361 0.184709
0.3362 0.184769
0.3363 0.184853
0.3364 0.184922
0.3365 0.184988
0.3366 0.18506
0.3367 0.185138
0.3368 0.185212
0.3369 0.18527
0.337 0.185339
0.3371 0.185427
0.3372 0.185499
0.3373 0.185562
0.3374 0.185628
0.3375 0.185694
0.3376 0.185771
0.3377 0.185848
0.3378 0.185929
0.3379 0.186003
0.338 0.186072
0.3381 0.186125
0.3382 0.186167
0.3383 0.18625
0.3384 0.18635
0.3385 0.186439
0.3386 0.186512
0.3387 0.186582
0.3388 0.186646
0.3389 0.186701
0.339 0.186763
0.3391 0.186829
0.3392 0.186892
0.3393 0.186958
0.3394 0.187038
0.3395 0.187119
0.3396 0.187195
0.3397 0.187278
0.3398 0.187368
0.3399 0.187451
0.34 0.187532
0.3401 0.187602
0.3402 0.187678
0.3403 0.187748
0.3404 0.187805
0.3405 0.18785
0.3406 0.187881
0.3407 0.187913
0.3408 0.187939
0.3409 0.187943
0.341 0.188076
0.3411 0.188202
0.3412 0.188315
0.3413 0.188433
0.3414 0.188542
0.3415 0.188641
0.3416 0.188727
0.3417 0.188809
0.3418 0.188872
0.3419 0.188934
0.342 0.189006
0.3421 0.189077
0.3422 0.189133
0.3423 0.18919
0.3424 0.189251
0.3425 0.189294
0.3426 0.189325
0.3427 0.189386
0.3428 0.189436
0.3429 0.189493
0.343 0.189557
0.3431 0.189623
0.3432 0.189682
0.3433 0.189737
0.3434 0.189798
0.3435 0.189856
0.3436 0.189916
0.3437 0.189975
0.3438 0.190047
0.3439 0.190134
0.344 0.190221
0.3441 0.190307
0.3442 0.190393
0.3443 0.19048
0.3444 0.190573
0.3445 0.190658
0.3446 0.190732
0.3447 0.190816
0.3448 0.190898
0.3449 0.19099
0.345 0.191085
0.3451 0.191184
0.3452 0.191268
0.3453 0.191376
0.3454 0.191499
0.3455 0.191607
0.3456 0.191709
0.3457 0.191791
0.3458 0.19187
0.3459 0.191961
0.346 0.192051
0.3461 0.19214
0.3462 0.19222
0.3463 0.192288
0.3464 0.192358
0.3465 0.192421
0.3466 0.192488
0.3467 0.192561
0.3468 0.19264
0.3469 0.192734
0.347 0.192812
0.3471 0.192889
0.3472 0.192967
0.3473 0.193012
0.3474 0.193046
0.3475 0.19308
0.3476 0.193123
0.3477 0.193171
0.3478 0.193218
0.3479 0.193233
0.348 0.193237
0.3481 0.193244
0.3482 0.193257
0.3483 0.193247
0.3484 0.19323
0.3485 0.193219
0.3486 0.193198
0.3487 0.193181
0.3488 0.193167
0.3489 0.193158
0.349 0.193154
0.3491 0.193151
0.3492 0.19314
0.3493 0.19311
0.3494 0.193073
0.3495 0.193041
0.3496 0.192993
0.3497 0.192938
0.3498 0.192869
0.3499 0.192779
0.35 0.192634
0.3501 0.192947
0.3502 0.193204
0.3503 0.193441
0.3504 0.193663
0.3505 0.193879
0.3506 0.194079
0.3507 0.194278
0.3508 0.19448
0.3509 0.194669
0.351 0.194843
0.3511 0.195008
0.3512 0.19517
0.3513 0.195337
0.3514 0.195509
0.3515 0.195686
0.3516 0.195864
0.3517 0.196047
0.3518 0.196233
0.3519 0.19641
0.352 0.196582
0.3521 0.196765
0.3522 0.196942
0.3523 0.19711
0.3524 0.197252
0.3525 0.197393
0.3526 0.197543
0.3527 0.197702
0.3528 0.197855
0.3529 0.19801
0.353 0.19813
0.3531 0.198226
0.3532 0.198323
0.3533 0.19842
0.3534 0.198506
0.3535 0.198607
0.3536 0.19872
0.3537 0.198834
0.3538 0.198948
0.3539 0.199062
0.354 0.199175
0.3541 0.199288
0.3542 0.199379
0.3543 0.199428
0.3544 0.199476
0.3545 0.199522
0.3546 0.199571
0.3547 0.199628
0.3548 0.199688
0.3549 0.199729
0.355 0.19976
0.3551 0.199777
0.3552 0.199797
0.3553 0.199829
0.3554 0.199894
0.3555 0.199945
0.3556 0.2
0.3557 0.200061
0.3558 0.200122
0.3559 0.200188
0.356 0.200258
0.3561 0.200334
0.3562 0.200416
0.3563 0.200484
0.3564 0.200537
0.3565 0.2006
0.3566 0.200671
0.3567 0.200733
0.3568 0.200799
0.3569 0.200865
0.357 0.20093
0.3571 0.200995
0.3572 0.201038
0.3573 0.201063
0.3574 0.201089
0.3575 0.201116
0.3576 0.201141
0.3577 0.201164
0.3578 0.20119
0.3579 0.201225
0.358 0.20125
0.3581 0.201258
0.3582 0.201279
0.3583 0.201303
0.3584 0.201332
0.3585 0.201362
0.3586 0.2014
0.3587 0.201425
0.3588 0.201493
0.3589 0.201554
0.359 0.201605
0.3591 0.201635
0.3592 0.201676
0.3593 0.201717
0.3594 0.201745
0.3595 0.201737
0.3596 0.201727
0.3597 0.201719
0.3598 0.201719
0.3599 0.201725
0.36 0.201728
0.3601 0.201693
0.3602 0.201658
0.3603 0.201629
0.3604 0.201577
0.3605 0.201527
0.3606 0.201474
0.3607 0.201426
0.3608 0.201383
0.3609 0.201323
0.361 0.201256
0.3611 0.201162
0.3612 0.201238
0.3613 0.20131
0.3614 0.201368
0.3615 0.201422
0.3616 0.201479
0.3617 0.201524
0.3618 0.201552
0.3619 0.201572
0.362 0.201583
0.3621 0.201596
0.3622 0.201602
0.3623 0.201602
0.3624 0.201609
0.3625 0.201616
0.3626 0.201634
0.3627 0.201654
0.3628 0.201671
0.3629 0.201672
0.363 0.201694
0.3631 0.201705
0.3632 0.201719
0.3633 0.201733
0.3634 0.201746
0.3635 0.20176
0.3636 0.201773
0.3637 0.201811
0.3638 0.201863
0.3639 0.201916
0.364 0.201968
0.3641 0.20202
0.3642 0.202074
0.3643 0.202122
0.3644 0.20218
0.3645 0.202227
0.3646 0.202277
0.3647 0.202334
0.3648 0.202396
0.3649 0.202451
0.365 0.202505
0.3651 0.202544
0.3652 0.202567
0.3653 0.202587
0.3654 0.202608
0.3655 0.202719
0.3656 0.202811
0.3657 0.202907
0.3658 0.202994
0.3659 0.203068
0.366 0.203132
0.3661 0.203193
0.3662 0.203235
0.3663 0.203268
0.3664 0.203313
0.3665 0.203363
0.3666 0.203411
0.3667 0.203453
0.3668 0.203482
0.3669 0.20351
0.367 0.203542
0.3671 0.203584
0.3672 0.203616
0.3673 0.20363
0.3674 0.203638
0.3675 0.203631
0.3676 0.203621
0.3677 0.203641
0.3678 0.203687
0.3679 0.203717
0.368 0.203737
0.3681 0.20376
0.3682 0.203785
0.3683 0.203809
0.3684 0.203833
0.3685 0.203875
0.3686 0.203922
0.3687 0.203969
0.3688 0.204015
0.3689 0.204065
0.369 0.204097
0.3691 0.20415
0.3692 0.204221
0.3693 0.204279
0.3694 0.204319
0.3695 0.204362
0.3696 0.204401
0.3697 0.204433
0.3698 0.204469
0.3699 0.204487
0.37 0.204489
0.3701 0.204533
0.3702 0.204559
0.3703 0.204587
0.3704 0.20462
0.3705 0.204664
0.3706 0.204709
0.3707 0.204746
0.3708 0.204807
0.3709 0.204848
0.371 0.204887
0.3711 0.204922
0.3712 0.20494
0.3713 0.204973
0.3714 0.205003
0.3715 0.205042
0.3716 0.205083
0.3717 0.205132
0.3718 0.205172
0.3719 0.205205
0.372 0.205233
0.3721 0.205265
0.3722 0.205306
0.3723 0.20535
0.3724 0.205387
0.3725 0.205416
0.3726 0.205453
0.3727 0.205495
0.3728 0.205529
0.3729 0.205563
0.373 0.205604
0.3731 0.205638
0.3732 0.205676
0.3733 0.205712
0.3734 0.20575
0.3735 0.205785
0.3736 0.205822
0.3737 0.205859
0.3738 0.205896
0.3739 0.205932
0.374 0.205969
0.3741 0.206005
0.3742 0.206042
0.3743 0.206079
0.3744 0.206116
0.3745 0.206152
0.3746 0.206189
0.3747 0.206226
0.3748 0.206262
0.3749 0.206299
0.375 0.206336
0.3751 0.206483
0.3752 0.206631
0.3753 0.206778
0.3754 0.206925
0.3755 0.207073
0.3756 0.20722
0.3757 0.207367
0.3758 0.207515
0.3759 0.207662
0.376 0.207809
0.3761 0.207957
0.3762 0.208104
0.3763 0.208252
0.3764 0.2084
0.3765 0.208546
0.3766 0.208693
0.3767 0.208842
0.3768 0.208987
0.3769 0.209137
0.377 0.209282
0.3771 0.209429
0.3772 0.209581
0.3773 0.209723
0.3774 0.20987
0.3775 0.210024
0.3776 0.210171
0.3777 0.210311
0.3778 0.210456
0.3779 0.210607
0.378 0.210764
0.3781 0.210911
0.3782 0.211046
0.3783 0.211191
0.3784 0.211335
0.3785 0.211489
0.3786 0.211643
0.3787 0.211802
0.3788 0.211951
0.3789 0.212096
0.379 0.212226
0.3791 0.212368
0.3792 0.212508
0.3793 0.212648
0.3794 0.212802
0.3795 0.212958
0.3796 0.213108
0.3797 0.213274
0.3798 0.21344
0.3799 0.213588
0.38 0.213741
0.3801 0.213882
0.3802 0.214028
0.3803 0.214158
0.3804 0.214273
0.3805 0.214414
0.3806 0.214558
0.3807 0.214694
0.3808 0.214833
0.3809 0.214971
0.381 0.215119
0.3811 0.215277
0.3812 0.215436
0.3813 0.215595
0.3814 0.215757
0.3815 0.215903
0.3816 0.21605
0.3817 0.216241
0.3818 0.216426
0.3819 0.216594
0.382 0.216751
0.3821 0.216896
0.3822 0.21705
0.3823 0.217204
0.3824 0.21735
0.3825 0.217489
0.3826 0.217624
0.3827 0.217771
0.3828 0.217916
0.3829 0.218038
0.383 0.21816
0.3831 0.218263
0.3832 0.218361
0.3833 0.218452
0.3834 0.218595
0.3835 0.218756
0.3836 0.218907
0.3837 0.219042
0.3838 0.21917
0.3839 0.219299
0.384 0.219434
0.3841 0.21957
0.3842 0.219703
0.3843 0.219836
0.3844 0.21997
0.3845 0.220103
0.3846 0.220237
0.3847 0.220398
0.3848 0.220565
0.3849 0.220732
0.385 0.220898
0.3851 0.221065
0.3852 0.221234
0.3853 0.221397
0.3854 0.22156
0.3855 0.22173
0.3856 0.221903
0.3857 0.222078
0.3858 0.222245
0.3859 0.222409
0.386 0.222559
0.3861 0.222693
0.3862 0.222827
0.3863 0.222948
0.3864 0.223106
0.3865 0.223344
0.3866 0.223567
0.3867 0.223781
0.3868 0.224002
0.3869 0.22422
0.387 0.224423
0.3871 0.224629
0.3872 0.224804
0.3873 0.22498
0.3874 0.225165
0.3875 0.22535
0.3876 0.225495
0.3877 0.225642
0.3878 0.225786
0.3879 0.225915
0.388 0.22606
0.3881 0.226211
0.3882 0.226366
0.3883 0.226525
0.3884 0.226694
0.3885 0.226845
0.3886 0.227004
0.3887 0.22716
0.3888 0.227317
0.3889 0.227471
0.389 0.227598
0.3891 0.227724
0.3892 0.227852
0.3893 0.227975
0.3894 0.228108
0.3895 0.228228
0.3896 0.228346
0.3897 0.228471
0.3898 0.228601
0.3899 0.228736
0.39 0.228862
0.3901 0.229028
0.3902 0.229186
0.3903 0.229327
0.3904 0.229461
0.3905 0.2296
0.3906 0.22974
0.3907 0.229843
0.3908 0.229935
0.3909 0.230024
0.391 0.230114
0.3911 0.230219
0.3912 0.230323
0.3913 0.230426
0.3914 0.230488
0.3915 0.230547
0.3916 0.230615
0.3917 0.230675
0.3918 0.230717
0.3919 0.230763
0.392 0.230801
0.3921 0.230844
0.3922 0.230891
0.3923 0.230944
0.3924 0.230992
0.3925 0.231022
0.3926 0.231049
0.3927 0.231063
0.3928 0.231058
0.3929 0.231149
0.393 0.231379
0.3931 0.231587
0.3932 0.231782
0.3933 0.231969
0.3934 0.232142
0.3935 0.23232
0.3936 0.232503
0.3937 0.232684
0.3938 0.232854
0.3939 0.23302
0.394 0.23317
0.3941 0.233309
0.3942 0.233455
0.3943 0.23358
0.3944 0.233696
0.3945 0.233808
0.3946 0.233932
0.3947 0.234055
0.3948 0.234168
0.3949 0.234276
0.395 0.23439
0.3951 0.234486
0.3952 0.234582
0.3953 0.234687
0.3954 0.234796
0.3955 0.234911
0.3956 0.235019
0.3957 0.23513
0.3958 0.23524
0.3959 0.235362
0.396 0.235491
0.3961 0.235621
0.3962 0.235746
0.3963 0.235878
0.3964 0.236016
0.3965 0.236147
0.3966 0.236273
0.3967 0.236397
0.3968 0.236512
0.3969 0.236612
0.397 0.236703
0.3971 0.236816
0.3972 0.236964
0.3973 0.237101
0.3974 0.237223
0.3975 0.23734
0.3976 0.23745
0.3977 0.237566
0.3978 0.237689
0.3979 0.237815
0.398 0.23794
0.3981 0.238053
0.3982 0.238173
0.3983 0.238299
0.3984 0.238415
0.3985 0.238536
0.3986 0.238659
0.3987 0.238779
0.3988 0.238898
0.3989 0.23902
0.399 0.23914
0.3991 0.239261
0.3992 0.23938
0.3993 0.239501
0.3994 0.239622
0.3995 0.239742
0.3996 0.239863
0.3997 0.239983
0.3998 0.240104
0.3999 0.240224
0.4 0.240346
0.4001 0.240551
0.4002 0.240757
0.4003 0.240963
0.4004 0.241169
0.4005 0.241376
0.4006 0.241581
0.4007 0.241788
0.4008 0.241993
0.4009 0.2422
0.401 0.242406
0.4011 0.242613
0.4012 0.242819
0.4013 0.243023
0.4014 0.243232
0.4015 0.243433
0.4016 0.243646
0.4017 0.243848
0.4018 0.244052
0.4019 0.244262
0.402 0.244472
0.4021 0.24467
0.4022 0.244867
0.4023 0.245094
0.4024 0.245301
0.4025 0.245503
0.4026 0.245699
0.4027 0.2459
0.4028 0.246103
0.4029 0.246316
0.403 0.246528
0.4031 0.246748
0.4032 0.246962
0.4033 0.247169
0.4034 0.247379
0.4035 0.247574
0.4036 0.247753
0.4037 0.247926
0.4038 0.248091
0.4039 0.248304
0.404 0.248556
0.4041 0.248801
0.4042 0.249042
0.4043 0.24927
0.4044 0.24949
0.4045 0.249693
0.4046 0.24989
0.4047 0.250096
0.4048 0.250296
0.4049 0.250487
0.405 0.250684
0.4051 0.250863
0.4052 0.25104
0.4053 0.25123
0.4054 0.251418
0.4055 0.251617
0.4056 0.251819
0.4057 0.252015
0.4058 0.252205
0.4059 0.252402
0.406 0.252596
0.4061 0.252791
0.4062 0.252986
0.4063 0.253194
0.4064 0.253417
0.4065 0.253639
0.4066 0.253861
0.4067 0.254085
0.4068 0.254305
0.4069 0.254534
0.407 0.254757
0.4071 0.254972
0.4072 0.255187
0.4073 0.255403
0.4074 0.25562
0.4075 0.255852
0.4076 0.256084
0.4077 0.25632
0.4078 0.256545
0.4079 0.256757
0.408 0.257026
0.4081 0.257289
0.4082 0.257537
0.4083 0.257777
0.4084 0.258002
0.4085 0.258216
0.4086 0.25843
0.4087 0.258654
0.4088 0.258884
0.4089 0.259108
0.409 0.259332
0.4091 0.259555
0.4092 0.259754
0.4093 0.259955
0.4094 0.260153
0.4095 0.260357
0.4096 0.260547
0.4097 0.260745
0.4098 0.260948
0.4099 0.261155
0.41 0.261355
0.4101 0.261594
0.4102 0.261824
0.4103 0.262041
0.4104 0.262244
0.4105 0.262456
0.4106 0.262669
0.4107 0.26288
0.4108 0.263045
0.4109 0.263201
0.411 0.263356
0.4111 0.263513
0.4112 0.263668
0.4113 0.263826
0.4114 0.264008
0.4115 0.264182
0.4116 0.264353
0.4117 0.264525
0.4118 0.264676
0.4119 0.26479
0.412 0.264905
0.4121 0.265015
0.4122 0.265129
0.4123 0.265256
0.4124 0.265383
0.4125 0.26551
0.4126 0.265597
0.4127 0.265688
0.4128 0.265765
0.4129 0.265857
0.413 0.265952
0.4131 0.266039
0.4132 0.266123
0.4133 0.266198
0.4134 0.26628
0.4135 0.266365
0.4136 0.266457
0.4137 0.266543
0.4138 0.266632
0.4139 0.266735
0.414 0.266837
0.4141 0.26694
0.4142 0.267049
0.4143 0.267156
0.4144 0.267257
0.4145 0.267356
0.4146 0.267442
0.4147 0.267515
0.4148 0.26758
0.4149 0.267634
0.415 0.267683
0.4151 0.267737
0.4152 0.267799
0.4153 0.267862
0.4154 0.267913
0.4155 0.267947
0.4156 0.267977
0.4157 0.268013
0.4158 0.268033
0.4159 0.268048
0.416 0.268052
0.4161 0.268049
0.4162 0.268033
0.4163 0.268003
0.4164 0.267954
0.4165 0.267879
0.4166 0.267762
0.4167 0.267876
0.4168 0.268535
0.4169 0.269137
0.417 0.269709
0.4171 0.270261
0.4172 0.270798
0.4173 0.271322
0.4174 0.271834
0.4175 0.272341
0.4176 0.272834
0.4177 0.273329
0.4178 0.273808
0.4179 0.274277
0.418 0.274755
0.4181 0.275233
0.4182 0.275697
0.4183 0.276146
0.4184 0.276586
0.4185 0.277023
0.4186 0.277464
0.4187 0.277914
0.4188 0.278365
0.4189 0.278821
0.419 0.279269
0.4191 0.279721
0.4192 0.280153
0.4193 0.280587
0.4194 0.281007
0.4195 0.28141
0.4196 0.281821
0.4197 0.282217
0.4198 0.282597
0.4199 0.282983
0.42 0.283373
0.4201 0.283751
0.4202 0.284125
0.4203 0.2845
0.4204 0.28488
0.4205 0.285263
0.4206 0.285653
0.4207 0.286039
0.4208 0.286423
0.4209 0.286808
0.421 0.287193
0.4211 0.287588
0.4212 0.287996
0.4213 0.288403
0.4214 0.28881
0.4215 0.289222
0.4216 0.289628
0.4217 0.290027
0.4218 0.290431
0.4219 0.290837
0.422 0.291253
0.4221 0.291671
0.4222 0.292083
0.4223 0.292504
0.4224 0.292922
0.4225 0.293362
0.4226 0.293793
0.4227 0.294206
0.4228 0.294617
0.4229 0.295035
0.423 0.295452
0.4231 0.295864
0.4232 0.29626
0.4233 0.296655
0.4234 0.297054
0.4235 0.297441
0.4236 0.297835
0.4237 0.298234
0.4238 0.298639
0.4239 0.299036
0.424 0.299467
0.4241 0.299901
0.4242 0.300326
0.4243 0.300734
0.4244 0.301127
0.4245 0.301531
0.4246 0.301938
0.4247 0.302347
0.4248 0.302754
0.4249 0.303161
0.425 0.303569
0.4251 0.303898
0.4252 0.304228
0.4253 0.304558
0.4254 0.304886
0.4255 0.305222
0.4256 0.305546
0.4257 0.305864
0.4258 0.306196
0.4259 0.306532
0.426 0.30686
0.4261 0.307183
0.4262 0.30751
0.4263 0.307844
0.4264 0.308172
0.4265 0.30851
0.4266 0.308891
0.4267 0.309262
0.4268 0.30964
0.4269 0.310013
0.427 0.31039
0.4271 0.31076
0.4272 0.311102
0.4273 0.311445
0.4274 0.311787
0.4275 0.312149
0.4276 0.312517
0.4277 0.312871
0.4278 0.313222
0.4279 0.313584
0.428 0.313938
0.4281 0.314294
0.4282 0.314652
0.4283 0.315008
0.4284 0.315364
0.4285 0.315721
0.4286 0.316037
0.4287 0.316253
0.4288 0.31647
0.4289 0.316685
0.429 0.316901
0.4291 0.317117
0.4292 0.317334
0.4293 0.317551
0.4294 0.317766
0.4295 0.317976
0.4296 0.318203
0.4297 0.318427
0.4298 0.31863
0.4299 0.318832
0.43 0.319031
0.4301 0.319268
0.4302 0.319504
0.4303 0.319736
0.4304 0.319973
0.4305 0.320206
0.4306 0.32042
0.4307 0.320611
0.4308 0.320802
0.4309 0.320987
0.431 0.321183
0.4311 0.321373
0.4312 0.321556
0.4313 0.321746
0.4314 0.321938
0.4315 0.322138
0.4316 0.322331
0.4317 0.322508
0.4318 0.322669
0.4319 0.322942
0.432 0.323222
0.4321 0.323496
0.4322 0.323751
0.4323 0.323999
0.4324 0.324251
0.4325 0.32451
0.4326 0.324773
0.4327 0.325034
0.4328 0.325302
0.4329 0.325573
0.433 0.325852
0.4331 0.326119
0.4332 0.326388
0.4333 0.326656
0.4334 0.326912
0.4335 0.327161
0.4336 0.327414
0.4337 0.327656
0.4338 0.327904
0.4339 0.328158
0.434 0.328414
0.4341 0.328676
0.4342 0.328921
0.4343 0.329219
0.4344 0.329514
0.4345 0.32981
0.4346 0.330092
0.4347 0.330377
0.4348 0.330654
0.4349 0.330896
0.435 0.331141
0.4351 0.331373
0.4352 0.331609
0.4353 0.33187
0.4354 0.332134
0.4355 0.332397
0.4356 0.332652
0.4357 0.33291
0.4358 0.333187
0.4359 0.33346
0.436 0.333708
0.4361 0.33396
0.4362 0.334222
0.4363 0.334484
0.4364 0.334748
0.4365 0.335004
0.4366 0.335267
0.4367 0.335525
0.4368 0.335786
0.4369 0.336046
0.437 0.336306
0.4371 0.336566
0.4372 0.336826
0.4373 0.337086
0.4374 0.337347
0.4375 0.337607
0.4376 0.337673
0.4377 0.337739
0.4378 0.337805
0.4379 0.337872
0.438 0.337938
0.4381 0.338005
0.4382 0.338072
0.4383 0.338136
0.4384 0.338202
0.4385 0.338267
0.4386 0.33834
0.4387 0.338398
0.4388 0.338465
0.4389 0.338532
0.439 0.338612
0.4391 0.338671
0.4392 0.338721
0.4393 0.338789
0.4394 0.33886
0.4395 0.338921
0.4396 0.338988
0.4397 0.339064
0.4398 0.339156
0.4399 0.339239
0.44 0.339322
0.4401 0.339366
0.4402 0.339412
0.4403 0.339449
0.4404 0.339483
0.4405 0.339524
0.4406 0.339597
0.4407 0.339663
0.4408 0.339734
0.4409 0.339811
0.441 0.339891
0.4411 0.339965
0.4412 0.340037
0.4413 0.340096
0.4414 0.340157
0.4415 0.340207
0.4416 0.340265
0.4417 0.340326
0.4418 0.340391
0.4419 0.340458
0.442 0.340532
0.4421 0.340605
0.4422 0.34066
0.4423 0.340699
0.4424 0.34084
0.4425 0.340973
0.4426 0.34109
0.4427 0.341213
0.4428 0.341343
0.4429 0.341468
0.443 0.341592
0.4431 0.341718
0.4432 0.341837
0.4433 0.341927
0.4434 0.342016
0.4435 0.342105
0.4436 0.342207
0.4437 0.342322
0.4438 0.342426
0.4439 0.342525
0.444 0.342632
0.4441 0.342735
0.4442 0.342839
0.4443 0.342943
0.4444 0.343047
0.4445 0.34309
0.4446 0.343084
0.4447 0.343079
0.4448 0.343073
0.4449 0.343067
0.445 0.343067
0.4451 0.343053
0.4452 0.343054
0.4453 0.343059
0.4454 0.343042
0.4455 0.343023
0.4456 0.343005
0.4457 0.343003
0.4458 0.343015
0.4459 0.343033
0.446 0.343046
0.4461 0.343061
0.4462 0.343078
0.4463 0.343092
0.4464 0.343107
0.4465 0.343082
0.4466 0.343041
0.4467 0.342999
0.4468 0.342966
0.4469 0.342913
0.447 0.342861
0.4471 0.342823
0.4472 0.342792
0.4473 0.342759
0.4474 0.342721
0.4475 0.342673
0.4476 0.342628
0.4477 0.34257
0.4478 0.342521
0.4479 0.342474
0.448 0.342434
0.4481 0.342394
0.4482 0.342353
0.4483 0.342315
0.4484 0.342289
0.4485 0.342261
0.4486 0.342236
0.4487 0.342216
0.4488 0.342189
0.4489 0.342157
0.449 0.342114
0.4491 0.342055
0.4492 0.341986
0.4493 0.341919
0.4494 0.341858
0.4495 0.341782
0.4496 0.3417
0.4497 0.341606
0.4498 0.341499
0.4499 0.341371
0.45 0.341189
0.4501 0.341463
0.4502 0.341683
0.4503 0.341882
0.4504 0.342067
0.4505 0.342242
0.4506 0.34241
0.4507 0.342577
0.4508 0.342724
0.4509 0.342863
0.451 0.343007
0.4511 0.343157
0.4512 0.343311
0.4513 0.343459
0.4514 0.343608
0.4515 0.343737
0.4516 0.343874
0.4517 0.343982
0.4518 0.344087
0.4519 0.3442
0.452 0.344289
0.4521 0.344368
0.4522 0.34445
0.4523 0.344539
0.4524 0.344626
0.4525 0.344701
0.4526 0.344779
0.4527 0.344839
0.4528 0.344913
0.4529 0.34499
0.453 0.345067
0.4531 0.345144
0.4532 0.345231
0.4533 0.345321
0.4534 0.345413
0.4535 0.345506
0.4536 0.345591
0.4537 0.345657
0.4538 0.345756
0.4539 0.345839
0.454 0.345923
0.4541 0.346008
0.4542 0.346094
0.4543 0.346178
0.4544 0.346263
0.4545 0.346348
0.4546 0.346454
0.4547 0.346578
0.4548 0.346702
0.4549 0.346826
0.455 0.346949
0.4551 0.347073
0.4552 0.347199
0.4553 0.347319
0.4554 0.347443
0.4555 0.347573
0.4556 0.347699
0.4557 0.347819
0.4558 0.34792
0.4559 0.348025
0.456 0.348184
0.4561 0.348338
0.4562 0.348476
0.4563 0.348603
0.4564 0.348718
0.4565 0.348841
0.4566 0.348953
0.4567 0.349066
0.4568 0.34917
0.4569 0.349257
0.457 0.349371
0.4571 0.349476
0.4572 0.349589
0.4573 0.349707
0.4574 0.34983
0.4575 0.349943
0.4576 0.35005
0.4577 0.350165
0.4578 0.350278
0.4579 0.350392
0.458 0.350505
0.4581 0.350618
0.4582 0.350731
0.4583 0.350845
0.4584 0.350983
0.4585 0.351133
0.4586 0.351283
0.4587 0.351433
0.4588 0.351583
0.4589 0.351735
0.459 0.351881
0.4591 0.352034
0.4592 0.352188
0.4593 0.352328
0.4594 0.352476
0.4595 0.352626
0.4596 0.352784
0.4597 0.352939
0.4598 0.353109
0.4599 0.353261
0.46 0.353414
0.4601 0.353556
0.4602 0.353704
0.4603 0.353839
0.4604 0.353959
0.4605 0.354069
0.4606 0.35422
0.4607 0.354377
0.4608 0.354518
0.4609 0.354653
0.461 0.354794
0.4611 0.354934
0.4612 0.355075
0.4613 0.355215
0.4614 0.355356
0.4615 0.355496
0.4616 0.355657
0.4617 0.355831
0.4618 0.356004
0.4619 0.356178
0.462 0.356351
0.4621 0.356521
0.4622 0.356702
0.4623 0.356873
0.4624 0.35704
0.4625 0.357208
0.4626 0.357388
0.4627 0.357567
0.4628 0.357754
0.4629 0.357936
0.463 0.358114
0.4631 0.358284
0.4632 0.358462
0.4633 0.358623
0.4634 0.358781
0.4635 0.35892
0.4636 0.35905
0.4637 0.359174
0.4638 0.3593
0.4639 0.35943
0.464 0.359544
0.4641 0.359651
0.4642 0.359741
0.4643 0.359839
0.4644 0.360169
0.4645 0.360469
0.4646 0.360755
0.4647 0.361033
0.4648 0.361306
0.4649 0.361562
0.465 0.36181
0.4651 0.362062
0.4652 0.362322
0.4653 0.362582
0.4654 0.362849
0.4655 0.363116
0.4656 0.363372
0.4657 0.363632
0.4658 0.363896
0.4659 0.364157
0.466 0.364386
0.4661 0.364612
0.4662 0.364837
0.4663 0.36508
0.4664 0.365318
0.4665 0.365556
0.4666 0.365795
0.4667 0.366011
0.4668 0.366183
0.4669 0.366357
0.467 0.366527
0.4671 0.366708
0.4672 0.36687
0.4673 0.367029
0.4674 0.36719
0.4675 0.367388
0.4676 0.367581
0.4677 0.36778
0.4678 0.367972
0.4679 0.368161
0.468 0.368363
0.4681 0.368566
0.4682 0.368751
0.4683 0.368944
0.4684 0.369139
0.4685 0.369333
0.4686 0.369527
0.4687 0.369721
0.4688 0.369866
0.4689 0.369963
0.469 0.370059
0.4691 0.370155
0.4692 0.370251
0.4693 0.370348
0.4694 0.370452
0.4695 0.370535
0.4696 0.370632
0.4697 0.370734
0.4698 0.370825
0.4699 0.370921
0.47 0.371014
0.4701 0.371144
0.4702 0.371273
0.4703 0.371388
0.4704 0.371504
0.4705 0.37162
0.4706 0.371729
0.4707 0.371788
0.4708 0.371846
0.4709 0.371901
0.471 0.371965
0.4711 0.372035
0.4712 0.37209
0.4713 0.372127
0.4714 0.372169
0.4715 0.372207
0.4716 0.372241
0.4717 0.372281
0.4718 0.372328
0.4719 0.372374
0.472 0.372402
0.4721 0.372423
0.4722 0.372423
0.4723 0.372564
0.4724 0.372725
0.4725 0.372872
0.4726 0.373017
0.4727 0.373158
0.4728 0.373283
0.4729 0.373393
0.473 0.373502
0.4731 0.373603
0.4732 0.373707
0.4733 0.373818
0.4734 0.373925
0.4735 0.374035
0.4736 0.374144
0.4737 0.374256
0.4738 0.374388
0.4739 0.374519
0.474 0.37465
0.4741 0.374778
0.4742 0.374916
0.4743 0.375051
0.4744 0.375178
0.4745 0.375296
0.4746 0.375419
0.4747 0.375547
0.4748 0.375671
0.4749 0.375796
0.475 0.375921
0.4751 0.376068
0.4752 0.376216
0.4753 0.376363
0.4754 0.376507
0.4755 0.376658
0.4756 0.37681
0.4757 0.376954
0.4758 0.377082
0.4759 0.37723
0.476 0.37737
0.4761 0.377511
0.4762 0.377654
0.4763 0.377816
0.4764 0.377977
0.4765 0.378139
0.4766 0.3783
0.4767 0.378468
0.4768 0.37863
0.4769 0.378787
0.477 0.378927
0.4771 0.379059
0.4772 0.379183
0.4773 0.379328
0.4774 0.379569
0.4775 0.379794
0.4776 0.380005
0.4777 0.380222
0.4778 0.380441
0.4779 0.380659
0.478 0.380863
0.4781 0.381062
0.4782 0.381265
0.4783 0.381451
0.4784 0.38161
0.4785 0.381769
0.4786 0.381928
0.4787 0.382103
0.4788 0.382275
0.4789 0.382453
0.479 0.382626
0.4791 0.3828
0.4792 0.382952
0.4793 0.383061
0.4794 0.38317
0.4795 0.383278
0.4796 0.383388
0.4797 0.383496
0.4798 0.383619
0.4799 0.383743
0.48 0.383865
0.4801 0.383949
0.4802 0.384033
0.4803 0.384116
0.4804 0.384186
0.4805 0.384254
0.4806 0.384329
0.4807 0.384391
0.4808 0.384474
0.4809 0.384625
0.481 0.384767
0.4811 0.384891
0.4812 0.385006
0.4813 0.385123
0.4814 0.385241
0.4815 0.385362
0.4816 0.385496
0.4817 0.385627
0.4818 0.385766
0.4819 0.385893
0.482 0.386023
0.4821 0.386152
0.4822 0.38629
0.4823 0.386436
0.4824 0.386581
0.4825 0.386727
0.4826 0.386866
0.4827 0.387006
0.4828 0.387153
0.4829 0.387309
0.483 0.387465
0.4831 0.387623
0.4832 0.387766
0.4833 0.387896
0.4834 0.388077
0.4835 0.388275
0.4836 0.388472
0.4837 0.388668
0.4838 0.388851
0.4839 0.389028
0.484 0.389181
0.4841 0.389339
0.4842 0.389505
0.4843 0.389669
0.4844 0.389822
0.4845 0.389938
0.4846 0.390053
0.4847 0.39017
0.4848 0.390298
0.4849 0.390409
0.485 0.390508
0.4851 0.390593
0.4852 0.390682
0.4853 0.390761
0.4854 0.390909
0.4855 0.39104
0.4856 0.391161
0.4857 0.391284
0.4858 0.391417
0.4859 0.391553
0.486 0.391684
0.4861 0.391816
0.4862 0.391959
0.4863 0.392104
0.4864 0.392243
0.4865 0.392385
0.4866 0.392537
0.4867 0.392691
0.4868 0.39283
0.4869 0.392996
0.487 0.39318
0.4871 0.393361
0.4872 0.393531
0.4873 0.393682
0.4874 0.393841
0.4875 0.394
0.4876 0.394121
0.4877 0.39424
0.4878 0.39437
0.4879 0.394476
0.488 0.394573
0.4881 0.394667
0.4882 0.39481
0.4883 0.394935
0.4884 0.395064
0.4885 0.3952
0.4886 0.395333
0.4887 0.395472
0.4888 0.395614
0.4889 0.395756
0.489 0.395906
0.4891 0.396049
0.4892 0.396214
0.4893 0.396389
0.4894 0.396551
0.4895 0.396703
0.4896 0.396853
0.4897 0.396976
0.4898 0.397104
0.4899 0.397213
0.49 0.397312
0.4901 0.397452
0.4902 0.397579
0.4903 0.397716
0.4904 0.397851
0.4905 0.397993
0.4906 0.398136
0.4907 0.398282
0.4908 0.398439
0.4909 0.398607
0.491 0.398758
0.4911 0.398903
0.4912 0.39903
0.4913 0.399148
0.4914 0.399262
0.4915 0.399395
0.4916 0.39953
0.4917 0.399666
0.4918 0.399807
0.4919 0.399953
0.492 0.40011
0.4921 0.400266
0.4922 0.400414
0.4923 0.400543
0.4924 0.400659
0.4925 0.400788
0.4926 0.400922
0.4927 0.401061
0.4928 0.401204
0.4929 0.401354
0.493 0.401509
0.4931 0.401649
0.4932 0.401774
0.4933 0.4019
0.4934 0.402035
0.4935 0.402175
0.4936 0.402319
0.4937 0.402474
0.4938 0.402613
0.4939 0.402735
0.494 0.40287
0.4941 0.403009
0.4942 0.403153
0.4943 0.403305
0.4944 0.403438
0.4945 0.403566
0.4946 0.403704
0.4947 0.403848
0.4948 0.403996
0.4949 0.404123
0.495 0.404259
0.4951 0.4044
0.4952 0.404549
0.4953 0.404678
0.4954 0.404815
0.4955 0.404962
0.4956 0.405097
0.4957 0.405232
0.4958 0.405377
0.4959 0.405511
0.496 0.405648
0.4961 0.405793
0.4962 0.405926
0.4963 0.406069
0.4964 0.406204
0.4965 0.406345
0.4966 0.406481
0.4967 0.406623
0.4968 0.406759
0.4969 0.406899
0.497 0.407038
0.4971 0.407175
0.4972 0.407314
0.4973 0.407454
0.4974 0.407593
0.4975 0.407731
0.4976 0.40787
0.4977 0.408008
0.4978 0.408146
0.4979 0.408285
0.498 0.408423
0.4981 0.408562
0.4982 0.408701
0.4983 0.408839
0.4984 0.408978
0.4985 0.409116
0.4986 0.409255
0.4987 0.409394
0.4988 0.409533
0.4989 0.409671
0.499 0.40981
0.4991 0.409948
0.4992 0.410087
0.4993 0.410226
0.4994 0.410364
0.4995 0.410503
0.4996 0.410641
0.4997 0.41078
0.4998 0.410919
0.4999 0.411057
0.5 0.411184
