0 1.64492
0.0001 1.64444
0.0002 1.64395
0.0003 1.64346
0.0004 1.64297
0.0005 1.64247
0.0006 1.64198
0.0007 1.64149
0.0008 1.641
0.0009 1.64051
0.001 1.64002
0.0011 1.63953
0.0012 1.63904
0.0013 1.63855
0.0014 1.63805
0.0015 1.63756
0.0016 1.63707
0.0017 1.63658
0.0018 1.63609
0.0019 1.6356
0.002 1.63511
0.0021 1.63462
0.0022 1.63412
0.0023 1.63363
0.0024 1.63314
0.0025 1.63265
0.0026 1.63216
0.0027 1.63167
0.0028 1.63118
0.0029 1.63069
0.003 1.63019
0.0031 1.6297
0.0032 1.62921
0.0033 1.62872
0.0034 1.62823
0.0035 1.62774
0.0036 1.62725
0.0037 1.62676
0.0038 1.62627
0.0039 1.62578
0.004 1.62528
0.0041 1.62479
0.0042 1.6243
0.0043 1.62381
0.0044 1.62332
0.0045 1.62283
0.0046 1.62234
0.0047 1.62184
0.0048 1.62136
0.0049 1.62086
0.005 1.62038
0.0051 1.61988
0.0052 1.61939
0.0053 1.61889
0.0054 1.61841
0.0055 1.61791
0.0056 1.61742
0.0057 1.61694
0.0058 1.61644
0.0059 1.61595
0.006 1.61546
0.0061 1.61496
0.0062 1.61448
0.0063 1.61399
0.0064 1.61349
0.0065 1.613
0.0066 1.61252
0.0067 1.61202
0.0068 1.61152
0.0069 1.61105
0.007 1.61055
0.0071 1.61005
0.0072 1.60956
0.0073 1.60908
0.0074 1.60859
0.0075 1.60809
0.0076 1.60759
0.0077 1.60711
0.0078 1.60663
0.0079 1.60613
0.008 1.60563
0.0081 1.60513
0.0082 1.60466
0.0083 1.60418
0.0084 1.60368
0.0085 1.60318
0.0086 1.60267
0.0087 1.60219
0.0088 1.60171
0.0089 1.60123
0.009 1.60074
0.0091 1.60023
0.0092 1.59973
0.0093 1.59923
0.0094 1.59876
0.0095 1.59828
0.0096 1.5978
0.0097 1.5973
0.0098 1.59679
0.0099 1.59629
0.01 1.59578
0.0101 1.59531
0.0102 1.59483
0.0103 1.59436
0.0104 1.59388
0.0105 1.59338
0.0106 1.59287
0.0107 1.59236
0.0108 1.59186
0.0109 1.59136
0.011 1.59088
0.0111 1.59041
0.0112 1.58993
0.0113 1.58946
0.0114 1.58898
0.0115 1.58847
0.0116 1.58796
0.0117 1.58745
0.0118 1.58694
0.0119 1.58642
0.012 1.58596
0.0121 1.58548
0.0122 1.58501
0.0123 1.58454
0.0124 1.58407
0.0125 1.58359
0.0126 1.58308
0.0127 1.58257
0.0128 1.58206
0.0129 1.58155
0.013 1.58104
0.0131 1.58053
0.0132 1.58003
0.0133 1.57956
0.0134 1.57909
0.0135 1.57862
0.0136 1.57815
0.0137 1.57769
0.0138 1.57721
0.0139 1.57674
0.014 1.57623
0.0141 1.57571
0.0142 1.5752
0.0143 1.57469
0.0144 1.57417
0.0145 1.57365
0.0146 1.57315
0.0147 1.57262
0.0148 1.57216
0.0149 1.57169
0.015 1.57122
0.0151 1.57076
0.0152 1.57029
0.0153 1.56982
0.0154 1.56936
0.0155 1.56889
0.0156 1.56842
0.0157 1.56792
0.0158 1.5674
0.0159 1.56689
0.016 1.56636
0.0161 1.56585
0.0162 1.56533
0.0163 1.56481
0.0164 1.5643
0.0165 1.56379
0.0166 1.56327
0.0167 1.56276
0.0168 1.56231
0.0169 1.56184
0.017 1.56137
0.0171 1.56091
0.0172 1.56045
0.0173 1.55999
0.0174 1.55952
0.0175 1.55906
0.0176 1.55859
0.0177 1.55813
0.0178 1.55766
0.0179 1.55718
0.018 1.55666
0.0181 1.55614
0.0182 1.55562
0.0183 1.55509
0.0184 1.55457
0.0185 1.55406
0.0186 1.55354
0.0187 1.55301
0.0188 1.55249
0.0189 1.55197
0.019 1.55146
0.0191 1.55093
0.0192 1.5504
0.0193 1.54993
0.0194 1.54948
0.0195 1.54902
0.0196 1.54855
0.0197 1.54809
0.0198 1.54763
0.0199 1.54718
0.02 1.54672
0.0201 1.54626
0.0202 1.54579
0.0203 1.54533
0.0204 1.54489
0.0205 1.54442
0.0206 1.54396
0.0207 1.5435
0.0208 1.54304
0.0209 1.54254
0.021 1.54201
0.0211 1.54149
0.0212 1.54096
0.0213 1.54044
0.0214 1.5399
0.0215 1.53937
0.0216 1.53885
0.0217 1.53834
0.0218 1.53781
0.0219 1.53728
0.022 1.53675
0.0221 1.53622
0.0222 1.53569
0.0223 1.53518
0.0224 1.53466
0.0225 1.53414
0.0226 1.5336
0.0227 1.53305
0.0228 1.53259
0.0229 1.53215
0.023 1.53171
0.0231 1.53125
0.0232 1.53078
0.0233 1.53032
0.0234 1.52987
0.0235 1.52942
0.0236 1.52897
0.0237 1.52853
0.0238 1.52808
0.0239 1.52762
0.024 1.52715
0.0241 1.52669
0.0242 1.52624
0.0243 1.52581
0.0244 1.52536
0.0245 1.5249
0.0246 1.52444
0.0247 1.52399
0.0248 1.52353
0.0249 1.52308
0.025 1.52262
0.0251 1.52209
0.0252 1.52156
0.0253 1.52103
0.0254 1.5205
0.0255 1.51996
0.0256 1.51944
0.0257 1.51891
0.0258 1.51836
0.0259 1.51781
0.026 1.51728
0.0261 1.51676
0.0262 1.51624
0.0263 1.51571
0.0264 1.51518
0.0265 1.51464
0.0266 1.51409
0.0267 1.51355
0.0268 1.51302
0.0269 1.51249
0.027 1.51195
0.0271 1.51143
0.0272 1.51091
0.0273 1.51039
0.0274 1.50986
0.0275 1.50931
0.0276 1.50877
0.0277 1.5082
0.0278 1.50766
0.0279 1.50726
0.028 1.50684
0.0281 1.50641
0.0282 1.50597
0.0283 1.50552
0.0284 1.50506
0.0285 1.5046
0.0286 1.50415
0.0287 1.50371
0.0288 1.50326
0.0289 1.50282
0.029 1.50238
0.0291 1.50195
0.0292 1.50151
0.0293 1.50107
0.0294 1.50063
0.0295 1.50018
0.0296 1.49973
0.0297 1.49927
0.0298 1.49881
0.0299 1.49837
0.03 1.49791
0.0301 1.49749
0.0302 1.49707
0.0303 1.49664
0.0304 1.49619
0.0305 1.49573
0.0306 1.49528
0.0307 1.49483
0.0308 1.49439
0.0309 1.49394
0.031 1.4935
0.0311 1.49305
0.0312 1.49261
0.0313 1.49211
0.0314 1.49157
0.0315 1.49103
0.0316 1.49048
0.0317 1.48994
0.0318 1.4894
0.0319 1.48886
0.032 1.48831
0.0321 1.48778
0.0322 1.48725
0.0323 1.48671
0.0324 1.48615
0.0325 1.48558
0.0326 1.485
0.0327 1.48447
0.0328 1.48393
0.0329 1.48339
0.033 1.48286
0.0331 1.48233
0.0332 1.4818
0.0333 1.48127
0.0334 1.48072
0.0335 1.48017
0.0336 1.47962
0.0337 1.47907
0.0338 1.4785
0.0339 1.47795
0.034 1.4774
0.0341 1.47685
0.0342 1.47631
0.0343 1.47577
0.0344 1.47522
0.0345 1.47468
0.0346 1.47415
0.0347 1.47362
0.0348 1.47309
0.0349 1.47257
0.035 1.47204
0.0351 1.4715
0.0352 1.47094
0.0353 1.47037
0.0354 1.46981
0.0355 1.46923
0.0356 1.46865
0.0357 1.46803
0.0358 1.46764
0.0359 1.46726
0.036 1.46687
0.0361 1.46646
0.0362 1.46605
0.0363 1.46564
0.0364 1.46521
0.0365 1.46477
0.0366 1.46433
0.0367 1.46388
0.0368 1.46343
0.0369 1.46298
0.037 1.46254
0.0371 1.4621
0.0372 1.46167
0.0373 1.46124
0.0374 1.46081
0.0375 1.46038
0.0376 1.45995
0.0377 1.45953
0.0378 1.45911
0.0379 1.45869
0.038 1.45829
0.0381 1.45787
0.0382 1.45744
0.0383 1.45702
0.0384 1.45659
0.0385 1.45616
0.0386 1.45572
0.0387 1.45528
0.0388 1.45484
0.0389 1.45438
0.039 1.45393
0.0391 1.45349
0.0392 1.45305
0.0393 1.45262
0.0394 1.45218
0.0395 1.45175
0.0396 1.45135
0.0397 1.45096
0.0398 1.45056
0.0399 1.45014
0.04 1.44974
0.0401 1.44929
0.0402 1.44884
0.0403 1.44838
0.0404 1.44795
0.0405 1.44752
0.0406 1.44708
0.0407 1.44665
0.0408 1.44623
0.0409 1.44579
0.041 1.44536
0.0411 1.44493
0.0412 1.4445
0.0413 1.44407
0.0414 1.44363
0.0415 1.4432
0.0416 1.44277
0.0417 1.44229
0.0418 1.44173
0.0419 1.44117
0.042 1.44061
0.0421 1.44005
0.0422 1.43949
0.0423 1.43893
0.0424 1.43836
0.0425 1.43781
0.0426 1.43725
0.0427 1.43667
0.0428 1.43612
0.0429 1.43555
0.043 1.43499
0.0431 1.43443
0.0432 1.43389
0.0433 1.43335
0.0434 1.43281
0.0435 1.43225
0.0436 1.43167
0.0437 1.43108
0.0438 1.43049
0.0439 1.42989
0.044 1.4293
0.0441 1.42869
0.0442 1.42814
0.0443 1.42759
0.0444 1.42702
0.0445 1.42647
0.0446 1.42592
0.0447 1.42537
0.0448 1.42482
0.0449 1.42428
0.045 1.42375
0.0451 1.42319
0.0452 1.42265
0.0453 1.4221
0.0454 1.42155
0.0455 1.42099
0.0456 1.42042
0.0457 1.41985
0.0458 1.41927
0.0459 1.4187
0.046 1.41814
0.0461 1.41757
0.0462 1.41698
0.0463 1.41638
0.0464 1.41581
0.0465 1.41523
0.0466 1.41465
0.0467 1.41408
0.0468 1.41351
0.0469 1.41294
0.047 1.41238
0.0471 1.41183
0.0472 1.41127
0.0473 1.4107
0.0474 1.41014
0.0475 1.40958
0.0476 1.40901
0.0477 1.40847
0.0478 1.40792
0.0479 1.40738
0.048 1.40684
0.0481 1.40629
0.0482 1.40575
0.0483 1.40522
0.0484 1.40468
0.0485 1.40414
0.0486 1.4036
0.0487 1.40304
0.0488 1.40248
0.0489 1.4019
0.049 1.40131
0.0491 1.40071
0.0492 1.40012
0.0493 1.39954
0.0494 1.39895
0.0495 1.39834
0.0496 1.39773
0.0497 1.39711
0.0498 1.39647
0.0499 1.39581
0.05 1.3951
0.0501 1.39485
0.0502 1.39454
0.0503 1.39421
0.0504 1.39387
0.0505 1.39351
0.0506 1.39316
0.0507 1.39278
0.0508 1.3924
0.0509 1.39203
0.051 1.39165
0.0511 1.39128
0.0512 1.3909
0.0513 1.39051
0.0514 1.3901
0.0515 1.38969
0.0516 1.38926
0.0517 1.38883
0.0518 1.3884
0.0519 1.38797
0.052 1.38754
0.0521 1.38711
0.0522 1.38668
0.0523 1.38626
0.0524 1.38583
0.0525 1.38541
0.0526 1.38498
0.0527 1.38457
0.0528 1.38417
0.0529 1.38377
0.053 1.38336
0.0531 1.38296
0.0532 1.38256
0.0533 1.38215
0.0534 1.38174
0.0535 1.38133
0.0536 1.38093
0.0537 1.38053
0.0538 1.38014
0.0539 1.37975
0.054 1.37935
0.0541 1.37896
0.0542 1.37858
0.0543 1.37819
0.0544 1.37781
0.0545 1.37745
0.0546 1.37707
0.0547 1.37669
0.0548 1.37629
0.0549 1.37589
0.055 1.37549
0.0551 1.3751
0.0552 1.37471
0.0553 1.37431
0.0554 1.37392
0.0555 1.37353
0.0556 1.37312
0.0557 1.3727
0.0558 1.37228
0.0559 1.37185
0.056 1.37142
0.0561 1.371
0.0562 1.37059
0.0563 1.37016
0.0564 1.36972
0.0565 1.36929
0.0566 1.36886
0.0567 1.36843
0.0568 1.36801
0.0569 1.36759
0.057 1.36718
0.0571 1.36676
0.0572 1.36635
0.0573 1.36594
0.0574 1.36554
0.0575 1.36512
0.0576 1.3647
0.0577 1.36426
0.0578 1.36393
0.0579 1.36357
0.058 1.36321
0.0581 1.36286
0.0582 1.3625
0.0583 1.36215
0.0584 1.36177
0.0585 1.36139
0.0586 1.36103
0.0587 1.36065
0.0588 1.36028
0.0589 1.35986
0.059 1.35943
0.0591 1.359
0.0592 1.35858
0.0593 1.35814
0.0594 1.3577
0.0595 1.35725
0.0596 1.35684
0.0597 1.35643
0.0598 1.35603
0.0599 1.35563
0.06 1.35523
0.0601 1.35482
0.0602 1.3544
0.0603 1.354
0.0604 1.3536
0.0605 1.35322
0.0606 1.35283
0.0607 1.35241
0.0608 1.35199
0.0609 1.35158
0.061 1.35117
0.0611 1.35076
0.0612 1.35037
0.0613 1.34996
0.0614 1.34955
0.0615 1.34915
0.0616 1.34874
0.0617 1.34833
0.0618 1.34793
0.0619 1.34752
0.062 1.34711
0.0621 1.34671
0.0622 1.3463
0.0623 1.3459
0.0624 1.34549
0.0625 1.34508
0.0626 1.34448
0.0627 1.34388
0.0628 1.34328
0.0629 1.34268
0.063 1.34208
0.0631 1.34148
0.0632 1.34088
0.0633 1.34028
0.0634 1.33968
0.0635 1.33908
0.0636 1.33848
0.0637 1.33788
0.0638 1.33729
0.0639 1.33668
0.064 1.33607
0.0641 1.33548
0.0642 1.33487
0.0643 1.33427
0.0644 1.3337
0.0645 1.33311
0.0646 1.3325
0.0647 1.33188
0.0648 1.33125
0.0649 1.33065
0.065 1.33005
0.0651 1.32946
0.0652 1.32887
0.0653 1.32826
0.0654 1.32765
0.0655 1.32705
0.0656 1.32645
0.0657 1.32585
0.0658 1.32524
0.0659 1.32469
0.066 1.32413
0.0661 1.32357
0.0662 1.323
0.0663 1.32242
0.0664 1.32185
0.0665 1.32127
0.0666 1.3207
0.0667 1.3201
0.0668 1.31946
0.0669 1.31882
0.067 1.31818
0.0671 1.31754
0.0672 1.31691
0.0673 1.31628
0.0674 1.31563
0.0675 1.31497
0.0676 1.31431
0.0677 1.31365
0.0678 1.31299
0.0679 1.31234
0.068 1.31168
0.0681 1.31101
0.0682 1.31034
0.0683 1.30979
0.0684 1.30922
0.0685 1.30864
0.0686 1.30804
0.0687 1.30744
0.0688 1.30684
0.0689 1.30624
0.069 1.30565
0.0691 1.30506
0.0692 1.30448
0.0693 1.30389
0.0694 1.3033
0.0695 1.30272
0.0696 1.30214
0.0697 1.30156
0.0698 1.30099
0.0699 1.30042
0.07 1.29984
0.0701 1.29929
0.0702 1.29874
0.0703 1.29817
0.0704 1.29759
0.0705 1.297
0.0706 1.29641
0.0707 1.29583
0.0708 1.29526
0.0709 1.29468
0.071 1.2941
0.0711 1.29352
0.0712 1.29295
0.0713 1.29237
0.0714 1.29179
0.0715 1.29118
0.0716 1.29057
0.0717 1.28995
0.0718 1.28933
0.0719 1.28871
0.072 1.28809
0.0721 1.28748
0.0722 1.28686
0.0723 1.28623
0.0724 1.28562
0.0725 1.285
0.0726 1.2844
0.0727 1.2838
0.0728 1.2832
0.0729 1.28259
0.073 1.28196
0.0731 1.28132
0.0732 1.28068
0.0733 1.28003
0.0734 1.27936
0.0735 1.2787
0.0736 1.27808
0.0737 1.27746
0.0738 1.27684
0.0739 1.27621
0.074 1.27558
0.0741 1.27495
0.0742 1.27434
0.0743 1.27373
0.0744 1.27312
0.0745 1.2725
0.0746 1.27188
0.0747 1.27126
0.0748 1.27065
0.0749 1.27003
0.075 1.26941
0.0751 1.26881
0.0752 1.26822
0.0753 1.26762
0.0754 1.26702
0.0755 1.26643
0.0756 1.26584
0.0757 1.26525
0.0758 1.26465
0.0759 1.26405
0.076 1.26344
0.0761 1.26281
0.0762 1.26223
0.0763 1.26163
0.0764 1.26102
0.0765 1.26042
0.0766 1.25981
0.0767 1.25921
0.0768 1.25861
0.0769 1.25801
0.077 1.25743
0.0771 1.25686
0.0772 1.25629
0.0773 1.25572
0.0774 1.25515
0.0775 1.25458
0.0776 1.254
0.0777 1.25344
0.0778 1.25287
0.0779 1.25229
0.078 1.25172
0.0781 1.25114
0.0782 1.25058
0.0783 1.25002
0.0784 1.24945
0.0785 1.24889
0.0786 1.24834
0.0787 1.24779
0.0788 1.24723
0.0789 1.24667
0.079 1.2461
0.0791 1.24552
0.0792 1.24495
0.0793 1.24438
0.0794 1.24382
0.0795 1.24325
0.0796 1.24266
0.0797 1.24206
0.0798 1.24146
0.0799 1.24087
0.08 1.24027
0.0801 1.23964
0.0802 1.23901
0.0803 1.23838
0.0804 1.23775
0.0805 1.23709
0.0806 1.23645
0.0807 1.23579
0.0808 1.23514
0.0809 1.23448
0.081 1.23383
0.0811 1.23318
0.0812 1.23254
0.0813 1.2319
0.0814 1.23127
0.0815 1.23063
0.0816 1.22998
0.0817 1.22931
0.0818 1.22864
0.0819 1.22796
0.082 1.22728
0.0821 1.2266
0.0822 1.22592
0.0823 1.22523
0.0824 1.22453
0.0825 1.22382
0.0826 1.22311
0.0827 1.22238
0.0828 1.22165
0.0829 1.22091
0.083 1.22014
0.0831 1.21936
0.0832 1.21855
0.0833 1.21768
0.0834 1.21736
0.0835 1.21727
0.0836 1.21713
0.0837 1.21697
0.0838 1.21679
0.0839 1.2166
0.084 1.21639
0.0841 1.21618
0.0842 1.21596
0.0843 1.21572
0.0844 1.21548
0.0845 1.21525
0.0846 1.21499
0.0847 1.21472
0.0848 1.21447
0.0849 1.21421
0.085 1.21396
0.0851 1.21369
0.0852 1.2134
0.0853 1.21311
0.0854 1.21281
0.0855 1.2125
0.0856 1.2122
0.0857 1.2119
0.0858 1.21162
0.0859 1.21133
0.086 1.21104
0.0861 1.21076
0.0862 1.21048
0.0863 1.21019
0.0864 1.2099
0.0865 1.20962
0.0866 1.20931
0.0867 1.209
0.0868 1.20869
0.0869 1.20838
0.087 1.20806
0.0871 1.20771
0.0872 1.20735
0.0873 1.20701
0.0874 1.20667
0.0875 1.20633
0.0876 1.20596
0.0877 1.20558
0.0878 1.2052
0.0879 1.20481
0.088 1.20444
0.0881 1.20408
0.0882 1.20371
0.0883 1.20333
0.0884 1.20294
0.0885 1.20256
0.0886 1.20217
0.0887 1.20176
0.0888 1.20137
0.0889 1.20098
0.089 1.2006
0.0891 1.20022
0.0892 1.19984
0.0893 1.19945
0.0894 1.19908
0.0895 1.19871
0.0896 1.19835
0.0897 1.19798
0.0898 1.19761
0.0899 1.19723
0.09 1.19684
0.0901 1.19648
0.0902 1.1961
0.0903 1.19573
0.0904 1.19535
0.0905 1.19498
0.0906 1.1946
0.0907 1.19423
0.0908 1.19385
0.0909 1.19348
0.091 1.19314
0.0911 1.1928
0.0912 1.19247
0.0913 1.19213
0.0914 1.19179
0.0915 1.19146
0.0916 1.19112
0.0917 1.19078
0.0918 1.19045
0.0919 1.19012
0.092 1.18977
0.0921 1.18941
0.0922 1.1891
0.0923 1.18879
0.0924 1.18846
0.0925 1.18812
0.0926 1.18778
0.0927 1.18744
0.0928 1.18708
0.0929 1.18673
0.093 1.18638
0.0931 1.18603
0.0932 1.18569
0.0933 1.18535
0.0934 1.185
0.0935 1.18466
0.0936 1.18431
0.0937 1.18397
0.0938 1.18364
0.0939 1.18332
0.094 1.183
0.0941 1.18268
0.0942 1.18237
0.0943 1.18205
0.0944 1.18173
0.0945 1.18142
0.0946 1.18111
0.0947 1.18079
0.0948 1.18045
0.0949 1.18013
0.095 1.1798
0.0951 1.17948
0.0952 1.17916
0.0953 1.17884
0.0954 1.17854
0.0955 1.17824
0.0956 1.17793
0.0957 1.17763
0.0958 1.17733
0.0959 1.17702
0.096 1.17669
0.0961 1.17636
0.0962 1.17606
0.0963 1.17582
0.0964 1.17555
0.0965 1.1753
0.0966 1.17504
0.0967 1.17477
0.0968 1.17449
0.0969 1.17419
0.097 1.17389
0.0971 1.1736
0.0972 1.17331
0.0973 1.17299
0.0974 1.17265
0.0975 1.17232
0.0976 1.17199
0.0977 1.17164
0.0978 1.17128
0.0979 1.17095
0.098 1.17062
0.0981 1.1703
0.0982 1.16998
0.0983 1.16966
0.0984 1.16934
0.0985 1.16903
0.0986 1.16874
0.0987 1.16842
0.0988 1.1681
0.0989 1.16777
0.099 1.16745
0.0991 1.16714
0.0992 1.16682
0.0993 1.1665
0.0994 1.16618
0.0995 1.16586
0.0996 1.16554
0.0997 1.16523
0.0998 1.16491
0.0999 1.16459
0.1 1.16427
0.1001 1.1639
0.1002 1.16352
0.1003 1.16315
0.1004 1.16278
0.1005 1.1624
0.1006 1.16203
0.1007 1.16165
0.1008 1.16129
0.1009 1.16091
0.101 1.16053
0.1011 1.16017
0.1012 1.1598
0.1013 1.15941
0.1014 1.15903
0.1015 1.15865
0.1016 1.15828
0.1017 1.15791
0.1018 1.15754
0.1019 1.15719
0.102 1.15684
0.1021 1.15648
0.1022 1.15612
0.1023 1.15575
0.1024 1.15536
0.1025 1.15497
0.1026 1.15457
0.1027 1.15416
0.1028 1.15373
0.1029 1.15331
0.103 1.15292
0.1031 1.15255
0.1032 1.15217
0.1033 1.15178
0.1034 1.1514
0.1035 1.15102
0.1036 1.15065
0.1037 1.15028
0.1038 1.1499
0.1039 1.14952
0.104 1.14915
0.1041 1.14877
0.1042 1.1484
0.1043 1.14805
0.1044 1.14769
0.1045 1.14733
0.1046 1.14698
0.1047 1.14662
0.1048 1.14625
0.1049 1.14589
0.105 1.14552
0.1051 1.14516
0.1052 1.1448
0.1053 1.14444
0.1054 1.1441
0.1055 1.14376
0.1056 1.14342
0.1057 1.14308
0.1058 1.14274
0.1059 1.1424
0.106 1.14207
0.1061 1.14173
0.1062 1.14139
0.1063 1.14105
0.1064 1.14069
0.1065 1.14031
0.1066 1.13993
0.1067 1.13955
0.1068 1.13917
0.1069 1.13877
0.107 1.13837
0.1071 1.13794
0.1072 1.13765
0.1073 1.13746
0.1074 1.13724
0.1075 1.13702
0.1076 1.13679
0.1077 1.13656
0.1078 1.1363
0.1079 1.13604
0.108 1.13578
0.1081 1.13552
0.1082 1.13528
0.1083 1.13503
0.1084 1.13478
0.1085 1.13454
0.1086 1.1343
0.1087 1.13406
0.1088 1.13381
0.1089 1.13355
0.109 1.1333
0.1091 1.13307
0.1092 1.13282
0.1093 1.13257
0.1094 1.13231
0.1095 1.13201
0.1096 1.13172
0.1097 1.13142
0.1098 1.13112
0.1099 1.13082
0.11 1.13052
0.1101 1.13026
0.1102 1.13
0.1103 1.12973
0.1104 1.12944
0.1105 1.12916
0.1106 1.12889
0.1107 1.12861
0.1108 1.12833
0.1109 1.12805
0.111 1.12777
0.1111 1.12749
0.1112 1.12712
0.1113 1.12673
0.1114 1.12634
0.1115 1.12596
0.1116 1.12557
0.1117 1.12518
0.1118 1.1248
0.1119 1.12441
0.112 1.12401
0.1121 1.12362
0.1122 1.12325
0.1123 1.12287
0.1124 1.1225
0.1125 1.12213
0.1126 1.12172
0.1127 1.12131
0.1128 1.1209
0.1129 1.12049
0.113 1.12008
0.1131 1.11966
0.1132 1.11925
0.1133 1.11885
0.1134 1.11844
0.1135 1.11802
0.1136 1.11758
0.1137 1.11723
0.1138 1.11691
0.1139 1.11659
0.114 1.11624
0.1141 1.11589
0.1142 1.11554
0.1143 1.11519
0.1144 1.11485
0.1145 1.11451
0.1146 1.11417
0.1147 1.11384
0.1148 1.11351
0.1149 1.11319
0.115 1.11287
0.1151 1.11253
0.1152 1.1122
0.1153 1.11186
0.1154 1.11153
0.1155 1.11117
0.1156 1.11082
0.1157 1.11047
0.1158 1.11011
0.1159 1.10975
0.116 1.10939
0.1161 1.10904
0.1162 1.10869
0.1163 1.10834
0.1164 1.108
0.1165 1.10767
0.1166 1.10731
0.1167 1.10697
0.1168 1.10668
0.1169 1.10638
0.117 1.10609
0.1171 1.10579
0.1172 1.1055
0.1173 1.10518
0.1174 1.10486
0.1175 1.10455
0.1176 1.10424
0.1177 1.1039
0.1178 1.10353
0.1179 1.10316
0.118 1.1028
0.1181 1.10243
0.1182 1.10205
0.1183 1.10167
0.1184 1.10128
0.1185 1.10094
0.1186 1.1006
0.1187 1.10025
0.1188 1.09991
0.1189 1.09958
0.119 1.09925
0.1191 1.0989
0.1192 1.09855
0.1193 1.0982
0.1194 1.09786
0.1195 1.09751
0.1196 1.09718
0.1197 1.09687
0.1198 1.09655
0.1199 1.09623
0.12 1.09591
0.1201 1.09555
0.1202 1.09519
0.1203 1.09482
0.1204 1.09446
0.1205 1.09412
0.1206 1.09378
0.1207 1.09344
0.1208 1.09309
0.1209 1.09275
0.121 1.09241
0.1211 1.09209
0.1212 1.09176
0.1213 1.09141
0.1214 1.09105
0.1215 1.0907
0.1216 1.09036
0.1217 1.09002
0.1218 1.08967
0.1219 1.08935
0.122 1.08901
0.1221 1.08865
0.1222 1.08831
0.1223 1.08797
0.1224 1.08763
0.1225 1.08729
0.1226 1.08694
0.1227 1.0866
0.1228 1.08626
0.1229 1.08592
0.123 1.08557
0.1231 1.08523
0.1232 1.08489
0.1233 1.08455
0.1234 1.0842
0.1235 1.08386
0.1236 1.08352
0.1237 1.08318
0.1238 1.08284
0.1239 1.08249
0.124 1.08215
0.1241 1.08181
0.1242 1.08147
0.1243 1.08112
0.1244 1.08078
0.1245 1.08044
0.1246 1.0801
0.1247 1.07975
0.1248 1.07941
0.1249 1.07907
0.125 1.07873
0.1251 1.078
0.1252 1.07727
0.1253 1.07654
0.1254 1.07581
0.1255 1.07508
0.1256 1.07435
0.1257 1.07362
0.1258 1.07289
0.1259 1.07216
0.126 1.07142
0.1261 1.07069
0.1262 1.06996
0.1263 1.06923
0.1264 1.0685
0.1265 1.06777
0.1266 1.06704
0.1267 1.06631
0.1268 1.06558
0.1269 1.06485
0.127 1.06413
0.1271 1.06339
0.1272 1.06266
0.1273 1.06194
0.1274 1.0612
0.1275 1.06047
0.1276 1.05974
0.1277 1.05902
0.1278 1.05828
0.1279 1.05755
0.128 1.05681
0.1281 1.05609
0.1282 1.05538
0.1283 1.05463
0.1284 1.05389
0.1285 1.05316
0.1286 1.05243
0.1287 1.0517
0.1288 1.05097
0.1289 1.05026
0.129 1.04955
0.1291 1.04881
0.1292 1.04806
0.1293 1.04731
0.1294 1.04658
0.1295 1.04585
0.1296 1.04512
0.1297 1.04439
0.1298 1.04366
0.1299 1.04292
0.13 1.04219
0.1301 1.04149
0.1302 1.04079
0.1303 1.04008
0.1304 1.03937
0.1305 1.03863
0.1306 1.03788
0.1307 1.03713
0.1308 1.03636
0.1309 1.0356
0.131 1.03485
0.1311 1.03412
0.1312 1.0334
0.1313 1.03267
0.1314 1.03195
0.1315 1.03123
0.1316 1.0305
0.1317 1.02977
0.1318 1.02903
0.1319 1.02829
0.132 1.02755
0.1321 1.02682
0.1322 1.0261
0.1323 1.02536
0.1324 1.02465
0.1325 1.02396
0.1326 1.02328
0.1327 1.02259
0.1328 1.0219
0.1329 1.0212
0.133 1.02049
0.1331 1.01979
0.1332 1.01909
0.1333 1.01839
0.1334 1.01764
0.1335 1.01688
0.1336 1.01611
0.1337 1.01534
0.1338 1.01458
0.1339 1.01383
0.134 1.01305
0.1341 1.01226
0.1342 1.01148
0.1343 1.0107
0.1344 1.00992
0.1345 1.00913
0.1346 1.00833
0.1347 1.00761
0.1348 1.0069
0.1349 1.00618
0.135 1.00544
0.1351 1.00471
0.1352 1.00398
0.1353 1.00326
0.1354 1.00254
0.1355 1.00182
0.1356 1.0011
0.1357 1.00039
0.1358 0.999691
0.1359 0.998979
0.136 0.998254
0.1361 0.99754
0.1362 0.996823
0.1363 0.996106
0.1364 0.99538
0.1365 0.994639
0.1366 0.993897
0.1367 0.993153
0.1368 0.992415
0.1369 0.991683
0.137 0.99093
0.1371 0.990164
0.1372 0.989421
0.1373 0.988677
0.1374 0.987936
0.1375 0.987194
0.1376 0.986462
0.1377 0.985732
0.1378 0.984996
0.1379 0.984261
0.138 0.983536
0.1381 0.982816
0.1382 0.982096
0.1383 0.981381
0.1384 0.98066
0.1385 0.979925
0.1386 0.979175
0.1387 0.978425
0.1388 0.977661
0.1389 0.976893
0.139 0.976295
0.1391 0.975671
0.1392 0.975041
0.1393 0.974397
0.1394 0.973739
0.1395 0.973084
0.1396 0.972435
0.1397 0.971788
0.1398 0.971147
0.1399 0.97051
0.14 0.969868
0.1401 0.969216
0.1402 0.968564
0.1403 0.967925
0.1404 0.96728
0.1405 0.966634
0.1406 0.965987
0.1407 0.965305
0.1408 0.96461
0.1409 0.963913
0.141 0.96322
0.1411 0.962524
0.1412 0.961829
0.1413 0.96113
0.1414 0.960471
0.1415 0.959811
0.1416 0.959151
0.1417 0.958481
0.1418 0.957794
0.1419 0.957108
0.142 0.956442
0.1421 0.955767
0.1422 0.95509
0.1423 0.954414
0.1424 0.953739
0.1425 0.953065
0.1426 0.952389
0.1427 0.951714
0.1428 0.951038
0.1429 0.950303
0.143 0.949487
0.1431 0.948671
0.1432 0.947855
0.1433 0.947041
0.1434 0.946225
0.1435 0.94541
0.1436 0.94459
0.1437 0.94378
0.1438 0.942963
0.1439 0.942137
0.144 0.941325
0.1441 0.940522
0.1442 0.93972
0.1443 0.938897
0.1444 0.938063
0.1445 0.93723
0.1446 0.936397
0.1447 0.935564
0.1448 0.93476
0.1449 0.933966
0.145 0.933173
0.1451 0.932387
0.1452 0.931595
0.1453 0.930798
0.1454 0.930013
0.1455 0.929223
0.1456 0.928429
0.1457 0.927638
0.1458 0.926846
0.1459 0.926011
0.146 0.925154
0.1461 0.924297
0.1462 0.92344
0.1463 0.922592
0.1464 0.921731
0.1465 0.920855
0.1466 0.919992
0.1467 0.919138
0.1468 0.918289
0.1469 0.917445
0.147 0.916597
0.1471 0.915742
0.1472 0.914878
0.1473 0.914018
0.1474 0.913146
0.1475 0.912274
0.1476 0.91141
0.1477 0.910546
0.1478 0.90969
0.1479 0.908837
0.148 0.907978
0.1481 0.907121
0.1482 0.906272
0.1483 0.90543
0.1484 0.904588
0.1485 0.903748
0.1486 0.902914
0.1487 0.902073
0.1488 0.901233
0.1489 0.900378
0.149 0.899511
0.1491 0.898632
0.1492 0.897746
0.1493 0.896865
0.1494 0.895987
0.1495 0.895092
0.1496 0.894193
0.1497 0.893281
0.1498 0.892357
0.1499 0.891411
0.15 0.890411
0.1501 0.889869
0.1502 0.889271
0.1503 0.888652
0.1504 0.88802
0.1505 0.887377
0.1506 0.886729
0.1507 0.886076
0.1508 0.885404
0.1509 0.884728
0.151 0.884059
0.1511 0.883394
0.1512 0.882729
0.1513 0.882063
0.1514 0.881379
0.1515 0.8807
0.1516 0.879995
0.1517 0.879288
0.1518 0.878582
0.1519 0.877854
0.152 0.877119
0.1521 0.876396
0.1522 0.875669
0.1523 0.874933
0.1524 0.874194
0.1525 0.873451
0.1526 0.872715
0.1527 0.871981
0.1528 0.871249
0.1529 0.870527
0.153 0.869805
0.1531 0.869082
0.1532 0.868347
0.1533 0.867624
0.1534 0.866894
0.1535 0.866167
0.1536 0.86544
0.1537 0.864712
0.1538 0.863985
0.1539 0.863275
0.154 0.86258
0.1541 0.861886
0.1542 0.861192
0.1543 0.860498
0.1544 0.859801
0.1545 0.859109
0.1546 0.858418
0.1547 0.857709
0.1548 0.857012
0.1549 0.856342
0.155 0.855659
0.1551 0.854959
0.1552 0.85426
0.1553 0.853557
0.1554 0.852838
0.1555 0.852132
0.1556 0.851428
0.1557 0.85073
0.1558 0.850025
0.1559 0.849323
0.156 0.84862
0.1561 0.847917
0.1562 0.847214
0.1563 0.846525
0.1564 0.845849
0.1565 0.845174
0.1566 0.844498
0.1567 0.843825
0.1568 0.843147
0.1569 0.842471
0.157 0.841801
0.1571 0.841132
0.1572 0.840455
0.1573 0.839773
0.1574 0.839072
0.1575 0.838401
0.1576 0.837716
0.1577 0.837034
0.1578 0.836352
0.1579 0.835671
0.158 0.835012
0.1581 0.834352
0.1582 0.833694
0.1583 0.833031
0.1584 0.832373
0.1585 0.83172
0.1586 0.831061
0.1587 0.830397
0.1588 0.829717
0.1589 0.829026
0.159 0.828331
0.1591 0.827626
0.1592 0.827051
0.1593 0.826456
0.1594 0.825846
0.1595 0.82524
0.1596 0.824637
0.1597 0.824033
0.1598 0.823412
0.1599 0.822792
0.16 0.822173
0.1601 0.821515
0.1602 0.820856
0.1603 0.820199
0.1604 0.819555
0.1605 0.818912
0.1606 0.818265
0.1607 0.81762
0.1608 0.816927
0.1609 0.816226
0.161 0.815524
0.1611 0.814823
0.1612 0.814135
0.1613 0.813442
0.1614 0.81272
0.1615 0.811997
0.1616 0.811264
0.1617 0.810533
0.1618 0.809816
0.1619 0.80914
0.162 0.808446
0.1621 0.807751
0.1622 0.80706
0.1623 0.806377
0.1624 0.805691
0.1625 0.805004
0.1626 0.804328
0.1627 0.803651
0.1628 0.802974
0.1629 0.802305
0.163 0.801632
0.1631 0.800973
0.1632 0.80033
0.1633 0.799674
0.1634 0.799009
0.1635 0.798334
0.1636 0.797644
0.1637 0.796946
0.1638 0.796237
0.1639 0.795553
0.164 0.794869
0.1641 0.794188
0.1642 0.793512
0.1643 0.792839
0.1644 0.79218
0.1645 0.791506
0.1646 0.790814
0.1647 0.790125
0.1648 0.789444
0.1649 0.788768
0.165 0.788101
0.1651 0.787412
0.1652 0.786731
0.1653 0.786058
0.1654 0.785374
0.1655 0.784696
0.1656 0.784016
0.1657 0.783339
0.1658 0.782658
0.1659 0.781979
0.166 0.781299
0.1661 0.78062
0.1662 0.779941
0.1663 0.779261
0.1664 0.778582
0.1665 0.777903
0.1666 0.777224
0.1667 0.776513
0.1668 0.775742
0.1669 0.77497
0.167 0.774198
0.1671 0.773427
0.1672 0.772655
0.1673 0.771883
0.1674 0.771111
0.1675 0.770339
0.1676 0.769567
0.1677 0.768797
0.1678 0.768024
0.1679 0.767253
0.168 0.766479
0.1681 0.765714
0.1682 0.764935
0.1683 0.764162
0.1684 0.763398
0.1685 0.762631
0.1686 0.761845
0.1687 0.76107
0.1688 0.760299
0.1689 0.759532
0.169 0.758778
0.1691 0.758016
0.1692 0.757237
0.1693 0.756446
0.1694 0.755659
0.1695 0.75488
0.1696 0.754107
0.1697 0.753336
0.1698 0.752568
0.1699 0.751807
0.17 0.751034
0.1701 0.750302
0.1702 0.749561
0.1703 0.7488
0.1704 0.748043
0.1705 0.747271
0.1706 0.746478
0.1707 0.745693
0.1708 0.744892
0.1709 0.74408
0.171 0.743263
0.1711 0.742469
0.1712 0.741698
0.1713 0.740911
0.1714 0.740127
0.1715 0.739352
0.1716 0.738581
0.1717 0.737805
0.1718 0.737029
0.1719 0.736257
0.172 0.735495
0.1721 0.734735
0.1722 0.733969
0.1723 0.733202
0.1724 0.732437
0.1725 0.731683
0.1726 0.730932
0.1727 0.730184
0.1728 0.729433
0.1729 0.728666
0.173 0.727889
0.1731 0.727123
0.1732 0.726437
0.1733 0.725733
0.1734 0.725029
0.1735 0.724327
0.1736 0.723625
0.1737 0.722903
0.1738 0.722186
0.1739 0.72147
0.174 0.720716
0.1741 0.719959
0.1742 0.719192
0.1743 0.718438
0.1744 0.717696
0.1745 0.716949
0.1746 0.716213
0.1747 0.715464
0.1748 0.71472
0.1749 0.713976
0.175 0.713232
0.1751 0.71241
0.1752 0.711587
0.1753 0.710765
0.1754 0.709946
0.1755 0.70912
0.1756 0.708295
0.1757 0.707476
0.1758 0.70665
0.1759 0.705829
0.176 0.705027
0.1761 0.704234
0.1762 0.703429
0.1763 0.702625
0.1764 0.701821
0.1765 0.701
0.1766 0.700138
0.1767 0.699277
0.1768 0.698411
0.1769 0.697555
0.177 0.696705
0.1771 0.695849
0.1772 0.694967
0.1773 0.694079
0.1774 0.693201
0.1775 0.692317
0.1776 0.691427
0.1777 0.690544
0.1778 0.689662
0.1779 0.688789
0.178 0.687917
0.1781 0.687035
0.1782 0.686135
0.1783 0.685236
0.1784 0.684323
0.1785 0.683393
0.1786 0.682516
0.1787 0.681822
0.1788 0.681104
0.1789 0.680372
0.179 0.67963
0.1791 0.678877
0.1792 0.678131
0.1793 0.677386
0.1794 0.676631
0.1795 0.67587
0.1796 0.675088
0.1797 0.674309
0.1798 0.673508
0.1799 0.672709
0.18 0.671914
0.1801 0.671108
0.1802 0.6703
0.1803 0.669488
0.1804 0.668684
0.1805 0.667879
0.1806 0.667079
0.1807 0.666287
0.1808 0.665497
0.1809 0.664703
0.181 0.663897
0.1811 0.663103
0.1812 0.662305
0.1813 0.661507
0.1814 0.66071
0.1815 0.659912
0.1816 0.659114
0.1817 0.658316
0.1818 0.657519
0.1819 0.656753
0.182 0.655994
0.1821 0.655235
0.1822 0.654476
0.1823 0.653718
0.1824 0.65296
0.1825 0.652204
0.1826 0.651441
0.1827 0.65068
0.1828 0.649925
0.1829 0.649175
0.183 0.648418
0.1831 0.647653
0.1832 0.646869
0.1833 0.646079
0.1834 0.64534
0.1835 0.644618
0.1836 0.643895
0.1837 0.643158
0.1838 0.642411
0.1839 0.641649
0.184 0.640878
0.1841 0.640117
0.1842 0.639355
0.1843 0.638581
0.1844 0.637804
0.1845 0.637035
0.1846 0.636252
0.1847 0.635452
0.1848 0.634653
0.1849 0.633886
0.185 0.633103
0.1851 0.632323
0.1852 0.631545
0.1853 0.63078
0.1854 0.630016
0.1855 0.629247
0.1856 0.628495
0.1857 0.627728
0.1858 0.626955
0.1859 0.62617
0.186 0.625396
0.1861 0.624625
0.1862 0.623859
0.1863 0.623091
0.1864 0.622314
0.1865 0.621543
0.1866 0.620774
0.1867 0.620001
0.1868 0.61923
0.1869 0.618459
0.187 0.617687
0.1871 0.616916
0.1872 0.616145
0.1873 0.615373
0.1874 0.614602
0.1875 0.613831
0.1876 0.613115
0.1877 0.612399
0.1878 0.611683
0.1879 0.610967
0.188 0.610251
0.1881 0.609534
0.1882 0.608818
0.1883 0.608104
0.1884 0.607385
0.1885 0.606673
0.1886 0.605953
0.1887 0.605235
0.1888 0.604525
0.1889 0.603812
0.189 0.603089
0.1891 0.602367
0.1892 0.601648
0.1893 0.600938
0.1894 0.600224
0.1895 0.599528
0.1896 0.598815
0.1897 0.598098
0.1898 0.597379
0.1899 0.596648
0.19 0.595898
0.1901 0.595191
0.1902 0.594465
0.1903 0.59374
0.1904 0.593017
0.1905 0.592298
0.1906 0.591594
0.1907 0.590891
0.1908 0.590186
0.1909 0.589486
0.191 0.588781
0.1911 0.588058
0.1912 0.587343
0.1913 0.586677
0.1914 0.586007
0.1915 0.585327
0.1916 0.58463
0.1917 0.583929
0.1918 0.583211
0.1919 0.582487
0.192 0.581775
0.1921 0.581068
0.1922 0.580357
0.1923 0.579646
0.1924 0.578916
0.1925 0.578184
0.1926 0.577453
0.1927 0.576717
0.1928 0.57599
0.1929 0.575271
0.193 0.574558
0.1931 0.573833
0.1932 0.573103
0.1933 0.572345
0.1934 0.571588
0.1935 0.570841
0.1936 0.570076
0.1937 0.569297
0.1938 0.568514
0.1939 0.56772
0.194 0.566925
0.1941 0.566136
0.1942 0.565344
0.1943 0.564538
0.1944 0.563715
0.1945 0.562985
0.1946 0.562323
0.1947 0.561645
0.1948 0.560954
0.1949 0.560268
0.195 0.559582
0.1951 0.558882
0.1952 0.558166
0.1953 0.557452
0.1954 0.556717
0.1955 0.555975
0.1956 0.555243
0.1957 0.554504
0.1958 0.553761
0.1959 0.55301
0.196 0.552258
0.1961 0.55151
0.1962 0.550771
0.1963 0.550027
0.1964 0.549283
0.1965 0.548551
0.1966 0.547823
0.1967 0.547094
0.1968 0.546369
0.1969 0.545649
0.197 0.54492
0.1971 0.544188
0.1972 0.543445
0.1973 0.542686
0.1974 0.541939
0.1975 0.541229
0.1976 0.540504
0.1977 0.539767
0.1978 0.539024
0.1979 0.538285
0.198 0.537553
0.1981 0.536825
0.1982 0.53609
0.1983 0.535347
0.1984 0.53462
0.1985 0.533882
0.1986 0.533148
0.1987 0.532412
0.1988 0.53168
0.1989 0.530944
0.199 0.53021
0.1991 0.529475
0.1992 0.52874
0.1993 0.528006
0.1994 0.527271
0.1995 0.526536
0.1996 0.525802
0.1997 0.525067
0.1998 0.524332
0.1999 0.523598
0.2 0.522863
0.2001 0.522214
0.2002 0.521565
0.2003 0.520916
0.2004 0.520267
0.2005 0.519618
0.2006 0.518969
0.2007 0.518319
0.2008 0.517671
0.2009 0.517021
0.201 0.516373
0.2011 0.515723
0.2012 0.515074
0.2013 0.514427
0.2014 0.513775
0.2015 0.51313
0.2016 0.512473
0.2017 0.511833
0.2018 0.511181
0.2019 0.510527
0.202 0.50988
0.2021 0.509238
0.2022 0.508592
0.2023 0.507929
0.2024 0.507266
0.2025 0.506642
0.2026 0.506003
0.2027 0.505351
0.2028 0.504694
0.2029 0.504033
0.203 0.503379
0.2031 0.502724
0.2032 0.502079
0.2033 0.501438
0.2034 0.500794
0.2035 0.500157
0.2036 0.499524
0.2037 0.498883
0.2038 0.498233
0.2039 0.497588
0.204 0.496932
0.2041 0.496267
0.2042 0.495584
0.2043 0.494895
0.2044 0.494207
0.2045 0.493503
0.2046 0.492865
0.2047 0.492277
0.2048 0.491674
0.2049 0.491073
0.205 0.490471
0.2051 0.489856
0.2052 0.489226
0.2053 0.488593
0.2054 0.487951
0.2055 0.487293
0.2056 0.486631
0.2057 0.48598
0.2058 0.48533
0.2059 0.484676
0.206 0.484009
0.2061 0.483341
0.2062 0.482682
0.2063 0.482011
0.2064 0.481327
0.2065 0.480629
0.2066 0.479964
0.2067 0.479293
0.2068 0.478621
0.2069 0.477949
0.207 0.477292
0.2071 0.476635
0.2072 0.475981
0.2073 0.475324
0.2074 0.47466
0.2075 0.473989
0.2076 0.473326
0.2077 0.472666
0.2078 0.472
0.2079 0.471338
0.208 0.470674
0.2081 0.470012
0.2082 0.469348
0.2083 0.468685
0.2084 0.468047
0.2085 0.46742
0.2086 0.466794
0.2087 0.466168
0.2088 0.465541
0.2089 0.464915
0.209 0.464289
0.2091 0.463666
0.2092 0.463034
0.2093 0.462403
0.2094 0.461783
0.2095 0.461165
0.2096 0.460546
0.2097 0.459921
0.2098 0.459291
0.2099 0.45865
0.21 0.457992
0.2101 0.457375
0.2102 0.456739
0.2103 0.456105
0.2104 0.455471
0.2105 0.454837
0.2106 0.45422
0.2107 0.453608
0.2108 0.452997
0.2109 0.452384
0.211 0.451774
0.2111 0.451168
0.2112 0.450558
0.2113 0.449933
0.2114 0.449295
0.2115 0.448649
0.2116 0.44806
0.2117 0.447502
0.2118 0.446932
0.2119 0.446367
0.212 0.445794
0.2121 0.445216
0.2122 0.444616
0.2123 0.44401
0.2124 0.443413
0.2125 0.442815
0.2126 0.442179
0.2127 0.441543
0.2128 0.440908
0.2129 0.440254
0.213 0.43961
0.2131 0.438978
0.2132 0.43835
0.2133 0.437726
0.2134 0.437105
0.2135 0.436496
0.2136 0.435872
0.2137 0.435241
0.2138 0.434622
0.2139 0.433996
0.214 0.433373
0.2141 0.432749
0.2142 0.432126
0.2143 0.431497
0.2144 0.430833
0.2145 0.43017
0.2146 0.429507
0.2147 0.428844
0.2148 0.428182
0.2149 0.427516
0.215 0.42685
0.2151 0.42619
0.2152 0.425542
0.2153 0.424882
0.2154 0.424206
0.2155 0.423516
0.2156 0.422847
0.2157 0.422177
0.2158 0.421515
0.2159 0.420849
0.216 0.420193
0.2161 0.419536
0.2162 0.418879
0.2163 0.418231
0.2164 0.417586
0.2165 0.416937
0.2166 0.416271
0.2167 0.415624
0.2168 0.415029
0.2169 0.414421
0.217 0.413819
0.2171 0.413216
0.2172 0.412592
0.2173 0.411976
0.2174 0.411356
0.2175 0.410697
0.2176 0.410039
0.2177 0.409371
0.2178 0.408718
0.2179 0.408076
0.218 0.407432
0.2181 0.406788
0.2182 0.406153
0.2183 0.405505
0.2184 0.404863
0.2185 0.404218
0.2186 0.403575
0.2187 0.402931
0.2188 0.402239
0.2189 0.401499
0.219 0.400758
0.2191 0.400017
0.2192 0.399278
0.2193 0.398536
0.2194 0.397796
0.2195 0.397067
0.2196 0.396317
0.2197 0.395555
0.2198 0.394818
0.2199 0.394085
0.22 0.393351
0.2201 0.392606
0.2202 0.391857
0.2203 0.391115
0.2204 0.390377
0.2205 0.389638
0.2206 0.388891
0.2207 0.388207
0.2208 0.387507
0.2209 0.386815
0.221 0.386118
0.2211 0.385424
0.2212 0.384715
0.2213 0.38399
0.2214 0.383265
0.2215 0.382555
0.2216 0.381851
0.2217 0.38113
0.2218 0.380421
0.2219 0.379708
0.222 0.378995
0.2221 0.378283
0.2222 0.37757
0.2223 0.376772
0.2224 0.375951
0.2225 0.375129
0.2226 0.374306
0.2227 0.373484
0.2228 0.372666
0.2229 0.371839
0.223 0.371014
0.2231 0.370204
0.2232 0.369394
0.2233 0.368561
0.2234 0.367723
0.2235 0.366883
0.2236 0.366048
0.2237 0.36521
0.2238 0.364421
0.2239 0.363619
0.224 0.362824
0.2241 0.362032
0.2242 0.361234
0.2243 0.360431
0.2244 0.359639
0.2245 0.358853
0.2246 0.358048
0.2247 0.357252
0.2248 0.356455
0.2249 0.355657
0.225 0.35486
0.2251 0.353985
0.2252 0.35311
0.2253 0.352235
0.2254 0.351359
0.2255 0.350484
0.2256 0.349608
0.2257 0.348749
0.2258 0.347886
0.2259 0.346993
0.226 0.346097
0.2261 0.345193
0.2262 0.34429
0.2263 0.34343
0.2264 0.342556
0.2265 0.34169
0.2266 0.340825
0.2267 0.339965
0.2268 0.339114
0.2269 0.338253
0.227 0.337388
0.2271 0.336527
0.2272 0.335666
0.2273 0.334797
0.2274 0.33391
0.2275 0.333023
0.2276 0.332136
0.2277 0.331248
0.2278 0.330368
0.2279 0.329492
0.228 0.3286
0.2281 0.327697
0.2282 0.326779
0.2283 0.325875
0.2284 0.324988
0.2285 0.324093
0.2286 0.323202
0.2287 0.32232
0.2288 0.32144
0.2289 0.320551
0.229 0.319666
0.2291 0.31878
0.2292 0.3179
0.2293 0.317032
0.2294 0.316165
0.2295 0.315295
0.2296 0.31443
0.2297 0.313569
0.2298 0.312698
0.2299 0.31182
0.23 0.310923
0.2301 0.310067
0.2302 0.309191
0.2303 0.308316
0.2304 0.307441
0.2305 0.306568
0.2306 0.305694
0.2307 0.30482
0.2308 0.303956
0.2309 0.303115
0.231 0.302274
0.2311 0.301433
0.2312 0.300591
0.2313 0.29975
0.2314 0.29891
0.2315 0.29806
0.2316 0.297235
0.2317 0.296393
0.2318 0.295543
0.2319 0.294692
0.232 0.293846
0.2321 0.292999
0.2322 0.292161
0.2323 0.291329
0.2324 0.2905
0.2325 0.289664
0.2326 0.288834
0.2327 0.288009
0.2328 0.287187
0.2329 0.286376
0.233 0.285549
0.2331 0.284712
0.2332 0.283882
0.2333 0.283052
0.2334 0.28221
0.2335 0.281361
0.2336 0.28051
0.2337 0.27966
0.2338 0.278816
0.2339 0.277978
0.234 0.277155
0.2341 0.276317
0.2342 0.275474
0.2343 0.274635
0.2344 0.273784
0.2345 0.272896
0.2346 0.272007
0.2347 0.27112
0.2348 0.270231
0.2349 0.269354
0.235 0.26849
0.2351 0.267613
0.2352 0.266739
0.2353 0.265862
0.2354 0.264931
0.2355 0.263998
0.2356 0.263069
0.2357 0.262129
0.2358 0.261208
0.2359 0.26029
0.236 0.259373
0.2361 0.258455
0.2362 0.257499
0.2363 0.256537
0.2364 0.255577
0.2365 0.254604
0.2366 0.253646
0.2367 0.252696
0.2368 0.251741
0.2369 0.250779
0.237 0.249811
0.2371 0.248844
0.2372 0.247864
0.2373 0.246893
0.2374 0.245927
0.2375 0.244959
0.2376 0.244003
0.2377 0.243048
0.2378 0.242083
0.2379 0.241125
0.238 0.240164
0.2381 0.239205
0.2382 0.238265
0.2383 0.237325
0.2384 0.236385
0.2385 0.235444
0.2386 0.2345
0.2387 0.233562
0.2388 0.232627
0.2389 0.231697
0.239 0.230771
0.2391 0.229836
0.2392 0.228895
0.2393 0.227949
0.2394 0.227013
0.2395 0.226075
0.2396 0.22513
0.2397 0.224158
0.2398 0.223187
0.2399 0.222228
0.24 0.221267
0.2401 0.220265
0.2402 0.219262
0.2403 0.218271
0.2404 0.217274
0.2405 0.216254
0.2406 0.215227
0.2407 0.214211
0.2408 0.213188
0.2409 0.212159
0.241 0.211131
0.2411 0.210107
0.2412 0.209089
0.2413 0.208066
0.2414 0.207048
0.2415 0.206042
0.2416 0.205035
0.2417 0.204028
0.2418 0.203026
0.2419 0.202028
0.242 0.20102
0.2421 0.200015
0.2422 0.199006
0.2423 0.197976
0.2424 0.196954
0.2425 0.195909
0.2426 0.194859
0.2427 0.193802
0.2428 0.192733
0.2429 0.191665
0.243 0.190591
0.2431 0.189522
0.2432 0.188454
0.2433 0.187393
0.2434 0.186336
0.2435 0.185282
0.2436 0.184231
0.2437 0.183174
0.2438 0.182108
0.2439 0.181038
0.244 0.179946
0.2441 0.178848
0.2442 0.177743
0.2443 0.176632
0.2444 0.175527
0.2445 0.174426
0.2446 0.17333
0.2447 0.172237
0.2448 0.171139
0.2449 0.17003
0.245 0.168905
0.2451 0.167767
0.2452 0.166626
0.2453 0.16549
0.2454 0.164361
0.2455 0.163233
0.2456 0.162096
0.2457 0.160943
0.2458 0.159777
0.2459 0.158611
0.246 0.157453
0.2461 0.156295
0.2462 0.155121
0.2463 0.153933
0.2464 0.152744
0.2465 0.151562
0.2466 0.15037
0.2467 0.14916
0.2468 0.147952
0.2469 0.146745
0.247 0.14552
0.2471 0.144291
0.2472 0.143062
0.2473 0.141815
0.2474 0.140571
0.2475 0.139311
0.2476 0.13805
0.2477 0.136774
0.2478 0.135495
0.2479 0.134204
0.248 0.132902
0.2481 0.131593
0.2482 0.130273
0.2483 0.128941
0.2484 0.127597
0.2485 0.126242
0.2486 0.124873
0.2487 0.123489
0.2488 0.12209
0.2489 0.120674
0.249 0.119241
0.2491 0.117786
0.2492 0.11631
0.2493 0.114809
0.2494 0.113279
0.2495 0.111716
0.2496 0.110112
0.2497 0.108458
0.2498 0.106736
0.2499 0.104909
0.25 0.102806
0.2501 0.10428
0.2502 0.105479
0.2503 0.106573
0.2504 0.107599
0.2505 0.108574
0.2506 0.109509
0.2507 0.110411
0.2508 0.111284
0.2509 0.112132
0.251 0.112957
0.2511 0.113763
0.2512 0.11455
0.2513 0.115321
0.2514 0.116076
0.2515 0.116818
0.2516 0.117544
0.2517 0.118259
0.2518 0.118962
0.2519 0.119655
0.252 0.120337
0.2521 0.12101
0.2522 0.12167
0.2523 0.122324
0.2524 0.12297
0.2525 0.123603
0.2526 0.124235
0.2527 0.124852
0.2528 0.125466
0.2529 0.126075
0.253 0.126667
0.2531 0.127264
0.2532 0.127852
0.2533 0.128424
0.2534 0.129
0.2535 0.129575
0.2536 0.130133
0.2537 0.130681
0.2538 0.131234
0.2539 0.131791
0.254 0.132332
0.2541 0.132859
0.2542 0.133381
0.2543 0.133908
0.2544 0.134441
0.2545 0.134966
0.2546 0.135478
0.2547 0.135975
0.2548 0.136466
0.2549 0.13696
0.255 0.137461
0.2551 0.137967
0.2552 0.138468
0.2553 0.138958
0.2554 0.139433
0.2555 0.139896
0.2556 0.140355
0.2557 0.14081
0.2558 0.141269
0.2559 0.141737
0.256 0.142206
0.2561 0.14268
0.2562 0.143148
0.2563 0.143607
0.2564 0.144061
0.2565 0.144494
0.2566 0.144926
0.2567 0.145342
0.2568 0.145759
0.2569 0.14617
0.257 0.146586
0.2571 0.147003
0.2572 0.147426
0.2573 0.147855
0.2574 0.148285
0.2575 0.148721
0.2576 0.149152
0.2577 0.149578
0.2578 0.150009
0.2579 0.150417
0.258 0.150828
0.2581 0.15123
0.2582 0.151609
0.2583 0.151998
0.2584 0.152369
0.2585 0.15273
0.2586 0.153097
0.2587 0.153458
0.2588 0.153812
0.2589 0.15417
0.259 0.154534
0.2591 0.154898
0.2592 0.155262
0.2593 0.155632
0.2594 0.156012
0.2595 0.156391
0.2596 0.156767
0.2597 0.157151
0.2598 0.157536
0.2599 0.157926
0.26 0.158311
0.2601 0.158685
0.2602 0.15906
0.2603 0.159446
0.2604 0.159826
0.2605 0.160179
0.2606 0.160525
0.2607 0.160883
0.2608 0.16124
0.2609 0.161585
0.261 0.1619
0.2611 0.162211
0.2612 0.162535
0.2613 0.162861
0.2614 0.163173
0.2615 0.163463
0.2616 0.163749
0.2617 0.164038
0.2618 0.164336
0.2619 0.164632
0.262 0.164916
0.2621 0.165203
0.2622 0.165473
0.2623 0.165755
0.2624 0.166041
0.2625 0.166325
0.2626 0.166621
0.2627 0.166918
0.2628 0.167206
0.2629 0.167499
0.263 0.167789
0.2631 0.16808
0.2632 0.168381
0.2633 0.168695
0.2634 0.169008
0.2635 0.16932
0.2636 0.16964
0.2637 0.169948
0.2638 0.170257
0.2639 0.170568
0.264 0.170889
0.2641 0.17121
0.2642 0.171532
0.2643 0.171858
0.2644 0.172197
0.2645 0.172516
0.2646 0.172838
0.2647 0.17316
0.2648 0.173467
0.2649 0.173774
0.265 0.174076
0.2651 0.174387
0.2652 0.174706
0.2653 0.175035
0.2654 0.175344
0.2655 0.175659
0.2656 0.175973
0.2657 0.176251
0.2658 0.176517
0.2659 0.17678
0.266 0.177047
0.2661 0.177313
0.2662 0.177595
0.2663 0.177887
0.2664 0.178162
0.2665 0.178445
0.2666 0.178726
0.2667 0.178985
0.2668 0.1792
0.2669 0.179416
0.267 0.179633
0.2671 0.179846
0.2672 0.180051
0.2673 0.180272
0.2674 0.180505
0.2675 0.180735
0.2676 0.180972
0.2677 0.181202
0.2678 0.181434
0.2679 0.181642
0.268 0.181818
0.2681 0.181994
0.2682 0.182172
0.2683 0.182357
0.2684 0.182518
0.2685 0.182671
0.2686 0.18285
0.2687 0.183031
0.2688 0.183216
0.2689 0.183409
0.269 0.183596
0.2691 0.183783
0.2692 0.18397
0.2693 0.184142
0.2694 0.184308
0.2695 0.184472
0.2696 0.18464
0.2697 0.184816
0.2698 0.184976
0.2699 0.185123
0.27 0.185256
0.2701 0.185429
0.2702 0.185587
0.2703 0.18575
0.2704 0.18592
0.2705 0.186093
0.2706 0.186257
0.2707 0.186425
0.2708 0.186591
0.2709 0.186771
0.271 0.186956
0.2711 0.187142
0.2712 0.187325
0.2713 0.187516
0.2714 0.187706
0.2715 0.187888
0.2716 0.188065
0.2717 0.188224
0.2718 0.188405
0.2719 0.188592
0.272 0.188767
0.2721 0.188945
0.2722 0.189125
0.2723 0.189303
0.2724 0.189482
0.2725 0.18966
0.2726 0.189839
0.2727 0.190017
0.2728 0.190224
0.2729 0.190441
0.273 0.190659
0.2731 0.190877
0.2732 0.191094
0.2733 0.191313
0.2734 0.191527
0.2735 0.191746
0.2736 0.191968
0.2737 0.192181
0.2738 0.192375
0.2739 0.192616
0.274 0.192851
0.2741 0.193068
0.2742 0.193284
0.2743 0.193493
0.2744 0.19369
0.2745 0.193897
0.2746 0.194109
0.2747 0.194319
0.2748 0.194529
0.2749 0.194738
0.275 0.194948
0.2751 0.19518
0.2752 0.195412
0.2753 0.195644
0.2754 0.195875
0.2755 0.196111
0.2756 0.196338
0.2757 0.196563
0.2758 0.196789
0.2759 0.197022
0.276 0.197264
0.2761 0.197506
0.2762 0.197745
0.2763 0.197966
0.2764 0.198236
0.2765 0.198508
0.2766 0.198773
0.2767 0.199018
0.2768 0.199265
0.2769 0.19949
0.277 0.199705
0.2771 0.199928
0.2772 0.200158
0.2773 0.200396
0.2774 0.200628
0.2775 0.200862
0.2776 0.201094
0.2777 0.201326
0.2778 0.201552
0.2779 0.201754
0.278 0.201956
0.2781 0.202158
0.2782 0.202357
0.2783 0.202561
0.2784 0.202773
0.2785 0.202965
0.2786 0.203151
0.2787 0.203348
0.2788 0.20355
0.2789 0.203755
0.279 0.203963
0.2791 0.204172
0.2792 0.204389
0.2793 0.204601
0.2794 0.204795
0.2795 0.205053
0.2796 0.205304
0.2797 0.205559
0.2798 0.205806
0.2799 0.206047
0.28 0.206289
0.2801 0.206492
0.2802 0.206695
0.2803 0.206889
0.2804 0.207108
0.2805 0.207329
0.2806 0.207544
0.2807 0.207772
0.2808 0.207984
0.2809 0.208204
0.281 0.208421
0.2811 0.208639
0.2812 0.208857
0.2813 0.209027
0.2814 0.209148
0.2815 0.209269
0.2816 0.20939
0.2817 0.209513
0.2818 0.209631
0.2819 0.209751
0.282 0.209884
0.2821 0.210003
0.2822 0.210107
0.2823 0.210218
0.2824 0.210341
0.2825 0.210471
0.2826 0.210598
0.2827 0.210715
0.2828 0.210828
0.2829 0.210943
0.283 0.211064
0.2831 0.21119
0.2832 0.211315
0.2833 0.211423
0.2834 0.211583
0.2835 0.21176
0.2836 0.211927
0.2837 0.212101
0.2838 0.212277
0.2839 0.212446
0.284 0.212621
0.2841 0.212791
0.2842 0.212928
0.2843 0.213065
0.2844 0.213201
0.2845 0.213342
0.2846 0.213507
0.2847 0.213671
0.2848 0.213818
0.2849 0.213963
0.285 0.214124
0.2851 0.21427
0.2852 0.214423
0.2853 0.214576
0.2854 0.214728
0.2855 0.21488
0.2856 0.215033
0.2857 0.215185
0.2858 0.215217
0.2859 0.215228
0.286 0.21524
0.2861 0.215252
0.2862 0.215264
0.2863 0.215277
0.2864 0.215287
0.2865 0.2153
0.2866 0.215306
0.2867 0.215328
0.2868 0.215342
0.2869 0.215341
0.287 0.21534
0.2871 0.215358
0.2872 0.215386
0.2873 0.215413
0.2874 0.215442
0.2875 0.21547
0.2876 0.215459
0.2877 0.215448
0.2878 0.215435
0.2879 0.215427
0.288 0.215411
0.2881 0.215399
0.2882 0.215392
0.2883 0.215386
0.2884 0.215363
0.2885 0.21537
0.2886 0.215436
0.2887 0.21549
0.2888 0.215529
0.2889 0.215571
0.289 0.215622
0.2891 0.215672
0.2892 0.215728
0.2893 0.215789
0.2894 0.215842
0.2895 0.215893
0.2896 0.215933
0.2897 0.21597
0.2898 0.216011
0.2899 0.216057
0.29 0.216096
0.2901 0.216175
0.2902 0.216248
0.2903 0.216313
0.2904 0.216355
0.2905 0.216387
0.2906 0.216427
0.2907 0.216478
0.2908 0.216524
0.2909 0.216582
0.291 0.216624
0.2911 0.216672
0.2912 0.216721
0.2913 0.21677
0.2914 0.216818
0.2915 0.216867
0.2916 0.216915
0.2917 0.21692
0.2918 0.216839
0.2919 0.216758
0.292 0.216677
0.2921 0.216595
0.2922 0.216514
0.2923 0.216437
0.2924 0.21635
0.2925 0.216269
0.2926 0.216195
0.2927 0.216121
0.2928 0.216025
0.2929 0.215934
0.293 0.215855
0.2931 0.215781
0.2932 0.215695
0.2933 0.21561
0.2934 0.215531
0.2935 0.215453
0.2936 0.215406
0.2937 0.215359
0.2938 0.215301
0.2939 0.215239
0.294 0.215179
0.2941 0.21512
0.2942 0.215012
0.2943 0.214894
0.2944 0.214776
0.2945 0.214661
0.2946 0.214554
0.2947 0.214431
0.2948 0.214294
0.2949 0.214161
0.295 0.214022
0.2951 0.213888
0.2952 0.213761
0.2953 0.21362
0.2954 0.213467
0.2955 0.213365
0.2956 0.213328
0.2957 0.213278
0.2958 0.213221
0.2959 0.213148
0.296 0.213067
0.2961 0.212989
0.2962 0.212912
0.2963 0.212836
0.2964 0.212775
0.2965 0.212713
0.2966 0.212655
0.2967 0.212588
0.2968 0.212523
0.2969 0.212461
0.297 0.21241
0.2971 0.21236
0.2972 0.212304
0.2973 0.21225
0.2974 0.212206
0.2975 0.212164
0.2976 0.212106
0.2977 0.212086
0.2978 0.212071
0.2979 0.212042
0.298 0.212002
0.2981 0.21196
0.2982 0.211894
0.2983 0.211826
0.2984 0.211746
0.2985 0.211687
0.2986 0.211629
0.2987 0.211576
0.2988 0.211529
0.2989 0.211488
0.299 0.211428
0.2991 0.211368
0.2992 0.211318
0.2993 0.211263
0.2994 0.21121
0.2995 0.211155
0.2996 0.211102
0.2997 0.211048
0.2998 0.210994
0.2999 0.21094
0.3 0.210886
0.3001 0.210777
0.3002 0.210667
0.3003 0.210558
0.3004 0.210448
0.3005 0.210339
0.3006 0.210229
0.3007 0.210122
0.3008 0.210009
0.3009 0.209906
0.301 0.209791
0.3011 0.209676
0.3012 0.209568
0.3013 0.209466
0.3014 0.209372
0.3015 0.209266
0.3016 0.209144
0.3017 0.209008
0.3018 0.208891
0.3019 0.208774
0.302 0.208664
0.3021 0.208553
0.3022 0.208451
0.3023 0.208345
0.3024 0.208247
0.3025 0.208153
0.3026 0.208043
0.3027 0.207969
0.3028 0.207906
0.3029 0.207842
0.303 0.207769
0.3031 0.207676
0.3032 0.207573
0.3033 0.207482
0.3034 0.207391
0.3035 0.207301
0.3036 0.207194
0.3037 0.207048
0.3038 0.206903
0.3039 0.206753
0.304 0.206606
0.3041 0.206469
0.3042 0.206339
0.3043 0.206205
0.3044 0.20605
0.3045 0.205874
0.3046 0.2057
0.3047 0.205529
0.3048 0.205335
0.3049 0.205145
0.305 0.204949
0.3051 0.204759
0.3052 0.204575
0.3053 0.204381
0.3054 0.204176
0.3055 0.203955
0.3056 0.203803
0.3057 0.203742
0.3058 0.203666
0.3059 0.203576
0.306 0.203491
0.3061 0.203398
0.3062 0.203289
0.3063 0.20317
0.3064 0.203042
0.3065 0.202913
0.3066 0.202776
0.3067 0.202643
0.3068 0.202511
0.3069 0.202387
0.307 0.202266
0.3071 0.202139
0.3072 0.202012
0.3073 0.201884
0.3074 0.201758
0.3075 0.201632
0.3076 0.201505
0.3077 0.201381
0.3078 0.201288
0.3079 0.201194
0.308 0.201101
0.3081 0.201008
0.3082 0.200916
0.3083 0.200818
0.3084 0.200726
0.3085 0.200639
0.3086 0.200546
0.3087 0.200437
0.3088 0.200316
0.3089 0.200246
0.309 0.200184
0.3091 0.200115
0.3092 0.200031
0.3093 0.199931
0.3094 0.19983
0.3095 0.199735
0.3096 0.199628
0.3097 0.199519
0.3098 0.199414
0.3099 0.19929
0.31 0.19915
0.3101 0.199052
0.3102 0.198937
0.3103 0.198824
0.3104 0.198718
0.3105 0.19862
0.3106 0.198516
0.3107 0.19843
0.3108 0.198329
0.3109 0.198223
0.311 0.198107
0.3111 0.197997
0.3112 0.197896
0.3113 0.197797
0.3114 0.197688
0.3115 0.197582
0.3116 0.19748
0.3117 0.197373
0.3118 0.197269
0.3119 0.197164
0.312 0.197059
0.3121 0.196954
0.3122 0.196849
0.3123 0.196744
0.3124 0.196639
0.3125 0.196534
0.3126 0.196485
0.3127 0.196435
0.3128 0.196386
0.3129 0.196336
0.313 0.196287
0.3131 0.196237
0.3132 0.196188
0.3133 0.196138
0.3134 0.196087
0.3135 0.196039
0.3136 0.195991
0.3137 0.195936
0.3138 0.195889
0.3139 0.195847
0.314 0.195796
0.3141 0.195734
0.3142 0.195683
0.3143 0.19563
0.3144 0.195587
0.3145 0.19554
0.3146 0.19551
0.3147 0.195467
0.3148 0.195421
0.3149 0.195366
0.315 0.195315
0.3151 0.195246
0.3152 0.195163
0.3153 0.195116
0.3154 0.19506
0.3155 0.194999
0.3156 0.194942
0.3157 0.194883
0.3158 0.194827
0.3159 0.194792
0.316 0.194756
0.3161 0.194721
0.3162 0.194683
0.3163 0.194653
0.3164 0.194618
0.3165 0.194569
0.3166 0.194508
0.3167 0.194466
0.3168 0.194475
0.3169 0.194477
0.317 0.194474
0.3171 0.194462
0.3172 0.194433
0.3173 0.19441
0.3174 0.194359
0.3175 0.194306
0.3176 0.194245
0.3177 0.194197
0.3178 0.194155
0.3179 0.194114
0.318 0.19407
0.3181 0.194026
0.3182 0.193978
0.3183 0.193909
0.3184 0.193841
0.3185 0.193772
0.3186 0.193702
0.3187 0.193627
0.3188 0.19356
0.3189 0.193498
0.319 0.193441
0.3191 0.1934
0.3192 0.193345
0.3193 0.193284
0.3194 0.193227
0.3195 0.193145
0.3196 0.193044
0.3197 0.192942
0.3198 0.192846
0.3199 0.192759
0.32 0.192669
0.3201 0.19254
0.3202 0.19241
0.3203 0.19229
0.3204 0.192148
0.3205 0.192003
0.3206 0.191854
0.3207 0.191708
0.3208 0.191566
0.3209 0.19143
0.321 0.191287
0.3211 0.191126
0.3212 0.190963
0.3213 0.190786
0.3214 0.190583
0.3215 0.190564
0.3216 0.190598
0.3217 0.190613
0.3218 0.19062
0.3219 0.190615
0.322 0.190599
0.3221 0.190588
0.3222 0.190583
0.3223 0.190575
0.3224 0.190561
0.3225 0.190537
0.3226 0.190508
0.3227 0.190454
0.3228 0.190406
0.3229 0.190362
0.323 0.19029
0.3231 0.190214
0.3232 0.19013
0.3233 0.190058
0.3234 0.18999
0.3235 0.189921
0.3236 0.18984
0.3237 0.189753
0.3238 0.189673
0.3239 0.189587
0.324 0.189484
0.3241 0.189381
0.3242 0.189295
0.3243 0.189204
0.3244 0.189122
0.3245 0.189044
0.3246 0.188963
0.3247 0.188877
0.3248 0.188794
0.3249 0.18871
0.325 0.188627
0.3251 0.188566
0.3252 0.188504
0.3253 0.188442
0.3254 0.188384
0.3255 0.188318
0.3256 0.188255
0.3257 0.1882
0.3258 0.188148
0.3259 0.188101
0.326 0.188038
0.3261 0.187978
0.3262 0.187906
0.3263 0.187841
0.3264 0.187773
0.3265 0.187688
0.3266 0.187593
0.3267 0.187485
0.3268 0.187377
0.3269 0.187254
0.327 0.18721
0.3271 0.187176
0.3272 0.18714
0.3273 0.187091
0.3274 0.18703
0.3275 0.186954
0.3276 0.186883
0.3277 0.186804
0.3278 0.186717
0.3279 0.186636
0.328 0.186558
0.3281 0.18648
0.3282 0.186412
0.3283 0.186347
0.3284 0.186282
0.3285 0.186224
0.3286 0.186158
0.3287 0.186089
0.3288 0.186006
0.3289 0.185909
0.329 0.185838
0.3291 0.18579
0.3292 0.185725
0.3293 0.185651
0.3294 0.185571
0.3295 0.185495
0.3296 0.185424
0.3297 0.185357
0.3298 0.185293
0.3299 0.18522
0.33 0.185127
0.3301 0.185076
0.3302 0.185005
0.3303 0.184928
0.3304 0.184856
0.3305 0.18479
0.3306 0.184716
0.3307 0.184645
0.3308 0.184574
0.3309 0.1845
0.331 0.184432
0.3311 0.184357
0.3312 0.184288
0.3313 0.184217
0.3314 0.184143
0.3315 0.184074
0.3316 0.184004
0.3317 0.183931
0.3318 0.18386
0.3319 0.183788
0.332 0.183718
0.3321 0.183646
0.3322 0.183575
0.3323 0.183504
0.3324 0.183432
0.3325 0.183361
0.3326 0.18329
0.3327 0.183218
0.3328 0.183147
0.3329 0.183076
0.333 0.183004
0.3331 0.182933
0.3332 0.182862
0.3333 0.18279
0.3334 0.182814
0.3335 0.182886
0.3336 0.182957
0.3337 0.183028
0.3338 0.183099
0.3339 0.183171
0.334 0.183242
0.3341 0.183313
0.3342 0.183385
0.3343 0.183456
0.3344 0.183528
0.3345 0.183598
0.3346 0.18367
0.3347 0.183741
0.3348 0.183812
0.3349 0.183883
0.335 0.183954
0.3351 0.184025
0.3352 0.184097
0.3353 0.18417
0.3354 0.184241
0.3355 0.184311
0.3356 0.184384
0.3357 0.184451
0.3358 0.184528
0.3359 0.184596
0.336 0.184668
0.3361 0.184743
0.3362 0.184802
0.3363 0.184886
0.3364 0.184956
0.3365 0.185022
0.3366 0.185094
0.3367 0.185172
0.3368 0.185245
0.3369 0.185304
0.337 0.185373
0.3371 0.185461
0.3372 0.185532
0.3373 0.185595
0.3374 0.185662
0.3375 0.185727
0.3376 0.185805
0.3377 0.185882
0.3378 0.185963
0.3379 0.186037
0.338 0.186106
0.3381 0.186159
0.3382 0.186201
0.3383 0.186284
0.3384 0.186384
0.3385 0.186472
0.3386 0.186546
0.3387 0.186616
0.3388 0.18668
0.3389 0.186735
0.339 0.186796
0.3391 0.186863
0.3392 0.186926
0.3393 0.186992
0.3394 0.187072
0.3395 0.187153
0.3396 0.187229
0.3397 0.187312
0.3398 0.187402
0.3399 0.187484
0.34 0.187566
0.3401 0.187636
0.3402 0.187712
0.3403 0.187782
0.3404 0.187839
0.3405 0.187883
0.3406 0.187915
0.3407 0.187946
0.3408 0.187972
0.3409 0.187976
0.341 0.18811
0.3411 0.188236
0.3412 0.188349
0.3413 0.188467
0.3414 0.188576
0.3415 0.188675
0.3416 0.188761
0.3417 0.188842
0.3418 0.188906
0.3419 0.188968
0.342 0.18904
0.3421 0.18911
0.3422 0.189167
0.3423 0.189223
0.3424 0.189285
0.3425 0.189328
0.3426 0.189359
0.3427 0.189419
0.3428 0.18947
0.3429 0.189527
0.343 0.18959
0.3431 0.189657
0.3432 0.189715
0.3433 0.189771
0.3434 0.189832
0.3435 0.18989
0.3436 0.189949
0.3437 0.190008
0.3438 0.190081
0.3439 0.190168
0.344 0.190254
0.3441 0.190341
0.3442 0.190427
0.3443 0.190514
0.3444 0.190606
0.3445 0.190692
0.3446 0.190765
0.3447 0.19085
0.3448 0.190932
0.3449 0.191024
0.345 0.191119
0.3451 0.191218
0.3452 0.191301
0.3453 0.19141
0.3454 0.191533
0.3455 0.191641
0.3456 0.191743
0.3457 0.191825
0.3458 0.191904
0.3459 0.191995
0.346 0.192084
0.3461 0.192174
0.3462 0.192254
0.3463 0.192322
0.3464 0.192391
0.3465 0.192455
0.3466 0.192522
0.3467 0.192595
0.3468 0.192673
0.3469 0.192768
0.347 0.192846
0.3471 0.192923
0.3472 0.193001
0.3473 0.193046
0.3474 0.193079
0.3475 0.193114
0.3476 0.193156
0.3477 0.193205
0.3478 0.193252
0.3479 0.193267
0.348 0.193271
0.3481 0.193278
0.3482 0.193291
0.3483 0.193281
0.3484 0.193264
0.3485 0.193253
0.3486 0.193232
0.3487 0.193214
0.3488 0.1932
0.3489 0.193192
0.349 0.193188
0.3491 0.193185
0.3492 0.193174
0.3493 0.193144
0.3494 0.193106
0.3495 0.193074
0.3496 0.193026
0.3497 0.192972
0.3498 0.192903
0.3499 0.192813
0.35 0.192667
0.3501 0.19298
0.3502 0.193238
0.3503 0.193474
0.3504 0.193697
0.3505 0.193912
0.3506 0.194112
0.3507 0.194311
0.3508 0.194514
0.3509 0.194703
0.351 0.194876
0.3511 0.195042
0.3512 0.195204
0.3513 0.195371
0.3514 0.195543
0.3515 0.19572
0.3516 0.195898
0.3517 0.196081
0.3518 0.196266
0.3519 0.196444
0.352 0.196616
0.3521 0.196799
0.3522 0.196976
0.3523 0.197143
0.3524 0.197286
0.3525 0.197427
0.3526 0.197577
0.3527 0.197736
0.3528 0.197889
0.3529 0.198043
0.353 0.198164
0.3531 0.19826
0.3532 0.198356
0.3533 0.198453
0.3534 0.19854
0.3535 0.198641
0.3536 0.198754
0.3537 0.198867
0.3538 0.198982
0.3539 0.199095
0.354 0.199209
0.3541 0.199322
0.3542 0.199413
0.3543 0.199461
0.3544 0.19951
0.3545 0.199556
0.3546 0.199605
0.3547 0.199662
0.3548 0.199722
0.3549 0.199762
0.355 0.199793
0.3551 0.199811
0.3552 0.19983
0.3553 0.199863
0.3554 0.199928
0.3555 0.199978
0.3556 0.200034
0.3557 0.200094
0.3558 0.200156
0.3559 0.200222
0.356 0.200292
0.3561 0.200368
0.3562 0.20045
0.3563 0.200517
0.3564 0.200571
0.3565 0.200634
0.3566 0.200705
0.3567 0.200767
0.3568 0.200833
0.3569 0.200898
0.357 0.200964
0.3571 0.201029
0.3572 0.201072
0.3573 0.201097
0.3574 0.201123
0.3575 0.20115
0.3576 0.201175
0.3577 0.201198
0.3578 0.201223
0.3579 0.201259
0.358 0.201283
0.3581 0.201292
0.3582 0.201312
0.3583 0.201337
0.3584 0.201366
0.3585 0.201396
0.3586 0.201433
0.3587 0.201459
0.3588 0.201527
0.3589 0.201588
0.359 0.201638
0.3591 0.201669
0.3592 0.201709
0.3593 0.20175
0.3594 0.201779
0.3595 0.20177
0.3596 0.201761
0.3597 0.201753
0.3598 0.201753
0.3599 0.201758
0.36 0.201762
0.3601 0.201727
0.3602 0.201691
0.3603 0.201662
0.3604 0.201611
0.3605 0.201561
0.3606 0.201508
0.3607 0.20146
0.3608 0.201417
0.3609 0.201357
0.361 0.201289
0.3611 0.201196
0.3612 0.201272
0.3613 0.201344
0.3614 0.201402
0.3615 0.201456
0.3616 0.201513
0.3617 0.201558
0.3618 0.201586
0.3619 0.201606
0.362 0.201616
0.3621 0.201629
0.3622 0.201636
0.3623 0.201635
0.3624 0.201643
0.3625 0.20165
0.3626 0.201668
0.3627 0.201688
0.3628 0.201705
0.3629 0.201705
0.363 0.201728
0.3631 0.201739
0.3632 0.201752
0.3633 0.201766
0.3634 0.20178
0.3635 0.201793
0.3636 0.201807
0.3637 0.201845
0.3638 0.201897
0.3639 0.201949
0.364 0.202002
0.3641 0.202054
0.3642 0.202108
0.3643 0.202156
0.3644 0.202214
0.3645 0.202261
0.3646 0.202311
0.3647 0.202368
0.3648 0.20243
0.3649 0.202485
0.365 0.202539
0.3651 0.202577
0.3652 0.202601
0.3653 0.202621
0.3654 0.202641
0.3655 0.202752
0.3656 0.202845
0.3657 0.20294
0.3658 0.203028
0.3659 0.203102
0.366 0.203166
0.3661 0.203226
0.3662 0.203268
0.3663 0.203301
0.3664 0.203347
0.3665 0.203397
0.3666 0.203445
0.3667 0.203487
0.3668 0.203516
0.3669 0.203544
0.367 0.203576
0.3671 0.203617
0.3672 0.20365
0.3673 0.203664
0.3674 0.203672
0.3675 0.203665
0.3676 0.203655
0.3677 0.203674
0.3678 0.203721
0.3679 0.20375
0.368 0.203771
0.3681 0.203794
0.3682 0.203819
0.3683 0.203843
0.3684 0.203867
0.3685 0.203909
0.3686 0.203955
0.3687 0.204002
0.3688 0.204049
0.3689 0.204098
0.369 0.204131
0.3691 0.204183
0.3692 0.204255
0.3693 0.204312
0.3694 0.204353
0.3695 0.204396
0.3696 0.204435
0.3697 0.204466
0.3698 0.204503
0.3699 0.204521
0.37 0.204523
0.3701 0.204567
0.3702 0.204593
0.3703 0.204621
0.3704 0.204654
0.3705 0.204698
0.3706 0.204743
0.3707 0.20478
0.3708 0.20484
0.3709 0.204882
0.371 0.204921
0.3711 0.204955
0.3712 0.204974
0.3713 0.205007
0.3714 0.205037
0.3715 0.205076
0.3716 0.205117
0.3717 0.205166
0.3718 0.205206
0.3719 0.205239
0.372 0.205267
0.3721 0.205298
0.3722 0.20534
0.3723 0.205384
0.3724 0.20542
0.3725 0.20545
0.3726 0.205487
0.3727 0.205529
0.3728 0.205562
0.3729 0.205597
0.373 0.205638
0.3731 0.205672
0.3732 0.20571
0.3733 0.205746
0.3734 0.205784
0.3735 0.205818
0.3736 0.205856
0.3737 0.205893
0.3738 0.20593
0.3739 0.205966
0.374 0.206003
0.3741 0.206039
0.3742 0.206076
0.3743 0.206113
0.3744 0.20615
0.3745 0.206186
0.3746 0.206223
0.3747 0.20626
0.3748 0.206296
0.3749 0.206333
0.375 0.20637
0.3751 0.206517
0.3752 0.206664
0.3753 0.206812
0.3754 0.206959
0.3755 0.207106
0.3756 0.207254
0.3757 0.207401
0.3758 0.207548
0.3759 0.207696
0.376 0.207843
0.3761 0.207991
0.3762 0.208138
0.3763 0.208286
0.3764 0.208433
0.3765 0.20858
0.3766 0.208726
0.3767 0.208876
0.3768 0.20902
0.3769 0.209171
0.377 0.209316
0.3771 0.209463
0.3772 0.209614
0.3773 0.209757
0.3774 0.209904
0.3775 0.210058
0.3776 0.210205
0.3777 0.210345
0.3778 0.21049
0.3779 0.21064
0.378 0.210797
0.3781 0.210944
0.3782 0.21108
0.3783 0.211224
0.3784 0.211369
0.3785 0.211523
0.3786 0.211676
0.3787 0.211836
0.3788 0.211985
0.3789 0.212129
0.379 0.21226
0.3791 0.212401
0.3792 0.212541
0.3793 0.212682
0.3794 0.212835
0.3795 0.212991
0.3796 0.213141
0.3797 0.213307
0.3798 0.213474
0.3799 0.213622
0.38 0.213775
0.3801 0.213915
0.3802 0.214061
0.3803 0.214192
0.3804 0.214307
0.3805 0.214448
0.3806 0.214592
0.3807 0.214728
0.3808 0.214867
0.3809 0.215005
0.381 0.215153
0.3811 0.215311
0.3812 0.21547
0.3813 0.215629
0.3814 0.215791
0.3815 0.215936
0.3816 0.216084
0.3817 0.216275
0.3818 0.21646
0.3819 0.216628
0.382 0.216785
0.3821 0.21693
0.3822 0.217084
0.3823 0.217238
0.3824 0.217384
0.3825 0.217522
0.3826 0.217658
0.3827 0.217805
0.3828 0.217949
0.3829 0.218072
0.383 0.218194
0.3831 0.218297
0.3832 0.218395
0.3833 0.218486
0.3834 0.218628
0.3835 0.21879
0.3836 0.218941
0.3837 0.219076
0.3838 0.219204
0.3839 0.219333
0.384 0.219467
0.3841 0.219604
0.3842 0.219737
0.3843 0.21987
0.3844 0.220003
0.3845 0.220137
0.3846 0.220271
0.3847 0.220432
0.3848 0.220599
0.3849 0.220766
0.385 0.220931
0.3851 0.221099
0.3852 0.221268
0.3853 0.221431
0.3854 0.221594
0.3855 0.221764
0.3856 0.221937
0.3857 0.222112
0.3858 0.222278
0.3859 0.222443
0.386 0.222592
0.3861 0.222727
0.3862 0.222861
0.3863 0.222982
0.3864 0.22314
0.3865 0.223378
0.3866 0.2236
0.3867 0.223815
0.3868 0.224035
0.3869 0.224254
0.387 0.224456
0.3871 0.224662
0.3872 0.224838
0.3873 0.225014
0.3874 0.225199
0.3875 0.225383
0.3876 0.225529
0.3877 0.225676
0.3878 0.22582
0.3879 0.225949
0.388 0.226094
0.3881 0.226245
0.3882 0.2264
0.3883 0.226559
0.3884 0.226727
0.3885 0.226878
0.3886 0.227038
0.3887 0.227194
0.3888 0.227351
0.3889 0.227505
0.389 0.227631
0.3891 0.227758
0.3892 0.227885
0.3893 0.228009
0.3894 0.228142
0.3895 0.228262
0.3896 0.228379
0.3897 0.228505
0.3898 0.228635
0.3899 0.22877
0.39 0.228896
0.3901 0.229062
0.3902 0.229219
0.3903 0.229361
0.3904 0.229494
0.3905 0.229634
0.3906 0.229773
0.3907 0.229876
0.3908 0.229968
0.3909 0.230058
0.391 0.230148
0.3911 0.230253
0.3912 0.230357
0.3913 0.23046
0.3914 0.230522
0.3915 0.23058
0.3916 0.230648
0.3917 0.230709
0.3918 0.230751
0.3919 0.230797
0.392 0.230835
0.3921 0.230878
0.3922 0.230925
0.3923 0.230978
0.3924 0.231026
0.3925 0.231055
0.3926 0.231083
0.3927 0.231097
0.3928 0.231092
0.3929 0.231183
0.393 0.231412
0.3931 0.23162
0.3932 0.231816
0.3933 0.232003
0.3934 0.232176
0.3935 0.232353
0.3936 0.232537
0.3937 0.232717
0.3938 0.232888
0.3939 0.233054
0.394 0.233203
0.3941 0.233342
0.3942 0.233489
0.3943 0.233614
0.3944 0.233729
0.3945 0.233842
0.3946 0.233966
0.3947 0.234088
0.3948 0.234202
0.3949 0.23431
0.395 0.234424
0.3951 0.234519
0.3952 0.234616
0.3953 0.23472
0.3954 0.234829
0.3955 0.234944
0.3956 0.235053
0.3957 0.235164
0.3958 0.235274
0.3959 0.235396
0.396 0.235525
0.3961 0.235654
0.3962 0.23578
0.3963 0.235911
0.3964 0.23605
0.3965 0.23618
0.3966 0.236306
0.3967 0.236431
0.3968 0.236546
0.3969 0.236646
0.397 0.236737
0.3971 0.236849
0.3972 0.236998
0.3973 0.237135
0.3974 0.237256
0.3975 0.237374
0.3976 0.237484
0.3977 0.2376
0.3978 0.237722
0.3979 0.237849
0.398 0.237974
0.3981 0.238086
0.3982 0.238207
0.3983 0.238333
0.3984 0.238449
0.3985 0.23857
0.3986 0.238693
0.3987 0.238813
0.3988 0.238931
0.3989 0.239054
0.399 0.239174
0.3991 0.239294
0.3992 0.239414
0.3993 0.239535
0.3994 0.239655
0.3995 0.239776
0.3996 0.239897
0.3997 0.240017
0.3998 0.240138
0.3999 0.240258
0.4 0.240379
0.4001 0.240585
0.4002 0.240791
0.4003 0.240997
0.4004 0.241203
0.4005 0.241409
0.4006 0.241615
0.4007 0.241822
0.4008 0.242027
0.4009 0.242234
0.401 0.24244
0.4011 0.242647
0.4012 0.242853
0.4013 0.243057
0.4014 0.243266
0.4015 0.243466
0.4016 0.24368
0.4017 0.243882
0.4018 0.244085
0.4019 0.244296
0.402 0.244506
0.4021 0.244704
0.4022 0.244901
0.4023 0.245127
0.4024 0.245335
0.4025 0.245537
0.4026 0.245732
0.4027 0.245934
0.4028 0.246137
0.4029 0.24635
0.403 0.246562
0.4031 0.246782
0.4032 0.246996
0.4033 0.247203
0.4034 0.247413
0.4035 0.247608
0.4036 0.247787
0.4037 0.24796
0.4038 0.248125
0.4039 0.248338
0.404 0.24859
0.4041 0.248835
0.4042 0.249076
0.4043 0.249304
0.4044 0.249524
0.4045 0.249726
0.4046 0.249923
0.4047 0.250129
0.4048 0.250329
0.4049 0.250521
0.405 0.250718
0.4051 0.250897
0.4052 0.251073
0.4053 0.251264
0.4054 0.251452
0.4055 0.251651
0.4056 0.251852
0.4057 0.252049
0.4058 0.252239
0.4059 0.252436
0.406 0.25263
0.4061 0.252825
0.4062 0.25302
0.4063 0.253228
0.4064 0.253451
0.4065 0.253673
0.4066 0.253895
0.4067 0.254119
0.4068 0.254339
0.4069 0.254568
0.407 0.254791
0.4071 0.255006
0.4072 0.255221
0.4073 0.255437
0.4074 0.255654
0.4075 0.255886
0.4076 0.256118
0.4077 0.256353
0.4078 0.256579
0.4079 0.256791
0.408 0.25706
0.4081 0.257323
0.4082 0.257571
0.4083 0.257811
0.4084 0.258036
0.4085 0.25825
0.4086 0.258464
0.4087 0.258688
0.4088 0.258918
0.4089 0.259141
0.409 0.259366
0.4091 0.259588
0.4092 0.259788
0.4093 0.259988
0.4094 0.260187
0.4095 0.260391
0.4096 0.260581
0.4097 0.260778
0.4098 0.260981
0.4099 0.261189
0.41 0.261388
0.4101 0.261628
0.4102 0.261858
0.4103 0.262075
0.4104 0.262278
0.4105 0.26249
0.4106 0.262703
0.4107 0.262914
0.4108 0.263079
0.4109 0.263235
0.411 0.26339
0.4111 0.263547
0.4112 0.263701
0.4113 0.26386
0.4114 0.264042
0.4115 0.264216
0.4116 0.264387
0.4117 0.264558
0.4118 0.26471
0.4119 0.264824
0.412 0.264938
0.4121 0.265049
0.4122 0.265163
0.4123 0.26529
0.4124 0.265417
0.4125 0.265543
0.4126 0.265631
0.4127 0.265722
0.4128 0.265799
0.4129 0.265891
0.413 0.265986
0.4131 0.266073
0.4132 0.266157
0.4133 0.266231
0.4134 0.266313
0.4135 0.266399
0.4136 0.26649
0.4137 0.266577
0.4138 0.266666
0.4139 0.266769
0.414 0.266871
0.4141 0.266973
0.4142 0.267083
0.4143 0.267189
0.4144 0.267291
0.4145 0.267389
0.4146 0.267476
0.4147 0.267549
0.4148 0.267614
0.4149 0.267668
0.415 0.267717
0.4151 0.267771
0.4152 0.267832
0.4153 0.267896
0.4154 0.267947
0.4155 0.267981
0.4156 0.268011
0.4157 0.268047
0.4158 0.268067
0.4159 0.268082
0.416 0.268086
0.4161 0.268082
0.4162 0.268067
0.4163 0.268037
0.4164 0.267988
0.4165 0.267913
0.4166 0.267796
0.4167 0.26791
0.4168 0.268568
0.4169 0.26917
0.417 0.269743
0.4171 0.270295
0.4172 0.270832
0.4173 0.271356
0.4174 0.271868
0.4175 0.272375
0.4176 0.272867
0.4177 0.273363
0.4178 0.273841
0.4179 0.274311
0.418 0.274788
0.4181 0.275267
0.4182 0.275731
0.4183 0.27618
0.4184 0.276619
0.4185 0.277057
0.4186 0.277497
0.4187 0.277948
0.4188 0.278398
0.4189 0.278854
0.419 0.279303
0.4191 0.279755
0.4192 0.280186
0.4193 0.28062
0.4194 0.281041
0.4195 0.281443
0.4196 0.281855
0.4197 0.28225
0.4198 0.282631
0.4199 0.283017
0.42 0.283407
0.4201 0.283785
0.4202 0.284159
0.4203 0.284534
0.4204 0.284913
0.4205 0.285297
0.4206 0.285687
0.4207 0.286072
0.4208 0.286457
0.4209 0.286841
0.421 0.287226
0.4211 0.287622
0.4212 0.288029
0.4213 0.288437
0.4214 0.288843
0.4215 0.289256
0.4216 0.289661
0.4217 0.290061
0.4218 0.290464
0.4219 0.290871
0.422 0.291287
0.4221 0.291705
0.4222 0.292117
0.4223 0.292538
0.4224 0.292956
0.4225 0.293396
0.4226 0.293826
0.4227 0.29424
0.4228 0.294651
0.4229 0.295069
0.423 0.295486
0.4231 0.295898
0.4232 0.296294
0.4233 0.296688
0.4234 0.297087
0.4235 0.297474
0.4236 0.297868
0.4237 0.298268
0.4238 0.298672
0.4239 0.29907
0.424 0.299501
0.4241 0.299935
0.4242 0.300359
0.4243 0.300768
0.4244 0.301161
0.4245 0.301565
0.4246 0.301971
0.4247 0.30238
0.4248 0.302788
0.4249 0.303195
0.425 0.303602
0.4251 0.303932
0.4252 0.304262
0.4253 0.304592
0.4254 0.304919
0.4255 0.305256
0.4256 0.30558
0.4257 0.305897
0.4258 0.306229
0.4259 0.306566
0.426 0.306894
0.4261 0.307216
0.4262 0.307544
0.4263 0.307878
0.4264 0.308206
0.4265 0.308543
0.4266 0.308925
0.4267 0.309296
0.4268 0.309674
0.4269 0.310047
0.427 0.310424
0.4271 0.310794
0.4272 0.311136
0.4273 0.311478
0.4274 0.31182
0.4275 0.312183
0.4276 0.312551
0.4277 0.312905
0.4278 0.313256
0.4279 0.313618
0.428 0.313972
0.4281 0.314328
0.4282 0.314685
0.4283 0.315041
0.4284 0.315398
0.4285 0.315755
0.4286 0.316071
0.4287 0.316287
0.4288 0.316503
0.4289 0.316719
0.429 0.316935
0.4291 0.31715
0.4292 0.317368
0.4293 0.317585
0.4294 0.3178
0.4295 0.31801
0.4296 0.318237
0.4297 0.318461
0.4298 0.318663
0.4299 0.318865
0.43 0.319065
0.4301 0.319302
0.4302 0.319538
0.4303 0.31977
0.4304 0.320007
0.4305 0.320239
0.4306 0.320454
0.4307 0.320644
0.4308 0.320835
0.4309 0.321021
0.431 0.321217
0.4311 0.321406
0.4312 0.32159
0.4313 0.32178
0.4314 0.321972
0.4315 0.322171
0.4316 0.322364
0.4317 0.322542
0.4318 0.322703
0.4319 0.322976
0.432 0.323255
0.4321 0.32353
0.4322 0.323785
0.4323 0.324033
0.4324 0.324285
0.4325 0.324544
0.4326 0.324807
0.4327 0.325067
0.4328 0.325336
0.4329 0.325607
0.433 0.325886
0.4331 0.326153
0.4332 0.326421
0.4333 0.326689
0.4334 0.326946
0.4335 0.327195
0.4336 0.327448
0.4337 0.327689
0.4338 0.327938
0.4339 0.328192
0.434 0.328448
0.4341 0.32871
0.4342 0.328955
0.4343 0.329253
0.4344 0.329548
0.4345 0.329844
0.4346 0.330126
0.4347 0.330411
0.4348 0.330688
0.4349 0.33093
0.435 0.331175
0.4351 0.331407
0.4352 0.331643
0.4353 0.331904
0.4354 0.332168
0.4355 0.332431
0.4356 0.332685
0.4357 0.332944
0.4358 0.333221
0.4359 0.333494
0.436 0.333742
0.4361 0.333994
0.4362 0.334256
0.4363 0.334518
0.4364 0.334782
0.4365 0.335038
0.4366 0.3353
0.4367 0.335559
0.4368 0.33582
0.4369 0.33608
0.437 0.336339
0.4371 0.3366
0.4372 0.33686
0.4373 0.33712
0.4374 0.33738
0.4375 0.33764
0.4376 0.337707
0.4377 0.337773
0.4378 0.337839
0.4379 0.337905
0.438 0.337971
0.4381 0.338038
0.4382 0.338105
0.4383 0.338169
0.4384 0.338235
0.4385 0.338301
0.4386 0.338374
0.4387 0.338432
0.4388 0.338499
0.4389 0.338566
0.439 0.338645
0.4391 0.338705
0.4392 0.338755
0.4393 0.338823
0.4394 0.338894
0.4395 0.338955
0.4396 0.339021
0.4397 0.339098
0.4398 0.33919
0.4399 0.339272
0.44 0.339355
0.4401 0.3394
0.4402 0.339446
0.4403 0.339483
0.4404 0.339517
0.4405 0.339557
0.4406 0.339631
0.4407 0.339697
0.4408 0.339768
0.4409 0.339845
0.441 0.339925
0.4411 0.339999
0.4412 0.34007
0.4413 0.340129
0.4414 0.340191
0.4415 0.340241
0.4416 0.340299
0.4417 0.34036
0.4418 0.340424
0.4419 0.340492
0.442 0.340566
0.4421 0.340638
0.4422 0.340693
0.4423 0.340733
0.4424 0.340874
0.4425 0.341006
0.4426 0.341124
0.4427 0.341247
0.4428 0.341377
0.4429 0.341502
0.443 0.341625
0.4431 0.341752
0.4432 0.34187
0.4433 0.341961
0.4434 0.34205
0.4435 0.342138
0.4436 0.34224
0.4437 0.342355
0.4438 0.34246
0.4439 0.342559
0.444 0.342665
0.4441 0.342769
0.4442 0.342873
0.4443 0.342976
0.4444 0.34308
0.4445 0.343123
0.4446 0.343118
0.4447 0.343113
0.4448 0.343107
0.4449 0.343101
0.445 0.343101
0.4451 0.343087
0.4452 0.343088
0.4453 0.343093
0.4454 0.343076
0.4455 0.343057
0.4456 0.343039
0.4457 0.343036
0.4458 0.343049
0.4459 0.343067
0.446 0.34308
0.4461 0.343095
0.4462 0.343111
0.4463 0.343126
0.4464 0.343141
0.4465 0.343115
0.4466 0.343075
0.4467 0.343033
0.4468 0.342999
0.4469 0.342947
0.447 0.342895
0.4471 0.342857
0.4472 0.342826
0.4473 0.342793
0.4474 0.342755
0.4475 0.342707
0.4476 0.342661
0.4477 0.342604
0.4478 0.342555
0.4479 0.342508
0.448 0.342468
0.4481 0.342428
0.4482 0.342387
0.4483 0.342349
0.4484 0.342322
0.4485 0.342295
0.4486 0.34227
0.4487 0.34225
0.4488 0.342223
0.4489 0.342191
0.449 0.342148
0.4491 0.342089
0.4492 0.34202
0.4493 0.341953
0.4494 0.341892
0.4495 0.341816
0.4496 0.341733
0.4497 0.34164
0.4498 0.341533
0.4499 0.341405
0.45 0.341222
0.4501 0.341497
0.4502 0.341717
0.4503 0.341916
0.4504 0.342101
0.4505 0.342276
0.4506 0.342444
0.4507 0.34261
0.4508 0.342758
0.4509 0.342897
0.451 0.343041
0.4511 0.34319
0.4512 0.343345
0.4513 0.343493
0.4514 0.343642
0.4515 0.343771
0.4516 0.343907
0.4517 0.344016
0.4518 0.344121
0.4519 0.344233
0.452 0.344322
0.4521 0.344402
0.4522 0.344483
0.4523 0.344573
0.4524 0.344659
0.4525 0.344734
0.4526 0.344813
0.4527 0.344872
0.4528 0.344947
0.4529 0.345023
0.453 0.345101
0.4531 0.345178
0.4532 0.345265
0.4533 0.345355
0.4534 0.345447
0.4535 0.34554
0.4536 0.345625
0.4537 0.345691
0.4538 0.34579
0.4539 0.345872
0.454 0.345957
0.4541 0.346042
0.4542 0.346127
0.4543 0.346212
0.4544 0.346297
0.4545 0.346382
0.4546 0.346488
0.4547 0.346612
0.4548 0.346736
0.4549 0.34686
0.455 0.346982
0.4551 0.347107
0.4552 0.347233
0.4553 0.347353
0.4554 0.347476
0.4555 0.347607
0.4556 0.347733
0.4557 0.347853
0.4558 0.347954
0.4559 0.348058
0.456 0.348218
0.4561 0.348372
0.4562 0.34851
0.4563 0.348637
0.4564 0.348752
0.4565 0.348875
0.4566 0.348987
0.4567 0.3491
0.4568 0.349204
0.4569 0.349291
0.457 0.349405
0.4571 0.34951
0.4572 0.349623
0.4573 0.34974
0.4574 0.349863
0.4575 0.349977
0.4576 0.350084
0.4577 0.350198
0.4578 0.350312
0.4579 0.350426
0.458 0.350539
0.4581 0.350652
0.4582 0.350765
0.4583 0.350878
0.4584 0.351016
0.4585 0.351166
0.4586 0.351316
0.4587 0.351467
0.4588 0.351616
0.4589 0.351768
0.459 0.351915
0.4591 0.352068
0.4592 0.352222
0.4593 0.352362
0.4594 0.35251
0.4595 0.35266
0.4596 0.352818
0.4597 0.352973
0.4598 0.353142
0.4599 0.353294
0.46 0.353448
0.4601 0.35359
0.4602 0.353738
0.4603 0.353873
0.4604 0.353993
0.4605 0.354103
0.4606 0.354253
0.4607 0.354411
0.4608 0.354551
0.4609 0.354686
0.461 0.354827
0.4611 0.354967
0.4612 0.355108
0.4613 0.355249
0.4614 0.35539
0.4615 0.35553
0.4616 0.355691
0.4617 0.355864
0.4618 0.356037
0.4619 0.356212
0.462 0.356385
0.4621 0.356555
0.4622 0.356735
0.4623 0.356907
0.4624 0.357073
0.4625 0.357242
0.4626 0.357422
0.4627 0.357601
0.4628 0.357788
0.4629 0.35797
0.463 0.358147
0.4631 0.358318
0.4632 0.358496
0.4633 0.358657
0.4634 0.358814
0.4635 0.358954
0.4636 0.359084
0.4637 0.359207
0.4638 0.359334
0.4639 0.359464
0.464 0.359577
0.4641 0.359684
0.4642 0.359774
0.4643 0.359873
0.4644 0.360203
0.4645 0.360502
0.4646 0.360788
0.4647 0.361066
0.4648 0.36134
0.4649 0.361596
0.465 0.361844
0.4651 0.362096
0.4652 0.362355
0.4653 0.362616
0.4654 0.362883
0.4655 0.363149
0.4656 0.363406
0.4657 0.363666
0.4658 0.36393
0.4659 0.364191
0.466 0.36442
0.4661 0.364645
0.4662 0.36487
0.4663 0.365113
0.4664 0.365352
0.4665 0.36559
0.4666 0.365828
0.4667 0.366045
0.4668 0.366217
0.4669 0.366391
0.467 0.366561
0.4671 0.366742
0.4672 0.366903
0.4673 0.367063
0.4674 0.367224
0.4675 0.367421
0.4676 0.367615
0.4677 0.367813
0.4678 0.368006
0.4679 0.368195
0.468 0.368397
0.4681 0.3686
0.4682 0.368785
0.4683 0.368978
0.4684 0.369173
0.4685 0.369367
0.4686 0.369561
0.4687 0.369754
0.4688 0.3699
0.4689 0.369996
0.469 0.370093
0.4691 0.370189
0.4692 0.370285
0.4693 0.370382
0.4694 0.370486
0.4695 0.370569
0.4696 0.370666
0.4697 0.370767
0.4698 0.370859
0.4699 0.370955
0.47 0.371047
0.4701 0.371178
0.4702 0.371306
0.4703 0.371422
0.4704 0.371538
0.4705 0.371653
0.4706 0.371763
0.4707 0.371821
0.4708 0.37188
0.4709 0.371935
0.471 0.371999
0.4711 0.372068
0.4712 0.372124
0.4713 0.372161
0.4714 0.372202
0.4715 0.37224
0.4716 0.372275
0.4717 0.372314
0.4718 0.372362
0.4719 0.372408
0.472 0.372435
0.4721 0.372457
0.4722 0.372456
0.4723 0.372597
0.4724 0.372759
0.4725 0.372906
0.4726 0.373051
0.4727 0.373191
0.4728 0.373317
0.4729 0.373427
0.473 0.373536
0.4731 0.373637
0.4732 0.373741
0.4733 0.373851
0.4734 0.373959
0.4735 0.374069
0.4736 0.374178
0.4737 0.37429
0.4738 0.374421
0.4739 0.374553
0.474 0.374684
0.4741 0.374812
0.4742 0.374949
0.4743 0.375085
0.4744 0.375212
0.4745 0.37533
0.4746 0.375453
0.4747 0.375581
0.4748 0.375705
0.4749 0.37583
0.475 0.375955
0.4751 0.376102
0.4752 0.376249
0.4753 0.376397
0.4754 0.376541
0.4755 0.376692
0.4756 0.376844
0.4757 0.376988
0.4758 0.377115
0.4759 0.377264
0.476 0.377404
0.4761 0.377545
0.4762 0.377688
0.4763 0.37785
0.4764 0.378011
0.4765 0.378172
0.4766 0.378334
0.4767 0.378502
0.4768 0.378664
0.4769 0.378821
0.477 0.378961
0.4771 0.379093
0.4772 0.379216
0.4773 0.379362
0.4774 0.379602
0.4775 0.379828
0.4776 0.380038
0.4777 0.380255
0.4778 0.380475
0.4779 0.380693
0.478 0.380896
0.4781 0.381095
0.4782 0.381299
0.4783 0.381485
0.4784 0.381644
0.4785 0.381803
0.4786 0.381962
0.4787 0.382136
0.4788 0.382309
0.4789 0.382486
0.479 0.38266
0.4791 0.382833
0.4792 0.382986
0.4793 0.383095
0.4794 0.383204
0.4795 0.383312
0.4796 0.383422
0.4797 0.38353
0.4798 0.383653
0.4799 0.383777
0.48 0.383899
0.4801 0.383982
0.4802 0.384067
0.4803 0.38415
0.4804 0.38422
0.4805 0.384288
0.4806 0.384363
0.4807 0.384425
0.4808 0.384508
0.4809 0.384659
0.481 0.3848
0.4811 0.384924
0.4812 0.385039
0.4813 0.385157
0.4814 0.385275
0.4815 0.385396
0.4816 0.38553
0.4817 0.385661
0.4818 0.3858
0.4819 0.385927
0.482 0.386056
0.4821 0.386186
0.4822 0.386324
0.4823 0.38647
0.4824 0.386615
0.4825 0.386761
0.4826 0.3869
0.4827 0.38704
0.4828 0.387187
0.4829 0.387343
0.483 0.387499
0.4831 0.387657
0.4832 0.387799
0.4833 0.387929
0.4834 0.388111
0.4835 0.388309
0.4836 0.388506
0.4837 0.388702
0.4838 0.388885
0.4839 0.389062
0.484 0.389215
0.4841 0.389373
0.4842 0.389539
0.4843 0.389703
0.4844 0.389855
0.4845 0.389971
0.4846 0.390087
0.4847 0.390203
0.4848 0.390332
0.4849 0.390442
0.485 0.390541
0.4851 0.390627
0.4852 0.390715
0.4853 0.390794
0.4854 0.390943
0.4855 0.391073
0.4856 0.391194
0.4857 0.391317
0.4858 0.391451
0.4859 0.391587
0.486 0.391718
0.4861 0.39185
0.4862 0.391992
0.4863 0.392137
0.4864 0.392277
0.4865 0.392419
0.4866 0.392571
0.4867 0.392725
0.4868 0.392863
0.4869 0.393029
0.487 0.393214
0.4871 0.393394
0.4872 0.393565
0.4873 0.393715
0.4874 0.393875
0.4875 0.394034
0.4876 0.394155
0.4877 0.394274
0.4878 0.394403
0.4879 0.39451
0.488 0.394606
0.4881 0.394701
0.4882 0.394843
0.4883 0.394969
0.4884 0.395097
0.4885 0.395234
0.4886 0.395366
0.4887 0.395506
0.4888 0.395648
0.4889 0.39579
0.489 0.39594
0.4891 0.396083
0.4892 0.396248
0.4893 0.396423
0.4894 0.396584
0.4895 0.396737
0.4896 0.396887
0.4897 0.39701
0.4898 0.397138
0.4899 0.397246
0.49 0.397346
0.4901 0.397485
0.4902 0.397613
0.4903 0.39775
0.4904 0.397884
0.4905 0.398026
0.4906 0.398169
0.4907 0.398316
0.4908 0.398473
0.4909 0.398641
0.491 0.398791
0.4911 0.398937
0.4912 0.399064
0.4913 0.399182
0.4914 0.399296
0.4915 0.399428
0.4916 0.399563
0.4917 0.3997
0.4918 0.399841
0.4919 0.399987
0.492 0.400144
0.4921 0.4003
0.4922 0.400448
0.4923 0.400577
0.4924 0.400693
0.4925 0.400822
0.4926 0.400956
0.4927 0.401095
0.4928 0.401238
0.4929 0.401388
0.493 0.401542
0.4931 0.401683
0.4932 0.401807
0.4933 0.401934
0.4934 0.402069
0.4935 0.402208
0.4936 0.402353
0.4937 0.402508
0.4938 0.402647
0.4939 0.402769
0.494 0.402904
0.4941 0.403043
0.4942 0.403187
0.4943 0.403339
0.4944 0.403472
0.4945 0.4036
0.4946 0.403738
0.4947 0.403882
0.4948 0.40403
0.4949 0.404157
0.495 0.404293
0.4951 0.404434
0.4952 0.404583
0.4953 0.404712
0.4954 0.404849
0.4955 0.404995
0.4956 0.405131
0.4957 0.405265
0.4958 0.40541
0.4959 0.405545
0.496 0.405682
0.4961 0.405827
0.4962 0.40596
0.4963 0.406103
0.4964 0.406238
0.4965 0.406379
0.4966 0.406515
0.4967 0.406657
0.4968 0.406792
0.4969 0.406933
0.497 0.407072
0.4971 0.407209
0.4972 0.407348
0.4973 0.407487
0.4974 0.407626
0.4975 0.407765
0.4976 0.407903
0.4977 0.408042
0.4978 0.40818
0.4979 0.408318
0.498 0.408457
0.4981 0.408596
0.4982 0.408734
0.4983 0.408873
0.4984 0.409012
0.4985 0.40915
0.4986 0.409289
0.4987 0.409428
0.4988 0.409566
0.4989 0.409705
0.499 0.409843
0.4991 0.409982
0.4992 0.410121
0.4993 0.410259
0.4994 0.410398
0.4995 0.410537
0.4996 0.410675
0.4997 0.410814
0.4998 0.410953
0.4999 0.411091
0.5 0.411229
