Command line:- ../do_t 323 1000000
1: 1 289 -172558 323
2: -1 289 171114 323
3: 1 -289 -870732 323
4: -1 -289 872176 323
1: 1 323 -209304 323
2: -1 323 208012 323
3: 1 -323 -833986 323
4: -1 -323 835278 323
1: 1 361 -242182 323
2: -1 361 241026 323
3: 1 -361 -801108 323
4: -1 -361 802264 323
1: 1 967 -417316 323
3: 1 -967 -625974 323
2: -1 971 417316 323
4: -1 -971 625974 323
1: 1 5491 -503272 323
2: -1 5491 503196 323
3: 1 -5491 -540018 323
4: -1 -5491 540094 323
1: 1 6137 -505206 323
2: -1 6137 505138 323
3: 1 -6137 -538084 323
4: -1 -6137 538152 323
1: 1 16439 -515508 323
3: 1 -16439 -527782 323
2: -1 16507 515508 323
4: -1 -16507 527782 323
1: 1 18373 -516154 323
3: 1 -18373 -527136 323
2: -1 18449 516154 323
4: -1 -18449 527136 323
1: 1 104329 -520678 323
2: -1 104329 520674 323
3: 1 -104329 -522612 323
4: -1 -104329 522616 323
1: 1 279463 -521284 323
3: 1 -279463 -522006 323
2: -1 280619 521284 323
4: -1 -280619 522006 323
1: 1 312341 -521322 323
3: 1 -312341 -521968 323
2: -1 313633 521322 323
4: -1 -313633 521968 323
1: 1 349087 -521356 323
3: 1 -349087 -521934 323
2: -1 350531 521356 323
4: -1 -350531 521934 323
1: 2 85 331398 323
3: 2 -85 -853043 323
1: 2 95 269059 323
3: 2 -95 -790704 323
2: -2 119 -165699 323
4: -2 -119 687344 323
2: -2 133 -120802 323
4: -2 -133 642447 323
2: -2 139 -104329 323
4: -2 -139 625974 323
3: 2 -193 -521645 323
1: 2 289 -86640 323
2: -2 289 85196 323
3: 2 -289 -435005 323
4: -2 -289 436449 323
1: 2 323 -104975 323
2: -2 323 103683 323
3: 2 -323 -416670 323
4: -2 -323 417962 323
1: 2 361 -121380 323
2: -2 361 120224 323
3: 2 -361 -400265 323
4: -2 -361 401421 323
1: 2 965 -208658 323
3: 2 -965 -312987 323
2: -2 973 208658 323
4: -2 -973 312987 323
1: 2 1445 -225986 323
3: 2 -1445 -295659 323
1: 2 1615 -229653 323
3: 2 -1615 -291992 323
1: 2 1805 -232934 323
3: 2 -1805 -288711 323
2: -2 2023 235733 323
4: -2 -2023 285912 323
2: -2 2261 238374 323
4: -2 -2261 283271 323
2: -2 2363 239343 323
4: -2 -2363 282302 323
2: -2 2527 240737 323
4: -2 -2527 280908 323
2: -2 2641 241604 323
4: -2 -2641 280041 323
1: 2 3281 -245480 323
3: 2 -3281 -276165 323
1: 2 3667 -247095 323
3: 2 -3667 -274550 323
1: 2 5491 -251655 323
2: -2 5491 251579 323
3: 2 -5491 -269990 323
4: -2 -5491 270066 323
1: 2 6137 -252620 323
2: -2 6137 252552 323
3: 2 -6137 -269025 323
4: -2 -6137 269093 323
1: 2 16405 -257754 323
3: 2 -16405 -263891 323
2: -2 16541 257754 323
4: -2 -16541 263891 323
1: 2 18335 -258077 323
3: 2 -18335 -263568 323
2: -2 18487 258077 323
4: -2 -18487 263568 323
1: 2 27455 -258989 323
3: 2 -27455 -262656 323
1: 2 30685 -259182 323
3: 2 -30685 -262463 323
2: -2 38437 259502 323
4: -2 -38437 262143 323
2: -2 40171 259559 323
4: -2 -40171 262086 323
2: -2 42959 259641 323
4: -2 -42959 262004 323
2: -2 44897 259692 323
4: -2 -44897 261953 323
2: -2 50179 259811 323
4: -2 -50179 261834 323
1: 2 55777 -259920 323
3: 2 -55777 -261725 323
1: 2 62339 -260015 323
3: 2 -62339 -261630 323
1: 2 69673 -260100 323
3: 2 -69673 -261545 323
1: 2 104329 -260340 323
2: -2 104329 260336 323
3: 2 -104329 -261305 323
4: -2 -104329 261309 323
1: 2 278885 -260642 323
3: 2 -278885 -261003 323
2: -2 281197 260642 323
4: -2 -281197 261003 323
1: 2 311695 -260661 323
3: 2 -311695 -260984 323
2: -2 314279 260661 323
4: -2 -314279 260984 323
1: 2 348365 -260678 323
3: 2 -348365 -260967 323
2: -2 351253 260678 323
4: -2 -351253 260967 323
1: 2 521645 -260726 323
3: 2 -521645 -260919 323
2: -2 730303 260753 323
4: -2 -730303 260892 323
2: -2 763249 260756 323
4: -2 -763249 260889 323
2: -2 853043 260763 323
4: -2 -853043 260882 323
2: -3 51 -490960 323
4: -3 -57 768740 323
4: -3 -75 625974 323
3: 3 -153 -392768 323
1: 3 171 21964 323
4: -3 -255 306850 323
2: -3 285 54910 323
2: -3 663 122740 323
4: -3 -741 219640 323
4: -3 -867 212990 323
3: 3 -963 -208658 323
2: -3 969 138890 323
4: -3 -975 208658 323
4: -3 -1083 205190 323
2: -3 1275 147288 323
4: -3 -1425 197676 323
1: 3 2601 -161006 323
3: 3 -2907 -185402 323
1: 3 3249 -163574 323
4: -3 -3315 184110 323
2: -3 3705 164730 323
2: -3 4335 166060 323
4: -3 -4845 180880 323
2: -3 5415 167620 323
4: -3 -11271 176890 323
2: -3 12597 171190 323
4: -3 -14079 176290 323
1: 3 16371 -171836 323
4: -3 -16473 175940 323
2: -3 16575 171836 323
3: 3 -18297 -175712 323
2: -3 18411 172040 323
4: -3 -18525 175712 323
4: -3 -21675 175446 323
2: -3 24225 172482 323
4: -3 -27075 175134 323
1: 3 49419 -173204 323
3: 3 -55233 -174488 323
2: -3 56355 173280 323
4: -3 -62985 174420 323
2: -3 70395 173400 323
2: -3 82365 173470 323
4: -3 -92055 174250 323
4: -3 -214149 174040 323
2: -3 239343 173740 323
3: 3 -278307 -174002 323
4: -3 -281775 174002 323
1: 3 311049 -173774 323
4: -3 -312987 173990 323
2: -3 314925 173774 323
3: 3 -347643 -173978 323
4: -3 -351975 173978 323
4: -3 -411825 173964 323
2: -3 460275 173808 323
1: 3 938961 -173846 323
3: 4 -31 -938961 323
1: 4 289 -43681 323
2: -4 289 42237 323
3: 4 -323 -208012 323
4: -4 -323 209304 323
1: 4 361 -60979 323
2: -4 361 59823 323
3: 4 -527 -177973 323
1: 4 589 -87856 323
1: 4 961 -104329 323
2: -4 977 104329 323
3: 4 -5491 -134976 323
4: -4 -5491 135052 323
1: 4 6137 -126327 323
2: -4 6137 126259 323
3: 4 -8959 -133209 323
1: 4 10013 -127908 323
3: 4 -11191 -132651 323
1: 4 16337 -128877 323
2: -4 16609 128877 323
3: 4 -18259 -131784 323
4: -4 -18563 131784 323
1: 4 104329 -130171 323
2: -4 104329 130167 323
1: 4 170221 -130264 323
3: 4 -190247 -130543 323
1: 4 277729 -130321 323
2: -4 282353 130321 323
3: 4 -310403 -130492 323
4: -4 -315571 130492 323
1: 4 346921 -130339 323
2: -4 352697 130339 323
1: 6 33 417316 323
1: 6 51 239343 323
3: 6 -57 -378879 323
1: 6 87 104329 323
2: -6 153 -24548 323
4: -6 -171 186694 323
3: 6 -561 -116603 323
1: 6 627 -60401 323
3: 6 -867 -106134 323
3: 6 -957 -104329 323
1: 6 969 -69768 323
4: -6 -981 104329 323
3: 6 -1083 -102306 323
3: 6 -1479 -98192 323
1: 6 1653 -76874 323
4: -6 -2601 93499 323
2: -6 2907 81073 323
4: -6 -3249 92191 323
1: 6 9537 -85196 323
3: 6 -10659 -88502 323
1: 6 11913 -85544 323
1: 6 16269 -85918 323
3: 6 -16473 -87951 323
2: -6 16677 85918 323
3: 6 -18183 -87856 323
1: 6 18411 -86037 323
4: -6 -18639 87856 323
1: 6 25143 -86279 323
3: 6 -28101 -87533 323
1: 6 31407 -86411 323
4: -6 -49419 87286 323
2: -6 55233 86632 323
1: 6 181203 -86849 323
3: 6 -202521 -87023 323
3: 6 -276573 -87001 323
4: -6 -283509 87001 323
1: 6 309111 -86887 323
3: 6 -312987 -86994 323
2: -6 316863 86887 323
3: 6 -345477 -86989 323
4: -6 -354141 86989 323
1: 6 477717 -86906 323
3: 6 -533919 -86972 323
4: -6 -938961 86959 323
3: 7 -19 -823650 323
4: -7 -19 845614 323
1: 7 289 -25270 323
2: -7 289 23826 323
3: 7 -1615 -83334 323
3: 7 -6137 -76840 323
4: -7 -6137 76908 323
1: 7 16235 -73644 323
2: -7 16711 73644 323
1: 7 61693 -74290 323
3: 7 -344755 -74562 323
4: -7 -354863 74562 323
3: 7 -521645 -74548 323
3: 8 -19 -719321 323
4: -8 -19 741285 323
2: -8 85 -85918 323
3: 8 -323 -103683 323
4: -8 -323 104975 323
2: -8 1445 56316 323
2: -8 1805 58089 323
2: -8 3349 61370 323
3: 8 -5491 -67469 323
4: -8 -5491 67545 323
3: 8 -18107 -65892 323
4: -8 -18715 65892 323
2: -8 30685 64787 323
2: -8 56933 64980 323
2: -8 71117 65025 323
3: 8 -307819 -65246 323
4: -8 -318155 65246 323
2: -8 521645 65181 323
4: -9 -51 282302 323
2: -9 57 -142766 323
2: -9 867 44764 323
4: -9 -969 69768 323
2: -9 1083 47396 323
2: -9 16473 57266 323
4: -9 -18411 58582 323
2: -9 312987 57924 323
1: 11 361 -22542 323
2: -11 361 21386 323
3: 11 -5491 -49058 323
4: -11 -5491 49134 323
1: 11 341867 -47396 323
2: -11 357751 47396 323
3: 12 -135 -104329 323
3: 12 -459 -61370 323
1: 12 513 -27455 323
4: -12 -867 53428 323
2: -12 969 34561 323
4: -12 -1083 51442 323
1: 12 16065 -42959 323
2: -12 16881 42959 323
3: 12 -17955 -43928 323
4: -12 -18867 43928 323
3: 12 -39015 -43681 323
1: 12 43605 -43282 323
3: 12 -48735 -43639 323
1: 12 54621 -43320 323
3: 12 -61047 -43605 323
1: 12 68229 -43350 323
1: 12 148257 -43415 323
3: 12 -165699 -43520 323
4: -12 -312987 43498 323
1: 13 17 405042 323
2: -13 17 -429590 323
2: -13 95 -43928 323
1: 13 6647 -38988 323
3: 13 -8303 -41038 323
3: 13 -13243 -40698 323
1: 13 104329 -40054 323
2: -13 104329 40050 323
3: 14 -19 -406334 323
4: -14 -19 428298 323
1: 14 289 -12996 323
2: -14 289 11552 323
3: 14 -6137 -38403 323
4: -14 -6137 38471 323
1: 14 15997 -36822 323
2: -14 16949 36822 323
3: 14 -339701 -37281 323
4: -14 -359917 37281 323
4: -16 -11 625974 323
4: -16 -91 104329 323
2: -16 133 -16473 323
4: -16 -187 67507 323
4: -16 -1547 36822 323
2: -16 2261 29716 323
4: -16 -3179 34656 323
2: -16 4693 31212 323
3: 16 -17803 -32946 323
4: -16 -19019 32946 323
4: -16 -26299 32851 323
2: -16 27797 32368 323
2: -16 38437 32433 323
2: -16 79781 32521 323
3: 16 -302651 -32623 323
4: -16 -323323 32623 323
2: -16 472549 32589 323
1: 17 11 490960 323
3: 17 -11 -552330 323
1: 17 19 271320 323
2: -17 19 -293284 323
3: 17 -19 -332690 323
4: -17 -19 354654 323
1: 17 55 73644 323
3: 17 -55 -135014 323
2: -17 59 -73644 323
4: -17 -59 135014 323
1: 17 95 29716 323
3: 17 -95 -91086 323
1: 17 209 -3230 323
3: 17 -209 -58140 323
1: 17 289 -10830 323
2: -17 289 9386 323
3: 17 -289 -50540 323
4: -17 -289 51984 323
1: 17 361 -14790 323
2: -17 361 13634 323
3: 17 -361 -46580 323
4: -17 -361 47736 323
1: 17 1045 -25194 323
3: 17 -1045 -36176 323
2: -17 1121 25194 323
4: -17 -1121 36176 323
1: 17 1445 -26714 323
3: 17 -1445 -34656 323
1: 17 1805 -27506 323
3: 17 -1805 -33864 323
1: 17 3179 -28880 323
3: 17 -3179 -32490 323
1: 17 3971 -29240 323
3: 17 -3971 -32130 323
1: 17 5491 -29640 323
2: -17 5491 29564 323
3: 17 -5491 -31730 323
4: -17 -5491 31806 323
1: 17 15895 -30324 323
3: 17 -15895 -31046 323
2: -17 17051 30324 323
4: -17 -17051 31046 323
1: 17 19855 -30396 323
3: 17 -19855 -30974 323
2: -17 21299 30396 323
4: -17 -21299 30974 323
1: 17 27455 -30476 323
3: 17 -27455 -30894 323
1: 17 60401 -30590 323
3: 17 -60401 -30780 323
1: 17 104329 -30630 323
2: -17 104329 30626 323
3: 17 -104329 -30740 323
4: -17 -104329 30744 323
1: 17 302005 -30666 323
3: 17 -302005 -30704 323
2: -17 323969 30666 323
4: -17 -323969 30704 323
1: 17 521645 -30674 323
3: 17 -521645 -30696 323
4: -18 -15 417316 323
3: 18 -51 -135014 323
1: 18 57 65892 323
2: -18 255 6137 323
4: -18 -285 49419 323
1: 18 867 -22743 323
3: 18 -969 -34561 323
1: 18 1083 -23987 323
4: -18 -3417 30685 323
2: -18 3819 27455 323
4: -18 -4335 30324 323
2: -18 4845 27778 323
4: -18 -5415 30056 323
1: 18 16473 -28652 323
3: 18 -18411 -29274 323
2: -18 58089 28880 323
4: -18 -64923 29070 323
2: -18 72561 28900 323
4: -18 -82365 29051 323
2: -18 92055 28917 323
1: 18 312987 -28963 323
1: 19 7 702848 323
3: 19 -7 -757758 323
1: 19 17 273258 323
2: -19 17 -297806 323
3: 19 -17 -328168 323
4: -19 -17 352716 323
1: 19 49 76874 323
3: 19 -49 -131784 323
2: -19 53 -76874 323
4: -19 -53 131784 323
1: 19 119 15504 323
3: 19 -119 -70414 323
1: 19 289 -9766 323
2: -19 289 8322 323
3: 19 -289 -45144 323
4: -19 -289 46588 323
1: 19 361 -13294 323
2: -19 361 12138 323
3: 19 -361 -41616 323
4: -19 -361 42772 323
1: 19 833 -21318 323
3: 19 -833 -33592 323
2: -19 901 21318 323
4: -19 -901 33592 323
1: 19 2023 -24928 323
3: 19 -2023 -29982 323
1: 19 2527 -25432 323
3: 19 -2527 -29478 323
1: 19 6137 -26622 323
2: -19 6137 26554 323
3: 19 -6137 -28288 323
4: -19 -6137 28356 323
1: 19 14161 -27094 323
3: 19 -14161 -27816 323
2: -19 15317 27094 323
4: -19 -15317 27816 323
1: 19 17689 -27166 323
3: 19 -17689 -27744 323
2: -19 19133 27166 323
4: -19 -19133 27744 323
1: 19 42959 -27336 323
3: 19 -42959 -27574 323
1: 19 104329 -27406 323
2: -19 104329 27402 323
3: 19 -104329 -27504 323
4: -19 -104329 27508 323
1: 19 300713 -27438 323
3: 19 -300713 -27472 323
2: -19 325261 27438 323
4: -19 -325261 27472 323
1: 19 730303 -27448 323
3: 19 -730303 -27462 323
2: -21 51 -73644 323
4: -21 -1083 29478 323
1: 21 2907 -23256 323
1: 21 15759 -24548 323
2: -21 17187 24548 323
3: 21 -334647 -24854 323
4: -21 -364971 24854 323
1: 22 361 -11560 323
2: -22 361 10404 323
3: 22 -475 -32946 323
3: 22 -629 -30685 323
1: 22 1615 -20995 323
3: 22 -5491 -24510 323
4: -22 -5491 24586 323
1: 22 7225 -23104 323
1: 22 333925 -23698 323
2: -22 365693 23698 323
1: 23 19 197676 323
2: -23 19 -219640 323
4: -23 -119 61370 323
2: -23 1445 19494 323
4: -23 -2465 24548 323
1: 23 6137 -21998 323
2: -23 6137 21930 323
4: -23 -10469 23120 323
4: -23 -38437 22800 323
2: -23 65569 22610 323
4: -23 -796195 22686 323
3: 24 -867 -26353 323
3: 24 -1083 -25432 323
4: -24 -2907 23256 323
3: 24 -17499 -21964 323
4: -24 -19323 21964 323
3: 24 -312987 -21748 323
1: 26 17 196384 323
2: -26 17 -220932 323
1: 26 2227 -18411 323
3: 26 -38437 -20159 323
1: 26 104329 -20028 323
2: -26 104329 20024 323
2: -27 561 12274 323
4: -27 -11913 19652 323
3: 27 -59109 -19380 323
4: -27 -181203 19342 323
3: 28 -19 -197676 323
4: -28 -19 219640 323
3: 28 -187 -36822 323
1: 28 289 -6859 323
2: -28 289 5415 323
1: 28 1577 -16473 323
4: -28 -1615 20995 323
2: -28 9025 18207 323
1: 28 15521 -18411 323
2: -28 17425 18411 323
3: 28 -23987 -18772 323
4: -28 -137275 18658 323
2: -28 251617 18615 323
4: -29 -247 32946 323
2: -29 71383 17936 323
3: 31 -17 -196384 323
4: -31 -17 220932 323
1: 31 104329 -16798 323
2: -31 104329 16794 323
1: 32 85 18411 323
3: 32 -17195 -16473 323
4: -32 -19627 16473 323
1: 32 52309 -16245 323
3: 33 -57 -65892 323
3: 33 -7581 -16184 323
2: -33 16245 15606 323
3: 33 -37281 -15884 323
1: 34 19 130169 323
2: -34 19 -152133 323
3: 34 -19 -160854 323
4: -34 -19 182818 323
1: 34 53 36822 323
3: 34 -53 -67507 323
2: -34 61 -36822 323
4: -34 -61 67507 323
1: 34 289 -5776 323
2: -34 289 4332 323
3: 34 -289 -24909 323
4: -34 -289 26353 323
1: 34 361 -7684 323
2: -34 361 6528 323
3: 34 -361 -23001 323
4: -34 -361 24157 323
1: 34 1007 -12597 323
3: 34 -1007 -18088 323
2: -34 1159 12597 323
4: -34 -1159 18088 323
1: 34 5491 -14839 323
2: -34 5491 14763 323
3: 34 -5491 -15846 323
4: -34 -5491 15922 323
1: 34 15317 -15162 323
3: 34 -15317 -15523 323
2: -34 17629 15162 323
4: -34 -17629 15523 323
1: 34 19133 -15198 323
3: 34 -19133 -15487 323
2: -34 22021 15198 323
4: -34 -22021 15487 323
1: 34 104329 -15316 323
2: -34 104329 15312 323
3: 34 -104329 -15369 323
4: -34 -104329 15373 323
1: 34 291023 -15333 323
3: 34 -291023 -15352 323
2: -34 334951 15333 323
4: -34 -334951 15352 323
4: -36 -51 73644 323
2: -36 57 -38437 323
3: 36 -663 -18411 323
1: 36 741 -10982 323
1: 36 1173 -12274 323
3: 36 -1311 -16473 323
2: -36 16473 14307 323
4: -36 -18411 14654 323
1: 36 214149 -14478 323
3: 36 -239343 -14501 323
3: 36 -378879 -14497 323
1: 36 423453 -14484 323
2: -37 38437 14022 323
2: -38 5 -560082 323
4: -38 -5 587537 323
2: -38 11 -247095 323
4: -38 -11 274550 323
1: 38 17 130492 323
2: -38 17 -155040 323
3: 38 -17 -157947 323
4: -38 -17 182495 323
1: 38 47 38437 323
3: 38 -47 -65892 323
2: -38 55 -38437 323
4: -38 -55 65892 323
2: -38 85 -20026 323
4: -38 -85 47481 323
2: -38 187 -1615 323
4: -38 -187 29070 323
1: 38 289 -5244 323
2: -38 289 3800 323
3: 38 -289 -22211 323
4: -38 -289 23655 323
1: 38 361 -6936 323
2: -38 361 5780 323
3: 38 -361 -20519 323
4: -38 -361 21675 323
1: 38 799 -10659 323
3: 38 -799 -16796 323
2: -38 935 10659 323
4: -38 -935 16796 323
2: -38 1445 11742 323
4: -38 -1445 15713 323
2: -38 1805 12138 323
4: -38 -1805 15317 323
2: -38 3179 12825 323
4: -38 -3179 14630 323
2: -38 3971 13005 323
4: -38 -3971 14450 323
1: 38 6137 -13328 323
2: -38 6137 13260 323
3: 38 -6137 -14127 323
4: -38 -6137 14195 323
1: 38 13583 -13547 323
3: 38 -13583 -13908 323
2: -38 15895 13547 323
4: -38 -15895 13908 323
1: 38 16967 -13583 323
3: 38 -16967 -13872 323
2: -38 19855 13583 323
4: -38 -19855 13872 323
2: -38 30685 13634 323
4: -38 -30685 13821 323
2: -38 67507 13685 323
4: -38 -67507 13770 323
1: 38 104329 -13704 323
2: -38 104329 13700 323
3: 38 -104329 -13751 323
4: -38 -104329 13755 323
1: 38 288439 -13719 323
3: 38 -288439 -13736 323
2: -38 337535 13719 323
4: -38 -337535 13736 323
2: -38 521645 13722 323
4: -38 -521645 13733 323
4: -39 -867 16606 323
1: 39 29241 -13294 323
1: 41 5491 -12312 323
2: -41 5491 12236 323
1: 41 320207 -12716 323
2: -41 379411 12716 323
1: 42 51 30685 323
3: 42 -1083 -14450 323
1: 42 4335 -11913 323
1: 42 15045 -12274 323
2: -42 17901 12274 323
3: 42 -92055 -12444 323
3: 42 -319485 -12427 323
4: -42 -380133 12427 323
4: -42 -444771 12426 323
3: 43 -15011 -12274 323
4: -43 -17935 12274 323
3: 43 -318763 -12138 323
4: -43 -380855 12138 323
1: 44 361 -6069 323
2: -44 361 4913 323
2: -44 2869 10982 323
3: 44 -5491 -12236 323
4: -44 -5491 12312 323
4: -44 -43639 11913 323
1: 44 318041 -11849 323
2: -44 381577 11849 323
4: -44 -730303 11859 323
1: 46 19 93347 323
2: -46 19 -115311 323
1: 46 6137 -11016 323
2: -46 6137 10948 323
1: 47 7225 -10830 323
1: 47 16625 -10982 323
2: -47 20197 10982 323
1: 47 686375 -11096 323
3: 48 -171 -21964 323
4: -48 -1083 13005 323
3: 48 -16587 -10982 323
4: -48 -20235 10982 323
3: 48 -49419 -10906 323
2: -48 61557 10830 323
4: -48 -312987 10875 323
3: 49 -1139 -12274 323
3: 49 -6137 -10948 323
4: -49 -6137 11016 323
2: -49 595289 10642 323
3: 51 -3 -601426 323
2: -51 9 -233206 323
3: 51 -57 -41344 323
2: -51 63 -24548 323
2: -51 171 -2584 323
3: 51 -1083 -11866 323
2: -51 1197 8398 323
2: -51 2601 9386 323
2: -51 3249 9554 323
1: 51 14739 -10108 323
2: -51 18207 10108 323
2: -51 22743 10132 323
2: -51 49419 10184 323
1: 51 280041 -10222 323
2: -51 345933 10222 323
2: -51 938961 10226 323
1: 52 17 92055 323
2: -52 17 -116603 323
2: -52 10469 9826 323
1: 52 104329 -10015 323
2: -52 104329 10011 323
2: -53 1805 8670 323
2: -53 13889 9690 323
1: 54 399 -5491 323
1: 54 6069 -9386 323
3: 54 -128877 -9673 323
3: 56 -19 -93347 323
4: -56 -19 115311 323
2: -56 7429 9044 323
4: -57 -3 669902 323
1: 57 9 164730 323
3: 57 -45 -43928 323
2: -57 51 -29716 323
3: 57 -153 -19380 323
1: 57 765 -7106 323
4: -57 -867 11438 323
1: 57 2601 -8550 323
1: 57 3249 -8670 323
3: 57 -13005 -9272 323
3: 57 -16245 -9248 323
4: -57 -20577 9248 323
3: 57 -55233 -9180 323
1: 57 276165 -9146 323
2: -57 349809 9146 323
1: 57 938961 -9150 323
4: -58 -595 12274 323
2: -58 55955 8959 323
4: -58 -62713 9025 323
3: 59 -703 -10982 323
3: 59 -7429 -9044 323
3: 62 -17 -92055 323
4: -62 -17 116603 323
1: 62 4199 -8075 323
1: 62 104329 -8400 323
2: -62 104329 8396 323
2: -63 16473 8170 323
1: 64 177973 -8143 323
4: -66 -57 38437 323
1: 66 8721 -7752 323
2: -68 5 -331398 323
3: 68 -7 -190247 323
2: -68 13 -122740 323
3: 68 -19 -74936 323
4: -68 -19 96900 323
1: 68 49 18411 323
2: -68 65 -18411 323
4: -68 -95 25517 323
1: 68 133 1938 323
4: -68 -247 14535 323
1: 68 289 -3249 323
2: -68 289 1805 323
1: 68 361 -4131 323
2: -68 361 2975 323
3: 68 -931 -9044 323
4: -68 -1235 9044 323
2: -68 1445 6498 323
2: -68 1805 6732 323
3: 68 -2023 -8303 323
3: 68 -2527 -8177 323
2: -68 3757 7220 323
2: -68 4693 7310 323
3: 68 -5491 -7904 323
4: -68 -5491 7980 323
1: 68 14161 -7581 323
1: 68 17689 -7599 323
2: -68 18785 7581 323
2: -68 23465 7599 323
4: -68 -27455 7733 323
1: 68 38437 -7638 323
4: -68 -71383 7695 323
1: 68 104329 -7659 323
2: -68 104329 7655 323
3: 68 -269059 -7676 323
4: -68 -356915 7676 323
2: -68 521645 7668 323
3: 68 -730303 -7673 323
4: -69 -8721 7752 323
3: 71 -289 -11552 323
4: -71 -289 12996 323
2: -71 3971 6936 323
3: 72 -51 -30685 323
3: 72 -18411 -7310 323
1: 72 47685 -7220 323
1: 72 59565 -7225 323
3: 73 -361 -10404 323
4: -73 -361 11560 323
1: 76 17 59109 323
2: -76 17 -83657 323
3: 76 -43 -32946 323
4: -76 -59 32946 323
1: 76 289 -2983 323
2: -76 289 1539 323
1: 76 361 -3757 323
2: -76 361 2601 323
3: 76 -731 -8398 323
4: -76 -1003 8398 323
1: 76 6137 -6681 323
2: -76 6137 6613 323
3: 76 -12427 -6954 323
3: 76 -15523 -6936 323
4: -76 -17051 6954 323
4: -76 -21299 6936 323
1: 76 104329 -6853 323
2: -76 104329 6849 323
3: 76 -263891 -6868 323
4: -76 -362083 6868 323
3: 78 -867 -7942 323
4: -78 -55233 6715 323
2: -79 14161 6498 323
4: -81 -25143 6498 323
3: 82 -85 -18411 323
1: 82 5491 -6175 323
2: -82 5491 6099 323
1: 82 290605 -6358 323
2: -82 409013 6358 323
1: 84 9 104329 323
4: -84 -1083 7514 323
1: 84 13617 -6137 323
2: -84 19329 6137 323
1: 84 938961 -6209 323
4: -86 -133 16473 323
3: 86 -13549 -6137 323
4: -86 -19397 6137 323
3: 86 -287717 -6069 323
4: -86 -411901 6069 323
1: 87 4335 -5776 323
3: 88 -5491 -6099 323
4: -88 -5491 6175 323
1: 88 79781 -5916 323
1: 92 1445 -5054 323
1: 92 6137 -5525 323
2: -92 6137 5457 323
4: -93 -7581 5780 323
4: -94 -13 104329 323
1: 94 14839 -5491 323
2: -94 21983 5491 323
3: 96 -14763 -5491 323
4: -96 -22059 5491 323
3: 98 -6137 -5457 323
4: -98 -6137 5525 323
1: 99 867 -4332 323
3: 101 -21299 -5202 323
3: 101 -247741 -5168 323
4: -101 -378233 5168 323
4: -102 -3 405042 323
3: 102 -9 -92055 323
1: 102 45 12274 323
4: -102 -57 26163 323
2: -102 69 -12274 323
3: 102 -171 -9690 323
1: 102 855 -4199 323
4: -102 -867 6498 323
4: -102 -1083 6222 323
2: -102 1311 4199 323
3: 102 -2601 -5415 323
3: 102 -3249 -5355 323
1: 102 13005 -5054 323
1: 102 16245 -5066 323
4: -102 -16473 5187 323
2: -102 19941 5054 323
2: -102 24909 5066 323
3: 102 -49419 -5130 323
1: 102 247095 -5111 323
4: -102 -312987 5118 323
2: -102 378879 5111 323
3: 102 -938961 -5115 323
4: -104 -30923 5054 323
3: 107 -27455 -4902 323
4: -108 -76551 4845 323
3: 114 -3 -230622 323
4: -114 -9 126293 323
3: 114 -39 -21964 323
1: 114 51 8721 323
4: -114 -63 21964 323
2: -114 153 -2584 323
1: 114 663 -3553 323
3: 114 -867 -5358 323
2: -114 1071 3553 323
3: 114 -1083 -5202 323
4: -114 -2601 4997 323
4: -114 -3249 4913 323
3: 114 -11271 -4636 323
3: 114 -14079 -4624 323
4: -114 -18207 4636 323
1: 114 18411 -4539 323
4: -114 -22743 4624 323
2: -114 55233 4556 323
1: 114 239343 -4573 323
3: 114 -312987 -4578 323
2: -114 386631 4573 323
4: -114 -938961 4577 323
2: -117 1083 3468 323
2: -118 5 -208658 323
2: -118 30685 4386 323
3: 119 -19 -38114 323
4: -119 -19 60078 323
1: 119 289 -2166 323
2: -119 289 722 323
3: 119 -817 -5168 323
4: -119 -1349 5168 323
1: 119 12427 -4332 323
2: -119 20519 4332 323
4: -121 -49997 4332 323
1: 122 8075 -4199 323
3: 122 -10469 -4335 323
1: 122 796195 -4275 323
3: 123 -3 -208658 323
1: 124 104329 -4201 323
2: -124 104329 4197 323
1: 126 16473 -4104 323
4: -128 -8075 4199 323
4: -128 -214795 4080 323
4: -129 -16473 4104 323
3: 129 -256671 -4046 323
4: -129 -442947 4046 323
2: -132 9 -104329 323
3: 132 -255 -6137 323
4: -133 -5 197676 323
1: 133 37 10982 323
2: -133 65 -10982 323
1: 133 289 -2014 323
2: -133 289 570 323
4: -133 -3757 4180 323
3: 133 -6137 -4012 323
4: -133 -6137 4080 323
2: -133 79781 3910 323
4: -133 -521645 3924 323
3: 136 -19 -31977 323
4: -136 -19 53941 323
3: 136 -779 -4522 323
4: -136 -1387 4522 323
3: 136 -5491 -3933 323
4: -136 -5491 4009 323
3: 136 -225131 -3838 323
4: -136 -400843 3838 323
4: -137 -3971 4046 323
1: 138 22743 -3757 323
3: 138 -543609 -3781 323
1: 141 18411 -3672 323
3: 142 -5 -104329 323
3: 142 -289 -5415 323
4: -142 -289 6859 323
4: -144 -18411 3672 323
3: 146 -361 -4913 323
4: -146 -361 6069 323
3: 147 -7803 -3610 323
1: 152 5 87856 323
3: 152 -35 -16473 323
4: -152 -67 16473 323
1: 152 85 1938 323
3: 152 -595 -4199 323
4: -152 -1139 4199 323
1: 152 1445 -3116 323
1: 152 1805 -3179 323
3: 152 -10115 -3477 323
3: 152 -12635 -3468 323
4: -152 -19363 3477 323
4: -152 -24187 3468 323
1: 152 30685 -3417 323
3: 152 -214795 -3434 323
4: -152 -411179 3434 323
1: 152 521645 -3431 323
1: 153 3 147288 323
4: -153 -15 61370 323
1: 153 57 4522 323
4: -153 -285 6460 323
1: 153 867 -2888 323
1: 153 1083 -2992 323
4: -153 -4335 3610 323
4: -153 -5415 3570 323
1: 153 16473 -3382 323
4: -153 -82365 3420 323
1: 153 312987 -3408 323
4: -156 -399 5491 323
4: -156 -867 4332 323
3: 162 -41667 -3230 323
4: -163 -2023 3610 323
1: 164 231401 -3179 323
2: -164 468217 3179 323
3: 166 -3757 -3249 323
3: 168 -1083 -3468 323
2: -171 3 -263568 323
4: -171 -51 18734 323
2: -171 867 2128 323
2: -171 1083 2312 323
4: -171 -18411 3094 323
2: -171 312987 3048 323
2: -178 19133 2890 323
1: 179 13583 -2888 323
3: 182 -15895 -2888 323
3: 187 -35 -12274 323
4: -187 -79 12274 323
1: 187 361 -1870 323
2: -187 361 714 323
3: 187 -5491 -2850 323
4: -187 -5491 2926 323
3: 187 -730303 -2790 323
2: -194 8303 2601 323
4: -197 -177973 2652 323
2: -198 867 1805 323
1: 201 26163 -2584 323
3: 202 -182495 -2584 323
4: -202 -443479 2584 323
3: 204 -3 -98192 323
1: 204 33 6137 323
2: -204 81 -6137 323
3: 204 -867 -2888 323
3: 204 -1083 -2822 323
1: 204 9537 -2527 323
1: 204 11913 -2533 323
2: -204 23409 2527 323
2: -204 29241 2533 323
3: 204 -312987 -2558 323
1: 209 361 -1734 323
2: -209 361 578 323
1: 209 493 -1938 323
2: -209 1241 1938 323
1: 212 1805 -2312 323
3: 218 -225131 -2394 323
1: 221 589 -1938 323
2: -221 1577 1938 323
1: 221 104329 -2358 323
2: -221 104329 2354 323
2: -224 39349 2312 323
4: -228 -3 219640 323
3: 228 -27 -10982 323
4: -228 -75 10982 323
4: -228 -255 4845 323
4: -228 -867 3040 323
4: -228 -1083 2890 323
3: 228 -7803 -2318 323
3: 228 -9747 -2312 323
4: -228 -21675 2318 323
4: -228 -27075 2312 323
4: -228 -92055 2295 323
4: -228 -312987 2290 323
1: 234 1083 -2023 323
4: -237 -214149 2204 323
4: -238 -5 128877 323
3: 238 -19 -13566 323
4: -238 -19 35530 323
1: 238 289 -1444 323
3: 238 -551 -2584 323
1: 238 8381 -2166 323
2: -238 24565 2166 323
2: -238 93347 2185 323
1: 241 1 208658 323
2: -241 1 -625974 323
3: 241 -140743 -2166 323
4: -241 -419339 2166 323
4: -246 -3 208658 323
1: 247 17 9690 323
2: -247 17 -34238 323
3: 247 -425 -2584 323
4: -247 -1309 2584 323
1: 247 104329 -2110 323
2: -247 104329 2106 323
3: 248 -3179 -2166 323
2: -252 16473 2033 323
3: 257 -730303 -2030 323
3: 258 -16473 -2033 323
3: 258 -163533 -2023 323
4: -258 -536085 2023 323
4: -263 -1805 2312 323
1: 266 23 5491 323
2: -266 79 -5491 323
1: 266 289 -1368 323
2: -266 289 -76 323
3: 266 -6137 -1989 323
4: -266 -6137 2057 323
2: -268 69445 1938 323
1: 269 139213 -1938 323
2: -269 486761 1938 323
1: 272 5 30685 323
3: 272 -475 -2261 323
1: 272 1445 -1805 323
4: -272 -1691 2261 323
3: 272 -137275 -1919 323
4: -272 -488699 1919 323
2: -282 18411 1819 323
3: 288 -18411 -1819 323
2: -288 89301 1805 323
1: 289 1 139346 323
2: -289 1 -556662 323
3: 289 -1 -142956 323
4: -289 -1 560272 323
2: -289 7 -77976 323
4: -289 -7 81586 323
2: -289 13 -41154 323
4: -289 -13 44764 323
1: 289 17 6498 323
2: -289 17 -31046 323
3: 289 -17 -10108 323
4: -289 -17 34656 323
1: 289 19 5624 323
2: -289 19 -27588 323
3: 289 -19 -9234 323
4: -289 -19 31198 323
1: 289 23 4332 323
3: 289 -23 -7942 323
2: -289 91 -4332 323
4: -289 -91 7942 323
2: -289 119 -2888 323
4: -289 -119 6498 323
2: -289 133 -2394 323
4: -289 -133 6004 323
2: -289 221 -722 323
4: -289 -221 4332 323
2: -289 247 -456 323
4: -289 -247 4066 323
1: 289 323 -1368 323
2: -289 323 76 323
3: 289 -323 -2242 323
4: -289 -323 3534 323
1: 289 361 -1414 323
2: -289 361 258 323
3: 289 -361 -2196 323
4: -289 -361 3352 323
1: 289 391 -1444 323
3: 289 -391 -2166 323
1: 289 437 -1482 323
3: 289 -437 -2128 323
2: -289 1547 1444 323
4: -289 -1547 2166 323
2: -289 1729 1482 323
4: -289 -1729 2128 323
2: -289 2261 1558 323
4: -289 -2261 2052 323
2: -289 2527 1584 323
4: -289 -2527 2026 323
2: -289 4199 1672 323
2: -289 4693 1686 323
4: -289 -4693 1924 323
1: 289 6137 -1782 323
2: -289 6137 1714 323
3: 289 -6137 -1828 323
4: -289 -6137 1896 323
1: 289 7429 -1786 323
3: 289 -7429 -1824 323
1: 289 8303 -1788 323
3: 289 -8303 -1822 323
2: -289 29393 1786 323
4: -289 -29393 1824 323
2: -289 32851 1788 323
4: -289 -32851 1822 323
2: -289 42959 1792 323
4: -289 -42959 1818 323
2: -289 79781 1798 323
4: -289 -79781 1812 323
1: 289 141151 -1804 323
3: 289 -141151 -1806 323
2: -289 558467 1804 323
4: -289 -558467 1806 323
1: 292 302005 -1786 323
1: 296 4693 -1734 323
2: -296 38437 1748 323
3: 299 -38437 -1748 323
3: 301 -132487 -1734 323
4: -301 -567131 1734 323
3: 303 -312987 -1722 323
3: 304 -6859 -1734 323
4: -304 -29963 1734 323
3: 304 -116603 -1717 323
4: -304 -509371 1717 323
2: -306 3 -177973 323
2: -306 57 -7752 323
2: -306 867 1083 323
2: -306 1083 1207 323
2: -306 16473 1672 323
2: -306 312987 1703 323
3: 312 -867 -1805 323
2: -313 889865 1666 323
2: -318 82365 1634 323
1: 322 20995 -1615 323
1: 323 1 102714 323
2: -323 1 -520030 323
3: 323 -1 -105944 323
4: -323 -1 523260 323
2: -323 5 -102714 323
4: -323 -5 105944 323
1: 323 289 -1254 323
2: -323 289 -190 323
3: 323 -289 -1976 323
4: -323 -289 3420 323
1: 323 361 -1326 323
2: -323 361 170 323
3: 323 -361 -1904 323
4: -323 -361 3060 323
2: -323 1445 1254 323
4: -323 -1445 1976 323
2: -323 1805 1326 323
4: -323 -1805 1904 323
1: 323 104329 -1614 323
2: -323 104329 1610 323
3: 323 -104329 -1616 323
4: -323 -104329 1620 323
2: -323 521645 1614 323
4: -323 -521645 1616 323
4: -328 -20995 1615 323
2: -331 42959 1564 323
3: 334 -42959 -1564 323
4: -336 -1083 2023 323
1: 342 3 27455 323
3: 342 -51 -3230 323
1: 342 867 -1425 323
1: 342 1083 -1445 323
3: 342 -18411 -1530 323
1: 342 312987 -1525 323
4: -348 -247095 1501 323
1: 354 2601 -1444 323
3: 357 -1083 -1530 323
1: 357 4335 -1444 323
2: -357 28611 1444 323
1: 361 1 69938 323
2: -361 1 -487254 323
3: 361 -1 -72828 323
4: -361 -1 490144 323
1: 361 13 4046 323
3: 361 -13 -6936 323
1: 361 17 2754 323
2: -361 17 -27302 323
3: 361 -17 -5644 323
4: -361 -17 30192 323
1: 361 19 2312 323
2: -361 19 -24276 323
3: 361 -19 -5202 323
4: -361 -19 27166 323
2: -361 89 -4046 323
4: -361 -89 6936 323
1: 361 221 -1122 323
3: 361 -221 -1768 323
1: 361 247 -1156 323
3: 361 -247 -1734 323
1: 361 289 -1198 323
2: -361 289 -246 323
3: 361 -289 -1692 323
4: -361 -289 3136 323
1: 361 323 -1224 323
2: -361 323 -68 323
3: 361 -323 -1666 323
4: -361 -323 2958 323
2: -361 1513 1122 323
4: -361 -1513 1768 323
2: -361 1691 1156 323
4: -361 -1691 1734 323
1: 361 3757 -1426 323
3: 361 -3757 -1464 323
1: 361 4199 -1428 323
3: 361 -4199 -1462 323
1: 361 5491 -1432 323
2: -361 5491 1356 323
3: 361 -5491 -1458 323
4: -361 -5491 1534 323
2: -361 25721 1426 323
4: -361 -25721 1464 323
2: -361 28747 1428 323
4: -361 -28747 1462 323
3: 361 -71383 -1446 323
4: -361 -488699 1446 323
3: 362 -17689 -1445 323
2: -368 1445 1083 323
3: 374 -13 -6137 323
4: -374 -101 6137 323
1: 374 361 -1224 323
2: -374 361 68 323
3: 374 -5491 -1406 323
4: -374 -5491 1482 323
1: 376 170221 -1387 323
1: 381 49419 -1368 323
4: -384 -49419 1368 323
1: 391 19 1292 323
2: -391 19 -23256 323
2: -399 51 -7752 323
4: -399 -1083 1734 323
2: -401 52003 1292 323
2: -402 3249 1156 323
1: 403 104329 -1294 323
2: -403 104329 1290 323
3: 404 -52003 -1292 323
4: -404 -573971 1292 323
4: -408 -3 153425 323
2: -408 285 -323 323
4: -408 -867 1805 323
4: -408 -1083 1700 323
2: -408 82365 1273 323
4: -408 -312987 1280 323
4: -411 -2601 1444 323
3: 416 -752267 -1254 323
1: 418 119 -969 323
1: 418 361 -1156 323
3: 418 -730303 -1248 323
1: 422 27455 -1235 323
1: 426 55233 -1224 323
4: -428 -27455 1235 323
4: -429 -55233 1224 323
3: 429 -609501 -1216 323
2: -432 865317 1207 323
1: 437 1445 -1178 323
1: 437 6137 -1190 323
2: -437 6137 1122 323
2: -437 28033 1178 323
1: 442 95 -969 323
2: -442 2071 969 323
1: 442 104329 -1180 323
2: -442 104329 1176 323
1: 451 24187 -1156 323
2: -451 675431 1156 323
3: 453 -3249 -1156 323
3: 456 -3 -5491 323
4: -456 -99 5491 323
3: 456 -867 -1159 323
3: 456 -1083 -1156 323
4: -456 -28611 1159 323
4: -456 -35739 1156 323
3: 456 -312987 -1144 323
3: 458 -325261 -1139 323
1: 472 30685 -1105 323
3: 476 -19 -1292 323
4: -476 -19 23256 323
1: 476 289 -1083 323
2: -476 289 -361 323
4: -476 -2147 1292 323
2: -476 32657 1083 323
4: -478 -30685 1105 323
2: -478 50575 1083 323
2: -482 1 -417316 323
3: 482 -1445 -1083 323
4: -482 -558637 1083 323
4: -487 -1 417316 323
4: -492 -18207 1083 323
1: 494 17 -1292 323
2: -494 17 -23256 323
4: -494 -1751 1292 323
1: 494 104329 -1056 323
2: -494 104329 1052 323
2: -513 6069 950 323
4: -513 -128877 1020 323
3: 518 -367897 -1007 323
1: 527 104329 -990 323
1: 528 477717 -988 323
1: 532 289 -1045 323
2: -532 289 -399 323
3: 538 -34561 -969 323
2: -538 660535 969 323
4: -544 -11 36822 323
4: -544 -3179 1083 323
4: -561 -57 7752 323
1: 572 960925 -912 323
3: 577 -521645 -904 323
1: 578 1 -34656 323
2: -578 1 -382660 323
3: 578 -1 32851 323
4: -578 -1 384465 323
2: -578 5 -75810 323
4: -578 -5 77615 323
1: 578 11 -3971 323
3: 578 -11 2166 323
1: 578 17 -2888 323
2: -578 17 -21660 323
3: 578 -17 1083 323
4: -578 -17 23465 323
1: 578 19 -2679 323
2: -578 19 -19285 323
3: 578 -19 874 323
4: -578 -19 21090 323
2: -578 25 -14440 323
4: -578 -25 16245 323
2: -578 85 -3610 323
4: -578 -85 5415 323
2: -578 95 -3135 323
4: -578 -95 4940 323
2: -578 125 -2166 323
4: -578 -125 3971 323
1: 578 187 -1083 323
3: 578 -187 -722 323
1: 578 209 -1064 323
3: 578 -209 -741 323
1: 578 323 -1007 323
2: -578 323 -285 323
3: 578 -323 -798 323
4: -578 -323 2090 323
1: 578 361 -996 323
2: -578 361 -160 323
3: 578 -361 -809 323
4: -578 -361 1965 323
4: -578 -425 1805 323
2: -578 475 95 323
4: -578 -475 1710 323
2: -578 1615 665 323
4: -578 -1615 1140 323
2: -578 1805 690 323
4: -578 -1805 1115 323
2: -578 2125 722 323
4: -578 -2125 1083 323
2: -578 2375 741 323
4: -578 -2375 1064 323
1: 578 3553 -912 323
3: 578 -3553 -893 323
1: 578 3971 -911 323
3: 578 -3971 -894 323
1: 578 6137 -908 323
2: -578 6137 840 323
3: 578 -6137 -897 323
4: -578 -6137 965 323
2: -578 8075 855 323
4: -578 -8075 950 323
2: -578 9025 860 323
4: -578 -9025 945 323
2: -578 30685 890 323
4: -578 -30685 915 323
2: -578 40375 893 323
4: -578 -40375 912 323
2: -578 45125 894 323
4: -578 -45125 911 323
1: 578 67507 -903 323
3: 578 -67507 -902 323
2: -578 153425 900 323
4: -578 -153425 905 323
2: -578 767125 902 323
4: -578 -767125 903 323
3: 589 -17 1292 323
4: -589 -17 23256 323
3: 589 -3179 -874 323
2: -589 32657 874 323
1: 589 104329 -886 323
2: -589 104329 882 323
1: 602 84835 -867 323
4: -602 -784453 867 323
4: -604 -112271 867 323
4: -606 -312987 862 323
2: -608 85 -3553 323
1: 608 4693 -867 323
4: -608 -41515 867 323
1: 612 57 -1615 323
1: 612 16473 -855 323
1: 614 2527 -867 323
4: -618 -16245 867 323
3: 627 -255 -646 323
2: -627 1989 646 323
1: 646 1 -52972 323
2: -646 1 -364344 323
3: 646 -1 51357 323
4: -646 -1 365959 323
2: -646 7 -51357 323
4: -646 -7 52972 323
1: 646 289 -988 323
2: -646 289 -456 323
3: 646 -289 -627 323
4: -646 -289 2071 323
1: 646 361 -952 323
2: -646 361 -204 323
3: 646 -361 -663 323
4: -646 -361 1819 323
2: -646 2023 627 323
4: -646 -2023 988 323
2: -646 2527 663 323
4: -646 -2527 952 323
1: 646 104329 -808 323
2: -646 104329 804 323
3: 646 -104329 -807 323
4: -646 -104329 811 323
2: -646 730303 807 323
4: -646 -730303 808 323
3: 663 -399 -646 323
3: 663 -867 -722 323
2: -663 2565 646 323
1: 682 484823 -765 323
4: -684 -51 7752 323
4: -684 -18411 782 323
2: -687 9537 722 323
1: 697 5491 -760 323
2: -697 5491 684 323
4: -714 -1083 1054 323
3: 714 -7803 -722 323
2: -714 40749 722 323
4: -716 -2527 867 323
3: 719 -19363 -722 323
1: 722 1 -69360 323
2: -722 1 -347956 323
3: 722 -1 67915 323
4: -722 -1 349401 323
1: 722 5 -14450 323
3: 722 -5 13005 323
1: 722 17 -4760 323
2: -722 17 -19788 323
3: 722 -17 3315 323
4: -722 -17 21233 323
1: 722 19 -4335 323
2: -722 19 -17629 323
3: 722 -19 2890 323
4: -722 -19 19074 323
1: 722 25 -3468 323
3: 722 -25 2023 323
1: 722 85 -1530 323
3: 722 -85 85 323
1: 722 95 -1445 323
2: -722 127 -2023 323
4: -722 -127 3468 323
1: 722 289 -960 323
2: -722 289 -484 323
3: 722 -289 -485 323
4: -722 -289 1929 323
1: 722 323 -935 323
2: -722 323 -357 323
3: 722 -323 -510 323
4: -722 -323 1802 323
1: 722 425 -884 323
3: 722 -425 -561 323
1: 722 475 -867 323
3: 722 -475 -578 323
1: 722 1445 -770 323
3: 722 -1445 -675 323
1: 722 1615 -765 323
3: 722 -1615 -680 323
2: -722 2159 561 323
4: -722 -2159 884 323
2: -722 2413 578 323
4: -722 -2413 867 323
1: 722 5491 -735 323
2: -722 5491 659 323
3: 722 -5491 -710 323
4: -722 -5491 786 323
1: 722 7225 -732 323
3: 722 -7225 -713 323
1: 722 8075 -731 323
3: 722 -8075 -714 323
1: 722 27455 -725 323
3: 722 -27455 -720 323
2: -722 36703 713 323
4: -722 -36703 732 323
2: -722 41021 714 323
4: -722 -41021 731 323
1: 722 137275 -723 323
4: -722 -697357 723 323
1: 723 137853 -722 323
4: -723 -697935 722 323
1: 726 19941 -722 323
1: 731 8381 -722 323
4: -731 -41327 722 323
4: -741 -867 1102 323
1: 748 361 -901 323
2: -748 361 -255 323
3: 748 -5491 -684 323
4: -748 -5491 760 323
4: -758 -10115 722 323
3: 767 -693481 -680 323
1: 782 19 -4845 323
2: -782 19 -17119 323
1: 782 1445 -722 323
3: 782 -38437 -665 323
1: 798 51 -2261 323
3: 798 -1083 -578 323
1: 806 104329 -648 323
2: -806 104329 644 323
3: 807 -208335 -646 323
2: -807 834309 646 323
1: 808 208981 -646 323
4: -808 -834955 646 323
3: 809 -104329 -644 323
4: -809 -104329 648 323
4: -816 -171 2584 323
3: 816 -1083 -561 323
3: 816 -312987 -639 323
1: 836 361 -867 323
2: -836 361 -289 323
2: -866 13357 578 323
4: -867 -3 109022 323
1: 867 9 -10830 323
3: 867 -45 1444 323
2: -867 51 -5776 323
4: -867 -57 6308 323
2: -867 159 -1444 323
1: 867 171 -1140 323
1: 867 765 -722 323
3: 867 -855 -494 323
2: -867 969 266 323
4: -867 -1083 902 323
4: -867 -2703 722 323
3: 867 -2907 -570 323
2: -867 3021 494 323
1: 867 3249 -630 323
1: 867 14535 -608 323
3: 867 -16245 -596 323
2: -867 18411 584 323
4: -867 -51357 608 323
3: 867 -55233 -600 323
2: -867 57399 596 323
1: 867 276165 -602 323
4: -867 -975783 602 323
1: 874 6137 -612 323
2: -874 6137 544 323
3: 874 -11849 -589 323
2: -874 41327 589 323
4: -884 -8303 629 323
1: 884 104329 -591 323
2: -884 104329 587 323
1: 886 400843 -589 323
3: 893 -15523 -578 323
2: -893 52345 578 323
3: 897 -27075 -578 323
3: 902 -301435 -578 323
1: 903 302157 -578 323
1: 908 27797 -578 323
2: -912 357 -323 323
4: -912 -1083 867 323
1: 912 16245 -578 323
4: -912 -53067 578 323
4: -912 -312987 573 323
2: -913 236113 570 323
4: -918 -11913 595 323
4: -918 -181203 570 323
3: 931 -6137 -544 323
4: -931 -6137 612 323
4: -939 -14079 578 323
3: 952 -19 4845 323
4: -952 -19 17119 323
1: 952 1045 -646 323
4: -952 -3211 646 323
2: -954 3 -104329 323
1: 964 1 -104329 323
2: -964 1 -312987 323
3: 969 -3 34238 323
2: -969 9 -34238 323
3: 969 -867 -418 323
3: 969 -1083 -442 323
2: -969 2601 418 323
2: -969 3249 442 323
3: 969 -312987 -538 323
2: -969 938961 538 323
3: 974 -1 104329 323
4: -974 -1 312987 323
2: -976 126293 532 323
3: 979 -126293 -532 323
4: -984 -3 104329 323
1: 988 17 -6783 323
2: -988 17 -17765 323
1: 988 901 -646 323
4: -988 -2635 646 323
1: 988 104329 -529 323
2: -988 104329 525 323
2: -1003 5 -61370 323
1: 1007 1805 -578 323
3: 1022 -263891 -510 323
1: 1054 104329 -496 323
2: -1054 104329 492 323
1: 1071 16473 -494 323
4: -1083 -3 101150 323
1: 1083 9 -13294 323
2: -1083 15 -19652 323
2: -1083 33 -8670 323
2: -1083 51 -5440 323
4: -1083 -57 5780 323
1: 1083 63 -2312 323
3: 1083 -153 272 323
4: -1083 -165 2312 323
1: 1083 171 -1156 323
4: -1083 -255 1666 323
2: -1083 285 -578 323
4: -1083 -561 1020 323
4: -1083 -867 830 323
2: -1083 969 170 323
3: 1083 -1071 -374 323
1: 1083 1197 -578 323
1: 1083 2601 -526 323
2: -1083 2805 374 323
3: 1083 -2907 -442 323
4: -1083 -3135 578 323
2: -1083 4335 412 323
4: -1083 -4845 544 323
2: -1083 9537 450 323
4: -1083 -10659 510 323
4: -1083 -16473 500 323
1: 1083 18207 -488 323
3: 1083 -20349 -476 323
4: -1083 -47685 488 323
1: 1083 49419 -484 323
2: -1083 53295 476 323
2: -1083 82365 478 323
2: -1083 181203 480 323
1: 1083 345933 -482 323
4: -1083 -906015 482 323
2: -1091 141151 476 323
3: 1094 -141151 -476 323
4: -1108 -71383 475 323
3: 1122 -57 1615 323
3: 1139 -60401 -456 323
1: 1146 148257 -456 323
4: -1149 -148257 456 323
1: 1156 1 -121657 323
2: -1156 1 -295659 323
1: 1156 17 -7581 323
2: -1156 17 -16967 323
3: 1156 -19 5928 323
4: -1156 -19 16036 323
3: 1156 -79 1083 323
2: -1156 193 -1083 323
3: 1156 -323 -76 323
4: -1156 -323 1368 323
1: 1156 361 -787 323
2: -1156 361 -369 323
3: 1156 -1343 -361 323
1: 1156 1501 -532 323
2: -1156 3281 361 323
4: -1156 -3667 532 323
1: 1156 6137 -471 323
2: -1156 6137 403 323
1: 1156 25517 -456 323
3: 1156 -28519 -447 323
4: -1156 -62339 456 323
2: -1156 69673 447 323
3: 1156 -484823 -451 323
1: 1159 20519 -456 323
4: -1159 -49997 456 323
3: 1178 -17 6783 323
4: -1178 -17 17765 323
3: 1178 -21097 -437 323
2: -1178 50575 437 323
1: 1178 104329 -444 323
2: -1178 104329 440 323
3: 1207 -5 24548 323
4: -1207 -289 1444 323
3: 1212 -312987 -430 323
3: 1216 -11 10982 323
2: -1218 4335 361 323
1: 1232 79781 -425 323
4: -1238 -79781 425 323
3: 1241 -361 -68 323
4: -1241 -361 1224 323
3: 1254 -1377 -323 323
2: -1254 3111 323 323
1: 1258 4693 -442 323
1: 1258 38437 -418 323
1: 1281 165699 -408 323
4: -1284 -165699 408 323
1: 1292 1 -130815 323
2: -1292 1 -286501 323
1: 1292 5 -26486 323
4: -1292 -11 26486 323
1: 1292 289 -855 323
2: -1292 289 -589 323
1: 1292 361 -765 323
2: -1292 361 -391 323
1: 1292 1445 -494 323
1: 1292 1805 -476 323
4: -1292 -3179 494 323
4: -1292 -3971 476 323
1: 1292 104329 -405 323
2: -1292 104329 401 323
1: 1292 521645 -404 323
4: -1311 -27 10982 323
4: -1326 -867 722 323
3: 1326 -1881 -323 323
2: -1326 4047 323 323
3: 1332 -4335 -361 323
3: 1349 -289 76 323
4: -1349 -289 1368 323
3: 1368 -51 2261 323
3: 1368 -18411 -374 323
1: 1377 115311 -380 323
4: -1387 -361 1156 323
1: 1394 5491 -399 323
2: -1428 9 -30685 323
3: 1428 -1083 -238 323
3: 1428 -32079 -361 323
2: -1428 65025 361 323
2: -1428 938961 365 323
1: 1444 1 -139009 323
2: -1444 1 -278307 323
4: -1444 -7 40171 323
1: 1444 17 -8517 323
2: -1444 17 -16031 323
3: 1444 -19 6936 323
4: -1444 -19 15028 323
2: -1444 29 -9248 323
1: 1444 101 -1734 323
4: -1444 -119 2703 323
2: -1444 133 -1734 323
4: -1444 -203 1734 323
1: 1444 289 -841 323
2: -1444 289 -603 323
3: 1444 -323 68 323
4: -1444 -323 1224 323
2: -1444 493 -204 323
4: -1444 -551 867 323
1: 1444 1717 -442 323
3: 1444 -1919 -289 323
4: -1444 -2023 499 323
2: -1444 2261 238 323
4: -1444 -3451 442 323
2: -1444 3857 289 323
3: 1444 -5491 -336 323
4: -1444 -5491 412 323
2: -1444 8381 328 323
4: -1444 -9367 391 323
1: 1444 29189 -366 323
3: 1444 -32623 -357 323
2: -1444 38437 354 323
4: -1444 -58667 366 323
2: -1444 65569 357 323
4: -1444 -159239 363 323
1: 1446 555747 -361 323
3: 1462 -8303 -340 323
1: 1462 33235 -361 323
4: -1462 -66181 361 323
4: -1463 -11849 380 323
3: 1482 -867 -190 323
4: -1482 -55233 357 323
4: -1496 -5491 399 323
4: -1558 -85 3553 323
1: 1596 9 -16473 323
4: -1596 -1083 578 323
1: 1596 938961 -327 323
2: -1602 103683 323 323
3: 1608 -103683 -323 323
1: 1612 104329 -325 323
2: -1612 104329 321 323
3: 1614 -729657 -323 323
1: 1616 730949 -323 323
3: 1618 -104329 -321 323
4: -1618 -104329 325 323
1: 1622 104975 -323 323
4: -1628 -104975 323 323
1: 1717 796195 -304 323
3: 1734 -3 49818 323
4: -1734 -9 29963 323
3: 1734 -21 6859 323
1: 1734 51 -3249 323
3: 1734 -57 2337 323
3: 1734 -147 722 323
2: -1734 153 -1444 323
4: -1734 -171 1862 323
2: -1734 261 -722 323
1: 1734 357 -722 323
3: 1734 -399 76 323
1: 1734 969 -456 323
3: 1734 -1083 -162 323
1: 1734 2499 -361 323
3: 1734 -2793 -247 323
2: -1734 2907 209 323
4: -1734 -3249 383 323
4: -1734 -4437 361 323
2: -1734 4959 247 323
3: 1734 -7581 -281 323
1: 1734 18411 -309 323
1: 1734 47481 -304 323
3: 1734 -53067 -298 323
2: -1734 55233 296 323
4: -1734 -84303 304 323
2: -1734 94221 298 323
1: 1734 128877 -302 323
1: 1734 902139 -301 323
3: 1748 -119 969 323
2: -1748 1445 114 323
2: -1748 6137 255 323
3: 1786 -49457 -289 323
2: -1786 86279 289 323
1: 1802 1805 -374 323
3: 1804 -952679 -289 323
1: 1806 954123 -289 323
1: 1824 50901 -289 323
4: -1824 -87723 289 323
2: -1836 21 -12274 323
3: 1862 -6137 -255 323
1: 1881 867 -456 323
1: 1904 3173 -323 323
4: -1904 -5339 323 323
1: 1919 926687 -272 323
1: 1921 13 -12274 323
4: -1938 -3 87210 323
3: 1938 -9 17119 323
2: -1938 15 -17119 323
4: -1938 -867 570 323
4: -1938 -1083 510 323
3: 1938 -2601 -209 323
3: 1938 -3249 -221 323
2: -1938 4335 209 323
2: -1938 5415 221 323
4: -1938 -312987 270 323
3: 1938 -938961 -269 323
1: 1944 7581 -289 323
1: 1976 2669 -323 323
4: -1976 -4403 323 323
1: 1989 1083 -408 323
2: -2018 521645 258 323
4: -2023 -5 51984 323
3: 2023 -19 8094 323
4: -2023 -19 13870 323
4: -2023 -1615 418 323
1: 2023 3439 -304 323
4: -2023 -5605 304 323
3: 2023 -6137 -232 323
4: -2023 -6137 300 323
4: -2023 -21299 270 323
4: -2046 -7581 289 323
1: 2052 202521 -255 323
2: -2076 938961 251 323
4: -2091 -3 85918 323
1: 2108 104329 -249 323
2: -2108 104329 245 323
1: 2122 137275 -247 323
4: -2128 -187 1615 323
3: 2142 -285 323 323
1: 2142 14079 -255 323
2: -2142 16473 228 323
3: 2166 -3 53754 323
4: -2166 -9 28611 323
1: 2166 51 -3417 323
3: 2166 -57 2601 323
2: -2166 153 -1428 323
4: -2166 -171 1734 323
1: 2166 177 -1156 323
4: -2166 -279 1156 323
3: 2166 -867 -54 323
1: 2166 969 -408 323
4: -2166 -2601 339 323
2: -2166 2907 153 323
3: 2166 -3009 -187 323
1: 2166 3363 -289 323
2: -2166 4743 187 323
4: -2166 -5301 289 323
3: 2166 -16473 -231 323
4: -2166 -49419 246 323
1: 2166 51153 -244 323
3: 2166 -57171 -238 323
4: -2166 -80631 244 323
2: -2166 90117 238 323
1: 2166 971907 -241 323
3: 2193 -16473 -228 323
1: 2242 5 -32946 323
1: 2242 30685 -238 323
1: 2244 9 -18411 323
1: 2261 289 -798 323
1: 2261 3971 -272 323
1: 2312 5 -33212 323
3: 2312 -19 8455 323
4: -2312 -19 13509 323
3: 2312 -43 3610 323
1: 2312 85 -2166 323
2: -2312 133 -1672 323
3: 2312 -323 285 323
4: -2312 -323 1007 323
2: -2312 893 -57 323
1: 2312 1805 -317 323
2: -2312 2261 114 323
1: 2312 4085 -266 323
4: -2312 -6251 266 323
2: -2312 15181 209 323
3: 2312 -15523 -215 323
1: 2312 30685 -231 323
1: 2312 69445 -228 323
4: -2312 -106267 228 323
3: 2312 -263891 -225 323
1: 2318 55777 -228 323
4: -2318 -85255 228 323
3: 2337 -3 54910 323
1: 2356 104329 -223 323
2: -2356 104329 219 323
1: 2372 153425 -221 323
4: -2378 -153425 221 323
3: 2414 -289 361 323
4: -2414 -289 1083 323
2: -2414 3971 153 323
1: 2421 312987 -216 323
4: -2424 -312987 216 323
3: 2482 -361 255 323
4: -2482 -361 901 323
2: -2508 9 -27455 323
3: 2527 -5 33524 323
3: 2527 -19 8670 323
4: -2527 -19 13294 323
3: 2527 -215 578 323
1: 2527 289 -790 323
2: -2527 289 -654 323
2: -2527 317 -578 323
3: 2527 -1615 -102 323
1: 2527 12427 -220 323
3: 2527 -69445 -204 323
2: -2527 102391 204 323
3: 2533 -87001 -204 323
2: -2533 128155 204 323
3: 2546 -190247 -204 323
1: 2584 13 -13243 323
1: 2584 3757 -247 323
1: 2584 4693 -238 323
4: -2584 -6859 238 323
2: -2601 3 -82308 323
4: -2601 -51 5054 323
2: -2601 57 -4142 323
4: -2601 -969 456 323
2: -2601 1083 -28 323
4: -2601 -18411 214 323
1: 2679 18411 -204 323
4: -2698 -5 49419 323
3: 2698 -289 399 323
4: -2698 -289 1045 323
2: -2703 82365 190 323
4: -2736 -18411 204 323
3: 2737 -291023 -190 323
3: 2742 -708339 -190 323
3: 2774 -361 289 323
4: -2774 -361 867 323
1: 2822 9025 -204 323
4: -2856 -1083 408 323
2: -2888 5 -48552 323
3: 2888 -11 15606 323
3: 2888 -19 8959 323
4: -2888 -19 13005 323
2: -2888 85 -2686 323
3: 2888 -187 748 323
1: 2888 253 -867 323
3: 2888 -323 357 323
4: -2888 -323 935 323
4: -2888 -355 867 323
1: 2888 437 -578 323
2: -2888 1445 12 323
3: 2888 -3179 -126 323
1: 2888 4301 -221 323
3: 2888 -5491 -149 323
4: -2888 -5491 225 323
4: -2888 -6035 221 323
1: 2888 7429 -204 323
2: -2888 22933 170 323
1: 2888 73117 -183 323
4: -2888 -102595 183 323
1: 2888 126293 -182 323
2: -2888 389861 180 323
1: 2907 3 -58140 323
1: 2907 867 -380 323
1: 2907 1083 -340 323
1: 2907 312987 -180 323
4: -2964 -867 456 323
3: 3026 -126293 -171 323
3: 3043 -2527 -102 323
2: -3063 791673 170 323
3: 3078 -357 323 323
4: -3078 -460275 170 323
4: -3173 -42959 170 323
1: 3179 317 -722 323
1: 3179 361 -654 323
2: -3179 361 -502 323
4: -3179 -431 722 323
4: -3213 -31407 170 323
2: -3249 3 -79764 323
4: -3249 -51 4862 323
2: -3249 57 -4046 323
2: -3249 867 -116 323
4: -3249 -969 408 323
2: -3249 16473 146 323
2: -3344 79781 153 323
1: 3366 867 -361 323
1: 3441 444771 -152 323
4: -3444 -444771 152 323
4: -3468 -3 79420 323
3: 3468 -27 6498 323
4: -3468 -255 1083 323
2: -3468 285 -684 323
3: 3468 -351 361 323
2: -3468 465 -361 323
2: -3468 969 -95 323
4: -3468 -1083 370 323
4: -3468 -1767 285 323
1: 3468 8721 -171 323
3: 3468 -9747 -132 323
1: 3468 113373 -152 323
3: 3468 -126711 -149 323
4: -3468 -150195 152 323
2: -3468 167865 149 323
2: -3468 570741 150 323
1: 3477 91035 -152 323
4: -3477 -120513 152 323
2: -3553 361 -510 323
2: -3553 7225 114 323
1: 3572 7225 -171 323
1: 3587 27455 -152 323
1: 3638 1007 -323 323
4: -3638 -27455 152 323
1: 3757 17 -10830 323
2: -3757 17 -13718 323
3: 3757 -35 5054 323
1: 3757 95 -2052 323
1: 3757 3553 -190 323
3: 3757 -7315 -114 323
2: -3757 9481 114 323
1: 3757 19855 -148 323
3: 3757 -214795 -138 323
2: -3762 867 -133 323
1: 3846 497097 -136 323
4: -3849 -497097 136 323
3: 3876 -3 60724 323
3: 3876 -867 76 323
3: 3876 -1083 34 323
3: 3876 -312987 -134 323
2: -3971 119 -1836 323
3: 3971 -5491 -98 323
4: -3971 -5491 174 323
3: 3971 -6239 -102 323
2: -3971 7973 102 323
4: -3971 -367897 132 323
2: -3978 1083 -85 323
1: 4012 5 -36822 323
3: 4046 -19 9538 323
4: -4046 -19 12426 323
2: -4046 247 -817 323
2: -4046 779 -171 323
3: 4046 -6137 -99 323
4: -4046 -6137 167 323
1: 4046 7961 -152 323
4: -4046 -10127 152 323
2: -4046 79781 126 323
2: -4046 251617 128 323
1: 4097 1 -184110 323
2: -4097 1 -233206 323
2: -4104 21 -10982 323
1: 4142 935 -323 323
3: 4182 -3 61370 323
1: 4199 6647 -152 323
3: 4199 -8303 -102 323
4: -4199 -8381 152 323
2: -4199 10469 102 323
1: 4199 104329 -126 323
2: -4199 104329 122 323
1: 4284 16473 -133 323
4: -4332 -3 77452 323
4: -4332 -39 6069 323
1: 4332 405 -578 323
4: -4332 -507 578 323
4: -4332 -867 388 323
2: -4332 969 -119 323
1: 4332 1377 -255 323
4: -4332 -11271 141 323
2: -4332 12597 102 323
1: 4332 117045 -122 323
3: 4332 -130815 -119 323
4: -4332 -146523 122 323
2: -4332 163761 119 323
3: 4332 -444771 -120 323
4: -4386 -16473 133 323
3: 4437 -15 12274 323
1: 4446 1083 -289 323
2: -4488 16245 102 323
3: 4522 -5 37145 323
1: 4522 289 -760 323
2: -4522 289 -684 323
1: 4522 9025 -136 323
4: -4522 -11191 136 323
3: 4522 -521645 -115 323
1: 4579 1 -186694 323
2: -4579 1 -230622 323
1: 4624 9253 -133 323
4: -4624 -11419 133 323
1: 4624 157301 -114 323
4: -4624 -194123 114 323
4: -4636 -155771 114 323
4: -4658 -3971 170 323
4: -4674 -3 76874 323
1: 4693 17 -11118 323
2: -4693 17 -13430 323
2: -4693 95 -2312 323
1: 4693 7531 -136 323
4: -4693 -9265 136 323
4: -4709 -71383 114 323
4: -4769 -7 32946 323
2: -4842 312987 107 323
3: 4848 -312987 -107 323
3: 4978 -67507 -102 323
3: 5054 -19 9826 323
4: -5054 -19 12138 323
1: 5054 37 -5202 323
4: -5054 -187 1326 323
1: 5054 247 -867 323
1: 5054 289 -756 323
2: -5054 289 -688 323
3: 5054 -481 289 323
2: -5054 583 -289 323
4: -5054 -901 357 323
3: 5054 -3757 -53 323
1: 5054 11951 -119 323
4: -5054 -60401 107 323
3: 5054 -155363 -102 323
2: -5054 188309 102 323
4: -5054 -291023 104 323
3: 5066 -194579 -102 323
2: -5066 235733 102 323
2: -5073 276165 102 323
2: -5168 5 -45543 323
2: -5168 1445 -57 323
1: 5168 10469 -119 323
4: -5168 -12635 119 323
1: 5202 3 -63175 323
3: 5202 -51 3610 323
1: 5202 57 -3420 323
1: 5202 111 -1805 323
3: 5202 -969 95 323
1: 5202 1083 -275 323
1: 5202 2109 -190 323
3: 5202 -18411 -90 323
3: 5202 -35853 -95 323
1: 5202 40071 -105 323
3: 5202 -681207 -100 323
4: -5304 -867 361 323
2: -5358 18411 85 323
4: -5372 -1007 323 323
3: 5472 -18411 -85 323
1: 5491 1 -190342 323
2: -5491 1 -226974 323
3: 5491 -1 190152 323
4: -5491 -1 227164 323
1: 5491 17 -11286 323
2: -5491 17 -13262 323
3: 5491 -17 11096 323
4: -5491 -17 13452 323
1: 5491 31 -6232 323
3: 5491 -31 6042 323
2: -5491 37 -6042 323
4: -5491 -37 6232 323
1: 5491 361 -622 323
2: -5491 361 -534 323
3: 5491 -361 432 323
4: -5491 -361 724 323
1: 5491 527 -456 323
3: 5491 -527 266 323
2: -5491 629 -266 323
4: -5491 -629 456 323
1: 5491 6137 -126 323
2: -5491 6137 58 323
3: 5491 -6137 -64 323
4: -5491 -6137 132 323
1: 5491 11191 -112 323
3: 5491 -11191 -78 323
2: -5491 13357 78 323
4: -5491 -13357 112 323
1: 5491 190247 -96 323
3: 5491 -190247 -94 323
2: -5491 227069 94 323
4: -5491 -227069 96 323
4: -5508 -774231 95 323
1: 5522 356915 -95 323
4: -5528 -356915 95 323
2: -5651 730303 92 323
3: 5654 -730303 -92 323
3: 5712 -1083 85 323
1: 5719 8381 -114 323
3: 5757 -312987 -90 323
2: -5814 3 -75259 323
2: -5814 867 -171 323
2: -5814 1083 -119 323
2: -5814 312987 89 323
2: -5848 53789 85 323
1: 5852 32657 -95 323
3: 5928 -867 133 323
2: -6069 51 -4332 323
4: -6069 -1083 294 323
1: 6069 2907 -152 323
2: -6118 853043 85 323
1: 6137 1 -192270 323
2: -6137 1 -225046 323
3: 6137 -1 192100 323
4: -6137 -1 225216 323
1: 6137 5 -38522 323
3: 6137 -5 38352 323
1: 6137 7 -27540 323
3: 6137 -7 27370 323
1: 6137 19 -10200 323
2: -6137 19 -11764 323
3: 6137 -19 10030 323
4: -6137 -19 11934 323
1: 6137 35 -5576 323
3: 6137 -35 5406 323
2: -6137 41 -5406 323
4: -6137 -41 5576 323
1: 6137 95 -2108 323
1: 6137 133 -1530 323
3: 6137 -133 1360 323
1: 6137 289 -750 323
2: -6137 289 -694 323
3: 6137 -289 580 323
4: -6137 -289 864 323
1: 6137 665 -374 323
3: 6137 -665 204 323
2: -6137 779 -204 323
4: -6137 -779 374 323
1: 6137 1445 -218 323
3: 6137 -1445 48 323
1: 6137 2023 -180 323
3: 6137 -2023 10 323
1: 6137 5491 -120 323
2: -6137 5491 44 323
3: 6137 -5491 -50 323
4: -6137 -5491 126 323
1: 6137 10115 -104 323
3: 6137 -10115 -66 323
2: -6137 11849 66 323
4: -6137 -11849 104 323
1: 6137 27455 -92 323
3: 6137 -27455 -78 323
1: 6137 38437 -90 323
3: 6137 -38437 -80 323
1: 6137 192185 -86 323
3: 6137 -192185 -84 323
2: -6137 225131 84 323
4: -6137 -225131 86 323
1: 6172 398905 -85 323
4: -6178 -398905 85 323
2: -6232 29189 76 323
4: -6308 -935 323 323
3: 6327 -4335 -38 323
4: -6358 -35 6498 323
2: -6358 119 -1805 323
1: 6358 361 -616 323
2: -6358 361 -540 323
1: 6358 691 -361 323
4: -6358 -805 361 323
2: -6358 1615 -57 323
2: -6358 8303 55 323
2: -6358 37145 76 323
2: -6358 214795 81 323
4: -6384 -1083 289 323
3: 6384 -7803 -57 323
2: -6477 49419 76 323
1: 6498 3 -64447 323
4: -6498 -15 15028 323
3: 6498 -51 3706 323
1: 6498 57 -3468 323
2: -6498 147 -1445 323
2: -6498 255 -799 323
4: -6498 -285 867 323
1: 6498 867 -303 323
3: 6498 -969 119 323
4: -6498 -2499 170 323
4: -6498 -4335 132 323
2: -6498 4845 34 323
1: 6498 16473 -92 323
2: -6498 42483 75 323
4: -6498 -47481 85 323
4: -6498 -82365 83 323
2: -6498 807177 80 323
3: 6528 -49419 -76 323
1: 6647 19 -10260 323
2: -6647 19 -11704 323
1: 6647 6137 -110 323
2: -6647 6137 42 323
3: 6647 -10469 -60 323
1: 6726 2601 -152 323
3: 6783 -1083 102 323
1: 6834 3249 -136 323
2: -6834 675393 76 323
2: -6841 884051 76 323
3: 6844 -884051 -76 323
1: 6851 104329 -78 323
2: -6851 104329 74 323
4: -6919 -367897 76 323
3: 6936 -3 64619 323
1: 6936 69 -2888 323
3: 6936 -1083 104 323
4: -6936 -2907 152 323
3: 6936 -10659 -57 323
1: 6936 24909 -83 323
1: 6936 245157 -76 323
4: -6936 -281979 76 323
1: 6954 196809 -76 323
4: -6954 -226287 76 323
1: 6992 1445 -209 323
1: 7106 361 -612 323
2: -7106 361 -544 323
3: 7106 -11849 -57 323
2: -7106 13583 57 323
2: -7208 1805 -51 323
1: 7266 938961 -72 323
4: -7269 -938961 72 323
1: 7514 17 -11552 323
2: -7514 17 -12996 323
3: 7514 -15713 -57 323
2: -7514 17879 57 323
2: -7581 51 -4284 323
1: 7581 2907 -136 323
3: 7581 -241281 -68 323
2: -7581 274227 68 323
3: 7599 -302157 -68 323
2: -7599 343311 68 323
2: -7646 988057 68 323
3: 7649 -988057 -68 323
1: 7657 104329 -70 323
2: -7657 104329 66 323
4: -7701 -3249 136 323
4: -7752 -3 73967 323
4: -7752 -1083 272 323
1: 7803 21 -9386 323
2: -7803 75 -2888 323
3: 7803 -6783 -38 323
4: -7803 -24225 76 323
4: -7803 -70395 70 323
4: -7809 -2601 152 323
2: -7854 9 -24548 323
1: 7942 1615 -187 323
3: 7942 -5491 -30 323
4: -7942 -5491 106 323
3: 7942 -13345 -51 323
2: -7942 15079 51 323
1: 7942 45373 -70 323
4: -8037 -19941 76 323
1: 8072 521645 -65 323
4: -8078 -521645 65 323
3: 8092 -19 10260 323
4: -8092 -19 11704 323
3: 8092 -1615 57 323
1: 8092 17005 -76 323
4: -8092 -19171 76 323
1: 8094 55233 -68 323
2: -8109 3 -73644 323
4: -8151 -55233 68 323
1: 8194 1 -196384 323
2: -8194 1 -220932 323
2: -8262 7581 34 323
3: 8279 -1 196384 323
4: -8279 -1 220932 323
1: 8303 19 -10404 323
2: -8303 19 -11560 323
2: -8303 1445 -90 323
3: 8303 -237847 -62 323
2: -8303 267325 62 323
4: -8364 -3 73644 323
2: -8381 914413 62 323
1: 8398 14161 -76 323
4: -8398 -15895 76 323
3: 8398 -17689 -51 323
2: -8398 19855 51 323
1: 8398 104329 -64 323
2: -8398 104329 60 323
4: -8619 -9 24548 323
3: 8664 -3 65603 323
1: 8664 357 -612 323
1: 8664 861 -289 323
3: 8664 -867 167 323
4: -8664 -963 289 323
3: 8664 -2091 34 323
4: -8664 -2907 136 323
1: 8664 248829 -61 323
4: -8664 -278307 61 323
4: -8738 -730303 60 323
1: 8778 9 -21964 323
3: 8942 -1805 51 323
3: 8959 -17 11552 323
4: -8959 -17 12996 323
2: -8968 5 -43928 323
2: -8968 30685 51 323
1: 9044 289 -741 323
2: -9044 289 -703 323
1: 9044 19133 -68 323
4: -9044 -21299 68 323
1: 9063 3 -65892 323
3: 9082 -30685 -51 323
2: -9092 587537 57 323
3: 9098 -587537 -57 323
3: 9112 -796195 -57 323
1: 9158 1 -197676 323
2: -9158 1 -219640 323
4: -9158 -1445 209 323
2: -9248 85 -2527 323
1: 9248 333013 -57 323
4: -9248 -369835 57 323
3: 9253 -1 197676 323
4: -9253 -1 219640 323
1: 9272 267325 -57 323
4: -9272 -296803 57 323
1: 9282 247095 -57 323
3: 9348 -3 65892 323
1: 9386 17 -11696 323
2: -9386 17 -12852 323
1: 9386 15929 -68 323
4: -9386 -17663 68 323
4: -9443 -5 43928 323
3: 9537 -57 3420 323
3: 9537 -255 722 323
3: 9633 -9 21964 323
3: 9747 -1275 102 323
3: 9747 -56355 -50 323
1: 9747 411825 -54 323
1: 9826 50711 -57 323
1: 9994 41327 -57 323
1: 10013 104329 -54 323
2: -10013 104329 50 323
1: 10064 38437 -57 323
3: 10108 -19 10404 323
4: -10108 -19 11560 323
1: 10108 289 -739 323
2: -10108 289 -705 323
4: -10108 -1615 187 323
4: -10108 -64447 55 323
3: 10108 -327199 -51 323
2: -10108 360145 51 323
3: 10132 -409735 -51 323
2: -10132 450889 51 323
2: -10162 656659 51 323
4: -10166 -38437 57 323
3: 10168 -656659 -51 323
2: -10222 2023 -57 323
3: 10302 -312987 -50 323
4: -10404 -51 4332 323
2: -10404 57 -3781 323
4: -10404 -18411 62 323
3: 10659 -18207 -38 323
2: -10659 19941 38 323
4: -10963 -521645 48 323
1: 10982 1 -199500 323
2: -10982 1 -217816 323
3: 10982 -1 199405 323
4: -10982 -1 217911 323
1: 10982 5 -39938 323
3: 10982 -5 39843 323
1: 10982 13 -15390 323
3: 10982 -13 15295 323
1: 10982 17 -11780 323
2: -10982 17 -12768 323
3: 10982 -17 11685 323
4: -10982 -17 12863 323
1: 10982 65 -3116 323
3: 10982 -65 3021 323
2: -10982 71 -3021 323
4: -10982 -71 3116 323
1: 10982 85 -2394 323
3: 10982 -85 2299 323
1: 10982 221 -950 323
3: 10982 -221 855 323
1: 10982 361 -600 323
2: -10982 361 -556 323
3: 10982 -361 505 323
4: -10982 -361 651 323
1: 10982 1105 -228 323
3: 10982 -1105 133 323
2: -10982 1207 -133 323
4: -10982 -1207 228 323
1: 10982 1805 -158 323
3: 10982 -1805 63 323
1: 10982 4693 -90 323
3: 10982 -4693 -5 323
1: 10982 6137 -80 323
2: -10982 6137 12 323
3: 10982 -6137 -15 323
4: -10982 -6137 83 323
1: 10982 23465 -56 323
3: 10982 -23465 -39 323
2: -10982 25631 39 323
4: -10982 -25631 56 323
1: 10982 30685 -54 323
3: 10982 -30685 -41 323
1: 10982 79781 -50 323
3: 10982 -79781 -45 323
1: 10982 398905 -48 323
3: 10982 -398905 -47 323
2: -10982 435727 47 323
4: -10982 -435727 48 323
3: 11191 -17 11696 323
4: -11191 -17 12852 323
3: 11191 -15827 -34 323
3: 11191 -325703 -46 323
2: -11191 355181 46 323
3: 11271 -24111 -38 323
2: -11271 26277 38 323
4: -11514 -312987 46 323
1: 11552 85 -2397 323
2: -11552 181 -1156 323
2: -11552 2261 -51 323
2: -11552 52309 41 323
4: -11628 -15 14535 323
4: -11628 -4335 95 323
4: -11628 -5415 85 323
2: -11742 33813 38 323
3: 11913 -57 3468 323
3: 11913 -20451 -34 323
2: -11913 22185 34 323
3: 12019 -21299 -34 323
1: 12138 51 -3971 323
2: -12138 513 -380 323
3: 12138 -1083 142 323
2: -12138 43605 38 323
4: -12138 -107217 45 323
1: 12274 1 -200464 323
2: -12274 1 -216852 323
3: 12274 -1 200379 323
4: -12274 -1 216937 323
1: 12274 19 -10591 323
2: -12274 19 -11373 323
3: 12274 -19 10506 323
4: -12274 -19 11458 323
1: 12274 73 -2788 323
3: 12274 -73 2703 323
2: -12274 79 -2703 323
4: -12274 -79 2788 323
1: 12274 289 -736 323
2: -12274 289 -708 323
3: 12274 -289 651 323
4: -12274 -289 793 323
1: 12274 1387 -187 323
3: 12274 -1387 102 323
2: -12274 1501 -102 323
4: -12274 -1501 187 323
1: 12274 5491 -79 323
2: -12274 5491 3 323
3: 12274 -5491 -6 323
4: -12274 -5491 82 323
1: 12274 21097 -52 323
3: 12274 -21097 -33 323
2: -12274 22831 33 323
4: -12274 -22831 52 323
1: 12274 400843 -43 323
3: 12274 -400843 -42 323
2: -12274 433789 42 323
4: -12274 -433789 43 323
3: 12388 -2023 57 323
4: -12427 -133 1672 323
3: 12427 -101441 -40 323
3: 12597 -867 190 323
3: 12597 -27075 -34 323
2: -12597 29241 34 323
1: 12716 361 -597 323
2: -12716 361 -559 323
4: -12996 -51 4284 323
2: -12996 57 -3757 323
2: -12996 16473 27 323
1: 13243 79 -2584 323
1: 13294 19 -10621 323
2: -13294 19 -11343 323
3: 13294 -2603 38 323
1: 13294 6137 -72 323
2: -13294 6137 4 323
3: 13294 -840769 -39 323
2: -13357 31 -6936 323
3: 13379 -203167 -38 323
2: -13498 35 -6137 323
3: 13547 -397375 -38 323
2: -13547 426853 38 323
4: -13566 -1083 238 323
3: 13583 -497743 -38 323
2: -13583 534565 38 323
2: -13634 829141 38 323
1: 13668 33 -6137 323
1: 13702 104329 -40 323
2: -13702 104329 36 323
4: -13718 -95 2312 323
3: 13718 -2261 51 323
2: -13718 71383 35 323
3: 13753 -104329 -36 323
4: -13753 -104329 40 323
4: -13821 -840123 38 323
3: 13872 -171 1140 323
4: -13872 -1083 237 323
1: 13872 16245 -50 323
1: 13872 508725 -38 323
4: -13872 -545547 38 323
1: 13908 408357 -38 323
4: -13908 -437835 38 323
1: 14076 214149 -38 323
4: -14079 -399 578 323
1: 14079 459 -476 323
4: -14079 -867 286 323
2: -14079 70737 34 323
3: 14161 -6137 -4 323
4: -14161 -6137 72 323
1: 14212 361 -595 323
2: -14212 361 -561 323
4: -14212 -730303 37 323
2: -14331 89889 34 323
2: -14706 39 -5491 323
4: -14739 -153 1444 323
1: 14801 5491 -72 323
2: -14801 5491 -4 323
2: -14858 1445 -114 323
2: -14877 202521 34 323
1: 14896 37 -5491 323
1: 15028 17 -11913 323
2: -15028 17 -12635 323
4: -15028 -1387 190 323
1: 15028 10469 -54 323
3: 15124 -411179 -34 323
1: 15162 51 -3995 323
1: 15162 4335 -81 323
4: -15162 -7803 62 323
3: 15162 -499035 -34 323
2: -15162 531981 34 323
3: 15181 -13 15504 323
3: 15198 -624891 -34 323
2: -15198 666045 34 323
1: 15314 104329 -36 323
2: -15314 104329 32 323
4: -15317 -209 1064 323
1: 15317 1805 -146 323
4: -15317 -54587 38 323
3: 15371 -104329 -32 323
4: -15371 -104329 36 323
1: 15487 637165 -34 323
4: -15487 -678319 34 323
3: 15504 -1083 153 323
3: 15504 -312987 -33 323
1: 15523 511309 -34 323
4: -15523 -544255 34 323
1: 15538 11 -18411 323
1: 15561 423453 -34 323
4: -15713 -44795 38 323
4: -15808 -214795 34 323
2: -15878 7 -30685 323
3: 15884 -5491 4 323
4: -15884 -5491 72 323
2: -16048 5 -42959 323
3: 16184 -19 10621 323
4: -16184 -19 11343 323
2: -16184 37 -5776 323
2: -16184 19133 21 323
1: 16184 35093 -38 323
4: -16184 -37259 38 323
1: 16218 3 -67507 323
4: -16354 -102163 34 323
1: 16388 1 -202521 323
2: -16388 1 -214795 323
4: -16473 -3 71630 323
1: 16473 9 -22534 323
2: -16473 15 -14288 323
4: -16473 -21 10260 323
2: -16473 51 -4180 323
3: 16473 -99 2014 323
2: -16473 105 -2014 323
4: -16473 -255 874 323
2: -16473 357 -570 323
4: -16473 -1083 230 323
1: 16473 1683 -152 323
4: -16473 -1785 152 323
1: 16473 3249 -94 323
2: -16473 5415 -8 323
4: -16473 -7581 60 323
2: -16473 18411 20 323
3: 16473 -35739 -26 323
2: -16473 37905 26 323
3: 16473 -55233 -28 323
2: -16473 128877 30 323
1: 16473 607563 -32 323
4: -16473 -644385 32 323
3: 16558 -1 202521 323
4: -16558 -1 214795 323
1: 16606 19 -10693 323
2: -16606 19 -11271 323
4: -16606 -119 1836 323
4: -16606 -257 867 323
4: -16606 -38437 37 323
4: -16606 -83011 34 323
3: 16606 -490433 -31 323
2: -16606 519911 31 323
1: 16682 3179 -95 323
3: 16728 -3 67507 323
1: 16796 29189 -38 323
4: -16796 -30923 38 323
1: 16796 104329 -33 323
2: -16796 104329 29 323
4: -16898 -5 42959 323
4: -17068 -7 30685 323
3: 17119 -103 1938 323
2: -17119 109 -1938 323
2: -17153 521645 30 323
2: -17176 13 -16473 323
4: -17328 -75 2890 323
3: 17328 -171 1156 323
4: -17328 -21675 40 323
3: 17328 -49419 -26 323
3: 17408 -11 18411 323
1: 17442 21 -9690 323
3: 17918 -17 11913 323
4: -17918 -17 12635 323
1: 17918 293 -722 323
1: 18088 39349 -34 323
4: -18088 -41515 34 323
2: -18126 3 -71383 323
3: 18207 -285 684 323
1: 18207 150537 -30 323
1: 18316 1 -203167 323
2: -18316 1 -214149 323
3: 18411 -3 67694 323
2: -18411 9 -23766 323
3: 18411 -57 3536 323
3: 18411 -111 1802 323
2: -18411 117 -1802 323
2: -18411 171 -1224 323
3: 18411 -867 206 323
3: 18411 -2109 68 323
2: -18411 2223 -68 323
2: -18411 2601 -54 323
3: 18411 -16473 -16 323
3: 18411 -32079 -22 323
2: -18411 33813 22 323
2: -18411 49419 24 323
3: 18411 -609501 -28 323
2: -18411 642447 28 323
4: -18496 -11 19494 323
4: -18496 -203 1083 323
2: -18496 177973 27 323
3: 18506 -1 203167 323
4: -18506 -1 214149 323
1: 18666 33573 -34 323
4: -18696 -3 71383 323
1: 18772 17 -11985 323
2: -18772 17 -12563 323
3: 18772 -35 5780 323
1: 18772 3553 -85 323
3: 18772 -15895 -15 323
1: 18772 32725 -34 323
4: -18772 -34459 34 323
1: 18772 960925 -28 323
4: -18848 -3179 95 323
1: 19057 5 -40698 323
4: -19074 -57 3781 323
2: -19074 63897 24 323
3: 19278 -33 6137 323
4: -19448 -35 6137 323
3: 19494 -87 2312 323
1: 19494 28101 -34 323
4: -19532 -730303 27 323
4: -19618 -521645 27 323
4: -19646 -13 16473 323
1: 19652 17765 -38 323
4: -19941 -27 7942 323
3: 20026 -3179 38 323
1: 20026 104329 -28 323
2: -20026 104329 24 323
3: 20216 -19 10693 323
4: -20216 -19 11271 323
3: 20216 -1139 153 323
1: 20216 170221 -27 323
4: -20604 -312987 26 323
3: 20808 -51 3971 323
2: -20808 4845 -19 323
3: 20808 -18411 -14 323
4: -20938 -3553 85 323
3: 21097 -361 540 323
4: -21097 -361 616 323
1: 21128 15317 -38 323
3: 21318 -37281 -19 323
2: -21318 39015 19 323
2: -21386 31 -6859 323
3: 21926 -37 5491 323
1: 21964 1 -204079 323
2: -21964 1 -213237 323
3: 21964 -7 29127 323
1: 21964 17 -12027 323
2: -21964 17 -12521 323
3: 21964 -119 1691 323
4: -21964 -139 1558 323
2: -21964 361 -567 323
4: -21964 -2363 114 323
2: -21964 6137 -11 323
3: 21964 -6859 6 323
1: 21964 48013 -28 323
4: -21964 -50179 28 323
3: 21964 -116603 -22 323
1: 21964 816221 -24 323
4: -21964 -853043 24 323
2: -22021 23 -9248 323
2: -22021 126293 22 323
1: 22021 655163 -24 323
4: -22021 -684641 24 323
4: -22116 -39 5491 323
1: 22253 79781 -26 323
3: 22382 -17 11985 323
4: -22382 -17 12563 323
3: 22382 -666145 -23 323
2: -22382 695623 23 323
4: -22423 -19855 34 323
3: 22542 -4845 19 323
3: 22542 -49305 -19 323
2: -22542 51471 19 323
4: -22542 -55233 27 323
2: -22743 16473 10 323
4: -22831 -4009 76 323
4: -22933 -5 42636 323
3: 22933 -289 684 323
4: -22933 -289 760 323
3: 23028 -312987 -22 323
2: -23358 5415 -17 323
3: 23579 -361 544 323
4: -23579 -361 612 323
4: -23698 -85 2527 323
4: -23826 -57 3757 323
3: 23826 -41769 -17 323
2: -23826 43503 17 323
4: -24187 -17119 34 323
1: 24276 9 -22743 323
4: -24276 -1083 218 323
2: -24514 93347 19 323
1: 24548 1 -204561 323
2: -24548 1 -212755 323
2: -24548 5 -42534 323
3: 24548 -19 10744 323
4: -24548 -19 11220 323
4: -24548 -31 6885 323
1: 24548 149 -1394 323
4: -24548 -155 1394 323
1: 24548 289 -729 323
2: -24548 289 -715 323
2: -24548 589 -340 323
2: -24548 1445 -126 323
3: 24548 -2831 51 323
2: -24548 2945 -51 323
3: 24548 -5491 16 323
4: -24548 -5491 60 323
4: -24548 -8959 45 323
4: -24548 -27455 29 323
1: 24548 43061 -26 323
4: -24548 -44795 26 323
2: -24548 170221 20 323
3: 24548 -818159 -21 323
2: -24548 851105 21 323
3: 24616 -93347 -19 323
3: 24854 -47 4332 323
3: 25092 -5415 17 323
2: -25143 855 -228 323
4: -25194 -867 266 323
2: -25194 57399 17 323
3: 25631 -289 688 323
4: -25631 -289 756 323
3: 25772 -63175 -17 323
3: 25992 -51 3995 323
4: -26163 -33 6460 323
1: 26486 161 -1292 323
4: -26486 -167 1292 323
2: -26588 65 -3249 323
4: -26588 -119 1805 323
1: 26588 6137 -53 323
2: -26588 6137 -15 323
4: -26588 -558467 20 323
2: -26714 38437 14 323
3: 26714 -81073 -17 323
4: -26809 -3757 76 323
3: 26877 -513 380 323
2: -27018 92055 17 323
3: 27094 -809489 -19 323
2: -27094 838967 19 323
2: -27132 9 -23579 323
3: 27132 -1083 170 323
3: 27166 -15523 -6 323
1: 27404 104329 -21 323
4: -27506 -104329 21 323
1: 27797 166175 -20 323
1: 27816 831453 -19 323
4: -27816 -860931 19 323
3: 28158 -867 218 323
3: 28322 -6137 15 323
4: -28322 -6137 53 323
2: -28519 731 -272 323
4: -29241 -357 612 323
2: -29241 115311 16 323
4: -29478 -92055 20 323
3: 29602 -85 2397 323
1: 29602 5491 -55 323
2: -29602 5491 -21 323
1: 30294 115311 -19 323
1: 30324 9 -22831 323
2: -30324 40749 12 323
4: -30396 -115311 19 323
2: -30628 104329 15 323
3: 30742 -104329 -15 323
2: -31212 561 -361 323
1: 31407 4335 -64 323
4: -31768 -35 6069 323
3: 31768 -5491 21 323
4: -31768 -5491 55 323
3: 31768 -488699 -16 323
2: -31977 867 -228 323
3: 32368 -187 1083 323
1: 32368 71269 -19 323
4: -32368 -73435 19 323
2: -32832 6069 -19 323
2: -32851 121 -1734 323
3: 32946 -3 68514 323
4: -32946 -9 23541 323
1: 32946 51 -4047 323
2: -32946 153 -1368 323
3: 32946 -201 1007 323
2: -32946 207 -1007 323
3: 32946 -1083 174 323
4: -32946 -3249 81 323
1: 32946 3417 -76 323
4: -32946 -3519 76 323
1: 32946 18411 -27 323
2: -32946 55233 12 323
3: 32946 -72561 -13 323
2: -32946 74727 13 323
1: 33212 65 -3179 323
1: 33212 1445 -158 323
3: 33212 -291023 -15 323
1: 33269 29 -7106 323
3: 33524 -247 817 323
1: 33573 444771 -16 323
1: 33592 59245 -19 323
4: -33592 -60979 19 323
2: -33813 1083 -180 323
1: 34102 5 -41154 323
3: 34102 -113 1805 323
1: 34102 595 -361 323
1: 34102 30685 -22 323
3: 34102 -693481 -15 323
2: -34238 215 -969 323
2: -34238 1805 -102 323
4: -34352 -116603 17 323
4: -34561 -11191 34 323
4: -34656 -459 476 323
1: 34656 105621 -17 323
2: -34969 97 -2166 323
3: 34998 -6069 19 323
2: -35258 145 -1444 323
4: -35258 -10469 35 323
1: 35292 938961 -15 323
4: -35378 -829141 15 323
3: 35547 -3 68590 323
1: 35598 87723 -17 323
4: -35739 -123 1734 323
1: 35739 867 -252 323
4: -36176 -81947 17 323
4: -36822 -3 70482 323
3: 36822 -9 22865 323
4: -36822 -21 10081 323
2: -36822 33 -6392 323
1: 36822 45 -4590 323
4: -36822 -57 3723 323
3: 36822 -171 1190 323
3: 36822 -225 901 323
2: -36822 231 -901 323
4: -36822 -399 544 323
1: 36822 855 -255 323
4: -36822 -867 258 323
3: 36822 -2601 65 323
3: 36822 -4275 34 323
2: -36822 4389 -34 323
4: -36822 -6069 49 323
2: -36822 9537 -8 323
1: 36822 13005 -30 323
4: -36822 -16473 27 323
3: 36822 -49419 -10 323
3: 36822 -65025 -11 323
2: -36822 66759 11 323
4: -36822 -115311 16 323
2: -36822 181203 13 323
1: 36822 247095 -15 323
1: 37544 66317 -17 323
4: -37544 -68051 17 323
1: 37791 1083 -204 323
2: -38148 9 -23465 323
1: 38342 521645 -14 323
3: 38437 -5 41192 323
3: 38437 -47 4370 323
3: 38437 -3995 38 323
2: -38437 4097 -38 323
3: 38437 -6137 20 323
4: -38437 -6137 48 323
1: 38437 84835 -16 323
4: -38437 -87001 16 323
1: 38627 365 -578 323
3: 38627 -27455 -6 323
1: 38988 21 -9826 323
3: 38988 -6783 17 323
4: -39349 -10183 34 323
2: -39444 938961 13 323
4: -39729 -3 70414 323
3: 39882 -855 228 323
1: 40052 104329 -15 323
2: -40052 104329 11 323
4: -40749 -8379 38 323
1: 40749 18411 -24 323
4: -40793 -1343 170 323
4: -41038 -5 42237 323
2: -41157 312987 12 323
3: 41208 -312987 -12 323
3: 41344 -11 18734 323
4: -41616 -18411 24 323
2: -41616 137541 11 323
4: -41876 -247 867 323
3: 42194 -361 559 323
4: -42194 -361 597 323
2: -42598 5 -42194 323
1: 42636 9 -22933 323
4: -42772 -262447 13 323
3: 42959 -19 10846 323
4: -42959 -19 11118 323
1: 42959 289 -726 323
2: -42959 289 -718 323
4: -43061 -2071 114 323
2: -43928 5 -42180 323
4: -43928 -11 19190 323
2: -43928 85 -2470 323
4: -43928 -187 1140 323
1: 43928 269 -779 323
4: -43928 -275 779 323
2: -43928 1805 -105 323
4: -43928 -3971 65 323
1: 43928 4573 -57 323
4: -43928 -4675 57 323
2: -43928 30685 5 323
4: -43928 -67507 15 323
1: 43928 97109 -14 323
4: -43928 -99275 14 323
2: -44042 1853 -102 323
3: 44403 -3 68782 323
2: -44506 24187 3 323
3: 44764 -79 2601 323
4: -44764 -3179 78 323
2: -44764 7361 -17 323
1: 45486 16473 -24 323
4: -45662 -22021 21 323
3: 45866 -289 703 323
4: -45866 -289 741 323
1: 45999 312987 -12 323
4: -46056 -312987 12 323
1: 46569 1071 -204 323
4: -46569 -16473 24 323
1: 46818 4503 -57 323
3: 47158 -361 561 323
4: -47158 -361 595 323
1: 47291 3757 -66 323
2: -47396 817 -247 323
4: -47481 -7803 38 323
2: -47652 9 -23409 323
3: 47652 -255 799 323
2: -47804 4693 -34 323
1: 48263 1463 -152 323
3: 48263 -42959 -6 323
2: -48374 703 -289 323
3: 48552 -1083 180 323
3: 49096 -19 10863 323
4: -49096 -19 11101 323
3: 49096 -43 4794 323
1: 49096 133 -1564 323
1: 49096 301 -697 323
4: -49096 -307 697 323
3: 49096 -5491 27 323
4: -49096 -5491 49 323
3: 49096 -12427 6 323
1: 49096 38437 -16 323
1: 49096 86989 -13 323
4: -49096 -88723 13 323
2: -49419 3 -70224 323
4: -49419 -51 4142 323
2: -49419 1083 -184 323
4: -49419 -18411 22 323
2: -49708 426341 10 323
3: 50286 -189 1083 323
3: 50388 -867 228 323
3: 51262 -5 41327 323
3: 51262 -289 705 323
4: -51262 -289 739 323
3: 51357 -315 646 323
2: -51357 321 -646 323
1: 51984 741 -289 323
1: 51984 214149 -11 323
2: -52003 65 -3230 323
4: -52649 -2023 114 323
1: 52706 6647 -41 323
4: -52887 -98553 12 323
1: 52972 325 -646 323
4: -52972 -331 646 323
4: -53713 -730303 10 323
2: -53789 56933 6 323
4: -54264 -1083 204 323
3: 54872 -137275 -8 323
1: 55199 41 -5054 323
1: 55233 3 -68952 323
4: -55233 -15 14042 323
1: 55233 57 -3638 323
4: -55233 -69 3060 323
4: -55233 -285 748 323
1: 55233 867 -248 323
4: -55233 -1311 170 323
4: -55233 -4335 58 323
1: 55233 16473 -22 323
4: -55233 -19941 20 323
4: -55233 -82365 12 323
4: -55233 -378879 10 323
1: 56202 4335 -57 323
4: -56316 -867 252 323
3: 56933 -177973 -8 323
3: 59204 -255187 -8 323
1: 59432 1445 -152 323
4: -60401 -13 16188 323
1: 60401 53 -3914 323
1: 60401 119 -1748 323
1: 60401 361 -582 323
2: -60401 361 -574 323
2: -60401 493 -418 323
2: -60401 79781 6 323
3: 60401 -325261 -8 323
2: -61268 1805 -108 323
2: -62662 8303 -17 323
4: -63002 -1463 152 323
2: -63536 4981 -34 323
1: 63954 867 -247 323
4: -64158 -117 1805 323
3: 64158 -561 361 323
2: -64258 799 -255 323
1: 64447 108661 -10 323
4: -65892 -3 70072 323
1: 65892 81 -2565 323
4: -65892 -1083 202 323
1: 65892 6885 -38 323
4: -65892 -6987 38 323
1: 65892 29241 -15 323
4: -67048 -595 361 323
4: -67146 -1071 204 323
3: 67507 -5491 30 323
4: -67507 -5491 46 323
1: 67507 7885 -34 323
4: -67507 -7999 34 323
3: 67507 -119935 -6 323
2: -67507 121669 6 323
1: 67626 1083 -199 323
2: -68153 25 -8398 323
1: 68612 521645 -8 323
4: -68663 -521645 8 323
1: 69649 1 -207214 323
2: -69649 1 -210102 323
4: -71094 -3 70034 323
1: 71383 17 -12198 323
2: -71383 17 -12350 323
3: 71383 -158479 -6 323
2: -71383 160645 6 323
2: -71478 867 -235 323
3: 72539 -7 29602 323
4: -72539 -43681 12 323
2: -72561 33 -6358 323
2: -72998 13 -16150 323
3: 73644 -3 69088 323
4: -73644 -27 7786 323
3: 73644 -867 232 323
3: 73644 -8607 17 323
3: 74366 -204323 -6 323
2: -74727 214149 6 323
2: -75429 14079 -8 323
2: -75582 1083 -187 323
1: 75718 17119 -19 323
4: -75718 -67507 10 323
3: 76007 -1805 108 323
2: -76228 5 -41990 323
3: 76874 -187 1102 323
1: 76874 3971 -59 323
3: 76874 -6137 27 323
4: -76874 -6137 41 323
3: 76874 -8041 19 323
2: -76874 8143 -19 323
1: 76874 170753 -8 323
4: -76874 -172919 8 323
3: 76874 -263891 -6 323
2: -77163 276165 6 323
4: -77452 -17119 19 323
1: 77843 1 -207366 323
2: -77843 1 -209950 323
4: -77843 -1445 152 323
1: 78489 7581 -34 323
3: 79458 -3 69122 323
4: -79781 -38437 12 323
1: 79781 141899 -8 323
4: -79781 -143633 8 323
2: -79781 389861 6 323
2: -80142 59823 3 323
2: -81209 495653 6 323
2: -81498 18411 -5 323
1: 82314 312987 -7 323
4: -82416 -312987 7 323
3: 83011 -730303 -6 323
3: 83232 -18411 5 323
1: 84728 19133 -17 323
1: 85196 241 -867 323
3: 85196 -703 289 323
4: -85918 -5 41973 323
3: 85918 -19 10914 323
4: -85918 -19 11050 323
1: 85918 23 -9027 323
2: -85918 107 -1955 323
1: 85918 289 -724 323
2: -85918 289 -720 323
4: -86462 -19133 17 323
2: -86989 4769 -38 323
1: 87001 1 -207502 323
2: -87001 1 -209814 323
2: -87278 214795 5 323
1: 87742 15895 -19 323
1: 87856 195301 -7 323
4: -87856 -197467 7 323
1: 88723 2527 -88 323
4: -88806 -3 69938 323
4: -88806 -741 289 323
4: -89908 -15895 19 323
2: -90168 2565 -76 323
1: 90457 889865 -6 323
2: -90972 16473 -7 323
2: -91086 81 -2584 323
1: 91333 719321 -6 323
2: -91998 312987 5 323
3: 92112 -312987 -5 323
4: -92416 -11 19074 323
3: 93138 -16473 7 323
1: 93347 425 -494 323
4: -93347 -509371 6 323
1: 94221 7293 -34 323
4: -94943 -414715 6 323
1: 95948 368581 -6 323
4: -97104 -1083 199 323
1: 97109 2023 -108 323
4: -97869 -312987 6 323
1: 98192 5 -41531 323
3: 98192 -11 18870 323
1: 98192 1045 -204 323
1: 98192 1445 -149 323
3: 98192 -2299 85 323
3: 98192 -3179 60 323
1: 98192 302005 -6 323
3: 98192 -664411 -5 323
1: 98838 3 -69217 323
4: -98838 -15 13984 323
3: 98838 -51 4066 323
4: -98838 -123 1710 323
2: -98838 255 -817 323
1: 98838 1083 -197 323
2: -98838 2091 -95 323
4: -98838 -5415 44 323
3: 98838 -18411 6 323
4: -98838 -44403 10 323
2: -98838 92055 3 323
2: -98838 754851 5 323
4: -100358 -17765 17 323
4: -100776 -867 247 323
3: 102714 -633 323 323
2: -102714 639 -323 323
2: -103246 51731 1 323
4: -103462 -2527 88 323
1: 104329 1 -207694 323
2: -104329 1 -209622 323
3: 104329 -1 207684 323
4: -104329 -1 209632 323
2: -104329 11 -19052 323
4: -104329 -11 19062 323
1: 104329 17 -12222 323
2: -104329 17 -12326 323
3: 104329 -17 12212 323
4: -104329 -17 12336 323
1: 104329 19 -10936 323
2: -104329 19 -11028 323
3: 104329 -19 10926 323
4: -104329 -19 11038 323
2: -104329 59 -3548 323
4: -104329 -59 3558 323
2: -104329 187 -1116 323
4: -104329 -187 1126 323
2: -104329 209 -998 323
4: -104329 -209 1008 323
1: 104329 323 -648 323
2: -104329 323 -644 323
3: 104329 -323 638 323
4: -104329 -323 654 323
1: 104329 643 -328 323
3: 104329 -643 318 323
2: -104329 649 -318 323
4: -104329 -649 328 323
4: -104329 -1003 214 323
2: -104329 1121 -182 323
4: -104329 -1121 192 323
2: -104329 3553 -54 323
4: -104329 -3553 64 323
1: 104329 10931 -24 323
3: 104329 -10931 14 323
2: -104329 11033 -14 323
4: -104329 -11033 24 323
1: 104329 12217 -22 323
3: 104329 -12217 12 323
2: -104329 12331 -12 323
4: -104329 -12331 22 323
2: -104329 19057 -6 323
4: -104329 -19057 16 323
1: 104329 207689 -6 323
3: 104329 -207689 -4 323
2: -104329 209627 4 323
4: -104329 -209627 6 323
1: 104652 129 -1615 323
3: 104907 -2565 76 323
3: 105412 -799 255 323
1: 105944 653 -323 323
4: -105944 -659 323 323
1: 106134 17187 -17 323
3: 108528 -1083 187 323
1: 109242 923799 -5 323
2: -110466 3 -69853 323
2: -110466 57 -3672 323
2: -110466 867 -237 323
2: -110466 16473 -8 323
4: -110687 -162811 6 323
4: -111188 -679439 5 323
2: -112081 4913 -38 323
4: -112632 -243 867 323
3: 112632 -867 235 323
2: -114342 2601 -76 323
1: 114444 6213 -38 323
2: -114798 82365 2 323
1: 115022 19855 -15 323
2: -115311 51 -4104 323
4: -115311 -1083 198 323
2: -116178 3249 -60 323
4: -116603 -95 2210 323
4: -116603 -137275 6 323
4: -117686 -2023 108 323
2: -119068 29 -7220 323
3: 119187 -5415 34 323
1: 120802 361 -580 323
2: -120802 361 -576 323
3: 121448 -107 1938 323
1: 123114 55233 -8 323
2: -123522 938961 4 323
3: 123573 -938961 -4 323
4: -123981 -55233 8 323
1: 124032 16245 -17 323
1: 124184 8381 -29 323
4: -125628 -247095 5 323
2: -126293 157 -1330 323
2: -126293 6137 -30 323
1: 127794 2601 -84 323
1: 128877 4335 -52 323
1: 129846 3249 -68 323
1: 130169 104329 -6 323
2: -130169 104329 2 323
3: 130917 -3249 60 323
3: 131784 -3 69293 323
2: -131784 117 -1786 323
3: 131784 -1083 188 323
1: 131784 13821 -19 323
4: -131784 -13923 19 323
2: -131784 42237 -1 323
3: 132753 -2601 76 323
2: -132848 1445 -141 323
1: 133518 9 -23104 323
1: 134292 45 -4624 323
2: -134691 27 -7752 323
4: -135014 -5491 42 323
4: -135014 -15941 17 323
3: 135014 -240737 -3 323
2: -135014 242471 3 323
2: -136408 5 -41876 323
2: -136408 30685 -3 323
1: 136952 1805 -119 323
1: 137541 49419 -8 323
1: 137853 3 -69312 323
1: 137921 23 -9044 323
1: 138054 938961 -4 323
4: -138111 -938961 4 323
3: 138142 -30685 3 323
4: -138624 -49419 8 323
1: 139298 1 -207936 323
2: -139298 1 -209380 323
1: 139536 6069 -38 323
3: 140743 -1 207936 323
4: -140743 -1 209380 323
1: 141151 19 -10948 323
2: -141151 19 -11016 323
3: 142188 -3 69312 323
1: 142766 17 -12236 323
2: -142766 17 -12312 323
3: 142766 -318041 -3 323
2: -142766 320207 3 323
4: -143633 -5 41876 323
1: 143633 3971 -56 323
2: -143922 128877 2 323
3: 145122 -21675 6 323
4: -146319 -3249 68 323
3: 146523 -9 23104 323
4: -147288 -3 69785 323
2: -147288 285 -731 323
4: -147288 -867 245 323
2: -147288 82365 1 323
1: 148257 183 -1140 323
4: -148371 -2601 84 323
2: -149226 9 -23256 323
4: -149872 -6859 34 323
1: 150841 7 -29716 323
1: 152342 27455 -11 323
3: 152703 -5559 34 323
2: -153368 521645 3 323
3: 153482 -521645 -3 323
1: 153748 1241 -171 323
1: 153748 79781 -6 323
1: 153748 342589 -4 323
4: -153748 -344755 4 323
2: -154071 3 -69768 323
4: -154508 -27455 11 323
3: 154508 -151147 -2 323
1: 155686 1 -208012 323
2: -155686 1 -209304 323
3: 157301 -1 208012 323
4: -157301 -1 209304 323
2: -158118 91035 1 323
4: -158372 -3971 56 323
4: -158916 -3 69768 323
2: -159239 43 -4864 323
2: -159239 391 -532 323
4: -159528 -27075 11 323
1: 159562 95 -2193 323
1: 159562 284665 -4 323
4: -159562 -286399 4 323
1: 160284 3213 -68 323
4: -160973 -29 7220 323
1: 161367 15 -13872 323
3: 162146 -7 29716 323
4: -163761 -9 23256 323
1: 163894 103 -2023 323
2: -165699 21 -9962 323
3: 165699 -181203 -2 323
1: 166782 9 -23120 323
4: -169898 -1805 119 323
3: 170221 -17 12236 323
4: -170221 -17 12312 323
1: 170392 5 -41616 323
1: 170392 70805 -6 323
3: 171836 -19 10948 323
4: -171836 -19 11016 323
1: 171836 289 -723 323
2: -171836 289 -721 323
1: 172197 3 -69360 323
3: 173689 -287 722 323
1: 174002 1 -208080 323
2: -174002 1 -209236 323
3: 174002 -1445 141 323
3: 175066 -23 9044 323
4: -175134 -291 722 323
1: 175712 85 -2451 323
3: 175712 -2635 76 323
3: 175712 -214795 -2 323
3: 175807 -1 208080 323
4: -175807 -1 209236 323
3: 177612 -3 69360 323
4: -177973 -247 850 323
4: -178296 -27 7752 323
3: 179417 -5 41616 323
4: -179778 -99705 5 323
4: -180861 -3213 68 323
2: -181203 16245 -10 323
3: 183027 -9 23120 323
4: -183388 -6715 34 323
3: 184671 -252339 -2 323
2: -186694 116603 1 323
3: 188081 -269059 -2 323
3: 188442 -15 13872 323
1: 192134 730303 -3 323
4: -192236 -730303 3 323
3: 195738 -312987 -2 323
2: -196384 53 -3944 323
2: -196384 437 -476 323
2: -196384 15317 -11 323
2: -196384 126293 1 323
4: -197676 -51 4104 323
4: -197676 -18411 14 323
1: 198322 2527 -85 323
2: -198543 5415 -36 323
4: -202521 -57 3672 323
3: 202521 -361539 -2 323
2: -202521 363273 2 323
3: 202589 -362083 -2 323
2: -203167 4693 -42 323
1: 208658 1 -208176 323
2: -208658 1 -209140 323
3: 208658 -1 208171 323
4: -208658 -1 209145 323
2: -208658 5 -41826 323
4: -208658 -5 41831 323
2: -208658 7 -29875 323
4: -208658 -7 29880 323
1: 208658 17 -12248 323
2: -208658 17 -12300 323
3: 208658 -17 12243 323
4: -208658 -17 12305 323
1: 208658 19 -10959 323
2: -208658 19 -11005 323
3: 208658 -19 10954 323
4: -208658 -19 11010 323
2: -208658 35 -5973 323
4: -208658 -35 5978 323
2: -208658 37 -5650 323
4: -208658 -37 5655 323
2: -208658 85 -2458 323
4: -208658 -85 2463 323
2: -208658 95 -2199 323
2: -208658 119 -1755 323
4: -208658 -119 1760 323
2: -208658 133 -1570 323
4: -208658 -133 1575 323
2: -208658 185 -1128 323
4: -208658 -185 1133 323
2: -208658 259 -805 323
4: -208658 -259 810 323
1: 208658 323 -647 323
2: -208658 323 -645 323
3: 208658 -323 642 323
4: -208658 -323 650 323
2: -208658 595 -349 323
4: -208658 -595 354 323
2: -208658 629 -330 323
4: -208658 -629 335 323
2: -208658 665 -312 323
4: -208658 -665 317 323
2: -208658 703 -295 323
4: -208658 -703 300 323
1: 208658 1289 -164 323
3: 208658 -1289 159 323
2: -208658 1295 -159 323
4: -208658 -1295 164 323
2: -208658 1615 -127 323
4: -208658 -1615 132 323
2: -208658 2261 -90 323
2: -208658 3145 -64 323
4: -208658 -3145 69 323
4: -208658 -3515 62 323
2: -208658 4403 -45 323
4: -208658 -4403 50 323
2: -208658 4921 -40 323
4: -208658 -4921 45 323
2: -208658 11305 -16 323
4: -208658 -11305 21 323
2: -208658 11951 -15 323
4: -208658 -11951 20 323
1: 208658 21913 -12 323
3: 208658 -21913 7 323
2: -208658 22015 -7 323
4: -208658 -22015 12 323
1: 208658 24491 -11 323
3: 208658 -24491 6 323
2: -208658 24605 -6 323
4: -208658 -24605 11 323
2: -208658 59755 -1 323
4: -208658 -59755 6 323
4: -208658 -83657 5 323
1: 208658 416347 -3 323
3: 208658 -416347 -2 323
2: -208658 418285 2 323
4: -208658 -418285 3 323
3: 213282 -5415 36 323
2: -213712 38437 -3 323
1: 214149 459 -456 323
3: 214149 -477603 -2 323
2: -214149 479769 2 323
3: 215517 -45 4624 323
3: 215878 -38437 3 323
3: 216239 -504883 -2 323
1: 220932 57 -3655 323
1: 220932 273 -765 323
3: 220932 -1995 102 323
1: 220932 16473 -15 323
1: 220932 78897 -5 323
3: 220932 -576555 -2 323
4: -221901 -81 2584 323
2: -221952 154869 1 323
1: 225131 1391 -152 323
4: -225131 -1397 152 323
3: 225131 -656659 -2 323
3: 228888 -746187 -2 323
1: 230622 51 -4085 323
3: 230622 -75 2774 323
2: -230622 165699 1 323
4: -231268 -2527 85 323
2: -233928 2397 -85 323
4: -241026 -250173 3 323
1: 241604 361 -579 323
2: -241604 361 -577 323
1: 243542 43 -4845 323
4: -244783 -145 1444 323
3: 249451 -359 578 323
4: -251256 -363 578 323
1: 251617 1555 -136 323
4: -251617 -1561 136 323
1: 251617 5491 -40 323
2: -251617 5491 -36 323
3: 252586 -119 1748 323
1: 252586 3791 -57 323
1: 252586 6137 -36 323
2: -252586 6137 -32 323
4: -253164 -53067 6 323
1: 257754 513 -408 323
4: -257754 -214149 3 323
1: 258077 52345 -6 323
1: 260338 104329 -4 323
2: -261256 209741 1 323
4: -261307 -104329 4 323
4: -263568 -1083 195 323
3: 263891 -133 1564 323
3: 269059 -6137 32 323
4: -269059 -6137 36 323
4: -270028 -475 442 323
3: 270028 -5491 36 323
4: -270028 -5491 40 323
2: -270028 7225 -27 323
1: 272816 3781 -57 323
3: 275082 -2397 85 323
2: -275706 3 -69673 323
1: 278596 1 -208297 323
2: -278596 1 -209019 323
4: -280041 -153 1368 323
3: 281486 -1 208297 323
4: -281486 -1 209019 323
1: 282302 19 -10965 323
2: -282302 19 -10999 323
3: 282302 -349 595 323
1: 282302 1445 -146 323
4: -284376 -3 69673 323
1: 285532 17 -12255 323
2: -285532 17 -12293 323
4: -285532 -8303 27 323
3: 286501 -161 1292 323
1: 288762 15 -13889 323
3: 291023 -1799 114 323
1: 292757 954845 -2 323
4: -294576 -171 1224 323
2: -294576 261 -799 323
4: -294576 -49419 6 323
2: -294576 75429 -1 323
1: 296514 865317 -2 323
3: 300352 -30923 5 323
1: 300713 48841 -6 323
1: 300713 785213 -2 323
4: -302294 -3781 57 323
1: 304912 5 -41667 323
1: 305406 713541 -2 323
1: 307496 686261 -2 323
4: -307496 -688427 2 323
1: 308142 3 -69445 323
1: 311372 1 -208335 323
2: -311372 1 -208981 323
1: 311904 6069 -36 323
4: -312987 -3 69662 323
1: 312987 9 -23150 323
3: 312987 -45 4628 323
2: -312987 51 -4096 323
4: -312987 -57 3668 323
1: 312987 171 -1220 323
1: 312987 387 -540 323
1: 312987 765 -274 323
3: 312987 -855 242 323
2: -312987 969 -214 323
3: 312987 -1935 106 323
2: -312987 1941 -106 323
3: 312987 -2907 70 323
3: 312987 -6579 30 323
1: 312987 7353 -30 323
1: 312987 14535 -16 323
1: 312987 32895 -8 323
4: -312987 -32997 8 323
3: 312987 -36765 4 323
2: -312987 36879 -4 323
1: 312987 625005 -2 323
4: -312987 -626943 2 323
3: 314602 -1 208335 323
4: -314602 -1 208981 323
3: 317832 -3 69445 323
4: -318478 -153425 3 323
1: 319056 570741 -2 323
1: 319124 570197 -2 323
4: -319124 -571931 2 323
3: 321062 -5 41667 323
2: -321062 3971 -51 323
3: 325261 -2011 102 323
2: -325261 2017 -102 323
1: 325907 521645 -2 323
4: -331398 -411 510 323
4: -332481 -6069 36 323
1: 333564 477717 -2 323
1: 334951 1853 -114 323
1: 336452 60401 -5 323
1: 336974 460997 -2 323
1: 337174 7 -29767 323
3: 337212 -15 13889 323
4: -338257 -181 1156 323
1: 338504 3757 -57 323
4: -338618 -60401 5 323
3: 340442 -17 12255 323
4: -340442 -17 12293 323
2: -342176 4693 -43 323
3: 343672 -19 10965 323
4: -343672 -19 10999 323
1: 343672 24565 -10 323
2: -344394 3 -69649 323
1: 345933 93 -2242 323
4: -345933 -2805 76 323
2: -345933 59565 -2 323
1: 345933 423453 -2 323
1: 348004 1 -208369 323
2: -348004 1 -208947 323
3: 349809 -5871 34 323
1: 351424 53 -3933 323
3: 351614 -1 208369 323
4: -351614 -1 208947 323
3: 354008 -3971 51 323
4: -354502 -136697 3 323
4: -355224 -3 69649 323
3: 355224 -444771 -1 323
3: 355946 -1349 153 323
1: 355946 389861 -2 323
2: -362083 5 -41786 323
4: -362406 -7581 29 323
3: 362444 -7 29767 323
2: -363273 9747 -20 323
1: 367137 359805 -2 323
1: 367897 1105 -190 323
3: 371654 -4693 43 323
3: 372742 -521645 -1 323
4: -375326 -3757 57 323
4: -377723 -337535 2 323
3: 378012 -9747 20 323
4: -380494 -6403 34 323
3: 382432 -43 4845 323
1: 386631 16473 -14 323
3: 388416 -607563 -1 323
4: -391476 -312987 2 323
3: 395352 -51 4085 323
3: 395352 -18411 10 323
3: 400843 -361 576 323
4: -400843 -361 580 323
2: -403598 3995 -51 323
1: 403959 7803 -28 323
3: 405042 -57 3655 323
3: 405042 -723945 -1 323
2: -405042 725679 1 323
4: -406847 -291023 2 323
2: -410958 92055 -1 323
3: 412692 -92055 1 323
1: 417316 1 -208417 323
2: -417316 1 -208899 323
2: -417316 13 -16068 323
1: 417316 17 -12261 323
2: -417316 17 -12287 323
3: 417316 -19 10968 323
4: -417316 -19 10996 323
1: 417316 29 -7188 323
1: 417316 89 -2343 323
4: -417316 -199 1051 323
2: -417316 221 -944 323
4: -417316 -247 847 323
3: 417316 -323 644 323
4: -417316 -323 648 323
1: 417316 493 -424 323
3: 417316 -551 377 323
1: 417316 1513 -139 323
3: 417316 -1691 122 323
1: 417316 2581 -82 323
4: -417316 -2587 82 323
4: -417316 -3383 63 323
2: -417316 3781 -54 323
3: 417316 -9367 21 323
3: 417316 -28747 6 323
1: 417316 43877 -6 323
4: -417316 -43979 6 323
3: 417316 -49039 3 323
2: -417316 49153 -3 323
2: -417316 64277 -2 323
3: 417316 -833663 -1 323
2: -417316 835601 1 323
3: 423453 -27 7718 323
4: -424536 -7803 28 323
4: -428298 -55233 5 323
3: 428298 -956289 -1 323
2: -428298 958455 1 323
3: 435727 -5 41684 323
3: 435727 -289 720 323
4: -435727 -289 724 323
2: -439698 4335 -47 323
3: 444752 -3995 51 323
3: 450262 -85 2451 323
1: 450262 2785 -76 323
4: -450262 -2791 76 323
2: -455753 9025 -22 323
1: 461244 9 -23161 323
4: -461244 -1083 194 323
3: 466412 -95 2193 323
3: 472226 -391 532 323
3: 472226 -8303 24 323
2: -478686 69 -3026 323
4: -478686 -867 242 323
3: 480852 -4335 47 323
1: 497097 615 -340 323
2: -497097 68493 -2 323
1: 503234 3113 -68 323
4: -503234 -3119 68 323
1: 503234 5491 -39 323
2: -503234 5491 -37 323
1: 505172 6137 -35 323
2: -505172 6137 -33 323
3: 509371 -437 476 323
2: -515508 9 -23205 323
2: -516154 457 -456 323
1: 520676 104329 -3 323
2: -520676 104329 -1 323
3: 521322 -129 1615 323
3: 522614 -104329 1 323
4: -522614 -104329 3 323
4: -527136 -459 456 323
3: 535724 -103 2023 323
3: 538118 -6137 33 323
4: -538118 -6137 35 323
4: -538118 -41515 6 323
3: 540056 -5491 37 323
4: -540056 -5491 39 323
2: -553724 577 -361 323
1: 556614 579 -361 323
4: -558926 -193 1083 323
3: 560082 -5355 38 323
4: -570741 -513 408 323
4: -576878 -13 16065 323
4: -576878 -1235 170 323
2: -576878 7225 -28 323
3: 582046 -3601 57 323
2: -582046 3607 -57 323
4: -587537 -5627 38 323
4: -593028 -735 285 323
3: 595289 -8381 24 323
3: 601426 -61 3417 323
2: -607563 867 -240 323
2: -610368 16245 -12 323
4: -611173 -22831 10 323
2: -614992 37 -5643 323
3: 625107 -16245 12 323
3: 625974 -3 69498 323
4: -625974 -9 23203 323
1: 625974 51 -4089 323
3: 625974 -57 3657 323
2: -625974 153 -1364 323
4: -625974 -171 1222 323
1: 625974 969 -216 323
2: -625974 2907 -71 323
3: 625974 -3873 53 323
2: -625974 3879 -53 323
1: 625974 65841 -4 323
4: -625974 -65943 4 323
3: 625974 -73587 2 323
2: -625974 73701 -2 323
4: -638248 -35 5967 323
2: -642447 1083 -192 323
2: -643302 115311 -1 323
3: 645468 -115311 1 323
2: -647938 5 -41762 323
2: -647938 30685 -6 323
2: -649439 12427 -16 323
3: 650522 -4025 51 323
2: -650522 4031 -51 323
4: -650522 -40171 6 323
3: 660212 -215 969 323
3: 670016 -12427 16 323
1: 670548 938961 -1 323
3: 675393 -3 69502 323
1: 688066 862087 -1 323
2: -724812 9 -23199 323
3: 724812 -255 817 323
2: -728688 645 -323 323
2: -729147 76893 -2 323
4: -730303 -5 41760 323
3: 730303 -19 10974 323
4: -730303 -19 10990 323
4: -730303 -425 492 323
2: -730303 905 -230 323
4: -730303 -1615 130 323
2: -730303 3439 -60 323
3: 730303 -76823 2 323
2: -730303 76925 -2 323
1: 731918 647 -323 323
2: -742577 2033 -102 323
1: 744464 39349 -6 323
4: -754851 -3 69598 323
3: 773262 -285 731 323
2: -773262 16473 -12 323
1: 774231 18411 -12 323
3: 779722 -5 41705 323
4: -782034 -627057 1 323
4: -784814 -241 867 323
4: -785213 -35 5966 323
2: -790704 3621 -57 323
4: -790704 -18411 12 323
3: 791673 -16473 12 323
2: -793016 10621 -19 323
3: 801686 -361 577 323
4: -801686 -361 579 323
1: 810084 9 -23171 323
3: 812668 -1819 114 323
4: -812668 -583015 1 323
4: -821338 -572185 1 323
3: 822494 -10621 19 323
2: -831022 31501 -6 323
1: 834632 5 -41708 323
3: 834632 -19 10975 323
4: -834632 -19 10989 323
1: 834632 85 -2454 323
3: 834632 -323 645 323
4: -834632 -323 647 323
1: 834632 5165 -41 323
4: -834632 -5171 41 323
3: 834632 -19627 10 323
1: 834632 87805 -3 323
4: -834632 -87907 3 323
2: -845614 79781 -2 323
4: -846906 -543609 1 323
1: 847926 11343 -19 323
4: -856596 -533919 1 323
3: 867578 -59 3534 323
2: -867578 731 -285 323
1: 867578 149093 -2 323
3: 871454 -289 721 323
4: -871454 -289 723 323
3: 873069 -5403 38 323
2: -873069 5409 -38 323
4: -877404 -11343 19 323
4: -885172 -508351 1 323
4: -889542 -33 6327 323
1: 889542 1101 -190 323
4: -896002 -499681 1 323
1: 900524 5573 -38 323
4: -900524 -5579 38 323
1: 908276 38437 -6 323
3: 922488 -1083 192 323
2: -938961 3 -69588 323
1: 938961 39 -5348 323
4: -938961 -51 4094 323
2: -938961 57 -3662 323
3: 938961 -447 466 323
3: 938961 -663 314 323
1: 938961 741 -282 323
4: -938961 -969 216 323
1: 938961 7599 -28 323
3: 938961 -8493 24 323
3: 938961 -12597 16 323
1: 938961 144381 -2 323
4: -940044 -469047 1 323
2: -951596 721 -289 323
1: 955206 723 -289 323
1: 955434 1377 -152 323
1: 956289 18207 -12 323
3: 957372 -867 240 323
3: 975783 -6039 34 323
2: -975783 6045 -34 323
2: -975783 82365 -2 323
4: -976866 -18207 12 323
3: 982889 -2527 82 323
3: 988057 -1223 170 323
2: -996132 11913 -17 323
2: -997424 10693 -19 323
