Command line:- ../do_t 187 1000000
1: 1 17 975018 187
2: -1 17 -983246 187
1: 1 43 279752 187
3: 1 -43 -629442 187
1: 1 121 -13294 187
2: -1 121 12138 187
3: 1 -121 -336396 187
4: -1 -121 337552 187
1: 1 143 -38148 187
3: 1 -143 -311542 187
1: 1 187 -70312 187
2: -1 187 69564 187
3: 1 -187 -279378 187
4: -1 -187 280126 187
1: 1 221 -86394 187
3: 1 -221 -263296 187
1: 1 289 -107206 187
2: -1 289 106722 187
3: 1 -289 -242484 187
4: -1 -289 242968 187
1: 1 473 -133518 187
3: 1 -473 -216172 187
1: 1 559 -139876 187
3: 1 -559 -209814 187
2: -1 563 139876 187
4: -1 -563 209814 187
1: 1 731 -148104 187
3: 1 -731 -201586 187
1: 1 1573 -162418 187
3: 1 -1573 -187272 187
1: 1 2057 -165342 187
2: -1 2057 165274 187
3: 1 -2057 -184348 187
4: -1 -2057 184416 187
1: 1 2431 -166804 187
3: 1 -2431 -182886 187
1: 1 3179 -168696 187
2: -1 3179 168652 187
3: 1 -3179 -180994 187
4: -1 -3179 181038 187
1: 1 3757 -169642 187
3: 1 -3757 -180048 187
1: 1 5203 -171088 187
3: 1 -5203 -178602 187
1: 1 6149 -171666 187
3: 1 -6149 -178024 187
2: -1 6193 171666 187
4: -1 -6193 178024 187
1: 1 8041 -172414 187
3: 1 -8041 -177276 187
1: 1 9503 -172788 187
3: 1 -9503 -176902 187
2: -1 9571 172788 187
4: -1 -9571 176902 187
1: 1 12427 -173272 187
3: 1 -12427 -176418 187
1: 1 26741 -174114 187
3: 1 -26741 -175576 187
1: 1 34969 -174286 187
2: -1 34969 174282 187
3: 1 -34969 -175404 187
4: -1 -34969 175408 187
1: 1 41327 -174372 187
3: 1 -41327 -175318 187
1: 1 67639 -174556 187
3: 1 -67639 -175134 187
2: -1 68123 174556 187
4: -1 -68123 175134 187
1: 1 88451 -174624 187
3: 1 -88451 -175066 187
1: 1 104533 -174658 187
3: 1 -104533 -175032 187
2: -1 105281 174658 187
4: -1 -105281 175032 187
1: 1 136697 -174702 187
3: 1 -136697 -174988 187
1: 1 161551 -174724 187
3: 1 -161551 -174966 187
2: -1 162707 174724 187
4: -1 -162707 174966 187
1: 1 454597 -174802 187
3: 1 -454597 -174888 187
1: 2 11 797929 187
2: -2 11 -810645 187
3: 2 -11 -972774 187
4: -2 -11 985490 187
1: 2 17 485452 187
2: -2 17 -493680 187
3: 2 -17 -660297 187
4: -2 -17 668525 187
2: -2 55 -92191 187
4: -2 -55 267036 187
2: -2 85 -28798 187
4: -2 -85 203643 187
4: -2 -113 174845 187
1: 2 121 -6936 187
2: -2 121 5780 187
3: 2 -121 -167909 187
4: -2 -121 169065 187
1: 2 187 -35343 187
2: -2 187 34595 187
3: 2 -187 -139502 187
4: -2 -187 140250 187
1: 2 289 -53724 187
2: -2 289 53240 187
3: 2 -289 -121121 187
4: -2 -289 121605 187
1: 2 557 -69938 187
3: 2 -557 -104907 187
2: -2 565 69938 187
4: -2 -565 104907 187
2: -2 605 71094 187
4: -2 -605 103751 187
2: -2 935 76857 187
4: -2 -935 97988 187
2: -2 1243 79475 187
4: -2 -1243 95370 187
2: -2 1445 80586 187
4: -2 -1445 94259 187
2: -2 1921 82280 187
4: -2 -1921 92565 187
1: 2 2057 -82688 187
2: -2 2057 82620 187
3: 2 -2057 -92157 187
4: -2 -2057 92225 187
1: 2 3179 -84359 187
2: -2 3179 84315 187
3: 2 -3179 -90486 187
4: -2 -3179 90530 187
1: 2 6127 -85833 187
3: 2 -6127 -89012 187
2: -2 6215 85833 187
4: -2 -6215 89012 187
1: 2 9469 -86394 187
3: 2 -9469 -88451 187
2: -2 9605 86394 187
4: -2 -9605 88451 187
2: -2 10285 86462 187
4: -2 -10285 88383 187
2: -2 13673 86700 187
4: -2 -13673 88145 187
2: -2 15895 86801 187
4: -2 -15895 88044 187
2: -2 21131 86955 187
4: -2 -21131 87890 187
2: -2 32657 87120 187
4: -2 -32657 87725 187
1: 2 34969 -87144 187
2: -2 34969 87140 187
3: 2 -34969 -87701 187
4: -2 -34969 87705 187
1: 2 67397 -87278 187
3: 2 -67397 -87567 187
2: -2 68365 87278 187
4: -2 -68365 87567 187
1: 2 104159 -87329 187
3: 2 -104159 -87516 187
2: -2 105655 87329 187
4: -2 -105655 87516 187
1: 2 160973 -87362 187
3: 2 -160973 -87483 187
2: -2 163285 87362 187
4: -2 -163285 87483 187
2: -2 174845 87366 187
4: -2 -174845 87479 187
2: -2 232441 87380 187
4: -2 -232441 87465 187
2: -2 359227 87395 187
4: -2 -359227 87450 187
3: 3 -15 -489566 187
3: 3 -33 -254320 187
3: 3 -51 -185130 187
4: -3 -81 139876 187
1: 3 165 -19074 187
1: 3 255 -32912 187
1: 3 363 -40460 187
3: 3 -555 -69938 187
1: 3 561 -46750 187
4: -3 -567 69938 187
1: 3 867 -50820 187
2: -3 891 50864 187
3: 3 -1221 -63580 187
2: -3 1377 53482 187
3: 3 -1815 -61846 187
3: 3 -1887 -61710 187
3: 3 -2805 -60588 187
3: 3 -4335 -59774 187
1: 3 6105 -57222 187
3: 3 -6171 -59330 187
2: -3 6237 57222 187
1: 3 9435 -57596 187
3: 3 -9537 -58960 187
2: -3 9639 57596 187
4: -3 -9801 58956 187
1: 3 13431 -57800 187
4: -3 -15147 58718 187
1: 3 20757 -57970 187
4: -3 -23409 58564 187
1: 3 30855 -58072 187
1: 3 32079 -58080 187
1: 3 47685 -58146 187
3: 3 -67155 -58378 187
4: -3 -68607 58378 187
3: 3 -103785 -58344 187
1: 3 104907 -58220 187
4: -3 -106029 58344 187
3: 3 -160395 -58322 187
4: -3 -163863 58322 187
2: -3 166617 58242 187
3: 3 -228327 -58310 187
2: -3 257499 58256 187
3: 3 -352869 -58300 187
3: 3 -524535 -58294 187
3: 4 -7 -734349 187
3: 4 -11 -483208 187
4: -4 -11 495924 187
1: 4 17 240669 187
2: -4 17 -248897 187
1: 4 77 19074 187
3: 4 -79 -104907 187
3: 4 -119 -84337 187
1: 4 121 -3757 187
2: -4 121 2601 187
3: 4 -187 -69564 187
4: -4 -187 70312 187
1: 4 289 -26983 187
2: -4 289 26499 187
1: 4 553 -34969 187
2: -4 569 34969 187
3: 4 -847 -49419 187
1: 4 869 -38148 187
1: 4 1309 -40018 187
3: 4 -1343 -47311 187
3: 4 -2023 -46101 187
1: 4 2057 -41361 187
2: -4 2057 41293 187
3: 4 -3179 -45232 187
4: -4 -3179 45276 187
3: 4 -6083 -44506 187
4: -4 -6259 44506 187
1: 4 9401 -43197 187
3: 4 -9559 -44217 187
2: -4 9673 43197 187
3: 4 -14399 -44047 187
1: 4 14773 -43384 187
1: 4 22253 -43494 187
3: 4 -22831 -43923 187
1: 4 34969 -43573 187
2: -4 34969 43569 187
1: 4 66913 -43639 187
2: -4 68849 43639 187
3: 4 -103411 -43758 187
4: -4 -106403 43758 187
1: 4 159817 -43681 187
3: 4 -162503 -43741 187
2: -4 164441 43681 187
3: 4 -244783 -43731 187
1: 4 251141 -43692 187
3: 6 -9 -384659 187
4: -6 -33 130339 187
4: -6 -51 94622 187
1: 6 99 3179 187
1: 6 153 -8228 187
2: -6 363 19941 187
3: 6 -549 -34969 187
2: -6 561 23188 187
4: -6 -573 34969 187
2: -6 867 25289 187
3: 6 -1089 -32079 187
3: 6 -1683 -31042 187
3: 6 -2601 -30371 187
1: 6 6039 -28611 187
4: -6 -6171 29682 187
2: -6 6303 28611 187
1: 6 9333 -28798 187
4: -6 -9537 29491 187
2: -6 9741 28798 187
1: 6 18513 -28968 187
1: 6 28611 -29029 187
3: 6 -66429 -29189 187
4: -6 -69333 29189 187
3: 6 -102663 -29172 187
2: -6 104907 29109 187
4: -6 -107151 29172 187
3: 6 -158661 -29161 187
4: -6 -165597 29161 187
3: 6 -314721 -29151 187
3: 7 -11 -273394 187
4: -7 -11 286110 187
1: 7 17 135762 187
2: -7 17 -143990 187
4: -7 -25 139876 187
2: -7 605 20230 187
4: -7 -935 28050 187
2: -7 1445 22990 187
4: -7 -2783 26010 187
2: -7 4301 24310 187
3: 7 -6017 -25432 187
4: -7 -6325 25432 187
4: -7 -6647 25410 187
1: 7 9299 -24684 187
2: -7 9775 24684 187
3: 7 -34969 -25056 187
4: -7 -34969 25060 187
2: -7 51425 24922 187
4: -7 -79475 25014 187
4: -7 -236555 24990 187
2: -7 365585 24970 187
1: 8 5 454597 187
3: 8 -11 -238425 187
4: -8 -11 251141 187
1: 8 85 6171 187
3: 8 -187 -34595 187
4: -8 -187 35343 187
1: 8 605 -17918 187
1: 8 1445 -20207 187
1: 8 1853 -20570 187
3: 8 -3179 -22605 187
4: -8 -3179 22649 187
3: 8 -5995 -22253 187
4: -8 -6347 22253 187
1: 8 10285 -21624 187
1: 8 13189 -21675 187
1: 8 31501 -21780 187
3: 8 -101915 -21879 187
4: -8 -107899 21879 187
1: 8 174845 -21842 187
1: 8 224213 -21845 187
4: -9 -3 769318 187
1: 9 33 44506 187
2: -9 51 -24684 187
3: 9 -561 -23188 187
4: -9 -867 22022 187
1: 9 5973 -19074 187
2: -9 6369 19074 187
1: 9 9537 -19206 187
3: 9 -101541 -19448 187
4: -9 -108273 19448 187
1: 11 7 228888 187
3: 11 -7 -260678 187
1: 11 17 84898 187
2: -11 17 -93126 187
3: 11 -17 -116688 187
4: -11 -17 124916 187
1: 11 49 19074 187
3: 11 -49 -50864 187
2: -11 53 -19074 187
4: -11 -53 50864 187
1: 11 119 -1496 187
3: 11 -119 -30294 187
1: 11 121 -1734 187
2: -11 121 578 187
3: 11 -121 -30056 187
4: -11 -121 31212 187
1: 11 289 -9966 187
2: -11 289 9482 187
3: 11 -289 -21824 187
4: -11 -289 22308 187
1: 11 833 -13838 187
3: 11 -833 -17952 187
1: 11 847 -13872 187
3: 11 -847 -17918 187
2: -11 901 13838 187
4: -11 -901 17952 187
1: 11 2023 -15048 187
3: 11 -2023 -16742 187
1: 11 2057 -15062 187
2: -11 2057 14994 187
3: 11 -2057 -16728 187
4: -11 -2057 16796 187
1: 11 5929 -15606 187
3: 11 -5929 -16184 187
2: -11 6413 15606 187
4: -11 -6413 16184 187
1: 11 14161 -15774 187
3: 11 -14161 -16016 187
1: 11 14399 -15776 187
3: 11 -14399 -16014 187
2: -11 15317 15774 187
4: -11 -15317 16016 187
1: 11 34969 -15846 187
2: -11 34969 15842 187
3: 11 -34969 -15944 187
4: -11 -34969 15948 187
1: 11 100793 -15878 187
3: 11 -100793 -15912 187
2: -11 109021 15878 187
4: -11 -109021 15912 187
1: 11 244783 -15888 187
3: 11 -244783 -15902 187
2: -12 9 -174845 187
3: 12 -51 -45254 187
4: -12 -99 31790 187
1: 12 561 -11781 187
2: -12 765 12342 187
2: -12 1089 13005 187
4: -12 -1287 15895 187
2: -12 2601 13915 187
3: 12 -6171 -14824 187
4: -12 -8415 14773 187
1: 12 9129 -14399 187
2: -12 9945 14399 187
2: -12 14157 14450 187
4: -12 -28611 14630 187
2: -12 33813 14520 187
2: -12 92565 14552 187
3: 12 -100419 -14586 187
4: -12 -109395 14586 187
2: -12 314721 14565 187
4: -12 -371943 14575 187
1: 13 55 12716 187
1: 13 289 -8470 187
2: -13 289 7986 187
1: 13 2057 -12750 187
2: -13 2057 12682 187
3: 13 -100045 -13464 187
4: -13 -109769 13464 187
3: 14 -11 -133518 187
4: -14 -11 146234 187
1: 14 17 65824 187
2: -14 17 -74052 187
2: -14 31 -34969 187
1: 14 143 -3179 187
3: 14 -221 -18513 187
1: 14 451 -9537 187
3: 14 -697 -14399 187
2: -14 2299 11849 187
4: -14 -3553 12903 187
2: -14 5491 12221 187
3: 14 -5863 -12716 187
4: -14 -6479 12716 187
1: 14 9061 -12342 187
2: -14 10013 12342 187
3: 14 -34969 -12527 187
4: -14 -34969 12531 187
4: -14 -63767 12512 187
2: -14 98549 12474 187
1: 14 454597 -12486 187
1: 16 253 -6358 187
1: 16 4301 -10659 187
1: 16 73117 -10912 187
2: -17 5 -234498 187
4: -17 -5 255068 187
2: -17 7 -164560 187
4: -17 -7 185130 187
1: 17 11 88264 187
2: -17 11 -100980 187
3: 17 -11 -108834 187
4: -17 -11 121550 187
1: 17 31 24684 187
3: 17 -31 -45254 187
2: -17 35 -24684 187
4: -17 -35 45254 187
2: -17 55 -11968 187
4: -17 -55 32538 187
2: -17 77 -5610 187
4: -17 -77 26180 187
1: 17 121 -1326 187
2: -17 121 170 187
3: 17 -121 -19244 187
4: -17 -121 20400 187
1: 17 289 -6534 187
2: -17 289 6050 187
3: 17 -289 -14036 187
4: -17 -289 14520 187
1: 17 341 -7106 187
3: 17 -341 -13464 187
2: -17 385 7106 187
4: -17 -385 13464 187
2: -17 605 8262 187
4: -17 -605 12308 187
2: -17 847 8840 187
4: -17 -847 11730 187
2: -17 1445 9438 187
4: -17 -1445 11132 187
2: -17 2023 9680 187
4: -17 -2023 10890 187
1: 17 3179 -9944 187
2: -17 3179 9900 187
3: 17 -3179 -10626 187
4: -17 -3179 10670 187
1: 17 3751 -9996 187
3: 17 -3751 -10574 187
2: -17 4235 9996 187
4: -17 -4235 10574 187
1: 17 8959 -10164 187
3: 17 -8959 -10406 187
2: -17 10115 10164 187
4: -17 -10115 10406 187
2: -17 15895 10208 187
4: -17 -15895 10362 187
2: -17 22253 10230 187
4: -17 -22253 10340 187
1: 17 34969 -10254 187
2: -17 34969 10250 187
3: 17 -34969 -10316 187
4: -17 -34969 10320 187
1: 17 98549 -10274 187
3: 17 -98549 -10296 187
2: -17 111265 10274 187
4: -17 -111265 10296 187
2: -17 174845 10278 187
4: -17 -174845 10292 187
2: -17 244783 10280 187
4: -17 -244783 10290 187
3: 18 -3 -349690 187
2: -18 33 -25432 187
1: 18 51 10285 187
3: 18 -165 -15895 187
4: -18 -561 11781 187
3: 18 -867 -10890 187
3: 18 -1785 -10285 187
3: 18 -2541 -10115 187
1: 18 2805 -9350 187
1: 18 5775 -9537 187
2: -18 6567 9537 187
3: 18 -9075 -9826 187
2: -18 9537 9592 187
1: 18 30345 -9680 187
1: 18 43197 -9690 187
3: 18 -47685 -9735 187
3: 18 -98175 -9724 187
4: -18 -111639 9724 187
1: 18 154275 -9707 187
3: 18 -734349 -9715 187
3: 19 -17 -65824 187
4: -19 -17 74052 187
1: 19 151147 -9196 187
2: -19 173111 9196 187
1: 21 3 279752 187
4: -21 -1089 9248 187
4: -21 -2601 8712 187
3: 21 -6171 -8466 187
1: 21 8823 -8228 187
2: -21 10251 8228 187
1: 22 1 813824 187
2: -22 1 -953700 187
3: 22 -1 -829719 187
4: -22 -1 969595 187
2: -22 5 -184382 187
4: -22 -5 200277 187
1: 22 17 40392 187
2: -22 17 -48620 187
3: 22 -17 -56287 187
4: -22 -17 64515 187
1: 22 47 9537 187
3: 22 -47 -25432 187
2: -22 85 -3366 187
4: -22 -85 19261 187
1: 22 121 -1156 187
3: 22 -121 -14739 187
1: 22 289 -5104 187
2: -22 289 4620 187
3: 22 -289 -10791 187
4: -22 -289 11275 187
1: 22 799 -6919 187
3: 22 -799 -8976 187
2: -22 1331 7225 187
4: -22 -1331 8670 187
2: -22 1445 7282 187
4: -22 -1445 8613 187
1: 22 2057 -7548 187
3: 22 -2057 -8347 187
1: 22 5687 -7803 187
3: 22 -5687 -8092 187
2: -22 6655 7803 187
4: -22 -6655 8092 187
1: 22 13583 -7887 187
3: 22 -13583 -8008 187
2: -22 22627 7905 187
4: -22 -22627 7990 187
1: 22 34969 -7924 187
3: 22 -34969 -7971 187
1: 22 96679 -7939 187
3: 22 -96679 -7956 187
2: -22 113135 7939 187
4: -22 -113135 7956 187
2: -22 384659 7945 187
4: -22 -384659 7950 187
1: 23 11 63580 187
2: -23 11 -76296 187
2: -24 21 -34969 187
3: 24 -27 -34969 187
4: -24 -51 24684 187
2: -24 957 6358 187
2: -24 2541 6936 187
3: 24 -3267 -7514 187
2: -24 6069 7139 187
4: -24 -6171 7429 187
3: 24 -7803 -7381 187
3: 24 -95931 -7293 187
4: -24 -113883 7293 187
2: -24 276573 7282 187
2: -24 734349 7284 187
3: 24 -944163 -7286 187
1: 26 289 -4356 187
2: -26 289 3872 187
1: 26 2057 -6392 187
2: -26 2057 6324 187
3: 26 -95183 -6732 187
4: -26 -114631 6732 187
4: -27 -363 8670 187
2: -27 4335 6292 187
1: 27 5577 -6358 187
2: -27 6765 6358 187
3: 27 -11271 -6534 187
3: 27 -104907 -6482 187
3: 28 -11 -63580 187
4: -28 -11 76296 187
1: 28 17 30855 187
2: -28 17 -39083 187
1: 28 605 -5202 187
3: 28 -935 -6919 187
1: 28 1445 -5808 187
3: 28 -5555 -6358 187
4: -28 -6787 6358 187
1: 28 8585 -6171 187
2: -28 10489 6171 187
3: 29 -2057 -6324 187
4: -29 -2057 6392 187
4: -31 -979 6358 187
4: -31 -183073 5644 187
2: -32 605 4335 187
1: 32 1309 -5049 187
4: -32 -4675 5610 187
1: 32 13277 -5423 187
2: -32 36125 5445 187
2: -32 174845 5460 187
2: -33 3 -216172 187
3: 33 -9 -63580 187
1: 33 45 6358 187
4: -33 -51 18326 187
2: -33 57 -6358 187
1: 33 153 -1870 187
2: -33 363 3468 187
3: 33 -765 -5984 187
2: -33 867 4532 187
4: -33 -969 5984 187
3: 33 -1089 -5780 187
3: 33 -2601 -5500 187
1: 33 5445 -5202 187
4: -33 -6171 5406 187
2: -33 6897 5202 187
1: 33 13005 -5258 187
2: -33 16473 5258 187
1: 33 18513 -5270 187
3: 33 -92565 -5304 187
2: -33 104907 5292 187
4: -33 -117249 5304 187
3: 33 -314721 -5300 187
1: 34 1 501908 187
2: -34 1 -641784 187
3: 34 -1 -512193 187
4: -34 -1 652069 187
1: 34 11 40953 187
2: -34 11 -53669 187
3: 34 -11 -51238 187
4: -34 -11 63954 187
1: 34 29 12342 187
3: 34 -29 -22627 187
2: -34 37 -12342 187
4: -34 -37 22627 187
1: 34 121 -952 187
2: -34 121 -204 187
3: 34 -121 -9333 187
4: -34 -121 10489 187
1: 34 289 -3388 187
2: -34 289 2904 187
3: 34 -289 -6897 187
4: -34 -289 7381 187
1: 34 319 -3553 187
3: 34 -319 -6732 187
2: -34 407 3553 187
4: -34 -407 6732 187
1: 34 3179 -4983 187
2: -34 3179 4939 187
3: 34 -3179 -5302 187
4: -34 -3179 5346 187
1: 34 3509 -4998 187
3: 34 -3509 -5287 187
2: -34 4477 4998 187
4: -34 -4477 5287 187
1: 34 8381 -5082 187
3: 34 -8381 -5203 187
2: -34 10693 5082 187
4: -34 -10693 5203 187
1: 34 34969 -5128 187
2: -34 34969 5124 187
3: 34 -34969 -5157 187
4: -34 -34969 5161 187
1: 34 92191 -5137 187
3: 34 -92191 -5148 187
2: -34 117623 5137 187
4: -34 -117623 5148 187
4: -36 -3 209814 187
1: 36 33 9537 187
4: -36 -867 5566 187
1: 36 9537 -4807 187
3: 36 -91443 -4862 187
4: -36 -118371 4862 187
3: 38 -17 -30855 187
4: -38 -17 39083 187
3: 38 -55 -12716 187
4: -38 -1309 5049 187
2: -38 41327 4587 187
4: -38 -100793 4607 187
1: 38 140165 -4598 187
2: -38 184093 4598 187
1: 39 3 139876 187
4: -39 -153 8228 187
3: 39 -231 -6358 187
1: 39 1173 -4114 187
3: 39 -90321 -4488 187
4: -39 -119493 4488 187
1: 41 3179 -4136 187
2: -41 3179 4092 187
2: -42 3 -174845 187
2: -42 255 2057 187
1: 42 1683 -3927 187
4: -42 -6171 4250 187
1: 42 8109 -4114 187
2: -42 10965 4114 187
4: -42 -265353 4165 187
4: -42 -524535 4164 187
3: 43 -8075 -4114 187
4: -43 -10999 4114 187
1: 44 1 371943 187
2: -44 1 -511819 187
1: 44 17 18139 187
2: -44 17 -26367 187
3: 44 -43 -12716 187
4: -44 -59 12716 187
1: 44 121 -867 187
2: -44 121 -289 187
1: 44 289 -2673 187
2: -44 289 2189 187
3: 44 -731 -4488 187
4: -44 -1003 4488 187
1: 44 2057 -3791 187
2: -44 2057 3723 187
3: 44 -5203 -4046 187
4: -44 -7139 4046 187
3: 44 -12427 -4004 187
4: -44 -17051 4004 187
1: 44 34969 -3963 187
2: -44 34969 3959 187
3: 44 -88451 -3978 187
4: -44 -121363 3978 187
1: 46 11 28611 187
2: -46 11 -41327 187
3: 46 -1139 -4114 187
1: 46 8107 -3757 187
3: 46 -22253 -3817 187
4: -47 -24497 3740 187
3: 48 -51 -10285 187
4: -48 -1683 3927 187
1: 48 26877 -3630 187
2: -51 3 -148104 187
1: 51 27 8228 187
4: -51 -33 17204 187
2: -51 39 -8228 187
3: 51 -297 -4488 187
2: -51 363 2176 187
4: -51 -429 4488 187
2: -51 867 2904 187
1: 51 3267 -3332 187
2: -51 4719 3332 187
1: 51 7803 -3388 187
4: -51 -9537 3476 187
2: -51 11271 3388 187
3: 51 -85833 -3432 187
2: -51 104907 3424 187
4: -51 -123981 3432 187
1: 51 944163 -3428 187
1: 52 289 -2299 187
2: -52 289 1815 187
4: -52 -595 4114 187
1: 52 2057 -3213 187
2: -52 2057 3145 187
4: -52 -4235 3468 187
2: -52 60401 3355 187
3: 52 -85459 -3366 187
4: -52 -124355 3366 187
3: 53 -121 -5780 187
4: -53 -121 6936 187
3: 53 -289289 -3300 187
3: 54 -363 -4046 187
1: 54 4983 -3179 187
2: -54 7359 3179 187
4: -54 -104907 3242 187
3: 56 -11 -28611 187
4: -56 -11 41327 187
3: 56 -4939 -3179 187
4: -56 -7403 3179 187
1: 57 363 -2312 187
2: -57 55539 3060 187
3: 58 -85 -6171 187
3: 58 -2057 -3145 187
4: -58 -2057 3213 187
3: 58 -25721 -3025 187
3: 59 -289 -3872 187
4: -59 -289 4356 187
1: 62 323 -2057 187
1: 62 6647 -2783 187
2: -62 25619 2805 187
1: 62 60401 -2816 187
1: 63 9537 -2750 187
1: 66 3 73117 187
2: -66 9 -38148 187
1: 66 39 3179 187
3: 66 -51 -7106 187
2: -66 63 -3179 187
4: -66 -153 5049 187
1: 66 363 -2023 187
3: 66 -663 -2992 187
1: 66 867 -2387 187
4: -66 -1071 2992 187
2: -66 1089 2312 187
2: -66 2601 2508 187
1: 66 4719 -2601 187
3: 66 -6171 -2686 187
2: -66 7623 2601 187
1: 66 11271 -2629 187
2: -66 18207 2629 187
4: -66 -18513 2669 187
3: 66 -80223 -2652 187
1: 66 104907 -2647 187
4: -66 -129591 2652 187
2: -66 314721 2648 187
2: -67 5 -69938 187
3: 67 -34969 -2616 187
4: -67 -34969 2620 187
1: 68 1 215985 187
2: -68 1 -355861 187
1: 68 5 41140 187
3: 68 -11 -22440 187
4: -68 -11 35156 187
1: 68 25 6171 187
2: -68 41 -6171 187
3: 68 -55 -6545 187
1: 68 121 -765 187
2: -68 121 -391 187
3: 68 -275 -3366 187
1: 68 289 -1815 187
2: -68 289 1331 187
4: -68 -451 3366 187
1: 68 605 -2210 187
1: 68 1445 -2420 187
1: 68 3025 -2499 187
3: 68 -3179 -2640 187
4: -68 -3179 2684 187
2: -68 4961 2499 187
1: 68 7225 -2541 187
2: -68 11849 2541 187
3: 68 -15895 -2585 187
1: 68 34969 -2565 187
2: -68 34969 2561 187
3: 68 -79475 -2574 187
4: -68 -130339 2574 187
1: 68 174845 -2570 187
1: 68 874225 -2571 187
2: -71 2299 2312 187
3: 72 -3 -69938 187
3: 72 -867 -2662 187
2: -72 40749 2420 187
3: 72 -77979 -2431 187
4: -72 -131835 2431 187
1: 73 174845 -2394 187
1: 74 22253 -2354 187
3: 74 -849541 -2363 187
2: -76 5797 2244 187
1: 76 118201 -2299 187
2: -76 206057 2299 187
4: -76 -804287 2301 187
1: 77 17 8602 187
2: -77 17 -16830 187
4: -77 -221 3740 187
2: -77 605 1734 187
2: -77 1445 2046 187
3: 77 -4477 -2312 187
4: -77 -7865 2312 187
3: 77 -10693 -2288 187
4: -77 -18785 2288 187
3: 77 -34969 -2276 187
4: -77 -34969 2280 187
2: -77 454597 2270 187
2: -78 3 -104907 187
3: 78 -75735 -2244 187
4: -78 -134079 2244 187
3: 79 -5797 -2244 187
2: -81 6171 2108 187
1: 81 66759 -2156 187
1: 82 3179 -2079 187
2: -82 3179 2035 187
3: 84 -6171 -2108 187
1: 84 6681 -2057 187
2: -84 12393 2057 187
3: 86 -6613 -2057 187
4: -86 -12461 2057 187
1: 88 5 28611 187
3: 88 -35 -6358 187
4: -88 -67 6358 187
1: 88 85 -187 187
3: 88 -595 -2244 187
1: 88 605 -1734 187
4: -88 -1139 2244 187
1: 88 1445 -1881 187
3: 88 -4235 -2023 187
4: -88 -8107 2023 187
3: 88 -10115 -2002 187
1: 88 10285 -1972 187
4: -88 -19363 2002 187
3: 88 -71995 -1989 187
4: -88 -137819 1989 187
1: 88 174845 -1986 187
1: 93 14025 -1870 187
3: 96 -99 -3179 187
3: 96 -28611 -1826 187
1: 98 1445 -1694 187
3: 98 -150161 -1785 187
3: 99 -3 -44506 187
1: 99 51 748 187
3: 99 -867 -1914 187
1: 99 3993 -1734 187
2: -99 8349 1734 187
3: 99 -67881 -1768 187
4: -99 -141933 1768 187
3: 101 -43439 -1734 187
4: -101 -92323 1734 187
1: 102 3 39083 187
4: -102 -9 30855 187
1: 102 21 4114 187
3: 102 -33 -5423 187
2: -102 45 -4114 187
2: -102 99 -935 187
3: 102 -231 -2244 187
1: 102 363 -1377 187
4: -102 -495 2244 187
1: 102 867 -1573 187
4: -102 -1089 1955 187
1: 102 2541 -1666 187
4: -102 -2601 1815 187
2: -102 5445 1666 187
1: 102 6069 -1694 187
3: 102 -9537 -1727 187
2: -102 13005 1694 187
2: -102 28611 1705 187
3: 102 -66759 -1716 187
1: 102 104907 -1713 187
4: -102 -143055 1716 187
4: -102 -314721 1715 187
1: 102 734349 -1714 187
4: -103 -7139 1734 187
3: 104 -66011 -1683 187
4: -104 -143803 1683 187
3: 106 -121 -2601 187
4: -106 -121 3757 187
4: -107 -15895 1650 187
3: 108 -255 -2057 187
4: -108 -363 2312 187
4: -108 -3927 1683 187
3: 108 -104907 -1620 187
3: 109 -847 -1734 187
4: -109 -130339 1606 187
1: 111 867 -1452 187
2: -112 605 1156 187
2: -114 363 867 187
3: 114 -2601 -1573 187
4: -116 -143 3179 187
1: 116 8789 -1496 187
3: 117 -61149 -1496 187
4: -117 -148665 1496 187
3: 118 -289 -1815 187
4: -118 -289 2299 187
3: 119 -11 -10098 187
4: -119 -11 22814 187
1: 119 2299 -1428 187
1: 119 5491 -1452 187
2: -119 5687 1428 187
2: -119 13583 1452 187
3: 119 -34969 -1472 187
4: -119 -34969 1476 187
1: 121 1 90746 187
2: -121 1 -230622 187
3: 121 -1 -93636 187
4: -121 -1 233512 187
1: 121 11 6936 187
2: -121 11 -19652 187
3: 121 -11 -9826 187
4: -121 -11 22542 187
1: 121 17 3978 187
2: -121 17 -12206 187
3: 121 -17 -6868 187
4: -121 -17 15096 187
1: 121 29 1734 187
3: 121 -29 -4624 187
2: -121 73 -1734 187
4: -121 -73 4624 187
1: 121 187 -952 187
2: -121 187 204 187
3: 121 -187 -1938 187
4: -121 -187 2686 187
1: 121 289 -1126 187
2: -121 289 642 187
3: 121 -289 -1764 187
4: -121 -289 2248 187
1: 121 319 -1156 187
3: 121 -319 -1734 187
1: 121 493 -1258 187
3: 121 -493 -1632 187
2: -121 803 1156 187
4: -121 -803 1734 187
2: -121 1241 1258 187
4: -121 -1241 1632 187
1: 121 3179 -1416 187
2: -121 3179 1372 187
1: 121 5423 -1428 187
3: 121 -5423 -1462 187
1: 121 8381 -1434 187
3: 121 -8381 -1456 187
2: -121 13651 1428 187
4: -121 -13651 1462 187
2: -121 21097 1434 187
4: -121 -21097 1456 187
1: 121 92191 -1444 187
3: 121 -92191 -1446 187
2: -121 232067 1444 187
4: -121 -232067 1446 187
4: -122 -19481 1445 187
2: -122 73117 1430 187
2: -126 9537 1364 187
4: -128 -323 2057 187
3: 129 -9537 -1364 187
4: -132 -15 15895 187
4: -132 -51 5610 187
3: 132 -459 -1496 187
4: -132 -1275 1496 187
4: -132 -1815 1445 187
4: -132 -4335 1375 187
4: -132 -6171 1360 187
3: 132 -55539 -1326 187
4: -132 -154275 1326 187
4: -132 -524535 1325 187
3: 134 -34969 -1307 187
4: -134 -34969 1311 187
3: 136 -11 -8041 187
4: -136 -11 20757 187
2: -136 77 -1496 187
4: -136 -539 1683 187
4: -136 -3179 1353 187
2: -136 22253 1276 187
3: 136 -54043 -1287 187
4: -136 -155771 1287 187
4: -138 -5049 1309 187
1: 139 1 69938 187
2: -139 1 -209814 187
3: 139 -582131 -1258 187
1: 143 289 -990 187
2: -143 289 506 187
1: 143 2057 -1190 187
3: 143 -7225 -1232 187
3: 143 -51425 -1224 187
4: -143 -158389 1224 187
4: -144 -3 69938 187
4: -144 -867 1452 187
2: -147 143055 1188 187
4: -147 -351747 1190 187
1: 151 31339 -1156 187
2: -151 104423 1156 187
3: 153 -3 -20570 187
2: -153 33 -4862 187
3: 153 -165 -1496 187
3: 153 -867 -1210 187
3: 153 -47685 -1144 187
4: -153 -162129 1144 187
1: 154 17 2244 187
2: -154 17 -10472 187
3: 154 -2783 -1156 187
3: 154 -6647 -1144 187
4: -154 -9559 1156 187
4: -154 -22831 1144 187
3: 154 -34969 -1137 187
4: -154 -34969 1141 187
3: 156 -46563 -1122 187
4: -156 -163251 1122 187
4: -157 -2023 1210 187
4: -157 -23375 1122 187
1: 162 6171 -1071 187
3: 163 -605 -1156 187
2: -166 664411 1053 187
4: -168 -6171 1071 187
3: 176 -19 -3179 187
4: -176 -83 3179 187
3: 176 -323 -1122 187
4: -176 -1411 1122 187
3: 176 -5491 -1001 187
4: -176 -23987 1001 187
2: -182 6919 935 187
4: -183 -314721 956 187
1: 187 1 34034 187
2: -187 1 -173910 187
3: 187 -1 -35904 187
4: -187 -1 175780 187
2: -187 5 -34034 187
4: -187 -5 35904 187
1: 187 121 -646 187
2: -187 121 -510 187
3: 187 -121 -1224 187
4: -187 -121 2380 187
1: 187 289 -814 187
2: -187 289 330 187
3: 187 -289 -1056 187
4: -187 -289 1540 187
2: -187 605 646 187
4: -187 -605 1224 187
2: -187 1445 814 187
4: -187 -1445 1056 187
1: 187 34969 -934 187
2: -187 34969 930 187
3: 187 -34969 -936 187
4: -187 -34969 940 187
2: -187 174845 934 187
4: -187 -174845 936 187
3: 188 -6919 -935 187
4: -194 -232067 902 187
1: 196 454597 -892 187
4: -198 -3 57222 187
2: -198 51 -2431 187
4: -198 -867 1078 187
1: 198 1815 -867 187
2: -198 10527 867 187
3: 198 -30855 -884 187
4: -198 -178959 884 187
1: 198 524535 -883 187
3: 202 -18997 -867 187
4: -202 -116765 867 187
1: 204 9 2057 187
2: -204 57 -2057 187
3: 204 -99 -1122 187
4: -204 -627 1122 187
1: 204 1089 -833 187
1: 204 2601 -847 187
2: -204 6897 833 187
2: -204 16473 847 187
3: 204 -28611 -858 187
4: -204 -181203 858 187
1: 204 314721 -857 187
4: -207 -30855 850 187
3: 209 -17 -2244 187
4: -209 -17 10472 187
4: -212 -626263 825 187
1: 214 664411 -817 187
3: 216 -363 -867 187
4: -216 -104907 811 187
1: 221 289 -726 187
2: -221 289 242 187
3: 221 -22253 -792 187
4: -221 -187561 792 187
2: -222 867 605 187
2: -227 645337 770 187
2: -231 3 -50864 187
4: -231 -6171 782 187
1: 233 34969 -750 187
2: -233 34969 746 187
3: 234 -17391 -748 187
4: -234 -192423 748 187
2: -237 13005 726 187
3: 238 -11 -1870 187
4: -238 -11 14586 187
1: 238 605 -714 187
1: 238 1445 -726 187
2: -238 7381 714 187
2: -238 17629 726 187
3: 238 -34969 -735 187
4: -238 -34969 739 187
3: 241 -22831 -726 187
4: -241 -301427 726 187
1: 242 1 10404 187
2: -242 1 -150280 187
3: 242 -1 -11849 187
4: -242 -1 151725 187
2: -242 5 -29478 187
4: -242 -5 30923 187
1: 242 7 867 187
3: 242 -7 -2312 187
1: 242 11 289 187
2: -242 11 -13005 187
3: 242 -11 -1734 187
4: -242 -11 14450 187
1: 242 17 -68 187
2: -242 17 -8160 187
3: 242 -17 -1377 187
4: -242 -17 9605 187
2: -242 19 -7225 187
4: -242 -19 8670 187
2: -242 55 -2023 187
4: -242 -55 3468 187
1: 242 77 -578 187
3: 242 -77 -867 187
2: -242 85 -1054 187
4: -242 -85 2499 187
2: -242 95 -867 187
4: -242 -95 2312 187
1: 242 119 -629 187
3: 242 -119 -816 187
1: 242 187 -663 187
2: -242 187 -85 187
3: 242 -187 -782 187
4: -242 -187 1530 187
4: -242 -209 1445 187
1: 242 289 -684 187
2: -242 289 200 187
3: 242 -289 -761 187
4: -242 -289 1245 187
2: -242 323 255 187
4: -242 -323 1190 187
4: -242 -935 884 187
2: -242 1045 578 187
4: -242 -1045 867 187
1: 242 1309 -714 187
3: 242 -1309 -731 187
2: -242 1445 618 187
4: -242 -1445 827 187
2: -242 1615 629 187
4: -242 -1615 816 187
1: 242 2023 -717 187
3: 242 -2023 -728 187
1: 242 3179 -719 187
2: -242 3179 675 187
2: -242 3553 680 187
4: -242 -3553 765 187
2: -242 5491 695 187
4: -242 -5491 750 187
2: -242 15895 713 187
4: -242 -15895 732 187
2: -242 17765 714 187
4: -242 -17765 731 187
1: 242 22253 -722 187
3: 242 -22253 -723 187
2: -242 27455 717 187
4: -242 -27455 728 187
2: -242 60401 720 187
4: -242 -60401 725 187
2: -242 302005 722 187
4: -242 -302005 723 187
1: 248 454597 -705 187
1: 252 9537 -693 187
2: -257 442255 680 187
4: -258 -9537 693 187
3: 264 -51 -748 187
3: 264 -6171 -663 187
4: -264 -203643 663 187
2: -272 13 -10285 187
2: -272 605 408 187
2: -272 3757 605 187
2: -272 174845 642 187
2: -276 2541 578 187
2: -278 1 -139876 187
3: 278 -10285 -629 187
4: -283 -1 139876 187
4: -283 -804287 618 187
1: 286 289 -616 187
2: -286 289 132 187
1: 286 2057 -612 187
2: -286 2057 544 187
4: -286 -29767 616 187
4: -286 -211871 612 187
3: 288 -867 -605 187
1: 289 1 -2662 187
2: -289 1 -137214 187
3: 289 -1 1452 187
4: -289 -1 138424 187
1: 289 11 -792 187
2: -289 11 -11924 187
3: 289 -11 -418 187
4: -289 -11 13134 187
1: 289 17 -726 187
2: -289 17 -7502 187
3: 289 -17 -484 187
4: -289 -17 8712 187
2: -289 67 -1452 187
4: -289 -67 2662 187
1: 289 121 -622 187
2: -289 121 -534 187
3: 289 -121 -588 187
4: -289 -121 1744 187
1: 289 187 -616 187
2: -289 187 -132 187
3: 289 -187 -594 187
4: -289 -187 1342 187
2: -289 737 418 187
4: -289 -737 792 187
2: -289 1139 484 187
4: -289 -1139 726 187
1: 289 2057 -606 187
2: -289 2057 538 187
3: 289 -2057 -604 187
4: -289 -2057 672 187
2: -289 8107 588 187
4: -289 -8107 622 187
2: -289 12529 594 187
4: -289 -12529 616 187
2: -289 137819 604 187
4: -289 -137819 606 187
2: -292 174845 598 187
4: -297 -255 1122 187
3: 297 -363 -578 187
2: -297 12705 578 187
4: -297 -104907 590 187
3: 302 -5203 -578 187
2: -302 140965 578 187
1: 303 5445 -578 187
4: -303 -141207 578 187
4: -306 -3 45254 187
1: 306 33 -748 187
4: -306 -759 748 187
4: -306 -867 726 187
1: 306 9537 -572 187
4: -306 -219351 572 187
1: 308 17 -935 187
2: -308 17 -7293 187
1: 308 605 -578 187
1: 308 1445 -572 187
4: -308 -12947 578 187
4: -308 -30923 572 187
1: 312 11781 -561 187
4: -312 -221595 561 187
4: -318 -11781 561 187
1: 318 47685 -550 187
3: 319 -2057 -544 187
4: -319 -2057 612 187
3: 323 -55 -374 187
2: -323 781 374 187
4: -329 -2783 578 187
4: -332 -359975 527 187
2: -342 524535 511 187
1: 343 51425 -510 187
3: 351 -104907 -498 187
1: 352 221 -561 187
2: -352 605 289 187
4: -352 -1955 561 187
2: -352 174845 496 187
2: -357 3 -41140 187
3: 357 -1089 -476 187
3: 357 -2601 -484 187
2: -357 9075 476 187
2: -357 21675 484 187
4: -357 -524535 490 187
3: 361 -46529 -484 187
2: -361 370787 484 187
1: 363 3 -5780 187
2: -363 9 -13294 187
3: 363 -15 578 187
3: 363 -51 -170 187
4: -363 -99 1734 187
2: -363 117 -578 187
4: -363 -153 1292 187
1: 363 165 -578 187
1: 363 255 -544 187
1: 363 561 -510 187
1: 363 867 -500 187
4: -363 -1287 578 187
2: -363 1683 408 187
4: -363 -1989 544 187
2: -363 2601 434 187
3: 363 -2805 -476 187
3: 363 -4335 -478 187
3: 363 -9537 -480 187
2: -363 21879 476 187
4: -363 -28611 486 187
2: -363 33813 478 187
1: 363 47685 -482 187
4: -363 -371943 482 187
1: 366 2601 -484 187
1: 374 1 -17952 187
2: -374 1 -121924 187
3: 374 -1 17017 187
4: -374 -1 122859 187
2: -374 7 -17017 187
4: -374 -7 17952 187
1: 374 121 -612 187
2: -374 121 -544 187
3: 374 -121 -323 187
4: -374 -121 1479 187
1: 374 289 -528 187
2: -374 289 44 187
3: 374 -289 -407 187
4: -374 -289 891 187
2: -374 847 323 187
4: -374 -847 612 187
2: -374 2023 407 187
4: -374 -2023 528 187
1: 374 34969 -468 187
2: -374 34969 464 187
3: 374 -34969 -467 187
4: -374 -34969 471 187
2: -374 244783 467 187
4: -374 -244783 468 187
1: 382 14399 -459 187
4: -388 -14399 459 187
1: 391 11 -2244 187
2: -391 11 -10472 187
2: -392 1445 363 187
3: 396 -3 6358 187
3: 396 -867 -418 187
1: 396 43197 -442 187
4: -396 -253011 442 187
4: -399 -2601 484 187
3: 407 -391 -374 187
2: -407 2125 374 187
1: 408 165 -561 187
4: -408 -891 561 187
1: 408 47685 -429 187
4: -408 -257499 429 187
3: 418 -17 935 187
4: -418 -17 7293 187
2: -422 15895 407 187
3: 428 -15895 -407 187
2: -428 224213 408 187
2: -429 3 -38148 187
1: 429 55539 -408 187
4: -429 -265353 408 187
2: -442 55 -1683 187
1: 442 289 -484 187
1: 442 60401 -396 187
4: -442 -270215 396 187
2: -444 1089 289 187
4: -451 -19 6358 187
3: 458 -1445 -363 187
3: 459 -363 -306 187
4: -459 -104907 382 187
1: 462 3 -9537 187
1: 466 34969 -376 187
2: -466 34969 372 187
3: 467 -69751 -374 187
2: -467 279565 374 187
1: 468 70125 -374 187
4: -468 -279939 374 187
3: 469 -34969 -372 187
4: -469 -34969 376 187
3: 476 -11 2244 187
4: -476 -11 10472 187
3: 476 -2783 -357 187
3: 476 -6647 -363 187
2: -476 10769 357 187
2: -476 25721 363 187
1: 482 116467 -363 187
4: -482 -440725 363 187
1: 484 1 -29767 187
2: -484 1 -110109 187
3: 484 -11 2312 187
4: -484 -11 10404 187
1: 484 17 -2091 187
2: -484 17 -6137 187
1: 484 37 -1156 187
4: -484 -139 1156 187
3: 484 -187 -204 187
4: -484 -187 952 187
1: 484 289 -463 187
2: -484 289 -21 187
3: 484 -407 -289 187
1: 484 629 -408 187
2: -484 1529 289 187
4: -484 -2363 408 187
3: 484 -6919 -357 187
1: 484 10693 -364 187
2: -484 25993 357 187
4: -484 -40171 364 187
3: 484 -117623 -361 187
2: -484 441881 361 187
1: 492 18513 -357 187
4: -493 -143 1122 187
2: -493 41327 352 187
4: -498 -18513 357 187
4: -517 -59653 340 187
2: -527 60401 330 187
4: -528 -51 2431 187
1: 528 765 -374 187
4: -528 -2499 374 187
2: -528 2541 289 187
2: -528 734349 331 187
4: -532 -79475 330 187
2: -546 3 -34969 187
3: 546 -1089 -289 187
1: 556 1 -34969 187
2: -556 1 -104907 187
1: 561 3 -11968 187
4: -561 -9 11968 187
1: 561 363 -408 187
1: 561 867 -352 187
4: -561 -1089 408 187
4: -561 -2601 352 187
1: 561 104907 -312 187
4: -561 -314721 312 187
3: 566 -1 34969 187
4: -566 -1 104907 187
3: 571 -170731 -306 187
1: 572 289 -429 187
2: -572 289 -55 187
1: 572 2057 -323 187
2: -572 2057 255 187
1: 572 15317 -308 187
4: -572 -44795 308 187
1: 572 109021 -306 187
4: -572 -318835 306 187
4: -576 -3 34969 187
1: 578 1 -36300 187
2: -578 1 -103576 187
3: 578 -1 35695 187
4: -578 -1 104181 187
1: 578 5 -7502 187
3: 578 -5 6897 187
1: 578 7 -5445 187
3: 578 -7 4840 187
1: 578 11 -3575 187
2: -578 11 -9141 187
3: 578 -11 2970 187
4: -578 -11 9746 187
1: 578 17 -2420 187
2: -578 17 -5808 187
3: 578 -17 1815 187
4: -578 -17 6413 187
1: 578 35 -1331 187
3: 578 -35 726 187
1: 578 55 -957 187
3: 578 -55 352 187
1: 578 77 -770 187
3: 578 -77 165 187
1: 578 85 -726 187
3: 578 -85 121 187
2: -578 101 -726 187
4: -578 -101 1331 187
1: 578 119 -605 187
1: 578 121 -600 187
2: -578 121 -556 187
3: 578 -121 -5 187
4: -578 -121 1161 187
1: 578 187 -495 187
2: -578 187 -253 187
3: 578 -187 -110 187
4: -578 -187 858 187
1: 578 385 -396 187
3: 578 -385 -209 187
1: 578 595 -363 187
3: 578 -595 -242 187
1: 578 605 -362 187
3: 578 -605 -243 187
1: 578 847 -345 187
3: 578 -847 -260 187
1: 578 935 -341 187
3: 578 -935 -264 187
2: -578 1111 209 187
4: -578 -1111 396 187
1: 578 1309 -330 187
3: 578 -1309 -275 187
2: -578 1717 242 187
4: -578 -1717 363 187
1: 578 2057 -320 187
2: -578 2057 252 187
3: 578 -2057 -285 187
4: -578 -2057 353 187
1: 578 4235 -311 187
3: 578 -4235 -294 187
1: 578 6545 -308 187
3: 578 -6545 -297 187
3: 578 -10285 -299 187
2: -578 12221 294 187
4: -578 -12221 311 187
1: 578 14399 -305 187
3: 578 -14399 -300 187
2: -578 18887 297 187
4: -578 -18887 308 187
1: 578 71995 -303 187
3: 578 -71995 -302 187
2: -578 207757 302 187
4: -578 -207757 303 187
2: -582 9075 289 187
4: -583 -121 1156 187
1: 583 384659 -300 187
1: 592 22253 -297 187
4: -594 -363 578 187
3: 594 -6897 -289 187
2: -594 19239 289 187
3: 594 -104907 -294 187
4: -598 -22253 297 187
2: -598 30371 289 187
3: 604 -78287 -289 187
2: -604 214049 289 187
1: 606 78771 -289 187
4: -606 -214533 289 187
3: 612 -3 12342 187
2: -612 33 -2805 187
1: 612 429 -374 187
3: 612 -867 -242 187
4: -612 -1155 374 187
2: -612 9537 275 187
1: 612 123981 -286 187
4: -612 -333795 286 187
1: 616 7381 -289 187
1: 616 17629 -286 187
4: -616 -19723 289 187
4: -616 -47107 286 187
3: 627 -2601 -264 187
4: -628 -9559 289 187
3: 638 -85 187 187
3: 638 -2057 -255 187
4: -638 -2057 323 187
3: 646 -473 -187 187
2: -646 1199 187 187
3: 649 -289 -132 187
4: -649 -289 616 187
3: 662 -346511 -264 187
2: -663 3 -32912 187
1: 663 143055 -264 187
4: -663 -352869 264 187
1: 664 1573 -289 187
4: -682 -3025 289 187
2: -682 71995 255 187
1: 697 3179 -264 187
2: -697 3179 220 187
4: -702 -104907 250 187
1: 714 3 -14399 187
2: -714 14157 238 187
3: 714 -14739 -242 187
2: -714 33813 242 187
3: 716 -19363 -242 187
3: 722 -255187 -242 187
2: -722 579445 242 187
1: 723 255765 -242 187
4: -723 -580023 242 187
2: -726 3 -32079 187
4: -726 -51 2142 187
3: 726 -81 289 187
2: -726 183 -289 187
2: -726 561 68 187
2: -726 867 129 187
1: 726 891 -289 187
1: 726 1377 -272 187
4: -726 -2013 289 187
4: -726 -3111 272 187
4: -726 -9537 251 187
3: 726 -15147 -238 187
3: 726 -23409 -239 187
2: -726 34221 238 187
2: -726 52887 239 187
1: 726 257499 -241 187
4: -726 -581757 241 187
1: 729 19941 -242 187
4: -731 -77 1496 187
1: 731 15317 -242 187
4: -731 -34391 242 187
4: -736 -220099 238 187
2: -737 5 -19074 187
3: 737 -34969 -236 187
4: -737 -34969 240 187
1: 738 524535 -237 187
1: 748 1 -43945 187
2: -748 1 -95931 187
1: 748 5 -8976 187
1: 748 121 -595 187
1: 748 289 -385 187
2: -748 289 -99 187
1: 748 605 -306 187
4: -748 -1331 306 187
1: 748 1445 -264 187
1: 748 34969 -235 187
1: 748 174845 -234 187
4: -748 -384659 234 187
4: -752 -10115 242 187
1: 762 28611 -231 187
4: -766 -1573 289 187
4: -768 -28611 231 187
1: 782 11 -4301 187
2: -782 11 -8415 187
4: -782 -3025 255 187
4: -792 -3 31790 187
4: -792 -867 330 187
1: 792 191301 -221 187
4: -792 -401115 221 187
1: 803 174845 -218 187
3: 814 -1649 -187 187
2: -814 3383 187 187
1: 833 1445 -242 187
3: 833 -7865 -204 187
2: -833 15851 204 187
1: 833 454597 -210 187
2: -836 8381 198 187
3: 847 -11 4046 187
4: -847 -11 8670 187
1: 847 17 -2958 187
2: -847 17 -5270 187
4: -847 -697 340 187
4: -847 -935 306 187
2: -847 1445 142 187
3: 847 -19261 -204 187
1: 847 29767 -208 187
2: -847 38335 204 187
4: -847 -59245 208 187
2: -851 63767 204 187
3: 854 -63767 -204 187
1: 858 3 -15895 187
4: -858 -1089 289 187
1: 858 215985 -204 187
4: -858 -425799 204 187
1: 867 3 -15972 187
4: -867 -27 3630 187
3: 867 -33 1232 187
3: 867 -51 726 187
3: 867 -69 484 187
2: -867 135 -484 187
2: -867 297 -110 187
1: 867 363 -332 187
1: 867 561 -286 187
1: 867 759 -264 187
1: 867 1173 -242 187
4: -867 -1485 264 187
4: -867 -2295 242 187
4: -867 -3267 230 187
4: -867 -5049 220 187
3: 867 -6171 -194 187
3: 867 -8349 -196 187
3: 867 -12903 -198 187
2: -867 16335 196 187
2: -867 25245 198 187
2: -867 55539 200 187
1: 867 141933 -202 187
4: -867 -277695 202 187
1: 884 289 -363 187
2: -884 289 -121 187
1: 884 225709 -198 187
4: -884 -435523 198 187
1: 891 6171 -204 187
3: 901 -121 204 187
4: -901 -121 952 187
4: -918 -363 442 187
3: 918 -104907 -190 187
2: -922 34595 187 187
4: -924 -6171 204 187
3: 928 -34595 -187 187
1: 932 34969 -189 187
2: -932 34969 185 187
3: 934 -244409 -187 187
2: -934 454223 187 187
1: 936 245157 -187 187
4: -936 -454971 187 187
3: 938 -34969 -185 187
4: -938 -34969 189 187
1: 942 35343 -187 187
4: -948 -35343 187 187
3: 952 -11 4301 187
4: -952 -11 8415 187
2: -952 605 34 187
2: -952 1445 121 187
1: 968 5 -10115 187
3: 968 -11 4335 187
4: -968 -11 8381 187
1: 968 85 -765 187
1: 968 125 -578 187
3: 968 -187 85 187
4: -968 -187 663 187
4: -968 -227 578 187
1: 968 1445 -215 187
1: 968 2125 -204 187
4: -968 -3859 204 187
3: 968 -4675 -170 187
1: 968 36125 -182 187
4: -968 -65603 182 187
3: 968 -79475 -180 187
2: -969 21 -4114 187
2: -969 363 -68 187
1: 1001 37859 -176 187
4: -1001 -67337 176 187
4: -1003 -289 484 187
3: 1023 -55539 -170 187
3: 1028 -615043 -170 187
4: -1032 -154275 170 187
1: 1054 13 -4114 187
1: 1054 454597 -166 187
1: 1056 2397 -187 187
4: -1056 -4131 187 187
4: -1067 -14399 170 187
1: 1067 384659 -164 187
2: -1071 9537 154 187
4: -1078 -221 561 187
1: 1078 1445 -198 187
2: -1078 454597 162 187
2: -1088 253 -187 187
1: 1088 174845 -161 187
4: -1089 -3 29478 187
3: 1089 -21 2312 187
1: 1089 33 -1734 187
2: -1089 51 -1564 187
1: 1089 357 -306 187
3: 1089 -561 -68 187
4: -1089 -867 262 187
3: 1089 -6069 -152 187
1: 1089 9537 -166 187
2: -1122 3 -28985 187
1: 1122 9 -5984 187
4: -1122 -15 5984 187
2: -1122 363 -85 187
2: -1122 867 55 187
1: 1122 1089 -204 187
4: -1122 -1815 204 187
1: 1122 2601 -176 187
4: -1122 -4335 176 187
2: -1122 104907 155 187
1: 1122 314721 -156 187
4: -1122 -524535 156 187
3: 1139 -34969 -152 187
4: -1139 -34969 156 187
1: 1144 45373 -154 187
4: -1144 -74851 154 187
1: 1144 322949 -153 187
4: -1144 -532763 153 187
1: 1152 43197 -153 187
1: 1156 1 -53119 187
2: -1156 1 -86757 187
3: 1156 -11 4664 187
4: -1156 -11 8052 187
2: -1156 13 -6534 187
1: 1156 17 -3267 187
2: -1156 17 -4961 187
3: 1156 -103 363 187
1: 1156 121 -589 187
2: -1156 121 -567 187
4: -1156 -143 759 187
2: -1156 169 -363 187
3: 1156 -187 132 187
4: -1156 -187 616 187
2: -1156 221 -242 187
1: 1156 1133 -198 187
2: -1156 1573 96 187
3: 1156 -1751 -121 187
4: -1156 -1859 198 187
1: 1156 2057 -177 187
2: -1156 2057 109 187
2: -1156 2873 121 187
3: 1156 -12463 -147 187
1: 1156 19261 -154 187
2: -1156 20449 147 187
2: -1156 26741 148 187
4: -1156 -31603 154 187
3: 1156 -211871 -151 187
2: -1156 347633 151 187
4: -1158 -43197 153 187
3: 1166 -121 289 187
4: -1166 -121 867 187
1: 1168 174845 -150 187
1: 1173 2541 -170 187
4: -1188 -104907 148 187
2: -1221 867 44 187
4: -1224 -3 28798 187
4: -1224 -867 242 187
1: 1224 1221 -187 187
4: -1224 -1947 187 187
1: 1224 352869 -143 187
4: -1224 -562683 143 187
1: 1232 49997 -143 187
2: -1242 4335 121 187
1: 1254 363 -289 187
1: 1287 376431 -136 187
4: -1287 -586245 136 187
1: 1291 96679 -136 187
4: -1292 -55 1683 187
4: -1294 -96679 136 187
3: 1298 -289 55 187
4: -1298 -289 429 187
3: 1308 -4335 -121 187
2: -1316 98549 132 187
3: 1319 -98549 -132 187
1: 1326 3 -18513 187
2: -1326 7803 121 187
1: 1326 391017 -132 187
4: -1326 -600831 132 187
3: 1331 -3179 -114 187
4: -1331 -3179 158 187
2: -1364 13 -6358 187
2: -1364 454597 128 187
1: 1394 3179 -143 187
2: -1394 3179 99 187
2: -1401 104907 124 187
3: 1404 -104907 -124 187
1: 1411 664411 -124 187
2: -1416 33813 121 187
1: 1419 9 -6358 187
3: 1428 -16335 -119 187
2: -1428 24321 119 187
3: 1428 -39015 -121 187
2: -1428 58089 121 187
2: -1438 141899 121 187
3: 1444 -672503 -121 187
2: -1444 996761 121 187
1: 1446 673659 -121 187
4: -1446 -997917 121 187
2: -1452 45 -1734 187
3: 1452 -51 986 187
4: -1452 -63 1445 187
2: -1452 153 -425 187
4: -1452 -495 289 187
1: 1452 561 -221 187
4: -1452 -1683 170 187
1: 1452 3621 -136 187
4: -1452 -5355 136 187
2: -1452 13005 114 187
4: -1452 -18207 125 187
3: 1452 -39831 -119 187
2: -1452 58905 119 187
2: -1452 200277 120 187
1: 1462 40171 -121 187
4: -1462 -59245 121 187
3: 1474 -34969 -117 187
1: 1482 55539 -119 187
4: -1488 -55539 119 187
1: 1496 13 -4488 187
4: -1496 -19 4488 187
1: 1496 1573 -153 187
4: -1496 -2299 153 187
1: 1496 3757 -132 187
4: -1496 -5491 132 187
1: 1496 454597 -117 187
4: -1496 -664411 117 187
3: 1518 -314721 -115 187
1: 1529 1 -57222 187
2: -1529 1 -82654 187
4: -1564 -8959 121 187
1: 1573 55 -1156 187
1: 1573 289 -310 187
2: -1573 289 -174 187
1: 1573 67915 -112 187
4: -1573 -97393 112 187
1: 1582 5491 -121 187
3: 1584 -3 19074 187
3: 1584 -867 -44 187
1: 1593 238425 -110 187
1: 1598 98549 -110 187
4: -1632 -99 935 187
4: -1632 -28611 110 187
4: -1648 -5491 121 187
3: 1666 -19723 -102 187
2: -1666 27709 102 187
3: 1672 -22627 -102 187
4: -1683 -3 27302 187
4: -1683 -867 198 187
1: 1683 1815 -136 187
4: -1683 -2541 136 187
1: 1683 524535 -104 187
4: -1683 -734349 104 187
3: 1694 -11 5202 187
4: -1694 -11 7514 187
1: 1694 17 -3536 187
2: -1694 17 -4692 187
3: 1694 -48059 -102 187
2: -1694 67133 102 187
1: 1694 74273 -104 187
4: -1694 -103751 104 187
1: 1716 536877 -102 187
4: -1716 -746691 102 187
1: 1718 257125 -102 187
2: -1734 3 -26983 187
3: 1734 -9 6413 187
4: -1734 -33 2563 187
4: -1734 -51 1694 187
1: 1734 99 -693 187
1: 1734 153 -484 187
3: 1734 -171 242 187
2: -1734 237 -242 187
2: -1734 363 -123 187
2: -1734 561 -44 187
3: 1734 -1089 -47 187
3: 1734 -1683 -66 187
1: 1734 1881 -132 187
4: -1734 -2607 132 187
1: 1734 2907 -121 187
4: -1734 -4029 121 187
4: -1734 -6171 114 187
1: 1734 18513 -104 187
3: 1734 -20691 -98 187
2: -1734 28677 98 187
3: 1734 -31977 -99 187
2: -1734 44319 99 187
1: 1734 351747 -101 187
4: -1734 -487509 101 187
3: 1768 -4235 -85 187
1: 1768 556325 -99 187
4: -1768 -766139 99 187
1: 1782 663 -187 187
2: -1782 6171 85 187
4: -1788 -66759 99 187
3: 1802 -121 391 187
4: -1802 -121 765 187
2: -1819 664411 96 187
3: 1836 -363 68 187
4: -1836 -104907 96 187
3: 1848 -6171 -85 187
1: 1914 7803 -99 187
2: -1936 13 -6069 187
1: 1936 77 -867 187
2: -1936 221 -272 187
1: 1936 301 -289 187
4: -1936 -403 289 187
1: 1936 1309 -136 187
2: -1936 3757 69 187
1: 1936 5117 -102 187
4: -1936 -6851 102 187
1: 1936 22253 -93 187
1: 1936 86989 -91 187
4: -1936 -116467 91 187
1: 1938 363 -255 187
4: -1938 -2601 121 187
1: 1989 638979 -88 187
4: -1989 -848793 88 187
1: 1996 149413 -88 187
4: -1999 -149413 88 187
1: 2002 90457 -88 187
4: -2002 -119935 88 187
3: 2006 -289 121 187
4: -2006 -289 363 187
1: 2013 2601 -110 187
3: 2023 -11 5390 187
4: -2023 -11 7326 187
1: 2023 17 -3630 187
2: -2023 17 -4598 187
1: 2023 451 -220 187
1: 2023 605 -186 187
3: 2023 -935 -22 187
3: 2023 -24805 -84 187
2: -2023 32791 84 187
1: 2023 38335 -88 187
4: -2023 -50677 88 187
2: -2032 76109 85 187
3: 2038 -76109 -85 187
1: 2057 1 -60486 187
2: -2057 1 -79390 187
3: 2057 -1 60316 187
4: -2057 -1 79560 187
2: -2057 5 -15810 187
4: -2057 -5 15980 187
1: 2057 11 -5576 187
2: -2057 11 -7140 187
3: 2057 -11 5406 187
4: -2057 -11 7310 187
1: 2057 19 -3264 187
3: 2057 -19 3094 187
2: -2057 25 -3094 187
4: -2057 -25 3264 187
2: -2057 55 -1360 187
4: -2057 -55 1530 187
3: 2057 -209 204 187
2: -2057 275 -204 187
1: 2057 289 -294 187
2: -2057 289 -190 187
3: 2057 -289 124 187
4: -2057 -289 360 187
2: -2057 1445 30 187
4: -2057 -1445 140 187
1: 2057 3179 -104 187
2: -2057 3179 60 187
1: 2057 5491 -96 187
3: 2057 -5491 -74 187
2: -2057 7225 74 187
4: -2057 -7225 96 187
2: -2057 15895 80 187
4: -2057 -15895 90 187
1: 2057 60401 -86 187
3: 2057 -60401 -84 187
2: -2057 79475 84 187
4: -2057 -79475 86 187
1: 2068 133705 -85 187
4: -2142 -165 561 187
1: 2142 9537 -88 187
3: 2178 -3 20230 187
2: -2178 33 -2312 187
1: 2178 51 -1275 187
3: 2178 -165 289 187
4: -2178 -561 221 187
3: 2178 -867 -10 187
1: 2178 2805 -102 187
2: -2178 9537 72 187
1: 2178 12903 -85 187
3: 2178 -47685 -79 187
3: 2178 -219351 -80 187
4: -2193 -9537 88 187
1: 2244 21 -2992 187
4: -2244 -27 2992 187
1: 2244 2541 -102 187
4: -2244 -3267 102 187
1: 2244 6069 -88 187
4: -2244 -7803 88 187
1: 2244 734349 -78 187
4: -2244 -944163 78 187
3: 2266 -5491 -66 187
1: 2278 5 -12342 187
3: 2278 -34969 -75 187
4: -2278 -34969 79 187
1: 2288 105485 -77 187
4: -2288 -134963 77 187
1: 2292 85833 -77 187
4: -2298 -85833 77 187
3: 2299 -17 3536 187
4: -2299 -17 4692 187
4: -2299 -1309 136 187
2: -2299 19363 72 187
2: -2312 5 -15609 187
3: 2312 -11 5511 187
4: -2312 -11 7205 187
2: -2312 61 -1210 187
2: -2312 85 -847 187
3: 2312 -187 253 187
4: -2312 -187 495 187
2: -2312 605 -54 187
1: 2312 2629 -99 187
4: -2312 -3355 99 187
2: -2312 7381 65 187
1: 2312 44693 -77 187
4: -2312 -57035 77 187
2: -2312 125477 75 187
1: 2363 1 -61710 187
2: -2363 1 -78166 187
4: -2376 -363 289 187
3: 2376 -104907 -73 187
3: 2431 -23 2618 187
2: -2431 29 -2618 187
1: 2431 289 -286 187
2: -2431 289 -198 187
1: 2431 804287 -72 187
1: 2442 867 -143 187
3: 2448 -3 20570 187
2: -2482 174845 70 187
3: 2499 -31581 -68 187
2: -2499 39567 68 187
4: -2508 -663 187 187
2: -2516 22253 66 187
1: 2541 3 -20808 187
4: -2541 -459 238 187
3: 2541 -76857 -68 187
2: -2541 95931 68 187
3: 2552 -121363 -68 187
2: -2556 191301 68 187
3: 2559 -191301 -68 187
1: 2563 34969 -70 187
1: 2574 857769 -68 187
4: -2601 -3 25894 187
3: 2601 -21 2904 187
1: 2601 33 -1958 187
2: -2601 51 -1452 187
1: 2601 357 -242 187
3: 2601 -561 44 187
1: 2601 3003 -88 187
4: -2601 -3729 88 187
3: 2601 -4719 -54 187
3: 2601 -51051 -66 187
2: -2601 63393 66 187
3: 2618 -25 2431 187
2: -2618 31 -2431 187
1: 2618 605 -170 187
1: 2618 1445 -110 187
3: 2618 -34969 -65 187
4: -2618 -34969 69 187
3: 2629 -123403 -66 187
2: -2629 152881 66 187
3: 2646 -791571 -66 187
1: 2652 886941 -66 187
4: -2657 -397375 66 187
2: -2662 935 -17 187
3: 2662 -3179 -46 187
4: -2662 -3179 90 187
3: 2703 -15 4114 187
1: 2703 47685 -66 187
1: 2706 18513 -68 187
4: -2739 -18513 68 187
1: 2783 11 -5780 187
2: -2783 11 -6936 187
3: 2783 -35 1734 187
1: 2783 12155 -68 187
3: 2783 -22253 -60 187
4: -2788 -19 4114 187
1: 2802 104907 -63 187
4: -2808 -104907 63 187
3: 2822 -253 187 187
1: 2822 1573 -102 187
1: 2839 847 -136 187
4: -2904 -51 1564 187
3: 2904 -99 578 187
1: 2904 8109 -68 187
4: -2904 -9843 68 187
3: 2904 -28611 -58 187
2: -2907 524535 60 187
1: 2948 5 -12716 187
1: 2958 495 -187 187
1: 2992 29 -2244 187
4: -2992 -35 2244 187
2: -2992 605 -68 187
1: 2992 8381 -66 187
4: -2992 -10115 66 187
2: -2992 174845 58 187
2: -3003 3 -25432 187
1: 3058 1 -63580 187
2: -3058 1 -76296 187
3: 3058 -10285 -51 187
3: 3058 -29189 -55 187
1: 3077 5687 -68 187
1: 3091 2023 -88 187
3: 3111 -314721 -56 187
3: 3113 -1 63580 187
4: -3113 -1 76296 187
2: -3142 117623 55 187
1: 3146 289 -276 187
2: -3146 289 -208 187
2: -3146 16643 51 187
4: -3146 -22253 59 187
1: 3146 150569 -56 187
4: -3146 -180047 56 187
3: 3148 -117623 -55 187
2: -3162 257499 55 187
4: -3168 -3 25432 187
4: -3168 -867 143 187
1: 3179 1 -63822 187
2: -3179 1 -76054 187
3: 3179 -1 63712 187
4: -3179 -1 76164 187
1: 3179 17 -3806 187
2: -3179 17 -4422 187
3: 3179 -17 3696 187
4: -3179 -17 4532 187
1: 3179 31 -2112 187
3: 3179 -31 2002 187
2: -3179 37 -2002 187
4: -3179 -37 2112 187
1: 3179 121 -582 187
2: -3179 121 -574 187
3: 3179 -121 472 187
4: -3179 -121 684 187
1: 3179 527 -176 187
3: 3179 -527 66 187
2: -3179 629 -66 187
4: -3179 -629 176 187
1: 3179 2057 -86 187
2: -3179 2057 18 187
3: 3179 -2057 -24 187
4: -3179 -2057 92 187
1: 3179 3751 -72 187
3: 3179 -3751 -38 187
2: -3179 4477 38 187
4: -3179 -4477 72 187
1: 3179 63767 -56 187
3: 3179 -63767 -54 187
2: -3179 76109 54 187
4: -3179 -76109 56 187
2: -3212 174845 54 187
3: 3223 -5 12716 187
3: 3264 -3267 -34 187
2: -3267 4335 36 187
3: 3332 -43439 -51 187
3: 3366 -3 21318 187
3: 3366 -867 22 187
1: 3366 3993 -68 187
4: -3366 -4719 68 187
3: 3388 -11 5780 187
4: -3388 -11 6936 187
1: 3388 17 -3825 187
2: -3388 17 -4403 187
4: -3388 -319 289 187
2: -3388 493 -102 187
3: 3388 -935 17 187
1: 3388 1445 -96 187
1: 3388 1921 -85 187
2: -3388 4301 34 187
4: -3388 -6647 63 187
3: 3388 -105655 -51 187
2: -3388 124729 51 187
1: 3388 163285 -52 187
4: -3388 -192763 52 187
4: -3454 -2023 88 187
4: -3454 -199529 51 187
1: 3462 129591 -51 187
2: -3468 9 -8349 187
3: 3468 -15 4235 187
3: 3468 -51 1210 187
4: -3468 -99 814 187
1: 3468 165 -440 187
3: 3468 -375 121 187
2: -3468 441 -121 187
1: 3468 561 -165 187
4: -3468 -1071 121 187
2: -3468 1089 -19 187
3: 3468 -1815 -15 187
1: 3468 4125 -66 187
4: -3468 -4851 66 187
3: 3468 -6171 -40 187
2: -3468 11781 44 187
1: 3468 14025 -55 187
3: 3468 -45375 -49 187
2: -3468 53361 49 187
3: 3468 -154275 -50 187
4: -3507 -524535 50 187
4: -3509 -143 578 187
2: -3509 901 -34 187
2: -3509 41327 48 187
3: 3553 -4235 -34 187
2: -3553 4961 34 187
2: -3587 15895 44 187
4: -3597 -4335 66 187
3: 3638 -15895 -44 187
4: -3672 -363 255 187
3: 3672 -104907 -47 187
4: -3706 -847 136 187
2: -3757 55 -1320 187
1: 3757 2057 -78 187
2: -3757 2057 10 187
2: -3757 11495 40 187
4: -3757 -51425 48 187
2: -3762 30345 44 187
1: 3774 867 -121 187
1: 3808 605 -153 187
4: -3861 -104907 46 187
1: 3872 11101 -51 187
4: -3872 -12835 51 187
2: -3872 480029 45 187
1: 3927 3 -21692 187
2: -3944 225709 44 187
2: -3951 295647 44 187
3: 3954 -295647 -44 187
1: 3961 34969 -46 187
2: -3961 34969 42 187
4: -3993 -33 2312 187
1: 4004 195653 -44 187
4: -4004 -225131 44 187
4: -4029 -123981 44 187
3: 4046 -11 5874 187
4: -4046 -11 6842 187
1: 4046 17 -3872 187
2: -4046 17 -4356 187
3: 4046 -53603 -42 187
2: -4046 61589 42 187
1: 4046 82841 -44 187
4: -4046 -95183 44 187
1: 4114 1 -65212 187
2: -4114 1 -74664 187
3: 4114 -1 65127 187
4: -4114 -1 74749 187
1: 4114 11 -5967 187
2: -4114 11 -6749 187
3: 4114 -11 5882 187
4: -4114 -11 6834 187
1: 4114 41 -1632 187
3: 4114 -41 1547 187
2: -4114 47 -1547 187
4: -4114 -47 1632 187
1: 4114 289 -268 187
2: -4114 289 -216 187
3: 4114 -289 183 187
4: -4114 -289 301 187
3: 4114 -451 102 187
2: -4114 517 -102 187
1: 4114 3179 -63 187
2: -4114 3179 19 187
1: 4114 11849 -48 187
3: 4114 -11849 -37 187
2: -4114 13583 37 187
4: -4114 -13583 48 187
1: 4114 130339 -43 187
3: 4114 -130339 -42 187
2: -4114 149413 42 187
4: -4114 -149413 43 187
2: -4284 9537 33 187
2: -4312 1445 -11 187
4: -4356 -3 24854 187
1: 4356 33 -2023 187
4: -4356 -867 126 187
1: 4356 9537 -47 187
3: 4356 -10659 -34 187
4: -4367 -18785 44 187
2: -4386 9 -8228 187
3: 4386 -9537 -33 187
3: 4477 -12971 -34 187
2: -4477 14705 34 187
1: 4477 22253 -42 187
1: 4488 45 -1496 187
1: 4488 5445 -51 187
1: 4488 13005 -44 187
4: -4488 -14739 44 187
3: 4598 -17 3825 187
4: -4598 -17 4403 187
3: 4598 -55 1156 187
1: 4624 77 -891 187
3: 4624 -803 44 187
1: 4624 1309 -88 187
3: 4624 -13651 -33 187
2: -4641 3 -24684 187
2: -4672 174845 37 187
3: 4678 -174845 -37 187
4: -4692 -495 187 187
1: 4719 3 -21964 187
1: 4726 1 -65824 187
2: -4726 1 -74052 187
3: 4811 -1 65824 187
4: -4811 -1 74052 187
3: 4862 -49 1309 187
1: 4862 289 -264 187
2: -4862 289 -220 187
4: -4896 -3 24684 187
4: -4896 -867 121 187
2: -4906 23 -3179 187
4: -4913 -2431 66 187
4: -4913 -8789 44 187
1: 4913 10285 -42 187
1: 4961 391 -204 187
1: 4961 3179 -56 187
2: -4961 3179 12 187
2: -4983 67881 34 187
3: 4998 -67155 -34 187
2: -4998 75141 34 187
1: 5016 21 -3179 187
3: 5016 -35547 -33 187
3: 5038 -1445 11 187
4: -5049 -363 238 187
4: -5066 -4477 51 187
3: 5071 -137819 -34 187
2: -5082 3 -24565 187
2: -5082 255 -255 187
3: 5082 -2601 -9 187
2: -5082 21675 31 187
4: -5082 -123981 35 187
3: 5082 -163251 -34 187
2: -5082 182325 34 187
1: 5126 34969 -36 187
2: -5126 34969 32 187
2: -5128 767261 34 187
4: -5151 -9 8228 187
4: -5157 -771375 34 187
3: 5159 -34969 -32 187
4: -5159 -34969 36 187
3: 5168 -79475 -33 187
3: 5202 -3 22022 187
2: -5202 33 -2200 187
1: 5202 51 -1331 187
4: -5202 -129 605 187
4: -5202 -561 165 187
2: -5202 1815 -7 187
1: 5202 6369 -44 187
4: -5202 -7095 44 187
4: -5202 -30855 36 187
3: 5202 -108273 -33 187
2: -5202 120615 33 187
1: 5203 167365 -34 187
4: -5203 -186439 34 187
1: 5214 141933 -34 187
3: 5258 -261545 -33 187
2: -5258 291023 33 187
1: 5287 71269 -34 187
4: -5287 -79255 34 187
4: -5302 -71995 34 187
3: 5324 -3179 -12 187
4: -5324 -3179 56 187
1: 5338 270215 -33 187
1: 5352 200277 -33 187
4: -5358 -200277 33 187
3: 5467 -6647 -22 187
3: 5491 -17 3872 187
4: -5491 -17 4356 187
2: -5491 97 -726 187
4: -5491 -1309 88 187
3: 5491 -6743 -22 187
2: -5491 7469 22 187
4: -5542 -605 153 187
1: 5566 11 -6069 187
2: -5566 11 -6647 187
3: 5566 -8959 -24 187
4: -5687 -527 170 187
4: -5687 -10115 38 187
2: -5687 98549 30 187
1: 5786 7 -9537 187
2: -5797 13 -5610 187
2: -5797 454597 30 187
3: 5808 -51 1275 187
1: 5808 17085 -34 187
4: -5808 -18819 34 187
3: 5808 -638979 -30 187
1: 5843 874225 -30 187
3: 5929 -221 272 187
1: 5929 14773 -34 187
4: -5967 -104907 30 187
1: 5984 61 -1122 187
4: -5984 -67 1122 187
1: 5984 17629 -33 187
4: -5984 -19363 33 187
1: 6006 3 -22253 187
1: 6069 3 -22264 187
4: -6069 -1089 96 187
3: 6069 -6171 -18 187
3: 6069 -82401 -28 187
2: -6069 90387 28 187
1: 6116 1 -66759 187
2: -6116 1 -73117 187
2: -6171 3 -24344 187
1: 6171 9 -7446 187
1: 6171 63 -1088 187
4: -6171 -69 1088 187
3: 6171 -99 646 187
3: 6171 -693 68 187
2: -6171 759 -68 187
2: -6171 867 -56 187
1: 6171 2601 -54 187
4: -6171 -9537 36 187
1: 6171 18207 -32 187
4: -6171 -19941 32 187
3: 6171 -28611 -26 187
3: 6171 -200277 -28 187
2: -6171 219351 28 187
3: 6226 -1 66759 187
4: -6226 -1 73117 187
1: 6226 13583 -33 187
3: 6226 -804287 -28 187
1: 6273 524535 -28 187
1: 6292 289 -259 187
2: -6292 289 -225 187
1: 6292 315877 -28 187
4: -6292 -345355 28 187
3: 6336 -3 22253 187
1: 6358 1 -66880 187
2: -6358 1 -72996 187
3: 6358 -1 66825 187
4: -6358 -1 73051 187
1: 6358 5 -13398 187
3: 6358 -5 13343 187
1: 6358 13 -5170 187
3: 6358 -13 5115 187
1: 6358 17 -3960 187
2: -6358 17 -4268 187
3: 6358 -17 3905 187
4: -6358 -17 4323 187
1: 6358 65 -1056 187
3: 6358 -65 1001 187
2: -6358 71 -1001 187
4: -6358 -71 1056 187
1: 6358 85 -814 187
3: 6358 -85 759 187
1: 6358 121 -580 187
2: -6358 121 -576 187
3: 6358 -121 525 187
4: -6358 -121 631 187
1: 6358 221 -330 187
3: 6358 -221 275 187
1: 6358 605 -138 187
3: 6358 -605 83 187
1: 6358 1105 -88 187
3: 6358 -1105 33 187
2: -6358 1207 -33 187
4: -6358 -1207 88 187
1: 6358 1573 -70 187
3: 6358 -1573 15 187
1: 6358 2057 -60 187
2: -6358 2057 -8 187
3: 6358 -2057 5 187
4: -6358 -2057 63 187
1: 6358 7865 -36 187
3: 6358 -7865 -19 187
2: -6358 8591 19 187
4: -6358 -8591 36 187
3: 6358 -10285 -21 187
1: 6358 26741 -30 187
3: 6358 -26741 -25 187
1: 6358 133705 -28 187
3: 6358 -133705 -27 187
2: -6358 146047 27 187
4: -6358 -146047 28 187
2: -6534 231 -289 187
4: -6534 -3009 51 187
1: 6542 244783 -27 187
4: -6548 -244783 27 187
3: 6556 -7 9537 187
2: -6562 35 -2057 187
1: 6647 11 -6116 187
2: -6647 11 -6600 187
4: -6647 -19723 30 187
3: 6647 -220099 -26 187
4: -6732 -3 24310 187
4: -6732 -867 110 187
1: 6732 8349 -34 187
4: -6732 -9075 34 187
3: 6776 -11 6069 187
4: -6776 -11 6647 187
1: 6776 341309 -26 187
4: -6776 -370787 26 187
4: -6897 -8415 34 187
3: 6919 -20519 -22 187
4: -6936 -51 1452 187
3: 6936 -459 121 187
4: -6936 -6171 37 187
1: 6936 8613 -33 187
4: -6936 -9339 33 187
3: 6936 -55539 -24 187
3: 7018 -85 765 187
1: 7018 778855 -25 187
1: 7021 7381 -34 187
3: 7106 -8833 -17 187
2: -7106 9559 17 187
3: 7139 -289 208 187
4: -7139 -289 276 187
3: 7139 -136697 -24 187
2: -7282 36125 22 187
1: 7293 3 -22440 187
3: 7326 -21 3179 187
4: -7436 -23 3179 187
1: 7502 13 -5202 187
1: 7502 2431 -51 187
3: 7502 -29189 -21 187
3: 7514 -23 2904 187
1: 7514 2057 -56 187
2: -7514 2057 -12 187
1: 7514 6919 -33 187
2: -7514 269467 23 187
1: 7548 1089 -85 187
3: 7599 -66759 -22 187
1: 7623 9537 -30 187
1: 7744 253 -289 187
3: 7803 -255 242 187
4: -7803 -363 222 187
3: 7803 -165495 -22 187
2: -7803 177837 22 187
2: -7854 3 -24123 187
3: 7887 -399687 -22 187
1: 7922 34969 -24 187
2: -7922 34969 20 187
3: 7973 -34969 -20 187
4: -7973 -34969 24 187
3: 7986 -33 2023 187
1: 8008 406045 -22 187
3: 8092 -11 6116 187
4: -8092 -11 6600 187
1: 8092 17 -3993 187
2: -8092 17 -4235 187
2: -8092 605 -98 187
4: -8092 -935 99 187
4: -8092 -2167 55 187
3: 8092 -111199 -21 187
2: -8092 119185 21 187
1: 8092 171853 -22 187
4: -8092 -184195 22 187
2: -8107 5 -14450 187
1: 8228 1 -67575 187
2: -8228 1 -72301 187
1: 8228 5 -13532 187
4: -8228 -7 10353 187
3: 8228 -11 6120 187
4: -8228 -11 6596 187
2: -8228 13 -5542 187
3: 8228 -55 1207 187
2: -8228 77 -918 187
4: -8228 -91 816 187
4: -8228 -143 527 187
2: -8228 289 -229 187
2: -8228 1001 -51 187
4: -8228 -2023 57 187
2: -8228 3757 2 187
1: 8228 4913 -35 187
2: -8228 22253 18 187
1: 8228 24565 -24 187
4: -8228 -26299 24 187
4: -8228 -41327 23 187
3: 8228 -54043 -20 187
3: 8228 -270215 -21 187
2: -8228 289289 21 187
1: 8296 73117 -22 187
3: 8381 -2057 12 187
4: -8381 -2057 56 187
1: 8412 314721 -21 187
4: -8418 -314721 21 187
4: -8613 -42483 22 187
3: 8712 -3 22542 187
3: 8712 -219 289 187
3: 8712 -867 58 187
3: 8712 -63291 -19 187
2: -8942 7 -10285 187
4: -8954 -391 204 187
3: 8954 -26809 -17 187
2: -8954 28543 17 187
1: 8976 93 -748 187
1: 8976 26877 -22 187
2: -9042 30855 17 187
3: 9108 -30855 -17 187
2: -9112 5 -14399 187
1: 9163 1445 -66 187
4: -9248 -323 242 187
1: 9248 605 -131 187
4: -9248 -7139 29 187
1: 9282 3 -22627 187
4: -9282 -1089 85 187
4: -9333 -4719 34 187
2: -9438 3 -23987 187
3: 9438 -153 425 187
1: 9438 143055 -19 187
1: 9452 1 -67881 187
2: -9452 1 -71995 187
2: -9537 3 -23980 187
3: 9537 -9 7524 187
4: -9537 -15 4818 187
2: -9537 21 -3410 187
4: -9537 -51 1430 187
4: -9537 -105 704 187
1: 9537 153 -462 187
2: -9537 255 -264 187
4: -9537 -357 220 187
2: -9537 363 -180 187
2: -9537 1785 -22 187
4: -9537 -1815 58 187
2: -9537 2541 -10 187
4: -9537 -6171 30 187
1: 9537 11979 -24 187
4: -9537 -12705 24 187
2: -9537 30855 16 187
4: -9537 -43197 20 187
3: 9537 -203643 -18 187
2: -9537 215985 18 187
3: 9622 -1 67881 187
4: -9622 -1 71995 187
1: 9724 289 -253 187
2: -9724 289 -231 187
3: 9792 -3 22627 187
4: -9801 -448239 18 187
4: -9826 -697 121 187
4: -9826 -59653 19 187
3: 9911 -121 544 187
4: -9911 -121 612 187
4: -9922 -265 289 187
1: 9922 3179 -39 187
2: -9922 3179 -5 187
1: 9928 174845 -18 187
4: -9962 -5 14399 187
3: 9996 -138303 -17 187
2: -9996 146289 17 187
3: 10043 -7225 -8 187
3: 10098 -363 170 187
1: 10098 4335 -33 187
4: -10098 -104907 18 187
4: -10132 -7 10285 187
3: 10164 -336039 -17 187
2: -10164 355113 17 187
2: -10172 380545 17 187
3: 10178 -380545 -17 187
1: 10252 34969 -19 187
2: -10252 34969 15 187
3: 10318 -34969 -15 187
4: -10318 -34969 19 187
1: 10392 388773 -17 187
4: -10398 -388773 17 187
4: -10404 -3 23958 187
1: 10404 33 -2079 187
1: 10404 13101 -22 187
4: -10404 -13827 22 187
3: 10406 -77 867 187
1: 10406 344267 -17 187
4: -10406 -363341 17 187
1: 10428 13005 -22 187
2: -10472 605 -102 187
2: -10472 1445 -33 187
1: 10574 146531 -17 187
4: -10574 -154517 17 187
3: 10648 -3179 5 187
4: -10648 -3179 39 187
1: 10659 363 -204 187
4: -10659 -2601 44 187
1: 10693 275 -264 187
3: 10693 -539 110 187
2: -10769 41 -1734 187
2: -10846 594473 16 187
3: 10982 -17 3993 187
4: -10982 -17 4235 187
4: -10982 -55 1320 187
3: 10982 -13849 -11 187
2: -10982 14575 11 187
1: 11011 563839 -16 187
4: -11011 -593317 16 187
4: -11022 -524535 16 187
3: 11033 -289 220 187
4: -11033 -289 264 187
2: -11132 425 -153 187
1: 11271 3 -22748 187
4: -11271 -153 484 187
1: 11462 39083 -17 187
4: -11528 -39083 17 187
1: 11616 35037 -17 187
4: -11616 -36771 17 187
1: 11792 3757 -33 187
1: 11858 1445 -62 187
3: 11934 -104907 -14 187
1: 11968 125 -561 187
4: -11968 -131 561 187
1: 11968 174845 -15 187
2: -12138 3 -23837 187
1: 12138 1683 -55 187
4: -12138 -6171 26 187
3: 12138 -168795 -14 187
2: -12138 176781 14 187
1: 12342 3 -22797 187
2: -12342 27 -2635 187
1: 12342 129 -544 187
4: -12342 -135 544 187
4: -12342 -297 255 187
1: 12342 867 -93 187
3: 12342 -1419 34 187
2: -12342 1485 -34 187
2: -12342 7803 5 187
3: 12342 -9537 -7 187
1: 12342 37281 -16 187
4: -12342 -39015 16 187
4: -12342 -85833 15 187
3: 12342 -410091 -14 187
2: -12342 429165 14 187
4: -12512 -35 2057 187
4: -12518 -3757 33 187
3: 12529 -34969 -12 187
4: -12529 -34969 16 187
1: 12584 646493 -14 187
4: -12584 -675971 14 187
1: 12716 1 -68409 187
2: -12716 1 -71467 187
3: 12716 -7 9757 187
1: 12716 17 -4037 187
2: -12716 17 -4191 187
3: 12716 -19 3586 187
1: 12716 121 -579 187
2: -12716 121 -577 187
1: 12716 133 -528 187
4: -12716 -139 528 187
3: 12716 -323 198 187
3: 12716 -847 67 187
1: 12716 2057 -47 187
2: -12716 2057 -21 187
1: 12716 2261 -44 187
3: 12716 -2299 16 187
4: -12716 -2363 44 187
3: 12716 -14399 -9 187
1: 12716 16093 -18 187
4: -12716 -16819 18 187
3: 12716 -39083 -12 187
1: 12716 273581 -14 187
4: -12716 -285923 14 187
1: 12848 174845 -14 187
4: -12947 -15895 18 187
2: -12954 28611 11 187
3: 13056 -28611 -11 187
3: 13068 -255 255 187
1: 13158 1815 -51 187
1: 13294 11 -6237 187
2: -13294 11 -6479 187
1: 13431 867 -92 187
3: 13464 -3 22814 187
3: 13464 -867 66 187
1: 13464 17061 -17 187
4: -13464 -17787 17 187
1: 13552 697357 -13 187
4: -13552 -726835 13 187
1: 13794 3213 -34 187
3: 13794 -101439 -12 187
3: 13838 -41905 -11 187
2: -13838 43639 11 187
2: -13872 45 -1573 187
3: 13872 -51 1331 187
4: -13872 -1683 55 187
1: 13872 7293 -22 187
3: 13872 -14883 -8 187
3: 14157 -1479 34 187
2: -14157 30345 10 187
3: 14161 -197593 -12 187
2: -14161 205579 12 187
3: 14278 -289 225 187
4: -14278 -289 259 187
3: 14399 -11 6222 187
4: -14399 -11 6494 187
3: 14399 -151 442 187
2: -14399 157 -442 187
3: 14399 -480029 -12 187
2: -14399 499103 12 187
2: -14586 3 -23749 187
3: 14586 -1089 51 187
1: 14739 499851 -12 187
1: 14756 454597 -12 187
4: -14892 -1815 51 187
1: 15028 2057 -45 187
2: -15028 2057 -23 187
3: 15028 -41987 -10 187
2: -15246 9537 4 187
3: 15317 -121 556 187
4: -15317 -121 600 187
1: 15411 104907 -12 187
4: -15444 -104907 12 187
2: -15488 61 -1156 187
2: -15521 1573 -34 187
2: -15606 231 -297 187
3: 15606 -363 178 187
2: -15606 32307 9 187
3: 15606 -337161 -11 187
2: -15606 349503 11 187
3: 15609 -9537 -4 187
2: -15722 588115 11 187
3: 15728 -588115 -11 187
3: 15774 -814113 -11 187
2: -15774 843591 11 187
1: 15844 34969 -13 187
2: -15844 34969 9 187
3: 15946 -34969 -9 187
4: -15946 -34969 13 187
1: 16016 826829 -11 187
4: -16016 -856307 11 187
1: 16062 600831 -11 187
4: -16068 -600831 11 187
3: 16093 -79475 -10 187
3: 16184 -11 6237 187
4: -16184 -11 6479 187
1: 16184 349877 -11 187
4: -16184 -362219 11 187
3: 16456 -11 6239 187
4: -16456 -11 6477 187
1: 16456 173 -408 187
4: -16456 -179 408 187
1: 16456 49997 -12 187
4: -16456 -51731 12 187
1: 16473 363 -200 187
4: -16762 -85 847 187
3: 16762 -2057 23 187
4: -16762 -2057 45 187
1: 16762 3047 -33 187
1: 16819 1 -68782 187
2: -16819 1 -71094 187
3: 17017 -179 374 187
2: -17017 185 -374 187
2: -17182 403733 10 187
3: 17358 -944163 -10 187
4: -17424 -3 23698 187
4: -17424 -867 92 187
1: 17578 37 -1870 187
3: 17918 -3025 13 187
1: 17952 189 -374 187
4: -17952 -195 374 187
1: 17952 54621 -11 187
4: -17952 -56355 11 187
4: -18007 -244783 10 187
3: 18029 -7 9826 187
4: -18207 -165 440 187
1: 18207 1221 -66 187
4: -18207 -178959 10 187
1: 18392 629 -119 187
2: -18392 140165 9 187
3: 18513 -3 22950 187
2: -18513 33 -2142 187
3: 18513 -165 408 187
1: 18513 429 -170 187
3: 18513 -867 70 187
2: -18513 9537 2 187
3: 18513 -47685 -8 187
1: 18513 123981 -10 187
1: 18734 41327 -11 187
4: -18836 -41327 11 187
2: -18876 81 -867 187
3: 18876 -231 289 187
1: 18876 1173 -68 187
1: 19074 3 -22979 187
2: -19074 9 -7876 187
3: 19074 -51 1342 187
4: -19074 -153 473 187
1: 19074 201 -352 187
4: -19074 -207 352 187
1: 19074 363 -199 187
2: -19074 1089 -56 187
3: 19074 -3417 11 187
2: -19074 3519 -11 187
3: 19074 -6171 2 187
4: -19074 -18513 13 187
1: 19074 24321 -12 187
4: -19074 -25047 12 187
3: 19074 -413457 -9 187
2: -19074 425799 9 187
2: -19096 454597 9 187
3: 19118 -425 153 187
3: 19244 -804287 -9 187
4: -19261 -5491 22 187
1: 19363 5 -13794 187
1: 19632 734349 -9 187
4: -19638 -734349 9 187
4: -19652 -119 605 187
2: -19652 10285 2 187
4: -19652 -689095 9 187
4: -19822 -121 595 187
1: 19822 384659 -9 187
4: -19941 -2013 44 187
4: -20086 -253 289 187
4: -20196 -363 204 187
3: 20196 -104907 -8 187
2: -20638 2783 -17 187
1: 20757 867 -88 187
3: 20808 -3 22990 187
1: 20808 2805 -33 187
1: 20808 26565 -11 187
4: -20808 -27291 11 187
1: 20808 43197 -10 187
2: -21318 21 -3366 187
3: 21386 -392887 -8 187
3: 21659 -950521 -8 187
3: 22066 -289 231 187
4: -22066 -289 253 187
1: 22253 17 -4070 187
2: -22253 17 -4158 187
3: 22253 -235 286 187
2: -22253 241 -286 187
1: 22253 605 -122 187
1: 22253 5687 -20 187
1: 22253 483395 -8 187
4: -22253 -495737 8 187
3: 22372 -2783 17 187
2: -22542 3 -23595 187
4: -22542 -2805 33 187
1: 22542 55539 -9 187
1: 22627 2629 -34 187
4: -22627 -2695 34 187
3: 22627 -3179 14 187
4: -22627 -3179 30 187
4: -22869 -1173 68 187
2: -23232 765 -85 187
1: 23232 7293 -17 187
4: -23232 -28611 10 187
2: -23409 6171 -4 187
3: 23698 -19 3630 187
1: 23698 145 -484 187
2: -23698 187187 7 187
1: 23817 104907 -8 187
4: -23868 -104907 8 187
4: -23958 -7293 17 187
2: -24123 9 -7854 187
2: -24276 297 -231 187
3: 24276 -6171 4 187
3: 24276 -341583 -7 187
2: -24276 349569 7 187
4: -24442 -2635 34 187
2: -24442 460955 7 187
1: 24684 261 -272 187
4: -24684 -267 272 187
3: 24684 -2871 17 187
2: -24684 2937 -17 187
1: 24684 75429 -8 187
4: -24684 -77163 8 187
3: 24684 -829719 -7 187
2: -24684 848793 7 187
3: 24854 -77 891 187
1: 25058 5 -13838 187
3: 25058 -34969 -5 187
4: -25058 -34969 9 187
1: 25242 944163 -7 187
4: -25248 -944163 7 187
2: -25432 5 -14135 187
2: -25432 85 -825 187
1: 25432 269 -264 187
4: -25432 -1331 60 187
1: 25432 4573 -22 187
4: -25432 -22627 10 187
1: 25432 32549 -9 187
4: -25432 -33275 9 187
1: 25432 553333 -7 187
4: -25432 -565675 7 187
1: 25721 41 -1694 187
1: 25806 2541 -34 187
4: -25806 -314721 7 187
1: 25993 1 -69190 187
2: -25993 1 -70686 187
2: -26299 109021 6 187
4: -26378 -629 119 187
1: 26499 6069 -18 187
3: 26741 -283 238 187
1: 26741 289 -246 187
2: -26862 867 -75 187
4: -26928 -3 23562 187
4: -26928 -867 88 187
2: -27302 174845 6 187
1: 27346 5491 -19 187
3: 27744 -99 693 187
3: 27829 -244783 -6 187
4: -27863 -7 10098 187
2: -27951 276573 6 187
3: 28292 -384659 -6 187
3: 28322 -399179 -6 187
2: -28322 407165 6 187
3: 28611 -3 23078 187
1: 28611 51 -1364 187
1: 28611 36663 -8 187
4: -28611 -37389 8 187
3: 28611 -623271 -6 187
2: -28611 635613 6 187
3: 28798 -11 6290 187
4: -28798 -11 6426 187
3: 28798 -305 221 187
2: -28798 311 -221 187
1: 28798 1445 -54 187
1: 28798 17629 -10 187
3: 28798 -969595 -6 187
2: -28798 988669 6 187
1: 29403 15 -4624 187
3: 30008 -235 289 187
1: 30056 341 -209 187
2: -30481 47 -1496 187
1: 30492 9537 -13 187
3: 30634 -121 567 187
4: -30634 -121 589 187
2: -30822 104907 5 187
3: 30888 -104907 -5 187
4: -31212 -39 1815 187
2: -31212 285 -242 187
4: -31212 -363 200 187
2: -31212 117249 5 187
4: -31218 -249 289 187
3: 31218 -765 85 187
4: -31218 -9537 13 187
1: 32368 605 -120 187
2: -32368 1837 -33 187
2: -32368 4301 -11 187
1: 32428 5 -13872 187
4: -32538 -27 2618 187
1: 32657 293 -242 187
1: 32912 349 -204 187
4: -32912 -355 204 187
2: -32912 781 -85 187
1: 32912 100861 -6 187
4: -32912 -102595 6 187
2: -32912 225709 5 187
2: -32946 363 -189 187
3: 32946 -549 121 187
1: 33033 3 -23120 187
1: 33154 40171 -7 187
2: -33524 4961 -9 187
1: 33638 1 -69360 187
2: -33638 1 -70516 187
3: 33638 -350557 -5 187
3: 34034 -361 187 187
2: -34034 367 -187 187
3: 34068 -524535 -5 187
3: 34102 -4301 11 187
2: -34221 2601 -22 187
3: 34243 -1 69360 187
4: -34243 -1 70516 187
2: -34782 75 -935 187
3: 34848 -3 23120 187
3: 34848 -867 75 187
1: 34969 1 -69382 187
2: -34969 1 -70494 187
3: 34969 -1 69372 187
4: -34969 -1 70504 187
1: 34969 7 -9916 187
3: 34969 -7 9906 187
1: 34969 11 -6312 187
2: -34969 11 -6404 187
3: 34969 -11 6302 187
4: -34969 -11 6414 187
2: -34969 13 -5418 187
4: -34969 -13 5428 187
1: 34969 17 -4086 187
2: -34969 17 -4142 187
3: 34969 -17 4076 187
4: -34969 -17 4152 187
2: -34969 29 -2426 187
4: -34969 -29 2436 187
1: 34969 53 -1314 187
3: 34969 -53 1304 187
1: 34969 77 -906 187
3: 34969 -77 896 187
1: 34969 119 -588 187
2: -34969 143 -488 187
4: -34969 -143 498 187
1: 34969 187 -376 187
2: -34969 187 -372 187
3: 34969 -187 366 187
4: -34969 -187 382 187
2: -34969 221 -314 187
4: -34969 -221 324 187
2: -34969 319 -216 187
4: -34969 -319 226 187
1: 34969 371 -192 187
3: 34969 -371 182 187
2: -34969 377 -182 187
4: -34969 -377 192 187
2: -34969 493 -138 187
4: -34969 -493 148 187
1: 34969 583 -124 187
3: 34969 -583 114 187
1: 34969 901 -82 187
3: 34969 -901 72 187
1: 34969 1309 -58 187
3: 34969 -1309 48 187
2: -34969 2431 -24 187
3: 34969 -4081 12 187
2: -34969 4147 -12 187
2: -34969 5423 -8 187
4: -34969 -5423 18 187
1: 34969 6307 -16 187
3: 34969 -6307 6 187
2: -34969 6409 -6 187
4: -34969 -6409 16 187
1: 34969 9911 -12 187
3: 34969 -9911 2 187
1: 34969 69377 -6 187
3: 34969 -69377 -4 187
2: -34969 70499 4 187
4: -34969 -70499 6 187
4: -35211 -7803 14 187
3: 35453 -5 13872 187
4: -35574 -123 578 187
1: 35816 22253 -8 187
4: -35836 -607 121 187
3: 35836 -979 66 187
1: 35904 381 -187 187
4: -35904 -387 187 187
1: 36102 11271 -11 187
4: -36179 -22253 8 187
1: 36278 384659 -5 187
4: -36542 -327437 5 187
2: -36652 1445 -44 187
4: -36828 -11271 11 187
4: -37026 -3 23494 187
1: 37026 33 -2108 187
4: -37026 -57 1241 187
4: -37026 -867 86 187
1: 37026 9537 -12 187
4: -37026 -16473 9 187
1: 37961 31 -2244 187
4: -38148 -51 1386 187
1: 38148 405 -176 187
4: -38148 -411 176 187
1: 38148 1377 -55 187
4: -38148 -6171 16 187
1: 38148 49005 -6 187
4: -38148 -49731 6 187
1: 38148 166617 -5 187
3: 38478 -15 4624 187
1: 38478 47685 -6 187
3: 39083 -55 1258 187
2: -39712 174845 4 187
3: 39763 -174845 -4 187
4: -39882 -114345 5 187
1: 40171 1 -69454 187
2: -40171 1 -70422 187
4: -40392 -104907 5 187
4: -40953 -63 1122 187
3: 40953 -1815 34 187
1: 41038 595 -121 187
1: 41208 5445 -17 187
3: 41327 -439 154 187
2: -41327 445 -154 187
1: 41327 2057 -38 187
2: -41327 2057 -30 187
2: -41382 1275 -51 187
2: -41514 867 -77 187
1: 41514 1089 -68 187
4: -41616 -3 23474 187
1: 41888 605 -119 187
4: -42194 -209 341 187
4: -42229 -37859 6 187
3: 42483 -600765 -4 187
2: -42483 608751 4 187
3: 42823 -1445 44 187
2: -42834 33813 2 187
4: -42942 -5445 17 187
3: 43061 -7 9922 187
2: -43197 3 -23460 187
1: 43197 297 -238 187
1: 43571 34969 -6 187
2: -43571 34969 2 187
1: 44506 17 -4092 187
2: -44506 17 -4136 187
2: -44506 479 -143 187
1: 44506 731 -99 187
1: 44506 22627 -7 187
1: 44506 972961 -4 187
4: -44506 -985303 4 187
3: 45084 -231 297 187
3: 45254 -3179 18 187
4: -45254 -3179 26 187
1: 45254 5291 -17 187
4: -45254 -5357 17 187
1: 46266 314721 -4 187
4: -46299 -314721 4 187
1: 46818 825 -88 187
1: 46818 6171 -15 187
4: -47107 -605 120 187
1: 47311 11 -6324 187
2: -47311 11 -6392 187
2: -47432 1445 -45 187
2: -47634 104907 3 187
3: 47736 -104907 -3 187
4: -48552 -6171 15 187
1: 49368 21 -3315 187
4: -49368 -99 714 187
1: 49368 165 -425 187
1: 49368 525 -136 187
4: -49368 -531 136 187
1: 49368 6069 -15 187
4: -49368 -28611 6 187
1: 49368 47685 -5 187
1: 49368 151725 -4 187
4: -49368 -153459 4 187
1: 50116 3757 -22 187
1: 50864 541 -132 187
4: -50864 -547 132 187
1: 50864 9197 -11 187
4: -50864 -9299 11 187
1: 51051 3 -23188 187
4: -51051 -1089 68 187
2: -51062 15895 -1 187
4: -51238 -2299 34 187
2: -51392 174845 3 187
1: 51442 26741 -6 187
3: 51458 -174845 -3 187
2: -51546 27 -2601 187
3: 51788 -15895 1 187
1: 51986 1 -69564 187
2: -51986 1 -70312 187
4: -52272 -42483 5 187
4: -52393 -61 1156 187
3: 52921 -1 69564 187
4: -52921 -1 70312 187
4: -53482 -23 3060 187
2: -53482 55 -1275 187
1: 53482 289 -244 187
2: -53482 289 -240 187
3: 53482 -569 119 187
2: -53482 575 -119 187
4: -53482 -7225 13 187
3: 53754 -297 231 187
3: 53754 -55539 -2 187
3: 53856 -3 23188 187
3: 53856 -867 77 187
4: -54043 -119 594 187
1: 54043 10285 -10 187
1: 55199 14399 -8 187
3: 55418 -1445 45 187
4: -56066 -14399 8 187
3: 56644 -802351 -3 187
2: -56644 810337 3 187
4: -57222 -3 23430 187
3: 57222 -21 3311 187
2: -57222 51 -1375 187
1: 57222 87 -803 187
1: 57222 357 -198 187
3: 57222 -1479 44 187
1: 57222 73689 -4 187
4: -57222 -74415 4 187
3: 57596 -11 6324 187
4: -57596 -11 6392 187
2: -59048 73117 2 187
4: -59534 -341 209 187
2: -60112 29 -2420 187
4: -60112 -595 121 187
3: 60401 -17 4092 187
4: -60401 -17 4136 187
2: -60401 59 -1188 187
4: -60401 -22627 6 187
3: 60401 -77803 -2 187
2: -60401 78529 2 187
4: -60962 -605 119 187
4: -61557 -825 88 187
3: 62424 -363 189 187
2: -62436 9 -7803 187
1: 62458 847 -85 187
2: -63767 137 -510 187
1: 63767 1067 -68 187
1: 64158 8415 -11 187
2: -64856 3757 -16 187
3: 65637 -104907 -2 187
1: 65824 701 -102 187
4: -65824 -707 102 187
1: 65824 202589 -3 187
4: -65824 -204323 3 187
4: -65892 -8415 11 187
2: -66066 3 -23409 187
2: -66759 3 -23408 187
4: -66759 -6171 14 187
3: 66946 -31 2244 187
1: 67276 1 -69649 187
2: -67276 1 -70227 187
2: -67639 15317 -2 187
3: 67881 -33 2108 187
1: 68002 2023 -37 187
1: 68204 7381 -12 187
3: 68486 -1 69649 187
4: -68486 -1 70227 187
3: 68849 -3757 16 187
4: -69696 -3 23409 187
1: 69938 1 -69660 187
2: -69938 1 -70216 187
3: 69938 -1 69655 187
4: -69938 -1 70221 187
1: 69938 5 -13934 187
3: 69938 -5 13929 187
1: 69938 11 -6335 187
2: -69938 11 -6381 187
3: 69938 -11 6330 187
4: -69938 -11 6386 187
1: 69938 17 -4100 187
2: -69938 17 -4128 187
3: 69938 -17 4095 187
4: -69938 -17 4133 187
1: 69938 55 -1269 187
3: 69938 -55 1264 187
1: 69938 85 -822 187
3: 69938 -85 817 187
1: 69938 149 -470 187
3: 69938 -149 465 187
1: 69938 187 -375 187
2: -69938 187 -373 187
3: 69938 -187 370 187
4: -69938 -187 378 187
1: 69938 745 -96 187
3: 69938 -745 91 187
2: -69938 751 -91 187
4: -69938 -751 96 187
3: 69938 -935 72 187
1: 69938 1639 -45 187
3: 69938 -1639 40 187
1: 69938 2533 -30 187
3: 69938 -2533 25 187
3: 69938 -8195 6 187
2: -69938 8261 -6 187
1: 69938 12665 -8 187
3: 69938 -12665 3 187
2: -69938 12767 -3 187
4: -69938 -12767 8 187
1: 69938 27863 -5 187
1: 69938 139315 -3 187
3: 69938 -139315 -2 187
2: -69938 140437 2 187
4: -69938 -140437 3 187
2: -70227 143385 2 187
3: 71383 -4235 14 187
1: 71672 4477 -18 187
4: -73326 -9 7803 187
3: 73326 -181203 -2 187
2: -73568 8381 -6 187
3: 74052 -3 23222 187
2: -74052 33 -2125 187
3: 74052 -867 78 187
2: -74052 9537 -5 187
4: -74426 -47 1496 187
1: 74562 9 -7744 187
4: -75988 -2023 37 187
3: 76109 -234379 -2 187
2: -76109 236113 2 187
3: 76296 -51 1364 187
1: 76296 813 -88 187
4: -76296 -819 88 187
2: -76296 1989 -33 187
3: 76296 -6171 9 187
1: 76296 98373 -3 187
4: -76296 -99099 3 187
2: -76296 240669 2 187
3: 77163 -16335 2 187
2: -77452 5 -14036 187
4: -77452 -18755 6 187
2: -77741 281809 2 187
2: -77924 241 -289 187
1: 78608 10285 -9 187
1: 78897 3 -23232 187
1: 79134 243 -289 187
2: -80223 3 -23392 187
4: -80223 -231 306 187
2: -80223 391017 2 187
1: 80342 1 -69696 187
2: -80342 1 -70180 187
4: -80342 -10285 9 187
4: -80707 -8959 10 187
2: -81158 454597 2 187
2: -81532 25 -2805 187
4: -81532 -847 85 187
3: 81787 -1 69696 187
4: -81787 -1 70180 187
3: 82654 -881 77 187
2: -82654 887 -77 187
1: 82654 2057 -36 187
2: -82654 2057 -32 187
2: -82764 623373 2 187
3: 83232 -3 23232 187
2: -83369 721633 2 187
2: -83436 734349 2 187
4: -84216 -27 2601 187
1: 84337 3179 -24 187
2: -84337 3179 -20 187
4: -84677 -5 14036 187
3: 85833 -363 190 187
1: 86394 3 -23239 187
4: -86394 -2601 29 187
1: 87142 34969 -4 187
3: 87567 -9 7744 187
4: -87703 -34969 4 187
2: -88572 2601 -25 187
1: 89012 17 -4103 187
2: -89012 17 -4125 187
1: 89012 73 -957 187
2: -89012 605 -114 187
4: -89012 -23111 5 187
3: 90508 -3179 20 187
4: -90508 -3179 24 187
2: -90882 15 -4675 187
4: -91409 -804287 2 187
4: -91476 -791571 2 187
4: -92081 -693311 2 187
3: 92191 -2057 32 187
4: -92191 -2057 36 187
2: -92769 2937 -22 187
2: -93058 1529 -44 187
4: -93687 -524535 2 187
1: 94622 11 -6341 187
2: -94622 11 -6375 187
4: -94622 -35 2006 187
4: -94622 -22253 5 187
4: -94622 -460955 2 187
3: 95931 -93 748 187
2: -96526 847 -81 187
3: 96558 -2601 25 187
4: -97104 -351747 2 187
4: -98549 -310607 2 187
1: 98736 1053 -68 187
4: -98736 -1059 68 187
1: 98736 304317 -2 187
4: -98736 -306051 2 187
2: -100232 5 -14025 187
3: 100793 -25 2788 187
1: 100793 1445 -50 187
1: 101519 251141 -2 187
3: 101728 -35 1991 187
1: 101728 605 -117 187
1: 101728 1085 -66 187
4: -101728 -1091 66 187
3: 101728 -18755 2 187
4: -102017 -29 2420 187
2: -102102 3 -23375 187
2: -102306 891 -77 187
2: -103598 1331 -51 187
1: 103972 1 -69751 187
2: -103972 1 -70125 187
4: -104618 -213323 2 187
1: 104907 3 -23252 187
2: -104907 9 -7790 187
4: -104907 -45 1560 187
3: 104907 -51 1366 187
4: -104907 -99 710 187
4: -104907 -153 460 187
2: -104907 225 -310 187
2: -104907 495 -140 187
1: 104907 561 -126 187
2: -104907 765 -90 187
1: 104907 1119 -64 187
4: -104907 -1125 64 187
2: -104907 1683 -40 187
4: -104907 -2475 30 187
4: -104907 -3825 20 187
4: -104907 -8415 10 187
3: 104907 -12309 4 187
2: -104907 12375 -4 187
3: 104907 -19023 2 187
2: -104907 19125 -2 187
1: 104907 209253 -2 187
4: -104907 -210375 2 187
2: -105094 2023 -33 187
3: 105774 -693 99 187
3: 105842 -1 69751 187
4: -105842 -1 70125 187
1: 106964 289 -243 187
2: -106964 289 -241 187
2: -106964 341 -204 187
3: 107508 -10527 5 187
4: -107712 -3 23375 187
3: 107797 -1529 44 187
2: -108086 1037 -66 187
1: 108664 3421 -22 187
1: 109208 174845 -2 187
4: -109582 -5 14025 187
1: 111843 1815 -40 187
3: 114444 -3 23254 187
3: 114444 -111 627 187
1: 114444 3993 -19 187
1: 114444 147741 -2 187
4: -114444 -148467 2 187
3: 115192 -11 6341 187
4: -115192 -11 6375 187
2: -115192 1445 -47 187
4: -115797 -143055 2 187
1: 116281 6647 -12 187
1: 116756 193 -363 187
4: -116886 -81 867 187
3: 117436 -2023 33 187
4: -117623 -1649 44 187
4: -118932 -15 4675 187
4: -120274 -6647 12 187
3: 120802 -17 4103 187
4: -120802 -17 4125 187
2: -120802 629 -110 187
4: -120802 -4235 18 187
3: 120802 -155969 -1 187
2: -120802 156695 1 187
1: 121091 125477 -2 187
3: 121363 -289 240 187
4: -121363 -289 244 187
3: 121363 -407 170 187
3: 122672 -1331 51 187
2: -123981 3 -23364 187
3: 126004 -847 81 187
4: -126582 -1815 40 187
4: -128282 -25 2805 187
2: -128316 1089 -63 187
2: -129591 9537 -6 187
4: -130339 -1331 54 187
4: -131274 -104907 2 187
1: 131648 1405 -51 187
3: 131784 -891 77 187
4: -132011 -103751 2 187
2: -132132 3825 -17 187
1: 133342 41327 -3 187
1: 133518 3 -23265 187
1: 133518 255 -275 187
4: -133518 -459 154 187
3: 133518 -6171 10 187
1: 133518 9075 -9 187
4: -134068 -41327 3 187
4: -135762 -33 2125 187
1: 135762 693 -102 187
1: 139876 1 -69799 187
2: -139876 1 -70077 187
3: 139876 -11 6344 187
4: -139876 -11 6372 187
1: 139876 17 -4107 187
2: -139876 17 -4121 187
3: 139876 -187 372 187
4: -139876 -187 376 187
1: 139876 1493 -48 187
4: -139876 -1499 48 187
3: 139876 -16423 3 187
2: -139876 16489 -3 187
1: 139876 25381 -4 187
4: -139876 -25483 4 187
3: 139876 -279191 -1 187
2: -139876 280313 1 187
3: 140118 -3825 17 187
3: 141032 -571 121 187
1: 142188 18513 -5 187
2: -143004 314721 1 187
3: 143106 -314721 -1 187
4: -143922 -585 121 187
4: -143922 -18513 5 187
3: 144211 -287 242 187
4: -145656 -291 242 187
4: -148104 -3 23358 187
4: -148104 -867 82 187
1: 150161 229 -306 187
2: -150282 4335 -15 187
1: 152218 275 -255 187
2: -152218 22253 -2 187
3: 152218 -469625 -1 187
2: -152218 471359 1 187
4: -152592 -51 1375 187
1: 152592 1629 -44 187
4: -152592 -1635 44 187
1: 152702 4403 -17 187
2: -154242 524535 1 187
3: 154308 -524535 -1 187
4: -155193 -80223 2 187
4: -156332 -55 1275 187
4: -156332 -79475 2 187
2: -157794 3 -23353 187
3: 157794 -1089 63 187
3: 158268 -4335 15 187
1: 160446 3 -23273 187
1: 160684 1 -69817 187
2: -160684 1 -70059 187
4: -160688 -4403 17 187
3: 163574 -1 69817 187
4: -163574 -1 70059 187
4: -165308 -23 3047 187
1: 165308 2057 -35 187
4: -166464 -3 23353 187
4: -166617 -73695 2 187
3: 168487 -121 576 187
4: -168487 -121 580 187
1: 168674 3179 -23 187
2: -168674 3179 -21 187
4: -171666 -363 194 187
1: 174284 34969 -3 187
2: -174284 34969 -1 187
4: -175032 -75 935 187
3: 175406 -34969 1 187
4: -175406 -34969 3 187
1: 178959 147 -476 187
2: -178959 7803 -8 187
3: 181016 -3179 21 187
4: -181016 -3179 23 187
2: -181203 363 -192 187
4: -184382 -85 825 187
4: -184382 -2057 35 187
3: 184382 -3043 22 187
4: -185827 -145 484 187
3: 187187 -1999 34 187
2: -187187 2005 -34 187
1: 189244 517 -136 187
1: 191318 3025 -24 187
1: 193358 413 -170 187
3: 193358 -10115 6 187
1: 193358 17051 -5 187
2: -193919 527 -132 187
4: -193919 -63767 2 187
1: 195382 664411 -1 187
4: -195448 -664411 1 187
3: 197098 -421 165 187
1: 197472 2109 -34 187
4: -197472 -2115 34 187
1: 197472 609501 -1 187
4: -197472 -611235 1 187
4: -200277 -3315 22 187
4: -201586 -1397 51 187
1: 203456 2173 -33 187
4: -203456 -2179 33 187
4: -206057 -3025 24 187
1: 206584 454597 -1 187
4: -206686 -454597 1 187
2: -209814 3 -23343 187
2: -209814 21 -3334 187
3: 209814 -27 2586 187
4: -209814 -51 1374 187
4: -209814 -231 304 187
1: 209814 297 -236 187
4: -209814 -321 219 187
4: -209814 -357 197 187
2: -209814 561 -124 187
1: 209814 2241 -32 187
4: -209814 -2247 32 187
2: -209814 3531 -19 187
3: 209814 -5049 13 187
2: -209814 5457 -12 187
3: 209814 -24651 2 187
2: -209814 24717 -2 187
3: 209814 -38097 1 187
2: -209814 38199 -1 187
4: -209814 -60027 2 187
1: 209814 419067 -1 187
4: -209814 -420189 1 187
3: 211871 -341 204 187
1: 212993 5 -13970 187
3: 213686 -241 289 187
2: -213928 29 -2414 187
4: -214896 -243 289 187
2: -216172 10285 -6 187
4: -221782 -125 561 187
2: -222156 2013 -34 187
4: -222156 -11271 7 187
3: 224697 -25143 2 187
2: -228327 867 -80 187
4: -228888 -3 23342 187
1: 228888 295845 -1 187
4: -228888 -296571 1 187
4: -232067 -355 198 187
1: 232441 2101 -34 187
2: -232441 5491 -12 187
1: 237558 30855 -3 187
4: -239292 -30855 3 187
1: 242484 54621 -2 187
3: 242726 -289 241 187
4: -242726 -289 243 187
2: -243848 373 -187 187
3: 244783 -11 6350 187
4: -244783 -11 6366 187
1: 244783 17 -4110 187
2: -244783 17 -4118 187
3: 244783 -935 74 187
3: 244783 -2615 26 187
2: -244783 2621 -26 187
1: 245718 375 -187 187
1: 247962 3 -23287 187
4: -247962 -1089 65 187
4: -252008 -53603 2 187
2: -253132 7225 -9 187
1: 257499 6171 -12 187
2: -258366 2079 -33 187
4: -259182 -165 425 187
1: 259182 9537 -8 187
3: 261118 -7225 9 187
1: 263296 8381 -9 187
4: -265353 -9537 8 187
4: -267036 -6171 12 187
1: 273394 2159 -33 187
1: 275638 5 -13974 187
2: -275638 3757 -18 187
4: -276573 -1071 66 187
4: -276573 -51183 2 187
2: -279752 5 -14001 187
3: 279752 -11 6351 187
4: -279752 -11 6365 187
1: 279752 61 -1146 187
1: 279752 77 -908 187
2: -279752 85 -823 187
3: 279752 -187 373 187
4: -279752 -187 375 187
3: 279752 -427 163 187
3: 279752 -539 129 187
1: 279752 1309 -54 187
1: 279752 2989 -24 187
4: -279752 -2995 24 187
2: -279752 6589 -10 187
3: 279752 -7259 9 187
3: 279752 -9163 7 187
1: 279752 50813 -2 187
4: -279752 -50915 2 187
2: -282931 26741 -2 187
1: 285923 1 -69870 187
2: -285923 1 -70006 187
1: 287266 2299 -31 187
3: 287844 -2079 33 187
2: -289289 3097 -22 187
1: 292468 425 -165 187
4: -294151 -517 136 187
1: 295358 15851 -5 187
2: -295647 633 -110 187
3: 296208 -3 23290 187
3: 296208 -867 80 187
3: 298826 -527 132 187
1: 305184 3261 -22 187
4: -314721 -3 23334 187
1: 314721 33 -2118 187
2: -314721 51 -1372 187
3: 314721 -561 124 187
1: 314721 627 -112 187
3: 314721 -10659 6 187
4: -316744 -2299 31 187
2: -319056 2541 -27 187
1: 321079 799 -88 187
2: -325006 49 -1428 187
3: 327063 -15 4658 187
1: 327063 47685 -2 187
2: -327624 6069 -11 187
2: -329868 3993 -17 187
3: 336974 -121 577 187
4: -336974 -121 579 187
3: 339966 -6069 11 187
4: -343332 -255 275 187
3: 343332 -363 192 187
2: -343332 12705 -5 187
3: 346511 -847 82 187
3: 348534 -2541 27 187
3: 348942 -3993 17 187
2: -349979 10769 -6 187
1: 350438 4235 -17 187
1: 352836 19941 -4 187
1: 356048 605 -116 187
4: -356829 -19941 4 187
1: 359414 6647 -11 187
4: -362032 -275 255 187
1: 362406 363 -193 187
2: -364718 47311 -1 187
3: 366452 -47311 1 187
4: -369512 -4235 17 187
4: -371756 -6647 11 187
1: 371943 159 -440 187
3: 374374 -4001 17 187
2: -374374 4007 -17 187
1: 376552 10693 -7 187
2: -382602 819 -85 187
4: -384538 -10693 7 187
4: -384659 -1969 36 187
1: 384659 45221 -2 187
4: -384659 -45287 2 187
1: 394944 4221 -17 187
4: -394944 -4227 17 187
3: 394944 -28611 2 187
4: -399542 -44795 2 187
1: 400752 123981 -1 187
4: -401478 -123981 1 187
2: -403172 1445 -48 187
4: -406912 -67 1045 187
1: 410091 9 -7766 187
2: -414426 3267 -21 187
3: 419628 -15 4659 187
3: 419628 -51 1370 187
2: -419628 153 -457 187
1: 419628 165 -424 187
3: 419628 -195 358 187
1: 419628 345 -203 187
1: 419628 561 -125 187
3: 419628 -663 105 187
1: 419628 1173 -60 187
4: -419628 -1683 42 187
3: 419628 -3795 18 187
1: 419628 4485 -16 187
4: -419628 -4491 16 187
1: 419628 7293 -10 187
3: 419628 -12903 5 187
1: 419628 15249 -5 187
3: 419628 -49335 1 187
2: -419628 49401 -1 187
2: -425799 1023 -68 187
4: -425986 -799 88 187
2: -434027 15895 -4 187
3: 435523 -2299 30 187
3: 440198 -15895 4 187
4: -441014 -193 363 187
1: 441881 1 -69894 187
2: -441881 1 -69982 187
3: 443904 -3267 21 187
3: 453662 -373 187 187
2: -454597 55 -1272 187
4: -454597 -595 118 187
1: 454597 731 -96 187
3: 454597 -1921 36 187
4: -454597 -2363 30 187
3: 454597 -4859 14 187
2: -454597 4865 -14 187
4: -455532 -375 187 187
1: 456654 867 -81 187
3: 457776 -3 23298 187
2: -457776 8349 -8 187
1: 457776 43197 -2 187
2: -458832 13005 -5 187
3: 466818 -13005 5 187
2: -468996 21 -3332 187
2: -470492 53 -1320 187
4: -470492 -95 737 187
4: -471053 -71 986 187
3: 471053 -1445 48 187
4: -473671 -4477 16 187
1: 478006 3751 -19 187
2: -484942 29645 -2 187
3: 489566 -11 6354 187
4: -489566 -11 6362 187
1: 489566 17 -4112 187
2: -489566 17 -4116 187
2: -489566 31 -2257 187
2: -489566 143 -489 187
4: -489566 -221 317 187
4: -489566 -403 174 187
4: -489566 -1859 38 187
2: -489566 2873 -24 187
3: 489566 -5233 13 187
2: -489566 5239 -13 187
4: -495924 -10527 7 187
3: 501908 -2035 34 187
4: -502282 -425 165 187
3: 502282 -11011 6 187
4: -507484 -3751 19 187
4: -512193 -2079 34 187
4: -518177 -605 116 187
2: -518364 9537 -7 187
1: 523974 104907 -1 187
4: -525096 -104907 1 187
3: 530706 -1023 68 187
3: 530706 -9537 7 187
2: -540991 7 -9996 187
1: 559504 5981 -12 187
4: -559504 -5987 12 187
1: 559504 101677 -1 187
4: -559504 -101779 1 187
2: -561561 3 -23324 187
4: -569789 -41327 2 187
1: 571846 1 -69904 187
2: -571846 1 -69972 187
2: -575399 5687 -12 187
3: 578578 -6185 11 187
2: -578578 6191 -11 187
3: 582131 -1 69904 187
4: -582131 -1 69972 187
1: 588693 9075 -8 187
4: -592416 -3 23324 187
4: -592416 -867 81 187
3: 594473 -697 100 187
4: -597652 -1279 55 187
4: -603432 -9075 8 187
1: 610368 6525 -11 187
4: -610368 -6531 11 187
4: -612986 -7 9996 187
3: 629442 -3 23302 187
2: -629442 33 -2120 187
1: 629442 51 -1371 187
4: -629442 -561 125 187
4: -629442 -14817 5 187
3: 658053 -30855 2 187
1: 659787 40293 -2 187
3: 664411 -17 4112 187
4: -664411 -17 4116 187
1: 666468 825 -85 187
2: -670582 1025 -68 187
3: 670582 -30923 2 187
2: -671636 577 -121 187
1: 674526 579 -121 187
4: -684981 -21 3332 187
4: -686664 -363 193 187
2: -686664 1581 -44 187
4: -691152 -14739 5 187
2: -705738 1089 -64 187
2: -708917 3145 -22 187
1: 714408 92565 -1 187
4: -716142 -92565 1 187
2: -724812 705 -99 187
1: 724812 3213 -22 187
2: -726121 4913 -14 187
1: 734349 3 -23304 187
4: -734349 -81 864 187
2: -744634 257 -272 187
2: -767382 21675 -3 187
3: 769318 -275 254 187
3: 769318 -517 135 187
1: 769318 935 -75 187
1: 769318 90475 -1 187
4: -769318 -90541 1 187
2: -772497 15 -4664 187
3: 775368 -21675 3 187
1: 782034 18513 -4 187
3: 791571 -1581 44 187
4: -791571 -18513 4 187
1: 804287 11 -6356 187
2: -804287 11 -6360 187
2: -804576 6237 -11 187
2: -807466 163 -429 187
4: -828971 -49 1428 187
4: -832898 -39083 2 187
3: 834054 -6237 11 187
1: 836077 7 -9988 187
1: 836366 6479 -11 187
4: -839256 -51 1372 187
3: 839256 -99 706 187
4: -839256 -123 569 187
4: -839256 -3723 19 187
1: 839256 8973 -8 187
4: -839256 -8979 8 187
4: -845427 -39015 2 187
2: -851972 5 -13992 187
1: 864688 10285 -7 187
4: -865844 -6479 11 187
2: -867867 3 -23320 187
3: 867867 -1089 64 187
4: -876282 -825 85 187
1: 883762 1 -69916 187
2: -883762 1 -69960 187
4: -883762 -10285 7 187
3: 899657 -1 69916 187
4: -899657 -1 69960 187
3: 909194 -9721 7 187
2: -909194 9727 -7 187
2: -912373 227 -308 187
4: -915552 -3 23320 187
4: -931447 -5 13992 187
4: -944163 -39 1794 187
3: 944163 -255 274 187
4: -944163 -3927 18 187
2: -944163 8547 -8 187
3: 947342 -7 9988 187
2: -956879 353 -198 187
3: 979132 -11 6356 187
4: -979132 -11 6360 187
1: 979132 17 -4113 187
2: -979132 17 -4115 187
3: 979132 -319 219 187
1: 979132 493 -142 187
4: -979132 -935 75 187
2: -979132 4609 -15 187
4: -979132 -7123 10 187
2: -986646 7623 -9 187
3: 995894 -577 121 187
4: -998784 -579 121 187
