Command line:- ../do_t 4693 1000000
2: -13 2527 -985530 4693
2: -13 2945 356668 4693
2: -26 3211 507566 4693
1: 52 3211 -274360 4693
2: -52 3211 246924 4693
1: 57 1911 891670 4693
1: 57 3549 -411540 4693
1: 78 3249 -201799 4693
2: -78 4161 445835 4693
2: -78 9633 994555 4693
1: 91 6859 -719758 4693
2: -91 6859 706914 4693
2: -93 16245 976144 4693
1: 104 1843 535002 4693
1: 104 1859 521284 4693
1: 104 3211 -144039 4693
2: -104 3211 116603 4693
1: 104 3971 -319124 4693
1: 104 6859 -630591 4693
2: -104 6859 617747 4693
2: -108 2535 -130321 4693
1: 113 427063 -968202 4693
3: 114 -123201 -987696 4693
4: -114 -127257 987696 4693
2: -114 390963 958906 4693
1: 117 5415 -459914 4693
1: 117 102885 -915876 4693
4: -117 -183027 955928 4693
3: 117 -384465 -947986 4693
4: -117 -397461 947986 4693
2: -118 8645 624169 4693
2: -118 147649 915135 4693
2: -118 445835 927238 4693
2: -119 37183 854126 4693
2: -123 20577 770640 4693
2: -123 707655 891670 4693
1: 126 11913 -671099 4693
2: -126 239343 863512 4693
3: 127 -97565 -891670 4693
3: 129 -239343 -863512 4693
2: -129 780273 850516 4693
3: 132 -16245 -976144 4693
1: 132 28899 -754490 4693
1: 133 122863 -809362 4693
2: -133 127595 809362 4693
1: 134 912247 -819312 4693
4: -136 -871093 812383 4693
1: 138 9633 -569297 4693
4: -138 -24453 891670 4693
2: -138 471105 793117 4693
2: -141 267501 772616 4693
4: -143 -41743 823080 4693
3: 143 -179309 -781926 4693
4: -143 -186745 781926 4693
4: -143 -651605 773474 4693
3: 144 -267501 -772616 4693
4: -147 -549081 753046 4693
3: 148 -574769 -747631 4693
3: 152 -122525 -740772 4693
4: -152 -127933 740772 4693
3: 152 -651605 -727545 4693
2: -156 4563 260642 4693
2: -156 9747 497458 4693
3: 156 -20121 -802503 4693
4: -156 -21033 802503 4693
1: 156 183027 -695286 4693
1: 156 390963 -700934 4693
3: 162 -20577 -770640 4693
1: 162 66417 -651605 4693
3: 166 -404681 -667888 4693
4: -167 -624169 662454 4693
1: 168 4563 -260642 4693
2: -168 390963 650650 4693
2: -168 487227 651605 4693
1: 169 1729 384104 4693
1: 169 1963 260642 4693
1: 169 2527 57038 4693
1: 169 2869 -27436 4693
1: 169 4693 -270028 4693
2: -169 4693 251256 4693
1: 169 6859 -390526 4693
2: -169 6859 377682 4693
3: 169 -6859 -912684 4693
4: -169 -6859 925528 4693
1: 169 13741 -521284 4693
3: 169 -13741 -781926 4693
2: -169 14417 521284 4693
4: -169 -14417 781926 4693
1: 169 20083 -562438 4693
3: 169 -20083 -740772 4693
2: -169 21071 562438 4693
4: -169 -21071 740772 4693
1: 169 32851 -597094 4693
3: 169 -32851 -706116 4693
1: 169 37297 -603592 4693
3: 169 -37297 -699618 4693
1: 169 48013 -614308 4693
3: 169 -48013 -688902 4693
1: 169 54511 -618754 4693
3: 169 -54511 -684456 4693
1: 169 89167 -631522 4693
2: -169 89167 630534 4693
3: 169 -89167 -671688 4693
4: -169 -89167 672676 4693
1: 169 130321 -637864 4693
2: -169 130321 637188 4693
3: 169 -130321 -665346 4693
4: -169 -130321 666022 4693
1: 169 261079 -644746 4693
3: 169 -261079 -658464 4693
2: -169 273923 644746 4693
4: -169 -273923 658464 4693
1: 169 381577 -646912 4693
3: 169 -381577 -656298 4693
2: -169 400349 646912 4693
4: -169 -400349 656298 4693
1: 169 624169 -648736 4693
3: 169 -624169 -654474 4693
1: 169 708643 -649078 4693
3: 169 -708643 -654132 4693
1: 169 912247 -649642 4693
3: 169 -912247 -653568 4693
3: 171 -122187 -658464 4693
4: -171 -128271 658464 4693
3: 174 -11661 -781926 4693
3: 174 -323817 -638248 4693
3: 176 -48013 -661466 4693
1: 182 1805 314431 4693
1: 182 6859 -363090 4693
2: -182 6859 350246 4693
2: -182 35321 555579 4693
3: 182 -35659 -651605 4693
1: 182 305045 -599621 4693
4: -182 -324311 610451 4693
1: 182 380855 -600704 4693
2: -182 401071 600704 4693
2: -187 25181 521284 4693
4: -187 -699257 591318 4693
2: -188 12103 445835 4693
2: -188 912247 583895 4693
1: 192 40755 -535002 4693
1: 192 183027 -564965 4693
1: 192 390963 -569530 4693
4: -193 -35321 617310 4693
4: -194 -73853 589874 4693
1: 197 116603 -545870 4693
4: -198 -183027 564965 4693
4: -204 -11913 671099 4693
3: 204 -159201 -549081 4693
2: -204 325299 535002 4693
4: -208 -4237 891670 4693
1: 208 177619 -521284 4693
2: -208 188435 521284 4693
1: 208 379411 -525616 4693
2: -208 402515 525616 4693
1: 213 802503 -515242 4693
3: 214 -209729 -521284 4693
4: -217 -106639 521284 4693
2: -218 34295 462384 4693
3: 221 -61009 -520562 4693
4: -221 -61009 522006 4693
4: -224 -638989 493848 4693
3: 228 -9321 -624169 4693
4: -228 -9945 624169 4693
3: 228 -121173 -493848 4693
4: -228 -129285 493848 4693
1: 228 390963 -479622 4693
3: 232 -8645 -624169 4693
3: 234 -9633 -603592 4693
3: 234 -19893 -535002 4693
4: -234 -21261 535002 4693
3: 234 -183027 -477603 4693
3: 234 -377967 -473993 4693
4: -234 -403959 473993 4693
1: 246 20577 -388531 4693
1: 247 845 987696 4693
1: 247 1859 205770 4693
1: 247 9295 -315514 4693
3: 247 -9295 -576156 4693
2: -247 9971 315514 4693
4: -247 -9971 576156 4693
1: 247 130321 -436540 4693
2: -247 130321 435864 4693
3: 247 -130321 -455130 4693
4: -247 -130321 455806 4693
1: 247 651605 -443976 4693
3: 247 -651605 -447694 4693
4: -248 -720005 445835 4693
4: -252 -9633 569297 4693
3: 252 -134121 -445835 4693
4: -254 -198911 439907 4693
3: 257 -34295 -462384 4693
4: -258 -48165 452694 4693
3: 259 -11999 -521284 4693
4: -261 -637887 423852 4693
2: -262 54587 397822 4693
3: 266 -9269 -535002 4693
4: -266 -9997 535002 4693
1: 266 120497 -404681 4693
2: -266 129961 404681 4693
2: -268 16055 336091 4693
4: -273 -144495 411540 4693
1: 273 390963 -400582 4693
2: -279 8619 260642 4693
2: -279 30381 356668 4693
1: 282 267501 -386555 4693
2: -284 311467 384104 4693
4: -286 -8281 521284 4693
4: -286 -8303 520923 4693
4: -286 -48013 408538 4693
3: 286 -175591 -390963 4693
4: -286 -190463 390963 4693
4: -288 -267501 386555 4693
4: -292 -79937 390963 4693
1: 299 6137 -206492 4693
3: 302 -12103 -445835 4693
3: 302 -694925 -366054 4693
1: 302 883025 -363527 4693
3: 304 -119821 -370386 4693
4: -304 -130637 370386 4693
2: -307 518453 356668 4693
4: -311 -87001 366054 4693
2: -312 1083 -605397 4693
4: -312 -1653 980837 4693
2: -312 390963 350298 4693
4: -312 -596733 354692 4693
4: -313 -213655 356668 4693
2: -314 1183 -521284 4693
4: -318 -22815 390963 4693
1: 322 305045 -338979 4693
1: 323 1313 356668 4693
4: -324 -20577 388531 4693
4: -328 -305045 338979 4693
3: 336 -30381 -356668 4693
1: 336 390963 -325494 4693
1: 338 1031 521284 4693
2: -338 1135 -521284 4693
2: -338 1235 -452694 4693
2: -338 1805 -206853 4693
4: -338 -1805 858458 4693
4: -338 -2951 651605 4693
2: -338 4313 102885 4693
4: -338 -4313 548720 4693
1: 338 4693 -139707 4693
2: -338 4693 120935 4693
3: 338 -4693 -511898 4693
4: -338 -4693 530670 4693
1: 338 6859 -198474 4693
2: -338 6859 185630 4693
3: 338 -6859 -453131 4693
4: -338 -6859 465975 4693
1: 338 13403 -260642 4693
3: 338 -13403 -390963 4693
2: -338 14755 260642 4693
4: -338 -14755 390963 4693
1: 338 19589 -281219 4693
3: 338 -19589 -370386 4693
2: -338 21565 281219 4693
4: -338 -21565 370386 4693
2: -338 23465 284829 4693
4: -338 -23465 366776 4693
2: -338 34295 297768 4693
4: -338 -34295 353837 4693
2: -338 56069 308655 4693
4: -338 -56069 342950 4693
2: -338 81947 314070 4693
4: -338 -81947 337535 4693
1: 338 89167 -316008 4693
2: -338 89167 315020 4693
3: 338 -89167 -335597 4693
4: -338 -89167 336585 4693
1: 338 130321 -319101 4693
2: -338 130321 318425 4693
3: 338 -130321 -332504 4693
4: -338 -130321 333180 4693
1: 338 254657 -322373 4693
3: 338 -254657 -329232 4693
2: -338 280345 322373 4693
4: -338 -280345 329232 4693
1: 338 372191 -323456 4693
3: 338 -372191 -328149 4693
2: -338 409735 323456 4693
4: -338 -409735 328149 4693
2: -338 445835 323646 4693
4: -338 -445835 327959 4693
2: -338 651605 324327 4693
4: -338 -651605 327278 4693
4: -342 -1443 980837 4693
4: -342 -3549 589874 4693
3: 342 -119145 -329232 4693
4: -342 -131313 329232 4693
3: 351 -19551 -356668 4693
4: -351 -21603 356668 4693
4: -351 -390963 316108 4693
3: 351 -472017 -315514 4693
1: 358 20501 -267501 4693
4: -358 -863759 308655 4693
1: 361 6253 -174724 4693
3: 361 -6253 -435366 4693
2: -361 6929 174724 4693
4: -361 -6929 435366 4693
1: 361 130321 -298792 4693
2: -361 130321 298116 4693
3: 361 -130321 -311298 4693
4: -361 -130321 311974 4693
3: 362 -964231 -305045 4693
1: 364 6859 -184756 4693
2: -364 6859 171912 4693
2: -364 411179 300352 4693
1: 368 1859 130321 4693
2: -377 27547 260642 4693
1: 377 74005 -281580 4693
3: 377 -80275 -301796 4693
3: 382 -16055 -336091 4693
2: -384 390963 284596 4693
3: 389 -150917 -288078 4693
2: -398 22477 240065 4693
2: -399 4563 96026 4693
3: 399 -9087 -356668 4693
4: -399 -10179 356668 4693
1: 399 390963 -274118 4693
2: -402 61347 260642 4693
1: 403 61009 -261364 4693
2: -403 61009 259920 4693
4: -403 -735319 274360 4693
1: 404 142519 -267501 4693
2: -408 61731 256880 4693
3: 412 -651605 -268372 4693
3: 414 -467571 -267501 4693
4: -416 -6253 390963 4693
4: -416 -13357 323817 4693
1: 416 172211 -260642 4693
2: -416 193843 260642 4693
1: 416 367859 -262808 4693
2: -416 414067 262808 4693
4: -417 -1521 781926 4693
1: 418 2873 -20577 4693
4: -418 -651605 264654 4693
2: -419 360139 260642 4693
4: -426 -360477 260642 4693
1: 429 28899 -233206 4693
3: 429 -171873 -260642 4693
4: -429 -194181 260642 4693
1: 433 65341 -244036 4693
1: 437 9035 -178334 4693
2: -437 10231 178334 4693
1: 442 12635 -197106 4693
3: 442 -61009 -259920 4693
4: -442 -61009 261364 4693
3: 442 -73283 -258115 4693
1: 442 994555 -248482 4693
4: -443 -61685 260642 4693
3: 447 -61731 -256880 4693
1: 456 819 535002 4693
3: 456 -117117 -246924 4693
4: -456 -133341 246924 4693
2: -456 390963 239642 4693
2: -457 93119 233206 4693
3: 461 -130321 -243698 4693
4: -461 -130321 244374 4693
2: -468 627 -891670 4693
4: -468 -7581 328510 4693
4: -468 -9633 308655 4693
3: 468 -19209 -267501 4693
4: -468 -21945 267501 4693
4: -468 -27885 260642 4693
2: -468 226347 232180 4693
2: -468 337155 233206 4693
4: -472 -20501 267501 4693
4: -472 -65341 244036 4693
1: 472 445835 -231933 4693
4: -478 -445835 231933 4693
2: -481 1691 -178334 4693
1: 494 8957 -157757 4693
3: 494 -8957 -288078 4693
2: -494 10309 157757 4693
4: -494 -10309 288078 4693
1: 494 130321 -218439 4693
2: -494 130321 217763 4693
3: 494 -130321 -227396 4693
4: -494 -130321 228072 4693
1: 507 741 548720 4693
3: 507 -1005 -781926 4693
1: 507 1083 306850 4693
4: -507 -1161 781926 4693
3: 507 -3705 -370386 4693
1: 507 3819 -68590 4693
3: 507 -5415 -322012 4693
4: -507 -6669 315514 4693
4: -507 -9747 284468 4693
3: 507 -13065 -260642 4693
1: 507 14079 -176890 4693
4: -507 -15093 260642 4693
3: 507 -19095 -246924 4693
1: 507 20577 -189620 4693
4: -507 -22059 246924 4693
1: 507 49647 -205770 4693
1: 507 72561 -209380 4693
3: 507 -102885 -222718 4693
4: -507 -126711 222376 4693
4: -507 -185193 220742 4693
3: 507 -248235 -219488 4693
1: 507 267501 -215080 4693
4: -507 -286767 219488 4693
3: 507 -362805 -218766 4693
1: 507 390963 -215750 4693
4: -507 -419121 218766 4693
1: 507 943293 -216600 4693
3: 512 -22477 -240065 4693
2: -513 2535 -41154 4693
3: 513 -116103 -219488 4693
4: -513 -134355 219488 4693
4: -513 -390963 216320 4693
1: 522 105963 -205770 4693
3: 532 -8905 -267501 4693
4: -532 -10361 267501 4693
2: -533 22135 178334 4693
3: 533 -41743 -219488 4693
4: -533 -305045 208658 4693
2: -533 748163 205770 4693
3: 546 -185193 -204516 4693
2: -546 390963 200122 4693
2: -551 7943 123462 4693
4: -566 -8957 260642 4693
1: 566 43681 -183027 4693
3: 572 -845 -781926 4693
3: 572 -651605 -193284 4693
4: -589 -1859 493848 4693
4: -589 -12337 233206 4693
2: -598 893 -445835 4693
2: -598 305045 182305 4693
2: -602 121771 178334 4693
4: -608 -845 836798 4693
4: -608 -2093 445835 4693
3: 608 -114413 -185193 4693
4: -608 -136045 185193 4693
4: -611 -3971 319124 4693
2: -611 35321 164616 4693
2: -624 28899 157757 4693
2: -624 61731 167713 4693
1: 624 183027 -174002 4693
1: 624 390963 -175318 4693
3: 627 -4563 -274360 4693
4: -633 -122265 178334 4693
4: -644 -43681 183027 4693
2: -672 390963 162578 4693
1: 676 979 260642 4693
3: 676 -1157 -521284 4693
2: -676 1187 -260642 4693
1: 676 1691 82308 4693
3: 676 -2717 -315514 4693
1: 676 3971 -58482 4693
3: 676 -4693 -251256 4693
4: -676 -4693 270028 4693
1: 676 6859 -102448 4693
2: -676 6859 89604 4693
1: 676 12727 -130321 4693
2: -676 15431 130321 4693
3: 676 -18601 -185193 4693
1: 676 21983 -144039 4693
4: -676 -22553 185193 4693
3: 676 -32129 -175807 4693
3: 676 -75449 -168397 4693
1: 676 89167 -158251 4693
2: -676 89167 157263 4693
3: 676 -130321 -166083 4693
4: -676 -130321 166759 4693
3: 676 -241813 -164616 4693
4: -676 -293189 164616 4693
1: 676 353419 -161728 4693
3: 676 -417677 -163894 4693
2: -676 428507 161728 4693
1: 676 610451 -162222 4693
3: 676 -980837 -163324 4693
3: 677 -4225 -260642 4693
3: 684 -113061 -164616 4693
4: -684 -137397 164616 4693
4: -689 -4901 260642 4693
2: -689 10469 112632 4693
2: -693 102885 154128 4693
2: -696 555579 157339 4693
4: -702 -1083 605397 4693
4: -702 -22629 178334 4693
3: 702 -390963 -157885 4693
1: 717 144495 -150898 4693
1: 722 455 694564 4693
3: 722 -455 -999609 4693
2: -722 559 -694564 4693
4: -722 -559 999609 4693
1: 722 845 303601 4693
3: 722 -845 -608646 4693
1: 722 1183 173280 4693
3: 722 -1183 -478325 4693
1: 722 5915 -87362 4693
3: 722 -5915 -217683 4693
2: -722 7267 87362 4693
4: -722 -7267 217683 4693
1: 722 130321 -149565 4693
2: -722 130321 148889 4693
3: 722 -130321 -155480 4693
4: -722 -130321 156156 4693
1: 722 651605 -151931 4693
3: 722 -651605 -153114 4693
1: 722 912247 -152100 4693
3: 722 -912247 -152945 4693
1: 728 6859 -95589 4693
2: -728 6859 82745 4693
1: 728 350531 -150176 4693
2: -728 431395 150176 4693
3: 732 -102885 -154128 4693
1: 741 507 589874 4693
4: -741 -1521 452694 4693
3: 741 -8619 -192052 4693
4: -741 -10647 192052 4693
1: 741 390963 -147654 4693
4: -754 -1859 390963 4693
2: -758 845 -390963 4693
1: 768 390963 -142467 4693
4: -769 -1183 521284 4693
3: 793 -3211 -246924 4693
4: -793 -3211 274360 4693
4: -798 -2535 308655 4693
3: 798 -8541 -178334 4693
4: -798 -10725 178334 4693
2: -798 390963 136890 4693
3: 806 -2603 -267501 4693
4: -806 -6137 206492 4693
1: 806 61009 -131043 4693
2: -806 61009 129599 4693
3: 832 -845 -521284 4693
3: 832 -1805 -314431 4693
4: -832 -22477 150898 4693
4: -832 -48013 141037 4693
1: 832 161395 -130321 4693
2: -832 204659 130321 4693
1: 832 344755 -131404 4693
2: -832 437171 131404 4693
3: 858 -160719 -130321 4693
4: -858 -205335 130321 4693
3: 871 -6859 -171912 4693
4: -871 -6859 184756 4693
1: 874 1859 41154 4693
1: 874 8437 -89167 4693
2: -874 10829 89167 4693
1: 883 130321 -122356 4693
2: -883 130321 121680 4693
2: -884 1007 -267501 4693
3: 884 -61009 -129599 4693
4: -884 -61009 131043 4693
2: -888 507 -651605 4693
4: -893 -28223 137180 4693
1: 894 261003 -122018 4693
2: -897 9633 82308 4693
4: -897 -226347 124488 4693
3: 897 -433485 -123462 4693
4: -908 -176605 123462 4693
4: -908 -521645 122018 4693
3: 911 -260281 -122018 4693
3: 912 -109005 -123462 4693
4: -912 -141453 123462 4693
1: 912 390963 -119990 4693
3: 922 -130321 -121680 4693
4: -922 -130321 122356 4693
4: -923 -17689 140790 4693
4: -923 -171475 121524 4693
1: 972 915135 -112993 4693
4: -978 -915135 112993 4693
1: 979 99541 -109744 4693
1: 988 1183 116603 4693
4: -988 -2197 274360 4693
3: 988 -8281 -144039 4693
4: -988 -10985 144039 4693
3: 988 -130321 -113529 4693
4: -988 -130321 114205 4693
4: -988 -651605 112008 4693
1: 988 912247 -111163 4693
1: 1006 75449 -105963 4693
2: -1007 13013 82308 4693
2: -1014 399 -768208 4693
2: -1014 741 -363527 4693
3: 1014 -927 -390963 4693
2: -1014 1083 -214434 4693
4: -1014 -1239 390963 4693
3: 1014 -2223 -226347 4693
4: -1014 -2301 260642 4693
3: 1014 -3249 -189164 4693
4: -1014 -3363 212629 4693
2: -1014 5187 41154 4693
2: -1014 7581 62453 4693
3: 1014 -12051 -130321 4693
2: -1014 14079 83752 4693
4: -1014 -16107 130321 4693
3: 1014 -17613 -123462 4693
2: -1014 20577 91599 4693
4: -1014 -23541 123462 4693
3: 1014 -42237 -114798 4693
4: -1014 -43719 116603 4693
3: 1014 -61731 -112841 4693
4: -1014 -63897 114076 4693
2: -1014 98553 105051 4693
2: -1014 144039 106172 4693
3: 1014 -228969 -109744 4693
2: -1014 267501 107293 4693
4: -1014 -306033 109744 4693
3: 1014 -334647 -109383 4693
2: -1014 390963 107706 4693
4: -1014 -447279 109383 4693
4: -1014 -830661 109022 4693
3: 1026 -106977 -109744 4693
4: -1026 -143481 109744 4693
3: 1026 -390963 -107991 4693
4: -1027 -1387 356668 4693
1: 1027 253783 -106210 4693
4: -1036 -99541 109744 4693
4: -1053 -20577 121030 4693
1: 1066 17461 -89167 4693
2: -1066 23693 89167 4693
3: 1083 -429 -666406 4693
1: 1083 507 376162 4693
4: -1083 -585 666406 4693
2: -1083 1521 -115520 4693
3: 1083 -5577 -145122 4693
4: -1083 -7605 145122 4693
1: 1083 390963 -101062 4693
4: -1084 -75449 105963 4693
4: -1092 -3249 201799 4693
1: 1092 390963 -100230 4693
4: -1092 -549081 101441 4693
1: 1121 105287 -96026 4693
2: -1121 145171 96026 4693
4: -1133 -651605 97682 4693
2: -1168 60515 89167 4693
3: 1183 -323 -768208 4693
4: -1183 -715 521284 4693
1: 1183 1007 123462 4693
2: -1183 1805 -76532 4693
4: -1183 -2185 233206 4693
4: -1183 -2717 205770 4693
1: 1183 4199 -41154 4693
1: 1183 6859 -61294 4693
2: -1183 6859 48450 4693
4: -1183 -8303 129960 4693
3: 1183 -13091 -109744 4693
4: -1183 -23465 106134 4693
2: -1183 28405 82308 4693
3: 1183 -89167 -95532 4693
4: -1183 -89167 96520 4693
2: -1183 107939 90250 4693
1: 1183 325261 -92416 4693
4: -1183 -377245 93898 4693
2: -1183 456665 92416 4693
1: 1188 61503 -89167 4693
3: 1196 -10469 -112632 4693
2: -1248 183027 86640 4693
2: -1248 390963 87490 4693
3: 1254 -1131 -267501 4693
2: -1273 912247 86190 4693
4: -1278 -507 651605 4693
3: 1282 -60515 -89167 4693
3: 1287 -183027 -86640 4693
4: -1302 -61503 89167 4693
2: -1304 131651 82308 4693
3: 1313 -318041 -84474 4693
4: -1313 -463885 84474 4693
3: 1323 -761349 -83486 4693
2: -1326 61731 78546 4693
2: -1326 375687 82308 4693
1: 1344 390963 -81458 4693
3: 1352 -325 -651605 4693
1: 1352 475 308655 4693
1: 1352 875 130321 4693
1: 1352 1235 68590 4693
2: -1352 1291 -130321 4693
3: 1352 -1805 -184110 4693
3: 1352 -3325 -137180 4693
3: 1352 -4693 -120935 4693
4: -1352 -4693 139707 4693
1: 1352 6859 -54435 4693
2: -1352 6859 41591 4693
3: 1352 -8645 -102885 4693
1: 1352 12635 -66785 4693
1: 1352 30875 -75449 4693
1: 1352 32851 -75810 4693
3: 1352 -45125 -85557 4693
3: 1352 -48013 -85310 4693
3: 1352 -117325 -83030 4693
1: 1352 171475 -80370 4693
3: 1352 -216125 -82308 4693
1: 1352 315875 -80864 4693
4: -1352 -318877 82308 4693
1: 1352 445835 -81035 4693
2: -1352 466051 80864 4693
3: 1352 -651605 -81735 4693
1: 1352 821275 -81225 4693
3: 1361 -131651 -82308 4693
3: 1368 -100893 -82308 4693
4: -1368 -149565 82308 4693
4: -1378 -112385 82308 4693
2: -1378 240065 78793 4693
3: 1378 -793117 -80142 4693
3: 1387 -221 -891670 4693
3: 1387 -5915 -109744 4693
3: 1404 -16473 -89167 4693
4: -1404 -24681 89167 4693
4: -1408 -845 390963 4693
1: 1417 34295 -72618 4693
1: 1443 507 260642 4693
1: 1444 403 347282 4693
2: -1444 611 -347282 4693
1: 1444 5239 -43681 4693
2: -1444 7943 43681 4693
3: 1444 -130321 -77571 4693
4: -1444 -130321 78247 4693
1: 1456 310099 -75088 4693
2: -1456 471827 75088 4693
3: 1466 -504127 -75449 4693
2: -1469 427063 74366 4693
2: -1482 507 -425258 4693
1: 1482 1521 34295 4693
3: 1482 -7605 -96026 4693
4: -1482 -11661 96026 4693
2: -1482 390963 73658 4693
2: -1508 94943 70395 4693
3: 1521 -741 -288078 4693
3: 1521 -849 -260642 4693
4: -1521 -1317 260642 4693
3: 1521 -14079 -83752 4693
3: 1521 -16131 -82308 4693
4: -1521 -25023 82308 4693
3: 1521 -267501 -72998 4693
3: 1521 -306489 -72922 4693
4: -1521 -475437 72922 4693
3: 1558 -169 -987696 4693
2: -1573 170183 68590 4693
3: 1586 -3211 -116603 4693
4: -1586 -3211 144039 4693
3: 1596 -7449 -89167 4693
4: -1596 -11817 89167 4693
1: 1596 390963 -68614 4693
2: -1599 20577 57304 4693
3: 1612 -536237 -68590 4693
4: -1623 -317889 68590 4693
3: 1638 -9633 -82308 4693
2: -1638 102885 64961 4693
1: 1664 298547 -65702 4693
3: 1672 -845 -233206 4693
3: 1672 -651605 -66079 4693
3: 1677 -48165 -68590 4693
3: 1716 -1197 -178334 4693
3: 1729 -169 -864234 4693
3: 1729 -7267 -82308 4693
4: -1729 -11999 82308 4693
3: 1742 -6859 -82745 4693
4: -1742 -6859 95589 4693
1: 1742 16055 -54872 4693
2: -1742 912247 62972 4693
2: -1756 129599 61009 4693
1: 1766 130321 -61347 4693
2: -1766 130321 60671 4693
1: 1776 131043 -61009 4693
1: 1786 912247 -61516 4693
1: 1794 9633 -48013 4693
3: 1798 -1859 -130321 4693
2: -1798 911525 61009 4693
3: 1807 -157757 -61750 4693
4: -1812 -912969 61009 4693
3: 1824 -92781 -61731 4693
4: -1824 -157677 61731 4693
2: -1824 390963 59826 4693
4: -1833 -37905 65702 4693
3: 1834 -129599 -61009 4693
4: -1843 -715 356668 4693
3: 1844 -130321 -60671 4693
4: -1844 -130321 61347 4693
4: -1854 -131043 61009 4693
3: 1859 -361 -399266 4693
4: -1859 -361 643302 4693
4: -1859 -9139 82308 4693
2: -1859 253783 58406 4693
2: -1898 171475 56810 4693
3: 1957 -651605 -56446 4693
1: 2002 475 178334 4693
2: -2028 279 -651605 4693
4: -2028 -585 390963 4693
1: 2028 1083 46208 4693
2: -2028 2223 -34295 4693
1: 2028 14079 -46569 4693
3: 2028 -14649 -61731 4693
4: -2028 -16245 66424 4693
4: -2028 -26505 61731 4693
2: -2028 61731 51110 4693
2: -2028 100719 52345 4693
3: 2028 -190437 -54872 4693
4: -2028 -211185 55233 4693
4: -2028 -344565 54872 4693
1: 2028 390963 -54022 4693
2: -2028 802503 54055 4693
3: 2052 -273 -445835 4693
3: 2052 -88725 -54872 4693
4: -2052 -161733 54872 4693
4: -2058 -2535 130321 4693
2: -2093 305045 51984 4693
3: 2106 -20577 -57304 4693
1: 2109 507 150898 4693
2: -2118 308655 51376 4693
3: 2132 -169 -651605 4693
2: -2132 323 -535002 4693
3: 2132 -305045 -51984 4693
3: 2157 -308655 -51376 4693
3: 2166 -351 -333203 4693
2: -2166 507 -318402 4693
4: -2166 -663 333203 4693
3: 2166 -4563 -72561 4693
4: -2166 -8619 72561 4693
2: -2166 390963 50362 4693
2: -2184 390963 49946 4693
1: 2197 247 342950 4693
2: -2197 247 -699618 4693
2: -2218 112385 48013 4693
4: -2223 -507 411540 4693
1: 2242 85345 -48013 4693
2: -2242 165113 48013 4693
1: 2262 53067 -46930 4693
4: -2288 -845 260642 4693
1: 2288 15523 -42237 4693
4: -2288 -48013 51870 4693
1: 2327 95 891670 4693
3: 2332 -112385 -48013 4693
2: -2356 559 -267501 4693
1: 2366 6859 -33858 4693
2: -2366 6859 21014 4693
3: 2366 -89167 -47519 4693
4: -2366 -89167 48507 4693
1: 2366 259559 -46208 4693
2: -2366 522367 46208 4693
3: 2432 -845 -144039 4693
1: 2444 912247 -44967 4693
4: -2451 -4563 82308 4693
3: 2456 -706477 -44954 4693
4: -2483 -16055 54872 4693
1: 2496 183027 -43681 4693
1: 2496 390963 -43914 4693
3: 2527 -169 -509010 4693
2: -2548 80275 41154 4693
1: 2561 41743 -41154 4693
2: -2574 31407 37544 4693
4: -2574 -183027 43681 4693
3: 2626 -245119 -42237 4693
4: -2626 -536807 42237 4693
1: 2667 529815 -41154 4693
4: -2678 -651605 41366 4693
2: -2688 390963 40560 4693
1: 2704 107939 -40071 4693
3: 2704 -157757 -41173 4693
3: 2704 -164749 -41154 4693
1: 2704 240787 -40432 4693
4: -2704 -370253 41154 4693
2: -2704 541139 40432 4693
3: 2717 -845 -123462 4693
3: 2717 -651605 -40638 4693
3: 2727 -390963 -40560 4693
3: 2736 -76557 -41154 4693
4: -2736 -173901 41154 4693
1: 2873 361 138624 4693
2: -2873 361 -382660 4693
2: -2873 6175 13718 4693
4: -2873 -110105 39710 4693
4: -2873 -171475 39216 4693
2: -2886 507 -260642 4693
1: 2888 299 173641 4693
2: -2888 715 -173641 4693
4: -2888 -845 217322 4693
2: -2888 1859 -43320 4693
4: -2888 -651605 38363 4693
1: 2912 229235 -37544 4693
2: -2912 552691 37544 4693
1: 2964 507 82308 4693
3: 2964 -5577 -48013 4693
4: -2964 -13689 48013 4693
1: 2964 390963 -36998 4693
1: 2983 1183 13718 4693
1: 3042 195 260642 4693
3: 3042 -615 -130321 4693
4: -3042 -741 233206 4693
4: -3042 -1551 130321 4693
1: 3042 3705 -20577 4693
3: 3042 -11685 -41154 4693
4: -3042 -14079 46569 4693
4: -3042 -29469 41154 4693
1: 3042 30381 -34295 4693
1: 3042 70395 -35378 4693
3: 3042 -222015 -36461 4693
4: -3042 -267501 36746 4693
4: -3042 -559911 36461 4693
1: 3042 577239 -36100 4693
3: 3081 -31407 -37544 4693
1: 3096 226347 -35321 4693
3: 3116 -169 -363527 4693
4: -3116 -169 884811 4693
2: -3128 157339 34295 4693
2: -3149 912247 34814 4693
4: -3174 -226347 35321 4693
2: -3192 390963 34138 4693
1: 3198 20577 -31863 4693
1: 3211 403 96026 4693
3: 3211 -403 -164616 4693
2: -3211 1079 -96026 4693
4: -3211 -1079 164616 4693
1: 3211 130321 -33892 4693
2: -3211 130321 33216 4693
3: 3211 -130321 -34698 4693
4: -3211 -130321 35374 4693
4: -3237 -969 178334 4693
3: 3242 -157339 -34295 4693
4: -3249 -507 309016 4693
3: 3249 -3549 -48374 4693
4: -3276 -9633 48013 4693
4: -3302 -15523 42237 4693
1: 3328 206131 -32851 4693
2: -3328 575795 32851 4693
1: 3382 9295 -27436 4693
2: -3432 28899 27436 4693
3: 3458 -169 -301796 4693
4: -3458 -169 823080 4693
3: 3458 -4901 -41154 4693
4: -3458 -14365 41154 4693
1: 3549 741 27436 4693
4: -3549 -3249 71478 4693
1: 3549 390963 -30918 4693
3: 3572 -12337 -34295 4693
1: 3648 390963 -30082 4693
3: 3718 -361 -138624 4693
4: -3718 -361 382660 4693
1: 3718 1729 -6859 4693
1: 3718 18031 -27436 4693
2: -3718 23465 24187 4693
3: 3718 -48013 -30438 4693
4: -3718 -119491 30685 4693
3: 3718 -500707 -29697 4693
4: -3718 -651605 29814 4693
3: 3731 -169 -260642 4693
4: -3731 -169 781926 4693
2: -3783 549081 28880 4693
3: 3822 -549081 -28880 4693
2: -3848 24187 23465 4693
1: 3887 65 521284 4693
4: -3887 -533 260642 4693
1: 3887 89167 -27930 4693
2: -3887 89167 26942 4693
3: 3939 -172197 -28158 4693
4: -3939 -609729 28158 4693
3: 3952 -845 -68590 4693
2: -3969 394953 27436 4693
1: 3971 2873 -15884 4693
2: -3971 10309 15884 4693
1: 3991 215137 -27436 4693
3: 4026 -394953 -27436 4693
2: -4056 1083 -84113 4693
1: 4056 9747 -23826 4693
3: 4056 -113373 -27436 4693
2: -4056 390963 26842 4693
4: -4056 -421629 27436 4693
3: 4104 -52221 -27436 4693
4: -4104 -198237 27436 4693
4: -4108 -88445 28158 4693
3: 4173 -28899 -27436 4693
2: -4199 2197 -27436 4693
4: -4212 -20577 31863 4693
2: -4218 507 -205770 4693
1: 4332 39 680485 4693
1: 4332 507 28880 4693
4: -4332 -1521 101441 4693
1: 4332 390963 -25350 4693
1: 4368 390963 -25142 4693
1: 4394 247 82308 4693
2: -4394 247 -438976 4693
1: 4394 51623 -24548 4693
1: 4394 173641 -24909 4693
3: 4446 -507 -75449 4693
2: -4493 651605 24336 4693
3: 4532 -651605 -24336 4693
3: 4563 -1083 -46208 4693
3: 4563 -7239 -27436 4693
2: -4563 18411 18050 4693
4: -4563 -33915 27436 4693
4: -4563 -98553 25270 4693
4: -4563 -390963 24420 4693
2: -4563 720195 23978 4693
1: 4693 169 106856 4693
2: -4693 169 -628140 4693
3: 4693 -169 -153786 4693
4: -4693 -169 675070 4693
2: -4693 845 -106856 4693
4: -4693 -845 153786 4693
1: 4693 130321 -23296 4693
2: -4693 130321 22620 4693
3: 4693 -130321 -23634 4693
4: -4693 -130321 24310 4693
2: -4693 651605 23296 4693
4: -4693 -651605 23634 4693
1: 4719 57 356668 4693
1: 4732 6859 -20140 4693
2: -4732 6859 7296 4693
3: 4732 -23465 -24187 4693
1: 4732 128155 -23104 4693
2: -4732 653771 23104 4693
4: -4758 -102885 24206 4693
2: -4788 195 -535002 4693
4: -4849 -212629 23218 4693
3: 4862 -24187 -23465 4693
4: -4901 -51623 24548 4693
1: 4901 220571 -22382 4693
3: 4914 -57 -356668 4693
1: 4978 91 178334 4693
2: -4992 390963 21788 4693
3: 5054 -169 -124184 4693
4: -5054 -169 645468 4693
1: 5174 22477 -20577 4693
3: 5187 -2535 -27436 4693
4: -5187 -16731 27436 4693
1: 5187 390963 -21190 4693
3: 5239 -247 -82308 4693
4: -5239 -247 438976 4693
1: 5338 266513 -20577 4693
3: 5356 -831649 -20577 4693
4: -5358 -117 891670 4693
1: 5376 390963 -20449 4693
4: -5382 -876603 20577 4693
1: 5408 19 679041 4693
2: -5408 1235 -61731 4693
4: -5408 -1805 76532 4693
4: -5408 -7277 34295 4693
3: 5408 -61997 -20577 4693
1: 5408 90611 -20216 4693
4: -5408 -473005 20577 4693
2: -5408 691315 20216 4693
2: -5434 101 -980837 4693
4: -5452 -266513 20577 4693
3: 5453 -169 -96026 4693
4: -5453 -169 617310 4693
4: -5454 -390963 20449 4693
3: 5472 -27885 -20577 4693
4: -5472 -222573 20577 4693
4: -5538 -144495 20577 4693
2: -5668 34295 16549 4693
1: 5681 1859 -13718 4693
2: -5681 17407 13718 4693
3: 5746 -13 -781926 4693
1: 5746 361 8303 4693
2: -5746 361 -252339 4693
4: -5746 -69407 20577 4693
3: 5776 -13 -760266 4693
1: 5824 67507 -18772 4693
2: -5824 714419 18772 4693
2: -5928 507 -171475 4693
2: -5928 390963 18330 4693
3: 5993 -130321 -18434 4693
4: -5993 -130321 19110 4693
3: 6084 -741 -27436 4693
3: 6084 -2793 -20577 4693
4: -6084 -38361 20577 4693
3: 6084 -267501 -18126 4693
3: 6137 -13 -516230 4693
4: -6194 -33631 20577 4693
4: -6213 -585 178334 4693
3: 6253 -11 -521284 4693
2: -6318 915135 17328 4693
4: -6331 -67507 18772 4693
1: 6357 144039 -17290 4693
3: 6357 -915135 -17328 4693
1: 6384 390963 -17238 4693
1: 6422 5 829939 4693
3: 6422 -5 -864234 4693
1: 6422 13 308655 4693
3: 6422 -13 -342950 4693
1: 6422 65 48013 4693
3: 6422 -65 -82308 4693
2: -6422 109 -829939 4693
4: -6422 -109 864234 4693
2: -6422 1417 -48013 4693
4: -6422 -1417 82308 4693
1: 6422 130321 -17115 4693
2: -6422 130321 16439 4693
3: 6422 -130321 -17180 4693
4: -6422 -130321 17856 4693
1: 6422 651605 -17141 4693
3: 6422 -651605 -17154 4693
3: 6498 -507 -24187 4693
4: -6498 -12675 24187 4693
1: 6539 75449 -16796 4693
2: -6617 169 -521284 4693
4: -6656 -22477 20577 4693
4: -6669 -390963 16744 4693
3: 6682 -34295 -16549 4693
4: -6688 -845 123462 4693
2: -6708 855 -89167 4693
1: 6859 13 73112 4693
3: 6859 -13 -105222 4693
2: -6859 91 -964782 4693
4: -6859 -91 996892 4693
2: -6859 143 -608114 4693
4: -6859 -143 640224 4693
1: 6859 169 -9196 4693
2: -6859 169 -512088 4693
3: 6859 -169 -22914 4693
4: -6859 -169 544198 4693
2: -6859 1001 -73112 4693
4: -6859 -1001 105222 4693
2: -6859 1183 -59394 4693
4: -6859 -1183 91504 4693
2: -6859 1859 -31958 4693
4: -6859 -1859 64068 4693
1: 6859 6859 -15886 4693
2: -6859 6859 3042 4693
3: 6859 -6859 -16224 4693
4: -6859 -6859 29068 4693
2: -6859 13013 9196 4693
4: -6859 -13013 22914 4693
2: -6859 48013 14196 4693
4: -6859 -48013 17914 4693
2: -6859 75449 14872 4693
4: -6859 -75449 17238 4693
1: 6859 89167 -16042 4693
2: -6859 89167 15054 4693
3: 6859 -89167 -16068 4693
4: -6859 -89167 17056 4693
2: -6859 528143 15886 4693
4: -6859 -528143 16224 4693
2: -6859 624169 15912 4693
4: -6859 -624169 16198 4693
2: -6859 980837 15964 4693
4: -6859 -980837 16146 4693
3: 6916 -1 -802503 4693
4: -6916 -113 802503 4693
3: 6916 -169 -20577 4693
4: -6916 -169 541861 4693
4: -6916 -19097 20577 4693
1: 6929 323 -13718 4693
2: -6929 40831 13718 4693
1: 6929 79781 -15884 4693
4: -7046 -75449 16796 4693
2: -7098 741 -102885 4693
4: -7098 -1653 68590 4693
2: -7098 27075 12274 4693
1: 7098 42237 -15523 4693
2: -7098 390963 15290 4693
3: 7267 -5 260642 4693
1: 7267 164255 -15162 4693
2: -7296 390963 14872 4693
3: 7306 -281219 -15067 4693
4: -7319 -322373 15314 4693
3: 7436 -361 -8303 4693
4: -7436 -361 252339 4693
2: -7436 47291 12996 4693
4: -7436 -79781 15884 4693
3: 7436 -286273 -14801 4693
4: -7462 -169 521284 4693
1: 7581 390963 -14534 4693
2: -7631 118807 13718 4693
1: 7774 19 -233206 4693
4: -7774 -13091 20577 4693
1: 7774 89167 -14212 4693
2: -7774 89167 13224 4693
4: -7828 -651605 14196 4693
3: 7847 -14365 -13718 4693
2: -7847 264823 13718 4693
1: 7878 46569 -14079 4693
4: -7878 -828495 14079 4693
4: -7923 -1521 68590 4693
1: 7942 13 -398905 4693
3: 7942 -845 -7942 4693
2: -7942 14027 7942 4693
3: 7942 -651605 -13858 4693
3: 7943 -34333 -13718 4693
2: -7943 569335 13718 4693
3: 8021 -484861 -13718 4693
1: 8034 491283 -13718 4693
3: 8112 -285 6859 4693
4: -8112 -333 260642 4693
4: -8112 -1197 82308 4693
1: 8112 40755 -13718 4693
4: -8112 -42237 15523 4693
1: 8112 390963 -13590 4693
4: -8112 -575757 13718 4693
1: 8208 20787 -13718 4693
4: -8208 -271245 13718 4693
1: 8281 13 -521284 4693
3: 8281 -89167 -13224 4693
4: -8281 -89167 14212 4693
4: -8424 -125229 13718 4693
1: 8436 507 -27436 4693
4: -8619 -11913 19494 4693
2: -8658 285 -267501 4693
2: -8664 507 -144761 4693
2: -8664 390963 12506 4693
2: -8736 390963 12402 4693
3: 8759 -130321 -12506 4693
4: -8759 -130321 13182 4693
1: 8788 247 -48013 4693
2: -8788 247 -308655 4693
1: 8892 15 -624169 4693
4: -8892 -129 624169 4693
2: -9048 171 -445835 4693
3: 9126 -57 164616 4693
4: -9126 -1083 84113 4693
1: 9126 6099 -13718 4693
4: -9126 -47253 13718 4693
3: 9126 -390963 -12041 4693
1: 9178 133 -89167 4693
1: 9256 671099 -11913 4693
2: -9308 95 -802503 4693
4: -9334 -671099 11913 4693
1: 9386 169 -76893 4693
2: -9386 169 -444391 4693
3: 9386 -169 53428 4693
4: -9386 -169 467856 4693
2: -9386 1183 -53428 4693
4: -9386 -1183 76893 4693
1: 9386 130321 -11817 4693
2: -9386 130321 11141 4693
3: 9386 -130321 -11648 4693
4: -9386 -130321 12324 4693
2: -9386 912247 11648 4693
4: -9386 -912247 11817 4693
1: 9464 6859 -13281 4693
2: -9464 6859 437 4693
3: 9464 -134653 -11552 4693
2: -9464 916579 11552 4693
1: 9568 19 -624169 4693
1: 9633 21 -576156 4693
1: 9633 39 -315514 4693
4: -9633 -135 576156 4693
1: 9633 273 -54872 4693
2: -9633 351 -205770 4693
4: -9633 -1755 54872 4693
1: 9633 390963 -11462 4693
1: 9671 169 -82308 4693
2: -9671 169 -438976 4693
3: 9698 -19 624169 4693
4: -9747 -390963 11492 4693
3: 9802 -30685 -10830 4693
2: -9918 17745 6859 4693
4: -9958 -95 802503 4693
1: 9984 390963 -11063 4693
3: 10088 -133 89167 4693
3: 10108 -169 68229 4693
4: -10108 -169 453055 4693
3: 10127 -169 68590 4693
4: -10127 -169 452694 4693
1: 10146 39 -356668 4693
4: -10218 -171 445835 4693
1: 10244 116603 -10868 4693
2: -10298 4225 -6859 4693
1: 10374 27 -535002 4693
4: -10374 -141 535002 4693
1: 10374 4563 -13718 4693
4: -10374 -23829 13718 4693
2: -10374 390963 10426 4693
3: 10431 -39 356668 4693
3: 10478 -247 48013 4693
4: -10478 -247 308655 4693
2: -10478 931 -68590 4693
4: -10478 -7315 20577 4693
4: -10478 -229957 10830 4693
2: -10478 240065 10203 4693
4: -10526 -7267 20577 4693
4: -10608 -285 267501 4693
1: 10608 61731 -10621 4693
1: 10647 102885 -10488 4693
3: 10712 -651605 -10257 4693
4: -10751 -116603 10868 4693
3: 10816 -48013 -9861 4693
3: 10816 -209741 -10108 4693
2: -10816 991667 10108 4693
4: -10868 -845 96026 4693
4: -10868 -651605 10244 4693
3: 10906 -169 82308 4693
4: -10906 -169 438976 4693
4: -10933 -240065 10374 4693
1: 11154 57 -294937 4693
1: 11167 871093 -9880 4693
3: 11323 -6859 -7296 4693
4: -11323 -6859 20140 4693
3: 11362 -5915 -6859 4693
2: -11362 25181 6859 4693
1: 11456 829939 -9633 4693
1: 11479 130321 -9724 4693
2: -11479 130321 9048 4693
4: -11534 -829939 9633 4693
2: -11544 507 -130321 4693
3: 11552 -845 10830 4693
4: -11622 -61731 10621 4693
3: 11648 -255949 -9386 4693
1: 11817 265335 -9386 4693
1: 11856 390963 -9334 4693
3: 11986 -130321 -9048 4693
4: -11986 -130321 9724 4693
2: -11999 136097 8664 4693
2: -12084 30927 6859 4693
3: 12141 -507 27436 4693
4: -12168 -741 102885 4693
4: -12168 -267501 9310 4693
4: -12246 -473271 9139 4693
3: 12506 -136097 -8664 4693
2: -12506 665323 8702 4693
4: -12558 -855 89167 4693
2: -12768 390963 8450 4693
1: 12844 47 -432117 4693
2: -12844 91 -740772 4693
4: -12844 -161 432117 4693
2: -12844 299 -219488 4693
1: 12844 611 -41154 4693
4: -12844 -2093 41154 4693
3: 12844 -130321 -8421 4693
4: -12844 -130321 9097 4693
2: -12844 912247 8499 4693
4: -13182 -12597 13718 4693
2: -13182 45201 6859 4693
1: 13234 169 -130321 4693
2: -13234 169 -390963 4693
3: 13338 -390963 -8203 4693
3: 13357 -455 37544 4693
2: -13357 1469 -37544 4693
2: -13624 54587 6859 4693
4: -13689 -20577 11286 4693
1: 13718 37 -587613 4693
3: 13718 -37 571558 4693
2: -13718 115 -571558 4693
4: -13718 -115 587613 4693
1: 13718 169 -134919 4693
2: -13718 169 -386365 4693
3: 13718 -169 118864 4693
4: -13718 -169 402420 4693
2: -13718 299 -214890 4693
4: -13718 -299 230945 4693
1: 13718 481 -52611 4693
3: 13718 -481 36556 4693
2: -13718 845 -70851 4693
4: -13718 -845 86906 4693
2: -13718 1495 -36556 4693
4: -13718 -1495 52611 4693
2: -13718 3887 -9120 4693
4: -13718 -3887 25175 4693
1: 13718 6253 -11457 4693
3: 13718 -6253 -4598 4693
1: 13718 6859 -11154 4693
2: -13718 6859 -1690 4693
3: 13718 -6859 -4901 4693
4: -13718 -6859 17745 4693
2: -13718 19435 4598 4693
4: -13718 -19435 11457 4693
2: -13718 34295 6084 4693
4: -13718 -34295 9971 4693
1: 13718 89167 -8268 4693
2: -13718 89167 7280 4693
3: 13718 -89167 -7787 4693
4: -13718 -89167 8775 4693
2: -13718 157757 7605 4693
4: -13718 -157757 8450 4693
1: 13718 253783 -8112 4693
3: 13718 -253783 -7943 4693
2: -13718 445835 7878 4693
4: -13718 -445835 8177 4693
2: -13718 788785 7943 4693
4: -13718 -788785 8112 4693
4: -13858 -1235 61731 4693
3: 13858 -19931 -6859 4693
2: -13858 61085 6859 4693
1: 14079 507 -51262 4693
4: -14079 -1521 51262 4693
1: 14079 390963 -7878 4693
2: -14196 73359 6859 4693
4: -14196 -185193 8113 4693
1: 14196 390963 -7814 4693
1: 14402 845 -34295 4693
1: 14592 390963 -7605 4693
2: -14703 241509 7220 4693
3: 14801 -169 129238 4693
4: -14801 -169 392046 4693
3: 14872 -651605 -7369 4693
3: 14924 -169 130321 4693
4: -14924 -169 390963 4693
1: 15002 336091 -7410 4693
2: -15041 28519 5054 4693
3: 15106 -54587 -6859 4693
2: -15162 390963 7098 4693
3: 15548 -1729 6859 4693
1: 15548 89167 -7353 4693
2: -15548 89167 6365 4693
1: 15561 69 -356668 4693
4: -15561 -183 356668 4693
3: 15694 -153959 -6859 4693
2: -15694 404417 6859 4693
2: -15732 663 -89167 4693
4: -15808 -845 82308 4693
2: -15834 664677 6859 4693
2: -15868 786695 6859 4693
3: 15884 -8281 -3971 4693
2: -15884 21463 3971 4693
3: 15886 -336167 -6859 4693
2: -15886 871169 6859 4693
3: 15982 -786695 -6859 4693
1: 16128 799539 -6859 4693
1: 16224 349011 -6859 4693
2: -16224 390963 6626 4693
4: -16224 -884013 6859 4693
4: -16242 -799539 6859 4693
4: -16276 -677521 6859 4693
4: -16302 -4563 20577 4693
4: -16393 -133 480130 4693
1: 16416 166803 -6859 4693
4: -16416 -417261 6859 4693
1: 16549 912247 -6682 4693
3: 16562 -89167 -6365 4693
4: -16562 -89167 7353 4693
4: -16614 -507 130321 4693
2: -16731 1311 -41154 4693
2: -16731 746187 6498 4693
1: 16777 130321 -6760 4693
2: -16777 130321 6084 4693
2: -16872 507 -116603 4693
1: 17004 67431 -6859 4693
1: 17069 557023 -6498 4693
4: -17238 -2223 34295 4693
2: -17328 4563 -7220 4693
3: 17407 -651605 -6286 4693
1: 17472 390963 -6370 4693
3: 17518 -130321 -6084 4693
4: -17518 -130321 6760 4693
2: -17654 198911 5928 4693
4: -17914 -86203 6859 4693
3: 18161 -198911 -5928 4693
1: 18202 325 -89167 4693
1: 18252 32775 -6859 4693
4: -18252 -73929 6859 4693
4: -18486 -67431 6859 4693
4: -18759 -29241 7942 4693
3: 18772 -169 157035 4693
4: -18772 -169 364249 4693
3: 18772 -845 26714 4693
2: -18772 1859 -26714 4693
3: 18772 -130321 -5655 4693
4: -18772 -130321 6331 4693
3: 18772 -651605 -5824 4693
3: 18928 -589 41154 4693
4: -18928 -58045 6859 4693
3: 18928 -660269 -5776 4693
2: -18962 221 -267501 4693
4: -19038 -7605 13718 4693
1: 19097 19133 -7220 4693
4: -19133 -4901 18050 4693
1: 19266 99 -288078 4693
3: 19266 -117 233206 4693
4: -19266 -213 288078 4693
1: 19266 1287 -27436 4693
4: -19266 -2769 27436 4693
2: -19266 390963 5562 4693
1: 19342 169 -171475 4693
2: -19342 169 -349809 4693
4: -19494 -273 225264 4693
3: 19494 -390963 -5577 4693
4: -19656 -761349 5681 4693
1: 19942 445835 -5586 4693
4: -20026 -43771 6859 4693
1: 20102 65 -445835 4693
3: 20254 -169 164616 4693
1: 20577 39 -748410 4693
1: 20577 75 -391742 4693
2: -20577 117 -499928 4693
4: -20577 -153 391742 4693
3: 20577 -195 143260 4693
1: 20577 507 -62510 4693
1: 20577 975 -35074 4693
2: -20577 1521 -33516 4693
4: -20577 -1989 35074 4693
3: 20577 -2535 6080 4693
1: 20577 12675 -7638 4693
1: 20577 20577 -6760 4693
4: -20577 -25857 7638 4693
2: -20577 61731 4394 4693
3: 20577 -102885 -5070 4693
1: 20577 267501 -5460 4693
1: 20577 514425 -5408 4693
2: -20577 802503 5278 4693
1: 20748 111 -267501 4693
4: -20748 -225 267501 4693
1: 20748 18759 -6859 4693
4: -20748 -38025 6859 4693
1: 20748 390963 -5382 4693
2: -20787 20577 2432 4693
2: -20938 403 -140790 4693
3: 20938 -1859 10469 4693
3: 21052 -65 445835 4693
2: -21268 120935 4693 4693
3: 21294 -2451 6859 4693
3: 21527 -651605 -5070 4693
3: 21632 -810445 -5054 4693
3: 21812 -169 171475 4693
4: -21812 -169 349809 4693
1: 22021 83 -366054 4693
4: -22021 -161 366054 4693
4: -22192 -221 267501 4693
4: -22192 -30589 6859 4693
3: 22282 -120935 -4693 4693
4: -22308 -3705 20577 4693
4: -22308 -492765 5054 4693
1: 22477 125 -246924 4693
4: -22477 -239 246924 4693
3: 22477 -1625 13718 4693
2: -22477 3107 -13718 4693
3: 22646 -6859 -437 4693
4: -22646 -6859 13281 4693
1: 22646 912247 -4896 4693
2: -22743 195 -290966 4693
3: 22952 -325 89167 4693
1: 22958 130321 -5031 4693
2: -22958 130321 4355 4693
4: -22984 -149 390963 4693
2: -23218 912247 4680 4693
3: 23296 -902861 -4693 4693
1: 23634 921633 -4693 4693
2: -23712 390963 4498 4693
3: 23829 -117 260642 4693
2: -23829 267501 4408 4693
3: 23972 -130321 -4355 4693
4: -23972 -130321 5031 4693
4: -23998 -68951 5415 4693
4: -23998 -171475 4921 4693
4: -24187 -29237 6498 4693
4: -24282 -507 116603 4693
3: 24336 -267501 -4408 4693
1: 24648 139707 -4693 4693
4: -24674 -221 260642 4693
2: -24674 2261 -20577 4693
4: -25422 -663 89167 4693
1: 25536 390963 -4394 4693
1: 25631 1339 -28158 4693
4: -25631 -2353 28158 4693
4: -25662 -139707 4693 4693
1: 25688 1963 -20577 4693
4: -25688 -3445 20577 4693
4: -25688 -651605 4373 4693
1: 25992 195 -168948 4693
3: 26026 -8303 -361 4693
3: 26702 -829939 -4085 4693
3: 26714 -1417 18772 4693
2: -26714 2431 -18772 4693
3: 26752 -845 34295 4693
3: 27378 -20577 -2432 4693
1: 27417 507 -68590 4693
3: 27436 -113 285779 4693
3: 27436 -169 189753 4693
4: -27436 -169 331531 4693
2: -27436 191 -285779 4693
3: 27436 -1469 18278 4693
2: -27436 2483 -18278 4693
1: 27436 6859 -8788 4693
2: -27436 6859 -4056 4693
3: 27436 -19097 -2299 4693
2: -27436 32279 2299 4693
1: 27436 89167 -4381 4693
2: -27436 89167 3393 4693
1: 27436 775067 -4056 4693
2: -28158 507 -104690 4693
1: 28158 1521 -25631 4693
4: -28158 -2535 25631 4693
2: -28158 390963 3770 4693
4: -28223 -624169 3990 4693
1: 28392 11115 -6859 4693
2: -28392 390963 3738 4693
3: 28899 -39 850516 4693
1: 28899 177 -192052 4693
4: -28899 -291 192052 4693
2: -29406 171 -315514 4693
4: -29458 -651605 3822 4693
3: 29602 -169 194940 4693
4: -29602 -169 326344 4693
3: 29744 -48013 -3002 4693
3: 29887 -185 178334 4693
1: 30324 390963 -3718 4693
4: -30628 -61 891670 4693
1: 30927 1425 -27436 4693
3: 30927 -102885 -3230 4693
1: 30927 689871 -3610 4693
3: 31046 -91 370747 4693
4: -31122 -309 178334 4693
3: 31407 -351 93860 4693
4: -31603 -429229 3610 4693
4: -31768 -845 67146 4693
4: -31768 -651605 3549 4693
2: -31772 912247 3407 4693
4: -31941 -57 946542 4693
3: 32129 -139 244036 4693
2: -32129 217 -244036 4693
1: 32292 720195 -3458 4693
1: 32448 390963 -3482 4693
3: 32851 -169 201438 4693
4: -32851 -169 319846 4693
2: -33293 116603 2850 4693
1: 33462 102885 -3629 4693
1: 33554 130321 -3549 4693
2: -33554 130321 2873 4693
1: 34476 61731 -3762 4693
4: -34656 -429 126711 4693
2: -34656 390963 3042 4693
2: -34944 390963 3016 4693
3: 35036 -130321 -2873 4693
4: -35036 -130321 3549 4693
3: 35321 -229 150898 4693
2: -35321 343 -150898 4693
3: 35451 -390963 -3016 4693
3: 35568 -3549 6859 4693
1: 35828 201799 -3249 4693
4: -36166 -437 123462 4693
2: -36504 408291 2888 4693
4: -36842 -2983 20577 4693
1: 36842 34295 -4028 4693
4: -36842 -201799 3249 4693
3: 37011 -408291 -2888 4693
4: -37183 -651605 3042 4693
3: 37544 -2197 13357 4693
1: 38532 39 -925965 4693
1: 38532 255 -144039 4693
4: -38532 -369 144039 4693
1: 38532 3315 -13718 4693
4: -38532 -4797 13718 4693
1: 38532 390963 -2950 4693
2: -38779 1183 -41154 4693
2: -38988 2535 -17689 4693
4: -40053 -373635 2888 4693
1: 40071 507 -74366 4693
4: -40222 -12559 6859 4693
3: 40508 -169 212629 4693
4: -40508 -169 308655 4693
2: -40898 404681 2565 4693
1: 40937 912247 -2730 4693
1: 41154 189 -195871 4693
4: -41154 -267 195871 4693
1: 41154 351 -106704 4693
2: -41154 507 -99066 4693
1: 41154 2457 -17537 4693
4: -41154 -3471 17537 4693
1: 41154 4563 -10678 4693
2: -41154 20577 169 4693
1: 41154 31941 -3819 4693
4: -41154 -45123 3819 4693
1: 41154 185193 -2873 4693
2: -41154 267501 2483 4693
2: -41496 390963 2522 4693
4: -41572 -2873 20577 4693
1: 41574 20577 -4427 4693
4: -42237 -507 103968 4693
1: 42408 8619 -6859 4693
2: -42588 195 -260642 4693
2: -42757 893 -54872 4693
1: 43433 143 -260642 4693
4: -43433 -34295 4028 4693
3: 43472 -845 41154 4693
3: 43681 -34307 -1444 4693
2: -43681 47489 1444 4693
1: 44042 205 -183027 4693
4: -44042 -283 183027 4693
2: -44447 610451 2394 4693
3: 44616 -141 260642 4693
1: 44954 307 -123462 4693
4: -44954 -421 123462 4693
3: 44954 -3991 6859 4693
2: -44954 5473 -6859 4693
4: -45461 -197 260642 4693
4: -45799 -75449 3078 4693
4: -46208 -845 62453 4693
4: -46813 -65 781926 4693
2: -47291 91 -553774 4693
1: 47424 390963 -2418 4693
4: -47658 -11115 6859 4693
1: 47658 267501 -2451 4693
3: 48013 -169 220134 4693
4: -48013 -169 301150 4693
1: 48013 6859 -7774 4693
2: -48013 6859 -5070 4693
3: 48013 -89167 -1872 4693
4: -48013 -89167 2860 4693
1: 48374 38701 -3249 4693
4: -48374 -51883 3249 4693
4: -48672 -267501 2451 4693
2: -49348 171475 1938 4693
3: 50882 -651605 -2106 4693
2: -51072 390963 2028 4693
1: 51262 3185 -14079 4693
3: 51452 -4225 6859 4693
4: -51623 -845 61370 4693
4: -51623 -651605 2210 4693
3: 51813 -390963 -2028 4693
1: 52052 475 -82308 4693
1: 52598 294937 -2223 4693
3: 53066 -73 521284 4693
3: 53067 -2535 12996 4693
4: -53404 -10393 6859 4693
1: 53404 367859 -2166 4693
3: 53428 -3341 9386 4693
2: -53428 4355 -9386 4693
2: -53469 596733 1976 4693
4: -53612 -294937 2223 4693
3: 53976 -596733 -1976 4693
1: 54587 55 -699618 4693
3: 54587 -455 82308 4693
4: -54756 -20577 4427 4693
2: -54834 507 -96026 4693
3: 54872 -53 722475 4693
2: -54872 91 -544141 4693
4: -54872 -637 80028 4693
3: 54872 -845 43434 4693
3: 54872 -3445 9139 4693
2: -54872 4459 -9139 4693
1: 54872 6859 -7605 4693
2: -54872 6859 -5239 4693
3: 54872 -8957 2280 4693
4: -54872 -48013 3042 4693
2: -54872 336091 1859 4693
1: 54872 445835 -2093 4693
2: -56108 314431 1805 4693
1: 56277 285 -137180 4693
1: 56316 507 -77976 4693
1: 56316 390963 -2054 4693
1: 56784 390963 -2038 4693
3: 57122 -314431 -1805 4693
1: 57798 411 -96026 4693
4: -57798 -525 96026 4693
2: -57798 1365 -34295 4693
2: -58786 2197 -20577 4693
3: 58812 -575073 -1805 4693
3: 58981 -2489 13718 4693
3: 59204 -169 227791 4693
4: -59204 -169 293493 4693
3: 59774 -427 89167 4693
2: -59774 541 -89167 4693
1: 60502 95 -411540 4693
2: -60648 390963 1690 4693
3: 60762 -87 445835 4693
1: 61009 299 -132126 4693
3: 61009 -299 128516 4693
2: -61009 377 -128516 4693
4: -61009 -377 132126 4693
1: 61009 130321 -2104 4693
2: -61009 130321 1428 4693
3: 61009 -130321 -1506 4693
4: -61009 -130321 2182 4693
1: 61347 57 -685900 4693
1: 61503 1521 -27436 4693
3: 61731 -39 998868 4693
4: -61731 -507 98572 4693
1: 61731 51207 -2546 4693
4: -61731 -64389 2546 4693
3: 61731 -267501 -1638 4693
1: 62244 447 -89167 4693
4: -62244 -561 89167 4693
3: 63726 -4563 6859 4693
3: 63882 -57 685900 4693
3: 64258 -317 122018 4693
2: -64258 395 -122018 4693
4: -64389 -107217 2166 4693
3: 64727 -95 411540 4693
2: -64896 390963 1572 4693
3: 65702 -169 231040 4693
4: -65702 -169 290244 4693
1: 66063 327 -122018 4693
4: -66063 -405 122018 4693
2: -66424 1859 -24548 4693
1: 67431 489 -82308 4693
4: -67431 -603 82308 4693
1: 67431 390963 -1734 4693
1: 67507 871 -46930 4693
4: -67678 -9295 6859 4693
3: 68952 -285 137180 4693
3: 69312 -11661 1805 4693
1: 69312 390963 -1690 4693
4: -69628 -651605 1656 4693
1: 69888 390963 -1677 4693
2: -70034 61 -793117 4693
3: 70642 -515 75449 4693
2: -70642 629 -75449 4693
3: 70642 -651605 -1498 4693
3: 70889 -169 233206 4693
4: -70889 -169 288078 4693
4: -70902 -390963 1677 4693
1: 72561 61347 -2166 4693
4: -72561 -74529 2166 4693
4: -72618 -2535 20577 4693
1: 73008 51 -781926 4693
3: 73177 -475 82308 4693
2: -73853 65 -740772 4693
4: -75036 -3933 13718 4693
4: -75088 -845 58482 4693
3: 75449 -64051 -836 4693
2: -75449 77233 836 4693
1: 76893 5031 -9386 4693
4: -76893 -6045 9386 4693
1: 77064 7371 -6859 4693
4: -77064 -8853 6859 4693
2: -77064 390963 1306 4693
3: 77909 -130321 -1106 4693
4: -77909 -130321 1782 4693
2: -78337 559 -84474 4693
1: 78754 877591 -1444 4693
4: -79261 -877591 1444 4693
2: -79768 445835 1273 4693
4: -80106 -123 390963 4693
2: -80142 507 -93138 4693
3: 80782 -445835 -1273 4693
2: -82134 969 -48013 4693
2: -82238 459553 1235 4693
2: -82308 99 -481650 4693
4: -82308 -117 410020 4693
1: 82308 507 -80788 4693
2: -82308 1287 -35815 4693
4: -82308 -1521 32775 4693
2: -82308 16731 -1520 4693
2: -82308 308655 1183 4693
4: -82472 -893 54872 4693
1: 82992 390963 -1430 4693
3: 83252 -459553 -1235 4693
4: -83562 -8619 6859 4693
3: 84474 -507 78337 4693
1: 85367 651605 -1352 4693
4: -86108 -651605 1352 4693
2: -86697 429 -109744 4693
4: -86697 -390963 1392 4693
3: 87362 -75205 -722 4693
2: -87362 88387 722 4693
1: 88049 980837 -1292 4693
2: -88556 91 -521284 4693
4: -88556 -980837 1292 4693
1: 89167 169 -241300 4693
2: -89167 169 -279984 4693
3: 89167 -169 238830 4693
4: -89167 -169 282454 4693
1: 89167 845 -49248 4693
3: 89167 -845 46778 4693
1: 89167 1183 -35530 4693
3: 89167 -1183 33060 4693
1: 89167 5915 -8094 4693
3: 89167 -5915 5624 4693
1: 89167 6859 -7150 4693
2: -89167 6859 -5694 4693
3: 89167 -6859 4680 4693
4: -89167 -6859 8164 4693
2: -89167 6929 -5624 4693
4: -89167 -6929 8094 4693
1: 89167 34295 -2418 4693
3: 89167 -34295 -52 4693
1: 89167 48013 -2080 4693
3: 89167 -48013 -390 4693
1: 89167 240065 -1404 4693
3: 89167 -240065 -1066 4693
2: -89167 281219 1066 4693
4: -89167 -281219 1404 4693
1: 89908 671 -61731 4693
4: -89908 -785 61731 4693
2: -93613 845 -54872 4693
3: 93626 -437171 -1083 4693
3: 94302 -1425 27436 4693
4: -94471 -91 521284 4693
2: -94848 390963 1040 4693
4: -95836 -8281 6859 4693
3: 96026 -169 240388 4693
4: -96026 -169 280896 4693
1: 96026 377 -109421 4693
3: 96026 -4901 7182 4693
1: 96026 6859 -7098 4693
2: -96026 6859 -5746 4693
3: 96026 -89167 -689 4693
4: -96026 -89167 1677 4693
1: 96026 198911 -1352 4693
1: 96748 912247 -1183 4693
1: 98553 390963 -1222 4693
3: 99997 -65 628862 4693
1: 100724 551 -75449 4693
4: -101802 -117 403598 4693
1: 101802 3549 -12635 4693
1: 102144 390963 -1183 4693
1: 102752 403 -102885 4693
2: -102752 1651 -27436 4693
3: 103607 -169 241870 4693
4: -103607 -169 279414 4693
4: -103626 -390963 1183 4693
1: 105118 79 -521284 4693
3: 106457 -115 356668 4693
3: 106856 -7189 4693 4693
2: -106856 8203 -4693 4693
2: -107484 399 -116603 4693
1: 108498 605397 -1083 4693
1: 108667 95665 -1444 4693
4: -109512 -605397 1083 4693
1: 109668 507 -82308 4693
4: -110019 -185193 1254 4693
2: -110864 323 -144039 4693
3: 111644 -77 535002 4693
2: -112632 507 -91333 4693
2: -112632 390963 858 4693
2: -113568 390963 850 4693
3: 113867 -130321 -650 4693
4: -113867 -130321 1326 4693
4: -115258 -95665 1444 4693
1: 115596 879 -48013 4693
4: -115596 -993 48013 4693
1: 115934 209 -198911 4693
4: -116603 -1781 27170 4693
2: -116818 651605 871 4693
1: 116964 1131 -37544 4693
3: 117832 -651605 -871 4693
3: 118469 -199633 -722 4693
2: -119314 133 -349809 4693
1: 121296 390963 -1014 4693
1: 122018 49 -847989 4693
3: 122018 -49 846184 4693
2: -122018 55 -846184 4693
4: -122018 -55 847989 4693
2: -122018 65 -715863 4693
4: -122018 -65 717668 4693
1: 122018 91 -457026 4693
2: -122018 143 -324900 4693
4: -122018 -143 326705 4693
1: 122018 637 -66063 4693
3: 122018 -637 64258 4693
2: -122018 715 -64258 4693
4: -122018 -715 66063 4693
1: 122018 130321 -1221 4693
2: -122018 130321 545 4693
3: 122018 -130321 -584 4693
4: -122018 -130321 1260 4693
2: -122018 651605 831 4693
4: -122018 -651605 974 4693
1: 122018 912247 -948 4693
3: 122018 -912247 -857 4693
2: -122694 57 -816221 4693
3: 123462 -129 321100 4693
1: 123462 195 -213902 4693
3: 123462 -507 81035 4693
1: 123462 109005 -1273 4693
4: -123462 -122187 1273 4693
4: -123462 -267501 1066 4693
3: 123462 -884811 -845 4693
1: 124184 9971 -5054 4693
3: 125229 -429 96026 4693
2: -125628 1911 -23465 4693
1: 125723 169 -246924 4693
2: -125723 169 -274360 4693
1: 126711 51 -816582 4693
3: 127072 -845 48374 4693
4: -127764 -57 816221 4693
3: 128516 -673 61009 4693
2: -128516 751 -61009 4693
1: 129792 390963 -955 4693
1: 130321 169 -247408 4693
2: -130321 169 -273876 4693
3: 130321 -169 245718 4693
4: -130321 -169 275566 4693
1: 130321 247 -169546 4693
2: -130321 247 -187122 4693
3: 130321 -247 167856 4693
4: -130321 -247 188812 4693
1: 130321 361 -116272 4693
2: -130321 361 -127764 4693
3: 130321 -361 114582 4693
4: -130321 -361 129454 4693
1: 130321 683 -61854 4693
3: 130321 -683 60164 4693
2: -130321 761 -60164 4693
4: -130321 -761 61854 4693
1: 130321 3211 -13822 4693
2: -130321 3211 -13614 4693
3: 130321 -3211 12132 4693
4: -130321 -3211 15304 4693
1: 130321 4693 -9724 4693
2: -130321 4693 -9048 4693
3: 130321 -4693 8034 4693
4: -130321 -4693 10738 4693
1: 130321 8879 -5538 4693
3: 130321 -8879 3848 4693
2: -130321 9893 -3848 4693
4: -130321 -9893 5538 4693
1: 130321 12977 -4056 4693
3: 130321 -12977 2366 4693
2: -130321 14459 -2366 4693
4: -130321 -14459 4056 4693
1: 130321 61009 -1528 4693
2: -130321 61009 84 4693
3: 130321 -61009 -162 4693
4: -130321 -61009 1606 4693
1: 130321 115427 -1206 4693
3: 130321 -115427 -484 4693
2: -130321 128609 484 4693
4: -130321 -128609 1206 4693
1: 130321 168701 -1092 4693
3: 130321 -168701 -598 4693
2: -130321 187967 598 4693
4: -130321 -187967 1092 4693
1: 130321 246563 -1014 4693
3: 130321 -246563 -676 4693
2: -130321 274721 676 4693
4: -130321 -274721 1014 4693
1: 130682 137 -305045 4693
1: 130806 226347 -1026 4693
4: -131144 -133 349809 4693
3: 131404 -169 245841 4693
4: -131404 -169 275443 4693
1: 132126 693 -61009 4693
4: -132126 -771 61009 4693
2: -133848 460275 722 4693
3: 134524 -209 198911 4693
1: 134862 1035 -41154 4693
4: -134862 -1149 41154 4693
2: -134862 390963 698 4693
3: 135109 -2873 13718 4693
1: 136097 55 -760266 4693
4: -136097 -61 760266 4693
3: 136097 -1859 21660 4693
2: -138624 390963 676 4693
4: -139594 -323 144039 4693
3: 141778 -169 246924 4693
4: -141778 -169 274360 4693
1: 142766 157 -267501 4693
4: -142974 -399 116603 4693
1: 143988 802503 -817 4693
4: -144039 -351 132392 4693
3: 144039 -897 45942 4693
4: -144039 -185193 1014 4693
3: 144039 -473271 -676 4693
2: -144326 6061 -6859 4693
2: -144761 4901 -8664 4693
4: -145002 -802503 817 4693
1: 145122 129285 -1083 4693
4: -145122 -142467 1083 4693
4: -147706 -2327 20577 4693
3: 148732 -651605 -676 4693
1: 149227 130321 -1060 4693
2: -149227 130321 384 4693
3: 149734 -551 75449 4693
4: -150537 -1521 31046 4693
4: -150898 -845 55290 4693
4: -150898 -2275 20995 4693
4: -150898 -48013 1690 4693
3: 150898 -134693 -418 4693
2: -150898 147875 418 4693
2: -150898 857375 676 4693
4: -151164 -3549 13718 4693
1: 152342 115 -366054 4693
1: 153786 10569 -4693 4693
4: -153786 -11583 4693 4693
1: 154128 390963 -822 4693
1: 154508 7267 -6498 4693
3: 155818 -130321 -384 4693
4: -155818 -130321 1060 4693
4: -155952 -1677 28158 4693
1: 157757 65 -648128 4693
2: -157757 1859 -24054 4693
1: 157757 89167 -1170 4693
2: -157757 89167 182 4693
3: 157833 -507 82308 4693
1: 158808 884811 -741 4693
1: 159562 2197 -19855 4693
4: -159822 -884811 741 4693
2: -160212 351 -130321 4693
1: 160284 507 -83752 4693
1: 161902 325 -130321 4693
2: -164616 507 -89927 4693
1: 164616 61731 -1352 4693
2: -165984 390963 546 4693
3: 166421 -130321 -338 4693
4: -166421 -130321 1014 4693
4: -168324 -969 48013 4693
1: 169309 377 -112632 4693
4: -171197 -582293 722 4693
3: 173394 -390963 -527 4693
3: 173641 -11999 2888 4693
2: -173641 13013 -2888 4693
4: -173888 -845 54872 4693
3: 174724 -157001 -361 4693
2: -175422 117 -390963 4693
1: 176436 6783 -6859 4693
1: 178334 73 -580203 4693
3: 178334 -73 578968 4693
2: -178334 79 -578968 4693
4: -178334 -79 580203 4693
1: 178334 169 -250971 4693
2: -178334 169 -270313 4693
3: 178334 -169 249736 4693
4: -178334 -169 271548 4693
1: 178334 6859 -6786 4693
2: -178334 6859 -6058 4693
3: 178334 -6859 5551 4693
4: -178334 -6859 7293 4693
1: 178334 12337 -4047 4693
3: 178334 -12337 2812 4693
2: -178334 13351 -2812 4693
4: -178334 -13351 4047 4693
1: 178334 500707 -702 4693
3: 178334 -500707 -533 4693
2: -178334 541861 533 4693
4: -178334 -541861 702 4693
1: 178802 65 -651605 4693
2: -180139 221 -206492 4693
1: 183027 75 -565326 4693
4: -183027 -81 565326 4693
3: 183027 -195 216600 4693
1: 183027 975 -44042 4693
4: -183027 -1053 44042 4693
1: 183027 390963 -710 4693
1: 183749 169 -251256 4693
2: -183749 169 -270028 4693
3: 185193 -273 154622 4693
1: 185193 1833 -23712 4693
2: -185193 2535 -17442 4693
2: -185554 143 -319124 4693
1: 186576 321651 -722 4693
3: 187252 -65 651605 4693
4: -189449 -559 82308 4693
1: 189696 390963 -689 4693
1: 190294 84113 -1083 4693
4: -190632 -117 390963 4693
3: 191477 -651605 -510 4693
3: 192052 -169 250515 4693
4: -192052 -169 270769 4693
3: 192052 -533 79040 4693
1: 192052 6859 -6760 4693
2: -192052 6859 -6084 4693
3: 192413 -169 250534 4693
4: -192413 -169 270750 4693
2: -197106 390963 442 4693
2: -198911 27547 -1102 4693
1: 199082 311 -137180 4693
2: -201438 1365 -32851 4693
2: -202293 195 -233206 4693
1: 202293 1581 -27436 4693
4: -202293 -1695 27436 4693
1: 202882 26195 -2166 4693
4: -203476 -84113 1083 4693
4: -203476 -953401 589 4693
4: -203528 -651605 611 4693
3: 204152 -325 130321 4693
4: -205409 -143 319124 4693
4: -205842 -351 130321 4693
3: 205998 -1521 27436 4693
3: 206492 -845 49818 4693
3: 206492 -651605 -468 4693
3: 207214 -169 251256 4693
4: -207214 -169 270028 4693
4: -210824 -221 206492 4693
2: -213408 51 -891670 4693
2: -215137 912247 462 4693
4: -217322 -19097 2888 4693
1: 217683 197223 -722 4693
4: -217683 -210405 722 4693
1: 218101 130321 -832 4693
2: -218101 130321 156 4693
4: -219488 -845 54302 4693
2: -219488 42419 -570 4693
1: 220571 912247 -546 4693
3: 221654 -377 112632 4693
1: 225264 390963 -598 4693
4: -225784 -2261 20577 4693
2: -226708 1183 -37905 4693
1: 227136 390963 -594 4693
3: 227734 -130321 -156 4693
4: -227734 -130321 832 4693
3: 230679 -507 83752 4693
1: 231192 195 -219488 4693
4: -234403 -221 205770 4693
1: 239324 912247 -507 4693
4: -240806 -912247 507 4693
2: -242592 390963 338 4693
3: 244036 -101 423092 4693
2: -244036 107 -423092 4693
3: 244036 -1313 32129 4693
2: -244036 1391 -32129 4693
3: 244036 -130321 -123 4693
4: -244036 -130321 799 4693
4: -246924 -2613 17784 4693
3: 246924 -267501 -286 4693
1: 251446 169 -253783 4693
1: 253422 105 -408291 4693
4: -253422 -111 408291 4693
1: 253422 2535 -17328 4693
3: 253422 -390963 -325 4693
4: -253783 -85 533026 4693
3: 253783 -17771 1976 4693
2: -253783 18785 -1976 4693
4: -259597 -127 356668 4693
1: 260642 65 -659789 4693
3: 260642 -65 658944 4693
1: 260642 95 -451568 4693
3: 260642 -95 450723 4693
1: 260642 169 -254025 4693
2: -260642 169 -267259 4693
3: 260642 -169 253180 4693
4: -260642 -169 268104 4693
1: 260642 247 -173940 4693
2: -260642 247 -182728 4693
3: 260642 -247 173095 4693
4: -260642 -247 183573 4693
1: 260642 281 -152945 4693
3: 260642 -281 152100 4693
1: 260642 361 -119145 4693
2: -260642 361 -124891 4693
3: 260642 -361 118300 4693
4: -260642 -361 125736 4693
1: 260642 845 -51143 4693
3: 260642 -845 50298 4693
1: 260642 1235 -35126 4693
3: 260642 -1235 34281 4693
1: 260642 1405 -30927 4693
3: 260642 -1405 30082 4693
2: -260642 1483 -30082 4693
4: -260642 -1483 30927 4693
1: 260642 1805 -24167 4693
3: 260642 -1805 23322 4693
1: 260642 3211 -13770 4693
2: -260642 3211 -13666 4693
3: 260642 -3211 12925 4693
4: -260642 -3211 14511 4693
1: 260642 3653 -12155 4693
3: 260642 -3653 11310 4693
1: 260642 4693 -9555 4693
2: -260642 4693 -9217 4693
3: 260642 -4693 8710 4693
4: -260642 -4693 10062 4693
1: 260642 5339 -8450 4693
3: 260642 -5339 7605 4693
1: 260642 16055 -3092 4693
3: 260642 -16055 2247 4693
1: 260642 18265 -2769 4693
3: 260642 -18265 1924 4693
2: -260642 19279 -1924 4693
4: -260642 -19279 2769 4693
1: 260642 23465 -2249 4693
3: 260642 -23465 1404 4693
1: 260642 26695 -2028 4693
3: 260642 -26695 1183 4693
2: -260642 28177 -1183 4693
4: -260642 -28177 2028 4693
1: 260642 47489 -1325 4693
3: 260642 -47489 480 4693
1: 260642 61009 -1125 4693
2: -260642 61009 -319 4693
3: 260642 -61009 280 4693
4: -260642 -61009 1164 4693
1: 260642 69407 -1040 4693
3: 260642 -69407 195 4693
1: 260642 101441 -845 4693
1: 260642 237445 -603 4693
3: 260642 -237445 -242 4693
2: -260642 250627 242 4693
4: -260642 -250627 603 4693
1: 260642 305045 -563 4693
3: 260642 -305045 -282 4693
1: 260642 347035 -546 4693
3: 260642 -347035 -299 4693
2: -260642 366301 299 4693
4: -260642 -366301 546 4693
1: 260642 507205 -507 4693
3: 260642 -507205 -338 4693
2: -260642 535363 338 4693
4: -260642 -535363 507 4693
1: 260642 902291 -470 4693
3: 260642 -902291 -375 4693
3: 263302 -415 102885 4693
1: 267501 111 -386802 4693
1: 267501 507 -85006 4693
1: 267501 18759 -2698 4693
4: -267501 -19773 2698 4693
1: 267501 20577 -2496 4693
4: -267501 -61731 1144 4693
1: 267501 761349 -468 4693
1: 269724 2127 -20577 4693
4: -269724 -2241 20577 4693
1: 269724 390963 -518 4693
1: 272194 113 -380133 4693
4: -272194 -119 380133 4693
2: -273638 845 -53067 4693
3: 273999 -1131 37544 4693
1: 277248 390963 -507 4693
3: 281219 -169 253726 4693
4: -281219 -169 267558 4693
1: 282568 299 -144039 4693
4: -282568 -651605 459 4693
3: 283556 -169 253783 4693
4: -288078 -2535 18183 4693
3: 290966 -1859 22743 4693
4: -294937 -91 495976 4693
1: 294937 24505 -2128 4693
2: -295298 11323 -3610 4693
1: 298454 130321 -699 4693
2: -298454 130321 23 4693
3: 300352 -845 50540 4693
1: 301796 299 -144248 4693
3: 301796 -275977 -209 4693
2: -301796 289159 209 4693
1: 301834 912247 -412 4693
2: -302518 637 -70395 4693
3: 303962 -47 915135 4693
2: -304798 101 -445835 4693
2: -308256 390963 242 4693
3: 311636 -130321 -23 4693
4: -311636 -130321 699 4693
3: 314847 -165 260642 4693
1: 315514 89167 -832 4693
2: -315514 89167 -156 4693
4: -315692 -173 260642 4693
3: 318734 -541861 -266 4693
1: 318763 130321 -676 4693
2: -320568 507 -88445 4693
4: -322373 -12337 3990 4693
1: 323466 555579 -418 4693
4: -324539 -1859 24548 4693
2: -326534 6253 -6859 4693
4: -327522 -387 116603 4693
2: -327788 455 -98553 4693
1: 329232 3315 -13338 4693
3: 329232 -60333 380 4693
4: -330733 -651605 402 4693
2: -331578 69 -651605 4693
1: 331968 390963 -442 4693
4: -332842 -130321 676 4693
1: 333203 23491 -2166 4693
4: -333203 -24505 2166 4693
3: 336091 -89167 156 4693
4: -336091 -89167 832 4693
4: -337896 -3549 12996 4693
3: 346788 -273 157757 4693
3: 347282 -24505 1444 4693
2: -347282 25519 -1444 4693
1: 349809 61731 -1014 4693
2: -353058 273 -164255 4693
3: 356668 -149 289484 4693
2: -356668 155 -289484 4693
3: 356668 -169 255189 4693
4: -356668 -169 266095 4693
4: -356668 -845 53466 4693
2: -356668 5239 -8265 4693
1: 356668 6859 -6604 4693
2: -356668 6859 -6240 4693
3: 356668 -25181 1406 4693
2: -356668 26195 -1406 4693
2: -356668 34295 -1001 4693
4: -356668 -212629 520 4693
1: 358644 6591 -6859 4693
2: -362674 157757 19 4693
1: 363527 66755 -950 4693
2: -363888 195 -229957 4693
4: -364249 -2431 18772 4693
3: 366054 -117 368942 4693
1: 366054 153 -282663 4693
4: -366054 -159 282663 4693
1: 366054 1989 -22021 4693
4: -366054 -2067 22021 4693
2: -366054 390963 186 4693
1: 367498 169 -255949 4693
2: -367498 169 -265335 4693
2: -370386 51 -879814 4693
1: 370386 429 -101023 4693
2: -370386 20787 -1862 4693
2: -370386 349809 169 4693
3: 375856 -157757 -19 4693
2: -376162 32617 -1083 4693
2: -378328 91 -492765 4693
1: 380133 159 -272194 4693
4: -380133 -165 272194 4693
2: -381938 65 -689871 4693
4: -384104 -197 227981 4693
1: 384104 6859 -6591 4693
2: -384104 6859 -6253 4693
4: -384104 -33293 1634 4693
3: 384826 -169 255588 4693
4: -384826 -169 265696 4693
3: 388531 -3089 13718 4693
2: -388531 3203 -13718 4693
4: -390963 -45 996762 4693
1: 390963 57 -759148 4693
2: -390963 63 -711490 4693
2: -390963 117 -382980 4693
2: -390963 171 -261950 4693
4: -390963 -315 142636 4693
2: -390963 441 -101400 4693
1: 390963 507 -85598 4693
4: -390963 -585 76934 4693
1: 390963 741 -58656 4693
2: -390963 819 -54470 4693
4: -390963 -855 52728 4693
1: 390963 1083 -40222 4693
2: -390963 1197 -37180 4693
2: -390963 1521 -29200 4693
1: 390963 2127 -20618 4693
4: -390963 -2205 20618 4693
2: -390963 2223 -19890 4693
2: -390963 3249 -13520 4693
4: -390963 -4095 11232 4693
2: -390963 5733 -7540 4693
4: -390963 -5985 7774 4693
4: -390963 -7605 6178 4693
2: -390963 8379 -5070 4693
1: 390963 9633 -4772 4693
2: -390963 10647 -3930 4693
4: -390963 -11115 4316 4693
1: 390963 14079 -3354 4693
2: -390963 15561 -2600 4693
4: -390963 -16245 3042 4693
2: -390963 22743 -1690 4693
1: 390963 27651 -1846 4693
4: -390963 -28665 1846 4693
2: -390963 28899 -1270 4693
1: 390963 40413 -1352 4693
4: -390963 -41895 1352 4693
2: -390963 42237 -780 4693
4: -390963 -53235 1124 4693
2: -390963 74529 -320 4693
4: -390963 -77805 858 4693
2: -390963 108927 -130 4693
4: -390963 -113715 676 4693
4: -390963 -144495 592 4693
1: 390963 183027 -518 4693
2: -390963 202293 60 4693
2: -390963 295659 130 4693
1: 390963 359463 -402 4693
4: -390963 -372645 402 4693
1: 390963 525369 -364 4693
4: -390963 -544635 364 4693
2: -390963 549081 200 4693
1: 390963 767847 -338 4693
4: -390963 -796005 338 4693
1: 394212 390963 -390 4693
3: 394784 -6061 6859 4693
4: -394934 -2873 15884 4693
2: -394953 651 -68590 4693
2: -395941 251 -178334 4693
1: 397176 243 -178334 4693
3: 397822 -5629 7410 4693
4: -399009 -679041 342 4693
4: -399988 -65 689871 4693
1: 404586 3219 -13718 4693
4: -404586 -3333 13718 4693
4: -408291 -177 253422 4693
4: -409013 -651605 338 4693
3: 414428 -169 255949 4693
4: -414428 -169 265335 4693
4: -418038 -195 229957 4693
1: 418399 2279 -19266 4693
4: -418399 -2357 19266 4693
1: 422162 363527 -380 4693
4: -426894 -6783 6859 4693
4: -428753 -363527 380 4693
4: -428868 -273 164255 4693
1: 430312 5915 -7581 4693
2: -431756 1859 -23826 4693
1: 432117 102885 -676 4693
1: 435366 401037 -361 4693
1: 436202 130321 -585 4693
2: -436202 130321 -91 4693
4: -438976 -48013 1183 4693
1: 449084 79 -549081 4693
1: 450528 4563 -9747 4693
2: -450528 390963 130 4693
4: -452694 -802503 299 4693
3: 452751 -117 370386 4693
4: -454138 -455 98553 4693
2: -454272 390963 128 4693
3: 455468 -130321 91 4693
4: -455468 -130321 585 4693
1: 459553 109 -398164 4693
3: 459553 -6859 6084 4693
4: -459553 -6859 6760 4693
1: 459553 423683 -342 4693
4: -459553 -436865 342 4693
3: 460863 -390963 -128 4693
4: -461358 -507 88445 4693
2: -467324 167 -267501 4693
4: -476216 -2197 20577 4693
4: -479408 -637 70395 4693
1: 485184 390963 -338 4693
1: 486989 34567 -1482 4693
4: -486989 -35581 1482 4693
3: 488072 -205 211546 4693
2: -488072 211 -211546 4693
3: 488072 -533 81225 4693
3: 488072 -651605 -159 4693
2: -493848 555 -80275 4693
4: -493848 -267501 390 4693
3: 507566 -36049 988 4693
2: -507566 37063 -988 4693
4: -508288 -845 53067 4693
1: 520923 507 -85918 4693
3: 521284 -77 564122 4693
1: 521284 91 -477724 4693
3: 521284 -133 326508 4693
1: 521284 143 -304083 4693
3: 521284 -169 256911 4693
4: -521284 -169 264373 4693
3: 521284 -209 207701 4693
1: 521284 247 -176137 4693
2: -521284 247 -180531 4693
1: 521284 259 -167986 4693
3: 521284 -361 120159 4693
4: -521284 -361 123877 4693
1: 521284 407 -106977 4693
3: 521284 -481 90129 4693
1: 521284 703 -62023 4693
3: 521284 -1001 43199 4693
1: 521284 1183 -36943 4693
1: 521284 1463 -29913 4693
3: 521284 -1729 24921 4693
1: 521284 1859 -23586 4693
1: 521284 2527 -17407 4693
3: 521284 -2717 15782 4693
3: 521284 -2849 15041 4693
2: -521284 2927 -15041 4693
1: 521284 3211 -13744 4693
2: -521284 3211 -13692 4693
1: 521284 3367 -13117 4693
1: 521284 3971 -11154 4693
3: 521284 -4693 9048 4693
4: -521284 -4693 9724 4693
3: 521284 -4921 8619 4693
1: 521284 5291 -8424 4693
3: 521284 -6253 6738 4693
3: 521284 -7733 5408 4693
1: 521284 9139 -4966 4693
3: 521284 -13013 3128 4693
3: 521284 -13357 3042 4693
1: 521284 19019 -2496 4693
3: 521284 -22477 1722 4693
3: 521284 -27797 1352 4693
1: 521284 32851 -1534 4693
3: 521284 -35321 1019 4693
3: 521284 -37037 962 4693
2: -521284 38051 -962 4693
1: 521284 43771 -1204 4693
1: 521284 51623 -1053 4693
1: 521284 54131 -1014 4693
4: -521284 -55613 1014 4693
3: 521284 -61009 501 4693
4: -521284 -61009 943 4693
3: 521284 -63973 468 4693
1: 521284 68783 -843 4693
1: 521284 93499 -676 4693
3: 521284 -100529 221 4693
1: 521284 118807 -577 4693
1: 521284 146927 -507 4693
3: 521284 -173641 39 4693
1: 521284 247247 -387 4693
3: 521284 -361361 -91 4693
1: 521284 427063 -313 4693
3: 521284 -481481 -121 4693
2: -521284 494663 121 4693
1: 521284 671099 -276 4693
1: 521284 703703 -273 4693
4: -521284 -722969 273 4693
3: 521284 -831649 -159 4693
2: -532181 912247 158 4693
3: 535002 -45 965770 4693
1: 535002 225 -193401 4693
4: -535002 -231 193401 4693
2: -535002 507 -87818 4693
1: 535002 1521 -28785 4693
2: -535002 3549 -12369 4693
4: -535002 -5577 8208 4693
3: 535002 -7605 5510 4693
2: -535002 20577 -1963 4693
1: 535002 38025 -1349 4693
4: -535002 -39039 1349 4693
1: 535002 61731 -910 4693
2: -535002 144039 -104 4693
4: -535002 -226347 403 4693
3: 535002 -308655 -65 4693
3: 535724 -4901 8664 4693
2: -536237 1079 -41154 4693
2: -539448 390963 90 4693
2: -544388 7943 -5415 4693
1: 549081 231 -188442 4693
4: -549081 -237 188442 4693
4: -555218 -1183 37905 4693
4: -555579 -20577 2366 4693
1: 559559 167 -260642 4693
3: 559702 -651605 -130 4693
3: 562438 -169 257184 4693
4: -562438 -169 264100 4693
4: -580488 -1365 32851 4693
1: 584064 252339 -361 4693
2: -596733 8697 -4940 4693
3: 597246 -1053 41154 4693
3: 603592 -845 51338 4693
2: -603592 2587 -17043 4693
3: 610451 -3343 12844 4693
2: -610451 3421 -12844 4693
3: 616512 -141 308655 4693
1: 616512 390963 -290 4693
1: 623808 51 -854126 4693
3: 624169 -169 257526 4693
4: -624169 -169 263758 4693
1: 624169 6859 -6526 4693
2: -624169 6859 -6318 4693
1: 631028 89167 -663 4693
2: -631028 89167 -325 4693
1: 637526 130321 -507 4693
2: -637526 130321 -169 4693
2: -651833 55 -809362 4693
3: 655044 -6201 6859 4693
4: -656298 -1911 23465 4693
2: -663936 390963 52 4693
3: 665323 -521 83486 4693
3: 665684 -130321 169 4693
4: -665684 -130321 507 4693
1: 666406 47489 -1083 4693
4: -666406 -48503 1083 4693
3: 672182 -89167 325 4693
4: -672182 -89167 663 4693
3: 673569 -390963 -52 4693
4: -687154 -6643 6859 4693
3: 694564 -49517 722 4693
2: -694564 50531 -722 4693
2: -699618 1755 -25194 4693
1: 711892 55 -793117 4693
3: 713336 -301 144742 4693
2: -713336 307 -144742 4693
1: 713336 6859 -6513 4693
2: -713336 6859 -6331 4693
1: 713336 7267 -6156 4693
3: 713336 -48013 754 4693
3: 713336 -50869 703 4693
2: -713336 51883 -703 4693
3: 715863 -357 122018 4693
4: -717668 -365 122018 4693
3: 725686 -529 82308 4693
1: 728897 455 -96026 4693
4: -732108 -45 988418 4693
2: -732108 63 -705755 4693
4: -732108 -585 76171 4693
2: -732108 819 -54150 4693
1: 732108 390963 -262 4693
4: -741741 -141 315514 4693
4: -742938 -2535 17689 4693
4: -747631 -6253 7258 4693
3: 748163 -353 123462 4693
1: 751374 1599 -27436 4693
1: 758822 8281 -5415 4693
1: 759317 651605 -212 4693
1: 760266 321 -136097 4693
4: -760266 -327 136097 4693
1: 761349 507 -86222 4693
4: -765908 -651605 212 4693
4: -769652 -169 263169 4693
3: 775067 -31265 1254 4693
3: 777062 -6235 6859 4693
2: -777062 6349 -6859 4693
2: -781926 57 -779597 4693
3: 781926 -81 538772 4693
2: -781926 93 -477763 4693
4: -781926 -141 315354 4693
2: -781926 507 -87522 4693
2: -781926 741 -59839 4693
3: 781926 -1053 41314 4693
2: -781926 1083 -40898 4693
2: -781926 1209 -36621 4693
3: 781926 -1539 28223 4693
2: -781926 1767 -25012 4693
4: -781926 -1833 24388 4693
4: -781926 -2679 16731 4693
1: 781926 4293 -10309 4693
4: -781926 -4371 10309 4693
2: -781926 9633 -4473 4693
3: 781926 -13689 3048 4693
2: -781926 14079 -3016 4693
2: -781926 15717 -2687 4693
3: 781926 -20007 2041 4693
2: -781926 22971 -1794 4693
4: -781926 -23829 2006 4693
3: 781926 -29241 1352 4693
2: -781926 33573 -1183 4693
4: -781926 -34827 1417 4693
4: -781926 -50901 1014 4693
1: 781926 55809 -923 4693
4: -781926 -56823 923 4693
1: 781926 81567 -676 4693
4: -781926 -83049 676 4693
2: -781926 183027 -102 4693
3: 781926 -260091 27 4693
2: -781926 298623 -8 4693
3: 781926 -380133 -26 4693
2: -781926 436449 39 4693
4: -781926 -452751 239 4693
4: -781926 -661713 208 4693
1: 781926 725517 -201 4693
4: -781926 -738699 201 4693
2: -788424 390963 26 4693
4: -796328 -1301 34295 4693
1: 802503 339 -128934 4693
4: -802503 -345 128934 4693
4: -802503 -507 87780 4693
1: 809172 6495 -6859 4693
4: -809172 -6609 6859 4693
1: 809362 445835 -234 4693
1: 816582 345 -126711 4693
3: 816582 -11661 3610 4693
2: -825246 14703 -2888 4693
4: -825968 -845 52706 4693
2: -828438 2145 -20577 4693
3: 829939 -770471 -76 4693
2: -829939 783653 76 4693
4: -833188 -3185 14079 4693
1: 836798 4597 -9633 4693
4: -836798 -4675 9633 4693
1: 841282 91 -480130 4693
2: -843657 20577 -2028 4693
2: -843752 83 -535002 4693
4: -854487 -21801 2166 4693
3: 861536 -6253 6859 4693
4: -871093 -1807 24700 4693
3: 877952 -845 51585 4693
3: 877952 -2509 17290 4693
4: -879814 -2171 20577 4693
4: -883728 -3549 12635 4693
3: 884507 -49 891670 4693
2: -888782 9217 -4693 4693
3: 889447 -65 672182 4693
4: -893646 -6591 6859 4693
3: 898529 -980837 -78 4693
1: 901056 390963 -234 4693
1: 908544 390963 -233 4693
3: 912247 -85 514098 4693
3: 912247 -169 258510 4693
4: -912247 -169 262774 4693
2: -912247 209 -212264 4693
3: 912247 -295 148044 4693
3: 912247 -323 135200 4693
4: -912247 -463 95992 4693
1: 912247 1105 -39676 4693
3: 912247 -1121 38870 4693
1: 912247 1805 -24336 4693
4: -912247 -2717 16458 4693
1: 912247 3835 -11518 4693
1: 912247 4199 -10530 4693
2: -912247 6019 -7254 4693
3: 912247 -14365 2922 4693
1: 912247 14573 -3120 4693
3: 912247 -23465 1742 4693
2: -912247 35321 -1136 4693
3: 912247 -49855 756 4693
3: 912247 -54587 680 4693
4: -912247 -78247 688 4693
3: 912247 -95285 338 4693
2: -912247 96767 -338 4693
3: 912247 -189449 110 4693
1: 912247 305045 -264 4693
4: -914052 -729 61009 4693
1: 919106 2119 -20748 4693
3: 919106 -6859 6253 4693
4: -919106 -6859 6591 4693
1: 919106 853957 -171 4693
4: -919106 -867139 171 4693
4: -921726 -390963 233 4693
4: -932824 -871093 169 4693
1: 935712 9555 -4693 4693
3: 945022 -245 178334 4693
4: -946257 -249 178334 4693
3: 955206 -52221 722 4693
3: 957372 -81 539695 4693
4: -966758 -651605 182 4693
2: -967119 3549 -12388 4693
2: -967119 267501 -52 4693
1: 973978 487 -89908 4693
1: 973978 69641 -741 4693
4: -973978 -70655 741 4693
3: 976144 -413 105773 4693
2: -976144 419 -105773 4693
3: 980837 -845 51642 4693
1: 980837 14027 -3230 4693
3: 987696 -267501 52 4693
1: 999609 71487 -722 4693
4: -999609 -72501 722 4693
