Command line:- ../do_t 269059 1000000
2: -8721 165669 186694 269059
2: -12274 162925 -619038 269059
2: -14406 162129 -785536 269059
1: 14739 159201 -564774 269059
1: 15162 153459 297381 269059
1: 19208 156349 -312987 269059
1: 19551 162129 -972230 269059
2: -23324 162925 -746776 269059
2: -34713 191607 886312 269059
1: 36822 136857 707472 269059
2: -40817 194579 766428 269059
1: 42483 136857 472226 269059
2: -42959 189679 491300 269059
1: 43218 128877 992426 269059
2: -45619 160769 -933470 269059
2: -45619 171955 -356592 269059
1: 53067 136857 167042 269059
2: -57624 189525 167042 269059
1: 58378 123823 714119 269059
2: -58956 162129 -866761 269059
2: -59584 204085 560082 269059
2: -60648 214149 793016 269059
2: -61446 165699 -722211 269059
2: -63869 171955 -495292 269059
1: 65246 123823 515865 269059
1: 68782 119491 635579 269059
2: -68782 168587 -635579 269059
1: 69286 123823 417605 269059
1: 70756 156065 -751689 269059
1: 80864 126293 99127 269059
2: -80864 204085 225998 269059
2: -81634 216923 466735 269059
1: 83521 104329 984410 269059
1: 83521 108535 778316 269059
1: 83521 110789 674310 269059
1: 83521 123823 147140 269059
1: 83521 143089 -456190 269059
1: 83521 151949 -682290 269059
1: 83521 159923 -864360 269059
2: -83521 165179 -778316 269059
1: 84474 122451 181781 269059
1: 84721 104329 950810 269059
2: -84966 250563 937517 269059
1: 85407 132651 -171836 269059
2: -88434 233583 644385 269059
2: -88434 245841 816340 269059
2: -88837 228361 560082 269059
1: 91238 104329 783768 269059
1: 91238 123403 49419 269059
1: 91238 154147 -751689 269059
1: 91238 155771 -785213 269059
1: 93347 123823 8568 269059
2: -93347 240737 675906 269059
1: 99127 123823 -60112 269059
2: -102543 250563 677768 269059
1: 104329 101479 623084 269059
2: -104329 172235 -623084 269059
2: -104329 228095 379168 269059
2: -104329 241129 546210 269059
2: -104958 215061 186694 269059
2: -106134 250563 635285 269059
1: 108086 100205 601426 269059
2: -108086 173509 -601426 269059
1: 109956 136857 -466735 269059
1: 110789 123823 -176868 269059
1: 111454 112999 110789 269059
2: -112999 229957 324870 269059
2: -117686 215747 103173 269059
2: -120099 221085 158270 269059
1: 122451 89775 746776 269059
2: -122451 167979 -746776 269059
2: -122451 250563 473632 269059
1: 123823 83521 993482 269059
1: 123823 93347 581196 269059
1: 123823 99127 376856 269059
1: 123823 110789 29478 269059
1: 124852 104329 199121 269059
2: -128877 250563 421204 269059
2: -129654 280041 665380 269059
1: 132651 128625 -429590 269059
2: -132651 280041 638666 269059
1: 133518 136857 -571064 269059
2: -136458 280041 606424 269059
2: -136857 165699 -805732 269059
2: -141659 214795 -39304 269059
1: 143374 99127 126293 269059
1: 148862 93347 222547 269059
1: 149454 92463 240737 269059
2: -149891 169099 -746776 269059
1: 152303 93347 182476 269059
1: 153748 83521 462707 269059
1: 155771 84035 417316 269059
2: -155771 189679 -417316 269059
2: -156349 391685 991270 269059
2: -156408 297381 571064 269059
2: -156408 371469 918731 269059
1: 156674 93347 134113 269059
1: 158466 73695 754851 269059
1: 159201 82365 424830 269059
2: -159201 390507 962948 269059
1: 159562 74039 722211 269059
2: -159562 170863 -722211 269059
1: 160412 83521 371469 269059
1: 162129 136857 -656982 269059
2: -162996 371469 865844 269059
1: 163268 76741 560082 269059
1: 163268 83521 334647 269059
2: -163268 181013 -560082 269059
2: -164388 367353 840123 269059
2: -165669 312987 595340 269059
1: 166782 136857 -668168 269059
1: 167042 80213 389158 269059
1: 167042 99127 -98553 269059
1: 167042 104329 -201684 269059
1: 167042 110789 -316274 269059
1: 167042 123823 -511077 269059
2: -167042 174097 -674044 269059
2: -167042 193501 -389158 269059
2: -167042 194579 -374997 269059
2: -167042 269059 328643 269059
2: -167042 299047 512981 269059
2: -167042 300713 522144 269059
2: -167042 334229 687078 269059
1: 169442 104329 -218484 269059
1: 169932 136857 -675393 269059
1: 171836 83521 231525 269059
1: 171836 98441 -122825 269059
1: 172872 103173 -220932 269059
1: 172872 128877 -594473 269059
1: 174002 71687 584647 269059
2: -176596 319333 560082 269059
1: 176868 103173 -247646 269059
2: -177674 395675 840123 269059
1: 177973 118237 -481474 269059
1: 179284 83521 149891 269059
2: -180234 265335 240737 269059
1: 182476 70805 494190 269059
1: 182476 83521 116945 269059
1: 182476 122825 -555237 269059
2: -182476 300713 437257 269059
2: -183498 250563 123823 269059
1: 186694 123823 -580363 269059
2: -186694 171955 -723387 269059
2: -186694 211259 -228095 269059
2: -186694 240737 37240 269059
2: -189679 422009 835210 269059
2: -193452 371469 668168 269059
1: 196882 71383 291023 269059
1: 197106 179469 -991270 269059
2: -197828 344029 550256 269059
1: 198254 83521 -30324 269059
1: 198254 123823 -614703 269059
2: -199994 417605 763518 269059
2: -202419 525255 962948 269059
1: 202521 136857 -736950 269059
1: 205751 60025 560082 269059
2: -205751 184877 -560082 269059
1: 206346 73695 123823 269059
1: 206346 93639 -276165 269059
1: 206346 136857 -742900 269059
1: 208658 66101 311542 269059
1: 208658 83521 -115248 269059
1: 208658 170471 -941273 269059
2: -208658 207613 -311542 269059
2: -208658 535423 941273 269059
1: 209916 167865 -928557 269059
2: -209916 531753 928557 269059
1: 212268 132753 -722211 269059
1: 212268 136857 -751689 269059
1: 216172 63553 300713 269059
2: -216172 210161 -300713 269059
2: -217532 501809 840123 269059
1: 217702 83521 -182476 269059
2: -218148 202521 -378301 269059
1: 220507 65341 198254 269059
2: -220507 222737 -198254 269059
1: 221578 83521 -209608 269059
1: 221578 123823 -673081 269059
1: 224542 45619 918731 269059
1: 225694 133931 -751689 269059
2: -225694 337535 407779 269059
2: -226674 460275 722211 269059
1: 226708 125137 -693889 269059
2: -227732 617057 938961 269059
2: -228021 223293 -208658 269059
2: -230622 250563 -19551 269059
1: 230911 158935 -886312 269059
2: -230911 584003 886312 269059
1: 231182 83521 -272916 269059
2: -235824 189525 -536452 269059
2: -237538 693889 960636 269059
1: 237699 59109 186694 269059
2: -237699 722211 981920 269059
1: 239267 102017 -538118 269059
2: -239267 399109 538118 269059
1: 239343 49833 481474 269059
2: -239343 195069 -481474 269059
1: 240737 45619 643416 269059
1: 240737 55223 270028 269059
1: 240737 93347 -454328 269059
1: 240737 112999 -636804 269059
2: -240737 218491 -270028 269059
2: -240737 319333 290054 269059
1: 243314 83521 -345744 269059
2: -243338 788557 999362 269059
1: 244902 50673 373388 269059
1: 244902 53067 289867 269059
1: 244902 137541 -795906 269059
2: -244902 207081 -373388 269059
2: -244902 562077 795906 269059
2: -245119 775523 982600 269059
1: 247646 83521 -370020 269059
1: 247646 93347 -484925 269059
1: 247646 96815 -519911 269059
1: 247646 99127 -541875 269059
1: 247646 108205 -619038 269059
1: 247646 110789 -638690 269059
1: 247646 114905 -668168 269059
2: -247646 404311 519911 269059
2: -247646 451877 619038 269059
2: -247646 479857 668168 269059
1: 250563 42483 636804 269059
1: 250563 53067 221676 269059
1: 250563 115311 -677768 269059
1: 250563 126021 -742938 269059
1: 250563 136857 -798494 269059
2: -250563 159201 -929726 269059
2: -250563 345933 351918 269059
2: -250563 410571 523944 269059
2: -250563 538713 742938 269059
1: 255476 60025 -18411 269059
2: -257642 840769 962948 269059
1: 257754 136857 -805732 269059
1: 258077 133931 -793016 269059
2: -258077 609007 793016 269059
1: 259063 45619 373388 269059
2: -259522 328643 269059 269059
1: 261364 40817 545343 269059
2: -263704 417605 495292 269059
2: -264453 250563 -90972 269059
1: 269059 83521 -478534 269059
2: -269059 417605 478534 269059
2: -269059 866761 927690 269059
1: 269892 115881 -722211 269059
2: -273683 866761 909194 269059
1: 273714 33201 746776 269059
1: 273714 44217 231268 269059
1: 273714 55233 -78608 269059
2: -273714 173145 -746776 269059
2: -273714 250563 -107445 269059
2: -273714 312987 177735 269059
2: -273714 515865 627912 269059
2: -273714 588693 713830 269059
2: -273714 644385 766428 269059
2: -273714 735357 835210 269059
2: -275128 299693 123823 269059
1: 277144 114733 -730303 269059
2: -278331 250563 -115248 269059
1: 280041 159201 -891310 269059
2: -280041 371469 341054 269059
1: 280619 58121 -198254 269059
1: 280721 83521 -530670 269059
1: 283024 181781 -939624 269059
2: -283024 204085 -442170 269059
2: -283024 417605 437815 269059
2: -283318 291023 71383 269059
1: 294576 231525 -997339 269059
1: 296058 202521 -962948 269059
2: -297381 751689 763154 269059
2: -298214 228095 -280041 269059
1: 299782 80503 -584647 269059
2: -299782 545471 584647 269059
1: 300713 31213 383214 269059
1: 300713 45619 -117912 269059
1: 300713 83521 -610638 269059
2: -300713 213689 -383214 269059
2: -302294 584647 619115 269059
2: -303807 751689 742938 269059
1: 304606 93347 -684285 269059
1: 304606 234955 -988057 269059
2: -305881 866761 795906 269059
2: -309519 338541 184110 269059
1: 310821 21609 835210 269059
1: 311542 31213 208658 269059
2: -311542 242501 -208658 269059
1: 312987 19551 987224 269059
1: 312987 136857 -850238 269059
1: 312987 250563 -989212 269059
2: -312987 410571 349112 269059
2: -312987 751689 715498 269059
1: 313747 83521 -657286 269059
2: -314432 653429 645183 269059
1: 314531 42959 -196520 269059
1: 314874 76893 -619038 269059
2: -314874 622725 619038 269059
1: 316932 54621 -417316 269059
1: 318402 59109 -481474 269059
1: 318402 122451 -820471 269059
2: -318402 338541 167042 269059
2: -318402 500973 481474 269059
1: 319333 240737 -974814 269059
2: -319333 240737 -228038 269059
1: 323391 280497 -991270 269059
1: 323456 204085 -943296 269059
1: 326536 24605 280041 269059
2: -326536 233149 -280041 269059
2: -329171 378301 247646 269059
1: 331338 312987 -991559 269059
2: -331398 295323 4913 269059
2: -332367 250563 -190456 269059
2: -332367 371469 225998 269059
2: -333739 466735 399228 269059
1: 334084 17689 619409 269059
1: 334084 23569 194579 269059
1: 334084 29393 -58653 269059
1: 334084 30821 -106134 269059
1: 334084 31213 -118408 269059
1: 334084 38437 -299782 269059
1: 334084 40817 -345477 269059
1: 334084 63973 -612598 269059
1: 334084 79781 -705894 269059
1: 334084 83657 -723387 269059
1: 334084 84721 -727909 269059
1: 334084 88837 -744382 269059
1: 334084 104329 -794731 269059
1: 334084 110789 -811566 269059
1: 334084 139009 -866761 269059
1: 334084 173641 -909979 269059
1: 334084 184093 -919828 269059
2: -334084 192185 -580013 269059
2: -334084 204085 -483018 269059
1: 334084 227069 -950796 269059
1: 334084 229957 -952462 269059
1: 334084 241129 -958531 269059
2: -334084 250145 -194579 269059
1: 334084 300713 -983283 269059
2: -334084 300713 20335 269059
2: -334084 368581 216090 269059
2: -334084 521645 470596 269059
2: -334084 553945 506331 269059
2: -334084 678965 612598 269059
2: -334084 693889 622725 269059
2: -334084 850493 707560 269059
2: -334084 866761 714615 269059
1: 337022 40817 -373388 269059
2: -337858 584647 527877 269059
1: 338884 104329 -803131 269059
1: 341598 98553 -793016 269059
1: 343672 127253 -854862 269059
1: 347116 30685 -275128 269059
1: 347802 44217 -515508 269059
1: 348726 73695 -728875 269059
2: -348823 267197 -131138 269059
1: 349112 31213 -312987 269059
1: 349809 310023 -962948 269059
1: 351918 14739 413763 269059
1: 351918 17493 186694 269059
1: 351918 681207 -997339 269059
1: 353736 24909 -204085 269059
1: 355181 619115 -987224 269059
1: 355946 101185 -825384 269059
2: -357884 417605 273714 269059
1: 362083 617057 -972774 269059
1: 363562 257887 -933793 269059
2: -364344 371469 171955 269059
1: 364952 9877 560082 269059
1: 364952 167909 -900524 269059
2: -364952 184093 -664411 269059
2: -364952 196469 -560082 269059
1: 364952 209741 -918731 269059
2: -364952 229957 -334084 269059
1: 366054 44217 -653072 269059
1: 367353 31407 -530604 269059
2: -367353 668211 530604 269059
2: -369068 926041 653429 269059
1: 370209 7203 834632 269059
1: 371469 16473 -214438 269059
1: 371469 19551 -334084 269059
1: 371469 22287 -412692 269059
2: -371469 221085 -391986 269059
1: 371469 250563 -924448 269059
2: -371469 262395 -176868 269059
1: 371469 297381 -932314 269059
1: 371469 338997 -937482 269059
1: 371469 402339 -943296 269059
2: -371469 537795 412692 269059
2: -371469 751689 572530 269059
2: -371469 892143 635800 269059
1: 373184 6517 840123 269059
1: 373388 17689 -307377 269059
1: 373388 27797 -548114 269059
1: 373388 240737 -920759 269059
2: -373388 240737 -282093 269059
1: 373388 378301 -938448 269059
2: -373388 715141 548114 269059
1: 373388 866761 -955893 269059
2: -373388 866761 621809 269059
1: 373996 24565 -501466 269059
3: 373996 -488699 -991270 269059
3: 373996 -775523 -982600 269059
1: 374556 85557 -835210 269059
3: 374556 -722211 -981920 269059
1: 376957 34391 -662796 269059
1: 377606 584647 -941535 269059
2: -377606 584647 446243 269059
1: 377986 337535 -928557 269059
3: 377986 -495635 -977398 269059
3: 378301 -466735 -977550 269059
3: 378301 -866761 -967980 269059
1: 379358 608923 -938961 269059
2: -380044 417605 237538 269059
3: 380093 -840769 -962948 269059
1: 380681 501809 -933470 269059
3: 381577 -693889 -960636 269059
3: 383214 -722211 -955206 269059
3: 386631 -136857 -982600 269059
1: 386904 371469 -918731 269059
3: 388962 -250563 -952318 269059
1: 389572 83521 -866761 269059
3: 391363 -83521 -979032 269059
1: 392768 6517 -309519 269059
1: 393414 21609 -746776 269059
2: -393764 521645 357204 269059
3: 394774 -146461 -938961 269059
1: 396508 6517 -516154 269059
1: 396508 83521 -881923 269059
3: 396508 -123823 -933759 269059
2: -396508 736421 516154 269059
3: 396606 -122451 -933470 269059
1: 398566 11305 -746776 269059
3: 398566 -59245 -938961 269059
1: 400428 633777 -902139 269059
2: -400624 911525 584647 269059
3: 400624 -918731 -904666 269059
3: 401432 -45619 -918731 269059
3: 402866 -6517 -938315 269059
3: 404838 -1083 -481474 269059
2: -404838 700701 481474 269059
3: 405042 -21609 -869601 269059
3: 406182 -191607 -886312 269059
3: 406334 -17689 -835499 269059
1: 406486 617015 -892143 269059
3: 409374 -250563 -876022 269059
3: 410571 -42483 -823650 269059
3: 410571 -53067 -835210 269059
3: 410571 -73695 -848198 269059
3: 410571 -92055 -854862 269059
2: -410571 321657 -10982 269059
2: -410571 401793 167042 269059
1: 410571 722211 -885020 269059
1: 410571 902139 -884340 269059
1: 411179 112847 -903992 269059
3: 411502 -2401 280041 269059
3: 411502 -83521 -846279 269059
2: -411502 247303 -280041 269059
3: 411901 -83521 -843780 269059
3: 412114 -20237 -730303 269059
3: 412692 -840123 -873278 269059
3: 413559 -371469 -865844 269059
3: 414428 -47107 -793016 269059
1: 415004 199633 -892143 269059
3: 415378 -2401 840123 269059
2: -415871 697319 461244 269059
3: 416594 -30821 -722211 269059
3: 417088 -169099 -840123 269059
1: 417088 177973 -894166 269059
3: 417316 -4655 155771 269059
3: 417316 -45619 -762960 269059
1: 417316 83521 -924385 269059
3: 417316 -228095 -846481 269059
2: -417316 278369 -155771 269059
1: 417316 417605 -878766 269059
3: 417316 -584647 -859215 269059
3: 417774 -18411 -599386 269059
3: 417774 -187017 -840123 269059
2: -417774 712215 466735 269059
3: 418038 -574821 -857157 269059
3: 419121 -612255 -854862 269059
3: 419254 -232897 -840123 269059
3: 419832 -254163 -840123 269059
3: 422142 -367353 -840123 269059
1: 422518 643603 -866761 269059
3: 422576 -395675 -840123 269059
3: 422807 -866761 -848504 269059
3: 423878 -501809 -840123 269059
3: 424252 -931931 -845614 269059
3: 424536 -49419 -708050 269059
1: 424536 108045 -918731 269059
3: 424536 -410571 -835210 269059
1: 424977 938961 -859486 269059
3: 427431 -97755 -764218 269059
3: 427431 -583737 -833000 269059
3: 432117 -214149 -793016 269059
2: -432344 423605 176358 269059
3: 433466 -88445 -722211 269059
1: 435404 83521 -957999 269059
2: -437257 194579 -603092 269059
3: 438124 -86279 -693889 269059
3: 438254 -40817 -545343 269059
2: -439383 309519 -73644 269059
1: 439926 108045 -933470 269059
3: 441014 -13357 99127 269059
2: -441014 301435 -99127 269059
2: -441784 565573 329460 269059
3: 442748 -123823 -714119 269059
1: 443156 83521 -971565 269059
3: 443156 -123823 -712385 269059
1: 443156 417605 -847742 269059
3: 443156 -619115 -795906 269059
1: 445638 250563 -866761 269059
1: 446586 113373 -933470 269059
3: 447083 -211259 -742938 269059
3: 448001 -918731 -792330 269059
2: -449673 312987 -72828 269059
1: 450772 866761 -820471 269059
2: -450772 866761 486387 269059
3: 451972 -71687 -584647 269059
3: 458591 -11305 746776 269059
3: 459914 -83521 -574721 269059
3: 459914 -501809 -751689 269059
3: 459914 -594473 -757197 269059
3: 460992 -538251 -751689 269059
2: -461244 751689 423605 269059
3: 461822 -53599 -443156 269059
3: 461822 -447083 -742938 269059
2: -461822 796537 443156 269059
3: 463148 -45619 -373388 269059
2: -465794 475405 208658 269059
3: 466412 -362159 -722211 269059
3: 467362 -866761 -751689 269059
3: 469224 -822171 -746776 269059
3: 471576 -460275 -722211 269059
3: 472311 -59565 -412692 269059
3: 472311 -250563 -682290 269059
2: -472311 759183 412692 269059
3: 474012 -250563 -677768 269059
3: 475076 -12427 991270 269059
1: 475076 693889 -793305 269059
2: -475076 693889 375989 269059
1: 475398 722211 -791673 269059
1: 476272 468293 -807177 269059
1: 477603 280041 -837998 269059
3: 477799 -558467 -717298 269059
2: -478534 547655 269059 269059
3: 478686 -22785 240737 269059
2: -478686 267687 -240737 269059
3: 478828 -887519 -730303 269059
3: 481474 -26411 135014 269059
3: 481474 -45619 -238374 269059
3: 481474 -54043 -318402 269059
3: 481474 -93347 -500878 269059
2: -481474 228095 -415055 269059
2: -481474 300125 -135014 269059
2: -481474 466735 181545 269059
1: 481474 501809 -798456 269059
3: 481474 -501809 -705109 269059
2: -481474 614125 318402 269059
1: 481474 866761 -778804 269059
2: -481474 866761 444720 269059
3: 481474 -866761 -724761 269059
3: 482601 -280041 -665380 269059
1: 486387 722211 -778316 269059
3: 489804 -27531 186694 269059
3: 489804 -74727 -397953 269059
1: 489804 159201 -899079 269059
2: -489804 285285 -186694 269059
1: 489804 751689 -772901 269059
2: -489804 774345 397953 269059
3: 489877 -152303 -571438 269059
1: 490238 775523 -771341 269059
2: -490238 775523 397953 269059
3: 490833 -371469 -668168 269059
1: 493126 319345 -816340 269059
3: 494606 -171955 -576878 269059
2: -494606 374357 29478 269059
3: 494836 -123823 -515865 269059
3: 495292 -63631 -309519 269059
3: 495292 -67571 -334084 269059
3: 495292 -93347 -443632 269059
3: 495292 -99127 -460377 269059
1: 495292 110789 -972774 269059
2: -495292 623713 309519 269059
2: -495292 662333 334084 269059
1: 495292 967861 -758506 269059
1: 496213 123823 -947716 269059
3: 497097 -250563 -619458 269059
2: -498066 250563 -319333 269059
3: 499681 -83521 -391020 269059
1: 500388 751689 -760627 269059
3: 500878 -116603 -481474 269059
3: 501126 -17955 847210 269059
3: 501126 -22491 530670 269059
3: 501126 -46305 -113715 269059
3: 501126 -48735 -144060 269059
3: 501126 -61047 -260680 269059
3: 501126 -80325 -371469 269059
1: 501126 112455 -972895 269059
3: 501126 -125685 -498085 269059
1: 501126 148257 -912380 269059
3: 501126 -157437 -543305 269059
3: 501126 -165699 -552230 269059
1: 501126 175959 -882455 269059
1: 501126 195075 -866761 269059
3: 501126 -218025 -593047 269059
1: 501126 231525 -844018 269059
1: 501126 243675 -837949 269059
3: 501126 -273105 -619115 269059
2: -501126 297381 -156674 269059
1: 501126 305235 -814625 269059
2: -501126 312987 -112847 269059
3: 501126 -324135 -635360 269059
3: 501126 -341145 -639695 269059
2: -501126 371469 18634 269059
1: 501126 382347 -796005 269059
3: 501126 -427329 -656355 269059
1: 501126 477603 -781305 269059
3: 501126 -562275 -672182 269059
1: 501126 628425 -767144 269059
3: 501126 -741285 -684285 269059
2: -501126 745059 371469 269059
1: 501126 787185 -758100 269059
2: -501126 807177 398468 269059
1: 501126 828495 -756315 269059
3: 501126 -879795 -690270 269059
3: 501809 -34391 102714 269059
3: 501809 -104329 -449684 269059
3: 501809 -175763 -560082 269059
1: 501809 300713 -815558 269059
2: -501809 300713 -147390 269059
3: 501809 -533197 -668168 269059
1: 503804 866761 -751689 269059
2: -503804 866761 417605 269059
3: 504322 -83521 -371469 269059
1: 506039 660079 -759696 269059
2: -506844 684285 334084 269059
3: 507773 -866761 -678572 269059
3: 507927 -280041 -606424 269059
3: 508326 -55233 -171955 269059
3: 509012 -71383 -291023 269059
3: 510041 -30685 275128 269059
3: 512981 -93347 -374850 269059
3: 515508 -237699 -569908 269059
1: 515508 751689 -743967 269059
2: -515774 417605 83790 269059
3: 516154 -103607 -396508 269059
2: -516154 846545 396508 269059
3: 518616 -312987 -595340 269059
1: 520778 107863 -997101 269059
3: 520778 -653429 -645183 269059
4: -520778 -850801 997101 269059
3: 523418 -21641 840123 269059
1: 523418 400843 -774231 269059
3: 524552 -256907 -560082 269059
3: 525476 -123823 -417605 269059
3: 525691 -157339 -474810 269059
3: 527877 -297381 -571064 269059
1: 528906 250563 -821275 269059
2: -530604 280041 -228095 269059
3: 530621 -83521 -267140 269059
3: 530621 -283955 -560082 269059
1: 530621 770735 -727124 269059
3: 532916 -584647 -619115 269059
3: 533919 -276801 -550256 269059
2: -534394 521645 190162 269059
3: 538118 -83521 -239267 269059
1: 538118 866761 -714408 269059
3: 538118 -866761 -630887 269059
1: 540056 423605 -756602 269059
3: 542626 -42959 196520 269059
4: -543704 -918731 940310 269059
3: 545471 -845495 -619038 269059
1: 547366 866761 -705160 269059
2: -547366 866761 371076 269059
3: 547428 -36771 373388 269059
2: -547428 159201 -918731 269059
2: -547428 243117 -373388 269059
3: 547428 -722211 -608532 269059
2: -547428 751689 326591 269059
2: -547428 938961 393329 269059
3: 547637 -344029 -550256 269059
3: 549829 -118769 -334084 269059
3: 550164 -92463 -240737 269059
1: 554591 123823 -971040 269059
1: 556662 250563 -809137 269059
3: 557032 -93347 -222547 269059
1: 557277 410571 -746776 269059
3: 558467 -83521 -167384 269059
3: 560082 -103173 -254163 269059
1: 560082 144039 -927129 269059
3: 560082 -722211 -590254 269059
4: -560082 -842751 941868 269059
4: -560082 -886977 927129 269059
2: -560082 928557 377986 269059
1: 560371 417605 -742938 269059
2: -561834 902139 368475 269059
3: 562394 -45619 252586 269059
3: 563654 -83521 -149891 269059
3: 565117 -40817 373388 269059
3: 566979 -157437 -373388 269059
3: 567511 -866761 -589560 269059
4: -567511 -866761 923644 269059
3: 569908 -93347 -182476 269059
3: 571438 -28861 840123 269059
1: 571438 375193 -746776 269059
3: 573496 -29155 840123 269059
1: 575358 367353 -746776 269059
3: 575586 -250563 -456190 269059
4: -576156 -840123 921298 269059
2: -576844 745465 297381 269059
3: 576878 -241129 -447083 269059
4: -578816 -918731 892829 269059
1: 579156 416745 -730303 269059
3: 581042 -34391 662796 269059
3: 581042 -104329 -199121 269059
1: 582046 164255 -892143 269059
4: -582046 -907193 892143 269059
3: 582071 -230911 -429590 269059
1: 583737 929187 -668168 269059
3: 584647 -40817 479408 269059
3: 584647 -45619 363774 269059
3: 584647 -51731 247646 269059
3: 584647 -57817 156408 269059
3: 584647 -64619 74774 269059
3: 584647 -104329 -189336 269059
2: -584647 282353 -247646 269059
2: -584647 315571 -156408 269059
2: -584647 352697 -74774 269059
1: 584647 429779 -723444 269059
3: 584647 -429779 -514786 269059
1: 584647 693889 -683734 269059
2: -584647 693889 266418 269059
3: 584647 -693889 -554496 269059
4: -584647 -693889 971812 269059
1: 584647 775523 -676932 269059
2: -584647 775523 303544 269059
3: 584647 -775523 -561298 269059
4: -584647 -775523 934686 269059
1: 584647 866761 -670846 269059
2: -584647 866761 336762 269059
3: 584647 -866761 -567384 269059
4: -584647 -866761 901468 269059
3: 584647 -982889 -573496 269059
3: 586264 -93347 -134113 269059
1: 588931 123823 -982600 269059
1: 589456 417605 -723387 269059
2: -590138 181447 -730303 269059
1: 591318 122451 -987513 269059
1: 593028 165669 -889542 269059
4: -593028 -871563 889542 269059
3: 593047 -83521 -56544 269059
1: 593047 339031 -746776 269059
3: 593674 -36701 653429 269059
3: 594473 -34391 742938 269059
1: 594762 175959 -873069 269059
2: -594762 250563 -361361 269059
2: -594762 371469 -45662 269059
4: -594762 -918897 873069 269059
2: -595448 273581 -280041 269059
3: 595612 -584647 -527877 269059
3: 596071 -417605 -495292 269059
1: 597849 386631 -727124 269059
4: -597849 -739347 933470 269059
3: 599386 -88445 -69139 269059
2: -599386 216433 -515508 269059
1: 599386 252301 -791350 269059
3: 599564 -99127 -126293 269059
3: 601426 -45619 442170 269059
3: 601426 -60025 191607 269059
3: 601426 -83521 -31605 269059
1: 601426 228095 -810645 269059
3: 601426 -228095 -393040 269059
2: -601426 304927 -191607 269059
1: 601426 417605 -715890 269059
3: 601426 -417605 -487795 269059
3: 603288 -250563 -408709 269059
1: 605166 503595 -693889 269059
4: -605744 -619115 987224 269059
1: 606081 533919 -687820 269059
4: -606081 -892143 867578 269059
2: -608482 619837 206346 269059
2: -609501 751689 273714 269059
3: 610197 -44217 515508 269059
1: 611762 866761 -648516 269059
2: -611762 866761 314432 269059
2: -614703 614061 198254 269059
3: 614992 -918731 -534394 269059
3: 615144 -122451 -181781 269059
3: 617253 -64827 186694 269059
2: -617253 309729 -186694 269059
3: 619458 -55233 329171 269059
3: 623084 -74431 104329 269059
2: -623084 348145 -104329 269059
3: 624036 -36015 840123 269059
2: -625974 180075 -744175 269059
1: 625974 194481 -842724 269059
2: -625974 250563 -372155 269059
2: -625974 488775 91035 269059
1: 625974 527877 -675682 269059
4: -625974 -684285 926245 269059
4: -625974 -900375 842724 269059
2: -629062 555169 147288 269059
3: 629748 -196023 -309519 269059
2: -629748 895641 309519 269059
3: 631484 -112999 -110789 269059
1: 636804 144789 -934626 269059
3: 636804 -161823 -240737 269059
4: -636804 -645915 934626 269059
2: -636804 721905 240737 269059
1: 638666 240737 -788120 269059
2: -638666 240737 -414732 269059
3: 641067 -54621 417316 269059
3: 642219 -44217 653072 269059
1: 642243 250563 -778316 269059
4: -644024 -660275 918731 269059
1: 645183 149991 -922488 269059
4: -645183 -651117 922488 269059
3: 645869 -290377 -373388 269059
4: -646323 -583737 962948 269059
3: 647241 -293265 -373388 269059
1: 647241 751689 -631750 269059
1: 648516 136857 -957695 269059
3: 648516 -813939 -490960 269059
1: 651966 221085 -804678 269059
3: 653429 -63869 312816 269059
2: -653429 270215 -312816 269059
1: 653429 866761 -617814 269059
2: -653429 866761 283730 269059
3: 653429 -866761 -490076 269059
4: -653429 -866761 824160 269059
4: -654493 -775523 854862 269059
3: 657118 -866761 -486387 269059
4: -657118 -866761 820471 269059
1: 657874 525691 -656659 269059
3: 658342 -38171 917966 269059
2: -658658 938383 300713 269059
1: 659148 938961 -608923 269059
3: 659498 -83521 123823 269059
2: -659908 501809 83521 269059
3: 662074 -126293 -99127 269059
3: 662676 -712215 -466735 269059
1: 662796 684285 -628864 269059
1: 664734 250563 -771533 269059
1: 664734 371469 -697646 269059
3: 665684 -584647 -446243 269059
4: -665684 -584647 941535 269059
3: 666434 -697319 -461244 269059
3: 668168 -45619 715027 269059
3: 668168 -243523 -306299 269059
3: 668168 -269059 -328643 269059
1: 668168 591413 -638666 269059
3: 668168 -775523 -467799 269059
4: -668168 -775523 841187 269059
2: -668168 986461 306299 269059
1: 668933 127253 -992426 269059
1: 668933 202027 -825384 269059
2: -669879 265335 -334084 269059
1: 672623 388127 -687344 269059
4: -674142 -633777 902139 269059
3: 675393 -159201 -169932 269059
1: 675682 645869 -625974 269059
3: 676396 -853727 -466735 269059
1: 681207 751689 -609854 269059
1: 681884 621061 -625974 269059
3: 682499 -376957 -373388 269059
3: 682907 -45619 768094 269059
3: 684437 -83521 182476 269059
3: 686686 -466735 -399228 269059
2: -687344 417605 -23667 269059
3: 687344 -602651 -427431 269059
2: -689554 224903 -495635 269059
3: 692733 -208887 -233206 269059
1: 692733 371469 -685202 269059
3: 693889 -83521 203604 269059
3: 693889 -103607 63002 269059
2: -693889 391685 -63002 269059
2: -693889 417605 -26714 269059
2: -693889 548359 104040 269059
4: -693889 -548359 939250 269059
1: 693889 584647 -625252 269059
2: -693889 584647 129960 269059
3: 693889 -584647 -418038 269059
4: -693889 -584647 913330 269059
1: 693889 725249 -605166 269059
3: 693889 -725249 -438124 269059
2: -694526 285719 -280041 269059
4: -694564 -617015 892143 269059
3: 697646 -240737 -265335 269059
2: -699979 417605 -29498 269059
4: -701092 -918731 764598 269059
3: 702506 -45619 835210 269059
1: 702506 466735 -647241 269059
1: 703836 186405 -845614 269059
4: -703836 -687531 845614 269059
3: 711892 -654787 -412692 269059
4: -713697 -497301 962948 269059
1: 714126 281775 -730303 269059
2: -717668 374833 -99127 269059
2: -717801 250563 -398468 269059
3: 719321 -619115 -400554 269059
3: 722211 -221085 -212268 269059
3: 722211 -410571 -345610 269059
2: -722211 781167 212268 269059
1: 722211 840123 -577220 269059
2: -723387 751689 200298 269059
2: -724234 228095 -488699 269059
3: 725102 -344777 -312987 269059
3: 726817 -83521 272916 269059
3: 729904 -83419 280041 269059
1: 729904 253061 -751689 269059
2: -729904 289765 -280041 269059
2: -729904 417605 -42503 269059
4: -729904 -879035 751689 269059
3: 730303 -45619 924222 269059
3: 732564 -250563 -234612 269059
3: 734426 -866761 -417605 269059
4: -734426 -866761 751689 269059
3: 734706 -53067 736950 269059
1: 734706 148029 -933470 269059
3: 734706 -286995 -265302 269059
2: -734706 986613 265302 269059
3: 737086 -83521 293265 269059
1: 737352 207213 -807177 269059
3: 737884 -918731 -419146 269059
3: 740316 -265335 -240737 269059
1: 742938 210681 -801108 269059
3: 742938 -235467 -206346 269059
1: 742938 250047 -751689 269059
2: -742938 250563 -404537 269059
2: -742938 297381 -264146 269059
4: -742938 -711807 801108 269059
2: -742938 795549 206346 269059
4: -742938 -844809 751689 269059
4: -746368 -918731 727776 269059
3: 746711 -521645 -357204 269059
3: 746776 -171955 -97755 269059
1: 746776 300125 -706401 269059
3: 746776 -315875 -274057 269059
1: 746776 614125 -593047 269059
3: 746776 -619115 -377230 269059
3: 747992 -775523 -397953 269059
4: -747992 -775523 771341 269059
4: -749112 -722211 791673 269059
3: 751689 -53067 781942 269059
3: 751689 -74613 417088 269059
1: 751689 182427 -849072 269059
2: -751689 198645 -638666 269059
3: 751689 -203889 -152684 269059
2: -751689 212415 -566048 269059
2: -751689 265335 -357112 269059
3: 751689 -286671 -247646 269059
1: 751689 320397 -690802 269059
4: -751689 -516477 912380 269059
2: -751689 548457 75810 269059
4: -751689 -552279 884450 269059
2: -751689 577239 96040 269059
2: -751689 617253 121030 269059
4: -751689 -689871 804090 269059
3: 751689 -807177 -398468 269059
1: 751689 902139 -555856 269059
2: -751689 951405 247646 269059
2: -756602 181781 -742938 269059
3: 756602 -866761 -400469 269059
4: -756602 -866761 734553 269059
2: -757758 751689 182476 269059
3: 763154 -693889 -375989 269059
4: -763154 -693889 793305 269059
3: 763861 -619115 -363562 269059
3: 764959 -83521 345744 269059
4: -766428 -722211 778316 269059
1: 769006 495635 -609501 269059
4: -774102 -751689 760627 269059
2: -774231 371469 -125426 269059
3: 775523 -83521 364648 269059
3: 775523 -118769 117912 269059
2: -775523 376523 -117912 269059
1: 775523 584647 -585504 269059
2: -775523 584647 90212 269059
3: 775523 -584647 -347966 269059
4: -775523 -584647 843258 269059
3: 775523 -831383 -383214 269059
4: -776254 -560119 859180 269059
3: 776832 -410571 -296514 269059
3: 778316 -285719 -221085 269059
3: 778316 -466735 -315707 269059
4: -778316 -733771 764694 269059
1: 781167 347529 -664734 269059
3: 782726 -83521 377245 269059
3: 785127 -103173 220932 269059
3: 785536 -103243 221085 269059
2: -785536 185269 -722211 269059
3: 785536 -918731 -384160 269059
1: 786258 566979 -584647 269059
3: 786828 -813939 -373388 269059
3: 788557 -104329 218484 269059
1: 788851 866761 -540430 269059
3: 790704 -53067 877982 269059
3: 790993 -919583 -380494 269059
3: 793016 -358435 -258077 269059
1: 793016 417605 -626696 269059
3: 793016 -619115 -341598 269059
3: 793016 -918731 -379050 269059
2: -793934 619115 103173 269059
3: 794731 -565573 -329460 269059
3: 797929 -866761 -371076 269059
4: -797929 -866761 705160 269059
1: 799976 417605 -624260 269059
1: 804678 751689 -545832 269059
3: 805732 -235543 -142443 269059
3: 806736 -902139 -368475 269059
1: 807177 250563 -737352 269059
4: -807177 -751689 737352 269059
3: 809676 -351975 -240737 269059
1: 810084 136857 -977687 269059
2: -816221 593047 78608 269059
1: 816582 292179 -693889 269059
3: 817304 -215747 -103173 269059
3: 819831 -684285 -334084 269059
1: 820471 989555 -515508 269059
3: 821142 -57477 840123 269059
1: 821142 259233 -724812 269059
1: 821142 323817 -668168 269059
3: 821142 -689871 -334084 269059
2: -821142 722211 141797 269059
4: -821142 -760359 724812 269059
2: -821142 902139 201433 269059
4: -821142 -949791 668168 269059
1: 821142 977109 -516154 269059
1: 822171 371469 -638690 269059
3: 823802 -83521 444871 269059
3: 829521 -250563 -139650 269059
1: 831383 693889 -542742 269059
3: 834632 -53851 954856 269059
2: -834632 154693 -954856 269059
2: -834632 267197 -370209 269059
1: 834632 376957 -632043 269059
4: -834632 -918731 667478 269059
1: 840123 381759 -627912 269059
1: 840123 401793 -618086 269059
2: -840123 722211 134064 269059
2: -843094 619115 83521 269059
3: 845036 -831383 -337365 269059
3: 845614 -866761 -340731 269059
4: -845614 -866761 674815 269059
1: 846906 751689 -528220 269059
3: 848232 -250563 -123823 269059
2: -849072 280917 -334084 269059
3: 850238 -674681 -312987 269059
3: 856596 -83391 495635 269059
3: 857157 -159201 58956 269059
1: 860244 283509 -691866 269059
4: -860244 -784635 691866 269059
1: 863821 593047 -549100 269059
3: 865678 -919583 -334084 269059
3: 866761 -57511 927690 269059
3: 866761 -64277 786080 269059
3: 866761 -70805 675104 269059
3: 866761 -83521 508740 269059
3: 866761 -93347 411230 269059
3: 866761 -118405 235824 269059
3: 866761 -132335 167042 269059
1: 866761 165767 -884340 269059
3: 866761 -165767 49130 269059
1: 866761 171955 -867544 269059
3: 866761 -171955 32334 269059
1: 866761 185269 -835210 269059
1: 866761 192185 -820182 269059
3: 866761 -192185 -15028 269059
3: 866761 -240737 -96220 269059
1: 866761 269059 -705160 269059
2: -866761 269059 -371076 269059
3: 866761 -269059 -130050 269059
1: 866761 287555 -686664 269059
3: 866761 -287555 -148546 269059
1: 866761 321385 -658342 269059
3: 866761 -321385 -176868 269059
2: -866761 324751 -235824 269059
2: -866761 362957 -167042 269059
1: 866761 402577 -609790 269059
3: 866761 -402577 -225420 269059
1: 866761 417605 -602874 269059
3: 866761 -417605 -232336 269059
1: 866761 449939 -589560 269059
3: 866761 -449939 -245650 269059
1: 866761 466735 -583372 269059
3: 866761 -466735 -251838 269059
1: 866761 584647 -549940 269059
2: -866761 584647 54648 269059
3: 866761 -584647 -285270 269059
4: -866761 -584647 780562 269059
1: 866761 653429 -536010 269059
2: -866761 653429 92854 269059
3: 866761 -653429 -299200 269059
4: -866761 -653429 742356 269059
2: -866761 788681 148546 269059
4: -866761 -788681 686664 269059
1: 866761 828835 -510952 269059
3: 866761 -828835 -324258 269059
2: -866761 881467 176868 269059
4: -866761 -881467 658342 269059
1: 866761 926345 -501126 269059
3: 866761 -926345 -334084 269059
1: 866761 977687 -496740 269059
3: 866761 -977687 -338470 269059
1: 871454 141953 -962948 269059
4: -871454 -386855 962948 269059
3: 872592 -132651 171836 269059
1: 873069 432117 -594762 269059
1: 874514 159691 -902139 269059
4: -874514 -433405 902139 269059
1: 881657 866761 -501126 269059
2: -881657 866761 167042 269059
4: -882606 -497007 834632 269059
1: 883386 545343 -553945 269059
1: 883568 229957 -751689 269059
3: 889542 -250563 -91238 269059
1: 889542 424977 -593028 269059
3: 891803 -866761 -314432 269059
4: -891803 -866761 648516 269059
1: 892143 449673 -582046 269059
3: 894166 -466735 -234612 269059
3: 895033 -83521 547428 269059
2: -898212 751689 123823 269059
1: 899346 312987 -657475 269059
2: -899346 751689 123424 269059
3: 902139 -151263 127738 269059
2: -902139 250563 -435120 269059
2: -902139 396165 -127738 269059
4: -902139 -684285 707472 269059
3: 902139 -751689 -294784 269059
1: 904666 228095 -751689 269059
3: 913311 -92055 481474 269059
3: 918731 -74431 696730 269059
3: 918731 -88445 523908 269059
3: 918731 -104329 384160 269059
3: 918731 -149891 147630 269059
3: 918731 -174685 70756 269059
1: 918731 232645 -742938 269059
1: 918731 300713 -663950 269059
2: -918731 300713 -298998 269059
1: 918731 350455 -625632 269059
2: -918731 448399 -70756 269059
1: 918731 593929 -530670 269059
3: 918731 -670565 -272916 269059
1: 918731 705755 -509012 269059
3: 918731 -866761 -300320 269059
4: -918731 -866761 634404 269059
2: -918897 371469 -167042 269059
2: -922964 417605 -106134 269059
3: 923644 -478667 -221578 269059
3: 924426 -371469 -171955 269059
2: -928557 280041 -351918 269059
3: 932372 -938383 -300713 269059
4: -932862 -938961 608923 269059
1: 934626 136857 -988380 269059
1: 937076 319345 -644385 269059
1: 938448 414789 -584647 269059
2: -938791 272783 -373388 269059
3: 938961 -254163 -60690 269059
1: 938961 468195 -561816 269059
1: 943593 705033 -501126 269059
3: 944622 -468939 -206346 269059
3: 950453 -83521 616588 269059
3: 951482 -918731 -289674 269059
3: 953122 -72257 775523 269059
2: -953122 178391 -775523 269059
2: -955206 280041 -356524 269059
1: 955206 342465 -623084 269059
1: 955206 684285 -501126 269059
3: 957372 -64827 913818 269059
2: -957999 637245 54910 269059
3: 957999 -902139 -284954 269059
3: 962948 -93347 525084 269059
3: 962948 -189679 67507 269059
3: 962948 -388127 -159201 269059
2: -962948 463393 -67507 269059
1: 962948 866761 -472923 269059
2: -962948 866761 138839 269059
2: -962948 948209 159201 269059
3: 967861 -897085 -279888 269059
3: 970368 -410571 -167042 269059
4: -972774 -354711 949620 269059
2: -972774 722211 88445 269059
1: 977207 650161 -501126 269059
3: 979608 -183939 93347 269059
2: -979608 441693 -93347 269059
4: -981666 -371469 918731 269059
2: -987224 300125 -312987 269059
3: 989212 -291023 -71383 269059
3: 990584 -75803 766428 269059
3: 990584 -93347 553707 269059
2: -990584 193477 -687820 269059
1: 990584 364429 -600831 269059
2: -990584 417605 -122556 269059
3: 990584 -432523 -167042 269059
4: -990584 -495635 776543 269059
3: 990584 -532627 -204323 269059
1: 990584 632149 -501126 269059
4: -990584 -865555 600831 269059
3: 997339 -93347 560462 269059
1: 997339 211907 -769692 269059
4: -997339 -499985 769692 269059
3: 998816 -214795 39304 269059
3: 999362 -83521 671251 269059
