Command line:- ../do_t 3757 1000000
2: -26 2197 -83521 3757
1: 26 2873 -594473 3757
2: -34 3887 864688 3757
1: 39 2091 127738 3757
1: 39 3549 -668168 3757
1: 46 4913 -836043 3757
2: -46 4913 824551 3757
1: 51 1521 648516 3757
2: -52 2023 -169065 3757
2: -52 2975 319345 3757
2: -52 5915 835210 3757
1: 53 8381 -976820 3757
2: -66 13923 894166 3757
1: 67 8177 -766428 3757
1: 68 1703 319345 3757
2: -68 1859 -235824 3757
1: 68 8515 -766428 3757
2: -68 8723 766428 3757
1: 68 22139 -933470 3757
4: -71 -424541 999362 3757
1: 72 8619 -727124 3757
2: -72 659787 976820 3757
3: 73 -359125 -972774 3757
4: -73 -875381 969306 3757
2: -74 54587 913818 3757
1: 74 83521 -928317 3757
2: -74 83521 927641 3757
1: 74 447083 -948974 3757
1: 78 1521 417605 3757
1: 78 2601 -131495 3757
1: 78 14535 -766428 3757
2: -78 14943 766428 3757
3: 78 -25857 -982600 3757
1: 78 28899 -835210 3757
3: 78 -44217 -950300 3757
1: 78 49419 -864110 3757
1: 78 129285 -889253 3757
3: 78 -144495 -918731 3757
2: -78 146523 890698 3757
4: -78 -148551 918731 3757
1: 78 221085 -895713 3757
3: 78 -247095 -912951 3757
2: -78 250563 896558 3757
4: -78 -254031 912951 3757
1: 78 439569 -900235 3757
3: 78 -491283 -908905 3757
1: 78 751689 -902135 3757
3: 78 -840123 -907205 3757
2: -81 545343 867646 3757
1: 82 63869 -830739 3757
2: -82 63869 829855 3757
4: -82 -244205 868734 3757
1: 84 188751 -830297 3757
2: -84 194463 830297 3757
3: 86 -188683 -830297 3757
4: -86 -194531 830297 3757
1: 88 5915 -501126 3757
3: 88 -53573 -835210 3757
3: 88 -63869 -829855 3757
4: -88 -63869 830739 3757
1: 91 2873 -176868 3757
2: -91 2873 157216 3757
3: 91 -14501 -894166 3757
4: -91 -14977 894166 3757
3: 91 -83521 -796146 3757
4: -91 -83521 796822 3757
4: -92 -8381 976820 3757
4: -92 -416585 771341 3757
2: -96 146523 723656 3757
3: 98 -128027 -732615 3757
3: 99 -146523 -723656 3757
2: -101 20111 619038 3757
1: 102 1209 574821 3757
1: 102 3549 -260389 3757
2: -102 4563 343910 3757
1: 102 8463 -510952 3757
2: -102 8775 510952 3757
1: 102 15717 -594473 3757
4: -102 -22815 761515 3757
1: 102 110019 -677994 3757
2: -102 114075 677994 3757
1: 102 250563 -685802 3757
3: 104 -6253 -918731 3757
3: 104 -10693 -819026 3757
1: 104 14467 -574821 3757
2: -104 15011 574821 3757
3: 104 -106301 -692733 3757
1: 104 143819 -668168 3757
2: -104 149227 668168 3757
3: 104 -181781 -686868 3757
1: 104 245939 -672503 3757
2: -104 255187 672503 3757
3: 106 -83521 -683436 3757
4: -106 -83521 684112 3757
4: -107 -319345 664326 3757
1: 108 2535 -83521 3757
2: -108 14739 551616 3757
3: 108 -47685 -683774 3757
4: -108 -78897 672503 3757
2: -112 12155 510952 3757
2: -112 54043 603330 3757
4: -112 -302005 634933 3757
2: -112 927979 628575 3757
3: 114 -4563 -918731 3757
3: 116 -22477 -668168 3757
2: -117 8619 442170 3757
1: 117 14433 -510952 3757
2: -117 15045 510952 3757
4: -117 -146523 612680 3757
3: 117 -245361 -608634 3757
4: -117 -255765 608634 3757
4: -118 -8177 766428 3757
1: 119 9971 -461822 3757
3: 119 -83521 -608738 3757
4: -119 -83521 609414 3757
4: -121 -83317 599386 3757
2: -122 8281 417605 3757
2: -122 363545 574821 3757
4: -123 -8619 727124 3757
3: 124 -4913 -824551 3757
4: -124 -4913 836043 3757
2: -126 191607 553384 3757
3: 129 -191607 -553384 3757
2: -132 43095 506039 3757
4: -134 -702559 528411 3757
1: 136 8411 -383214 3757
2: -136 8827 383214 3757
2: -137 14365 432344 3757
4: -143 -20111 550256 3757
3: 143 -142805 -501126 3757
4: -143 -150241 501126 3757
1: 143 485537 -491300 3757
2: -143 584647 491582 3757
2: -144 8619 358649 3757
4: -146 -63037 501126 3757
2: -147 7605 334084 3757
3: 147 -14739 -551616 3757
4: -147 -439569 482630 3757
4: -148 -45461 501126 3757
1: 152 1859 83521 3757
1: 153 109005 -451996 3757
2: -153 115089 451996 3757
1: 154 927979 -457198 3757
1: 156 867 691288 3757
1: 156 14331 -383214 3757
2: -156 15147 383214 3757
1: 156 146523 -445638 3757
4: -156 -232713 456909 3757
1: 156 250563 -448448 3757
4: -156 -397953 455039 3757
3: 159 -25857 -481474 3757
3: 163 -12155 -510952 3757
1: 164 5239 -250563 3757
3: 164 -102017 -439569 3757
2: -166 11849 341887 3757
1: 168 369603 -417605 3757
2: -169 799 -795906 3757
1: 169 841 668168 3757
2: -169 893 -668168 3757
1: 169 3757 -174556 3757
2: -169 3757 159528 3757
3: 169 -3757 -660654 3757
4: -169 -3757 675682 3757
2: -169 4199 186694 3757
4: -169 -4199 648516 3757
1: 169 4913 -231744 3757
2: -169 4913 220252 3757
3: 169 -4913 -603466 3757
4: -169 -4913 614958 3757
2: -169 5491 241026 3757
4: -169 -5491 594184 3757
1: 169 6409 -275128 3757
3: 169 -6409 -560082 3757
1: 169 8381 -308652 3757
3: 169 -8381 -526558 3757
2: -169 10387 324258 3757
1: 169 10933 -334084 3757
3: 169 -10933 -501126 3757
2: -169 11609 334084 3757
4: -169 -11609 501126 3757
2: -169 13583 346222 3757
4: -169 -13583 488988 3757
1: 169 14297 -353736 3757
3: 169 -14297 -481474 3757
2: -169 15181 353736 3757
4: -169 -15181 481474 3757
1: 169 63869 -403308 3757
2: -169 63869 402424 3757
3: 169 -63869 -431902 3757
4: -169 -63869 432786 3757
2: -169 71383 404022 3757
4: -169 -71383 431188 3757
1: 169 83521 -406672 3757
2: -169 83521 405996 3757
3: 169 -83521 -428538 3757
4: -169 -83521 429214 3757
2: -169 93347 407218 3757
4: -169 -93347 427992 3757
1: 169 108953 -409224 3757
3: 169 -108953 -425986 3757
1: 169 142477 -411196 3757
3: 169 -142477 -424014 3757
2: -169 176579 412114 3757
4: -169 -176579 423096 3757
1: 169 185861 -412692 3757
3: 169 -185861 -422518 3757
2: -169 197353 412692 3757
4: -169 -197353 422518 3757
2: -169 230911 413406 3757
4: -169 -230911 421804 3757
1: 169 243049 -413848 3757
3: 169 -243049 -421362 3757
2: -169 258077 413848 3757
4: -169 -258077 421362 3757
2: -171 32487 383214 3757
1: 178 65195 -383214 3757
2: -178 537251 394774 3757
2: -182 1445 -236691 3757
1: 182 2873 -93347 3757
2: -182 2873 73695 3757
3: 182 -14263 -447083 3757
4: -182 -15215 447083 3757
4: -182 -30251 417605 3757
3: 182 -83521 -397904 3757
4: -182 -83521 398580 3757
2: -182 244205 384081 3757
2: -182 879427 386750 3757
3: 186 -309519 -382109 3757
3: 188 -14365 -432344 3757
1: 192 146523 -362117 3757
4: -192 -574821 369070 3757
4: -192 -956709 368475 3757
1: 193 24565 -333268 3757
1: 196 123539 -353736 3757
3: 198 -12675 -417605 3757
4: -198 -146523 362117 3757
1: 203 260389 -344760 3757
1: 204 639 830297 3757
2: -204 687 -830297 3757
3: 204 -1521 -840123 3757
1: 204 8307 -255476 3757
2: -204 8931 255476 3757
1: 204 107991 -338997 3757
2: -204 116103 338997 3757
2: -204 250563 342732 3757
3: 204 -751689 -346957 3757
2: -206 1183 -334084 3757
3: 208 -1445 -849082 3757
4: -208 -4901 501126 3757
3: 208 -24565 -369291 3757
4: -208 -83317 348823 3757
1: 208 141115 -334084 3757
2: -208 151931 334084 3757
3: 208 -417605 -341068 3757
3: 212 -83521 -341549 3757
4: -212 -83521 342225 3757
4: -213 -282399 334084 3757
1: 216 14739 -278681 3757
1: 221 1183 265302 3757
3: 221 -1183 -903992 3757
1: 221 8281 -235824 3757
3: 221 -8281 -402866 3757
2: -221 8957 235824 3757
4: -221 -8957 402866 3757
1: 221 83521 -311064 3757
2: -221 83521 310388 3757
3: 221 -83521 -327626 3757
4: -221 -83521 328302 3757
1: 221 584647 -318162 3757
3: 221 -584647 -320528 3757
1: 222 4563 -167042 3757
4: -222 -517803 319345 3757
4: -227 -417605 312650 3757
3: 228 -68289 -319345 3757
3: 228 -103173 -316030 3757
4: -232 -24565 333268 3757
2: -233 702559 301886 3757
4: -234 -3549 501126 3757
1: 234 8619 -225998 3757
1: 234 14127 -255476 3757
2: -234 15351 255476 3757
4: -234 -21801 334084 3757
2: -234 60333 289867 3757
3: 234 -146523 -306051 3757
3: 234 -240159 -304317 3757
4: -234 -260967 304317 3757
2: -234 370617 299693 3757
2: -237 232713 294780 3757
3: 238 -83521 -304200 3757
4: -238 -83521 304876 3757
3: 242 -445349 -293046 3757
1: 243 732615 -289578 3757
3: 244 -11849 -341887 3757
3: 246 -8619 -358649 3757
1: 247 83521 -278356 3757
2: -247 83521 277680 3757
1: 247 830297 -284988 3757
2: -247 830297 284920 3757
4: -251 -55777 293046 3757
4: -251 -175253 284954 3757
1: 252 24531 -255476 3757
1: 252 191607 -276913 3757
4: -258 -191607 276913 3757
1: 272 8203 -191607 3757
2: -272 9035 191607 3757
4: -272 -417605 260936 3757
1: 273 507 835210 3757
3: 273 -14739 -296140 3757
1: 273 21675 -232934 3757
1: 273 43095 -245650 3757
3: 277 -830297 -255442 3757
4: -277 -830297 255510 3757
3: 284 -258401 -250563 3757
3: 286 -139087 -250563 3757
4: -286 -153959 250563 3757
1: 288 618171 -244205 3757
1: 289 481 841568 3757
2: -289 533 -841568 3757
1: 289 6253 -160684 3757
3: 289 -6253 -327726 3757
2: -289 6929 160684 3757
4: -289 -6929 327726 3757
1: 289 83521 -237952 3757
2: -289 83521 237276 3757
3: 289 -83521 -250458 3757
4: -289 -83521 251134 3757
4: -294 -14739 278681 3757
3: 298 -845 -835210 3757
1: 298 122825 -232713 3757
1: 298 502775 -235824 3757
1: 299 4913 -133484 3757
2: -299 4913 121992 3757
4: -303 -24531 255476 3757
3: 306 -741 -894166 3757
1: 306 5577 -142477 3757
1: 306 105963 -225998 3757
2: -306 118131 225998 3757
2: -312 507 -835210 3757
2: -312 867 -394485 3757
2: -312 15555 191607 3757
3: 312 -19773 -250563 3757
2: -312 146523 222530 3757
2: -312 250563 224055 3757
2: -314 16133 191607 3757
2: -314 800819 224094 3757
1: 318 958035 -221442 3757
2: -322 244205 217039 3757
1: 323 21125 -196520 3757
1: 323 83521 -212940 3757
2: -323 83521 212264 3757
3: 328 -244205 -217039 3757
2: -332 31603 196520 3757
1: 336 507 668168 3757
1: 338 815 334084 3757
3: 338 -815 -751689 3757
2: -338 919 -334084 3757
4: -338 -919 751689 3757
3: 338 -1105 -609212 3757
1: 338 1445 97393 3757
3: 338 -1445 -514998 3757
3: 338 -2119 -417605 3757
1: 338 2771 -49130 3757
3: 338 -2771 -368475 3757
1: 338 3757 -91035 3757
2: -338 3757 76007 3757
3: 338 -3757 -326570 3757
4: -338 -3757 341598 3757
1: 338 4913 -118745 3757
2: -338 4913 107253 3757
3: 338 -4913 -298860 3757
4: -338 -4913 310352 3757
1: 338 10595 -167042 3757
3: 338 -10595 -250563 3757
2: -338 11947 167042 3757
4: -338 -11947 250563 3757
1: 338 13855 -176868 3757
3: 338 -13855 -240737 3757
2: -338 15623 176868 3757
4: -338 -15623 240737 3757
1: 338 18785 -185249 3757
3: 338 -18785 -232356 3757
1: 338 24565 -190791 3757
3: 338 -24565 -226814 3757
1: 338 36023 -196520 3757
3: 338 -36023 -221085 3757
1: 338 47107 -199410 3757
3: 338 -47107 -218195 3757
1: 338 63869 -201875 3757
2: -338 63869 200991 3757
3: 338 -63869 -215730 3757
4: -338 -63869 216614 3757
1: 338 83521 -203505 3757
2: -338 83521 202829 3757
3: 338 -83521 -214100 3757
4: -338 -83521 214776 3757
1: 338 180115 -206346 3757
3: 338 -180115 -211259 3757
2: -338 203099 206346 3757
4: -338 -203099 211259 3757
1: 338 235535 -206924 3757
3: 338 -235535 -210681 3757
2: -338 265591 206924 3757
4: -338 -265591 210681 3757
1: 338 319345 -207417 3757
3: 338 -319345 -210188 3757
1: 338 417605 -207743 3757
3: 338 -417605 -209862 3757
1: 338 612391 -208080 3757
3: 338 -612391 -209525 3757
1: 338 800819 -208250 3757
3: 338 -800819 -209355 3757
1: 343 41905 -195364 3757
3: 351 -867 -691288 3757
2: -351 14739 168402 3757
3: 351 -234957 -202878 3757
4: -351 -266169 202878 3757
3: 354 -60333 -206346 3757
2: -357 507 -736950 3757
4: -363 -1521 501126 3757
2: -363 44217 183872 3757
2: -364 1207 -191607 3757
4: -364 -37349 206346 3757
3: 364 -83521 -198783 3757
4: -364 -83521 199459 3757
2: -367 171955 189618 3757
3: 371 -83521 -195026 3757
4: -371 -83521 195702 3757
3: 372 -211497 -191607 3757
3: 374 -619 -830297 3757
4: -374 -707 830297 3757
2: -374 17069 162129 3757
2: -374 584647 187928 3757
3: 377 -2873 -324258 3757
4: -377 -2873 343910 3757
4: -377 -24565 205530 3757
1: 377 830297 -186728 3757
2: -377 830297 186660 3757
3: 381 -267189 -186694 3757
4: -382 -41905 195364 3757
3: 383 -31603 -196520 3757
1: 391 104273 -176868 3757
2: -391 119821 176868 3757
3: 402 -44217 -183872 3757
3: 403 -4913 -249730 3757
4: -403 -4913 261222 3757
1: 403 48841 -167620 3757
2: -403 48841 166464 3757
1: 408 507 540430 3757
1: 408 7995 -127738 3757
2: -408 9243 127738 3757
1: 408 250563 -171535 3757
4: -416 -38437 180336 3757
1: 416 54043 -163098 3757
2: -416 54587 162129 3757
1: 416 135707 -167042 3757
2: -416 157339 167042 3757
2: -422 319345 165971 3757
3: 428 -319345 -165971 3757
3: 429 -135369 -167042 3757
4: -429 -157677 167042 3757
2: -442 845 -299693 3757
4: -442 -845 619038 3757
2: -442 1859 -49130 3757
4: -442 -1859 368475 3757
1: 442 7943 -117912 3757
3: 442 -7943 -201433 3757
2: -442 9295 117912 3757
4: -442 -9295 201433 3757
1: 442 83521 -155701 3757
2: -442 83521 155025 3757
3: 442 -83521 -163644 3757
4: -442 -83521 164320 3757
2: -442 417605 158743 3757
4: -442 -417605 160602 3757
2: -442 918731 159250 3757
4: -442 -918731 160095 3757
1: 446 28033 -146523 3757
1: 452 341887 -155193 3757
4: -458 -341887 155193 3757
2: -458 584647 153452 3757
1: 459 1131 127738 3757
1: 468 4335 -78897 3757
2: -468 8619 108086 3757
1: 468 13515 -127738 3757
2: -468 15963 127738 3757
1: 473 169507 -147390 3757
3: 476 -83521 -151931 3757
4: -476 -83521 152607 3757
1: 481 83521 -143104 3757
2: -481 83521 142428 3757
2: -494 6647 90168 3757
2: -494 66079 137564 3757
1: 494 83521 -139347 3757
2: -494 83521 138671 3757
1: 494 830297 -142511 3757
2: -494 830297 142443 3757
2: -507 351 -835210 3757
4: -507 -459 884340 3757
3: 507 -663 -569908 3757
3: 507 -789 -501126 3757
1: 507 867 190162 3757
4: -507 -945 501126 3757
4: -507 -1755 334084 3757
2: -507 2295 -9826 3757
4: -507 -3213 245650 3757
4: -507 -5967 196520 3757
2: -507 7803 95370 3757
3: 507 -10257 -167042 3757
1: 507 11271 -113866 3757
4: -507 -12285 167042 3757
1: 507 13413 -117912 3757
3: 507 -14739 -158576 3757
2: -507 16065 117912 3757
4: -507 -39015 147968 3757
4: -507 -41769 147390 3757
2: -507 54621 132940 3757
2: -507 101439 135830 3757
4: -507 -132651 141780 3757
1: 507 174369 -137564 3757
3: 507 -191607 -140692 3757
2: -507 208845 137564 3757
3: 507 -228021 -140454 3757
1: 507 250563 -138062 3757
4: -507 -273105 140454 3757
4: -507 -507195 139876 3757
2: -507 663255 138686 3757
2: -507 710073 138720 3757
4: -507 -928557 139570 3757
4: -524 -28033 146523 3757
4: -527 -24505 147390 3757
3: 531 -507 -668168 3757
3: 533 -244205 -133518 3757
2: -537 250563 130130 3757
4: -539 -8957 167042 3757
1: 541 97903 -127738 3757
2: -542 845 -250563 3757
3: 546 -459 -702559 3757
2: -546 507 -501126 3757
4: -546 -14739 150943 3757
3: 546 -77571 -132651 3757
2: -549 390507 127738 3757
1: 551 830297 -127772 3757
2: -551 830297 127704 3757
4: -552 -221085 129285 3757
3: 554 -830297 -127704 3757
4: -554 -830297 127772 3757
2: -556 34391 117793 3757
4: -556 -390949 127738 3757
3: 564 -97461 -127738 3757
2: -568 323 -830297 3757
3: 572 -289 -988091 3757
2: -572 548743 122825 3757
1: 572 927979 -123114 3757
1: 578 455 420784 3757
3: 578 -455 -664989 3757
2: -578 559 -420784 3757
4: -578 -559 664989 3757
1: 578 845 170221 3757
3: 578 -845 -414426 3757
1: 578 1183 86700 3757
3: 578 -1183 -330905 3757
1: 578 5915 -80342 3757
3: 578 -5915 -163863 3757
2: -578 7267 80342 3757
4: -578 -7267 163863 3757
1: 578 83521 -119145 3757
2: -578 83521 118469 3757
3: 578 -83521 -125060 3757
4: -578 -83521 125736 3757
1: 578 417605 -121511 3757
3: 578 -417605 -122694 3757
1: 578 584647 -121680 3757
3: 578 -584647 -122525 3757
1: 588 255 830297 3757
1: 592 447083 -118677 3757
1: 598 4913 -69615 3757
2: -598 4913 58123 3757
4: -598 -20111 132651 3757
1: 598 44795 -112710 3757
1: 598 244205 -117045 3757
4: -598 -673081 118456 3757
4: -612 -3549 196520 3757
1: 612 99879 -112999 3757
2: -612 124215 112999 3757
3: 623 -4225 -167042 3757
1: 624 507 334084 3757
1: 624 146523 -111554 3757
1: 629 83521 -109512 3757
2: -629 83521 108836 3757
3: 634 -34391 -117793 3757
3: 637 -13073 -127738 3757
4: -637 -16405 127738 3757
2: -637 948209 110500 3757
1: 646 83521 -106639 3757
2: -646 83521 105963 3757
4: -661 -1183 334084 3757
2: -663 507 -422518 3757
3: 663 -1521 -245650 3757
1: 663 7605 -78608 3757
2: -663 9633 78608 3757
2: -663 250563 105378 3757
3: 663 -751689 -106730 3757
2: -672 507 -417605 3757
3: 676 -289 -821049 3757
1: 676 763 167042 3757
2: -676 971 -167042 3757
3: 676 -1417 -250563 3757
1: 676 1547 29478 3757
3: 676 -1853 -216172 3757
1: 676 2023 -2023 3757
3: 676 -3757 -159528 3757
4: -676 -3757 174556 3757
3: 676 -4913 -146557 3757
4: -676 -4913 158049 3757
1: 676 9919 -83521 3757
2: -676 12623 83521 3757
1: 676 12971 -88434 3757
2: -676 16507 88434 3757
3: 676 -24089 -112999 3757
1: 676 26299 -96526 3757
3: 676 -31501 -110976 3757
1: 676 34391 -98379 3757
3: 676 -63869 -107644 3757
4: -676 -63869 108528 3757
3: 676 -83521 -106881 3757
4: -676 -83521 107557 3757
1: 676 168623 -103173 3757
2: -676 214591 103173 3757
1: 676 220507 -103462 3757
2: -676 280619 103462 3757
3: 676 -409513 -104907 3757
1: 676 447083 -103938 3757
3: 676 -535517 -104788 3757
1: 676 584647 -104047 3757
3: 689 -83521 -104858 3757
4: -689 -83521 105534 3757
3: 697 -7553 -127738 3757
4: -697 -9685 127738 3757
4: -702 -867 394485 3757
1: 702 11661 -83521 3757
1: 702 14739 -87074 3757
2: -702 112047 98260 3757
3: 702 -219351 -101439 3757
1: 703 83521 -98020 3757
2: -703 83521 97344 3757
1: 714 507 284954 3757
2: -717 333795 97682 3757
2: -728 54043 92378 3757
3: 738 -255 -830297 3757
3: 742 -83521 -97344 3757
4: -742 -83521 98020 3757
3: 754 -2873 -157216 3757
4: -754 -2873 176868 3757
1: 754 830297 -93381 3757
2: -754 830297 93313 3757
4: -758 -323 830297 3757
1: 778 24505 -83521 3757
1: 782 96499 -88434 3757
2: -782 127595 88434 3757
1: 802 169 918731 3757
3: 806 -4913 -121992 3757
4: -806 -4913 133484 3757
1: 806 48841 -84099 3757
2: -806 48841 82943 3757
3: 809 -140777 -88434 3757
2: -816 507 -353736 3757
1: 816 7371 -63869 3757
2: -816 9867 63869 3757
3: 823 -378301 -86190 3757
4: -832 -1445 236691 3757
1: 832 124891 -83521 3757
2: -832 168155 83521 3757
1: 834 147537 -83521 3757
3: 856 -146861 -83521 3757
2: -858 459 -383214 3757
1: 858 6069 -56355 3757
1: 858 43095 -78608 3757
3: 858 -124215 -83521 3757
4: -858 -168831 83521 3757
3: 867 -429 -443326 3757
1: 867 507 224842 3757
4: -867 -585 443326 3757
2: -867 1521 -57800 3757
3: 867 -5577 -109242 3757
4: -867 -7605 109242 3757
1: 867 250563 -80782 3757
2: -867 751689 81120 3757
3: 884 -169 -977687 3757
1: 884 7267 -58956 3757
2: -884 9971 58956 3757
3: 884 -83521 -81653 3757
4: -884 -83521 82329 3757
1: 892 672503 -78897 3757
2: -897 58089 75140 3757
4: -898 -672503 78897 3757
3: 901 -83521 -80106 3757
4: -901 -83521 80782 3757
3: 908 -417605 -78078 3757
3: 912 -23829 -83521 3757
1: 918 2535 -19652 3757
3: 932 -169 -918731 3757
1: 936 8619 -58956 3757
1: 936 12291 -63869 3757
2: -936 17187 63869 3757
2: -962 493 -319345 3757
4: -962 -2023 169065 3757
1: 962 83521 -71721 3757
2: -962 83521 71045 3757
4: -962 -583219 73695 3757
1: 978 397953 -71825 3757
2: -986 6929 44217 3757
1: 988 187 638690 3757
3: 988 -10985 -83521 3757
1: 988 270215 -70941 3757
3: 1001 -6647 -90168 3757
2: -1011 180999 68782 3757
1: 1014 153 771341 3757
4: -1014 -429 501126 3757
2: -1014 561 -260389 3757
4: -1014 -663 348823 3757
3: 1014 -711 -250563 3757
2: -1014 867 -143922 3757
4: -1014 -1023 250563 3757
2: -1014 1209 -83521 3757
4: -1014 -1581 186694 3757
1: 1014 1989 -4913 3757
3: 1014 -2601 -119068 3757
2: -1014 7293 44217 3757
3: 1014 -9243 -83521 3757
4: -1014 -9537 89012 3757
2: -1014 11271 53176 3757
1: 1014 12087 -58956 3757
4: -1014 -13299 83521 3757
4: -1014 -14739 82161 3757
2: -1014 17391 58956 3757
4: -1014 -20553 78608 3757
2: -1014 26877 62713 3757
3: 1014 -33813 -73406 3757
1: 1014 44217 -66691 3757
4: -1014 -123981 71094 3757
1: 1014 157131 -68782 3757
2: -1014 162129 68459 3757
4: -1014 -191607 70567 3757
3: 1014 -205479 -70227 3757
2: -1014 226083 68782 3757
2: -1014 250563 68862 3757
4: -1014 -295647 70227 3757
2: -1014 349401 69071 3757
4: -1014 -456909 70006 3757
1: 1014 574821 -69377 3757
3: 1014 -751689 -69772 3757
2: -1044 48399 63869 3757
3: 1053 -203745 -67626 3757
4: -1053 -297381 67626 3757
3: 1054 -918731 -67093 3757
4: -1062 -507 417605 3757
1: 1064 49283 -63869 3757
1: 1074 250563 -65234 3757
1: 1092 507 167042 3757
4: -1092 -2601 131495 3757
4: -1092 -221085 65416 3757
4: -1092 -439569 65025 3757
1: 1102 830297 -63903 3757
2: -1102 830297 63835 3757
3: 1108 -830297 -63835 3757
4: -1108 -830297 63903 3757
3: 1122 -1521 -137564 3757
3: 1131 -309519 -62764 3757
4: -1144 -2533 127738 3757
3: 1146 -48399 -63869 3757
3: 1156 -169 -708339 3757
1: 1156 403 210392 3757
2: -1156 611 -210392 3757
1: 1156 5239 -40171 3757
2: -1156 7943 40171 3757
3: 1156 -83521 -62361 3757
4: -1156 -83521 63037 3757
2: -1157 537251 60690 3757
4: -1166 -49283 63869 3757
1: 1173 88725 -58956 3757
2: -1173 135369 58956 3757
1: 1177 106301 -58956 3757
3: 1183 -137 -835210 3757
3: 1183 -221 -540430 3757
4: -1183 -221 795906 3757
1: 1183 1445 13872 3757
3: 1183 -11645 -68782 3757
4: -1183 -17833 68782 3757
3: 1183 -18785 -65314 3757
3: 1183 -83521 -60930 3757
4: -1183 -83521 61606 3757
1: 1183 151385 -58956 3757
2: -1183 231829 58956 3757
1: 1183 673081 -59500 3757
4: -1192 -845 250563 3757
1: 1213 142477 -57460 3757
4: -1222 -14365 68782 3757
4: -1228 -106301 58956 3757
2: -1248 507 -250563 3757
2: -1248 146523 55488 3757
4: -1252 -142477 57460 3757
1: 1258 83521 -54925 3757
2: -1258 83521 54249 3757
3: 1274 -11407 -63869 3757
4: -1274 -18071 63869 3757
3: 1287 -146523 -55488 3757
2: -1292 27547 49130 3757
1: 1313 20111 -49130 3757
2: -1326 1521 -44217 3757
1: 1326 6591 -39304 3757
2: -1326 10647 39304 3757
1: 1326 250563 -52858 3757
2: -1326 751689 53027 3757
3: 1352 -221 -456909 3757
4: -1352 -221 712385 3757
4: -1352 -325 501126 3757
1: 1352 659 83521 3757
2: -1352 731 -147390 3757
2: -1352 1075 -83521 3757
4: -1352 -1445 153170 3757
3: 1352 -3757 -76007 3757
4: -1352 -3757 91035 3757
4: -1352 -5525 78608 3757
1: 1352 11203 -44217 3757
2: -1352 12427 40460 3757
2: -1352 18275 44217 3757
4: -1352 -24565 58140 3757
2: -1352 47515 49130 3757
3: 1352 -63869 -53601 3757
4: -1352 -63869 54485 3757
4: -1352 -93925 53754 3757
1: 1352 190451 -51731 3757
2: -1352 211259 51510 3757
2: -1352 310675 51731 3757
4: -1352 -417605 52550 3757
2: -1352 807755 52020 3757
3: 1378 -83521 -52260 3757
4: -1378 -83521 52936 3757
4: -1378 -634933 51442 3757
2: -1391 799 -127738 3757
3: 1394 -6487 -63869 3757
4: -1394 -10751 63869 3757
2: -1396 82943 48841 3757
2: -1404 14739 40664 3757
1: 1406 83521 -49179 3757
2: -1406 83521 48503 3757
1: 1416 84099 -48841 3757
2: -1428 507 -225998 3757
3: 1428 -585 -191607 3757
2: -1438 584069 48841 3757
3: 1443 -370617 -49130 3757
4: -1452 -585225 48841 3757
3: 1474 -82943 -48841 3757
4: -1482 -4335 78897 3757
3: 1484 -83521 -48503 3757
4: -1484 -83521 49179 3757
4: -1494 -84099 48841 3757
3: 1508 -2873 -73695 3757
4: -1508 -2873 93347 3757
3: 1508 -24565 -49946 3757
3: 1521 -633 -167042 3757
1: 1521 663 68782 3757
4: -1521 -1101 167042 3757
1: 1521 10761 -39304 3757
3: 1521 -11271 -53176 3757
2: -1521 18717 39304 3757
3: 1521 -182937 -46818 3757
1: 1521 191607 -46002 3757
4: -1521 -318189 46818 3757
3: 1547 -83521 -46514 3757
4: -1547 -83521 47190 3757
4: -1564 -1573 127738 3757
1: 1564 80951 -44217 3757
2: -1564 143143 44217 3757
3: 1582 -1859 -83521 3757
1: 1586 255697 -44217 3757
2: -1598 299 -383214 3757
4: -1599 -8619 58956 3757
3: 1612 -4913 -58123 3757
4: -1612 -4913 69615 3757
1: 1632 507 93347 3757
3: 1664 -37349 -44217 3757
3: 1716 -1521 -83521 3757
3: 1734 -351 -221663 3757
2: -1734 507 -195942 3757
3: 1734 -4563 -54621 3757
3: 1758 -810645 -40222 3757
2: -1762 158015 39304 3757
3: 1768 -845 -112999 3757
1: 1768 5915 -29478 3757
2: -1768 11323 29478 3757
3: 1768 -417605 -40066 3757
2: -1802 325 -319345 3757
3: 1802 -83521 -39884 3757
4: -1802 -83521 40560 3757
3: 1813 -158015 -39304 3757
4: -1842 -2535 83521 3757
3: 1846 -260389 -38454 3757
3: 1859 -91 -668168 3757
3: 1859 -289 -236402 3757
4: -1859 -289 431766 3757
3: 1859 -1411 -78608 3757
3: 1859 -63869 -38862 3757
4: -1859 -63869 39746 3757
3: 1859 -311831 -38148 3757
1: 1859 584647 -37866 3757
4: -1872 -6069 56355 3757
2: -1872 8619 24565 3757
3: 1911 -14739 -40664 3757
4: -1937 -845 167042 3757
3: 1963 -32657 -37570 3757
2: -1982 918731 35490 3757
3: 1989 -507 -137564 3757
1: 2023 325 120224 3757
2: -2023 689 -120224 3757
3: 2023 -4225 -46818 3757
4: -2023 -8957 46818 3757
3: 2023 -83521 -35490 3757
4: -2023 -83521 36166 3757
1: 2028 111 417605 3757
4: -2028 -153 732037 3757
1: 2028 255 162129 3757
1: 2028 867 23120 3757
4: -2028 -1989 88434 3757
1: 2028 3315 -19652 3757
1: 2028 9435 -29478 3757
1: 2028 11271 -30345 3757
2: -2028 20043 29478 3757
1: 2028 32079 -33235 3757
4: -2028 -44217 37213 3757
1: 2028 73695 -34119 3757
1: 2028 122655 -34391 3757
1: 2028 250563 -34600 3757
2: -2028 260559 34391 3757
1: 2028 417027 -34680 3757
4: -2028 -574821 34986 3757
1: 2028 958035 -34748 3757
1: 2041 119 383214 3757
1: 2093 244205 -33524 3757
1: 2106 51 894166 3757
3: 2106 -156927 -33813 3757
4: -2106 -344199 33813 3757
4: -2132 -244205 33524 3757
2: -2148 250563 32448 3757
2: -2158 31603 29478 3757
2: -2184 507 -167042 3757
3: 2187 -250563 -32448 3757
2: -2197 1105 -58956 3757
1: 2312 299 105196 3757
2: -2312 715 -105196 3757
4: -2312 -845 145367 3757
2: -2312 1859 -21675 3757
4: -2312 -417605 30758 3757
2: -2312 918731 30420 3757
1: 2327 147101 -30056 3757
2: -2327 354025 30056 3757
1: 2346 65403 -29478 3757
2: -2346 158691 29478 3757
3: 2366 -221 -206346 3757
4: -2366 -221 461822 3757
3: 2366 -8551 -34391 3757
4: -2366 -20927 34391 3757
3: 2366 -83521 -30296 3757
4: -2366 -83521 30972 3757
1: 2366 111163 -29478 3757
2: -2366 272051 29478 3757
2: -2376 422331 29478 3757
1: 2418 13005 -26299 3757
3: 2418 -129285 -29478 3757
3: 2496 -357 -127738 3757
3: 2496 -19941 -30056 3757
1: 2496 146523 -28033 3757
3: 2533 -845 -68782 3757
1: 2548 466735 -27625 3757
4: -2574 -146523 28033 3757
3: 2601 -39 -871624 3757
4: -2601 -507 203456 3757
3: 2601 -3549 -36414 3757
4: -2601 -9633 36414 3757
2: -2652 507 -147390 3757
1: 2652 4563 -19652 3757
2: -2652 12675 19652 3757
2: -2652 250563 26260 3757
1: 2704 187 137564 3757
3: 2704 -533 -83521 3757
1: 2704 3179 -16473 3757
3: 2704 -9061 -29478 3757
1: 2704 54043 -25534 3757
1: 2704 918731 -26067 3757
3: 2756 -83521 -25961 3757
4: -2756 -83521 26637 3757
2: -2771 559 -127738 3757
4: -2782 -10115 33813 3757
2: -2782 106301 24565 3757
1: 2808 14739 -23205 3757
1: 2856 507 29478 3757
2: -2862 887757 24565 3757
1: 2873 65 393040 3757
3: 2873 -65 -442170 3757
4: -2873 -91 943296 3757
2: -2873 143 -560082 3757
4: -2873 -143 609212 3757
1: 2873 325 58956 3757
3: 2873 -325 -108086 3757
2: -2873 1001 -58956 3757
4: -2873 -1001 108086 3757
1: 2873 83521 -24240 3757
2: -2873 83521 23564 3757
3: 2873 -83521 -24890 3757
4: -2873 -83521 25566 3757
1: 2873 417605 -24500 3757
3: 2873 -417605 -24630 3757
2: -2873 584647 24422 3757
4: -2873 -584647 24708 3757
2: -2873 918731 24474 3757
4: -2873 -918731 24656 3757
4: -2886 -280041 24752 3757
3: 2924 -4901 -29478 3757
2: -2992 5915 9826 3757
3: 3029 -169 -167042 3757
4: -3029 -169 501126 3757
4: -3042 -255 338997 3757
1: 3042 357 44217 3757
3: 3042 -399 -83521 3757
2: -3042 663 -98260 3757
4: -3042 -1335 83521 3757
2: -3042 4335 4624 3757
3: 3042 -6069 -27166 3757
1: 3042 6783 -19652 3757
4: -3042 -11271 30345 3757
2: -3042 22695 19652 3757
4: -3042 -59007 24565 3757
4: -3042 -73695 24293 3757
1: 3042 103173 -22967 3757
3: 3042 -115311 -23409 3757
2: -3042 191607 22780 3757
4: -3042 -385815 23409 3757
3: 3094 -83521 -23088 3757
4: -3094 -83521 23764 3757
3: 3159 -110109 -22542 3757
4: -3159 -391017 22542 3757
4: -3162 -34983 24565 3757
3: 3198 -8619 -24565 3757
1: 3211 83521 -21724 3757
2: -3211 83521 21048 3757
4: -3328 -56933 22542 3757
4: -3432 -13005 26299 3757
2: -3446 201433 20111 3757
1: 3468 39 432055 3757
4: -3468 -117 653718 3757
1: 3468 507 14450 3757
4: -3468 -1521 69071 3757
1: 3468 250563 -20280 3757
4: -3468 -751689 20449 3757
1: 3471 25857 -19652 3757
1: 3519 42081 -19652 3757
2: -3519 182013 19652 3757
3: 3524 -201433 -20111 3757
1: 3536 3211 -14739 3757
2: -3536 14027 14739 3757
4: -3549 -2601 47974 3757
3: 3549 -14739 -21012 3757
1: 3549 70941 -19652 3757
2: -3549 312273 19652 3757
2: -3562 14365 14739 3757
1: 3582 318903 -19652 3757
1: 3588 18207 -18785 3757
1: 3588 904995 -19652 3757
1: 3593 417605 -19604 3757
3: 3601 -830297 -19618 3757
4: -3601 -830297 19686 3757
3: 3604 -83521 -19773 3757
4: -3604 -83521 20449 3757
1: 3621 39 383214 3757
4: -3632 -417605 19604 3757
4: -3633 -318903 19652 3757
1: 3718 85 152303 3757
3: 3718 -289 -69360 3757
4: -3718 -289 264724 3757
1: 3718 18785 -18207 3757
3: 3718 -63869 -19210 3757
4: -3718 -63869 20094 3757
1: 3757 169 64736 3757
2: -3757 169 -398820 3757
3: 3757 -169 -102306 3757
4: -3757 -169 436390 3757
2: -3757 845 -64736 3757
4: -3757 -845 102306 3757
1: 3757 83521 -18616 3757
2: -3757 83521 17940 3757
3: 3757 -83521 -18954 3757
4: -3757 -83521 19630 3757
2: -3757 417605 18616 3757
4: -3757 -417605 18954 3757
2: -3783 439569 18496 3757
2: -3822 255 -255476 3757
4: -3822 -14739 23205 3757
3: 3822 -439569 -18496 3757
3: 3876 -117 -127738 3757
1: 3887 221 39304 3757
2: -3887 221 -294780 3757
1: 3887 4913 -15572 3757
2: -3887 4913 4080 3757
2: -3887 84677 17340 3757
3: 3961 -169 -88434 3757
4: -3961 -169 422518 3757
1: 3978 15 766428 3757
2: -3978 87 -766428 3757
4: -3978 -507 152303 3757
1: 4046 143 60112 3757
2: -4046 871 -60112 3757
3: 4046 -1859 -23409 3757
4: -4046 -11323 23409 3757
3: 4046 -83521 -17576 3757
4: -4046 -83521 18252 3757
4: -4056 -213 334084 3757
4: -4056 -357 206346 3757
2: -4056 867 -60401 3757
1: 4056 4131 -14739 3757
2: -4056 25347 14739 3757
4: -4056 -61557 18496 3757
4: -4056 -103173 18054 3757
2: -4056 250563 17131 3757
4: -4111 -948209 17238 3757
4: -4134 -25857 19652 3757
2: -4147 85 -766428 3757
1: 4199 83521 -16692 3757
2: -4199 83521 16016 3757
1: 4277 17 510952 3757
1: 4296 250563 -16393 3757
3: 4342 -17 -510952 3757
4: -4369 -918731 16224 3757
4: -4374 -250563 16393 3757
1: 4433 908905 -15912 3757
4: -4472 -85 766428 3757
3: 4563 -867 -23120 3757
2: -4563 14739 11186 3757
3: 4563 -47685 -15606 3757
4: -4563 -453441 15606 3757
4: -4602 -18207 18785 3757
2: -4607 845 -58956 3757
1: 4624 91 52598 3757
2: -4624 923 -52598 3757
2: -4641 507 -108086 3757
1: 4654 43639 -15028 3757
2: -4654 457487 15028 3757
1: 4692 18759 -14739 3757
2: -4692 205335 14739 3757
2: -4694 209729 14739 3757
2: -4732 143 -417605 3757
3: 4732 -221 -39304 3757
4: -4732 -221 294780 3757
4: -4732 -6409 24565 3757
2: -4732 12155 9826 3757
4: -4732 -18785 18207 3757
1: 4732 30719 -14739 3757
2: -4732 54043 13770 3757
3: 4732 -83521 -14979 3757
4: -4732 -83521 15655 3757
2: -4732 352495 14739 3757
1: 4784 376363 -14739 3757
3: 4796 -209729 -14739 3757
4: -4797 -255 255476 3757
3: 4823 -83521 -14690 3757
4: -4823 -83521 15366 3757
1: 4836 604299 -14586 3757
1: 4862 584647 -14508 3757
3: 4888 -14365 -14739 3757
1: 4913 5 815932 3757
3: 4913 -5 -844662 3757
1: 4913 13 304980 3757
3: 4913 -13 -333710 3757
1: 4913 65 49504 3757
3: 4913 -65 -78234 3757
2: -4913 73 -815932 3757
4: -4913 -73 844662 3757
1: 4913 169 10200 3757
2: -4913 169 -344284 3757
3: 4913 -169 -38930 3757
4: -4913 -169 373014 3757
1: 4913 845 -9452 3757
3: 4913 -845 -19278 3757
2: -4913 949 -49504 3757
4: -4913 -949 78234 3757
1: 4913 4913 -13520 3757
2: -4913 4913 2028 3757
3: 4913 -4913 -15210 3757
4: -4913 -4913 26702 3757
2: -4913 12337 9452 3757
4: -4913 -12337 19278 3757
1: 4913 24565 -14196 3757
3: 4913 -24565 -14534 3757
1: 4913 63869 -14300 3757
2: -4913 63869 13416 3757
3: 4913 -63869 -14430 3757
4: -4913 -63869 15314 3757
1: 4913 319345 -14352 3757
3: 4913 -319345 -14378 3757
2: -4913 358649 14196 3757
4: -4913 -358649 14534 3757
1: 4913 830297 -14360 3757
2: -4913 830297 14292 3757
3: 4913 -830297 -14370 3757
4: -4913 -830297 14438 3757
1: 5018 24565 -13923 3757
1: 5148 368475 -13702 3757
4: -5161 -43639 15028 3757
3: 5202 -507 -18207 3757
4: -5202 -12675 18207 3757
2: -5213 169 -334084 3757
3: 5239 -4913 -13906 3757
4: -5239 -4913 25398 3757
1: 5239 299693 -13464 3757
2: -5252 329171 13260 3757
1: 5304 3 574821 3757
2: -5304 99 -574821 3757
1: 5304 507 -9826 3757
2: -5304 16731 9826 3757
1: 5304 250563 -13299 3757
3: 5408 -5 -250563 3757
3: 5408 -1445 -13872 3757
1: 5408 26299 -13005 3757
3: 5408 -417605 -13053 3757
2: -5491 1859 -17918 3757
1: 5491 83521 -12844 3757
2: -5491 83521 12168 3757
4: -5577 -69 835210 3757
4: -5577 -663 98260 3757
1: 5577 44217 -12648 3757
2: -5712 507 -98260 3757
1: 5746 1 -555169 3757
3: 5746 -1 530604 3757
1: 5746 13 -54043 3757
3: 5746 -13 29478 3757
2: -5746 103 -530604 3757
4: -5746 -103 555169 3757
2: -5746 1339 -29478 3757
4: -5746 -1339 54043 3757
1: 5746 83521 -12289 3757
2: -5746 83521 11613 3757
3: 5746 -83521 -12276 3757
4: -5746 -83521 12952 3757
2: -5824 731 -63869 3757
2: -5876 341887 11849 3757
4: -5902 -417605 12090 3757
3: 5954 -341887 -11849 3757
1: 5954 584647 -11856 3757
3: 5967 -3 510952 3757
2: -5967 105 -510952 3757
2: -5967 2535 -9826 3757
4: -6032 -24565 13923 3757
4: -6052 -4225 24565 3757
4: -6058 -169 334084 3757
1: 6069 3 -683774 3757
4: -6069 -81 683774 3757
1: 6069 507 -15606 3757
4: -6069 -13689 15606 3757
1: 6084 663 -14739 3757
3: 6084 -1173 -9826 3757
2: -6084 30651 9826 3757
1: 6084 191607 -11611 3757
3: 6084 -338997 -11594 3757
1: 6143 712385 -11492 3757
3: 6171 -1521 -9826 3757
4: -6182 -712385 11492 3757
3: 6188 -83521 -11375 3757
4: -6188 -83521 12051 3757
1: 6253 83521 -11320 3757
2: -6253 83521 10644 3757
3: 6307 -83521 -11154 3757
4: -6307 -83521 11830 3757
1: 6318 30345 -11271 3757
4: -6318 -531471 11271 3757
1: 6422 187 -29478 3757
4: -6422 -1105 58956 3757
4: -6422 -15317 14450 3757
4: -6422 -26299 13005 3757
1: 6422 83521 -11031 3757
2: -6422 83521 10355 3757
3: 6422 -454597 -10982 3757
2: -6483 751689 10816 3757
3: 6522 -751689 -10816 3757
3: 6591 -4641 -9826 3757
2: -6732 195 -255476 3757
1: 6817 169 -39304 3757
2: -6817 169 -294780 3757
3: 6851 -918731 -10296 3757
1: 6929 63869 -10268 3757
2: -6929 63869 9384 3757
2: -6936 507 -90746 3757
2: -6936 250563 9971 3757
2: -6981 250563 9906 3757
2: -6994 192491 9826 3757
1: 7004 1183 -14739 3757
3: 7038 -27885 -9826 3757
2: -7038 251979 9826 3757
4: -7072 -417605 10101 3757
4: -7098 -14739 13379 3757
1: 7098 33813 -10115 3757
3: 7098 -49725 -9826 3757
2: -7098 432939 9826 3757
3: 7137 -94809 -9826 3757
2: -7157 65 -766428 3757
1: 7163 830297 -9860 3757
2: -7163 830297 9792 3757
3: 7176 -680901 -9826 3757
1: 7189 686647 -9826 3757
3: 7202 -830297 -9792 3757
4: -7202 -830297 9860 3757
1: 7228 34391 -9945 3757
1: 7228 100555 -9826 3757
4: -7267 -85 599386 3757
1: 7267 55471 -9826 3757
4: -7267 -438685 9826 3757
1: 7327 13 -510952 3757
1: 7327 33631 -9826 3757
4: -7327 -257725 9826 3757
4: -7332 -30345 11271 3757
4: -7371 -198237 9826 3757
3: 7412 -13 510952 3757
3: 7436 -289 14161 3757
4: -7436 -289 181203 3757
3: 7436 -63869 -9384 3757
4: -7436 -63869 10268 3757
1: 7514 169 -51153 3757
2: -7514 169 -282931 3757
3: 7514 -169 32368 3757
4: -7514 -169 301716 3757
2: -7514 1183 -32368 3757
4: -7514 -1183 51153 3757
1: 7514 83521 -9477 3757
2: -7514 83521 8801 3757
3: 7514 -83521 -9308 3757
4: -7514 -83521 9984 3757
2: -7514 584647 9308 3757
4: -7514 -584647 9477 3757
4: -7582 -65 766428 3757
3: 7718 -417605 -9126 3757
1: 7774 221 -44217 3757
2: -7774 221 -211259 3757
1: 7774 4913 -10659 3757
2: -7774 4913 -833 3757
1: 7774 10387 -9826 3757
1: 7774 230911 -9112 3757
1: 7803 2535 -12138 3757
4: -7803 -15717 12138 3757
3: 7922 -169 39304 3757
4: -7922 -169 294780 3757
1: 7943 17 -491300 3757
3: 7956 -21 383214 3757
2: -7956 123 -383214 3757
4: -8007 -195 255476 3757
1: 8034 153 -63869 3757
2: -8092 1235 -30056 3757
4: -8092 -83521 9295 3757
4: -8112 -117 417605 3757
4: -8112 -33813 10115 3757
1: 8177 83521 -8736 3757
2: -8177 83521 8060 3757
1: 8194 7267 -9826 3757
1: 8206 476561 -8619 3757
4: -8242 -34391 9945 3757
1: 8281 6919 -9826 3757
4: -8281 -36397 9826 3757
4: -8284 -476561 8619 3757
1: 8398 83521 -8515 3757
2: -8398 83521 7839 3757
1: 8424 51 -191607 3757
2: -8466 3549 -4913 3757
1: 8554 17 -574821 3757
3: 8619 -27 353736 3757
2: -8619 129 -353736 3757
3: 8619 -351 19652 3757
2: -8619 1677 -19652 3757
2: -8619 250563 8002 3757
3: 8684 -17 574821 3757
2: -8736 507 -83521 3757
2: -8788 91 -501126 3757
3: 8814 -51 191607 3757
3: 8957 -83521 -7754 3757
4: -8957 -83521 8430 3757
4: -9027 -507 98260 3757
1: 9061 5239 -9826 3757
4: -9061 -22477 9826 3757
4: -9126 -867 60401 3757
1: 9126 14739 -8466 3757
1: 9126 155193 -7803 3757
4: -9126 -656319 7803 3757
1: 9129 250563 -7774 3757
1: 9139 83521 -7852 3757
2: -9139 83521 7176 3757
3: 9204 -153 63869 3757
3: 9248 -325 26299 3757
2: -9248 1339 -26299 3757
3: 9248 -417605 -7605 3757
1: 9282 507 -29478 3757
3: 9308 -163285 -7514 3757
2: -9308 664411 7514 3757
1: 9438 44217 -7735 3757
3: 9464 -221 44217 3757
4: -9464 -221 211259 3757
1: 9464 5491 -9537 3757
2: -9464 86411 6936 3757
4: -9464 -496213 7548 3757
1: 9477 170799 -7514 3757
4: -9477 -671925 7514 3757
3: 9633 -4335 -4624 3757
4: -9633 -17901 9826 3757
3: 9646 -83521 -7176 3757
4: -9646 -83521 7852 3757
2: -9802 85 -515865 3757
4: -9802 -24565 9010 3757
1: 9826 13 -933283 3757
3: 9826 -13 918918 3757
1: 9826 29 -422331 3757
3: 9826 -29 407966 3757
2: -9826 107 -407966 3757
4: -9826 -107 422331 3757
1: 9826 169 -78421 3757
2: -9826 169 -255663 3757
3: 9826 -169 64056 3757
4: -9826 -169 270028 3757
1: 9826 377 -39117 3757
3: 9826 -377 24752 3757
2: -9826 1391 -24752 3757
4: -9826 -1391 39117 3757
1: 9826 4901 -9639 3757
3: 9826 -4901 -4726 3757
1: 9826 4913 -9633 3757
2: -9826 4913 -1859 3757
3: 9826 -4913 -4732 3757
4: -9826 -4913 16224 3757
2: -9826 18083 4726 3757
4: -9826 -18083 9639 3757
1: 9826 63869 -7371 3757
2: -9826 63869 6487 3757
3: 9826 -63869 -6994 3757
4: -9826 -63869 7878 3757
1: 9826 142477 -7267 3757
3: 9826 -142477 -7098 3757
2: -9826 525691 7098 3757
4: -9826 -525691 7267 3757
1: 9826 830297 -7197 3757
2: -9826 830297 7129 3757
3: 9826 -830297 -7168 3757
4: -9826 -830297 7236 3757
3: 9971 -86411 -6936 3757
2: -10076 584647 6929 3757
4: -10132 -845 58956 3757
3: 10154 -584647 -6929 3757
1: 10426 169 -83521 3757
2: -10426 169 -250563 3757
4: -10452 -44217 7735 3757
2: -10478 481 -83521 3757
3: 10478 -4913 -4080 3757
4: -10478 -4913 15572 3757
2: -10608 507 -78608 3757
3: 10608 -7605 -4913 3757
2: -10608 24843 4913 3757
3: 10647 -39 334084 3757
4: -10647 -3315 19652 3757
1: 10647 191607 -6698 3757
1: 10673 761515 -6630 3757
1: 10693 83521 -6760 3757
2: -10693 83521 6084 3757
2: -10744 611 -63869 3757
1: 10982 83521 -6591 3757
2: -10982 83521 5915 3757
2: -11154 63 -668168 3757
3: 11154 -663 14739 3757
1: 11271 507 -34102 3757
4: -11271 -1521 34102 3757
1: 11271 250563 -6318 3757
4: -11271 -751689 6318 3757
1: 11323 614125 -6256 3757
4: -11373 -11661 9826 3757
4: -11414 -731 63869 3757
1: 11424 507 -34391 3757
3: 11492 -53 265302 3757
4: -11492 -65 653429 3757
2: -11492 155 -265302 3757
2: -11492 403 -98260 3757
3: 11492 -689 14739 3757
2: -11492 2015 -14739 3757
3: 11492 -83521 -5969 3757
4: -11492 -83521 6645 3757
4: -11492 -417605 6242 3757
3: 11713 -83521 -5850 3757
4: -11713 -83521 6526 3757
3: 11934 -57 255476 3757
2: -11934 159 -255476 3757
1: 11951 83521 -6084 3757
2: -11951 83521 5408 3757
1: 11999 437257 -5916 3757
2: -12012 43095 4913 3757
3: 12116 -169 83521 3757
4: -12116 -169 250563 3757
1: 12138 45 -341887 3757
4: -12138 -123 341887 3757
2: -12138 507 -75718 3757
1: 12138 7605 -7803 3757
4: -12138 -20787 7803 3757
1: 12168 195 -83521 3757
3: 12168 -17085 -4913 3757
2: -12168 46563 4913 3757
1: 12168 56355 -6069 3757
3: 12168 -755157 -5780 3757
2: -12454 112999 5304 3757
3: 12506 -2023 2023 3757
1: 12506 83521 -5829 3757
2: -12506 83521 5153 3757
1: 12506 447083 -5678 3757
3: 12614 -83521 -5408 3757
4: -12614 -83521 6084 3757
1: 12716 584647 -5577 3757
2: -12883 918731 5434 3757
1: 12954 273 -63869 3757
3: 12961 -112999 -5304 3757
4: -13182 -56355 6069 3757
3: 13338 -43095 -4913 3757
2: -13351 477139 5202 3757
1: 13634 169 -103173 3757
2: -13634 169 -230911 3757
2: -13689 51 -776254 3757
1: 13689 358071 -5202 3757
4: -13689 -859197 5202 3757
4: -13806 -507 83521 3757
1: 13858 63869 -5355 3757
2: -13858 63869 4471 3757
1: 13872 507 -38148 3757
1: 13962 250563 -5122 3757
3: 14076 -167817 -4913 3757
2: -14076 391911 4913 3757
1: 14161 59 -293046 3757
4: -14161 -137 293046 3757
2: -14184 629187 4913 3757
3: 14196 -291057 -4913 3757
2: -14196 674271 4913 3757
3: 14286 -629187 -4913 3757
1: 14326 830297 -4947 3757
2: -14326 830297 4879 3757
3: 14404 -830297 -4879 3757
4: -14404 -830297 4947 3757
1: 14444 640679 -4913 3757
1: 14484 39 -447083 3757
1: 14534 302549 -4913 3757
4: -14534 -685763 4913 3757
4: -14546 -640679 4913 3757
1: 14654 179309 -4913 3757
4: -14654 -403403 4913 3757
2: -14739 39 -995826 3757
1: 14739 63 -281554 3757
1: 14739 117 -153816 3757
4: -14739 -141 281554 3757
2: -14739 507 -72182 3757
1: 14739 819 -26078 3757
1: 14739 1521 -16252 3757
4: -14739 -1833 26078 3757
1: 14739 10647 -6426 3757
4: -14739 -14739 7436 3757
4: -14739 -23829 6426 3757
3: 14739 -44217 -4394 3757
4: -14739 -191607 4992 3757
3: 14739 -309519 -4732 3757
3: 14739 -574821 -4758 3757
2: -14739 692733 4732 3757
1: 14872 3451 -9826 3757
3: 14872 -63869 -4471 3757
4: -14872 -63869 5355 3757
3: 14994 -39 447083 3757
3: 15028 -169 99705 3757
4: -15028 -169 234379 3757
3: 15028 -845 16184 3757
2: -15028 1859 -16184 3757
3: 15028 -83521 -4485 3757
4: -15028 -83521 5161 3757
3: 15028 -417605 -4654 3757
2: -15028 918731 4654 3757
3: 15317 -83521 -4394 3757
4: -15317 -83521 5070 3757
3: 15334 -91 191607 3757
1: 15392 54587 -4913 3757
3: 15548 -88145 -4335 3757
1: 15572 584647 -4563 3757
1: 15606 11661 -6069 3757
4: -15606 -24843 6069 3757
4: -15657 -2535 19652 3757
3: 15717 -40749 -4046 3757
3: 15844 -169 103173 3757
4: -15844 -169 230911 3757
4: -15886 -77 501126 3757
4: -15886 -3179 16473 3757
1: 15886 23987 -5202 3757
3: 15912 -93 191607 3757
1: 16068 73695 -4641 3757
3: 16184 -949 15028 3757
2: -16184 1963 -15028 3757
3: 16224 -1989 4913 3757
3: 16224 -574821 -4318 3757
1: 16354 83521 -4537 3757
2: -16354 83521 3861 3757
3: 16524 -273 63869 3757
1: 16562 28577 -4913 3757
4: -16562 -58055 4913 3757
2: -16588 76007 3757 3757
4: -16718 -54587 4913 3757
2: -16731 1581 -19652 3757
1: 16762 143 -135252 3757
1: 17051 1027 -22542 3757
4: -17051 -2041 22542 3757
4: -17082 -73695 4641 3757
1: 17238 21 -908905 3757
1: 17238 39 -491300 3757
3: 17238 -105 176868 3757
4: -17238 -117 324258 3757
3: 17238 -195 93347 3757
2: -17238 207 -176868 3757
1: 17238 273 -73695 3757
3: 17238 -1365 9826 3757
2: -17238 2691 -9826 3757
1: 17238 250563 -4170 3757
4: -17238 -751689 4144 3757
1: 17576 627419 -4046 3757
3: 17602 -76007 -3757 3757
3: 17914 -83521 -3708 3757
4: -17914 -83521 4384 3757
3: 18054 -507 34391 3757
3: 18083 -319345 -3842 3757
1: 18122 19097 -4913 3757
4: -18122 -36335 4913 3757
3: 18207 -39 495924 3757
1: 18207 14703 -5202 3757
4: -18207 -27885 5202 3757
4: -18252 -1785 24565 3757
2: -18252 14739 1360 3757
4: -18252 -78897 4335 3757
2: -18258 250563 3718 3757
1: 18278 83521 -4095 3757
2: -18278 83521 3419 3757
2: -18564 507 -68782 3757
3: 18616 -577133 -3757 3757
4: -18734 -611 63869 3757
1: 18954 592161 -3757 3757
4: -19074 -1521 27744 3757
3: 19266 -117 167042 3757
3: 19292 -83521 -3419 3757
4: -19292 -83521 4095 3757
2: -19604 143 -250563 3757
4: -19652 -65 562445 3757
2: -19652 91 -395590 3757
3: 19652 -97 203983 3757
3: 19652 -169 115549 3757
4: -19652 -169 218535 3757
2: -19652 175 -203983 3757
4: -19652 -325 115362 3757
2: -19652 455 -76245 3757
4: -19652 -845 46580 3757
2: -19652 1183 -27115 3757
3: 19652 -1261 12376 3757
2: -19652 2275 -12376 3757
4: -19652 -4225 12189 3757
3: 19652 -4913 507 3757
4: -19652 -4913 10985 3757
2: -19652 5915 -2550 3757
3: 19652 -16393 -2363 3757
4: -19652 -24565 5070 3757
2: -19652 29575 2363 3757
2: -19652 34391 2535 3757
3: 19652 -63869 -3276 3757
4: -19652 -63869 4160 3757
4: -19652 -122825 3887 3757
2: -19652 171955 3380 3757
4: -19652 -319345 3705 3757
2: -19652 447083 3510 3757
3: 19652 -476561 -3549 3757
3: 19652 -830297 -3567 3757
4: -19652 -830297 3635 3757
2: -19652 859775 3549 3757
1: 19942 152303 -3672 3757
1: 19968 91035 -3757 3757
3: 20111 -83521 -3266 3757
4: -20111 -83521 3942 3757
1: 20332 3211 -9826 3757
3: 20519 -103 195364 3757
2: -20519 181 -195364 3757
3: 20808 -21 976820 3757
1: 20808 195 -108953 3757
3: 20956 -4913 833 3757
4: -20956 -4913 10659 3757
4: -20982 -91035 3757 3757
1: 21216 507 -44217 3757
4: -21294 -39 918731 3757
1: 21294 9537 -5491 3757
2: -21294 191607 3128 3757
1: 21386 83521 -3549 3757
1: 21632 1819 -14739 3757
3: 21801 -191607 -3128 3757
1: 22308 459 -49130 3757
3: 22474 -1183 14739 3757
2: -22542 507 -66470 3757
1: 22542 1521 -17051 3757
4: -22542 -2535 17051 3757
2: -22542 250563 2990 3757
1: 22542 751689 -3159 3757
4: -22646 -5491 9537 3757
1: 22698 103173 -3315 3757
4: -22984 -37 953122 3757
3: 22984 -157 132651 3757
2: -22984 259 -132651 3757
3: 23153 -171955 -2924 3757
2: -23322 405 -83521 3757
2: -23322 257499 2890 3757
1: 23409 20787 -4046 3757
4: -23409 -33969 4046 3757
3: 23426 -83521 -2756 3757
4: -23426 -83521 3432 3757
3: 23608 -417605 -2938 3757
4: -23698 -91 386971 3757
4: -23712 -103173 3315 3757
3: 23868 -165 127738 3757
2: -23868 267 -127738 3757
1: 23902 83521 -3211 3757
2: -23902 83521 2535 3757
3: 23998 -424541 -2890 3757
1: 24276 507 -45662 3757
3: 24674 -1717 9826 3757
1: 24843 255 -88434 3757
3: 24843 -14739 -1360 3757
1: 24973 175 -127738 3757
4: -24973 -277 127738 3757
1: 25012 271 -83521 3757
3: 25228 -83521 -2535 3757
4: -25228 -83521 3211 3757
2: -25721 403 -82654 3757
4: -25857 -39 884340 3757
3: 25857 -183 117912 3757
2: -25857 285 -117912 3757
4: -25857 -741 49130 3757
3: 26299 -1859 9248 3757
3: 26299 -83521 -2418 3757
2: -26533 119 -284954 3757
3: 26588 -377 56355 3757
1: 27378 51 -442170 3757
1: 27378 966705 -2601 3757
1: 27716 9503 -4913 3757
2: -27744 507 -64447 3757
2: -27924 250563 2392 3757
1: 28322 157 -146523 3757
4: -28322 -235 146523 3757
3: 28431 -250563 -2392 3757
2: -28899 259233 2312 3757
3: 29068 -85 265302 3757
1: 29068 131495 -2601 3757
4: -29172 -1521 24565 3757
3: 29406 -259233 -2312 3757
3: 29478 -33 689520 3757
1: 29478 39 -587860 3757
1: 29478 165 -140777 3757
3: 29478 -195 114699 3757
4: -29478 -243 140777 3757
3: 29478 -429 50830 3757
1: 29478 507 -47430 3757
1: 29478 2145 -13039 3757
3: 29478 -2535 6613 3757
4: -29478 -3159 13039 3757
3: 29478 -5577 1700 3757
3: 29478 -14739 -845 3757
1: 29478 27885 -3213 3757
4: -29478 -41067 3213 3757
1: 29478 73695 -2704 3757
1: 29478 162129 -2535 3757
3: 29478 -191607 -2275 3757
3: 29478 -810645 -2366 3757
1: 29478 958035 -2418 3757
2: -29767 1183 -26010 3757
3: 29913 -153 147390 3757
3: 30056 -2197 8092 3757
2: -30056 3211 -8092 3757
4: -30082 -131495 2601 3757
3: 30634 -83521 -2028 3757
4: -30634 -83521 2704 3757
4: -30872 -417605 2366 3757
2: -31161 1521 -19652 3757
3: 31343 -555169 -2210 3757
3: 31603 -47 491300 3757
1: 31603 3055 -9826 3757
4: -31603 -4381 9826 3757
3: 32368 -2405 7514 3757
2: -32368 3419 -7514 3757
4: -32448 -241893 2312 3757
2: -32617 24565 816 3757
3: 32657 -1859 10404 3757
2: -33462 195 -167042 3757
1: 33592 1859 -14739 3757
4: -33813 -507 67048 3757
4: -33969 -44217 2822 3757
1: 34102 2561 -11271 3757
4: -34102 -3575 11271 3757
4: -34138 -493 68782 3757
1: 34307 143 -167042 3757
1: 34391 199 -120666 3757
4: -34391 -277 120666 3757
3: 34391 -2587 7072 3757
2: -34391 3601 -7072 3757
1: 34391 33631 -2754 3757
4: -34391 -46813 2754 3757
3: 34391 -977687 -2028 3757
4: -34476 -33 997339 3757
2: -34476 39 -840123 3757
3: 34476 -261 88434 3757
2: -34476 363 -88434 3757
4: -34476 -429 78608 3757
3: 34476 -3393 4913 3757
2: -34476 4719 -4913 3757
2: -34476 250563 1916 3757
2: -34814 14161 -289 3757
3: 35828 -83521 -1685 3757
4: -35828 -83521 2361 3757
2: -35997 39 -835210 3757
4: -36414 -39 837811 3757
1: 36414 35997 -2601 3757
4: -36414 -49179 2601 3757
1: 36504 14739 -3553 3757
1: 36516 250563 -2028 3757
1: 37128 507 -49130 3757
4: -37179 -250563 2028 3757
1: 37196 7943 -4913 3757
1: 37349 91 -265302 3757
3: 37518 -765 29478 3757
1: 37518 169065 -2023 3757
4: -37687 -65 501126 3757
2: -37869 338997 1768 3757
3: 37944 -3549 4913 3757
1: 38168 171955 -1989 3757
3: 38363 -417605 -1782 3757
3: 38376 -338997 -1768 3757
1: 38454 27 -894166 3757
3: 38532 -103173 -1598 3757
4: -38532 -169065 2023 3757
4: -39039 -4029 9826 3757
4: -39182 -171955 1989 3757
3: 39208 -24565 -816 3757
3: 39304 -3029 6188 3757
2: -39304 4043 -6188 3757
3: 39304 -63869 -1417 3757
4: -39304 -63869 2301 3757
2: -39882 819 -37570 3757
3: 40171 -40391 -1156 3757
2: -40171 53573 1156 3757
3: 40222 -83521 -1464 3757
4: -40222 -83521 2140 3757
3: 41038 -245 97682 3757
1: 41574 16473 -3179 3757
4: -41743 -740129 1734 3757
4: -41912 -77 417605 3757
4: -42483 -333 97682 3757
1: 42588 191607 -1785 3757
1: 42823 584647 -1690 3757
2: -42926 527 -58956 3757
1: 43264 239003 -1734 3757
4: -43602 -191607 1785 3757
4: -44217 -39 817700 3757
2: -44217 69 -459680 3757
3: 44217 -507 46988 3757
1: 44217 45123 -2142 3757
4: -44217 -58305 2142 3757
4: -44217 -73695 2028 3757
2: -44217 191607 1430 3757
4: -44217 -338997 1690 3757
4: -44954 -9503 4913 3757
1: 45084 507 -50286 3757
1: 45084 250563 -1664 3757
3: 45968 -949 24565 3757
3: 45968 -417605 -1476 3757
1: 46818 48165 -2023 3757
4: -46818 -61347 2023 3757
3: 46852 -83521 -1209 3757
4: -46852 -83521 1885 3757
3: 47294 -2197 9826 3757
3: 47736 -381 63869 3757
2: -47736 483 -63869 3757
1: 47996 323 -78608 3757
3: 47996 -14161 289 3757
2: -48552 507 -60690 3757
1: 48841 299 -84966 3757
3: 48841 -299 82076 3757
2: -48841 377 -82076 3757
4: -48841 -377 84966 3757
1: 48841 83521 -1744 3757
2: -48841 83521 1068 3757
3: 48841 -83521 -1146 3757
4: -48841 -83521 1822 3757
4: -49062 -99 319345 3757
1: 49218 221085 -1547 3757
4: -49686 -14739 3553 3757
1: 49946 401 -63869 3757
4: -49946 -503 63869 3757
2: -49997 455 -67626 3757
4: -50167 -417605 1482 3757
4: -50232 -221085 1547 3757
1: 51038 403733 -1445 3757
1: 51153 4095 -7514 3757
4: -51153 -5109 7514 3757
3: 51493 -169 147390 3757
4: -51493 -169 186694 3757
3: 51714 -39 643603 3757
3: 51714 -417 58956 3757
2: -51714 519 -58956 3757
2: -52052 1207 -24565 3757
3: 52598 -4225 4624 3757
2: -52598 5239 -4624 3757
3: 52598 -83521 -1040 3757
4: -52598 -83521 1716 3757
1: 52728 236691 -1445 3757
4: -53742 -236691 1445 3757
4: -54043 -91 343876 3757
2: -54043 767 -39338 3757
3: 54043 -63869 -910 3757
4: -54043 -63869 1794 3757
4: -54249 -71961 1734 3757
4: -54548 -967861 1326 3757
1: 54587 83521 -1596 3757
2: -54587 83521 920 3757
1: 54621 57291 -1734 3757
4: -54621 -70473 1734 3757
2: -54756 51 -609212 3757
4: -54756 -16473 3179 3757
1: 55848 250563 -1365 3757
4: -56862 -250563 1365 3757
2: -57222 195 -157794 3757
4: -57291 -51 609212 3757
2: -58956 39 -791843 3757
3: 58956 -117 217022 3757
2: -58956 507 -59806 3757
3: 58956 -1521 15589 3757
3: 60112 -4901 4046 3757
2: -60112 5915 -4046 3757
4: -60112 -417605 1248 3757
1: 60333 45 -569908 3757
4: -60502 -37 835210 3757
3: 61268 -83521 -845 3757
4: -61268 -83521 1521 3757
2: -61557 39 -788970 3757
4: -61659 -3549 9826 3757
3: 62699 -83521 -818 3757
4: -62699 -83521 1494 3757
4: -63206 -91 338997 3757
1: 63206 6773 -4913 3757
4: -63206 -8099 4913 3757
2: -63206 584647 1064 3757
1: 63544 567307 -1156 3757
1: 63869 31 -831402 3757
3: 63869 -31 829192 3757
2: -63869 37 -829192 3757
4: -63869 -37 831402 3757
1: 63869 169 -153408 3757
2: -63869 169 -180676 3757
3: 63869 -169 151198 3757
4: -63869 -169 182886 3757
1: 63869 4913 -6344 3757
2: -63869 4913 -5148 3757
3: 63869 -4913 4134 3757
4: -63869 -4913 7358 3757
1: 63869 5239 -6018 3757
3: 63869 -5239 3808 3757
2: -63869 6253 -3808 3757
4: -63869 -6253 6018 3757
1: 63869 152303 -1274 3757
3: 63869 -152303 -936 3757
2: -63869 181781 936 3757
4: -63869 -181781 1274 3757
1: 63869 830297 -1136 3757
2: -63869 830297 1068 3757
3: 63869 -830297 -1074 3757
4: -63869 -830297 1142 3757
3: 64051 -323 78608 3757
4: -64051 -567307 1156 3757
4: -64447 -65 473382 3757
3: 64736 -5317 3757 3757
2: -64736 6331 -3757 3757
3: 65603 -417605 -1014 3757
3: 65858 -845 29478 3757
4: -65892 -117 262990 3757
2: -66181 584647 1014 3757
4: -66674 -7943 4913 3757
1: 67093 31 -835210 3757
3: 67337 -169 152014 3757
4: -67337 -169 182070 3757
2: -67388 918731 1014 3757
1: 67626 33 -785213 3757
3: 67626 -507 49997 3757
1: 68782 437 -60333 3757
4: -68782 -515 60333 3757
3: 68782 -5681 3536 3757
2: -68782 6695 -3536 3757
1: 68782 73853 -1377 3757
4: -68782 -87035 1377 3757
3: 68952 -573 44217 3757
2: -68952 675 -44217 3757
1: 68952 250563 -1127 3757
1: 69108 309519 -1105 3757
4: -69121 -527 58956 3757
4: -70122 -309519 1105 3757
4: -70227 -273 112710 3757
2: -70304 91 -334084 3757
1: 71318 319345 -1071 3757
1: 71383 35 -743886 3757
4: -71383 -41 743886 3757
1: 71383 83521 -1300 3757
2: -71383 83521 624 3757
1: 71994 39 -668168 3757
4: -72332 -319345 1071 3757
2: -73032 250563 845 3757
3: 73346 -273683 -867 3757
2: -74256 507 -58956 3757
3: 74358 -250563 -845 3757
3: 74529 -39 668168 3757
1: 75429 897 -30056 3757
4: -76219 -91 334084 3757
2: -77402 584647 860 3757
3: 77571 -651 39304 3757
2: -77571 753 -39304 3757
4: -78608 -53 571727 3757
3: 78608 -101 258570 3757
3: 78608 -6565 3094 3757
2: -78608 7579 -3094 3757
3: 78608 -24565 169 3757
2: -78608 54043 338 3757
4: -78608 -260389 1014 3757
3: 78608 -496213 -845 3757
3: 80342 -87373 -578 3757
3: 80444 -83521 -563 3757
4: -80444 -83521 1239 3757
3: 81991 -83521 -546 3757
4: -81991 -83521 1222 3757
3: 82076 -529 48841 3757
2: -82076 607 -48841 3757
1: 82654 41 -642447 3757
4: -82654 -47 642447 3757
1: 83174 741863 -884 3757
2: -83232 123 -244205 3757
1: 83521 49 -538096 3757
3: 83521 -49 536406 3757
1: 83521 77 -342732 3757
3: 83521 -77 341042 3757
1: 83521 91 -290134 3757
3: 83521 -91 288444 3757
1: 83521 119 -222066 3757
3: 83521 -119 220376 3757
1: 83521 143 -184938 3757
3: 83521 -143 183248 3757
1: 83521 169 -156616 3757
2: -83521 169 -177468 3757
3: 83521 -169 154926 3757
4: -83521 -169 179158 3757
1: 83521 187 -141622 3757
3: 83521 -187 139932 3757
1: 83521 221 -119964 3757
2: -83521 221 -135512 3757
3: 83521 -221 118274 3757
4: -83521 -221 137202 3757
3: 83521 -289 90246 3757
4: -83521 -289 105118 3757
1: 83521 539 -49686 3757
3: 83521 -539 47996 3757
2: -83521 617 -47996 3757
4: -83521 -617 49686 3757
1: 83521 637 -42172 3757
3: 83521 -637 40482 3757
1: 83521 833 -32448 3757
3: 83521 -833 30758 3757
1: 83521 1001 -27144 3757
3: 83521 -1001 25454 3757
1: 83521 1183 -23098 3757
3: 83521 -1183 21408 3757
1: 83521 1309 -20956 3757
3: 83521 -1309 19266 3757
1: 83521 1547 -17862 3757
3: 83521 -1547 16172 3757
1: 83521 1859 -15006 3757
3: 83521 -1859 13316 3757
1: 83521 2023 -13858 3757
3: 83521 -2023 12168 3757
1: 83521 2431 -11674 3757
3: 83521 -2431 9984 3757
1: 83521 2873 -10008 3757
2: -83521 2873 -9644 3757
3: 83521 -2873 8318 3757
4: -83521 -2873 11334 3757
1: 83521 3179 -9126 3757
3: 83521 -3179 7436 3757
1: 83521 3757 -7852 3757
2: -83521 3757 -7176 3757
3: 83521 -3757 6162 3757
4: -83521 -3757 8866 3757
1: 83521 7007 -4602 3757
3: 83521 -7007 2912 3757
2: -83521 8021 -2912 3757
4: -83521 -8021 4602 3757
1: 83521 8281 -4024 3757
3: 83521 -8281 2334 3757
1: 83521 9163 -3718 3757
3: 83521 -9163 2028 3757
2: -83521 10489 -2028 3757
4: -83521 -10489 3718 3757
1: 83521 10829 -3276 3757
3: 83521 -10829 1586 3757
1: 83521 13013 -2868 3757
3: 83521 -13013 1178 3757
1: 83521 14161 -2704 3757
3: 83521 -14161 1014 3757
1: 83521 17017 -2392 3757
3: 83521 -17017 702 3757
1: 83521 20111 -2154 3757
3: 83521 -20111 464 3757
1: 83521 22253 -2028 3757
3: 83521 -22253 338 3757
1: 83521 26299 -1846 3757
3: 83521 -26299 156 3757
1: 83521 31603 -1678 3757
3: 83521 -31603 -12 3757
1: 83521 41327 -1482 3757
3: 83521 -41327 -208 3757
1: 83521 48841 -1384 3757
2: -83521 48841 228 3757
1: 83521 91091 -1134 3757
3: 83521 -91091 -556 3757
2: -83521 104273 556 3757
4: -83521 -104273 1134 3757
1: 83521 119119 -1066 3757
3: 83521 -119119 -624 3757
2: -83521 136357 624 3757
4: -83521 -136357 1066 3757
1: 83521 140777 -1032 3757
3: 83521 -140777 -658 3757
1: 83521 155771 -1014 3757
3: 83521 -155771 -676 3757
2: -83521 178313 676 3757
4: -83521 -178313 1014 3757
1: 83521 184093 -988 3757
3: 83521 -184093 -702 3757
1: 83521 221221 -964 3757
3: 83521 -221221 -726 3757
1: 83521 289289 -936 3757
3: 83521 -289289 -754 3757
1: 83521 341887 -922 3757
3: 83521 -341887 -768 3757
1: 83521 537251 -894 3757
3: 83521 -537251 -796 3757
4: -83681 -741863 884 3757
1: 84966 549 -48841 3757
4: -84966 -627 48841 3757
4: -86122 -845 36414 3757
1: 87278 1469 -18785 3757
3: 88049 -118201 -578 3757
1: 88218 394485 -867 3757
3: 88434 -39 676923 3757
4: -88434 -507 60027 3757
4: -88434 -1209 25636 3757
1: 88434 96837 -1071 3757
2: -88434 103173 507 3757
4: -88434 -110019 1071 3757
1: 88434 191607 -936 3757
1: 88621 169 -157216 3757
2: -88621 169 -176868 3757
4: -89232 -394485 867 3757
2: -90168 507 -58378 3757
2: -90746 3887 -6936 3757
2: -90753 250563 658 3757
2: -91052 1183 -24565 3757
1: 91936 923 -29478 3757
1: 93347 830297 -788 3757
2: -93347 830297 720 3757
1: 93418 417605 -819 3757
1: 93457 66181 -1156 3757
2: -93964 34391 -119 3757
4: -94432 -417605 819 3757
4: -95316 -1581 19652 3757
4: -95992 -260389 850 3757
1: 97104 507 -53176 3757
1: 97682 49 -543609 3757
3: 97682 -49 542164 3757
2: -97682 55 -542164 3757
4: -97682 -55 543609 3757
2: -97682 65 -458643 3757
4: -97682 -65 460088 3757
3: 97682 -91 291601 3757
2: -97682 143 -208080 3757
4: -97682 -143 209525 3757
1: 97682 637 -42483 3757
3: 97682 -637 41038 3757
2: -97682 715 -41038 3757
4: -97682 -715 42483 3757
1: 97682 83521 -1041 3757
2: -97682 83521 365 3757
3: 97682 -83521 -404 3757
4: -97682 -83521 1080 3757
2: -97682 417605 651 3757
4: -97682 -417605 794 3757
1: 97682 584647 -768 3757
3: 97682 -584647 -677 3757
2: -97682 918731 690 3757
4: -97682 -918731 755 3757
4: -100048 -66181 1156 3757
1: 100048 447083 -765 3757
4: -100572 -1365 22542 3757
4: -101062 -447083 765 3757
1: 101728 5915 -5202 3757
1: 102306 8697 -3757 3757
4: -102306 -9711 3757 3757
3: 102986 -169 157216 3757
4: -102986 -169 176868 3757
2: -103173 507 -58038 3757
1: 103173 675 -40222 3757
4: -103173 -753 40222 3757
4: -103173 -14739 2704 3757
1: 103173 114075 -918 3757
4: -103173 -127257 918 3757
1: 103428 195 -137564 3757
3: 103428 -885 29478 3757
2: -103428 987 -29478 3757
2: -104442 73695 272 3757
4: -104907 -1521 20230 3757
3: 105196 -53 503438 3757
2: -105196 59 -503438 3757
3: 105196 -8957 2312 3757
2: -105196 9971 -2312 3757
3: 105196 -83521 -351 3757
4: -105196 -83521 1027 3757
1: 106301 83521 -984 3757
2: -106301 83521 308 3757
3: 107146 -34391 119 3757
3: 107219 -83521 -338 3757
4: -107219 -83521 1014 3757
2: -107822 85 -348823 3757
3: 108086 -63869 -234 3757
4: -108086 -63869 1118 3757
1: 108664 299 -90168 3757
1: 109174 83521 -967 3757
2: -109174 83521 291 3757
1: 109242 121173 -867 3757
4: -109242 -134355 867 3757
1: 109512 51 -525691 3757
1: 110211 751689 -676 3757
4: -110874 -751689 676 3757
3: 111033 -73695 -272 3757
1: 112999 4913 -6084 3757
2: -112999 4913 -5408 3757
3: 114582 -51 525691 3757
1: 115518 515865 -663 3757
1: 115889 169 -159528 3757
2: -115889 169 -174556 3757
2: -115934 59 -501126 3757
4: -116272 -85 348823 3757
4: -116532 -515865 663 3757
4: -117351 -507 58956 3757
3: 117793 -91 294780 3757
4: -117912 -45 657917 3757
2: -117912 171 -172380 3757
1: 117912 507 -53618 3757
1: 117912 1443 -19227 3757
4: -117912 -7605 4488 3757
2: -117912 28899 -425 3757
3: 117912 -103173 -338 3757
4: -117912 -574821 650 3757
1: 118677 250563 -702 3757
1: 118807 83521 -916 3757
2: -118807 83521 240 3757
2: -119782 845 -34391 3757
3: 120224 -10309 2023 3757
2: -120224 11323 -2023 3757
2: -122162 417605 507 3757
1: 123114 39 -691288 3757
3: 123488 -417605 -507 3757
2: -123708 351 -83521 3757
1: 123981 63 -428298 3757
4: -123981 -69 428298 3757
1: 125398 325 -83521 3757
3: 125398 -83521 -240 3757
4: -125398 -83521 916 3757
2: -126412 239 -122825 3757
3: 127449 -39 691288 3757
2: -127738 71 -414596 3757
4: -127738 -71 415701 3757
2: -127738 169 -173859 3757
4: -127738 -169 174964 3757
1: 127738 2197 -12835 3757
3: 127738 -2197 11730 3757
1: 127738 4913 -6045 3757
2: -127738 4913 -5447 3757
3: 127738 -4913 4940 3757
4: -127738 -4913 6552 3757
1: 127738 10985 -3009 3757
3: 127738 -10985 1904 3757
2: -127738 11999 -1904 3757
4: -127738 -11999 3009 3757
1: 127738 24565 -1651 3757
3: 127738 -24565 546 3757
2: -127738 348823 468 3757
4: -127738 -348823 637 3757
2: -127738 830297 517 3757
4: -127738 -830297 588 3757
1: 128778 574821 -595 3757
4: -129792 -574821 595 3757
1: 130988 584647 -585 3757
4: -132002 -584647 585 3757
4: -132158 -377 78608 3757
4: -132362 -32279 1445 3757
2: -132651 429 -68068 3757
1: 132651 14739 -2366 3757
1: 132651 148551 -714 3757
4: -132651 -161733 714 3757
3: 134674 -169 159528 3757
4: -134674 -169 174556 3757
1: 137564 143 -189839 3757
3: 137564 -11869 1768 3757
2: -137564 12883 -1768 3757
1: 137564 54043 -1014 3757
3: 137904 -117 230911 3757
1: 138142 22139 -1734 3757
2: -138918 117 -250563 3757
1: 139009 83521 -832 3757
2: -139009 83521 156 3757
1: 139298 37 -732615 3757
1: 140101 673081 -544 3757
3: 140946 -81 334084 3757
3: 141899 -299 90168 3757
1: 142298 65 -417605 3757
4: -142477 -205 143650 3757
2: -142477 6929 -3740 3757
4: -142477 -24565 1690 3757
1: 142477 830297 -528 3757
2: -142477 830297 460 3757
1: 142766 73 -371943 3757
4: -142766 -79 371943 3757
1: 142766 83521 -819 3757
2: -142766 83521 143 3757
2: -143988 39 -751689 3757
4: -145367 -16055 2312 3757
2: -146354 349 -83521 3757
1: 146523 39 -696490 3757
1: 146523 75 -362406 3757
4: -146523 -81 362406 3757
3: 146523 -195 138720 3757
1: 146523 975 -28322 3757
4: -146523 -1053 28322 3757
1: 146523 250563 -590 3757
1: 148044 327 -83521 3757
1: 148512 507 -54043 3757
4: -148546 -918731 507 3757
4: -149058 -39 751689 3757
3: 150748 -65 417605 3757
1: 151424 54043 -969 3757
3: 152269 -83521 -138 3757
4: -152269 -83521 814 3757
3: 152303 -4913 5070 3757
4: -152303 -4913 6422 3757
3: 152303 -24505 646 3757
4: -153452 -417605 530 3757
3: 153459 -507 53176 3757
4: -154128 -117 250563 3757
3: 155142 -1353 19652 3757
2: -155142 1455 -19652 3757
2: -155193 250563 338 3757
1: 155363 83521 -780 3757
2: -155363 83521 104 3757
1: 156156 215883 -578 3757
1: 156638 845 -32657 3757
2: -157216 91 -320892 3757
3: 157216 -13637 1547 3757
2: -157216 14651 -1547 3757
2: -157794 507 -57222 3757
2: -159198 5457 -4913 3757
4: -160446 -1521 19652 3757
3: 160684 -181337 -289 3757
2: -160684 194519 289 3757
4: -161262 -3549 8670 3757
1: 162129 9633 -3264 3757
3: 162129 -280041 -338 3757
2: -163761 2847 -9826 3757
1: 163863 185055 -578 3757
3: 163982 -83521 -104 3757
4: -163982 -83521 780 3757
4: -164606 -54043 969 3757
2: -165308 584647 377 3757
3: 166634 -31 879427 3757
3: 166634 -611 44217 3757
2: -167042 65 -448539 3757
4: -167042 -65 449384 3757
2: -167042 85 -342901 3757
4: -167042 -85 343746 3757
1: 167042 169 -161829 3757
2: -167042 169 -172255 3757
3: 167042 -169 160984 3757
4: -167042 -169 173100 3757
1: 167042 221 -123851 3757
2: -167042 221 -131625 3757
3: 167042 -221 123006 3757
4: -167042 -221 132470 3757
2: -167042 239 -121680 3757
4: -167042 -239 122525 3757
3: 167042 -289 93964 3757
4: -167042 -289 101400 3757
2: -167042 845 -34113 3757
4: -167042 -845 34958 3757
2: -167042 1105 -25987 3757
4: -167042 -1105 26832 3757
1: 167042 1117 -24843 3757
3: 167042 -1117 23998 3757
2: -167042 1195 -23998 3757
4: -167042 -1195 24843 3757
2: -167042 1445 -19773 3757
4: -167042 -1445 20618 3757
1: 167042 2873 -9917 3757
2: -167042 2873 -9735 3757
3: 167042 -2873 9072 3757
4: -167042 -2873 10580 3757
2: -167042 3107 -8970 3757
4: -167042 -3107 9815 3757
1: 167042 3757 -7683 3757
2: -167042 3757 -7345 3757
3: 167042 -3757 6838 3757
4: -167042 -3757 8190 3757
2: -167042 4063 -6760 3757
4: -167042 -4063 7605 3757
2: -167042 14365 -1609 3757
4: -167042 -14365 2454 3757
1: 167042 14521 -2301 3757
3: 167042 -14521 1456 3757
2: -167042 15535 -1456 3757
4: -167042 -15535 2301 3757
2: -167042 18785 -1131 3757
4: -167042 -18785 1976 3757
1: 167042 18989 -1859 3757
3: 167042 -18989 1014 3757
2: -167042 20315 -1014 3757
4: -167042 -20315 1859 3757
2: -167042 40391 -300 3757
4: -167042 -40391 1145 3757
1: 167042 48841 -981 3757
2: -167042 48841 -175 3757
2: -167042 52819 -130 3757
4: -167042 -52819 975 3757
4: -167042 -69071 845 3757
1: 167042 188773 -567 3757
3: 167042 -188773 -278 3757
2: -167042 201955 278 3757
4: -167042 -201955 567 3757
2: -167042 244205 303 3757
4: -167042 -244205 542 3757
1: 167042 246857 -533 3757
3: 167042 -246857 -312 3757
2: -167042 264095 312 3757
4: -167042 -264095 533 3757
1: 167042 322813 -507 3757
3: 167042 -322813 -338 3757
2: -167042 345355 338 3757
4: -167042 -345355 507 3757
2: -167042 686647 380 3757
4: -167042 -686647 465 3757
2: -167042 897923 390 3757
4: -167042 -897923 455 3757
3: 167648 -325 83521 3757
1: 168558 751689 -455 3757
4: -169338 -351 83521 3757
4: -169572 -751689 455 3757
1: 170014 60401 -867 3757
3: 170391 -213 127738 3757
4: -171496 -229 127738 3757
4: -172042 -1207 24565 3757
2: -172822 3211 -8670 3757
3: 175134 -897 30056 3757
1: 176868 195 -140556 3757
3: 176868 -237 114920 3757
2: -176868 191607 247 3757
1: 177242 169 -162129 3757
2: -177242 169 -171955 3757
1: 178126 2899 -9826 3757
1: 180336 507 -54332 3757
4: -180999 -39 746776 3757
1: 181506 250563 -498 3757
4: -183196 -60401 867 3757
2: -186694 1859 -15266 3757
3: 186694 -30251 527 3757
1: 186694 830297 -411 3757
2: -186694 830297 343 3757
1: 187928 6035 -4913 3757
2: -188632 35 -830297 3757
1: 188802 33 -830297 3757
1: 191607 99 -277134 3757
4: -191607 -105 277134 3757
2: -191607 507 -56950 3757
3: 191607 -1521 17646 3757
4: -191607 -2535 11832 3757
2: -191607 3549 -7820 3757
4: -191607 -14739 2340 3757
1: 191607 16731 -2006 3757
4: -191607 -17745 2006 3757
1: 191607 44217 -988 3757
2: -191607 73695 -26 3757
4: -191607 -103173 650 3757
3: 191607 -486387 -312 3757
2: -191607 515865 312 3757
2: -194208 507 -56933 3757
3: 194412 -33 830297 3757
4: -194582 -35 830297 3757
3: 195364 -101 271082 3757
2: -195364 107 -271082 3757
3: 195364 -1313 20519 3757
2: -195364 1391 -20519 3757
3: 195364 -83521 -33 3757
4: -195364 -83521 709 3757
3: 199121 -83521 -26 3757
4: -199121 -83521 702 3757
3: 200668 -417605 -286 3757
1: 201433 63869 -780 3757
2: -201433 63869 -104 3757
2: -202436 584647 299 3757
3: 202462 -1819 14739 3757
2: -202462 486965 289 3757
1: 203167 83521 -676 3757
3: 205972 -169 162129 3757
4: -205972 -169 171955 3757
1: 206346 507 -54502 3757
1: 206346 1389 -20111 3757
4: -206346 -1467 20111 3757
3: 206346 -14739 1521 3757
1: 206346 234741 -459 3757
4: -206346 -247923 459 3757
3: 206856 -1821 14739 3757
2: -206856 1923 -14739 3757
3: 210392 -109 251719 3757
2: -210392 115 -251719 3757
3: 210392 -18421 1156 3757
2: -210392 19435 -1156 3757
2: -211276 151 -191607 3757
4: -212602 -395 73695 3757
1: 212602 83521 -661 3757
2: -212602 83521 -15 3757
1: 214149 111 -247962 3757
4: -214438 -83521 676 3757
1: 214968 958035 -357 3757
4: -215982 -958035 357 3757
3: 216172 -63869 104 3757
4: -216172 -63869 780 3757
1: 216172 152303 -507 3757
1: 218348 35 -786080 3757
1: 221663 19435 -1734 3757
4: -221663 -20449 1734 3757
2: -221728 988091 289 3757
3: 222742 -988091 -289 3757
2: -224842 24505 -867 3757
3: 225998 -3965 6630 3757
1: 225998 4913 -5915 3757
2: -225998 4913 -5577 3757
4: -225998 -447083 377 3757
1: 231778 169 -163285 3757
2: -231778 169 -170799 3757
3: 232934 -918731 -273 3757
1: 233223 10647 -2890 3757
4: -234379 -1963 15028 3757
3: 234702 -507 54043 3757
2: -235824 507 -56712 3757
1: 235824 132651 -507 3757
2: -237354 250563 182 3757
1: 237614 83521 -627 3757
2: -237614 83521 -49 3757
1: 240737 1627 -17238 3757
4: -240737 -1705 17238 3757
1: 243338 65 -424541 3757
2: -246228 39 -740129 3757
1: 247962 129 -214149 3757
4: -247962 -135 214149 3757
1: 249951 201 -137564 3757
1: 250563 39 -707850 3757
3: 250563 -51 540800 3757
2: -250563 117 -246428 3757
4: -250563 -153 188942 3757
3: 250563 -195 141232 3757
1: 250563 255 -108498 3757
3: 250563 -339 81120 3757
1: 250563 507 -54710 3757
3: 250563 -663 41340 3757
1: 250563 867 -32110 3757
2: -250563 1521 -18696 3757
1: 250563 1695 -16562 3757
4: -250563 -1773 16562 3757
4: -250563 -1989 14794 3757
3: 250563 -2535 10604 3757
2: -250563 2601 -10816 3757
1: 250563 3315 -8606 3757
3: 250563 -4335 6084 3757
3: 250563 -4407 5980 3757
1: 250563 5763 -5070 3757
3: 250563 -8619 2920 3757
1: 250563 11271 -2730 3757
1: 250563 22035 -1534 3757
4: -250563 -23049 1534 3757
4: -250563 -25857 1398 3757
3: 250563 -28815 676 3757
2: -250563 30141 -676 3757
2: -250563 33813 -572 3757
1: 250563 43095 -922 3757
3: 250563 -56355 208 3757
3: 250563 -57291 200 3757
1: 250563 74919 -650 3757
1: 250563 146523 -470 3757
1: 250563 286455 -378 3757
4: -250563 -299637 378 3757
3: 250563 -374595 -208 3757
2: -250563 391833 208 3757
2: -250563 439569 216 3757
1: 250563 489855 -338 3757
4: -250563 -512397 338 3757
3: 250563 -732615 -244 3757
1: 250563 973947 -310 3757
3: 250796 -83521 49 3757
4: -250796 -83521 627 3757
3: 251719 -131 210392 3757
2: -251719 137 -210392 3757
3: 254007 -692733 -238 3757
4: -254898 -39 740129 3757
3: 255476 -133 207298 3757
2: -255476 139 -207298 3757
3: 255476 -169 163081 3757
4: -255476 -169 171003 3757
1: 255476 1183 -23613 3757
1: 255476 3211 -8874 3757
3: 255476 -4913 5343 3757
4: -255476 -4913 6149 3757
3: 255476 -22477 952 3757
2: -255476 23491 -952 3757
1: 255476 34391 -1079 3757
1: 255476 93347 -572 3757
3: 255476 -653429 -234 3757
2: -255476 682907 234 3757
3: 255476 -830297 -243 3757
4: -255476 -830297 311 3757
3: 255528 -165 167042 3757
1: 255697 403 -68782 3757
4: -256373 -173 167042 3757
3: 257788 -65 424541 3757
2: -258232 115 -250563 3757
3: 259233 -4563 5780 3757
4: -262412 -417605 338 3757
4: -263432 -845 34391 3757
4: -265302 -975 29835 3757
2: -265302 14739 -1690 3757
1: 265302 303693 -357 3757
4: -265302 -316875 357 3757
1: 266344 93347 -561 3757
3: 269348 -169 163285 3757
4: -269348 -169 170799 3757
4: -270504 -3549 8381 3757
4: -273972 -7605 4046 3757
3: 275128 -24245 884 3757
2: -275128 25259 -884 3757
2: -275128 329171 169 3757
1: 278018 83521 -585 3757
2: -278018 83521 -91 3757
1: 278681 353 -78608 3757
4: -279526 -93347 561 3757
2: -282438 5577 -4913 3757
2: -284427 195 -147390 3757
1: 284954 830297 -281 3757
2: -284954 830297 213 3757
4: -285948 -682329 289 3757
1: 287844 63 -439569 3757
1: 289867 25571 -1326 3757
4: -289867 -26585 1326 3757
4: -292162 -1183 24565 3757
2: -293046 39 -737528 3757
3: 293046 -117 236402 3757
4: -293046 -159 181203 3757
4: -293046 -2067 14161 3757
2: -293046 250563 126 3757
1: 296426 407779 -306 3757
1: 298792 91 -304606 3757
1: 299693 270215 -338 3757
2: -301002 75 -383214 3757
3: 304538 -83521 100 3757
4: -304538 -83521 576 3757
3: 304606 -4913 5408 3757
4: -304606 -4913 6084 3757
4: -306918 -507 56933 3757
4: -309519 -39 737256 3757
2: -309519 191607 78 3757
1: 309519 355407 -306 3757
4: -309519 -368589 306 3757
3: 310284 -2757 9826 3757
2: -310284 2859 -9826 3757
1: 310386 250563 -338 3757
1: 310726 83521 -559 3757
2: -310726 83521 -117 3757
1: 311168 5915 -4913 3757
1: 315588 507 -54910 3757
4: -317577 -45 638690 3757
1: 318903 567 -49130 3757
3: 324258 -1521 18020 3757
1: 324258 44217 -845 3757
1: 324649 2887 -9826 3757
4: -324649 -2989 9826 3757
4: -327522 -117 245650 3757
1: 327726 376701 -289 3757
4: -327726 -389883 289 3757
3: 327964 -83521 117 3757
4: -327964 -83521 559 3757
3: 334084 -169 164013 3757
4: -334084 -169 170071 3757
3: 334084 -221 125372 3757
4: -334084 -221 130104 3757
3: 334084 -289 95823 3757
4: -334084 -289 99541 3757
3: 334084 -2273 11999 3757
2: -334084 2351 -11999 3757
3: 334084 -2873 9449 3757
4: -334084 -2873 10203 3757
3: 334084 -3757 7176 3757
4: -334084 -3757 7852 3757
3: 334084 -29549 728 3757
2: -334084 30563 -728 3757
3: 334084 -38641 507 3757
2: -334084 39967 -507 3757
3: 334084 -384137 -139 3757
2: -334084 397319 139 3757
3: 334084 -502333 -156 3757
2: -334084 519571 156 3757
3: 334084 -656897 -169 3757
2: -334084 679439 169 3757
3: 334373 -4225 6358 3757
2: -338997 6201 -4420 3757
4: -338997 -221085 338 3757
3: 340442 -55939 289 3757
3: 341309 -3887 6936 3757
3: 341887 -179 154904 3757
2: -341887 185 -154904 3757
1: 341887 2327 -12138 3757
4: -341887 -2405 12138 3757
3: 341887 -83521 126 3757
4: -341887 -83521 550 3757
1: 342108 87 -319345 3757
3: 344488 -845 32657 3757
3: 348823 -2375 11492 3757
2: -348823 2453 -11492 3757
3: 349622 -1859 14739 3757
4: -356252 -325 88434 3757
3: 361998 -39 712385 3757
2: -363012 250563 80 3757
2: -363562 447083 130 3757
3: 369603 -250563 -80 3757
4: -371943 -201 142766 3757
3: 379236 -69 402866 3757
1: 379236 1911 -14739 3757
1: 383214 201 -138567 3757
4: -383214 -207 138567 3757
1: 383214 507 -55046 3757
2: -383214 1521 -18649 3757
3: 383214 -14739 1703 3757
1: 383214 33969 -1003 3757
4: -383214 -34983 1003 3757
4: -383214 -44217 832 3757
3: 383214 -987513 -156 3757
3: 383292 -5457 4913 3757
1: 386971 1183 -23698 3757
3: 390728 -205 135541 3757
2: -390728 211 -135541 3757
3: 390728 -533 52020 3757
3: 390728 -417605 -114 3757
1: 397953 458835 -238 3757
4: -397953 -472017 238 3757
3: 398242 -83521 156 3757
4: -398242 -83521 520 3757
1: 402866 63869 -611 3757
2: -402866 63869 -273 3757
1: 406334 83521 -507 3757
2: -406334 83521 -169 3757
4: -412022 -6035 4913 3757
2: -412692 507 -56270 3757
3: 413848 -1469 18785 3757
1: 419458 35 -795906 3757
2: -420784 38363 -578 3757
1: 427431 5421 -5304 3757
1: 428298 225 -123981 3757
4: -428298 -231 123981 3757
3: 428876 -83521 169 3757
4: -428876 -83521 507 3757
3: 432344 -63869 273 3757
4: -432344 -63869 611 3757
4: -433823 -41 697646 3757
2: -438022 918731 130 3757
3: 439569 -39 714408 3757
1: 439569 231 -120802 3757
4: -439569 -237 120802 3757
2: -440076 171 -167042 3757
1: 440921 167 -167042 3757
1: 443326 39377 -867 3757
4: -443326 -40391 867 3757
3: 447083 -235 118456 3757
2: -447083 241 -118456 3757
3: 447083 -39715 544 3757
2: -447083 40729 -544 3757
2: -448188 1443 -19652 3757
2: -456042 45 -634933 3757
3: 458643 -285 97682 3757
4: -460088 -293 97682 3757
3: 461822 -77 361998 3757
1: 467454 162129 -323 3757
1: 471648 507 -55165 3757
3: 471648 -645 43095 3757
1: 474708 250563 -260 3757
4: -480636 -162129 323 3757
1: 481474 3293 -8619 3757
4: -481474 -3371 8619 3757
4: -483327 -250563 260 3757
2: -486387 195 -146302 3757
4: -488241 -57 501126 3757
3: 495924 -1521 18207 3757
2: -501126 39 -731848 3757
4: -501126 -51 559897 3757
2: -501126 273 -104429 3757
1: 501126 351 -79664 3757
4: -501126 -357 80106 3757
3: 501126 -459 60671 3757
4: -501126 -501 57122 3757
2: -501126 507 -56166 3757
4: -501126 -663 43199 3757
2: -501126 867 -32786 3757
1: 501126 3429 -8281 3757
4: -501126 -3507 8281 3757
2: -501126 3549 -7903 3757
1: 501126 4563 -6258 3757
4: -501126 -4641 6292 3757
3: 501126 -5967 4537 3757
2: -501126 6069 -4563 3757
4: -501126 -6513 4524 3757
1: 501126 7803 -3718 3757
2: -501126 8517 -3211 3757
4: -501126 -8619 3453 3757
2: -501126 11271 -2392 3757
1: 501126 44577 -767 3757
4: -501126 -45591 767 3757
3: 501126 -58293 338 3757
2: -501126 59619 -338 3757
4: -501126 -60333 614 3757
3: 501126 -77571 219 3757
4: -501126 -84669 478 3757
1: 501126 101439 -416 3757
2: -501126 110721 -117 3757
4: -501126 -144789 338 3757
2: -501126 146523 -54 3757
1: 501126 579501 -189 3757
4: -501126 -592683 189 3757
3: 501126 -757809 -104 3757
2: -501126 775047 104 3757
1: 501126 990981 -169 3757
3: 503438 -265 105196 3757
2: -503438 271 -105196 3757
3: 510952 -269 103649 3757
2: -510952 275 -103649 3757
4: -510952 -845 33915 3757
2: -510952 1859 -15215 3757
4: -510952 -24565 1300 3757
3: 510952 -45461 476 3757
2: -510952 46475 -476 3757
2: -510952 54043 -390 3757
2: -522801 11661 -2312 3757
1: 523224 181203 -289 3757
1: 529737 1521 -18496 3757
1: 530604 14739 -2028 3757
3: 534378 -1131 24565 3757
4: -535228 -2561 11271 3757
4: -536406 -181203 289 3757
1: 537251 283 -98838 3757
3: 550256 -48997 442 3757
2: -550256 50011 -442 3757
4: -551109 -751689 166 3757
4: -555747 -17745 1734 3757
2: -556699 584647 78 3757
3: 559793 -845 32946 3757
4: -560082 -4563 6375 3757
4: -560082 -663255 169 3757
2: -561119 223 -127738 3757
1: 562224 219 -127738 3757
2: -565862 7345 -3757 3757
4: -567307 -10309 2890 3757
1: 569908 143 -195585 3757
4: -569908 -7397 3978 3757
3: 569908 -24565 1014 3757
1: 574821 303 -92378 3757
4: -574821 -309 92378 3757
3: 574821 -507 55012 3757
1: 579734 51649 -663 3757
4: -579734 -52663 663 3757
3: 583202 -571 48841 3757
4: -584647 -95 300144 3757
3: 584647 -221 126386 3757
4: -584647 -221 129090 3757
2: -584647 731 -38870 3757
2: -584647 1235 -22958 3757
2: -584647 1445 -19604 3757
1: 584647 2873 -9852 3757
2: -584647 2873 -9800 3757
1: 584647 4007 -7098 3757
4: -584647 -4085 7098 3757
2: -584647 5491 -5070 3757
4: -584647 -9503 3120 3757
4: -584647 -16055 1896 3757
4: -584647 -18785 1638 3757
3: 584647 -52091 416 3757
2: -584647 53105 -416 3757
2: -584647 62135 -338 3757
4: -584647 -71383 520 3757
2: -584647 123539 -110 3757
2: -584647 244205 4 3757
1: 584647 677183 -162 3757
4: -584647 -690365 162 3757
4: -584647 -807755 156 3757
2: -584647 927979 90 3757
1: 586092 39 -717009 3757
4: -586092 -45 633488 3757
2: -586092 63 -452285 3757
2: -586092 819 -34680 3757
1: 586092 250563 -232 3757
3: 587826 -40053 578 3757
1: 603432 7683 -3757 3757
2: -607217 417605 48 3757
3: 609076 -83521 219 3757
4: -609076 -83521 457 3757
3: 609212 -4913 5577 3757
4: -609212 -4913 5915 3757
1: 611949 39 -717298 3757
3: 613808 -417605 -48 3757
3: 619038 -39 717145 3757
1: 619038 191607 -260 3757
1: 619038 717405 -153 3757
4: -619038 -730587 153 3757
3: 620568 -5565 4913 3757
2: -620568 5667 -4913 3757
2: -631176 507 -56066 3757
4: -633777 -191607 260 3757
1: 642447 339 -82654 3757
4: -642447 -345 82654 3757
3: 642889 -73 383214 3757
1: 649298 5825 -4913 3757
4: -649298 -5927 4913 3757
1: 664989 59319 -578 3757
3: 665652 -5577 4913 3757
1: 668168 35 -799877 3757
3: 668168 -85 329212 3757
1: 668168 91 -307710 3757
1: 668168 131 -213785 3757
3: 668168 -221 126555 3757
4: -668168 -221 128921 3757
1: 668168 595 -47151 3757
3: 668168 -845 33021 3757
3: 668168 -917 30420 3757
3: 668168 -1445 19266 3757
1: 668168 1547 -18200 3757
1: 668168 2227 -12675 3757
3: 668168 -3757 7345 3757
4: -668168 -3757 7683 3757
1: 668168 5915 -4838 3757
1: 668168 8515 -3393 3757
3: 668168 -14365 1843 3757
3: 668168 -15589 1690 3757
1: 668168 22139 -1370 3757
1: 668168 26299 -1170 3757
1: 668168 37859 -845 3757
3: 668168 -59605 364 3757
2: -668168 60619 -364 3757
1: 668168 100555 -384 3757
1: 668168 144755 -299 3757
3: 668168 -154973 75 3757
3: 668168 -244205 9 3757
1: 668168 376363 -180 3757
3: 677994 -423 66079 3757
3: 682907 -792103 -68 3757
2: -682907 805285 68 3757
3: 683774 -361 77452 3757
2: -683774 367 -77452 3757
1: 683774 4693 -6069 3757
4: -683774 -4771 6069 3757
3: 683774 -83521 232 3757
4: -683774 -83521 444 3757
4: -694382 -5915 4913 3757
2: -697294 240737 -17 3757
3: 697646 -4789 5746 3757
2: -697646 4867 -5746 3757
3: 701012 -2821 9826 3757
1: 702559 371 -75582 3757
2: -702559 2197 -12852 3757
3: 702559 -8957 3026 3757
1: 702559 260389 -208 3757
2: -707472 987 -28730 3757
2: -709206 291 -97682 3757
3: 710476 -240737 17 3757
1: 710651 287 -97682 3757
4: -715377 -2925 9826 3757
1: 722211 4959 -5746 3757
4: -722211 -5037 5746 3757
4: -722211 -14739 2028 3757
1: 726024 250563 -209 3757
3: 728858 -35 800241 3757
4: -732037 -845 33762 3757
4: -739206 -250563 209 3757
1: 741863 13247 -2210 3757
1: 743886 393 -71383 3757
4: -743886 -399 71383 3757
3: 751689 -39 718328 3757
4: -751689 -507 56192 3757
1: 751689 663 -42354 3757
2: -751689 8619 -3206 3757
3: 751689 -11271 2392 3757
4: -751689 -146523 288 3757
1: 751689 872547 -126 3757
4: -751689 -885729 126 3757
3: 766428 -81 345865 3757
2: -766428 507 -55998 3757
3: 766428 -13689 1955 3757
3: 773364 -11661 2312 3757
4: -781167 -99 287300 3757
1: 781456 59 -475116 3757
1: 785213 415 -67626 3757
4: -785213 -421 67626 3757
3: 792948 -285 98260 3757
1: 794053 417605 -156 3757
1: 795906 924261 -119 3757
4: -795906 -937443 119 3757
3: 796484 -83521 247 3757
4: -796484 -83521 429 3757
4: -802672 -417605 156 3757
1: 812214 280041 -187 3757
3: 815558 -767 36465 3757
1: 825384 507 -55386 3757
4: -825396 -280041 187 3757
4: -828852 -139425 289 3757
3: 829141 -41 683774 3757
2: -830297 65 -437172 3757
4: -830297 -65 437342 3757
2: -830297 89 -319260 3757
4: -830297 -89 319430 3757
1: 830297 439 -63954 3757
3: 830297 -439 63784 3757
2: -830297 445 -63784 3757
4: -830297 -445 63954 3757
2: -830297 1157 -24480 3757
4: -830297 -1157 24650 3757
1: 830297 4913 -5792 3757
2: -830297 4913 -5700 3757
3: 830297 -4913 5622 3757
4: -830297 -4913 5870 3757
1: 830297 5707 -4998 3757
3: 830297 -5707 4828 3757
2: -830297 5785 -4828 3757
4: -830297 -5785 4998 3757
2: -830297 24565 -1072 3757
4: -830297 -24565 1242 3757
1: 830297 63869 -524 3757
2: -830297 63869 -360 3757
3: 830297 -63869 354 3757
4: -830297 -63869 530 3757
2: -830297 319345 -4 3757
4: -830297 -319345 174 3757
2: -830297 437257 20 3757
4: -830297 -437257 150 3757
4: -832031 -57629 578 3757
3: 841568 -75205 289 3757
2: -841568 76219 -289 3757
4: -845036 -4901 5882 3757
4: -849371 -97 293046 3757
1: 850408 715 -39304 3757
1: 860353 584647 -130 3757
4: -864688 -53573 612 3757
1: 869601 77727 -442 3757
4: -869601 -78741 442 3757
3: 874514 -11167 2431 3757
3: 875381 -169 165886 3757
4: -875381 -169 168198 3757
4: -879138 -39 728569 3757
1: 879138 195 -143922 3757
1: 879138 465 -60401 3757
4: -879138 -471 60401 3757
3: 879138 -1209 23120 3757
2: -879427 3185 -8840 3757
3: 884884 -949 29478 3757
3: 894166 -473 59228 3757
2: -894166 479 -59228 3757
3: 894166 -1859 15011 3757
1: 894166 54043 -598 3757
3: 894166 -79937 272 3757
2: -894166 80951 -272 3757
1: 899079 351 -80002 3757
4: -913818 -309519 169 3757
3: 918731 -289 97006 3757
4: -918731 -289 98358 3757
1: 918731 1207 -23322 3757
3: 918731 -25721 1014 3757
1: 918731 107423 -338 3757
4: -918731 -108749 338 3757
1: 918731 266747 -182 3757
1: 927979 491 -57222 3757
4: -927979 -497 57222 3757
1: 927979 83521 -412 3757
2: -927979 83521 -264 3757
3: 942344 -173 162129 3757
3: 943296 -574821 -26 3757
2: -949416 250563 -39 3757
1: 953122 13351 -2176 3757
3: 962948 -8957 3060 3757
4: -965549 -918731 104 3757
3: 966654 -250563 39 3757
2: -979693 481 -58956 3757
4: -980577 -12675 2312 3757
4: -984334 -5239 5491 3757
2: -994058 109 -260389 3757
2: -997339 143 -198458 3757
