Command line:- ../do_t 508079 1000000
2: -374 305045 543048 508079
2: -484 305045 34969 508079
2: -884 305045 -746691 508079
1: 1083 304317 380666 508079
2: -2873 305767 -337348 508079
2: -5491 305767 -981552 508079
1: 5746 302005 404624 508079
2: -5967 307461 159562 508079
2: -6422 308737 859826 508079
1: 9386 302005 -415272 508079
2: -13167 312987 899756 508079
2: -13338 307461 -856596 508079
2: -13923 312987 761332 508079
1: 14641 298285 208658 508079
1: 14641 302005 -879814 508079
2: -15246 312987 552123 508079
2: -15606 307461 -976144 508079
2: -16731 312987 356708 508079
2: -18513 312987 163592 508079
2: -21294 312987 -73205 508079
2: -23562 312987 -224939 508079
2: -24453 312987 -276848 508079
1: 25289 294151 100776 508079
2: -25857 312987 -351384 508079
2: -28314 312987 -464035 508079
2: -31122 312987 -570999 508079
1: 34606 298775 -969969 508079
2: -34606 327199 969969 508079
1: 34969 290173 87362 508079
1: 35739 286977 449878 508079
2: -37791 312987 -761332 508079
1: 40898 296191 -820743 508079
2: -40898 329783 820743 508079
2: -41382 312987 -838409 508079
1: 43681 278179 976820 508079
1: 43923 284427 294576 508079
2: -43928 331177 777062 508079
2: -45254 328757 503880 508079
1: 45617 278179 856596 508079
1: 48841 278179 677540 508079
1: 48841 294151 -794200 508079
2: -48841 328757 351538 508079
2: -50388 314721 -836836 508079
1: 50578 294151 -827203 508079
1: 51623 278179 541008 508079
1: 51909 291669 -646646 508079
2: -51909 334305 646646 508079
1: 53482 278179 457691 508079
1: 53482 291023 -627627 508079
2: -53482 334951 627627 508079
1: 53911 278179 439280 508079
1: 59653 278179 218348 508079
1: 59774 288439 -561561 508079
1: 61009 273581 530706 508079
1: 61009 278179 172244 508079
1: 61009 289289 -646866 508079
1: 61009 294151 -985864 508079
2: -61009 318835 -691152 508079
2: -61009 328757 -31790 508079
2: -61009 338195 559504 508079
2: -61347 338181 547162 508079
1: 63206 278179 101745 508079
1: 66066 285855 -508079 508079
1: 67507 278179 -22984 508079
2: -68952 323817 -497794 508079
1: 69938 278179 -86697 508079
1: 70499 278179 -100776 508079
1: 71383 288439 -761332 508079
2: -71383 347633 740278 508079
1: 73644 273273 135762 508079
1: 73644 279357 -248897 508079
2: -73644 317889 -905080 508079
1: 77064 265353 547162 508079
1: 79781 265837 431970 508079
1: 79781 278179 -304980 508079
1: 80223 280041 -418418 508079
2: -80223 345933 418418 508079
1: 80444 264869 472549 508079
1: 82654 263891 467181 508079
1: 82654 278179 -358891 508079
1: 83317 278179 -370804 508079
1: 85918 253669 995588 508079
1: 87362 278179 -439569 508079
2: -87846 351747 491283 508079
1: 89661 276165 -374374 508079
2: -89661 349809 374374 508079
1: 89947 253669 859826 508079
2: -90508 328757 -533273 508079
2: -90746 358039 671099 508079
1: 91234 278179 -499681 508079
1: 92191 278179 -513760 508079
1: 97682 273581 -377036 508079
1: 97682 277457 -556358 508079
1: 97682 278179 -589209 508079
2: -97682 328757 -609444 508079
2: -97682 334081 -389158 508079
2: -101398 341887 -131043 508079
1: 103246 244205 990264 508079
1: 103246 248897 735930 508079
1: 103246 278179 -657475 508079
1: 103246 278681 -678810 508079
1: 103818 270351 -323323 508079
2: -103818 355623 323323 508079
1: 104329 278179 -669916 508079
2: -104329 328757 -670670 508079
2: -104329 333355 -490776 508079
2: -104329 343915 -95832 508079
2: -104329 347633 37510 508079
2: -104329 352495 207636 508079
1: 105963 259233 151734 508079
1: 107822 278179 -708339 508079
1: 108086 248897 610090 508079
1: 108953 278179 -720252 508079
2: -109174 329593 -678810 508079
2: -110352 323817 -909194 508079
1: 112651 244205 731082 508079
1: 115159 278179 -781456 508079
2: -117128 347633 -128877 508079
1: 119306 278179 -818805 508079
1: 119548 248897 352716 508079
2: -120802 333203 -640211 508079
1: 121121 244205 532114 508079
1: 121121 263245 -277134 508079
2: -121121 362729 277134 508079
1: 122018 248897 303586 508079
1: 122018 252263 158389 508079
1: 122018 259369 -135762 508079
1: 122018 266747 -424589 508079
1: 122018 274261 -702768 508079
1: 122018 278179 -841857 508079
2: -122018 328757 -801108 508079
2: -122018 384659 852621 508079
1: 122694 262599 -273581 508079
2: -122694 363375 273581 508079
2: -127534 356915 29887 508079
1: 127738 248897 197106 508079
2: -129107 384659 732108 508079
1: 131769 273999 -781456 508079
2: -134862 395307 884051 508079
1: 135014 278179 -939471 508079
2: -135014 356915 -51909 508079
2: -135014 379457 519090 508079
1: 135762 279357 -980628 508079
1: 136097 278179 -946764 508079
1: 136458 276573 -899756 508079
2: -137902 392249 769318 508079
2: -138424 330905 -825968 508079
1: 140998 278179 -978367 508079
1: 141284 248897 -20672 508079
1: 142766 224939 916465 508079
1: 142766 234289 519090 508079
2: -142766 347633 -372438 508079
1: 143143 254201 -234498 508079
2: -143143 371773 234498 508079
1: 146523 268983 -744876 508079
2: -151259 341887 -585640 508079
2: -151734 339405 -655044 508079
2: -154869 387855 452540 508079
2: -154869 395307 601120 508079
1: 159562 224939 578391 508079
1: 159562 225131 570999 508079
1: 159562 244783 -124267 508079
1: 159562 247247 -203643 508079
2: -159562 384659 336193 508079
2: -159562 388531 413457 508079
1: 160446 247095 -209209 508079
2: -160446 378879 209209 508079
2: -163267 403733 657514 508079
1: 163592 219929 698896 508079
1: 163592 248897 -300713 508079
1: 163761 219615 708016 508079
1: 163761 226347 452540 508079
2: -163761 393129 456654 508079
2: -165308 382109 227601 508079
1: 169037 224939 417316 508079
1: 172172 227069 294151 508079
1: 174724 209729 888624 508079
1: 174724 248897 -413712 508079
2: -178024 398905 415272 508079
2: -179322 386631 187187 508079
2: -181016 420641 735471 508079
1: 181203 239343 -207636 508079
2: -182468 433561 909194 508079
1: 183027 203643 969408 508079
1: 183027 268983 -979132 508079
1: 184756 244205 -379335 508079
1: 186694 248897 -520182 508079
1: 187187 236113 -179322 508079
2: -187187 389861 179322 508079
2: -189618 395307 251617 508079
1: 190333 210103 600704 508079
1: 190333 234821 -176358 508079
1: 190333 262447 -871624 508079
2: -190333 341887 -775428 508079
2: -190333 347633 -650522 508079
2: -190333 349979 -600704 508079
2: -190333 355861 -478686 508079
2: -190333 382109 20026 508079
2: -190333 388531 131784 508079
2: -190333 391153 176358 508079
2: -190333 397727 285532 508079
2: -190333 422807 670852 508079
2: -190333 427063 731748 508079
2: -190333 437171 871624 508079
2: -195364 362197 -379335 508079
2: -195364 398905 263538 508079
2: -195364 429913 721050 508079
1: 196196 244205 -480491 508079
1: 197106 264435 -951665 508079
2: -197676 429429 691999 508079
1: 201344 206057 567853 508079
2: -201344 354025 -567853 508079
1: 201586 244205 -524172 508079
1: 202521 202293 678810 508079
1: 202521 236691 -346060 508079
1: 203643 196023 884884 508079
2: -203643 338979 -884884 508079
2: -204974 365585 -366054 508079
2: -204974 388531 27455 508079
2: -204974 398905 190502 508079
2: -204974 454597 938600 508079
1: 205751 244205 -556358 508079
1: 206492 248897 -669188 508079
2: -206986 341887 -834537 508079
2: -207636 439569 730664 508079
1: 208658 198319 719433 508079
1: 208658 224939 -97757 508079
1: 208658 234377 -342914 508079
2: -208658 347633 -723822 508079
2: -208658 388531 3509 508079
2: -208658 429913 598598 508079
1: 209209 227069 -160446 508079
1: 209814 193857 858858 508079
1: 209814 239343 -473473 508079
2: -209814 341145 -858858 508079
2: -209814 433485 634524 508079
2: -214149 339405 -907478 508079
2: -214149 369303 -346060 508079
1: 214434 214149 138424 508079
1: 216172 248897 -732108 508079
2: -218348 454597 811547 508079
1: 224939 197387 508288 508079
1: 224939 220609 -149226 508079
1: 224939 246563 -737528 508079
2: -224939 356915 -609444 508079
2: -224939 362695 -508288 508079
2: -224939 384659 -151620 508079
2: -224939 398905 58718 508079
2: -224939 405365 149226 508079
2: -224939 429913 468350 508079
2: -224939 453055 737528 508079
1: 225082 203167 328757 508079
1: 227601 183027 953700 508079
1: 227601 259545 -999362 508079
2: -227601 353379 -682176 508079
1: 230571 183027 905080 508079
2: -230622 464607 813241 508079
1: 231192 202521 271524 508079
1: 235246 198835 328757 508079
1: 239096 248897 -860795 508079
1: 239343 181203 830544 508079
2: -240578 469843 785213 508079
1: 241604 190333 501657 508079
2: -241604 398905 -34606 508079
1: 242242 213503 -138567 508079
2: -242242 412471 138567 508079
1: 244036 174845 979737 508079
1: 244036 230945 -543048 508079
1: 244036 248897 -885360 508079
2: -244036 429913 337722 508079
2: -244036 454597 606573 508079
1: 244783 181583 736164 508079
1: 244783 190333 459914 508079
1: 247646 244205 -819896 508079
1: 248897 180139 723996 508079
2: -248897 354863 -723996 508079
2: -248897 388531 -211888 508079
2: -248897 454597 572546 508079
1: 250458 239343 -746691 508079
2: -253669 366025 -560082 508079
2: -254221 480491 781456 508079
1: 255476 248897 -938600 508079
1: 257754 227601 -568854 508079
2: -258214 384659 -305045 508079
1: 259182 176529 695266 508079
2: -259182 358473 -695266 508079
1: 260876 244205 -885533 508079
1: 261443 190333 257754 508079
1: 262086 219615 -439569 508079
2: -262808 397001 -160446 508079
1: 263538 183027 438991 508079
1: 263538 202521 -74698 508079
1: 263538 228657 -625974 508079
1: 263568 184041 409222 508079
1: 265837 190333 208658 508079
1: 266266 244205 -910404 508079
1: 270028 190333 163319 508079
2: -270028 455753 449878 508079
2: -270028 499681 830544 508079
1: 270504 202521 -138424 508079
2: -270504 355377 -774345 508079
1: 271524 172197 663663 508079
1: 271524 227601 -655044 508079
2: -271524 362805 -663663 508079
1: 273581 190333 125970 508079
1: 273581 244205 -942590 508079
2: -275082 439569 263538 508079
1: 276848 178313 412984 508079
2: -276848 381769 -412984 508079
2: -276848 429913 155363 508079
2: -277134 439569 252890 508079
2: -278179 347633 -914090 508079
2: -278179 372317 -545870 508079
2: -278179 398905 -200226 508079
2: -278179 440011 251940 508079
2: -278179 454597 392730 508079
2: -278179 520013 927010 508079
2: -278179 521645 938626 508079
2: -278681 384659 -381216 508079
2: -279344 366025 -638248 508079
2: -279463 526097 960982 508079
1: 279752 215137 -475893 508079
2: -285532 347633 -928796 508079
1: 285779 158389 916674 508079
2: -286286 430559 117249 508079
1: 292201 190333 -54910 508079
1: 293046 154869 931700 508079
1: 293046 177441 252890 508079
1: 293046 219615 -641497 508079
2: -293046 351747 -880517 508079
2: -293046 464607 403293 508079
1: 294151 177023 251940 508079
1: 294151 192185 -114114 508079
1: 294151 224939 -736440 508079
2: -294151 384659 -431756 508079
2: -294151 433789 114114 508079
2: -294151 480491 529516 508079
2: -296514 542685 956384 508079
2: -296582 367897 -657514 508079
2: -298623 363363 -724812 508079
2: -299112 549081 979132 508079
2: -304538 535249 859826 508079
1: 305767 190333 -172822 508079
1: 308256 195657 -302005 508079
2: -311454 475167 398905 508079
2: -311467 384659 -482372 508079
2: -312987 363363 -756756 508079
2: -312987 531069 784498 508079
2: -312987 561561 965822 508079
2: -313709 416585 -135762 508079
1: 314721 157035 572572 508079
2: -314721 377967 -572572 508079
1: 315588 227601 -880308 508079
1: 316778 156313 568854 508079
2: -316778 378689 -568854 508079
2: -317889 570999 988380 508079
2: -319124 565573 951665 508079
1: 322102 187187 -239343 508079
2: -322102 567853 946764 508079
2: -323102 506483 570999 508079
1: 324311 206635 -606936 508079
1: 327184 159817 349448 508079
2: -327184 398905 -364089 508079
2: -327184 400265 -349448 508079
1: 327522 155727 458337 508079
1: 328757 177973 -102102 508079
1: 328757 224939 -900524 508079
2: -328757 384659 -527592 508079
2: -328757 448001 102102 508079
2: -328757 480491 360672 508079
1: 330902 155363 429913 508079
1: 331398 214149 -761332 508079
2: -331398 417027 -190333 508079
2: -331398 587613 995588 508079
1: 331721 174845 -59774 508079
2: -333203 366163 -761332 508079
1: 333564 163761 181016 508079
1: 334373 158389 309738 508079
1: 338074 224939 -938961 508079
1: 338338 190333 -417316 508079
2: -341887 409013 -300806 508079
2: -343672 600281 988312 508079
1: 347633 145483 518364 508079
1: 347633 170221 -96558 508079
2: -347633 389519 -518364 508079
2: -347633 455753 96558 508079
2: -349206 491283 351747 508079
1: 351384 163761 11951 508079
2: -351384 393129 -488410 508079
2: -351384 439569 -48735 508079
2: -351384 549081 693600 508079
1: 351747 146523 441408 508079
1: 351747 183027 -378488 508079
2: -351747 570999 806208 508079
1: 352638 183027 -384659 508079
1: 354046 203983 -728365 508079
1: 355498 135031 742577 508079
2: -355946 499681 380666 508079
1: 356337 183027 -409948 508079
2: -357493 427063 -175692 508079
2: -360096 497097 347633 508079
2: -360672 393129 -509652 508079
1: 362406 211185 -865150 508079
2: -363363 462213 92378 508079
1: 364936 182305 -454597 508079
2: -364936 517313 454597 508079
1: 366054 123981 979616 508079
1: 366054 181203 -443223 508079
2: -366054 351747 -997645 508079
2: -366054 371943 -752015 508079
2: -366054 410553 -349690 508079
2: -366054 421515 -248897 508079
2: -366054 495495 314721 508079
2: -366054 528003 512435 508079
2: -366054 543609 598950 508079
2: -366054 600039 874225 508079
2: -368082 570999 730303 508079
1: 368186 153065 103246 508079
1: 371943 183027 -511104 508079
1: 374319 146523 202312 508079
1: 374374 159239 -89661 508079
2: -374374 466735 89661 508079
1: 378879 154869 -34606 508079
1: 379236 131769 552330 508079
2: -380494 356915 -951665 508079
1: 380666 140165 300352 508079
1: 380666 156655 -88179 508079
1: 380666 158015 -116603 508079
1: 380666 174845 -431756 508079
1: 380666 175085 -435812 508079
1: 380666 176605 -461244 508079
1: 380666 180323 -521645 508079
1: 380666 195415 -743223 508079
1: 380666 199529 -797810 508079
2: -380666 388531 -598519 508079
2: -380666 419917 -300352 508079
2: -380666 469319 88179 508079
2: -380666 524533 435812 508079
2: -380666 537251 505761 508079
2: -380666 600457 809438 508079
2: -382109 454597 -22990 508079
1: 384659 118541 918346 508079
1: 384659 132487 468468 508079
2: -384659 360145 -918346 508079
2: -384659 398905 -503074 508079
2: -384659 402515 -468468 508079
2: -384659 429913 -224770 508079
2: -384659 480491 152100 508079
2: -384659 640679 953040 508079
2: -385548 518661 384659 508079
1: 388531 153425 -86394 508079
2: -388531 558467 584188 508079
2: -389708 407797 -429913 508079
2: -390728 429913 -239932 508079
2: -391314 570741 632060 508079
1: 395307 131043 390728 508079
2: -395307 627627 856596 508079
1: 395352 202521 -899756 508079
1: 396474 154869 -181016 508079
2: -399228 549081 497794 508079
1: 399347 177023 -582692 508079
1: 403104 184041 -703494 508079
2: -404624 398905 -542113 508079
2: -404624 416585 -383724 508079
1: 407286 124545 442442 508079
1: 407286 146523 -99275 508079
1: 407286 183027 -711535 508079
2: -407286 410457 -442442 508079
2: -407303 384659 -684684 508079
1: 408291 181203 -692120 508079
2: -409948 454597 -98553 508079
1: 410839 190333 -822358 508079
2: -413457 642447 836836 508079
2: -415272 674817 938961 508079
1: 417316 105469 951665 508079
1: 417316 112385 702768 508079
1: 417316 121121 429000 508079
1: 417316 125477 306735 508079
1: 417316 126445 280709 508079
1: 417316 133705 97526 508079
1: 417316 146965 -190333 508079
1: 417316 158389 -399685 508079
1: 417316 165737 -519090 508079
1: 417316 175253 -658845 508079
1: 417316 176605 -677479 508079
1: 417316 190333 -851695 508079
2: -417316 387277 -674817 508079
2: -417316 429913 -301158 508079
2: -417316 600457 662838 508079
1: 418418 141151 -80223 508079
2: -418418 484823 80223 508079
1: 419458 121121 405042 508079
1: 419628 120213 429429 508079
1: 419628 131769 122018 508079
2: -419628 414789 -429429 508079
1: 422807 190333 -875862 508079
2: -427063 454597 -140118 508079
1: 427856 104329 849420 508079
1: 429429 136629 -78166 508079
2: -429429 489345 78166 508079
2: -429913 384659 -719264 508079
2: -429913 480491 22984 508079
2: -430958 669409 859826 508079
1: 431756 102245 874225 508079
2: -431756 382109 -746691 508079
1: 433422 146523 -305767 508079
1: 436696 104329 732050 508079
1: 439569 98553 907742 508079
1: 439569 138567 -202312 508079
2: -439569 533919 292820 508079
2: -439569 586245 528770 508079
2: -439569 684255 873620 508079
1: 443326 176605 -809248 508079
1: 443872 104329 640211 508079
2: -444771 405093 -556358 508079
1: 446006 104329 613470 508079
1: 449878 104329 565598 508079
1: 449878 114733 254144 508079
1: 449878 128231 -74613 508079
1: 449878 143317 -368764 508079
2: -449878 367897 -911658 508079
2: -449878 384659 -746909 508079
2: -449878 397969 -625974 508079
2: -449878 411179 -513689 508079
2: -449878 429913 -366282 508079
2: -449878 445349 -254144 508079
2: -449878 480491 -25721 508079
2: -449878 497743 74613 508079
2: -449878 520421 196384 508079
2: -449878 556301 368764 508079
2: -449878 581647 477717 508079
2: -453871 540683 285532 508079
1: 454597 141151 -364936 508079
2: -454597 709631 892012 508079
1: 455221 126445 -82654 508079
2: -455221 384659 -753896 508079
2: -455962 407201 -556358 508079
2: -457314 718029 905080 508079
1: 461244 166617 -777062 508079
2: -461244 674817 769120 508079
1: 464607 146523 -521752 508079
1: 467181 92055 777920 508079
1: 468512 104329 346281 508079
2: -468512 600457 496451 508079
2: -468996 439569 -331056 508079
2: -468996 549081 283866 508079
1: 471614 104329 311454 508079
1: 475167 100719 379236 508079
2: -475167 434283 -379236 508079
2: -475167 674817 724166 508079
1: 478686 85833 865150 508079
2: -478686 674817 713218 508079
1: 480491 86515 811512 508079
1: 480491 100555 323136 508079
1: 480491 112385 6358 508079
1: 480491 113135 -11492 508079
1: 480491 121121 -187850 508079
1: 480491 126445 -293046 508079
1: 480491 131495 -384956 508079
1: 480491 140777 -536690 508079
1: 480491 146965 -627198 508079
1: 480491 157339 -762960 508079
1: 480491 158389 -775710 508079
1: 480491 177023 -976820 508079
2: -480491 384659 -784836 508079
2: -480491 397969 -668746 508079
2: -480491 429913 -419458 508079
2: -480491 520421 120666 508079
2: -480491 581647 390728 508079
2: -483626 730303 847847 508079
1: 486343 83317 859826 508079
1: 488072 121121 -251141 508079
2: -488072 429913 -431596 508079
2: -488072 464321 -203643 508079
2: -488072 802009 995588 508079
1: 489566 95665 368082 508079
2: -489566 439337 -368082 508079
2: -491283 570999 320416 508079
2: -494494 398905 -678810 508079
1: 495924 163761 -910404 508079
2: -495924 658845 614783 508079
2: -495924 664677 632225 508079
2: -497458 623441 497794 508079
1: 497794 92777 361998 508079
1: 497794 104329 34814 508079
2: -497794 385385 -797810 508079
2: -497794 388531 -770355 508079
2: -497794 402325 -655044 508079
2: -497794 422807 -497705 508079
2: -497794 427063 -466905 508079
2: -497794 442225 -361998 508079
2: -497794 454597 -281580 508079
2: -497794 455455 -276165 508079
2: -497794 475475 -155363 508079
2: -497794 499681 -22230 508079
2: -497794 511225 36822 508079
2: -497794 521645 87880 508079
2: -497794 537251 160645 508079
2: -497794 556325 244036 508079
2: -497794 561925 267444 508079
2: -497794 563255 272935 508079
2: -497794 657475 605397 508079
2: -497794 664411 626145 508079
2: -497794 665665 629850 508079
2: -497794 671099 645745 508079
2: -497794 694925 712504 508079
2: -497794 715715 767125 508079
2: -497794 730303 803595 508079
2: -497794 747175 843999 508079
2: -497794 778855 915135 508079
2: -497794 785213 928720 508079
2: -497794 786695 931855 508079
1: 498212 79781 837199 508079
1: 499681 102245 68970 508079
2: -499681 742577 827398 508079
1: 501787 119491 -330616 508079
2: -501787 580127 330616 508079
1: 505648 104329 -42592 508079
2: -505648 699257 701437 508079
1: 508079 104329 -66066 508079
2: -508079 521645 66066 508079
2: -508442 480491 -146523 508079
2: -511394 632225 490314 508079
1: 516428 104329 -145002 508079
2: -516428 745693 785213 508079
1: 516802 71383 935693 508079
1: 518364 85557 347633 508079
2: -518364 449445 -347633 508079
2: -518396 756613 804287 508079
1: 522006 139425 -769318 508079
2: -522223 699941 657514 508079
1: 524172 131769 -683774 508079
1: 524576 104329 -219615 508079
1: 527076 78897 469300 508079
1: 527076 98553 -112710 508079
1: 527098 104329 -242242 508079
2: -529737 853281 960982 508079
1: 531674 72371 664411 508079
2: -531674 406315 -664411 508079
2: -535392 834537 911506 508079
1: 536237 67507 814572 508079
1: 536237 78529 362406 508079
2: -536393 697357 614042 508079
1: 537251 66785 833206 508079
1: 537251 73205 549442 508079
1: 537251 79781 306130 508079
2: -537251 385909 -833206 508079
1: 537966 146523 -931095 508079
1: 538118 75449 449878 508079
1: 541008 67881 722722 508079
2: -541008 834537 895622 508079
2: -543609 570999 202540 508079
2: -543609 644385 449878 508079
1: 545428 61009 995588 508079
2: -548743 480491 -214676 508079
1: 549081 67881 600270 508079
1: 549081 138567 -905080 508079
2: -549081 834537 873358 508079
1: 549406 102487 -398905 508079
2: -550886 600281 293046 508079
2: -551616 393129 -787831 508079
1: 551969 71383 415272 508079
1: 553696 76585 206492 508079
1: 553696 104329 -468325 508079
2: -553696 483497 -206492 508079
1: 556358 61009 809778 508079
1: 556358 64619 634933 508079
1: 556358 67507 508521 508079
1: 556358 79781 73372 508079
1: 556358 104329 -489762 508079
2: -556358 414067 -634933 508079
2: -556358 454597 -371488 508079
2: -556358 537251 42579 508079
2: -556358 633919 389861 508079
2: -556358 671099 496791 508079
2: -556358 742577 672282 508079
2: -556358 756613 702848 508079
2: -556358 828971 843999 508079
2: -556358 877591 925769 508079
2: -556517 730303 644204 508079
1: 556686 92055 -248897 508079
2: -557362 384659 -861707 508079
2: -558467 388531 -831028 508079
2: -559504 398905 -750321 508079
2: -559504 738361 655215 508079
1: 561561 82365 -59774 508079
2: -564604 536393 24310 508079
1: 565136 104329 -559020 508079
1: 565136 108953 -632225 508079
2: -567164 521645 -43923 508079
1: 567732 86697 -234498 508079
2: -567853 488699 -201344 508079
2: -567853 927979 969936 508079
2: -568854 570999 153425 508079
2: -569976 439569 -480491 508079
2: -570713 860149 859826 508079
1: 570741 123981 -865150 508079
1: 570999 78489 -58786 508079
2: -570999 474045 -282302 508079
2: -570999 524535 -37544 508079
2: -570999 547485 58786 508079
2: -570999 655215 420784 508079
2: -570999 732615 615144 508079
2: -570999 779361 713830 508079
2: -570999 915135 943296 508079
2: -571064 742577 637065 508079
2: -571064 845185 834119 508079
1: 571846 71383 149435 508079
1: 576878 100529 -588302 508079
1: 577473 51909 945098 508079
1: 577524 131769 -982566 508079
1: 580448 104329 -674817 508079
1: 582036 82365 -278179 508079
2: -582046 838409 795454 508079
2: -583219 432575 -540056 508079
2: -583583 927979 928796 508079
2: -584188 653429 388531 508079
1: 586092 107217 -756008 508079
1: 586092 113373 -834537 508079
2: -586092 391677 -829939 508079
2: -586092 430521 -556358 508079
2: -586092 531069 -34067 508079
2: -586092 561561 87362 508079
2: -586092 583737 167706 508079
2: -586092 617253 278179 508079
1: 588302 104329 -731874 508079
2: -588302 384659 -886977 508079
2: -588302 480491 -272493 508079
2: -588302 554591 57057 508079
2: -588302 927979 916883 508079
1: 591071 73205 -142766 508079
1: 591679 54587 543048 508079
2: -592416 834537 764218 508079
1: 593021 77615 -279752 508079
2: -593021 622003 279752 508079
2: -593028 882453 839553 508079
2: -594184 951665 933907 508079
2: -595289 384659 -892320 508079
1: 597256 61009 174845 508079
1: 600457 102487 -793288 508079
1: 600457 104329 -817234 508079
2: -600457 863819 793288 508079
1: 603432 98553 -761332 508079
1: 605264 48841 606936 508079
2: -606936 674817 400843 508079
2: -607563 834537 729742 508079
1: 610324 104329 -884026 508079
2: -611534 686647 421685 508079
2: -611534 927979 860915 508079
2: -613301 480491 -305184 508079
2: -613301 619157 234498 508079
1: 614922 80223 -558467 508079
1: 616132 79781 -561561 508079
1: 618552 78897 -567853 508079
1: 619476 48165 384659 508079
1: 619476 60333 -113135 508079
1: 619476 82365 -640211 508079
1: 622934 104329 -966306 508079
2: -622934 384659 -912285 508079
2: -624169 883025 769318 508079
1: 625328 48841 248292 508079
1: 625328 104329 -981552 508079
1: 625974 51909 101244 508079
1: 625974 75867 -581867 508079
1: 625974 80223 -662233 508079
1: 625974 102003 -961103 508079
2: -625974 379899 -951665 508079
2: -625974 415701 -692120 508079
2: -625974 778635 591591 508079
1: 627419 67507 -415272 508079
1: 627419 73853 -556358 508079
1: 627627 55233 -53482 508079
2: -627627 570741 53482 508079
1: 629442 43923 427063 508079
1: 629442 46569 286286 508079
1: 629563 60401 -250458 508079
1: 629563 69173 -478686 508079
1: 633556 45125 284427 508079
2: -633556 489877 -284427 508079
2: -635613 549081 -37026 508079
2: -635778 552279 -25289 508079
2: -635778 689871 384659 508079
1: 637806 35739 791945 508079
1: 638248 34969 843128 508079
1: 638248 35321 814572 508079
1: 638248 48841 29282 508079
1: 638248 60401 -363363 508079
1: 638248 78529 -746317 508079
2: -638248 887777 746317 508079
1: 642447 61347 -441408 508079
1: 642447 67881 -592306 508079
1: 643093 48841 -50578 508079
2: -644204 567853 18785 508079
2: -644402 985777 859826 508079
2: -650522 927979 775973 508079
1: 654368 39593 174724 508079
2: -654368 520489 -174724 508079
1: 655044 51909 -344641 508079
2: -655044 429165 -632225 508079
2: -655044 536085 -113135 508079
2: -656183 499681 -266266 508079
1: 657514 42959 -51051 508079
1: 657514 48841 -281314 508079
1: 657514 61009 -616726 508079
2: -657514 384659 -934895 508079
2: -657514 583015 51051 508079
1: 661232 26809 986271 508079
2: -661232 378233 -986271 508079
2: -662112 508521 -234498 508079
1: 662838 75867 -927979 508079
1: 664411 30685 531674 508079
1: 664411 61009 -698170 508079
1: 664411 73205 -905502 508079
1: 664411 79781 -990990 508079
2: -664411 448001 -531674 508079
2: -666536 499681 -278179 508079
1: 669372 60333 -742577 508079
1: 669409 51623 -543048 508079
1: 671099 71383 -942348 508079
2: -671099 792727 532400 508079
2: -671099 885989 678810 508079
2: -671099 951665 764694 508079
1: 673486 29887 356915 508079
2: -673486 664411 260091 508079
2: -674443 875381 657514 508079
1: 674817 24531 810084 508079
1: 674817 35853 -49742 508079
1: 674817 51909 -625974 508079
2: -674817 403767 -810084 508079
2: -674817 590121 49742 508079
2: -674817 642447 201476 508079
2: -674817 938961 741862 508079
2: -675393 718029 380666 508079
1: 675792 67881 -938366 508079
2: -675792 834537 593606 508079
2: -681207 944163 736164 508079
1: 683774 22627 726693 508079
1: 683774 46189 -606936 508079
2: -683774 398905 -849178 508079
2: -683774 742577 417450 508079
2: -683774 944737 732050 508079
2: -683943 607563 90508 508079
1: 688636 34969 -298870 508079
1: 689216 23465 454597 508079
2: -689871 674817 260678 508079
2: -691548 497097 -316778 508079
1: 693481 20449 637670 508079
2: -694298 558467 -80223 508079
2: -694564 791945 491062 508079
1: 695266 18785 786258 508079
1: 695266 23465 259182 508079
1: 695266 27455 -48279 508079
2: -695266 409513 -786258 508079
2: -695266 511537 -259182 508079
2: -695266 598519 48279 508079
1: 698896 48841 -890560 508079
2: -698896 600281 48841 508079
1: 699257 54587 -995588 508079
1: 699618 28899 -248897 508079
2: -699618 986271 751179 508079
1: 700832 48841 -917301 508079
2: -701404 521645 -224939 508079
2: -701844 938961 692120 508079
2: -702768 561561 -79781 508079
1: 703209 33813 -556358 508079
2: -705432 674817 238051 508079
1: 707366 16055 664411 508079
1: 713336 25289 -413270 508079
1: 717236 30685 -746691 508079
2: -717288 439569 -623029 508079
2: -717288 549081 -139876 508079
2: -717288 938961 665379 508079
2: -717587 480491 -416988 508079
2: -718029 906015 622908 508079
1: 721123 11077 859826 508079
2: -722722 927979 642873 508079
1: 724064 25289 -709631 508079
1: 726726 14535 -46189 508079
1: 726726 28899 -906015 508079
2: -726726 611439 46189 508079
2: -726726 674817 208658 508079
1: 730303 22627 -773344 508079
1: 730303 28171 -968968 508079
2: -730303 388531 -948156 508079
2: -732108 435237 -658053 508079
2: -732108 466089 -497794 508079
1: 734349 9747 245388 508079
2: -734349 525255 -245388 508079
2: -735794 492635 -379335 508079
1: 736164 16473 -648318 508079
2: -736164 421005 -742577 508079
2: -736164 834537 494190 508079
2: -736801 775973 398242 508079
1: 740506 14641 -713830 508079
1: 741234 9747 -248897 508079
1: 742577 5491 736164 508079
1: 742577 14641 -810186 508079
2: -742577 499681 -355498 508079
2: -742577 927979 610808 508079
1: 742698 16473 -918346 508079
2: -743886 834537 482638 508079
1: 746691 4335 732108 508079
1: 746691 5415 241332 508079
1: 746691 5577 184110 508079
1: 746691 8151 -419900 508079
1: 746691 9537 -610090 508079
1: 746691 11913 -833170 508079
2: -746691 393129 -925106 508079
2: -746691 423963 -732108 508079
2: -746691 439569 -644746 508079
2: -746691 529587 -241332 508079
2: -746691 549081 -171394 508079
2: -746691 642447 104728 508079
2: -746691 938961 617526 508079
1: 756024 5577 -960982 508079
1: 760903 361 588302 508079
2: -760903 452333 -588302 508079
1: 761332 209 856596 508079
1: 761332 289 150176 508079
1: 761332 361 -217906 508079
2: -761332 459173 -554591 508079
2: -761332 529397 -256139 508079
2: -761332 634933 68229 508079
2: -761332 742577 304096 508079
2: -761332 793117 392751 508079
2: -761332 914413 565539 508079
2: -763147 927979 579348 508079
2: -764218 454597 -579348 508079
3: 769318 -2261 459173 508079
3: 769318 -2527 234234 508079
3: 769318 -2873 3971 508079
3: 769318 -3211 -173052 508079
3: 769318 -4199 -527098 508079
3: 769318 -4693 -648219 508079
3: 769318 -6137 -890461 508079
2: -769318 429913 -712842 508079
2: -769318 480491 -461201 508079
2: -769318 480947 -459173 508079
2: -769318 537529 -234234 508079
3: 774231 -9075 -777062 508079
2: -775973 927979 560576 508079
3: 777062 -3757 981673 508079
3: 777062 -6137 -43197 508079
3: 777062 -14641 -982889 508079
2: -777062 386971 -981673 508079
2: -777062 632111 43197 508079
3: 779779 -14641 -856596 508079
2: -781242 395307 -927979 508079
3: 781456 -11495 -540265 508079
3: 781456 -17303 -913330 508079
2: -781456 429913 -720423 508079
3: 782782 -14641 -718029 508079
3: 785213 -6137 830544 508079
3: 785213 -14641 -606632 508079
2: -785213 411179 -830544 508079
2: -785213 980947 606632 508079
3: 785536 -15895 -674817 508079
3: 785536 -17303 -753610 508079
3: 786016 -16055 -664411 508079
3: 786258 -6783 695266 508079
3: 786258 -8619 197472 508079
2: -786258 435081 -695266 508079
2: -786258 570999 -139009 508079
2: -788392 855209 449878 508079
3: 790614 -12597 -155363 508079
2: -790614 774345 323102 508079
2: -791596 480029 -480491 508079
2: -793117 785213 338074 508079
2: -799102 427063 -746691 508079
2: -802009 480491 -486200 508079
2: -803924 851105 423852 508079
3: 804166 -23465 -454597 508079
3: 804287 -14641 244036 508079
2: -807177 674817 111606 508079
3: 807196 -11495 909194 508079
3: 809248 -17303 142766 508079
2: -810084 664989 86515 508079
3: 812383 -14641 593028 508079
3: 814572 -14739 671099 508079
2: -814572 443037 -671099 508079
2: -814572 553413 -221221 508079
2: -814572 703209 163438 508079
3: 816582 -25857 -248897 508079
3: 818363 -61009 -995588 508079
2: -819026 600281 -84474 508079
3: 819896 -16055 691866 508079
3: 819896 -29887 -356915 508079
3: 819896 -55199 -915135 508079
2: -819896 742577 232713 508079
3: 822016 -17303 604010 508079
3: 823004 -53911 -859826 508079
2: -827424 834537 371450 508079
2: -830544 497097 -437580 508079
3: 832117 -61009 -839256 508079
3: 832832 -71383 -935693 508079
3: 834537 -18513 873392 508079
3: 834537 -25857 186048 508079
3: 834537 -28611 19266 508079
3: 834537 -35739 -293046 508079
3: 834537 -55233 -735488 508079
3: 834632 -29887 -45617 508079
3: 834632 -64207 -847847 508079
2: -834632 429913 -751036 508079
2: -834632 600457 -98494 508079
3: 836209 -48841 -606936 508079
2: -838071 734349 197714 508079
2: -838578 512259 -384659 508079
3: 839256 -43095 -436810 508079
3: 840047 -76351 -909194 508079
3: 841282 -67507 -814572 508079
3: 845614 -61009 -690789 508079
2: -845614 398905 -934362 508079
3: 847704 -22743 769318 508079
2: -847704 427785 -769318 508079
3: 849794 -54587 -543048 508079
3: 851422 -79781 -837199 508079
3: 854126 -29887 349690 508079
3: 854126 -34969 79255 508079
3: 854126 -43061 -219615 508079
3: 854126 -71383 -732050 508079
2: -854126 454597 -637912 508079
2: -854126 581647 -168487 508079
2: -854126 895037 419628 508079
3: 855712 -102487 -957372 508079
3: 856596 -35739 86515 508079
2: -856596 674817 61028 508079
3: 858858 -39729 -39083 508079
2: -858858 665703 39083 508079
3: 859826 -23465 999141 508079
3: 859826 -48841 -299915 508079
3: 859826 -61009 -539495 508079
3: 859826 -86515 -823004 508079
3: 859826 -104329 -938795 508079
2: -859826 389519 -999141 508079
2: -859826 480491 -525759 508079
3: 863819 -34969 244036 508079
2: -864688 533273 -328757 508079
3: 865317 -77319 -695266 508079
3: 869336 -27455 834537 508079
2: -873136 982889 494494 508079
3: 873392 -51623 -203643 508079
2: -873392 600281 -132753 508079
3: 874874 -61009 -384659 508079
2: -875381 733381 157586 508079
3: 877591 -48841 -79860 508079
3: 877591 -73205 -542776 508079
2: -877591 927979 431244 508079
3: 877786 -30685 746691 508079
3: 879138 -80223 -611534 508079
2: -879138 570999 -219849 508079
3: 882453 -28899 973522 508079
3: 882453 -49419 -38038 508079
2: -882453 394953 -973522 508079
2: -882453 674817 36822 508079
2: -882453 675393 38038 508079
3: 882816 -92055 -695266 508079
2: -883728 890409 380666 508079
3: 884051 -61009 -292820 508079
3: 884884 -71383 -455202 508079
2: -886446 436449 -743886 508079
3: 886977 -105963 -769318 508079
3: 889504 -71383 -415272 508079
3: 894166 -158015 -960982 508079
3: 896126 -61009 -174845 508079
3: 898586 -73205 -365313 508079
3: 898909 -61009 -148104 508079
3: 899756 -32851 969595 508079
3: 899756 -33275 938961 508079
3: 899756 -38675 607563 508079
3: 899756 -42959 403920 508079
3: 899756 -50575 127072 508079
3: 899756 -63175 -184382 508079
3: 899756 -71383 -328130 508079
3: 899756 -86515 -521645 508079
3: 899756 -104975 -682176 508079
3: 899756 -113135 -736440 508079
3: 899756 -131495 -833910 508079
3: 899756 -137275 -859199 508079
3: 899756 -164255 -953700 508079
3: 899756 -177023 -988380 508079
2: -899756 429913 -783598 508079
2: -899756 466973 -607563 508079
2: -899756 610657 -127072 508079
2: -899756 762793 184382 508079
3: 900524 -51623 103818 508079
2: -900524 863005 328757 508079
2: -901901 927979 404624 508079
3: 905762 -104329 -640211 508079
2: -906048 834537 285532 508079
3: 907742 -108953 -661713 508079
2: -907742 877591 339677 508079
3: 909194 -54587 110352 508079
3: 909194 -61009 -50699 508079
3: 909194 -161051 -901056 508079
2: -909194 401375 -944889 508079
2: -909194 767125 182468 508079
3: 910404 -171699 -927979 508079
3: 911506 -46475 404624 508079
2: -911506 879307 337953 508079
3: 913308 -146523 -829939 508079
2: -913614 658845 -24548 508079
2: -915552 834537 276146 508079
3: 916487 -36703 960982 508079
2: -916487 399109 -960982 508079
2: -917059 927979 388740 508079
3: 917301 -148257 -817960 508079
3: 921536 -71383 -149435 508079
3: 921633 -146523 -790614 508079
3: 922383 -123981 -675792 508079
3: 923406 -183027 -905080 508079
3: 927979 -43681 721644 508079
3: 927979 -51623 396638 508079
3: 927979 -67507 -23958 508079
3: 927979 -79781 -234256 508079
3: 927979 -105149 -513304 508079
3: 927979 -124267 -648318 508079
3: 927979 -162503 -823042 508079
3: 927979 -190333 -906072 508079
3: 927979 -192049 -910404 508079
2: -927979 397969 -971850 508079
2: -927979 398905 -966306 508079
2: -927979 456665 -668162 508079
2: -927979 472549 -598950 508079
2: -927979 480491 -566060 508079
2: -927979 512435 -444068 508079
2: -927979 520421 -415910 508079
2: -927979 539695 -351384 508079
2: -927979 558467 -292820 508079
2: -927979 567853 -264990 508079
2: -927979 605605 -161766 508079
2: -927979 615043 -137940 508079
2: -927979 639331 -79860 508079
2: -927979 705755 58564 508079
2: -927979 742577 124630 508079
2: -927979 755573 146410 508079
2: -927979 791945 203566 508079
2: -927979 877591 319440 508079
2: -927979 935935 386232 508079
2: -927979 951665 402838 508079
2: -927979 988057 439230 508079
2: -929214 834537 262990 508079
3: 929968 -102487 -478686 508079
3: 934401 -131769 -658920 508079
2: -935693 730303 96668 508079
3: 936936 -219615 -938961 508079
3: 937024 -71383 -27417 508079
3: 937024 -133399 -655044 508079
2: -937024 486761 -545870 508079
3: 937156 -137275 -674817 508079
3: 938961 -48165 644204 508079
3: 938961 -53295 449878 508079
3: 938961 -75867 -92950 508079
3: 938961 -185055 -849178 508079
3: 938961 -204765 -899756 508079
3: 938961 -219615 -931866 508079
2: -938961 834537 253838 508079
3: 942344 -51623 543048 508079
3: 945098 -71383 34606 508079
2: -945098 927979 360701 508079
3: 950334 -66063 189618 508079
2: -950334 601065 -189618 508079
3: 950521 -61009 319440 508079
2: -955434 474045 -606936 508079
2: -955434 915135 336743 508079
3: 957372 -61347 368203 508079
3: 957372 -104907 -344487 508079
3: 957372 -146523 -629563 508079
3: 957372 -213807 -855712 508079
3: 957372 -298623 -995588 508079
2: -959651 559793 -309738 508079
3: 960982 -48841 844371 508079
3: 960982 -49997 793793 508079
3: 960982 -54587 614108 508079
3: 960982 -55879 568854 508079
3: 960982 -71383 153582 508079
3: 960982 -224939 -868156 508079
3: 960982 -230263 -879138 508079
3: 960982 -294151 -979914 508079
2: -960982 429913 -810186 508079
2: -960982 433211 -793793 508079
2: -960982 484177 -568854 508079
2: -960982 927979 345543 508079
3: 961103 -126293 -496584 508079
2: -961214 962065 380666 508079
3: 968242 -48841 917301 508079
2: -972114 549081 -349690 508079
2: -972477 570999 -285532 508079
2: -972774 818805 202312 508079
2: -972961 905437 309738 508079
3: 976144 -71383 263538 508079
3: 976144 -294151 -937431 508079
3: 976144 -324071 -972961 508079
2: -976144 429913 -816255 508079
2: -976144 749353 95370 508079
3: 977834 -102487 -208658 508079
3: 979132 -76171 184041 508079
2: -979132 611173 -184041 508079
2: -979374 915135 314721 508079
3: 980628 -146523 -531069 508079
3: 981673 -55199 777062 508079
2: -981673 438413 -777062 508079
3: 982566 -123981 -379335 508079
3: 982566 -154869 -565675 508079
3: 982566 -219615 -786182 508079
3: 982566 -363363 -994840 508079
3: 984334 -67507 415272 508079
3: 986271 -67881 419900 508079
3: 986271 -92055 -34034 508079
3: 986271 -146523 -507870 508079
3: 986271 -183027 -667590 508079
3: 986271 -312987 -933790 508079
2: -987602 927979 321233 508079
3: 991848 -61047 657514 508079
2: -994194 619905 -173030 508079
2: -994916 838409 209814 508079
3: 995163 -131043 -374374 508079
3: 995588 -65603 549081 508079
3: 995588 -71383 399646 508079
3: 995588 -81947 180999 508079
3: 995588 -357071 -957372 508079
3: 995588 -388531 -984827 508079
2: -995588 454597 -708643 508079
2: -995588 493901 -549081 508079
2: -995588 616949 -180999 508079
2: -995588 785213 135603 508079
3: 997282 -278179 -856596 508079
2: -998283 746691 73644 508079
3: 998621 -86515 120802 508079
3: 999362 -61009 717409 508079
3: 999362 -210067 -708092 508079
2: -999362 742577 66066 508079
3: 999438 -312987 -899756 508079
3: 999804 -371943 -960982 508079
