Command line:- ../do_t 20449 1000000
1: 78 11979 580008 20449
2: -176 13351 899756 20449
2: -242 12337 -20449 20449
2: -338 14641 944879 20449
1: 416 11495 265837 20449
1: 539 14641 -685464 20449
2: -539 14641 571220 20449
1: 637 14641 -588796 20449
2: -637 14641 474552 20449
1: 847 14641 -456976 20449
2: -847 14641 342732 20449
1: 1001 14641 -395460 20449
2: -1001 14641 281216 20449
2: -1012 15379 363363 20449
2: -1014 9075 -817960 20449
2: -1014 19965 752895 20449
1: 1078 14641 -371293 20449
2: -1078 14641 257049 20449
1: 1183 14641 -343408 20449
2: -1183 14641 229164 20449
1: 1221 19773 -692120 20449
1: 1274 14641 -322959 20449
2: -1274 14641 208715 20449
1: 1298 8281 674817 20449
1: 1331 10985 107536 20449
1: 1331 16393 -446160 20449
1: 1331 17303 -505310 20449
2: -1331 17303 408642 20449
1: 1331 28561 -925320 20449
2: -1331 28561 866756 20449
2: -1331 30613 913952 20449
1: 1391 22627 -725010 20449
1: 1573 14641 -272428 20449
2: -1573 14641 158184 20449
1: 1573 28561 -787468 20449
2: -1573 28561 728904 20449
2: -1586 9317 -507507 20449
1: 1694 14641 -257049 20449
2: -1694 14641 142805 20449
2: -1716 43923 859027 20449
1: 1748 54571 -942513 20449
1: 1848 6591 847847 20449
1: 1859 14641 -239304 20449
2: -1859 14641 125060 20449
1: 1859 28561 -670824 20449
2: -1859 28561 612260 20449
2: -1859 73205 924768 20449
2: -1859 102487 981890 20449
1: 1931 142805 -995588 20449
1: 1936 16055 -306735 20449
2: -1989 219615 988650 20449
1: 2002 14641 -226291 20449
2: -2002 14641 112047 20449
2: -2028 11979 -94809 20449
1: 2028 43923 -762021 20449
1: 2028 85683 -893101 20449
1: 2106 428415 -966306 20449
3: 2156 -670085 -986271 20449
1: 2172 85683 -834537 20449
4: -2178 -570999 982059 20449
4: -2187 -834537 971074 20449
1: 2197 14641 -211276 20449
2: -2197 14641 97032 20449
1: 2197 24167 -503118 20449
2: -2197 24167 433906 20449
1: 2197 40777 -685828 20449
2: -2197 47069 685828 20449
1: 2197 265837 -910888 20449
2: -2197 265837 904596 20449
3: 2197 -265837 -992442 20449
4: -2197 -265837 998734 20449
1: 2197 448547 -927498 20449
3: 2197 -448547 -975832 20449
2: -2197 517759 927498 20449
4: -2197 -517759 975832 20449
1: 2197 740389 -937024 20449
3: 2197 -740389 -966306 20449
2: -2197 854633 937024 20449
4: -2197 -854633 966306 20449
3: 2246 -911735 -942513 20449
4: -2294 -142805 995588 20449
4: -2296 -376673 942513 20449
2: -2299 10985 -182468 20449
4: -2299 -239473 959530 20449
2: -2343 257049 846516 20449
3: 2354 -870181 -899756 20449
1: 2366 14641 -200265 20449
2: -2366 14641 86021 20449
1: 2366 89177 -771485 20449
1: 2366 314171 -851840 20449
2: -2366 314171 846516 20449
4: -2366 -485537 907742 20449
2: -2379 658845 861224 20449
1: 2436 778635 -845845 20449
1: 2442 570999 -839254 20449
3: 2486 -600281 -856830 20449
1: 2496 30855 -531674 20449
2: -2502 942513 823889 20449
4: -2514 -778635 845845 20449
1: 2541 6591 582010 20449
3: 2541 -78585 -940654 20449
4: -2541 -92781 940654 20449
3: 2568 -942513 -823889 20449
4: -2574 -85683 938355 20449
1: 2581 186745 -761332 20449
1: 2586 825825 -797511 20449
2: -2629 76895 657514 20449
3: 2639 -302137 -821678 20449
1: 2639 314171 -763994 20449
2: -2639 314171 758670 20449
1: 2651 28561 -479160 20449
2: -2651 28561 420596 20449
1: 2662 6019 676676 20449
2: -2662 7163 -676676 20449
1: 2662 17303 -276822 20449
2: -2662 17303 180154 20449
2: -2662 25289 371293 20449
1: 2662 28561 -477301 20449
2: -2662 28561 418737 20449
2: -2662 38599 514098 20449
2: -2662 41743 534534 20449
2: -2662 63713 621049 20449
4: -2662 -63713 949806 20449
1: 2662 78247 -672958 20449
3: 2662 -78247 -897897 20449
2: -2662 93119 672958 20449
4: -2662 -93119 897897 20449
1: 2662 224939 -746304 20449
2: -2662 224939 738868 20449
3: 2662 -224939 -824551 20449
4: -2662 -224939 831987 20449
2: -2662 328757 753571 20449
4: -2662 -328757 817284 20449
2: -2662 501787 764556 20449
4: -2662 -501787 806299 20449
2: -2662 542659 766128 20449
4: -2662 -542659 804727 20449
1: 2662 616253 -771147 20449
3: 2662 -616253 -799708 20449
2: -2662 733381 771147 20449
4: -2662 -733381 799708 20449
2: -2662 828269 772783 20449
4: -2662 -828269 798072 20449
4: -2664 -825825 797511 20449
3: 2678 -521147 -797511 20449
4: -2678 -620851 797511 20449
3: 2686 -714025 -790614 20449
3: 2691 -85683 -878460 20449
2: -2704 9559 -306735 20449
3: 2717 -248897 -804102 20449
3: 2717 -656903 -782628 20449
4: -2762 -54571 942513 20449
2: -2776 199927 702768 20449
2: -2783 15379 97526 20449
3: 2783 -77909 -858858 20449
4: -2783 -93457 858858 20449
3: 2783 -190333 -795314 20449
4: -2783 -190333 804102 20449
1: 2873 5687 695266 20449
4: -2893 -485537 742698 20449
4: -2898 -85683 834537 20449
2: -2904 6591 -747175 20449
2: -2904 18759 204490 20449
1: 2904 59319 -585156 20449
2: -2904 570999 703040 20449
4: -2944 -186745 761332 20449
1: 2964 17787 -265837 20449
1: 2986 951665 -692055 20449
1: 3016 6655 459173 20449
3: 3042 -39567 -879307 20449
4: -3042 -48279 879307 20449
2: -3042 75867 565136 20449
3: 3042 -85683 -775973 20449
4: -3042 -599781 702768 20449
2: -3042 942513 677479 20449
1: 3058 848549 -674817 20449
4: -3064 -951665 692055 20449
1: 3113 190333 -632736 20449
2: -3113 190333 623948 20449
1: 3133 28561 -409948 20449
2: -3133 28561 351384 20449
3: 3139 -199927 -702768 20449
1: 3146 14641 -164775 20449
2: -3146 14641 50531 20449
1: 3146 28561 -408375 20449
2: -3146 28561 349811 20449
3: 3146 -28561 -920810 20449
4: -3146 -28561 979374 20449
1: 3146 73205 -564629 20449
3: 3146 -73205 -764556 20449
1: 3146 102487 -593190 20449
3: 3146 -102487 -735995 20449
1: 3146 142805 -613349 20449
3: 3146 -142805 -715836 20449
1: 3146 199927 -627990 20449
3: 3146 -199927 -701195 20449
1: 3146 512435 -650312 20449
3: 3146 -512435 -678873 20449
2: -3146 629563 650312 20449
4: -3146 -629563 678873 20449
1: 3146 999635 -657272 20449
3: 3146 -999635 -671913 20449
2: -3187 320771 628342 20449
2: -3224 198319 604175 20449
3: 3237 -257049 -673486 20449
2: -3267 8619 -368082 20449
3: 3267 -43923 -799708 20449
1: 3271 645535 -628342 20449
1: 3276 219615 -606372 20449
3: 3322 -28561 -870474 20449
4: -3322 -28561 929038 20449
1: 3342 125229 -570999 20449
1: 3366 32955 -415272 20449
3: 3384 -642873 -628342 20449
2: -3388 7319 -531674 20449
4: -3388 -190333 661297 20449
2: -3406 5929 -797511 20449
4: -3432 -131769 672282 20449
4: -3432 -257049 641542 20449
4: -3468 -323433 628342 20449
2: -3498 55263 449878 20449
1: 3531 307461 -571220 20449
3: 3536 -714025 -600281 20449
3: 3542 -190333 -623948 20449
4: -3542 -190333 632736 20449
2: -3597 43923 399854 20449
1: 3616 867815 -570999 20449
4: -3692 -248897 597584 20449
1: 3718 14641 -148213 20449
2: -3718 14641 33969 20449
3: 3718 -14641 -976482 20449
1: 3718 28561 -350053 20449
2: -3718 28561 291489 20449
3: 3718 -28561 -774642 20449
4: -3718 -28561 833206 20449
1: 3718 424589 -548067 20449
3: 3718 -424589 -576628 20449
2: -3718 541717 548067 20449
4: -3718 -541717 576628 20449
1: 3718 828269 -555027 20449
3: 3718 -828269 -569668 20449
2: -3728 102487 485537 20449
3: 3751 -142805 -599434 20449
1: 3848 499367 -531674 20449
2: -3848 642631 531674 20449
4: -3861 -43923 711828 20449
1: 3887 421927 -524238 20449
2: -3887 544379 524238 20449
3: 3926 -28561 -732050 20449
4: -3926 -28561 790614 20449
1: 3957 395307 -514098 20449
2: -3993 6591 -578006 20449
1: 3993 11979 -57122 20449
3: 3993 -19773 -806234 20449
4: -3993 -51909 663494 20449
3: 3993 -74529 -598598 20449
1: 3993 83853 -456976 20449
2: -3993 85683 438878 20449
4: -3993 -96837 598598 20449
3: 3993 -138411 -563992 20449
1: 3993 155727 -487734 20449
3: 3993 -257049 -545358 20449
1: 3993 586971 -514098 20449
4: -3993 -674817 534378 20449
2: -3993 762663 514098 20449
3: 3993 -968877 -529386 20449
3: 4017 -496221 -531674 20449
4: -4017 -645777 531674 20449
1: 4056 7623 204490 20449
1: 4056 59895 -423852 20449
1: 4056 922383 -509535 20449
4: -4056 -942513 523083 20449
4: -4068 -125229 570999 20449
2: -4092 24843 224939 20449
4: -4114 -714025 518122 20449
3: 4169 -13351 -899756 20449
4: -4169 -397657 519090 20449
4: -4173 -942513 508442 20449
1: 4224 116103 -449878 20449
1: 4251 43923 -373490 20449
2: -4284 219615 456976 20449
4: -4329 -19965 821678 20449
1: 4356 219615 -456976 20449
4: -4389 -823875 484484 20449
1: 4394 3421 986271 20449
2: -4394 4565 -986271 20449
2: -4394 6655 -527098 20449
2: -4394 10043 -188760 20449
2: -4394 10985 -131769 20449
1: 4394 14641 -134199 20449
2: -4394 14641 19955 20449
3: 4394 -14641 -817466 20449
4: -4394 -14641 931710 20449
1: 4394 24167 -268862 20449
2: -4394 24167 199650 20449
3: 4394 -24167 -682803 20449
4: -4394 -24167 752015 20449
1: 4394 37631 -342914 20449
3: 4394 -37631 -608751 20449
2: -4394 50215 342914 20449
4: -4394 -50215 608751 20449
2: -4394 73205 384657 20449
4: -4394 -73205 567008 20449
2: -4394 110473 415415 20449
4: -4394 -110473 536250 20449
2: -4394 120835 420596 20449
4: -4394 -120835 531069 20449
2: -4394 182351 439230 20449
4: -4394 -182351 512435 20449
1: 4394 265837 -457017 20449
2: -4394 265837 450725 20449
3: 4394 -265837 -494648 20449
4: -4394 -265837 500940 20449
1: 4394 413941 -463749 20449
3: 4394 -413941 -487916 20449
2: -4394 552365 463749 20449
4: -4394 -552365 487916 20449
1: 4394 683267 -468512 20449
3: 4394 -683267 -483153 20449
2: -4394 911755 468512 20449
4: -4394 -911755 483153 20449
1: 4459 145079 -435006 20449
2: -4477 182351 431002 20449
1: 4511 199927 -439230 20449
3: 4554 -85683 -515097 20449
3: 4563 -43923 -567164 20449
1: 4587 801567 -449878 20449
3: 4708 -797849 -449878 20449
1: 4719 85683 -389378 20449
2: -4719 131769 395460 20449
2: -4719 257049 418660 20449
3: 4719 -483153 -452582 20449
4: -4719 -658845 452582 20449
1: 4732 314171 -427251 20449
2: -4732 314171 421927 20449
3: 4742 -102487 -485537 20449
4: -4758 -315447 459173 20449
3: 4791 -219615 -456976 20449
4: -4836 -131769 478946 20449
3: 4862 -278179 -445991 20449
2: -4884 570999 417430 20449
1: 4901 6655 234234 20449
1: 4901 314171 -412610 20449
2: -4901 314171 407286 20449
4: -4961 -68107 509652 20449
2: -4961 278179 399854 20449
3: 5071 -112385 -449878 20449
2: -5082 6591 -481338 20449
3: 5082 -71487 -470327 20449
4: -5082 -99879 470327 20449
3: 5148 -307461 -419627 20449
4: -5214 -19773 692120 20449
2: -5239 33275 226798 20449
4: -5239 -142805 439230 20449
1: 5278 314171 -383328 20449
2: -5278 314171 378004 20449
3: 5291 -142805 -423258 20449
1: 5302 28561 -254221 20449
2: -5302 28561 195657 20449
1: 5324 5447 338338 20449
2: -5324 5915 -563277 20449
2: -5324 6655 -456976 20449
2: -5324 7735 -338338 20449
4: -5324 -9317 999635 20449
4: -5324 -10985 907478 20449
4: -5324 -14365 786357 20449
2: -5324 15379 25025 20449
1: 5324 17303 -162578 20449
2: -5324 17303 65910 20449
2: -5324 20111 111540 20449
2: -5324 22627 142805 20449
3: 5324 -28561 -532136 20449
4: -5324 -28561 590700 20449
4: -5324 -37349 544115 20449
4: -5324 -46585 514098 20449
1: 5324 70811 -336479 20449
2: -5324 76895 319176 20449
2: -5324 86515 327353 20449
2: -5324 100555 336479 20449
2: -5324 113135 342732 20449
4: -5324 -121121 439400 20449
4: -5324 -142805 432311 20449
4: -5324 -158389 428415 20449
4: -5324 -186745 422994 20449
2: -5324 199927 364430 20449
1: 5324 224939 -375011 20449
2: -5324 224939 367575 20449
2: -5324 261443 371085 20449
2: -5324 294151 373490 20449
4: -5324 -485537 404360 20449
3: 5324 -557689 -399854 20449
4: -5324 -605605 402051 20449
4: -5324 -791945 399854 20449
1: 5324 920543 -388388 20449
2: -5324 999635 387057 20449
3: 5369 -27709 -531674 20449
4: -5382 -85683 453871 20449
2: -5408 81191 317889 20449
1: 5408 336743 -375011 20449
1: 5418 744783 -380666 20449
3: 5478 -257049 -396638 20449
1: 5486 206305 -362505 20449
3: 5566 -70135 -429429 20449
4: -5566 -101231 429429 20449
3: 5566 -190333 -395460 20449
4: -5566 -190333 404248 20449
3: 5567 -740389 -380666 20449
2: -5577 43923 251134 20449
1: 5577 395307 -365378 20449
1: 5577 771147 -370018 20449
3: 5687 -9971 -736164 20449
3: 5707 -314171 -378004 20449
4: -5707 -314171 383328 20449
3: 5746 -6655 -909051 20449
4: -5797 -58981 449878 20449
4: -5808 -131769 399854 20449
4: -5808 -257049 380424 20449
1: 5808 570999 -353717 20449
1: 5929 14641 -114244 20449
2: -5973 85683 290158 20449
2: -6038 158389 314171 20449
1: 6058 102487 -311974 20449
4: -6084 -19965 596739 20449
3: 6116 -14641 -571220 20449
4: -6116 -14641 685464 20449
3: 6138 -6591 -847847 20449
3: 6149 -199927 -356708 20449
4: -6171 -191139 364936 20449
1: 6226 190333 -318565 20449
2: -6226 190333 309777 20449
1: 6258 163713 -314171 20449
1: 6266 28561 -219615 20449
2: -6266 28561 161051 20449
3: 6292 -14641 -553644 20449
4: -6292 -14641 667888 20449
3: 6292 -28561 -445764 20449
4: -6292 -28561 504328 20449
1: 6292 453871 -325156 20449
2: -6292 688127 325156 20449
1: 6292 885391 -328636 20449
2: -6357 35937 193336 20449
1: 6422 3157 674817 20449
2: -6422 4829 -674817 20449
1: 6422 54571 -267696 20449
1: 6512 32279 -224939 20449
3: 6513 -11979 -580008 20449
4: -6534 -43923 428415 20449
3: 6534 -46137 -386958 20449
1: 6591 3135 657514 20449
2: -6591 4851 -657514 20449
1: 6591 6591 146410 20449
1: 6591 6897 125840 20449
4: -6591 -7623 937508 20449
2: -6591 11979 -77506 20449
4: -6591 -19773 556358 20449
1: 6591 19965 -164164 20449
3: 6591 -32955 -409948 20449
3: 6591 -34485 -405834 20449
1: 6591 43923 -247650 20449
4: -6591 -53361 405834 20449
3: 6591 -72501 -359370 20449
3: 6591 -75867 -357500 20449
2: -6591 83853 260832 20449
1: 6591 125229 -292820 20449
4: -6591 -131769 353106 20449
4: -6591 -138411 351384 20449
2: -6591 217503 295482 20449
3: 6591 -219615 -331136 20449
1: 6591 362505 -308792 20449
1: 6591 379335 -309166 20449
2: -6591 586971 309166 20449
3: 6591 -626145 -322102 20449
1: 6591 797511 -313390 20449
1: 6591 834537 -313560 20449
4: -6591 -922383 322348 20449
4: -6591 -968877 322102 20449
3: 6644 -28561 -420596 20449
4: -6644 -28561 479160 20449
2: -6682 99341 265837 20449
3: 6688 -8281 -674817 20449
1: 6776 5135 265837 20449
2: -6776 8047 -265837 20449
1: 6776 867815 -305162 20449
2: -6897 4563 -695266 20449
3: 6908 -327353 -311454 20449
2: -6994 25289 120835 20449
1: 7001 485537 -292820 20449
1: 7007 14641 -105456 20449
2: -7007 14641 -8788 20449
4: -7007 -885391 303468 20449
4: -7018 -195533 320892 20449
3: 7052 -158389 -314171 20449
1: 7059 85683 -263538 20449
3: 7084 -190333 -309777 20449
4: -7084 -190333 318565 20449
1: 7194 43923 -228488 20449
3: 7228 -14641 -474552 20449
4: -7228 -14641 588796 20449
1: 7242 257049 -278179 20449
3: 7267 -33517 -368082 20449
4: -7267 -54329 368082 20449
4: -7272 -163713 314171 20449
4: -7359 -32955 415272 20449
4: -7364 -485537 292820 20449
3: 7436 -14641 -459680 20449
4: -7436 -14641 573924 20449
3: 7436 -28561 -372680 20449
4: -7436 -28561 431244 20449
3: 7436 -73205 -316875 20449
3: 7436 -142805 -299475 20449
3: 7436 -366025 -288314 20449
4: -7436 -600281 288314 20449
3: 7436 -714025 -284834 20449
4: -7449 -459195 290004 20449
3: 7502 -4979 -797511 20449
4: -7502 -8203 797511 20449
4: -7623 -85683 323312 20449
2: -7634 199927 252890 20449
1: 7696 427735 -265837 20449
2: -7696 714263 265837 20449
3: 7722 -43923 -327353 20449
2: -7748 656903 263538 20449
4: -7774 -6655 890461 20449
1: 7774 360701 -262119 20449
3: 7852 -28561 -351384 20449
4: -7852 -28561 409948 20449
1: 7943 358039 -256542 20449
2: -7943 608267 256542 20449
4: -7968 -257049 278179 20449
3: 7986 -3993 -856830 20449
3: 7986 -4875 -749177 20449
1: 7986 6591 98670 20449
4: -7986 -8307 749177 20449
4: -7986 -11979 599781 20449
1: 7986 12675 -74360 20449
2: -7986 19773 57057 20449
1: 7986 19965 -142805 20449
3: 7986 -32955 -333905 20449
3: 7986 -51909 -307580 20449
3: 7986 -63375 -299299 20449
1: 7986 85683 -234080 20449
3: 7986 -99825 -285610 20449
4: -7986 -107991 299299 20449
4: -7986 -155727 287807 20449
1: 7986 164775 -247390 20449
2: -7986 257049 246059 20449
1: 7986 259545 -252655 20449
3: 7986 -428415 -267355 20449
1: 7986 499125 -257049 20449
3: 7986 -674817 -265330 20449
3: 7986 -823875 -264693 20449
2: -7986 850509 257049 20449
3: 8034 -421443 -265837 20449
4: -8034 -720555 265837 20449
3: 8112 -3993 -840268 20449
4: -8184 -131769 285610 20449
3: 8228 -116441 -273702 20449
3: 8228 -775973 -257049 20449
1: 8281 14641 -98020 20449
2: -8281 14641 -16224 20449
3: 8346 -942513 -252890 20449
3: 8349 -62361 -286286 20449
4: -8349 -109005 286286 20449
1: 8424 27951 -169169 20449
3: 8426 -951665 -250458 20449
2: -8502 43923 158184 20449
1: 8619 257049 -234256 20449
2: -8691 599781 234256 20449
3: 8736 -898425 -241670 20449
3: 8788 -2849 -968968 20449
3: 8788 -4477 -703131 20449
4: -8788 -5137 968968 20449
3: 8788 -9317 -461461 20449
3: 8788 -14641 -380172 20449
4: -8788 -14641 494416 20449
1: 8788 15379 -102487 20449
1: 8788 24167 -151734 20449
2: -8788 24167 82522 20449
1: 8788 31339 -171457 20449
1: 8788 49247 -195624 20449
2: -8788 56507 171457 20449
3: 8788 -81289 -263538 20449
1: 8788 102487 -217594 20449
3: 8788 -169169 -250228 20449
3: 8788 -265837 -245751 20449
4: -8788 -265837 252043 20449
3: 8788 -344729 -243958 20449
3: 8788 -541717 -241761 20449
1: 8788 569023 -234256 20449
4: -8788 -621577 243958 20449
1: 8788 894179 -235587 20449
3: 8866 -142805 -250228 20449
4: -8954 -142805 259424 20449
3: 8998 -15379 -363363 20449
3: 9009 -85683 -255552 20449
2: -9009 219615 215306 20449
4: -9048 -105633 265837 20449
3: 9054 -599781 -234256 20449
1: 9126 1815 858858 20449
4: -9126 -43923 312143 20449
1: 9126 746691 -226460 20449
1: 9174 660621 -224939 20449
1: 9317 4589 193336 20449
2: -9317 8593 -193336 20449
3: 9317 -59657 -256542 20449
4: -9317 -111709 256542 20449
3: 9317 -469843 -228488 20449
1: 9317 775541 -221936 20449
4: -9317 -879791 228488 20449
3: 9416 -653185 -224939 20449
2: -9438 43923 140608 20449
2: -9438 85683 180048 20449
3: 9438 -395307 -226291 20449
4: -9438 -746691 226291 20449
3: 9438 -771147 -223971 20449
3: 9464 -2761 -899756 20449
4: -9464 -5225 899756 20449
1: 9633 2739 449878 20449
2: -9633 5247 -449878 20449
1: 9768 570999 -210912 20449
4: -9776 -5929 797511 20449
2: -9778 248897 199927 20449
2: -9802 314171 202312 20449
1: 9878 437203 -207636 20449
4: -9971 -541717 215982 20449
1: 10164 6591 50336 20449
3: 10166 -6655 -459173 20449
4: -10197 -570999 210912 20449
2: -10252 102487 171366 20449
1: 10296 219615 -195533 20449
3: 10406 -10985 -349206 20449
4: -10406 -199927 217437 20449
2: -10492 366899 190333 20449
1: 10556 314171 -192995 20449
2: -10556 314171 187671 20449
4: -10647 -85683 234256 20449
1: 10648 4303 169169 20449
2: -10648 8879 -169169 20449
1: 10648 17303 -105456 20449
2: -10648 17303 8788 20449
3: 10648 -28561 -251427 20449
4: -10648 -28561 309991 20449
3: 10648 -440561 -199927 20449
1: 10648 727207 -194194 20449
4: -10648 -909073 199927 20449
1: 10752 375687 -190333 20449
4: -10764 -67881 241670 20449
3: 10792 -248897 -199927 20449
1: 11011 14641 -87880 20449
2: -11011 14641 -26364 20449
1: 11011 714025 -187792 20449
2: -11022 46137 121121 20449
3: 11132 -190333 -195533 20449
4: -11132 -190333 204321 20449
1: 11154 43923 -154128 20449
1: 11154 85683 -170368 20449
4: -11154 -131769 211250 20449
4: -11154 -257049 199650 20449
1: 11154 307461 -182689 20449
1: 11154 599781 -185009 20449
2: -11154 658845 182689 20449
3: 11218 -366899 -190333 20449
3: 11253 -4173 -531674 20449
3: 11414 -314171 -187671 20449
4: -11414 -314171 192995 20449
4: -11478 -375687 190333 20449
4: -11479 -73205 224094 20449
4: -11596 -9317 507507 20449
1: 11661 299475 -174746 20449
2: -11661 666831 174746 20449
1: 11737 687661 -176176 20449
3: 11752 -600281 -180154 20449
1: 11781 219615 -171366 20449
1: 11858 14641 -85683 20449
2: -11858 14641 -28561 20449
1: 11946 85683 -159720 20449
2: -11979 3993 -571220 20449
4: -11979 -6591 626340 20449
1: 11979 51909 -149396 20449
3: 11979 -85683 -189772 20449
1: 11979 411279 -171366 20449
3: 11979 -678873 -176462 20449
2: -11979 938355 171366 20449
3: 11999 -248897 -179478 20449
3: 12078 -24843 -224939 20449
3: 12232 -14641 -257049 20449
4: -12232 -14641 371293 20449
3: 12337 -199927 -175692 20449
3: 12386 -292201 -173030 20449
3: 12506 -142805 -175692 20449
3: 12584 -14641 -248261 20449
3: 12584 -28561 -208241 20449
4: -12584 -28561 266805 20449
1: 12584 336743 -162578 20449
1: 12584 656903 -164318 20449
2: -12584 805255 162578 20449
2: -12606 283413 155727 20449
3: 12766 -11495 -265837 20449
4: -12771 -43923 228488 20449
3: 12947 -2197 -682682 20449
3: 12948 -35937 -193336 20449
1: 13013 14641 -83148 20449
2: -13013 14641 -31096 20449
1: 13182 1089 860431 20449
1: 13182 2277 328757 20449
4: -13182 -3993 855426 20449
2: -13182 5709 -328757 20449
2: -13182 6591 -263538 20449
3: 13182 -11979 -251251 20449
1: 13182 19773 -102487 20449
3: 13182 -25047 -202917 20449
2: -13182 43923 95264 20449
4: -13182 -62799 202917 20449
4: -13182 -72501 196988 20449
1: 13182 131769 -150189 20449
3: 13182 -217503 -163713 20449
1: 13182 275517 -154583 20449
3: 13182 -454779 -161051 20449
2: -13182 690789 154583 20449
2: -13182 797511 155122 20449
2: -13189 4901 -408980 20449
2: -13208 208967 145002 20449
3: 13288 -28561 -195657 20449
4: -13288 -28561 254221 20449
1: 13431 570999 -153790 20449
2: -13464 219615 142805 20449
1: 13546 113135 -145002 20449
1: 13552 621751 -152581 20449
2: -13689 27951 55770 20449
2: -13689 428415 146410 20449
2: -13794 307461 142805 20449
2: -13849 73205 114244 20449
1: 14014 14641 -81289 20449
2: -14014 14641 -32955 20449
1: 14036 161051 -142805 20449
1: 14091 98865 -138424 20449
2: -14118 85683 117128 20449
4: -14157 -85683 178596 20449
3: 14157 -599781 -149314 20449
3: 14196 -3993 -390390 20449
2: -14388 43923 85683 20449
3: 14456 -14641 -208715 20449
4: -14456 -14641 322959 20449
4: -14498 -32279 224939 20449
3: 14534 -23111 -184041 20449
4: -14534 -64735 184041 20449
1: 14586 257049 -139755 20449
1: 14641 845 940992 20449
1: 14641 1573 439400 20449
1: 14641 1859 349830 20449
3: 14641 -1859 -635440 20449
1: 14641 2197 274040 20449
3: 14641 -2197 -559650 20449
1: 14641 2915 171366 20449
3: 14641 -2915 -456976 20449
1: 14641 3445 123032 20449
3: 14641 -3445 -408642 20449
3: 14641 -6413 -285610 20449
1: 14641 7579 -21970 20449
3: 14641 -7579 -263640 20449
1: 14641 7865 -26364 20449
3: 14641 -7865 -259246 20449
2: -14641 8239 -171366 20449
4: -14641 -8239 456976 20449
1: 14641 8957 -40560 20449
3: 14641 -8957 -245050 20449
1: 14641 9295 -44278 20449
3: 14641 -9295 -241332 20449
2: -14641 9737 -123032 20449
4: -14641 -9737 408642 20449
1: 14641 10985 -59436 20449
3: 14641 -10985 -226174 20449
2: -14641 11011 -92274 20449
4: -14641 -11011 377884 20449
2: -14641 12947 -57122 20449
4: -14641 -12947 342732 20449
2: -14641 13013 -56108 20449
4: -14641 -13013 341718 20449
2: -14641 15301 -26364 20449
4: -14641 -15301 311974 20449
2: -14641 15379 -25506 20449
4: -14641 -15379 311116 20449
2: -14641 18083 -338 20449
4: -14641 -18083 285948 20449
1: 14641 20449 -98020 20449
2: -14641 20449 16224 20449
3: 14641 -20449 -187590 20449
4: -14641 -20449 269386 20449
1: 14641 24167 -104910 20449
2: -14641 24167 35698 20449
3: 14641 -24167 -180700 20449
4: -14641 -24167 249912 20449
1: 14641 28561 -110740 20449
2: -14641 28561 52176 20449
3: 14641 -28561 -174870 20449
4: -14641 -28561 233434 20449
1: 14641 32065 -114244 20449
3: 14641 -32065 -171366 20449
1: 14641 37895 -118638 20449
3: 14641 -37895 -166972 20449
1: 14641 44785 -122356 20449
3: 14641 -44785 -163254 20449
1: 14641 83369 -131820 20449
3: 14641 -83369 -153790 20449
2: -14641 90629 114244 20449
4: -14641 -90629 171366 20449
1: 14641 98527 -133510 20449
3: 14641 -98527 -152100 20449
3: 14641 -102245 -151762 20449
2: -14641 107107 118638 20449
4: -14641 -107107 166972 20449
1: 14641 116441 -134940 20449
3: 14641 -116441 -150670 20449
1: 14641 120835 -135226 20449
3: 14641 -120835 -150384 20449
2: -14641 126581 122356 20449
4: -14641 -126581 163254 20449
1: 14641 142805 -136392 20449
3: 14641 -142805 -149218 20449
2: -14641 143143 124722 20449
4: -14641 -143143 160888 20449
2: -14641 168311 127426 20449
4: -14641 -168311 158184 20449
2: -14641 169169 127504 20449
4: -14641 -169169 158106 20449
2: -14641 198913 129792 20449
4: -14641 -198913 155818 20449
2: -14641 199927 129858 20449
4: -14641 -199927 155752 20449
2: -14641 235079 131794 20449
4: -14641 -235079 153816 20449
1: 14641 265837 -139360 20449
2: -14641 265837 133068 20449
3: 14641 -265837 -146250 20449
4: -14641 -265837 152542 20449
1: 14641 314171 -139890 20449
2: -14641 314171 134566 20449
3: 14641 -314171 -145720 20449
4: -14641 -314171 151044 20449
1: 14641 416845 -140608 20449
1: 14641 492635 -140946 20449
3: 14641 -492635 -144664 20449
1: 14641 582205 -141232 20449
3: 14641 -582205 -144378 20449
3: 14872 -14641 -201279 20449
4: -14872 -14641 315523 20449
3: 14872 -28561 -171699 20449
4: -14872 -28561 230263 20449
2: -14872 102487 115596 20449
2: -14872 199927 127776 20449
3: 14872 -248897 -144157 20449
3: 14872 -485537 -142417 20449
4: -14872 -717409 144157 20449
3: 14911 -142805 -146410 20449
4: -15004 -142805 157179 20449
3: 15093 -43923 -158184 20449
3: 15246 -85683 -147015 20449
3: 15379 -1991 -553696 20449
4: -15379 -5995 553696 20449
1: 15379 14641 -79144 20449
2: -15379 14641 -35100 20449
3: 15379 -24167 -170368 20449
4: -15379 -24167 239580 20449
2: -15379 145079 118690 20449
4: -15379 -239473 146410 20449
1: 15692 542659 -131769 20449
3: 15704 -28561 -161051 20449
4: -15704 -28561 219615 20449
4: -15717 -131769 151762 20449
1: 15886 232925 -128271 20449
2: -15886 733381 128271 20449
4: -15939 -85683 159720 20449
4: -15972 -3993 742586 20449
2: -15972 6591 -239668 20449
4: -15972 -51909 177957 20449
2: -15972 85683 102399 20449
4: -15972 -674817 134524 20449
3: 16016 -600281 -131820 20449
4: -16146 -17787 265837 20449
4: -16224 -3993 734305 20449
3: 16224 -131769 -134524 20449
3: 16224 -257049 -131769 20449
1: 16263 942513 -127776 20449
4: -16418 -542659 131769 20449
1: 16562 14641 -77571 20449
2: -16562 14641 -36673 20449
4: -16692 -942513 127776 20449
4: -16698 -132327 143143 20449
3: 16731 -85683 -133100 20449
3: 16819 -14641 -171366 20449
4: -16819 -14641 285610 20449
1: 17004 43923 -107653 20449
1: 17303 1331 364702 20449
3: 17303 -1331 -606372 20449
1: 17303 22627 -92274 20449
3: 17303 -22627 -149396 20449
1: 17303 28561 -98208 20449
2: -17303 28561 39644 20449
3: 17303 -28561 -143462 20449
4: -17303 -28561 202026 20449
2: -17303 81191 92274 20449
4: -17303 -81191 149396 20449
1: 17303 485537 -119504 20449
3: 17303 -485537 -122166 20449
3: 17576 -1705 -484484 20449
1: 17576 3751 47190 20449
4: -17576 -6281 484484 20449
1: 17576 6655 -25311 20449
3: 17576 -10985 -175692 20449
3: 17576 -14641 -161525 20449
4: -17576 -14641 275769 20449
1: 17576 24167 -93170 20449
2: -17576 24167 23958 20449
3: 17576 -206305 -121979 20449
1: 17576 340535 -117128 20449
1: 17576 453871 -117585 20449
3: 17576 -749177 -119790 20449
4: -17576 -760001 121979 20449
4: -18018 -85683 142417 20449
1: 18029 2197 151008 20449
2: -18029 2197 -912340 20449
2: -18029 656903 112530 20449
4: -18084 -98865 138424 20449
1: 18199 893101 -114244 20449
3: 18271 -28561 -134310 20449
4: -18271 -28561 192874 20449
1: 18421 17545 -81796 20449
2: -18421 70301 81796 20449
1: 18634 2587 96668 20449
2: -18634 10595 -96668 20449
3: 18634 -33631 -128271 20449
4: -18634 -137735 128271 20449
3: 18634 -264869 -114244 20449
1: 18634 437203 -110968 20449
4: -18706 -893101 114244 20449
3: 18837 -85683 -117128 20449
1: 18876 43923 -98865 20449
1: 18876 85683 -104665 20449
4: -18876 -131769 127426 20449
4: -18876 -257049 119306 20449
3: 18928 -1529 -449878 20449
4: -18928 -6457 449878 20449
3: 19008 -46137 -121121 20449
1: 19097 1331 271414 20449
4: -19239 -428415 113740 20449
1: 19266 1485 224939 20449
2: -19266 6501 -224939 20449
3: 19426 -73205 -114244 20449
3: 19481 -31265 -122694 20449
4: -19481 -140101 122694 20449
3: 19481 -190333 -109850 20449
4: -19481 -190333 118638 20449
2: -19536 570999 103259 20449
2: -19604 6655 -215644 20449
1: 19604 314171 -105149 20449
2: -19604 314171 99825 20449
1: 19773 3993 9724 20449
3: 19773 -6591 -175692 20449
3: 19773 -15609 -135278 20449
4: -19773 -72237 135278 20449
4: -19773 -797511 108416 20449
3: 19877 -14641 -136214 20449
4: -19877 -14641 250458 20449
3: 20176 -25289 -120835 20449
2: -20328 6591 -215501 20449
3: 20394 -570999 -103259 20449
1: 20449 14641 -73684 20449
2: -20449 14641 -40560 20449
3: 20449 -14641 -130806 20449
4: -20449 -14641 245050 20449
1: 20449 28561 -87604 20449
2: -20449 28561 29040 20449
3: 20449 -28561 -116886 20449
4: -20449 -28561 175450 20449
2: -20449 73205 73684 20449
4: -20449 -73205 130806 20449
2: -20449 142805 87604 20449
4: -20449 -142805 116886 20449
3: 20482 -239473 -103818 20449
1: 20618 9317 -57629 20449
1: 20657 89177 -96668 20449
2: -20826 555027 96668 20449
4: -20878 -199927 110473 20449
3: 20956 -142805 -102487 20449
4: -20966 -503113 103818 20449
1: 21054 507 654368 20449
4: -21164 -142805 113135 20449
1: 21241 142805 -95832 20449
3: 21294 -85683 -102487 20449
2: -21294 219615 88894 20449
1: 21296 5239 -27885 20449
3: 21296 -10985 -131703 20449
1: 21296 17303 -76895 20449
2: -21296 17303 -19773 20449
1: 21296 340535 -97097 20449
3: 21296 -536393 -98865 20449
3: 21593 -28561 -109142 20449
4: -21593 -28561 167706 20449
4: -21606 -27951 169169 20449
3: 21801 -12705 -122694 20449
4: -21801 -75141 122694 20449
1: 21901 24505 -81796 20449
2: -22022 14641 -41743 20449
2: -22308 43923 48503 20449
2: -22308 85683 70543 20449
3: 22506 -1755 -265837 20449
4: -22506 -11427 265837 20449
3: 22627 -41743 -99528 20449
1: 22646 278179 -91260 20449
3: 22869 -507 -654368 20449
1: 23322 115797 -87373 20449
2: -23322 850509 87373 20449
1: 23474 261443 -88088 20449
3: 23491 -14641 -106470 20449
4: -23491 -14641 220714 20449
1: 23686 629563 -87880 20449
1: 23829 107811 -85514 20449
2: -23829 858495 85514 20449
2: -23892 85683 65219 20449
3: 23933 -485537 -87846 20449
4: -23958 -3549 624624 20449
1: 23958 3993 -28561 20449
3: 23958 -6591 -122837 20449
4: -23958 -21801 174746 20449
2: -23958 51909 50531 20449
4: -23958 -85683 109527 20449
1: 23958 147741 -85683 20449
3: 23958 -243867 -88231 20449
1: 24046 529477 -86515 20449
1: 24167 2197 15972 20449
2: -24167 2197 -777304 20449
3: 24167 -2197 -189002 20449
4: -24167 -2197 950334 20449
1: 24167 14641 -71136 20449
2: -24167 14641 -43108 20449
3: 24167 -14641 -101894 20449
4: -24167 -14641 216138 20449
1: 24167 15379 -71874 20449
3: 24167 -15379 -101156 20449
1: 24167 102487 -84318 20449
3: 24167 -102487 -88712 20449
2: -24167 129623 71874 20449
4: -24167 -129623 101156 20449
2: -24167 863819 84318 20449
4: -24167 -863819 88712 20449
1: 24298 600281 -85683 20449
2: -24336 123783 70642 20449
3: 25047 -85683 -85668 20449
1: 25168 102487 -81289 20449
1: 25168 199927 -82159 20449
4: -25234 -142805 95832 20449
2: -25289 10985 -85800 20449
4: -25289 -406445 87230 20449
4: -25312 -600281 85683 20449
3: 25519 -28561 -87846 20449
4: -25519 -28561 146410 20449
3: 25542 -43923 -85683 20449
3: 25894 -2197 -151008 20449
4: -25894 -2197 912340 20449
4: -25896 -257049 87846 20449
1: 26026 14641 -70135 20449
2: -26026 14641 -44109 20449
2: -26246 173563 69212 20449
1: 26364 363 297297 20449
3: 26364 -3993 -113542 20449
1: 26364 6591 -58564 20449
2: -26364 16335 -31460 20449
1: 26364 43923 -76193 20449
3: 26364 -72501 -81191 20449
4: -26364 -179685 89375 20449
2: -26364 296595 73205 20449
1: 26364 797511 -79134 20449
4: -26598 -131769 92274 20449
2: -26862 570999 74698 20449
4: -27248 -89177 96668 20449
3: 27456 -131769 -76895 20449
1: 27846 219615 -74698 20449
4: -27951 -3993 514098 20449
2: -27951 6591 -191334 20449
3: 27951 -7605 -85514 20449
4: -27951 -163761 85514 20449
4: -27951 -674817 77402 20449
1: 27951 778635 -74698 20449
2: -28054 185009 65065 20449
2: -28193 102487 57122 20449
1: 28236 85683 -73205 20449
3: 28314 -85683 -74657 20449
2: -28314 219615 65910 20449
4: -28392 -3993 509366 20449
1: 28444 65219 -72501 20449
1: 28561 65 878460 20449
1: 28561 121 438020 20449
3: 28561 -121 -584430 20449
1: 28561 143 359370 20449
3: 28561 -143 -505780 20449
1: 28561 169 292820 20449
3: 28561 -169 -439230 20449
1: 28561 275 151734 20449
3: 28561 -275 -298144 20449
1: 28561 325 117128 20449
3: 28561 -325 -263538 20449
1: 28561 605 29040 20449
3: 28561 -605 -175450 20449
1: 28561 715 13310 20449
3: 28561 -715 -159720 20449
3: 28561 -845 -146410 20449
1: 28561 1331 -26730 20449
3: 28561 -1331 -119680 20449
1: 28561 1573 -33880 20449
3: 28561 -1573 -112530 20449
1: 28561 1859 -39930 20449
2: -28561 1859 -859826 20449
3: 28561 -1859 -106480 20449
1: 28561 3025 -52756 20449
3: 28561 -3025 -93654 20449
1: 28561 3575 -55902 20449
3: 28561 -3575 -90508 20449
1: 28561 4225 -58564 20449
3: 28561 -4225 -87846 20449
1: 28561 6655 -63910 20449
3: 28561 -6655 -82500 20449
2: -28561 7711 -151734 20449
4: -28561 -7711 298144 20449
1: 28561 7865 -65340 20449
3: 28561 -7865 -81070 20449
2: -28561 9113 -117128 20449
4: -28561 -9113 263538 20449
1: 28561 9295 -66550 20449
3: 28561 -9295 -79860 20449
1: 28561 14641 -68980 20449
2: -28561 14641 -45264 20449
3: 28561 -14641 -77430 20449
4: -28561 -14641 191674 20449
1: 28561 17303 -69630 20449
2: -28561 17303 -27038 20449
3: 28561 -17303 -76780 20449
4: -28561 -17303 173448 20449
1: 28561 20449 -70180 20449
2: -28561 20449 -11616 20449
3: 28561 -20449 -76230 20449
4: -28561 -20449 158026 20449
1: 28561 33275 -71346 20449
3: 28561 -33275 -75064 20449
1: 28561 39325 -71632 20449
3: 28561 -39325 -74778 20449
1: 28561 46475 -71874 20449
3: 28561 -46475 -74536 20449
1: 28561 73205 -72360 20449
3: 28561 -73205 -74050 20449
2: -28561 84821 52756 20449
4: -28561 -84821 93654 20449
1: 28561 86515 -72490 20449
3: 28561 -86515 -73920 20449
2: -28561 100243 55902 20449
4: -28561 -100243 90508 20449
1: 28561 102245 -72600 20449
3: 28561 -102245 -73810 20449
2: -28561 118469 58564 20449
4: -28561 -118469 87846 20449
1: 28561 190333 -72880 20449
2: -28561 190333 64092 20449
3: 28561 -190333 -73530 20449
4: -28561 -190333 82318 20449
3: 28561 -224939 -73480 20449
4: -28561 -224939 80916 20449
1: 28561 366025 -73036 20449
3: 28561 -366025 -73374 20449
1: 28561 432575 -73062 20449
3: 28561 -432575 -73348 20449
1: 28561 511225 -73084 20449
3: 28561 -511225 -73326 20449
2: -28561 933031 71346 20449
4: -28561 -933031 75064 20449
1: 28561 951665 -73140 20449
3: 28561 -951665 -73270 20449
4: -28677 -19773 160446 20449
1: 28782 387321 -72501 20449
1: 28899 3993 -59488 20449
1: 29161 28561 -70180 20449
2: -29161 28561 11616 20449
1: 29282 121 257049 20449
3: 29282 -121 -399854 20449
1: 29282 143 206518 20449
3: 29282 -143 -349323 20449
1: 29282 169 163761 20449
3: 29282 -169 -306566 20449
1: 29282 253 85683 20449
3: 29282 -253 -228488 20449
1: 29282 299 61516 20449
3: 29282 -299 -204321 20449
1: 29282 1573 -46137 20449
1: 29282 1859 -50024 20449
2: -29282 1859 -849732 20449
3: 29282 -1859 -92781 20449
4: -29282 -1859 992537 20449
1: 29282 2197 -53313 20449
2: -29282 2197 -708019 20449
3: 29282 -2197 -89492 20449
4: -29282 -2197 850824 20449
1: 29282 2783 -57122 20449
3: 29282 -2783 -85683 20449
1: 29282 3289 -59319 20449
3: 29282 -3289 -83486 20449
1: 29282 3887 -61178 20449
3: 29282 -3887 -81627 20449
2: -29282 10901 -85683 20449
4: -29282 -10901 228488 20449
2: -29282 12883 -61516 20449
4: -29282 -12883 204321 20449
1: 29282 20449 -69459 20449
2: -29282 20449 -12337 20449
3: 29282 -20449 -73346 20449
4: -29282 -20449 155142 20449
1: 29282 24167 -69758 20449
2: -29282 24167 546 20449
3: 29282 -24167 -73047 20449
4: -29282 -24167 142259 20449
1: 29282 28561 -70011 20449
2: -29282 28561 11447 20449
3: 29282 -28561 -72794 20449
4: -29282 -28561 131358 20449
1: 29282 36179 -70304 20449
1: 29282 42757 -70473 20449
3: 29282 -42757 -72332 20449
1: 29282 50531 -70616 20449
3: 29282 -50531 -72189 20449
2: -29282 119911 57122 20449
4: -29282 -119911 85683 20449
2: -29282 141713 59319 20449
4: -29282 -141713 83486 20449
2: -29282 167479 61178 20449
4: -29282 -167479 81627 20449
1: 29282 265837 -71253 20449
2: -29282 265837 64961 20449
3: 29282 -265837 -71552 20449
4: -29282 -265837 77844 20449
1: 29282 314171 -71276 20449
2: -29282 314171 65952 20449
3: 29282 -314171 -71529 20449
4: -29282 -314171 76853 20449
1: 29282 470327 -71318 20449
3: 29282 -470327 -71487 20449
1: 29282 555841 -71331 20449
3: 29282 -555841 -71474 20449
1: 29282 656903 -71342 20449
3: 29282 -656903 -71463 20449
4: -29601 -85683 90508 20449
3: 29766 -428415 -70301 20449
2: -30008 129623 56628 20449
3: 30129 -257049 -69454 20449
4: -30186 -43923 107653 20449
3: 30239 -173563 -69212 20449
2: -30589 3509 -408980 20449
3: 30613 -169 -78078 20449
4: -30613 -171197 78078 20449
4: -30734 -4901 408980 20449
1: 30758 11 -276848 20449
4: -30758 -7997 276848 20449
1: 30758 14641 -68133 20449
2: -30758 14641 -46111 20449
3: 30758 -24167 -67881 20449
4: -30758 -24167 137093 20449
2: -31042 107653 51909 20449
3: 31878 -85683 -65219 20449
1: 31944 39 -918346 20449
3: 31944 -3993 -57122 20449
1: 31944 6591 -70499 20449
2: -31944 34983 18590 20449
2: -31944 155727 54925 20449
4: -31944 -257049 71830 20449
3: 31944 -674817 -65403 20449
2: -32097 131769 52728 20449
2: -32526 942513 62557 20449
2: -32734 73205 41743 20449
1: 32846 951665 -63713 20449
3: 33384 -942513 -62557 20449
4: -33462 -85683 81191 20449
3: 33638 -14641 -57122 20449
4: -33638 -14641 171366 20449
4: -33704 -951665 63713 20449
3: 33759 -6591 -50336 20449
4: -34122 -25857 122694 20449
1: 34243 190333 -61516 20449
2: -34243 190333 52728 20449
1: 34307 314171 -61226 20449
2: -34307 314171 55902 20449
4: -34364 -54925 89661 20449
1: 34463 28561 -63888 20449
2: -34463 28561 5324 20449
1: 34606 1331 -131820 20449
3: 34606 -1331 10985 20449
1: 34606 6655 -74698 20449
3: 34606 -6655 -46137 20449
1: 34606 28561 -63745 20449
2: -34606 28561 5181 20449
3: 34606 -28561 -57090 20449
4: -34606 -28561 115654 20449
2: -34606 110473 46137 20449
4: -34606 -110473 74698 20449
1: 34606 142805 -61083 20449
3: 34606 -142805 -59752 20449
3: 34983 -85683 -58564 20449
4: -35074 -248897 65910 20449
3: 35152 -121 821106 20449
1: 35152 583 -242242 20449
4: -35152 -8569 242242 20449
1: 35152 24167 -63888 20449
2: -35152 24167 -5324 20449
4: -35152 -25289 121407 20449
3: 35152 -116441 -58564 20449
4: -35152 -600281 62088 20449
3: 35178 -922383 -59319 20449
3: 35937 -115797 -57122 20449
1: 35997 257049 -58564 20449
1: 36058 2197 -114829 20449
2: -36058 2197 -646503 20449
1: 36088 199927 -58564 20449
3: 36333 -307461 -57122 20449
3: 36542 -28561 -52514 20449
4: -36542 -28561 111078 20449
3: 36842 -8833 -40898 20449
2: -36842 96679 40898 20449
1: 36872 336743 -57122 20449
1: 37026 219615 -57122 20449
3: 37268 -1417 48334 20449
2: -37268 14599 -48334 20449
1: 37268 145079 -57122 20449
3: 37268 -239473 -55484 20449
4: -37349 -6655 284856 20449
2: -37349 13915 -53482 20449
3: 37349 -265837 -55418 20449
4: -37349 -265837 61710 20449
2: -37349 555841 53240 20449
4: -37674 -85683 73205 20449
1: 37856 935 -224939 20449
4: -37856 -8921 224939 20449
1: 38194 1331 -178464 20449
3: 38236 -714025 -54450 20449
2: -38599 6655 -171366 20449
4: -38599 -38701 92950 20449
3: 38599 -224939 -53404 20449
4: -38599 -224939 60840 20449
3: 38688 -131769 -52728 20449
1: 38962 23153 -61347 20449
3: 38962 -190333 -52728 20449
4: -38962 -190333 61516 20449
4: -38962 -194519 61347 20449
3: 39028 -107653 -51909 20449
2: -39204 428415 49852 20449
2: -39286 304799 48334 20449
1: 39546 231 -865150 20449
3: 39546 -363 464035 20449
2: -39546 3993 -319033 20449
4: -39546 -6591 278179 20449
1: 39546 12705 -67639 20449
3: 39546 -19965 -43472 20449
1: 39546 32955 -58564 20449
4: -39546 -100551 67639 20449
3: 39546 -307461 -52260 20449
1: 39546 507507 -53240 20449
3: 39546 -797511 -52635 20449
1: 39567 43923 -57122 20449
3: 39754 -14641 -39546 20449
4: -39754 -14641 153790 20449
1: 39831 257049 -53240 20449
1: 40729 28561 -58564 20449
4: -40807 -199927 58564 20449
1: 40898 14641 -65403 20449
2: -40898 14641 -48841 20449
3: 40898 -14641 -36842 20449
4: -40898 -14641 151086 20449
1: 40898 28561 -58443 20449
2: -40898 28561 -121 20449
3: 40898 -28561 -43802 20449
4: -40898 -28561 102366 20449
2: -40898 102487 36842 20449
4: -40898 -102487 65403 20449
2: -40898 199927 43802 20449
4: -40898 -199927 58443 20449
1: 41261 2275 -145002 20449
4: -41261 -15457 145002 20449
1: 41261 33275 -57122 20449
3: 41261 -142805 -49170 20449
4: -41261 -709423 52728 20449
1: 41574 363 -654368 20449
2: -41574 59895 26026 20449
4: -41624 -10985 182468 20449
4: -41626 -65219 72501 20449
3: 41743 -1441 103818 20449
2: -41743 9427 -103818 20449
3: 41866 -81289 -47190 20449
4: -41899 -512435 52728 20449
1: 42108 59319 -53482 20449
3: 42471 -43923 -43940 20449
2: -42588 6171 -184041 20449
3: 43186 -28561 -39930 20449
4: -43186 -28561 98494 20449
1: 43602 18513 -61347 20449
4: -43602 -106359 61347 20449
3: 43802 -36673 -40898 20449
2: -43802 208039 40898 20449
4: -43824 -257049 53240 20449
1: 43923 363 -742586 20449
3: 43923 -429 540462 20449
1: 43923 507 -545194 20449
2: -43923 1521 -886236 20449
3: 43923 -2409 57122 20449
1: 43923 2847 -136214 20449
1: 43923 4719 -101062 20449
3: 43923 -5577 -2366 20449
1: 43923 6591 -85878 20449
2: -43923 13563 -57122 20449
2: -43923 14157 -52728 20449
4: -43923 -16029 136214 20449
4: -43923 -16731 132496 20449
2: -43923 19773 -24232 20449
1: 43923 26499 -57122 20449
3: 43923 -31317 -39546 20449
1: 43923 37011 -54418 20449
1: 43923 61347 -51714 20449
3: 43923 -72501 -44122 20449
1: 43923 85683 -50546 20449
4: -43923 -149193 57122 20449
2: -43923 176319 39546 20449
2: -43923 184041 39884 20449
4: -43923 -208377 54418 20449
4: -43923 -217503 54132 20449
2: -43923 257049 42076 20449
3: 43923 -407121 -46982 20449
1: 43923 481143 -48126 20449
1: 43923 797511 -47918 20449
3: 43923 -942513 -47334 20449
3: 44044 -485537 -46948 20449
3: 44109 -363 654368 20449
4: -44407 -37349 84942 20449
4: -45012 -131769 57122 20449
4: -45254 -6655 257049 20449
4: -45474 -428415 49247 20449
3: 45916 -73205 -41743 20449
3: 46137 -3993 24882 20449
1: 46137 6591 -87846 20449
2: -46761 43923 13182 20449
3: 46948 -590993 -44044 20449
3: 46982 -14641 -24674 20449
4: -46982 -14641 138918 20449
4: -47229 -339405 48334 20449
3: 47489 -1331 178464 20449
3: 47658 -267531 -42757 20449
3: 47916 -741 362505 20449
3: 47916 -19965 -28561 20449
1: 47916 32955 -52767 20449
1: 47916 986271 -43940 20449
1: 48334 2197 -182347 20449
2: -48334 2197 -578985 20449
3: 48334 -2197 95832 20449
4: -48334 -2197 665500 20449
2: -48334 10985 -81191 20449
4: -48334 -10985 167706 20449
1: 48334 14641 -64129 20449
2: -48334 14641 -50115 20449
3: 48334 -14641 -22386 20449
4: -48334 -14641 136630 20449
2: -48334 37349 6655 20449
4: -48334 -37349 79860 20449
1: 48334 41743 -50578 20449
3: 48334 -41743 -35937 20449
2: -48334 73205 24583 20449
4: -48334 -73205 61932 20449
2: -48334 186745 35937 20449
4: -48334 -186745 50578 20449
2: -48334 248897 37765 20449
4: -48334 -248897 48750 20449
1: 48334 278179 -44356 20449
3: 48334 -278179 -42159 20449
1: 48464 102487 -46137 20449
4: -49322 -885391 43923 20449
4: -49368 -415233 45617 20449
2: -49973 68107 22022 20449
4: -50094 -85683 57475 20449
4: -50193 -43923 72332 20449
1: 50206 142805 -43923 20449
4: -50362 -16577 122694 20449
3: 50531 -6655 8008 20449
3: 50531 -312785 -40326 20449
1: 50578 611 -580008 20449
2: -50578 105149 28561 20449
1: 50578 813241 -41743 20449
3: 51038 -28561 -29282 20449
4: -51038 -28561 87846 20449
3: 51376 -46585 -33462 20449
3: 51788 -2197 114829 20449
4: -51788 -2197 646503 20449
4: -51909 -3993 373490 20449
2: -51909 19965 -26364 20449
4: -51909 -27951 87880 20449
3: 51909 -35937 -30758 20449
2: -51909 85683 24750 20449
2: -51909 139755 30758 20449
4: -51909 -428415 43384 20449
2: -51909 599781 38060 20449
1: 51909 771147 -40722 20449
3: 52728 -1089 281567 20449
2: -52728 1551 -813241 20449
4: -52728 -3993 370942 20449
2: -52728 6591 -161051 20449
3: 52728 -131769 -36998 20449
2: -52728 187671 32604 20449
1: 52728 217503 -41261 20449
4: -52728 -309777 43923 20449
2: -52728 797511 37994 20449
1: 53724 570999 -39546 20449
4: -54249 -942513 39930 20449
2: -54318 131769 28561 20449
4: -55094 -3509 408980 20449
1: 55263 43923 -46306 20449
1: 55902 417 -942513 20449
4: -55902 -1431 942513 20449
3: 55902 -3993 57122 20449
1: 55902 6591 -94666 20449
1: 55902 70473 -42757 20449
4: -55902 -241839 42757 20449
3: 55902 -674817 -36842 20449
3: 56784 -3993 59488 20449
1: 57122 1331 -327536 20449
2: -57122 1331 -929148 20449
3: 57122 -1331 254331 20449
1: 57122 1573 -282777 20449
2: -57122 1573 -780571 20449
3: 57122 -1573 209572 20449
4: -57122 -1573 853776 20449
1: 57122 1859 -244904 20449
2: -57122 1859 -654852 20449
3: 57122 -1859 171699 20449
4: -57122 -1859 728057 20449
1: 57122 3443 -149072 20449
3: 57122 -3443 75867 20449
1: 57122 4069 -131769 20449
3: 57122 -4069 58564 20449
2: -57122 11429 -75867 20449
4: -57122 -11429 149072 20449
2: -57122 13507 -58564 20449
4: -57122 -13507 131769 20449
1: 57122 14641 -63051 20449
2: -57122 14641 -51193 20449
3: 57122 -14641 -10154 20449
4: -57122 -14641 124398 20449
1: 57122 17303 -58982 20449
2: -57122 17303 -37686 20449
3: 57122 -17303 -14223 20449
4: -57122 -17303 110891 20449
1: 57122 20449 -55539 20449
2: -57122 20449 -26257 20449
3: 57122 -20449 -17666 20449
4: -57122 -20449 99462 20449
1: 57122 37873 -46827 20449
3: 57122 -37873 -26378 20449
1: 57122 44759 -45254 20449
3: 57122 -44759 -27951 20449
1: 57122 52897 -43923 20449
3: 57122 -52897 -29282 20449
2: -57122 125719 26378 20449
4: -57122 -125719 46827 20449
2: -57122 148577 27951 20449
4: -57122 -148577 45254 20449
2: -57122 175591 29282 20449
4: -57122 -175591 43923 20449
1: 57122 190333 -38637 20449
2: -57122 190333 29849 20449
3: 57122 -190333 -34568 20449
4: -57122 -190333 43356 20449
3: 57122 -224939 -34881 20449
4: -57122 -224939 42317 20449
1: 57122 416603 -37532 20449
3: 57122 -416603 -35673 20449
1: 57122 492349 -37389 20449
3: 57122 -492349 -35816 20449
1: 57122 581867 -37268 20449
3: 57122 -581867 -35937 20449
2: -57453 718419 34606 20449
4: -57629 -142805 45254 20449
2: -57798 3993 -284427 20449
3: 58201 -142805 -33154 20449
3: 58201 -512435 -35152 20449
1: 58322 28561 -49731 20449
2: -58322 28561 -8833 20449
1: 58443 77571 -40898 20449
4: -58443 -248937 40898 20449
3: 58564 -461 828269 20449
2: -58564 1475 -828269 20449
1: 58564 1859 -249951 20449
2: -58564 1859 -649805 20449
3: 58564 -2197 145587 20449
4: -58564 -2197 615745 20449
4: -58564 -3025 456976 20449
4: -58564 -3245 428415 20449
2: -58564 3575 -320762 20449
2: -58564 3835 -296595 20449
4: -58564 -4225 337324 20449
1: 58564 5071 -114244 20449
3: 58564 -5993 30758 20449
2: -58564 7139 -142805 20449
4: -58564 -7865 197730 20449
4: -58564 -8437 186745 20449
2: -58564 9295 -101400 20449
2: -58564 9971 -92105 20449
4: -58564 -10985 151710 20449
4: -58564 -16225 114244 20449
2: -58564 19175 -30758 20449
3: 58564 -20449 -16224 20449
4: -58564 -20449 98020 20449
1: 58564 24167 -52182 20449
2: -58564 24167 -17030 20449
3: 58564 -28561 -21756 20449
4: -58564 -28561 80320 20449
4: -58564 -39325 68107 20449
4: -58564 -42185 65910 20449
2: -58564 46475 8281 20449
2: -58564 49855 10140 20449
4: -58564 -54925 58903 20449
3: 58564 -55781 -28561 20449
1: 58564 65923 -41743 20449
3: 58564 -77909 -30589 20449
2: -58564 92807 21970 20449
4: -58564 -102245 48165 20449
4: -58564 -109681 47320 20449
2: -58564 120835 25155 20449
2: -58564 129623 25870 20449
4: -58564 -142805 44625 20449
2: -58564 178475 28561 20449
4: -58564 -210925 41743 20449
2: -58564 249275 30589 20449
3: 58564 -265837 -34203 20449
4: -58564 -265837 40495 20449
1: 58564 314171 -36969 20449
2: -58564 314171 31645 20449
2: -58564 464035 32955 20449
4: -58564 -511225 38194 20449
4: -58564 -548405 38025 20449
2: -58564 604175 33592 20449
2: -58564 648115 33735 20449
4: -58564 -714025 37486 20449
3: 58564 -725153 -35152 20449
1: 58564 856999 -36166 20449
2: -58643 199927 29282 20449
3: 59202 -85683 -30613 20449
2: -59319 1815 -663806 20449
3: 59319 -43923 -26052 20449
4: -59644 -142805 43923 20449
4: -59774 -656903 36905 20449
1: 60918 257049 -35937 20449
2: -60984 219615 28561 20449
2: -61072 199927 27951 20449
2: -61226 2821 -410839 20449
3: 61226 -6655 28561 20449
2: -61226 15379 -47476 20449
1: 61226 85345 -39039 20449
4: -61226 -256711 39039 20449
2: -61334 126445 24167 20449
1: 61347 43923 -43602 20449
1: 61347 85683 -38962 20449
4: -61347 -131769 43602 20449
4: -61347 -257049 38962 20449
3: 61516 -605 659087 20449
1: 61516 4015 -138424 20449
4: -61516 -12001 138424 20449
4: -61646 -102487 46137 20449
3: 62557 -17303 -8788 20449
4: -62557 -17303 105456 20449
2: -62799 678873 31460 20449
2: -62868 3267 -347633 20449
4: -63382 -766753 34606 20449
4: -63888 -3993 342732 20449
1: 65403 49731 -40898 20449
4: -65403 -137577 40898 20449
3: 65472 -131769 -28561 20449
1: 65703 85683 -37026 20449
4: -65824 -24505 81796 20449
4: -66079 -6655 215644 20449
2: -66924 219615 25688 20449
4: -66924 -599781 33275 20449
4: -67262 -893101 32448 20449
4: -67276 -14641 114244 20449
4: -67518 -6591 215501 20449
1: 67716 428415 -31944 20449
4: -67881 -1521 829114 20449
3: 67881 -51909 -21970 20449
1: 68107 265837 -32428 20449
2: -68107 265837 26136 20449
1: 68486 190333 -32955 20449
1: 68614 314171 -31944 20449
2: -68614 314171 26620 20449
3: 68728 -248897 -28561 20449
1: 68926 28561 -46585 20449
2: -68926 28561 -11979 20449
3: 69058 -199927 -27951 20449
1: 69212 1331 -380081 20449
2: -69212 1331 -876603 20449
3: 69212 -9317 19773 20449
3: 69212 -28561 -13904 20449
4: -69212 -28561 72468 20449
1: 69212 65219 -37349 20449
4: -69212 -169037 37349 20449
1: 69212 199927 -32538 20449
3: 69836 -714025 -29282 20449
4: -69966 -85683 43923 20449
1: 70304 5159 -121121 20449
4: -70304 -13145 121121 20449
1: 70304 24167 -49247 20449
2: -70304 24167 -19965 20449
3: 70304 -89177 -24453 20449
4: -70543 -121121 39546 20449
3: 70906 -512435 -28561 20449
2: -71318 2057 -552123 20449
4: -71709 -428415 31944 20449
3: 71874 -507 916487 20449
2: -71874 4407 -241670 20449
3: 71874 -906411 -28561 20449
1: 72332 22627 -50193 20449
2: -72501 6591 -151734 20449
1: 72501 19773 -53240 20449
2: -72501 43923 1742 20449
3: 72501 -98865 -23958 20449
1: 72501 131769 -32500 20449
2: -72501 243867 23958 20449
3: 72501 -658845 -28106 20449
1: 72969 771147 -29282 20449
3: 73084 -28561 -11616 20449
4: -73084 -28561 70180 20449
3: 73684 -61589 -20449 20449
3: 74191 -314171 -26620 20449
4: -74191 -314171 31944 20449
3: 74516 -126445 -24167 20449
3: 74536 -9425 24167 20449
2: -74536 22607 -24167 20449
1: 74536 964975 -28561 20449
2: -74698 38599 -2574 20449
3: 74698 -265837 -26136 20449
4: -74698 -265837 32428 20449
1: 75867 155727 -30758 20449
1: 76388 1331 -403403 20449
2: -76388 1331 -853281 20449
3: 76593 -897 531674 20449
1: 77077 14641 -61516 20449
2: -77077 14641 -52728 20449
3: 77198 -769 628342 20449
2: -77198 1783 -628342 20449
3: 77198 -224939 -24843 20449
4: -77198 -224939 32279 20449
2: -77649 85683 13310 20449
1: 77682 307461 -28561 20449
4: -77924 -190333 32955 20449
2: -78529 86515 13182 20449
2: -78754 102487 15210 20449
3: 79508 -14641 8788 20449
4: -79508 -14641 105456 20449
1: 79768 847 -633919 20449
4: -79937 -199927 31944 20449
1: 80223 257049 -28072 20449
1: 81191 366899 -27170 20449
1: 81458 28561 -43923 20449
2: -81458 28561 -14641 20449
3: 81796 -14641 10140 20449
3: 81796 -28561 -7260 20449
4: -81796 -28561 65824 20449
3: 81796 -73205 -18421 20449
3: 81796 -142805 -21901 20449
2: -81796 161051 18421 20449
1: 82522 11141 -72501 20449
4: -82522 -24323 72501 20449
3: 83486 -605 849420 20449
3: 83486 -6875 51909 20449
1: 83486 10985 -73205 20449
2: -83486 14861 -51909 20449
2: -83486 256883 20592 20449
1: 83853 879 -628342 20449
4: -83853 -1893 628342 20449
1: 83853 51909 -35152 20449
3: 83853 -85683 -18744 20449
4: -84162 -257049 29282 20449
4: -84458 -2249 531674 20449
4: -84942 -43923 50531 20449
3: 85184 -2873 161733 20449
1: 85184 294151 -26364 20449
4: -85426 -278179 28561 20449
3: 85514 -863819 -23829 20449
1: 85683 651 -849178 20449
3: 85683 -1023 500456 20449
1: 85683 1209 -468512 20449
4: -85683 -1377 849178 20449
1: 85683 2541 -235708 20449
3: 85683 -3003 154396 20449
1: 85683 3549 -175692 20449
3: 85683 -3993 110066 20449
1: 85683 4719 -138182 20449
3: 85683 -5577 71874 20449
3: 85683 -7161 50578 20449
1: 85683 8463 -87846 20449
2: -85683 9801 -91476 20449
1: 85683 11253 -72116 20449
4: -85683 -11583 122452 20449
3: 85683 -13299 15972 20449
2: -85683 13689 -58564 20449
2: -85683 15147 -50578 20449
1: 85683 15717 -58564 20449
4: -85683 -17901 87846 20449
3: 85683 -27951 -5192 20449
1: 85683 33033 -40656 20449
3: 85683 -39039 -10648 20449
1: 85683 43923 -36626 20449
3: 85683 -51909 -14058 20449
1: 85683 61347 -33154 20449
1: 85683 78771 -31218 20449
3: 85683 -93093 -18634 20449
4: -85683 -107811 34936 20449
1: 85683 110019 -29282 20449
3: 85683 -123783 -20064 20449
2: -85683 127413 15488 20449
1: 85683 146289 -28072 20449
4: -85683 -150579 31944 20449
4: -85683 -166617 31218 20449
3: 85683 -172887 -21296 20449
2: -85683 196911 18634 20449
4: -85683 -232713 29282 20449
1: 85683 307461 -26148 20449
3: 85683 -363363 -22924 20449
1: 85683 429429 -25652 20449
1: 85683 570999 -25342 20449
3: 85683 -674817 -23606 20449
3: 85683 -866481 -23782 20449
3: 86372 -28561 -5324 20449
4: -86372 -28561 63888 20449
3: 87373 -893101 -23322 20449
1: 87516 219615 -26364 20449
3: 87604 -159029 -20449 20449
2: -87604 330395 20449 20449
1: 87846 945 -599781 20449
3: 87846 -1485 342732 20449
1: 87846 1755 -333944 20449
4: -87846 -1959 599781 20449
1: 87846 2079 -285610 20449
3: 87846 -2457 197730 20449
3: 87846 -3267 142805 20449
1: 87846 3861 -164775 20449
3: 87846 -4563 95485 20449
2: -87846 4719 -215306 20449
4: -87846 -5577 226122 20449
2: -87846 6591 -147394 20449
3: 87846 -10395 28561 20449
1: 87846 12285 -68107 20449
1: 87846 16335 -57122 20449
3: 87846 -19305 4394 20449
2: -87846 21549 -28561 20449
1: 87846 22815 -47658 20449
4: -87846 -25467 68107 20449
1: 87846 27027 -43940 20449
3: 87846 -31941 -6760 20449
3: 87846 -42471 -10985 20449
1: 87846 50193 -34645 20449
3: 87846 -59319 -14625 20449
2: -87846 61347 5408 20449
4: -87846 -72501 39364 20449
2: -87846 85683 10632 20449
1: 87846 114345 -28561 20449
3: 87846 -135135 -19773 20449
1: 87846 159705 -27209 20449
1: 87846 212355 -26364 20449
4: -87846 -237039 28561 20449
3: 87846 -250965 -21632 20449
2: -87846 280137 19773 20449
1: 87846 296595 -25636 20449
3: 87846 -297297 -21970 20449
4: -87846 -331071 27209 20449
1: 87846 351351 -25350 20449
3: 87846 -415233 -22490 20449
3: 87846 -552123 -22815 20449
1: 87846 652509 -24635 20449
3: 87846 -771147 -23095 20449
2: -87846 797511 22386 20449
4: -87846 -942513 24998 20449
3: 89232 -131769 -19266 20449
3: 89232 -257049 -21296 20449
1: 89298 112047 -28314 20449
3: 90077 -703 761332 20449
2: -90077 1429 -761332 20449
3: 90077 -49247 -12012 20449
1: 90077 278179 -25194 20449
1: 91091 14641 -60840 20449
2: -91091 14641 -53404 20449
1: 91234 161051 -26364 20449
3: 91598 -847 633919 20449
1: 91767 85683 -29282 20449
1: 91839 170859 -26026 20449
4: -91839 -342225 26026 20449
1: 91936 38599 -37180 20449
1: 92081 63713 -31460 20449
4: -92274 -3993 301730 20449
2: -92274 6591 -146410 20449
2: -92664 428415 19965 20449
3: 92686 -951665 -21970 20449
1: 93522 43923 -35152 20449
3: 93964 -14641 16224 20449
4: -93964 -14641 98020 20449
3: 94471 -10985 29282 20449
1: 94471 91355 -28314 20449
4: -94471 -179201 28314 20449
3: 94622 -1963 265837 20449
3: 94978 -1331 403403 20449
4: -94978 -1331 853281 20449
2: -95316 2343 -449878 20449
4: -95832 -163713 28561 20449
2: -95832 270231 17732 20449
3: 96668 -2197 238249 20449
4: -96668 -2197 523083 20449
3: 96668 -14641 17368 20449
4: -96668 -14641 96876 20449
1: 96668 155987 -25289 20449
4: -96668 -300989 25289 20449
3: 97163 -199927 -18656 20449
3: 97526 -142805 -17424 20449
2: -97682 26257 -20449 20449
2: -98189 405955 18590 20449
1: 98494 78529 -28561 20449
4: -98494 -142805 28908 20449
2: -98494 670085 19591 20449
1: 98514 195657 -24167 20449
1: 98631 746691 -21970 20449
4: -99099 -85683 33880 20449
1: 99242 199927 -23958 20449
4: -100048 -2057 552123 20449
3: 100386 -43923 -7605 20449
1: 101062 15379 -58564 20449
2: -101112 322959 17303 20449
4: -102076 -28561 58564 20449
1: 102487 1187 -514098 20449
1: 102487 1859 -335634 20449
2: -102487 1859 -564122 20449
4: -102487 -2201 514098 20449
4: -102487 -5239 227812 20449
4: -102487 -10153 127426 20449
3: 102487 -15431 17576 20449
3: 102487 -24167 3848 20449
4: -102487 -24167 65364 20449
2: -102487 28613 -17576 20449
2: -102487 68107 4446 20449
2: -102487 131989 12168 20449
1: 102487 200603 -23322 20449
1: 102487 314171 -22266 20449
2: -102487 314171 16942 20449
4: -102487 -371969 23322 20449
4: -102487 -885391 21628 20449
2: -102882 395307 17576 20449
3: 103818 -3993 127426 20449
2: -103818 11979 -70304 20449
1: 103818 85683 -27016 20449
3: 103818 -123783 -15379 20449
2: -103818 227601 15379 20449
4: -103818 -257049 24354 20449
1: 104611 1375 -449878 20449
1: 105391 278179 -21970 20449
3: 105456 -3993 128700 20449
3: 105456 -21417 7865 20449
1: 105456 797511 -20570 20449
2: -105963 307461 16224 20449
4: -106964 -714025 21054 20449
2: -107448 570999 17576 20449
1: 107653 14641 -60268 20449
2: -107653 14641 -53976 20449
3: 107653 -24167 5324 20449
4: -107653 -24167 63888 20449
1: 107811 428415 -20790 20449
1: 107811 674817 -20280 20449
4: -108498 -3267 347633 20449
3: 108498 -942513 -18634 20449
3: 109098 -322959 -17303 20449
3: 109473 -395307 -17576 20449
4: -110352 -4329 265837 20449
2: -110526 43923 -5408 20449
4: -111696 -195657 24167 20449
4: -111804 -3993 285610 20449
2: -111804 6591 -143000 20449
4: -111804 -674817 20280 20449
3: 111878 -3751 143143 20449
3: 112167 -570999 -17576 20449
4: -113014 -208715 23595 20449
4: -113568 -3993 284427 20449
3: 114244 -989 600281 20449
2: -114244 1183 -878460 20449
1: 114244 1331 -477939 20449
2: -114244 1331 -778745 20449
3: 114244 -1573 370623 20449
4: -114244 -1573 692725 20449
2: -114244 1715 -600281 20449
1: 114244 1859 -347391 20449
2: -114244 1859 -552365 20449
2: -114244 2695 -375342 20449
1: 114244 2783 -238128 20449
4: -114244 -3185 351384 20449
3: 114244 -3289 167706 20449
4: -114244 -3773 299475 20449
1: 114244 3887 -175692 20449
2: -114244 4235 -232199 20449
2: -114244 4459 -219615 20449
4: -114244 -5005 230263 20449
1: 114244 5203 -135883 20449
2: -114244 5915 -161051 20449
4: -114244 -5929 197230 20449
3: 114244 -6149 81191 20449
2: -114244 6655 -141108 20449
2: -114244 7007 -133100 20449
1: 114244 7267 -102487 20449
4: -114244 -7865 153186 20449
4: -114244 -8281 146410 20449
2: -114244 9295 -95832 20449
4: -114244 -9317 132165 20449
1: 114244 10879 -74536 20449
2: -114244 11011 -78045 20449
3: 114244 -12857 29282 20449
4: -114244 -13013 99825 20449
3: 114244 -14641 23484 20449
4: -114244 -14641 90760 20449
1: 114244 17303 -53658 20449
2: -114244 17303 -43010 20449
4: -114244 -18865 74536 20449
3: 114244 -20449 11616 20449
4: -114244 -20449 70180 20449
2: -114244 22295 -29282 20449
4: -114244 -29645 54087 20449
3: 114244 -30613 1683 20449
2: -114244 35035 -11979 20449
1: 114244 36179 -35211 20449
4: -114244 -41405 43923 20449
2: -114244 41503 -7260 20449
3: 114244 -42757 -3993 20449
4: -114244 -46585 41074 20449
4: -114244 -49049 39930 20449
2: -114244 55055 -968 20449
3: 114244 -57233 -7612 20449
2: -114244 65219 2035 20449
1: 114244 67639 -27346 20449
4: -114244 -73205 32793 20449
4: -114244 -77077 32065 20449
3: 114244 -79937 -10648 20449
2: -114244 86515 6039 20449
2: -114244 91091 6655 20449
4: -114244 -102245 28677 20449
2: -114244 102487 7950 20449
3: 114244 -119669 -13189 20449
4: -114244 -121121 27060 20449
1: 114244 141427 -22627 20449
2: -114244 143143 10890 20449
3: 114244 -167141 -14641 20449
3: 114244 -190333 -15087 20449
4: -114244 -190333 23875 20449
2: -114244 207515 13189 20449
4: -114244 -245245 22627 20449
2: -114244 289835 14641 20449
2: -114244 326095 15048 20449
1: 114244 336743 -20118 20449
4: -114244 -385385 21054 20449
3: 114244 -397969 -16764 20449
2: -114244 455455 15972 20449
4: -114244 -456533 20625 20449
1: 114244 470327 -19602 20449
2: -114244 512435 16231 20449
2: -114244 539539 16335 20449
4: -114244 -605605 20053 20449
1: 114244 629563 -19273 20449
4: -114244 -637637 19965 20449
2: -114244 715715 16819 20449
4: -114244 -717409 19780 20449
3: 114244 -744029 -17479 20449
2: -114244 847847 17050 20449
1: 114244 879307 -18997 20449
4: -114244 -951665 19416 20449
3: 114466 -10985 37466 20449
1: 115797 441597 -19448 20449
1: 116886 240825 -20449 20449
4: -116886 -412191 20449 20449
3: 117117 -85683 -10648 20449
2: -117128 1183 -874237 20449
2: -117128 3839 -257049 20449
4: -117128 -4537 250458 20449
1: 117128 15719 -57122 20449
3: 117128 -18577 15379 20449
3: 117128 -20449 12337 20449
4: -117128 -20449 69459 20449
1: 117128 24167 -43394 20449
2: -117128 24167 -25818 20449
4: -117128 -26873 57122 20449
3: 117128 -28561 3763 20449
4: -117128 -28561 54801 20449
2: -117128 31759 -15379 20449
2: -117128 143143 10478 20449
4: -117128 -169169 24089 20449
2: -117128 199927 12572 20449
4: -117128 -548977 19773 20449
2: -117128 648791 16224 20449
4: -117128 -766753 19227 20449
2: -118459 186745 12012 20449
4: -118638 -43923 41587 20449
2: -118976 656903 15972 20449
2: -120516 1911 -531674 20449
3: 121121 -153065 -13182 20449
2: -121121 256883 13182 20449
1: 122452 54571 -28561 20449
2: -122694 43923 -6760 20449
2: -122694 85683 4840 20449
1: 122694 131769 -21801 20449
4: -122694 -219615 21801 20449
1: 122694 257049 -19481 20449
4: -122694 -428415 19481 20449
1: 123032 12023 -69212 20449
4: -123032 -20009 69212 20449
1: 123783 20007 -48334 20449
4: -123783 -33189 48334 20449
3: 125114 -17303 19773 20449
4: -125114 -17303 76895 20449
1: 125114 37687 -33462 20449
3: 125229 -12309 34606 20449
2: -125229 20295 -34606 20449
3: 125229 -72501 -7986 20449
3: 125736 -131769 -11830 20449
4: -126269 -73205 30758 20449
4: -126808 -23153 61347 20449
1: 127426 1145 -570999 20449
4: -127426 -1871 570999 20449
1: 127426 6655 -111826 20449
1: 127426 27709 -39325 20449
3: 127776 -3993 142805 20449
1: 128381 1235 -531674 20449
4: -128778 -6171 184041 20449
4: -129107 -25289 57122 20449
1: 130806 143385 -20449 20449
2: -131406 85683 3872 20449
1: 131769 1671 -399854 20449
4: -131769 -2145 496522 20449
4: -131769 -2685 399854 20449
2: -131769 5577 -169000 20449
3: 131769 -6591 81484 20449
2: -131769 6981 -131820 20449
2: -131769 32955 -15418 20449
3: 131769 -61347 -5408 20449
4: -131769 -85683 27900 20449
3: 131769 -238953 -13182 20449
2: -131769 306735 12506 20449
2: -131769 383955 13182 20449
1: 131769 942513 -16548 20449
4: -131769 -998283 16900 20449
1: 132572 419627 -17303 20449
1: 133276 102487 -21970 20449
3: 134552 -14641 28561 20449
4: -134552 -14641 85683 20449
3: 135278 -199927 -12221 20449
4: -135762 -51909 35152 20449
1: 135762 257049 -17919 20449
4: -135762 -863421 16588 20449
4: -136004 -63713 31460 20449
2: -136214 33275 -15444 20449
1: 136214 265837 -17787 20449
2: -136214 265837 11495 20449
2: -137228 314171 11979 20449
3: 137566 -142805 -10648 20449
3: 138411 -9075 56628 20449
1: 138411 219615 -18070 20449
3: 138411 -362505 -13310 20449
2: -138424 6655 -138411 20449
3: 138424 -28561 7689 20449
4: -138424 -28561 50875 20449
4: -138424 -57233 32955 20449
3: 139711 -366025 -13182 20449
4: -140558 -419627 17303 20449
2: -141086 37349 -12441 20449
3: 141284 -248897 -12168 20449
3: 142417 -2197 283998 20449
4: -142417 -2197 477334 20449
4: -142428 -257049 18634 20449
2: -142844 278179 10985 20449
2: -143143 14641 -54756 20449
4: -143143 -485537 16698 20449
3: 143748 -46137 -286 20449
1: 145002 6591 -114466 20449
1: 145002 43923 -29432 20449
2: -145002 59319 -2662 20449
3: 145002 -270231 -11979 20449
2: -145002 395307 11856 20449
2: -145002 415233 11979 20449
3: 145079 -536393 -13182 20449
2: -145079 999635 13398 20449
3: 146168 -28561 8833 20449
4: -146168 -28561 49731 20449
4: -146289 -131769 21970 20449
3: 146861 -714025 -13310 20449
2: -148213 97163 3718 20449
3: 148382 -314171 -11979 20449
3: 149396 -265837 -11495 20449
4: -149396 -265837 17787 20449
1: 150403 1331 -514098 20449
2: -150403 1331 -742586 20449
4: -150436 -485537 15972 20449
3: 150748 -9317 57629 20449
3: 151008 -131769 -8788 20449
3: 151008 -257049 -11253 20449
3: 151734 -14703 31603 20449
1: 154154 14641 -59319 20449
2: -154154 14641 -54925 20449
3: 154396 -2045 314171 20449
2: -154396 3059 -314171 20449
1: 154396 6655 -114244 20449
4: -154396 -960089 14586 20449
1: 155298 85683 -21296 20449
2: -155727 3993 -237276 20449
3: 155727 -85683 -5588 20449
3: 156026 -278179 -10985 20449
2: -158184 219615 8671 20449
4: -158184 -362505 15972 20449
1: 158268 43923 -28561 20449
2: -158389 4225 -223080 20449
1: 158574 307461 -15379 20449
3: 159016 -14641 32955 20449
4: -159016 -14641 81289 20449
1: 160056 428415 -14641 20449
1: 160381 120835 -18634 20449
3: 161051 -1573 417430 20449
4: -161051 -1573 645918 20449
1: 161051 102245 -19604 20449
4: -161902 -775973 14196 20449
1: 162382 9317 -85683 20449
3: 163592 -14641 33631 20449
4: -163592 -14641 80613 20449
4: -163592 -28561 47553 20449
3: 164021 -142805 -7986 20449
4: -165044 -142805 19613 20449
1: 165282 35937 -31603 20449
4: -166023 -43923 35152 20449
1: 167706 2265 -314171 20449
4: -167706 -3279 314171 20449
2: -167706 51909 -6591 20449
4: -167706 -85683 24013 20449
2: -167948 199927 7502 20449
1: 169169 14641 -59124 20449
2: -169169 14641 -55120 20449
2: -169169 629563 10790 20449
4: -169338 -11979 94809 20449
4: -169494 -428415 14641 20449
2: -169884 746691 10985 20449
1: 170456 656903 -13310 20449
3: 171366 -1089 618310 20449
1: 171366 1287 -545710 20449
3: 171366 -1521 439230 20449
1: 171366 1665 -424589 20449
4: -171366 -2391 424589 20449
1: 171366 3663 -199650 20449
4: -171366 -3993 259138 20449
3: 171366 -4329 146410 20449
2: -171366 4719 -196746 20449
1: 171366 5445 -138303 20449
4: -171366 -5577 189002 20449
3: 171366 -6435 94501 20449
1: 171366 7605 -102487 20449
1: 171366 11979 -69520 20449
3: 171366 -14157 36300 20449
1: 171366 16731 -53240 20449
3: 171366 -18315 25289 20449
1: 171366 21645 -43923 20449
2: -171366 26301 -25289 20449
4: -171366 -31083 43923 20449
3: 171366 -40293 4840 20449
2: -171366 43923 -10248 20449
1: 171366 47619 -26620 20449
4: -171366 -51909 31196 20449
3: 171366 -59895 -737 20449
2: -171366 61347 -3872 20449
1: 171366 70785 -21901 20449
3: 171366 -83655 -3993 20449
3: 171366 -131769 -6990 20449
1: 171366 155727 -16610 20449
3: 171366 -184041 -8470 20449
1: 171366 201465 -15609 20449
3: 171366 -238095 -9317 20449
1: 171366 281385 -14641 20449
4: -171366 -289311 15609 20449
2: -171366 341913 9317 20449
4: -171366 -404079 14641 20449
1: 171366 443223 -13750 20449
3: 171366 -523809 -10890 20449
2: -171366 570999 10474 20449
1: 171366 619047 -13310 20449
1: 171366 658845 -13243 20449
4: -171366 -674817 13662 20449
3: 171366 -778635 -11319 20449
1: 171366 920205 -12947 20449
4: -171756 -307461 15379 20449
3: 172744 -28561 11979 20449
4: -172744 -28561 46585 20449
1: 174361 21125 -44616 20449
2: -174746 371293 9317 20449
3: 175329 -85683 -3872 20449
4: -175692 -1089 913952 20449
2: -175692 1287 -751374 20449
4: -175692 -1521 657748 20449
1: 175692 1551 -456976 20449
3: 175692 -1833 364702 20449
1: 175692 4719 -158184 20449
3: 175692 -5577 111878 20449
1: 175692 6591 -116636 20449
4: -175692 -14157 81289 20449
2: -175692 16731 -46813 20449
3: 175692 -17061 28561 20449
4: -175692 -19773 61581 20449
1: 175692 20163 -46137 20449
3: 175692 -23829 17069 20449
1: 175692 61347 -23153 20449
3: 175692 -72501 -2379 20449
1: 175692 85683 -19957 20449
4: -175692 -184041 17238 20449
2: -175692 217503 7384 20449
3: 175692 -221793 -8788 20449
4: -175692 -257049 15722 20449
1: 175692 262119 -14534 20449
3: 175692 -309777 -9672 20449
1: 175692 797511 -12766 20449
3: 175692 -942513 -11168 20449
4: -177619 -38599 37180 20449
1: 177957 72501 -21296 20449
4: -178354 -8983 120835 20449
3: 180154 -1769 380666 20449
2: -180154 2495 -380666 20449
2: -180999 219615 7098 20449
1: 181016 779935 -12441 20449
1: 182182 14641 -58981 20449
2: -182182 14641 -55263 20449
3: 182351 -477829 -10010 20449
1: 183678 427401 -13013 20449
4: -183678 -598767 13013 20449
4: -184041 -85683 22748 20449
1: 184041 219615 -14534 20449
4: -184041 -307461 14534 20449
3: 184548 -3993 163306 20449
1: 184548 6591 -117128 20449
2: -186219 428415 8954 20449
2: -187044 43923 -10985 20449
3: 187928 -14641 36673 20449
4: -187928 -14641 77571 20449
1: 188942 226633 -14157 20449
4: -188942 -314479 14157 20449
2: -188942 555841 9317 20449
1: 190333 847 -839254 20449
3: 190333 -847 817284 20449
1: 190333 2233 -325156 20449
3: 190333 -2233 303186 20449
2: -190333 3091 -303186 20449
4: -190333 -3091 325156 20449
1: 190333 3509 -210912 20449
3: 190333 -3509 188942 20449
1: 190333 24563 -39546 20449
3: 190333 -24563 17576 20449
1: 190333 28561 -35548 20449
2: -190333 28561 -23016 20449
3: 190333 -28561 13578 20449
4: -190333 -28561 44986 20449
2: -190333 34001 -17576 20449
4: -190333 -34001 39546 20449
1: 190333 199927 -14494 20449
3: 190333 -199927 -7476 20449
1: 190333 314171 -13218 20449
2: -190333 314171 7894 20449
3: 190333 -314171 -8752 20449
4: -190333 -314171 14076 20449
1: 190333 828269 -11832 20449
3: 190333 -828269 -10138 20449
1: 191139 1899 -380666 20449
4: -191139 -2625 380666 20449
2: -191202 599781 9317 20449
2: -191664 2535 -371800 20449
3: 193336 -10985 53240 20449
3: 193336 -14641 37245 20449
4: -193336 -14641 76999 20449
1: 193336 76895 -19965 20449
1: 193336 102487 -17680 20449
3: 193336 -366025 -8892 20449
4: -193479 -428415 13068 20449
3: 196209 -43923 5408 20449
3: 198198 -85683 -2299 20449
1: 198319 2197 -332332 20449
2: -198319 2197 -429000 20449
3: 199188 -599781 -9317 20449
1: 199927 1859 -391314 20449
2: -199927 1859 -508442 20449
1: 199927 14641 -58816 20449
2: -199927 14641 -55428 20449
1: 199927 22033 -42592 20449
4: -199927 -30019 42592 20449
3: 199927 -190333 -6738 20449
4: -199927 -190333 15526 20449
3: 199927 -286429 -7986 20449
2: -199927 390247 7986 20449
3: 200981 -28561 14410 20449
4: -200981 -28561 44154 20449
2: -202462 41261 -13013 20449
3: 204152 -28561 14641 20449
4: -204152 -28561 43923 20449
1: 204732 69459 -20449 20449
3: 204974 -871 806299 20449
4: -204974 -1235 788723 20449
1: 204974 1859 -392756 20449
2: -204974 1859 -507000 20449
4: -204974 -2299 428415 20449
1: 204974 2881 -257049 20449
4: -204974 -3895 257049 20449
2: -204974 5863 -153790 20449
3: 204974 -6149 105456 20449
2: -204974 7865 -112047 20449
1: 204974 11323 -73008 20449
2: -204974 16055 -49686 20449
3: 204974 -24167 19227 20449
4: -204974 -24167 49985 20449
2: -204974 24805 -28561 20449
2: -204974 29887 -21970 20449
3: 204974 -37453 8788 20449
2: -204974 50635 -8788 20449
4: -204974 -76219 22815 20449
1: 204974 79937 -19097 20449
4: -204974 -102245 19604 20449
3: 204974 -147199 -5369 20449
4: -204974 -208715 14807 20449
1: 204974 314171 -12464 20449
2: -204974 314171 7140 20449
4: -204974 -322465 13182 20449
4: -204974 -388531 12675 20449
1: 204974 486889 -11661 20449
4: -204974 -658255 11661 20449
2: -204974 990847 9230 20449
2: -206518 4411 -207636 20449
1: 206856 219615 -13351 20449
4: -207207 -85683 21296 20449
4: -207636 -3993 250458 20449
1: 207636 59895 -21970 20449
2: -207636 85683 -1133 20449
4: -210912 -3993 249821 20449
2: -210912 797511 8712 20449
1: 211419 942513 -10648 20449
1: 212771 73205 -19604 20449
3: 212784 -131769 -4394 20449
1: 214291 512915 -11154 20449
4: -214291 -684281 11154 20449
1: 214896 570999 -10985 20449
4: -214968 -18513 61347 20449
1: 215306 2783 -267410 20449
1: 215306 14641 -58695 20449
2: -215306 14641 -55549 20449
3: 215306 -24167 19965 20449
4: -215306 -24167 49247 20449
2: -215622 674817 8281 20449
4: -216996 -942513 10648 20449
4: -217503 -6591 154396 20449
3: 217503 -441597 -7986 20449
2: -217503 586599 7986 20449
1: 218284 1183 -617188 20449
3: 218647 -14641 39546 20449
4: -218647 -14641 74698 20449
3: 220946 -2405 290004 20449
1: 221052 43923 -25857 20449
2: -221897 7381 -119548 20449
4: -223366 -248897 13182 20449
3: 223608 -3993 171366 20449
1: 223608 6591 -118833 20449
3: 223608 -674817 -8281 20449
4: -224334 -570999 10985 20449
1: 224939 1331 -551954 20449
2: -224939 1331 -704730 20449
3: 224939 -1331 533364 20449
4: -224939 -1331 723320 20449
2: -224939 6655 -133510 20449
4: -224939 -6655 152100 20449
1: 224939 25289 -37856 20449
3: 224939 -25289 19266 20449
1: 224939 28561 -34584 20449
2: -224939 28561 -23980 20449
3: 224939 -28561 15994 20449
4: -224939 -28561 42570 20449
2: -224939 33275 -19266 20449
4: -224939 -33275 37856 20449
2: -224939 142805 2640 20449
4: -224939 -142805 15950 20449
1: 224939 542659 -10626 20449
3: 224939 -542659 -7964 20449
2: -224939 714025 7964 20449
4: -224939 -714025 10626 20449
2: -227601 3993 -228488 20449
3: 228488 -14641 40303 20449
4: -228488 -14641 73941 20449
1: 228488 17303 -50996 20449
2: -228488 17303 -45672 20449
3: 228488 -20449 26257 20449
4: -228488 -20449 55539 20449
1: 228488 25751 -37268 20449
3: 228488 -30433 14641 20449
4: -228488 -33737 37268 20449
2: -228488 39871 -14641 20449
3: 230516 -142805 -3993 20449
3: 231192 -451209 -7436 20449
4: -232804 -142805 15609 20449
1: 233651 142805 -14036 20449
4: -234234 -85683 19965 20449
3: 234256 -7865 83486 20449
3: 234256 -10985 57239 20449
4: -234256 -21593 52728 20449
1: 234256 24167 -39000 20449
2: -234256 24167 -30212 20449
1: 234256 37015 -28561 20449
4: -234256 -48169 28561 20449
2: -234256 53911 -8619 20449
3: 234256 -113737 -2535 20449
3: 235079 -2197 322102 20449
4: -235079 -2197 439230 20449
2: -235079 22627 -32890 20449
4: -237276 -46137 29282 20449
3: 237523 -28561 16698 20449
4: -237523 -28561 41866 20449
3: 239473 -298991 -6292 20449
2: -239473 386837 6292 20449
2: -240669 219615 4394 20449
3: 240911 -587275 -7436 20449
2: -240911 758641 7436 20449
4: -241032 -257049 12342 20449
3: 242242 -358039 -6591 20449
2: -242242 461857 6591 20449
4: -243698 -22627 50193 20449
1: 245388 43923 -25181 20449
1: 245388 85683 -17061 20449
1: 246064 28039 -34606 20449
4: -246064 -36025 34606 20449
1: 247566 46605 -24167 20449
4: -247566 -59787 24167 20449
1: 248261 1331 -559130 20449
2: -248261 1331 -697554 20449
1: 248897 1573 -474552 20449
2: -248897 1573 -588796 20449
3: 248897 -265837 -5642 20449
4: -248897 -265837 11934 20449
3: 250458 -28611 17303 20449
2: -250458 36597 -17303 20449
4: -250458 -72501 21296 20449
1: 254826 428415 -9922 20449
1: 257049 1833 -409948 20449
4: -257049 -2145 444554 20449
1: 257049 3993 -192588 20449
2: -257049 5577 -159720 20449
4: -257049 -7491 133100 20449
1: 257049 8151 -98494 20449
1: 257049 17061 -51304 20449
4: -257049 -19965 55022 20449
1: 257049 34827 -29282 20449
4: -257049 -44265 29282 20449
2: -257049 51909 -9900 20449
3: 257049 -61347 3872 20449
1: 257049 75867 -17842 20449
3: 257049 -262119 -5324 20449
2: -257049 306735 5082 20449
1: 257049 324159 -10406 20449
4: -257049 -412005 10406 20449
3: 257049 -570999 -6844 20449
3: 258401 -14641 42250 20449
4: -258401 -14641 71994 20449
1: 260182 980947 -8788 20449
1: 262812 85683 -16577 20449
1: 263538 3849 -199927 20449
4: -263538 -4863 199927 20449
1: 263538 5577 -140439 20449
4: -263538 -6591 149591 20449
4: -263538 -61347 23153 20449
3: 263538 -85683 691 20449
3: 263538 -550407 -6591 20449
2: -263538 695409 6591 20449
2: -263538 942513 6943 20449
3: 264869 -1183 617188 20449
1: 265837 2197 -344608 20449
2: -265837 2197 -416724 20449
3: 265837 -2197 328878 20449
4: -265837 -2197 432454 20449
1: 265837 14641 -58396 20449
2: -265837 14641 -55848 20449
3: 265837 -14641 42666 20449
4: -265837 -14641 71578 20449
1: 265837 50531 -22506 20449
3: 265837 -50531 6776 20449
2: -265837 63713 -6776 20449
4: -265837 -63713 22506 20449
1: 265837 336743 -10062 20449
3: 265837 -336743 -5668 20449
2: -265837 424589 5668 20449
4: -265837 -424589 10062 20449
3: 266682 -1617 449878 20449
4: -266773 -980947 8788 20449
2: -268034 9317 -92235 20449
4: -268034 -169169 13310 20449
3: 269048 -26257 20449 20449
3: 271414 -199927 -3993 20449
3: 271524 -51909 6591 20449
1: 274186 2093 -362505 20449
4: -275517 -85683 18436 20449
4: -275977 -2101 449878 20449
2: -276848 656903 6138 20449
4: -277574 -142805 14036 20449
3: 278179 -1859 392756 20449
4: -278179 -1859 507000 20449
2: -278179 10985 -77012 20449
1: 278179 585013 -8788 20449
4: -278179 -730015 8788 20449
3: 280709 -28561 18634 20449
4: -280709 -28561 39930 20449
4: -280962 -43923 28561 20449
1: 283413 361911 -9438 20449
4: -283413 -449757 9438 20449
3: 284834 -2197 332332 20449
4: -284834 -2197 429000 20449
1: 286286 14641 -58305 20449
2: -286286 14641 -55939 20449
1: 286286 714025 -8349 20449
4: -286286 -885391 8349 20449
3: 287496 -259545 -4394 20449
2: -290004 6591 -133100 20449
3: 290004 -19773 30613 20449
2: -290004 43923 -13845 20449
3: 290004 -131769 -1534 20449
4: -290004 -151593 13310 20449
4: -291489 -2535 371800 20449
3: 294151 -6655 105456 20449
1: 294151 445885 -8788 20449
4: -294151 -549703 8788 20449
2: -295482 19773 -39611 20449
3: 295581 -428415 -5324 20449
1: 296933 182347 -11154 20449
4: -298454 -73205 19604 20449
1: 300806 1331 -571220 20449
2: -300806 1331 -685464 20449
1: 302172 55539 -20449 20449
4: -303186 -1089 852566 20449
1: 303186 15609 -55055 20449
2: -303186 217503 2662 20449
4: -303468 -10257 96668 20449
2: -304876 278179 3549 20449
3: 305383 -14641 44538 20449
4: -305383 -14641 69706 20449
1: 307461 4575 -171366 20449
4: -307461 -5589 171366 20449
1: 307461 6591 -121030 20449
3: 307461 -26169 21970 20449
1: 307461 27885 -33800 20449
1: 307461 117975 -13182 20449
2: -307461 382239 4394 20449
1: 307461 773175 -7774 20449
4: -307461 -944541 7774 20449
2: -308256 762663 5577 20449
2: -310596 85683 -3993 20449
1: 311454 3993 -195533 20449
4: -311454 -19965 52728 20449
3: 311454 -67881 4394 20449
4: -311454 -85683 17435 20449
3: 311454 -599781 -5456 20449
4: -311817 -336141 9438 20449
1: 314116 86515 -15379 20449
1: 314171 793 -958320 20449
3: 314171 -793 945010 20449
3: 314171 -845 886446 20449
2: -314171 1183 -769318 20449
4: -314171 -1183 782628 20449
1: 314171 3965 -196988 20449
3: 314171 -3965 183678 20449
2: -314171 4823 -183678 20449
4: -314171 -4823 196988 20449
2: -314171 8957 -95832 20449
4: -314171 -8957 109142 20449
1: 314171 10309 -79860 20449
3: 314171 -10309 66550 20449
1: 314171 14641 -58200 20449
2: -314171 14641 -56044 20449
3: 314171 -14641 44890 20449
4: -314171 -14641 69354 20449
1: 314171 51545 -21296 20449
3: 314171 -51545 7986 20449
2: -314171 62699 -7986 20449
4: -314171 -62699 21296 20449
1: 314171 73205 -16964 20449
3: 314171 -73205 3654 20449
2: -314171 102487 -2302 20449
4: -314171 -102487 15612 20449
1: 314171 190333 -10620 20449
2: -314171 190333 1832 20449
3: 314171 -190333 -2690 20449
4: -314171 -190333 11478 20449
2: -314171 775973 5472 20449
4: -314171 -775973 7838 20449
1: 314171 893101 -7500 20449
3: 314171 -893101 -5810 20449
1: 314171 951665 -7448 20449
3: 314171 -951665 -5862 20449
3: 316368 -642873 -5434 20449
1: 320771 28561 -33000 20449
2: -320771 28561 -25564 20449
3: 322102 -1573 474552 20449
4: -322102 -1573 588796 20449
2: -322102 14399 -57122 20449
4: -322102 -41503 28561 20449
4: -322102 -347633 9126 20449
4: -324764 -4225 223080 20449
3: 325156 -2057 361790 20449
3: 325611 -85683 2420 20449
2: -326183 453871 4394 20449
2: -327184 102487 -2535 20449
2: -327184 199927 1815 20449
1: 327353 2197 -351384 20449
2: -327353 2197 -409948 20449
3: 332046 -43923 10985 20449
1: 333476 161051 -10985 20449
1: 335049 257049 -9196 20449
1: 336141 32955 -29282 20449
4: -336648 -35937 31603 20449
1: 336743 854971 -7098 20449
2: -338074 252655 2574 20449
1: 338338 14641 -58123 20449
2: -338338 14641 -56121 20449
3: 342732 -3993 184602 20449
1: 342732 4719 -167464 20449
3: 342732 -5577 130438 20449
1: 342732 43923 -23437 20449
3: 342732 -51909 8569 20449
1: 342732 61347 -18513 20449
1: 342732 570999 -7434 20449
3: 342732 -674817 -4972 20449
3: 347126 -8239 86515 20449
4: -350658 -85683 16577 20449
2: -351384 1263 -714025 20449
3: 351384 -1881 399854 20449
1: 351384 2223 -349323 20449
2: -351384 4719 -186745 20449
4: -351384 -5577 169000 20449
2: -351384 6591 -132015 20449
1: 351384 33759 -28561 20449
3: 351384 -39897 13182 20449
1: 351384 47151 -22139 20449
4: -351384 -180609 10985 20449
2: -351384 213447 1690 20449
1: 351384 268983 -8788 20449
3: 351384 -317889 -3549 20449
1: 351384 375687 -7982 20449
2: -351384 797511 4810 20449
4: -351384 -942513 6915 20449
2: -355914 72501 -6655 20449
2: -355914 243573 2145 20449
2: -356708 3211 -276991 20449
1: 358886 714025 -6897 20449
2: -360074 73205 -6591 20449
3: 360308 -3901 190333 20449
2: -360308 4627 -190333 20449
1: 361306 951665 -6591 20449
4: -363363 -3993 232882 20449
3: 363363 -563013 -4394 20449
2: -363363 666831 4394 20449
1: 366509 102487 -13182 20449
1: 367068 85683 -14641 20449
3: 367356 -1365 555841 20449
3: 368082 -85683 3267 20449
1: 368082 483153 -7267 20449
2: -368687 709423 4394 20449
3: 369096 -801 951665 20449
4: -369096 -3993 232518 20449
2: -369096 6591 -131769 20449
4: -370744 -951665 6591 20449
1: 371293 224939 -9042 20449
2: -371293 224939 1606 20449
3: 371293 -258401 -2662 20449
4: -371349 -6591 143000 20449
3: 373828 -41261 13013 20449
3: 374011 -1331 571220 20449
4: -374011 -1331 685464 20449
1: 375687 3993 -197912 20449
2: -375687 914397 4576 20449
3: 376701 -419265 -3718 20449
4: -377884 -10985 87846 20449
4: -378004 -965 942513 20449
1: 378794 717409 -6591 20449
1: 379093 28561 -32428 20449
2: -379093 28561 -26136 20449
1: 380666 979 -790920 20449
3: 380666 -979 779935 20449
1: 380666 4895 -162578 20449
3: 380666 -4895 151593 20449
2: -380666 5753 -151593 20449
4: -380666 -5753 162578 20449
1: 380666 10769 -76895 20449
3: 380666 -10769 65910 20449
1: 380666 28561 -32415 20449
2: -380666 28561 -26149 20449
3: 380666 -28561 21430 20449
4: -380666 -28561 37134 20449
1: 380666 53845 -19773 20449
3: 380666 -53845 8788 20449
2: -380666 63283 -8788 20449
4: -380666 -63283 19773 20449
1: 380666 142805 -10877 20449
3: 380666 -142805 -108 20449
1: 380666 314171 -7940 20449
2: -380666 314171 2616 20449
3: 380666 -314171 -3045 20449
4: -380666 -314171 8369 20449
1: 382278 4161 -190333 20449
4: -382278 -4887 190333 20449
4: -384813 -85683 15972 20449
1: 388362 67881 -16731 20449
4: -391976 -717409 6591 20449
4: -392418 -43923 25857 20449
2: -393263 20933 -37752 20449
1: 395307 1599 -487734 20449
3: 395307 -4719 158184 20449
1: 395307 14883 -57122 20449
1: 395307 273273 -8112 20449
3: 395307 -861861 -4394 20449
1: 396396 219615 -8788 20449
1: 396638 2197 -356499 20449
2: -396638 2197 -404833 20449
1: 396638 656903 -6446 20449
4: -397969 -6655 140608 20449
2: -399854 1019 -878460 20449
1: 399854 1859 -420596 20449
2: -399854 1859 -479160 20449
3: 399854 -2873 263538 20449
2: -399854 7865 -109263 20449
4: -399854 -13247 73205 20449
1: 399854 14641 -57969 20449
2: -399854 14641 -56275 20449
3: 399854 -22627 28897 20449
3: 399854 -31097 19602 20449
1: 399854 48059 -21296 20449
4: -399854 -56045 21296 20449
4: -399854 -102245 14036 20449
3: 399854 -190333 -1172 20449
4: -399854 -190333 9960 20449
1: 399854 294151 -7854 20449
1: 399854 404261 -7139 20449
3: 399854 -624767 -3993 20449
2: -399854 728585 3993 20449
3: 401962 -28561 21846 20449
4: -401962 -28561 36718 20449
1: 404624 11479 -72501 20449
1: 407286 32955 -28600 20449
3: 408642 -131769 754 20449
1: 409948 1859 -421317 20449
2: -409948 1859 -478439 20449
3: 409948 -81497 4394 20449
2: -409948 94679 -4394 20449
1: 409948 314171 -7563 20449
2: -409948 314171 2239 20449
4: -410839 -41743 26620 20449
4: -410839 -278179 8320 20449
3: 414414 -85683 3993 20449
3: 415272 -3993 188942 20449
2: -416724 3315 -265837 20449
4: -417934 -86515 15379 20449
4: -421824 -131769 11765 20449
1: 421824 797511 -5929 20449
2: -422838 942513 3993 20449
1: 423258 1521 -514943 20449
4: -424589 -1001 900770 20449
3: 424589 -6511 114244 20449
2: -424589 7525 -114244 20449
4: -424589 -9295 101400 20449
4: -424589 -254345 8450 20449
1: 424589 314171 -7394 20449
2: -424589 314171 2070 20449
2: -429913 55939 -11154 20449
1: 432454 2977 -265837 20449
3: 433992 -942513 -3993 20449
3: 435006 -6591 113135 20449
1: 435006 219615 -8346 20449
3: 435006 -955695 -3993 20449
4: -437294 -14641 65910 20449
3: 437657 -476749 -3146 20449
1: 437879 869 -899756 20449
2: -440154 428415 2662 20449
4: -445522 -485537 6534 20449
4: -447216 -3993 228488 20449
1: 448019 28561 -31944 20449
2: -448019 28561 -26620 20449
1: 449878 1331 -590148 20449
2: -449878 1331 -666536 20449
3: 449878 -1331 580853 20449
4: -449878 -1331 675831 20449
1: 449878 28561 -31933 20449
2: -449878 28561 -26631 20449
3: 449878 -28561 22638 20449
4: -449878 -28561 35926 20449
1: 449878 54571 -18928 20449
3: 449878 -54571 9633 20449
2: -449878 62557 -9633 20449
4: -449878 -62557 18928 20449
2: -452582 2299 -383812 20449
1: 453871 90935 -13182 20449
4: -453871 -104117 13182 20449
3: 453871 -142805 854 20449
1: 453871 265837 -7540 20449
2: -453871 265837 1248 20449
1: 455202 3993 -199927 20449
3: 456976 -7865 94622 20449
1: 456976 17303 -49665 20449
2: -456976 17303 -47003 20449
4: -456976 -28457 35937 20449
2: -456976 38599 -18546 20449
2: -456976 53911 -11979 20449
1: 456976 55495 -18634 20449
4: -456976 -63481 18634 20449
3: 456976 -122089 1815 20449
4: -457314 -428415 6655 20449
4: -457864 -10985 85800 20449
4: -459173 -248897 8138 20449
1: 460526 121121 -10985 20449
2: -461857 199927 66 20449
4: -462891 -257049 7986 20449
1: 465764 32791 -28314 20449
3: 467961 -59895 8580 20449
1: 468512 24167 -36803 20449
2: -468512 24167 -32409 20449
2: -468512 26983 -28561 20449
4: -468512 -58201 19773 20449
3: 470158 -2197 351384 20449
4: -470158 -2197 409948 20449
4: -473538 -55539 20449 20449
3: 475046 -28561 22990 20449
4: -475046 -28561 35574 20449
4: -477829 -2665 338338 20449
3: 478946 -641905 -3146 20449
2: -478946 729751 3146 20449
1: 483153 552123 -5746 20449
1: 485537 1573 -502392 20449
2: -485537 1573 -560956 20449
3: 485537 -13013 55902 20449
2: -485537 18029 -45012 20449
4: -485537 -76219 15972 20449
3: 485537 -93049 4114 20449
1: 485537 769769 -5324 20449
4: -485537 -873587 5324 20449
1: 487734 19773 -43923 20449
3: 488917 -485537 -2662 20449
4: -489762 -85683 14641 20449
3: 490776 -131769 1690 20449
3: 490776 -257049 -1210 20449
4: -491139 -12675 74360 20449
1: 492128 60071 -17303 20449
4: -492128 -68057 17303 20449
1: 496522 1331 -593736 20449
2: -496522 1331 -662948 20449
1: 497794 1573 -503113 20449
2: -497794 1573 -560235 20449
3: 497794 -13013 56108 20449
3: 497794 -14339 50531 20449
3: 497794 -265837 -1248 20449
4: -497794 -265837 7540 20449
3: 500916 -72501 6655 20449
3: 504634 -869 899756 20449
3: 505076 -73205 6591 20449
2: -507507 6591 -130438 20449
3: 507507 -395307 -2132 20449
1: 508442 25181 -35321 20449
2: -509704 6655 -129129 20449
3: 511901 -10285 72358 20449
4: -514098 -921 966306 20449
4: -514098 -2541 352836 20449
2: -514098 3993 -217877 20449
1: 514098 5577 -145079 20449
2: -514098 39039 -18634 20449
1: 514098 51909 -19217 20449
4: -514098 -61347 18513 20449
1: 514098 74373 -14641 20449
4: -514098 -83811 14641 20449
2: -514098 131703 -2662 20449
2: -514098 363363 1628 20449
4: -514098 -570999 5619 20449
1: 514098 692241 -5203 20449
4: -514098 -780087 5203 20449
1: 514371 43923 -21970 20449
3: 516802 -14641 49686 20449
4: -516802 -14641 64558 20449
3: 517759 -14027 52052 20449
2: -519574 1105 -797511 20449
3: 520421 -6655 114244 20449
1: 527076 2535 -314678 20449
4: -527076 -3549 253331 20449
2: -527076 14487 -57122 20449
3: 527076 -21333 32955 20449
1: 527076 23595 -37349 20449
4: -527076 -33033 30758 20449
4: -527076 -222573 7943 20449
3: 527076 -362505 -1794 20449
2: -527076 507507 2223 20449
2: -530222 160381 -1573 20449
1: 531674 2197 -362637 20449
2: -531674 2197 -398695 20449
3: 531674 -2197 354772 20449
4: -531674 -2197 406560 20449
2: -531674 10985 -76593 20449
4: -531674 -10985 84458 20449
1: 531674 14641 -57759 20449
3: 531674 -14641 49894 20449
1: 531674 15379 -55176 20449
3: 531674 -15379 47311 20449
1: 531674 102487 -11622 20449
3: 531674 -102487 3757 20449
1: 531674 107653 -11253 20449
3: 531674 -107653 3388 20449
2: -531674 161051 -1560 20449
4: -531674 -161051 9425 20449
1: 531674 717409 -5031 20449
3: 531674 -717409 -2834 20449
2: -531674 805255 2834 20449
4: -531674 -805255 5031 20449
4: -536744 -525745 5577 20449
3: 537724 -83317 5577 20449
3: 542659 -1859 420596 20449
4: -542659 -1859 479160 20449
4: -542659 -3835 234256 20449
2: -542659 36179 -20570 20449
3: 542659 -66649 7986 20449
2: -542659 74635 -7986 20449
3: 542659 -97163 4268 20449
4: -542659 -213785 7986 20449
2: -542659 863819 2830 20449
3: 543048 -1521 514943 20449
3: 544379 -15379 47476 20449
1: 548251 318565 -6292 20449
3: 551034 -85683 5423 20449
3: 552123 -43923 14196 20449
1: 552266 142805 -9317 20449
3: 553696 -46585 13182 20449
3: 556358 -1859 421317 20449
4: -556358 -1859 478439 20449
2: -556358 4069 -213109 20449
2: -556358 633919 2366 20449
4: -559728 -67881 16731 20449
3: 561418 -28561 23958 20449
3: 562432 -749177 -2662 20449
1: 563013 212433 -7436 20449
4: -564344 -121121 10985 20449
1: 566826 1485 -536393 20449
1: 566826 767745 -4719 20449
4: -566826 -855591 4719 20449
1: 567006 257049 -6765 20449
2: -568854 219615 -338 20449
3: 569668 -2197 356499 20449
4: -569668 -2197 404833 20449
4: -570999 -1089 812890 20449
4: -570999 -1683 527280 20449
2: -570999 5445 -158184 20449
3: 570999 -7557 101062 20449
2: -570999 8415 -101062 20449
2: -570999 18513 -43940 20449
1: 570999 83127 -13182 20449
1: 570999 85683 -12898 20449
4: -570999 -92565 13182 20449
4: -570999 -257049 7090 20449
3: 570999 -942513 -2822 20449
2: -577811 4169 -207636 20449
1: 580008 6591 -123783 20449
1: 588302 943679 -4394 20449
1: 590993 25289 -34892 20449
4: -592174 -318565 6292 20449
1: 593021 161051 -8450 20449
1: 596739 307461 -6084 20449
3: 599781 -1347 585640 20449
3: 599781 -3993 195250 20449
4: -599781 -14157 65582 20449
1: 599781 27885 -31944 20449
3: 599781 -674817 -2310 20449
3: 599781 -963105 -2662 20449
1: 600281 1183 -674310 20449
1: 600281 14795 -57122 20449
1: 600281 500071 -5070 20449
1: 601612 1331 -599781 20449
2: -601612 1331 -656903 20449
1: 602316 428415 -5324 20449
2: -606936 155727 -2197 20449
2: -607893 43923 -16562 20449
4: -609598 -3211 276991 20449
3: 610766 -14641 50830 20449
4: -610766 -14641 63414 20449
3: 612963 -6591 117128 20449
3: 614922 -4329 180154 20449
2: -614922 6591 -129818 20449
1: 614922 9657 -85683 20449
4: -614922 -10671 85683 20449
3: 614922 -14157 52728 20449
1: 614922 31581 -28561 20449
3: 614922 -731601 -2314 20449
3: 617357 -1331 593736 20449
4: -617357 -1331 662948 20449
3: 618068 -160381 1573 20449
4: -622424 -1105 797511 20449
3: 623948 -248897 -156 20449
4: -625482 -834537 4394 20449
1: 628342 8359 -98494 20449
3: 628342 -8359 91839 20449
2: -628342 9217 -91839 20449
4: -628342 -9217 98494 20449
1: 628342 14641 -57661 20449
2: -628342 14641 -56583 20449
3: 628342 -14641 51006 20449
4: -628342 -14641 63238 20449
1: 628342 108667 -10648 20449
3: 628342 -108667 3993 20449
2: -628342 119821 -3993 20449
4: -628342 -119821 10648 20449
1: 628342 190333 -7507 20449
2: -628342 190333 -1281 20449
3: 628342 -190333 852 20449
4: -628342 -190333 7936 20449
3: 629563 -2299 342732 20449
4: -629563 -199927 7708 20449
2: -630032 102487 -5239 20449
1: 631046 192995 -7436 20449
3: 640211 -142805 2310 20449
2: -641524 5203 -165165 20449
2: -641524 120835 -3993 20449
1: 641542 28561 -31141 20449
2: -641542 28561 -27423 20449
3: 644204 -1573 503113 20449
4: -644204 -1573 560235 20449
4: -644204 -762905 4394 20449
2: -647608 3839 -224939 20449
4: -651222 -85683 13431 20449
4: -652509 -43923 23140 20449
1: 654706 2197 -366025 20449
2: -654706 2197 -395307 20449
1: 654706 127655 -9438 20449
4: -656084 -142805 9317 20449
2: -656903 1027 -849178 20449
3: 656903 -190333 1006 20449
4: -656903 -190333 7782 20449
4: -657514 -46585 21970 20449
4: -661297 -2299 383812 20449
1: 664169 640211 -4394 20449
1: 666198 3597 -224939 20449
3: 668162 -564629 -1716 20449
1: 673486 935 -856830 20449
1: 673486 1625 -494325 20449
1: 673486 26741 -32955 20449
1: 673486 46475 -20280 20449
3: 673486 -186745 1170 20449
4: -673486 -210067 7267 20449
4: -674817 -3993 222066 20449
3: 674817 -11979 63544 20449
3: 674817 -83853 6422 20449
2: -674817 85683 -7106 20449
2: -674817 91839 -6422 20449
1: 674817 257049 -6204 20449
1: 679173 771147 -4114 20449
2: -685464 975 -893101 20449
2: -685464 1695 -512435 20449
1: 685464 2079 -387321 20449
3: 685464 -2457 322102 20449
4: -685464 -3993 221870 20449
2: -685464 4719 -182105 20449
4: -685464 -5577 159720 20449
3: 685464 -12177 62557 20449
1: 685464 14391 -58564 20449
4: -685464 -99825 11803 20449
2: -685464 117975 -4356 20449
4: -685464 -139425 9317 20449
2: -685464 205095 -1210 20449
4: -685464 -242385 6655 20449
1: 685464 251559 -6226 20449
3: 685464 -297297 -363 20449
1: 685464 351351 -5324 20449
2: -685464 570999 1520 20449
4: -685464 -674817 4345 20449
4: -686796 -388869 5291 20449
4: -688127 -1417 619554 20449
3: 691548 -131769 3042 20449
3: 698646 -1023 778635 20449
1: 698646 19965 -43043 20449
3: 702768 -5577 140439 20449
1: 702768 20631 -41743 20449
2: -702768 42471 -17576 20449
2: -702768 59319 -11739 20449
3: 702768 -108537 4394 20449
3: 702768 -151593 2301 20449
1: 702768 797511 -3978 20449
3: 709544 -2977 265837 20449
3: 710754 -155727 2197 20449
4: -710996 -600281 4394 20449
4: -716729 -192995 7436 20449
3: 717409 -24167 30212 20449
4: -717409 -24167 39000 20449
1: 718419 43923 -21138 20449
4: -721402 -885391 3883 20449
2: -722733 85683 -7282 20449
4: -725274 -3315 265837 20449
3: 726726 -3993 197730 20449
2: -729404 4235 -202917 20449
3: 738192 -3993 197912 20449
1: 738881 512435 -4394 20449
1: 742586 224939 -6380 20449
2: -742586 224939 -1056 20449
3: 742698 -6591 118833 20449
1: 746691 6435 -127426 20449
1: 746691 257049 -5920 20449
1: 747994 869143 -3718 20449
3: 748022 -1331 599781 20449
4: -748022 -1331 656903 20449
4: -750684 -311805 5577 20449
2: -751374 3993 -215215 20449
1: 758186 28561 -30855 20449
2: -758186 28561 -27709 20449
3: 761332 -929 861224 20449
2: -761332 1007 -861224 20449
2: -761332 2299 -375687 20449
4: -761332 -6413 138411 20449
1: 761332 10219 -81289 20449
4: -761332 -11077 81289 20449
3: 761332 -28561 25356 20449
4: -761332 -28561 33208 20449
3: 761332 -112409 4394 20449
2: -761332 121847 -4394 20449
1: 761332 314171 -5301 20449
2: -761332 314171 -23 20449
2: -761332 542659 1143 20449
3: 769626 -85683 6655 20449
1: 771147 4191 -194326 20449
3: 771147 -4719 167464 20449
3: 771147 -43923 15572 20449
4: -775973 -2189 399854 20449
3: 775973 -16393 46306 20449
1: 778921 336743 -5070 20449
2: -781418 885391 1694 20449
4: -783354 -257049 6050 20449
3: 786526 -120835 3993 20449
4: -786621 -9243 96668 20449
3: 790614 -1749 456976 20449
4: -790614 -4719 186745 20449
2: -790614 5973 -142805 20449
4: -790614 -27885 33800 20449
1: 790614 33891 -26364 20449
2: -790614 35295 -21970 20449
4: -790614 -164775 7917 20449
1: 793936 199927 -6655 20449
2: -794469 922383 1690 20449
2: -795314 47311 -15730 20449
1: 797511 6591 -124630 20449
3: 797511 -32955 21780 20449
1: 797511 43923 -20930 20449
1: 797511 164775 -7502 20449
4: -797511 -177957 7502 20449
3: 797511 -219615 1040 20449
1: 799708 1859 -435237 20449
2: -799708 1859 -464519 20449
1: 799708 6227 -131769 20449
1: 799708 29887 -29524 20449
4: -799708 -41261 23661 20449
1: 799708 100111 -10648 20449
4: -799708 -108097 10648 20449
3: 799708 -190333 1611 20449
4: -799708 -190333 7177 20449
4: -799708 -498641 4356 20449
3: 799708 -637549 -1353 20449
3: 801398 -102487 5239 20449
3: 803924 -28561 25564 20449
4: -803924 -28561 33000 20449
4: -819533 -656903 3872 20449
4: -819896 -2873 304538 20449
3: 819896 -169585 2197 20449
2: -819896 182767 -2197 20449
4: -819896 -485537 4337 20449
1: 827398 1013 -797511 20449
4: -827398 -1091 797511 20449
2: -828269 6655 -127798 20449
4: -828269 -9295 95832 20449
1: 828269 9439 -87846 20449
4: -828269 -10165 87846 20449
3: 828269 -224939 1056 20449
4: -828269 -224939 6380 20449
4: -828269 -245993 6050 20449
4: -830544 -3993 219700 20449
3: 830544 -257049 616 20449
1: 834522 131769 -8619 20449
4: -834537 -26559 35152 20449
3: 834537 -72501 8606 20449
1: 834537 678873 -3692 20449
1: 839861 54925 -17160 20449
1: 846516 5655 -145002 20449
3: 847847 -1039 773344 20449
2: -847847 1117 -773344 20449
1: 849178 913 -885391 20449
3: 849178 -13529 57122 20449
2: -849178 14543 -57122 20449
1: 849178 314171 -5028 20449
2: -849178 314171 -296 20449
1: 850408 1199 -674817 20449
1: 854139 85683 -11858 20449
2: -862488 27951 -28561 20449
1: 866294 899 -899756 20449
4: -866294 -965 899756 20449
2: -870012 112047 -5324 20449
4: -870012 -125229 9317 20449
3: 870012 -307461 221 20449
3: 874588 -14641 52728 20449
4: -874588 -14641 61516 20449
2: -883194 2541 -338195 20449
3: 885391 -1445 556358 20449
3: 885391 -4235 188276 20449
1: 885391 14365 -58564 20449
3: 885391 -26741 27830 20449
4: -885391 -49247 19932 20449
2: -885391 460889 484 20449
3: 885391 -791945 -1342 20449
4: -890439 -32955 28600 20449
4: -891982 -7381 119548 20449
2: -891982 238249 -1287 20449
1: 893101 2851 -285610 20449
3: 894432 -3993 199927 20449
1: 896038 28561 -30613 20449
2: -896038 28561 -27951 20449
4: -897754 -199927 6655 20449
4: -898573 -15379 58564 20449
1: 899756 1331 -609245 20449
2: -899756 1331 -647439 20449
1: 899756 6655 -123708 20449
4: -899756 -9317 95147 20449
1: 899756 22627 -38025 20449
3: 899756 -28561 25960 20449
1: 899756 113135 -9464 20449
3: 899756 -142805 3333 20449
4: -899756 -371293 4653 20449
3: 899756 -485537 -660 20449
1: 907742 35321 -25181 20449
1: 907742 188461 -6591 20449
4: -907742 -201643 6591 20449
1: 907742 265837 -5343 20449
2: -907742 265837 -949 20449
2: -910404 915 -942513 20449
4: -913952 -20761 43923 20449
1: 913952 114983 -9317 20449
4: -913952 -122969 9317 20449
2: -913952 143143 -3751 20449
1: 918346 10985 -75867 20449
1: 922383 14739 -57122 20449
4: -922383 -15753 57122 20449
4: -922383 -85683 12352 20449
1: 922383 123981 -8788 20449
1: 936936 219615 -5915 20449
4: -937024 -7865 112047 20449
2: -937024 65351 -10985 20449
3: 937024 -392249 -169 20449
3: 940316 -2197 366025 20449
4: -940316 -2197 395307 20449
3: 942513 -981 822558 20449
2: -942513 1047 -822558 20449
3: 942513 -1521 529738 20449
3: 942513 -12753 61226 20449
2: -942513 13611 -61226 20449
2: -942513 43923 -17442 20449
3: 942513 -131769 3922 20449
3: 942513 -165789 2662 20449
2: -942513 176943 -2662 20449
2: -942513 570999 706 20449
1: 947672 8567 -96668 20449
2: -949104 1815 -473473 20449
3: 950092 -28561 26136 20449
4: -950092 -28561 32428 20449
1: 961103 371293 -4356 20449
3: 968968 -1193 676676 20449
2: -968968 1271 -676676 20449
1: 971074 1573 -517033 20449
2: -971074 1573 -546315 20449
4: -971074 -2371 366025 20449
1: 971074 4667 -175692 20449
4: -971074 -6655 131791 20449
1: 971074 536393 -3663 20449
3: 973271 -30613 24310 20449
4: -976482 -547041 3718 20449
1: 980947 1469 -553644 20449
3: 980947 -13673 57122 20449
1: 993044 1331 -611039 20449
2: -993044 1331 -645645 20449
3: 994136 -714025 -968 20449
3: 995588 -5057 158184 20449
3: 995588 -265837 949 20449
4: -995588 -265837 5343 20449
