Command line:- ../do_t 6517 1000000
1: 19 3871 91238 6517
2: -42 4845 957999 6517
1: 57 4557 -547428 6517
2: -76 5831 905863 6517
1: 78 5985 -957999 6517
1: 87 3249 470596 6517
2: -98 4693 343343 6517
1: 112 3971 -50421 6517
1: 114 3087 469224 6517
1: 114 3249 352947 6517
2: -114 7203 839762 6517
2: -114 7581 890771 6517
1: 138 7581 -756315 6517
2: -144 2499 -866761 6517
2: -152 6859 588245 6517
1: 152 7091 -638666 6517
1: 164 2303 866761 6517
1: 188 16807 -871815 6517
2: -188 16807 861707 6517
2: -196 3971 -4802 6517
1: 196 8303 -583443 6517
2: -208 64771 957999 6517
1: 209 2401 603288 6517
2: -209 2401 -674044 6517
1: 217 985891 -974806 6517
2: -218 241661 957999 6517
4: -219 -159201 994014 6517
2: -222 86583 912380 6517
2: -227 88445 893172 6517
1: 228 7203 -437570 6517
1: 228 53067 -864360 6517
1: 228 68943 -879795 6517
4: -228 -194481 950551 6517
3: 228 -252105 -945497 6517
1: 228 352947 -921310 6517
3: 228 -362805 -941192 6517
4: -228 -380133 941192 6517
1: 228 507927 -924385 6517
3: 238 -51775 -957999 6517
4: -238 -54359 957999 6517
1: 242 319333 -867027 6517
2: -242 319333 866495 6517
3: 243 -86583 -912380 6517
1: 244 934087 -866761 6517
2: -244 981911 866761 6517
3: 246 -933891 -866761 6517
4: -246 -982107 866761 6517
1: 247 2527 436982 6517
2: -247 2527 -504210 6517
1: 247 2891 273714 6517
1: 247 21299 -705894 6517
1: 247 285719 -848274 6517
4: -247 -588245 865602 6517
3: 248 -88445 -893172 6517
3: 248 -319333 -866495 6517
4: -248 -319333 867027 6517
2: -252 5415 218491 6517
1: 262 345401 -801591 6517
1: 264 53067 -746711 6517
4: -264 -192717 821142 6517
1: 266 3971 -33614 6517
1: 266 4693 -151263 6517
1: 266 51623 -739508 6517
3: 266 -51623 -857157 6517
2: -266 54511 739508 6517
4: -266 -54511 857157 6517
1: 266 117649 -772521 6517
2: -266 117649 771077 6517
3: 266 -117649 -824144 6517
4: -266 -117649 825588 6517
4: -268 -345401 801591 6517
1: 272 78547 -742938 6517
2: -277 1805 -941192 6517
1: 282 371469 -745339 6517
2: -284 627347 742938 6517
1: 288 23667 -619115 6517
4: -288 -371469 745339 6517
2: -292 84035 692398 6517
3: 294 -139707 -741909 6517
4: -294 -148371 741909 6517
2: -294 352947 714058 6517
1: 297 35511 -638666 6517
1: 298 402515 -705894 6517
1: 298 535423 -707560 6517
1: 299 622003 -705894 6517
3: 302 -16807 -861707 6517
4: -302 -16807 871815 6517
1: 304 6979 -319333 6517
2: -304 7427 319333 6517
1: 304 341971 -690802 6517
3: 304 -359917 -705894 6517
2: -304 363923 690802 6517
4: -304 -383021 705894 6517
4: -306 -53067 746711 6517
3: 306 -352947 -701423 6517
4: -307 -196745 705894 6517
1: 308 51395 -638666 6517
2: -308 54739 638666 6517
4: -312 -751317 684285 6517
1: 318 352947 -660630 6517
4: -322 -208297 672280 6517
3: 323 -9751 -912380 6517
3: 323 -341285 -664734 6517
4: -323 -364609 664734 6517
1: 328 12635 -453789 6517
2: -328 26411 548359 6517
1: 331 866761 -638764 6517
2: -331 866761 638568 6517
3: 332 -36461 -705894 6517
4: -332 -588245 644024 6517
3: 334 -866761 -638568 6517
4: -334 -866761 638764 6517
2: -336 9747 369754 6517
1: 336 352947 -625252 6517
1: 338 258965 -619115 6517
2: -339 50421 576156 6517
3: 342 -6951 -957999 6517
4: -342 -7455 957999 6517
2: -342 36015 551152 6517
2: -342 37905 554631 6517
3: 342 -50421 -667394 6517
3: 342 -53067 -665077 6517
2: -342 73059 586530 6517
2: -342 76893 588245 6517
4: -342 -352947 628045 6517
4: -342 -371469 627690 6517
1: 343 1805 675024 6517
1: 343 3971 -30870 6517
1: 343 19855 -501466 6517
3: 343 -19855 -736764 6517
2: -343 21299 501466 6517
4: -343 -21299 736764 6517
1: 343 117649 -599260 6517
2: -343 117649 597816 6517
3: 343 -117649 -638970 6517
4: -343 -117649 640414 6517
1: 343 588245 -615144 6517
3: 343 -588245 -623086 6517
3: 354 -554631 -603953 6517
3: 357 -51129 -638666 6517
4: -357 -55005 638666 6517
2: -361 1843 -705894 6517
1: 361 2401 334376 6517
2: -361 2401 -405132 6517
2: -361 3773 -43904 6517
2: -361 4753 86436 6517
1: 361 6517 -248332 6517
2: -361 6517 222264 6517
3: 361 -6517 -928158 6517
4: -361 -6517 954226 6517
1: 361 6937 -268912 6517
3: 361 -6937 -907578 6517
2: -361 7469 268912 6517
4: -361 -7469 907578 6517
2: -361 10241 355348 6517
2: -361 12901 403368 6517
4: -361 -12901 773122 6517
1: 361 16807 -456442 6517
2: -361 16807 446334 6517
3: 361 -16807 -720048 6517
4: -361 -16807 730156 6517
1: 361 18829 -470596 6517
3: 361 -18829 -705894 6517
2: -361 20273 470596 6517
4: -361 -20273 705894 6517
2: -361 26411 497938 6517
4: -361 -26411 678552 6517
2: -361 33271 516558 6517
4: -361 -33271 659932 6517
1: 361 45619 -539686 6517
2: -361 45619 535962 6517
1: 361 48559 -542626 6517
3: 361 -48559 -633864 6517
2: -361 52283 542626 6517
4: -361 -52283 633864 6517
2: -361 71687 554974 6517
4: -361 -71687 621516 6517
2: -361 90307 561834 6517
4: -361 -90307 614656 6517
1: 361 117649 -569416 6517
2: -361 117649 567972 6517
3: 361 -117649 -607074 6517
4: -361 -117649 608518 6517
1: 361 131803 -571438 6517
3: 361 -131803 -605052 6517
2: -361 141911 571438 6517
4: -361 -141911 605052 6517
2: -361 184877 575344 6517
4: -361 -184877 601146 6517
2: -361 232897 578004 6517
4: -361 -232897 598486 6517
1: 361 319333 -581308 6517
2: -361 319333 580776 6517
3: 361 -319333 -595182 6517
4: -361 -319333 595714 6517
1: 361 339913 -581728 6517
3: 361 -339913 -594762 6517
2: -361 365981 581728 6517
4: -361 -365981 594762 6517
2: -361 501809 583492 6517
4: -361 -501809 592998 6517
2: -361 632149 584472 6517
4: -361 -632149 592018 6517
1: 361 922621 -585844 6517
3: 361 -922621 -590646 6517
2: -361 993377 585844 6517
4: -361 -993377 590646 6517
2: -366 957999 577752 6517
3: 368 -35245 -638666 6517
3: 369 -957999 -577752 6517
4: -372 -5985 957999 6517
4: -372 -133209 588245 6517
2: -377 144305 547428 6517
3: 392 -7277 -821142 6517
4: -392 -7885 821142 6517
2: -392 29963 468195 6517
4: -392 -588245 545471 6517
3: 396 -50421 -576156 6517
3: 398 -144305 -547428 6517
3: 398 -924385 -535724 6517
2: -399 3249 -134456 6517
3: 399 -50901 -571438 6517
4: -399 -55233 571438 6517
1: 399 352947 -526566 6517
4: -402 -23667 619115 6517
1: 406 966397 -521017 6517
1: 413 193135 -504210 6517
1: 418 2401 283955 6517
2: -418 2401 -354711 6517
2: -418 9947 299782 6517
4: -418 -10469 705894 6517
4: -418 -12691 671251 6517
2: -418 13357 352947 6517
3: 418 -48265 -547428 6517
4: -418 -52577 547428 6517
3: 418 -472997 -512050 6517
1: 418 497819 -504210 6517
4: -432 -7581 756315 6517
4: -433 -411943 495292 6517
1: 434 963509 -487403 6517
2: -437 2107 -456190 6517
4: -437 -9025 705894 6517
4: -437 -108661 504210 6517
1: 437 123823 -471282 6517
2: -437 123823 469910 6517
3: 441 -7239 -729904 6517
4: -441 -7923 729904 6517
3: 441 -137541 -494606 6517
4: -441 -150537 494606 6517
3: 441 -352947 -486628 6517
3: 442 -26411 -548359 6517
3: 443 -117649 -494570 6517
4: -443 -117649 496014 6517
1: 448 1235 957999 6517
2: -449 27797 403368 6517
2: -454 689087 464968 6517
2: -456 7203 201096 6517
3: 456 -48069 -501809 6517
4: -456 -52773 501809 6517
2: -456 53067 429779 6517
2: -456 352947 460294 6517
3: 456 -354141 -470596 6517
4: -456 -388797 470596 6517
2: -458 506611 459914 6517
4: -462 -42237 504210 6517
1: 463 693595 -456190 6517
1: 468 36015 -406847 6517
2: -472 619115 446929 6517
3: 478 -619115 -446929 6517
3: 489 -44403 -470596 6517
1: 494 2527 201684 6517
2: -494 2527 -268912 6517
2: -504 96387 403368 6517
2: -508 17423 319333 6517
3: 513 -6825 -638666 6517
3: 513 -27075 -470596 6517
1: 513 66885 -391020 6517
1: 513 265335 -408170 6517
3: 513 -655473 -416290 6517
4: -518 -62453 436982 6517
1: 528 17955 -319333 6517
2: -532 11191 252105 6517
1: 532 50179 -369754 6517
2: -532 55955 369754 6517
3: 532 -117649 -411711 6517
4: -532 -117649 413155 6517
4: -532 -588245 401964 6517
3: 539 -10469 -533022 6517
1: 541 406847 -388962 6517
3: 551 -17689 -465794 6517
4: -551 -17689 475398 6517
4: -553 -81947 403368 6517
4: -562 -420175 381577 6517
2: -564 66063 352947 6517
1: 564 274743 -371469 6517
4: -566 -4693 705894 6517
1: 572 216923 -364952 6517
4: -582 -36015 406847 6517
2: -586 6137 117649 6517
1: 588 1083 864360 6517
3: 588 -7125 -547428 6517
4: -588 -8037 547428 6517
1: 588 27075 -312130 6517
1: 588 352947 -357390 6517
2: -592 258115 352947 6517
4: -593 -216923 364952 6517
3: 596 -27797 -403368 6517
2: -603 902139 350546 6517
1: 608 1715 397537 6517
1: 608 330995 -345401 6517
3: 608 -348365 -352947 6517
2: -608 374899 345401 6517
4: -608 -394573 352947 6517
1: 612 801591 -345401 6517
1: 616 49723 -319333 6517
2: -616 56411 319333 6517
4: -618 -801591 345401 6517
4: -622 -12635 453789 6517
4: -627 -5145 612598 6517
3: 627 -47187 -364952 6517
2: -627 53067 312130 6517
4: -627 -53655 364952 6517
2: -627 553413 336140 6517
4: -632 -39445 371469 6517
3: 634 -2303 -866761 6517
2: -636 352947 329954 6517
1: 636 477603 -331338 6517
2: -637 30685 288120 6517
4: -637 -588245 335730 6517
3: 646 -329623 -332367 6517
4: -646 -376271 332367 6517
1: 646 548359 -326536 6517
1: 651 1083 773122 6517
4: -654 -2499 866761 6517
3: 658 -1805 -974806 6517
1: 662 866761 -319431 6517
2: -662 866761 319235 6517
3: 668 -866761 -319235 6517
4: -668 -866761 319431 6517
1: 669 14079 -235298 6517
2: -672 352947 312265 6517
1: 678 50421 -290605 6517
1: 684 4263 -45619 6517
4: -684 -50421 336224 6517
3: 684 -371469 -313502 6517
1: 684 554631 -308427 6517
1: 686 1007 808108 6517
2: -686 1159 -808108 6517
1: 686 19133 -250733 6517
3: 686 -19133 -368382 6517
2: -686 22021 250733 6517
4: -686 -22021 368382 6517
1: 686 117649 -299991 6517
2: -686 117649 298547 6517
3: 686 -117649 -319124 6517
4: -686 -117649 320568 6517
1: 693 5415 -100842 6517
2: -702 265335 297724 6517
1: 703 17689 -240100 6517
2: -703 17689 230496 6517
1: 708 22743 -252105 6517
3: 714 -49191 -319333 6517
4: -714 -56943 319333 6517
3: 719 -149093 -302526 6517
1: 721 4693 -67228 6517
1: 722 931 849954 6517
1: 722 953 823543 6517
2: -722 1105 -823543 6517
2: -722 1235 -705894 6517
2: -722 1547 -504210 6517
2: -722 1615 -470596 6517
2: -722 1715 -426006 6517
2: -722 1729 -420175 6517
2: -722 2261 -252105 6517
4: -722 -2261 840350 6517
1: 722 2401 149499 6517
2: -722 2401 -220255 6517
3: 722 -2401 -737744 6517
4: -722 -2401 808500 6517
2: -722 3185 -93639 6517
4: -722 -3185 681884 6517
2: -722 4165 -2401 6517
4: -722 -4165 590646 6517
4: -722 -4199 588245 6517
2: -722 4459 17150 6517
4: -722 -4459 571095 6517
2: -722 4655 28812 6517
4: -722 -4655 559433 6517
2: -722 5831 82320 6517
4: -722 -5831 505925 6517
1: 722 6517 -130683 6517
2: -722 6517 104615 6517
3: 722 -6517 -457562 6517
4: -722 -6517 483630 6517
1: 722 6671 -134456 6517
3: 722 -6671 -453789 6517
2: -722 7735 134456 6517
4: -722 -7735 453789 6517
2: -722 8645 151263 6517
4: -722 -8645 436982 6517
2: -722 10829 180075 6517
4: -722 -10829 408170 6517
2: -722 11305 184877 6517
4: -722 -11305 403368 6517
2: -722 12005 191247 6517
4: -722 -12005 396998 6517
2: -722 12103 192080 6517
4: -722 -12103 396165 6517
2: -722 15827 216090 6517
4: -722 -15827 372155 6517
1: 722 16807 -230748 6517
2: -722 16807 220640 6517
3: 722 -16807 -357497 6517
4: -722 -16807 367605 6517
1: 722 18107 -235298 6517
3: 722 -18107 -352947 6517
2: -722 20995 235298 6517
4: -722 -20995 352947 6517
2: -722 22295 238728 6517
4: -722 -22295 349517 6517
2: -722 29155 251762 6517
4: -722 -29155 336483 6517
2: -722 29393 252105 6517
4: -722 -29393 336140 6517
2: -722 31213 254555 6517
4: -722 -31213 333690 6517
2: -722 32585 256221 6517
4: -722 -32585 332024 6517
2: -722 40817 263865 6517
4: -722 -40817 324380 6517
1: 722 45619 -270774 6517
2: -722 45619 267050 6517
1: 722 46697 -271313 6517
3: 722 -46697 -316932 6517
2: -722 54145 271313 6517
4: -722 -54145 316932 6517
4: -722 -60515 314531 6517
2: -722 75803 277830 6517
4: -722 -75803 310415 6517
2: -722 79135 278516 6517
4: -722 -79135 309729 6517
2: -722 84035 279426 6517
4: -722 -84035 308819 6517
2: -722 84721 279545 6517
4: -722 -84721 308700 6517
2: -722 110789 282975 6517
4: -722 -110789 305270 6517
1: 722 117649 -285069 6517
2: -722 117649 283625 6517
3: 722 -117649 -303176 6517
4: -722 -117649 304620 6517
1: 722 126749 -285719 6517
3: 722 -126749 -302526 6517
2: -722 146965 285719 6517
4: -722 -146965 302526 6517
2: -722 156065 286209 6517
4: -722 -156065 302036 6517
2: -722 204085 288071 6517
4: -722 -204085 300174 6517
2: -722 205751 288120 6517
4: -722 -205751 300125 6517
2: -722 218491 288470 6517
4: -722 -218491 299775 6517
2: -722 228095 288708 6517
4: -722 -228095 299537 6517
2: -722 285719 289800 6517
4: -722 -285719 298445 6517
1: 722 319333 -290787 6517
2: -722 319333 290255 6517
3: 722 -319333 -297458 6517
4: -722 -319333 297990 6517
1: 722 326879 -290864 6517
3: 722 -326879 -297381 6517
2: -722 379015 290864 6517
4: -722 -379015 297381 6517
2: -722 423605 291207 6517
4: -722 -423605 297038 6517
2: -722 530621 291795 6517
4: -722 -530621 296450 6517
2: -722 553945 291893 6517
4: -722 -553945 296352 6517
2: -722 588245 292023 6517
4: -722 -588245 296222 6517
2: -722 593047 292040 6517
4: -722 -593047 296205 6517
2: -722 775523 292530 6517
4: -722 -775523 295715 6517
1: 722 887243 -292922 6517
3: 722 -887243 -295323 6517
3: 723 -265335 -297724 6517
1: 724 103243 -283024 6517
3: 728 -588245 -293493 6517
1: 732 957999 -289009 6517
4: -738 -957999 289009 6517
2: -741 9261 156408 6517
2: -741 68229 268912 6517
2: -744 1083 -823543 6517
1: 748 55223 -265335 6517
4: -752 -1805 941192 6517
2: -762 27075 235298 6517
1: 771 578151 -273714 6517
2: -779 26411 229026 6517
4: -779 -194579 278516 6517
4: -781 -103243 283024 6517
3: 784 -6973 -410571 6517
4: -784 -8189 410571 6517
4: -792 -50421 290605 6517
2: -798 1083 -773122 6517
1: 798 9747 -168070 6517
3: 798 -48735 -285719 6517
4: -798 -57399 285719 6517
2: -798 352947 262922 6517
3: 802 -17423 -319333 6517
3: 817 -7889 -377986 6517
3: 817 -103607 -268912 6517
4: -822 -17955 319333 6517
1: 829 117649 -248368 6517
2: -829 117649 246924 6517
3: 833 -1387 -912380 6517
3: 836 -46109 -273714 6517
4: -836 -54733 273714 6517
1: 838 694925 -252105 6517
2: -842 234955 247646 6517
1: 851 470939 -247646 6517
4: -862 -55223 265335 6517
3: 864 -470253 -247646 6517
4: -873 -235641 247646 6517
3: 874 -2401 -603288 6517
4: -874 -2401 674044 6517
1: 874 123823 -235984 6517
2: -874 991613 241927 6517
3: 882 -6897 -364952 6517
4: -882 -8265 364952 6517
3: 882 -131043 -247303 6517
4: -882 -157035 247303 6517
4: -882 -352947 243675 6517
3: 886 -117649 -246924 6517
4: -886 -117649 248368 6517
3: 893 -1805 -705894 6517
1: 893 16807 -187530 6517
2: -893 16807 177422 6517
1: 893 337535 -235298 6517
2: -893 405403 235298 6517
4: -912 -2205 684285 6517
1: 912 7203 -118237 6517
4: -912 -108045 242060 6517
3: 912 -336813 -235298 6517
1: 912 352947 -230508 6517
4: -912 -406125 235298 6517
1: 931 6859 -110446 6517
3: 931 -6859 -345744 6517
2: -931 8303 110446 6517
4: -931 -8303 345744 6517
1: 931 117649 -221236 6517
2: -931 117649 219792 6517
3: 931 -117649 -234954 6517
4: -931 -117649 236398 6517
3: 942 -3249 -470596 6517
2: -969 1911 -273714 6517
3: 969 -3087 -469224 6517
3: 969 -317961 -221578 6517
4: -969 -387933 221578 6517
1: 988 2527 84035 6517
2: -988 2527 -151263 6517
4: -988 -35329 241129 6517
3: 988 -88837 -223440 6517
4: -988 -260281 218491 6517
3: 988 -588245 -216220 6517
3: 988 -654493 -216090 6517
4: -1002 -22743 252105 6517
1: 1007 316589 -208544 6517
2: -1007 389305 208544 6517
3: 1026 -6447 -319333 6517
3: 1026 -7581 -302526 6517
4: -1026 -7959 319333 6517
2: -1028 74431 194579 6517
3: 1029 -969 -951482 6517
1: 1029 1083 460306 6517
4: -1029 -3249 480886 6517
3: 1029 -18411 -245588 6517
1: 1029 352947 -204326 6517
3: 1057 -899251 -201684 6517
1: 1064 47291 -184877 6517
2: -1064 58843 184877 6517
4: -1071 -352947 200716 6517
2: -1074 151263 192052 6517
3: 1083 -915 -941192 6517
1: 1083 1029 466480 6517
4: -1083 -1143 941192 6517
4: -1083 -1197 907578 6517
1: 1083 1281 336140 6517
3: 1083 -1995 -537824 6517
1: 1083 2793 48020 6517
4: -1083 -3087 471968 6517
3: 1083 -5145 -328594 6517
3: 1083 -6405 -302526 6517
1: 1083 7203 -101430 6517
4: -1083 -8001 302526 6517
4: -1083 -8379 297724 6517
1: 1083 8967 -120050 6517
3: 1083 -13965 -244902 6517
3: 1083 -17385 -235298 6517
1: 1083 19551 -161210 6517
4: -1083 -21609 235494 6517
4: -1083 -21717 235298 6517
1: 1083 24339 -168070 6517
3: 1083 -36015 -215012 6517
3: 1083 -44835 -211288 6517
1: 1083 50421 -182560 6517
4: -1083 -56007 211288 6517
4: -1083 -58653 210602 6517
1: 1083 62769 -185220 6517
3: 1083 -97755 -203056 6517
3: 1083 -121695 -201684 6517
1: 1083 136857 -191100 6517
4: -1083 -151263 201712 6517
4: -1083 -152019 201684 6517
1: 1083 170373 -192080 6517
3: 1083 -252105 -198786 6517
3: 1083 -313845 -198254 6517
1: 1083 352947 -194150 6517
4: -1083 -392049 198254 6517
4: -1083 -410571 198156 6517
1: 1083 439383 -194530 6517
3: 1083 -684285 -197078 6517
3: 1083 -851865 -196882 6517
1: 1083 957999 -195370 6517
1: 1102 581 957999 6517
4: -1102 -12005 262542 6517
3: 1102 -17689 -230496 6517
4: -1102 -17689 240100 6517
2: -1113 352947 188442 6517
1: 1127 6707 -91238 6517
2: -1127 8455 91238 6517
3: 1131 -151263 -192052 6517
3: 1136 -13357 -235298 6517
2: -1136 396739 184877 6517
3: 1142 -74431 -194579 6517
2: -1152 432915 182476 6517
4: -1162 -588245 184110 6517
1: 1168 84035 -174363 6517
3: 1173 -432915 -182476 6517
2: -1176 1083 -549829 6517
3: 1176 -6669 -273714 6517
4: -1176 -8493 273714 6517
2: -1176 352947 178334 6517
3: 1178 -88445 -187278 6517
3: 1197 -1083 -739508 6517
2: -1197 5415 33614 6517
3: 1197 -352947 -179132 6517
3: 1213 -328937 -176890 6517
4: -1216 -31213 199234 6517
2: -1216 32851 151263 6517
1: 1216 890771 -173964 6517
3: 1216 -937517 -175273 6517
2: -1222 133931 168070 6517
3: 1254 -43953 -182476 6517
1: 1254 53067 -158466 6517
4: -1254 -56889 182476 6517
1: 1272 352947 -165338 6517
3: 1273 -452333 -168070 6517
1: 1278 37905 -151263 6517
4: -1282 -84035 174363 6517
3: 1288 -175085 -168070 6517
4: -1292 -11417 228095 6517
2: -1302 1083 -504210 6517
2: -1311 7581 67228 6517
4: -1314 -1083 823543 6517
1: 1344 79059 -151263 6517
4: -1368 -1029 827659 6517
2: -1368 18411 117649 6517
3: 1368 -50421 -165585 6517
2: -1368 174363 151263 6517
4: -1368 -371469 157094 6517
2: -1372 1235 -404054 6517
4: -1372 -1805 537138 6517
4: -1372 -4693 301840 6517
4: -1372 -23465 184191 6517
4: -1372 -117649 160645 6517
4: -1372 -588245 155952 6517
4: -1387 -16121 195510 6517
2: -1387 84035 144970 6517
2: -1394 634277 151263 6517
1: 1406 17689 -122451 6517
2: -1406 17689 112847 6517
4: -1406 -36701 169442 6517
2: -1407 855 -638666 6517
3: 1444 -877 -705894 6517
1: 1444 931 379358 6517
2: -1444 931 -561834 6517
4: -1444 -1181 705894 6517
3: 1444 -2401 -351183 6517
4: -1444 -2401 421939 6517
1: 1444 6139 -67228 6517
3: 1444 -6517 -222264 6517
4: -1444 -6517 248332 6517
2: -1444 8267 67228 6517
1: 1444 16663 -117649 6517
1: 1444 16807 -117901 6517
2: -1444 16807 107793 6517
2: -1444 22439 117649 6517
3: 1444 -42973 -158466 6517
1: 1444 45619 -136318 6517
2: -1444 45619 132594 6517
4: -1444 -57869 158466 6517
3: 1444 -116641 -151263 6517
3: 1444 -117649 -151227 6517
4: -1444 -117649 152671 6517
4: -1444 -157073 151263 6517
1: 1444 300811 -145432 6517
3: 1444 -319333 -148596 6517
4: -1444 -319333 149128 6517
2: -1444 405083 145432 6517
1: 1444 816487 -146461 6517
2: -1462 548359 144060 6517
1: 1463 45125 -134456 6517
2: -1463 61009 134456 6517
3: 1482 -151263 -146433 6517
3: 1483 -548359 -144060 6517
2: -1494 83391 134456 6517
1: 1534 289541 -136857 6517
3: 1539 -7203 -201096 6517
1: 1539 128877 -134456 6517
3: 1558 -1715 -397537 6517
1: 1558 12635 -100842 6517
3: 1568 -1805 -381759 6517
4: -1572 -37905 151263 6517
4: -1576 -289541 136857 6517
4: -1577 -588245 135698 6517
1: 1596 1083 268912 6517
1: 1596 352947 -131822 6517
3: 1641 -83391 -134456 6517
2: -1648 116963 123823 6517
1: 1658 117649 -124545 6517
2: -1658 117649 123101 6517
1: 1668 118335 -123823 6517
3: 1672 -41797 -136857 6517
4: -1672 -59045 136857 6517
3: 1748 -2401 -283955 6517
4: -1748 -2401 354711 6517
1: 1748 123823 -118335 6517
2: -1748 123823 116963 6517
1: 1748 218491 -119700 6517
2: -1752 157035 117649 6517
3: 1757 -28519 -134456 6517
3: 1762 -116963 -123823 6517
3: 1764 -6213 -182476 6517
4: -1764 -8949 182476 6517
1: 1767 1083 235298 6517
3: 1772 -117649 -123101 6517
4: -1772 -117649 124545 6517
4: -1782 -118335 123823 6517
2: -1782 362805 117649 6517
1: 1786 16807 -96292 6517
2: -1786 16807 86184 6517
1: 1786 303601 -117649 6517
2: -1786 439337 117649 6517
2: -1813 817 -547428 6517
3: 1813 -9025 -158466 6517
3: 1824 -9261 -156408 6517
3: 1824 -302157 -117649 6517
2: -1824 352947 114893 6517
4: -1824 -440781 117649 6517
4: -1828 -364249 117649 6517
4: -1858 -158479 117649 6517
1: 1862 361 885969 6517
2: -1862 1805 -180075 6517
4: -1862 -1805 408170 6517
1: 1862 6137 -55223 6517
3: 1862 -6137 -172872 6517
2: -1862 9025 55223 6517
4: -1862 -9025 172872 6517
1: 1862 117649 -110979 6517
2: -1862 117649 109535 6517
3: 1862 -117649 -117116 6517
4: -1862 -117649 118560 6517
2: -1862 588245 113145 6517
4: -1862 -588245 114950 6517
3: 1881 -50421 -119966 6517
3: 1938 -282975 -110789 6517
4: -1938 -422919 110789 6517
2: -2014 425663 104272 6517
4: -2018 -549829 106134 6517
4: -2052 -7581 168070 6517
2: -2052 85407 97755 6517
3: 2058 -855 -475741 6517
2: -2058 1083 -347802 6517
4: -2058 -1311 475741 6517
1: 2058 3249 -5145 6517
3: 2058 -16245 -122794 6517
4: -2058 -24909 122794 6517
2: -2058 352947 101802 6517
3: 2072 -589 -638666 6517
1: 2077 224903 -100842 6517
3: 2114 -790229 -100842 6517
4: -2117 -897085 100842 6517
3: 2128 -1805 -268912 6517
3: 2142 -352947 -99997 6517
1: 2147 39347 -91238 6517
2: -2147 61495 91238 6517
1: 2156 311 866761 6517
2: -2156 487 -866761 6517
3: 2158 -588245 -98914 6517
1: 2166 441 578641 6517
3: 2166 -801 -470596 6517
2: -2166 1029 -357063 6517
1: 2166 1197 151263 6517
4: -2166 -1257 470596 6517
2: -2166 2793 -69629 6517
1: 2166 3087 -1372 6517
3: 2166 -5607 -151263 6517
2: -2166 7203 33026 6517
1: 2166 8379 -62426 6517
4: -2166 -8799 151263 6517
3: 2166 -15219 -117649 6517
2: -2166 19551 74088 6517
1: 2166 21609 -84231 6517
4: -2166 -23883 117649 6517
3: 2166 -39249 -105644 6517
2: -2166 50421 88753 6517
1: 2166 58653 -92953 6517
4: -2166 -61593 105644 6517
3: 2166 -106533 -100842 6517
2: -2166 136857 94619 6517
1: 2166 151263 -96068 6517
4: -2166 -167181 100842 6517
3: 2166 -274743 -99127 6517
2: -2166 352947 96714 6517
1: 2166 410571 -97314 6517
4: -2166 -431151 99127 6517
3: 2166 -745731 -98441 6517
2: -2166 957999 97552 6517
4: -2204 -637 821142 6517
3: 2204 -17689 -112847 6517
4: -2204 -17689 122451 6517
1: 2223 36015 -87514 6517
1: 2226 352947 -94582 6517
2: -2242 12005 56791 6517
4: -2242 -19855 117649 6517
2: -2242 619115 93982 6517
1: 2254 5833 -45619 6517
2: -2254 9329 45619 6517
3: 2261 -40793 -100842 6517
4: -2261 -65341 100842 6517
3: 2299 -2527 -201684 6517
4: -2299 -2527 268912 6517
3: 2303 -1805 -244902 6517
4: -2318 -48013 100842 6517
3: 2352 -5757 -136857 6517
4: -2352 -9405 136857 6517
1: 2352 352947 -89528 6517
1: 2358 165669 -88445 6517
4: -2394 -1083 487403 6517
4: -2394 -352947 89927 6517
1: 2401 361 634256 6517
3: 2401 -361 -811146 6517
1: 2401 817 230888 6517
3: 2401 -817 -407778 6517
2: -2401 1349 -230888 6517
4: -2401 -1349 407778 6517
1: 2401 15523 -71638 6517
3: 2401 -15523 -105252 6517
1: 2401 16807 -72922 6517
2: -2401 16807 62814 6517
3: 2401 -16807 -103968 6517
4: -2401 -16807 114076 6517
2: -2401 25631 71638 6517
4: -2401 -25631 105252 6517
1: 2401 319333 -87628 6517
2: -2401 319333 87096 6517
3: 2401 -319333 -89262 6517
4: -2401 -319333 89794 6517
1: 2401 722701 -88084 6517
3: 2401 -722701 -88806 6517
1: 2418 68229 -84035 6517
2: -2451 21609 67032 6517
4: -2472 -165669 88445 6517
1: 2478 150537 -84035 6517
3: 2508 -37485 -91238 6517
2: -2508 53067 76832 6517
4: -2508 -63357 91238 6517
1: 2508 386631 -84035 6517
2: -2527 703 -504210 6517
4: -2527 -703 672280 6517
1: 2527 2071 33614 6517
3: 2527 -2071 -201684 6517
2: -2527 3515 -33614 6517
4: -2527 -3515 201684 6517
1: 2527 117649 -81964 6517
2: -2527 117649 80520 6517
3: 2527 -117649 -86106 6517
4: -2527 -117649 87550 6517
2: -2527 588245 83332 6517
4: -2527 -588245 84738 6517
2: -2544 352947 82308 6517
1: 2548 21299 -72030 6517
3: 2548 -588245 -83752 6517
3: 2601 -352947 -82308 6517
1: 2604 1083 134456 6517
1: 2622 7581 -50421 6517
2: -2622 108045 77273 6517
4: -2632 -1805 302526 6517
2: -2638 184877 78337 6517
3: 2644 -6137 -117649 6517
3: 2646 -291 -866761 6517
4: -2646 -507 866761 6517
4: -2653 -19133 100842 6517
4: -2712 -68229 84035 6517
1: 2744 779 202027 6517
2: -2744 1387 -202027 6517
3: 2752 -184877 -78337 6517
1: 2793 1083 120050 6517
3: 2793 -5415 -115248 6517
4: -2793 -9747 115248 6517
1: 2793 352947 -75430 6517
4: -2812 -9025 117649 6517
2: -2812 420175 74613 6517
3: 2869 -16807 -86184 6517
4: -2869 -16807 96292 6517
1: 2888 203 924385 6517
3: 2888 -245 -900375 6517
1: 2888 475 352947 6517
4: -2888 -589 705894 6517
3: 2888 -725 -352947 6517
1: 2888 931 144060 6517
2: -2888 931 -326536 6517
4: -2888 -1333 352947 6517
3: 2888 -1421 -216090 6517
1: 2888 1715 44590 6517
2: -2888 2107 -103243 6517
3: 2888 -3325 -134456 6517
2: -2888 4123 -16807 6517
1: 2888 5075 -33614 6517
3: 2888 -6517 -104615 6517
4: -2888 -6517 130683 6517
2: -2888 9331 33614 6517
1: 2888 9947 -53165 6517
3: 2888 -12005 -90405 6517
4: -2888 -14749 98784 6517
3: 2888 -19285 -84035 6517
1: 2888 23275 -64827 6517
4: -2888 -28861 86436 6517
3: 2888 -35525 -79233 6517
1: 2888 45619 -69090 6517
2: -2888 45619 65366 6517
4: -2888 -65317 79233 6517
3: 2888 -69629 -76440 6517
1: 2888 84035 -71120 6517
2: -2888 103243 69923 6517
1: 2888 134995 -72030 6517
3: 2888 -162925 -74774 6517
1: 2888 248675 -72716 6517
3: 2888 -319333 -74165 6517
4: -2888 -319333 74697 6517
2: -2888 457219 72716 6517
1: 2888 487403 -73115 6517
3: 2888 -588245 -73875 6517
4: -2888 -722701 74046 6517
3: 2888 -944965 -73745 6517
3: 2907 -53067 -76832 6517
4: -2907 -352947 74100 6517
1: 2926 37183 -67228 6517
2: -2926 68951 67228 6517
2: -2983 833 -364952 6517
3: 2983 -229957 -72030 6517
2: -3021 352947 69274 6517
1: 3078 735 182476 6517
4: -3078 -7203 118237 6517
1: 3078 48363 -65170 6517
3: 3087 -1083 -238728 6517
2: -3087 5415 3430 6517
3: 3087 -352947 -69312 6517
1: 3097 259 638666 6517
3: 3101 -117649 -70034 6517
4: -3101 -117649 71478 6517
1: 3109 169309 -67228 6517
3: 3171 -681207 -67228 6517
3: 3173 -866761 -67130 6517
4: -3173 -866761 67326 6517
2: -3192 1083 -252105 6517
2: -3192 352947 65550 6517
3: 3249 -1029 -231182 6517
4: -3249 -2793 187278 6517
3: 3249 -4809 -100842 6517
4: -3249 -9597 100842 6517
3: 3249 -19551 -74088 6517
4: -3249 -50421 72114 6517
3: 3249 -91371 -67228 6517
4: -3249 -182343 67228 6517
3: 3249 -352947 -65844 6517
4: -3249 -957999 65716 6517
4: -3256 -169309 67228 6517
1: 3269 361 403368 6517
2: -3269 361 -873964 6517
4: -3297 -3249 168070 6517
2: -3306 27783 52136 6517
4: -3332 -2033 228095 6517
2: -3353 11191 33614 6517
3: 3458 -6859 -84035 6517
3: 3458 -588245 -61674 6517
3: 3528 -4845 -91238 6517
4: -3528 -10317 91238 6517
2: -3534 1083 -235298 6517
3: 3534 -21609 -67032 6517
1: 3553 245 547428 6517
2: -3553 55223 53998 6517
4: -3572 -1805 235298 6517
1: 3572 16807 -50673 6517
2: -3572 16807 40565 6517
1: 3618 252105 -58121 6517
1: 3648 147 912380 6517
3: 3724 -361 -439383 6517
4: -3724 -361 909979 6517
3: 3724 -4693 -86436 6517
4: -3724 -10469 86436 6517
3: 3724 -117649 -58197 6517
4: -3724 -117649 59641 6517
4: -3732 -252105 58121 6517
4: -3762 -525 638666 6517
4: -3762 -50421 62510 6517
2: -3822 40071 48020 6517
1: 3878 1805 16807 6517
3: 3933 -147 -912380 6517
3: 3934 -361 -403368 6517
4: -3934 -361 873964 6517
1: 3968 276115 -53067 6517
2: -3969 11913 28812 6517
1: 3971 2401 -1764 6517
2: -3971 2401 -68992 6517
1: 3971 6251 -33614 6517
1: 3971 12103 -43218 6517
3: 3971 -29939 -57624 6517
4: -3971 -70903 57624 6517
1: 3971 319333 -53088 6517
2: -3971 319333 52556 6517
3: 3971 -789929 -53634 6517
3: 4018 -16967 -60025 6517
3: 4028 -245 -547428 6517
1: 4028 207515 -52136 6517
2: -4028 498379 52136 6517
4: -4067 -588245 52706 6517
4: -4082 -276115 53067 6517
3: 4104 -7581 -67228 6517
1: 4116 1083 56252 6517
3: 4116 -11913 -61397 6517
4: -4116 -29241 61397 6517
1: 4116 352947 -51262 6517
1: 4128 113715 -50421 6517
4: -4161 -159201 52822 6517
3: 4228 -572185 -50421 6517
1: 4294 28273 -45619 6517
2: -4294 72569 45619 6517
4: -4312 -437 684285 6517
1: 4313 88445 -48020 6517
1: 4332 147 677082 6517
1: 4332 399 218491 6517
4: -4332 -513 588245 6517
3: 4332 -573 -235298 6517
4: -4332 -1485 235298 6517
2: -4332 2079 -84035 6517
2: -4332 6615 7203 6517
1: 4332 7203 -34202 6517
4: -4332 -9261 78890 6517
2: -4332 17955 33614 6517
1: 4332 19551 -43561 6517
4: -4332 -25137 60025 6517
3: 4332 -28077 -52822 6517
4: -4332 -72765 52822 6517
3: 4332 -76209 -50421 6517
2: -4332 101871 46305 6517
4: -4332 -197505 50421 6517
2: -4332 276507 48020 6517
2: -4332 324135 48167 6517
1: 4332 352947 -48718 6517
4: -4332 -453789 49630 6517
2: -4332 879795 48706 6517
1: 4332 957999 -48909 6517
3: 4408 -12005 -56791 6517
4: -4422 -113715 50421 6517
2: -4452 352947 46930 6517
3: 4503 -735 -182476 6517
3: 4522 -28519 -50421 6517
4: -4522 -77615 50421 6517
1: 4557 1083 43218 6517
4: -4598 -833 364952 6517
3: 4598 -2527 -84035 6517
4: -4598 -2527 151263 6517
3: 4598 -261709 -46550 6517
3: 4599 -1083 -134456 6517
2: -4624 864899 45619 6517
1: 4644 868623 -45619 6517
3: 4648 -588245 -45847 6517
3: 4666 -864899 -45619 6517
4: -4674 -5733 91238 6517
4: -4686 -868623 45619 6517
1: 4693 343 222950 6517
2: -4693 343 -718242 6517
3: 4693 -749 -168070 6517
3: 4693 -931 -144060 6517
4: -4693 -931 326536 6517
3: 4693 -588245 -45406 6517
2: -4704 352947 44403 6517
1: 4712 91 957999 6517
2: -4712 20923 32585 6517
4: -4712 -88445 48020 6517
2: -4802 323 -754110 6517
4: -4802 -323 842555 6517
1: 4802 361 199479 6517
2: -4802 361 -670075 6517
3: 4802 -361 -287924 6517
4: -4802 -361 758520 6517
1: 4802 551 115444 6517
3: 4802 -551 -203889 6517
2: -4802 1615 -115444 6517
4: -4802 -1615 203889 6517
2: -4802 1805 -98637 6517
4: -4802 -1805 187082 6517
2: -4802 6137 2205 6517
4: -4802 -6137 86240 6517
1: 4802 10469 -35819 6517
3: 4802 -10469 -52626 6517
1: 4802 16807 -38988 6517
2: -4802 16807 28880 6517
3: 4802 -16807 -49457 6517
4: -4802 -16807 59565 6517
2: -4802 30685 35819 6517
4: -4802 -30685 52626 6517
2: -4802 84035 41154 6517
4: -4802 -84035 47291 6517
2: -4802 285719 43320 6517
4: -4802 -285719 45125 6517
1: 4802 319333 -43947 6517
2: -4802 319333 43415 6517
3: 4802 -319333 -44498 6517
4: -4802 -319333 45030 6517
1: 4802 487403 -44042 6517
3: 4802 -487403 -44403 6517
2: -4826 1421 -136857 6517
1: 4864 194579 -43218 6517
3: 5016 -24549 -45619 6517
1: 5016 53067 -40817 6517
4: -5016 -76293 45619 6517
3: 5047 -69673 -43218 6517
4: -5047 -218405 43218 6517
1: 5054 1349 16807 6517
3: 5054 -1349 -100842 6517
2: -5054 4237 -16807 6517
4: -5054 -4237 100842 6517
1: 5054 117649 -41343 6517
2: -5054 117649 39899 6517
3: 5054 -117649 -42692 6517
4: -5054 -117649 44136 6517
1: 5088 352947 -41515 6517
3: 5092 -69629 -42826 6517
2: -5168 32851 33614 6517
4: -5202 -352947 41515 6517
2: -5208 1083 -184877 6517
1: 5239 722701 -40432 6517
4: -5296 -722701 40432 6517
3: 5339 -361 -235298 6517
4: -5339 -361 705894 6517
1: 5358 371469 -39445 6517
4: -5472 -371469 39445 6517
3: 5488 -1805 -75460 6517
3: 5491 -154693 -39102 6517
4: -5491 -551201 39102 6517
2: -5537 475 -456190 6517
1: 5548 84035 -37506 6517
1: 5578 386561 -37905 6517
2: -5586 1083 -177674 6517
3: 5586 -3249 -57624 6517
4: -5586 -11913 57624 6517
2: -5586 352947 37354 6517
4: -5692 -386561 37905 6517
3: 5738 -16807 -40565 6517
4: -5738 -16807 50673 6517
1: 5776 931 26411 6517
2: -5776 931 -208887 6517
1: 5776 2947 -16807 6517
2: -5776 11459 16807 6517
1: 5776 45619 -35476 6517
2: -5776 45619 31752 6517
1: 5776 144403 -36358 6517
2: -5776 561491 36358 6517
1: 5803 117649 -36100 6517
2: -5803 117649 34656 6517
4: -5814 -53067 40817 6517
3: 5814 -352947 -36689 6517
1: 5831 8303 -29498 6517
1: 5852 21299 -33614 6517
2: -5852 84835 33614 6517
1: 5999 29963 -33614 6517
1: 6027 171 273714 6517
1: 6042 352947 -34998 6517
2: -6048 627 -319333 6517
2: -6048 148371 33614 6517
3: 6118 -55 -957999 6517
4: -6118 -239 957999 6517
2: -6137 245 -864360 6517
4: -6137 -469 504210 6517
4: -6137 -3325 100842 6517
2: -6137 8575 8918 6517
4: -6137 -16415 48020 6517
1: 6137 50939 -33614 6517
3: 6137 -131369 -34986 6517
2: -6137 222775 33614 6517
4: -6137 -574525 34986 6517
4: -6174 -1083 237013 6517
4: -6174 -352947 35017 6517
1: 6194 73283 -33614 6517
3: 6202 -117649 -34656 6517
4: -6202 -117649 36100 6517
2: -6213 386631 33614 6517
2: -6232 12635 16807 6517
2: -6257 669655 33614 6517
1: 6289 866761 -33712 6517
1: 6293 359195 -33614 6517
3: 6308 -588245 -33744 6517
1: 6308 922355 -33614 6517
3: 6327 -917301 -33614 6517
3: 6342 -354141 -33614 6517
4: -6346 -866761 33712 6517
4: -6378 -674709 33614 6517
1: 6384 352947 -33136 6517
4: -6422 -391685 33614 6517
2: -6441 50421 28728 6517
3: 6441 -68229 -33614 6517
1: 6498 69 588245 6517
3: 6498 -147 -324135 6517
1: 6498 285 117649 6517
4: -6498 -1029 239414 6517
3: 6498 -2415 -50421 6517
3: 6498 -2793 -48020 6517
1: 6498 5145 -24353 6517
4: -6498 -11991 50421 6517
4: -6498 -19551 43561 6517
1: 6498 23667 -30870 6517
3: 6498 -45885 -33614 6517
3: 6498 -50421 -33530 6517
1: 6498 97755 -32242 6517
4: -6498 -227829 33614 6517
4: -6498 -352947 33283 6517
3: 6498 -828345 -32732 6517
3: 6498 -957999 -32725 6517
1: 6517 361 85064 6517
2: -6517 361 -555660 6517
3: 6517 -361 -150234 6517
4: -6517 -361 620830 6517
2: -6517 1805 -85064 6517
4: -6517 -1805 150234 6517
1: 6517 117649 -32224 6517
2: -6517 117649 30780 6517
3: 6517 -117649 -32946 6517
4: -6517 -117649 34390 6517
2: -6517 588245 32224 6517
4: -6517 -588245 32946 6517
1: 6536 539 45619 6517
3: 6536 -184877 -32718 6517
1: 6538 361 84035 6517
2: -6538 361 -554631 6517
4: -6587 -153425 33614 6517
3: 6636 -24909 -33614 6517
3: 6783 -16245 -33614 6517
4: -6783 -89889 33614 6517
2: -6818 209 -957999 6517
3: 6859 -133 -302526 6517
3: 6859 -45619 -31752 6517
4: -6859 -45619 35476 6517
2: -6859 95893 28812 6517
3: 6878 -20923 -32585 6517
1: 7028 95 319333 6517
3: 7056 -2109 -45619 6517
4: -7056 -13053 45619 6517
1: 7203 57 502740 6517
3: 7203 -285 -135926 6517
1: 7203 1083 -1470 6517
4: -7203 -1881 135926 6517
2: -7203 3249 -32144 6517
3: 7203 -5415 -35084 6517
4: -7203 -35739 35084 6517
1: 7203 50421 -28880 6517
2: -7203 151263 28158 6517
3: 7203 -252105 -29602 6517
1: 7203 957999 -29450 6517
3: 7378 -95 -319333 6517
1: 7429 218491 -28462 6517
3: 7448 -1805 -43218 6517
4: -7448 -13357 43218 6517
3: 7448 -588245 -28557 6517
4: -7467 -37905 33614 6517
1: 7486 49 501809 6517
4: -7497 -352947 28880 6517
3: 7524 -50421 -28728 6517
2: -7538 521017 27797 6517
1: 7543 112847 -27930 6517
3: 7553 -588245 -28158 6517
3: 7581 -33 -773122 6517
1: 7581 57 403368 6517
4: -7581 -261 773122 6517
3: 7581 -627 -67228 6517
4: -7581 -4959 67228 6517
1: 7581 352947 -27942 6517
4: -7588 -209 957999 6517
3: 7652 -521017 -27797 6517
3: 7676 -49 -501809 6517
2: -7791 352947 26714 6517
3: 7868 -361 -84035 6517
4: -7868 -361 554631 6517
4: -7924 -4693 67228 6517
2: -7942 245 -746711 6517
1: 7942 2401 -18571 6517
2: -7942 2401 -52185 6517
3: 7942 -9457 -28812 6517
2: -7942 32585 20923 6517
4: -7942 -91385 28812 6517
1: 7942 319333 -26677 6517
2: -7942 319333 26145 6517
4: -7942 -895573 26950 6517
1: 8056 62083 -26068 6517
2: -8056 643811 26068 6517
4: -8208 -7581 50421 6517
4: -8232 -285 677768 6517
2: -8232 1083 -145775 6517
2: -8303 1463 -100842 6517
3: 8303 -2401 -31850 6517
4: -8303 -2401 102606 6517
3: 8303 -4655 -28812 6517
4: -8303 -23009 33614 6517
4: -8358 -627 319333 6517
3: 8379 -1083 -38416 6517
4: -8379 -14079 38416 6517
3: 8379 -352947 -25384 6517
3: 8417 -117649 -25346 6517
4: -8417 -117649 26790 6517
2: -8436 64827 22344 6517
2: -8512 275 -638666 6517
1: 8518 588245 -24909 6517
2: -8526 3249 -31213 6517
3: 8626 -539 -45619 6517
4: -8632 -588245 24909 6517
3: 8664 -117 -117649 6517
3: 8664 -1197 -33614 6517
4: -8664 -1941 117649 6517
3: 8664 -5733 -26411 6517
2: -8664 7203 -588 6517
3: 8664 -58653 -24696 6517
4: -8664 -95109 26411 6517
3: 8664 -280917 -24549 6517
2: -8664 352947 23998 6517
1: 8759 256907 -24206 6517
2: -8873 361 -470596 6517
1: 8904 352947 -23826 6517
3: 8918 -588245 -23826 6517
1: 8968 619115 -23667 6517
4: -9082 -619115 23667 6517
2: -9114 1083 -139258 6517
4: -9139 -62083 26068 6517
3: 9177 -9 -638666 6517
4: -9198 -1083 184877 6517
4: -9212 -1805 120050 6517
4: -9282 -16245 33614 6517
1: 9386 343 -12348 6517
2: -9386 343 -482944 6517
3: 9386 -931 -26411 6517
4: -9386 -931 208887 6517
1: 9386 98441 -22589 6517
3: 9386 -267197 -22638 6517
2: -9408 9747 4802 6517
3: 9519 -64827 -22344 6517
1: 9604 19 57722 6517
3: 9604 -361 -26313 6517
4: -9604 -361 496909 6517
2: -9604 2147 -57722 6517
1: 9604 16807 -22021 6517
2: -9604 16807 11913 6517
4: -9604 -40793 26313 6517
3: 9604 -319333 -22116 6517
4: -9604 -319333 22648 6517
2: -9702 5415 -9604 6517
3: 9747 -21 -33614 6517
2: -9747 13965 9604 6517
4: -9747 -14385 33614 6517
4: -9747 -136857 23030 6517
2: -9747 140973 20580 6517
2: -9747 252105 21112 6517
2: -10089 295323 20482 6517
1: 10094 4693 -21609 6517
4: -10094 -292771 21609 6517
3: 10108 -5 537824 6517
1: 10108 19 -168070 6517
1: 10108 95 -50421 6517
2: -10108 247 -655473 6517
2: -10108 299 -537824 6517
4: -10108 -437 403368 6517
4: -10108 -5681 50421 6517
3: 10108 -117649 -20985 6517
4: -10108 -117649 22429 6517
3: 10108 -588245 -21004 6517
4: -10336 -1421 136857 6517
3: 10528 -1805 -16807 6517
3: 10633 -95 52136 6517
4: -10678 -361 470596 6517
2: -10829 551 -273714 6517
1: 10976 19 -508326 6517
1: 10982 43561 -19551 6517
2: -11074 13357 7203 6517
1: 11172 1083 -28812 6517
4: -11172 -16245 28812 6517
1: 11172 352947 -19038 6517
3: 11191 -343 12348 6517
4: -11191 -343 482944 6517
3: 11191 -319333 -18942 6517
4: -11191 -319333 19474 6517
4: -11438 -10469 33614 6517
1: 11552 19 -705894 6517
3: 11552 -77 151263 6517
2: -11552 1715 -73059 6517
1: 11552 15827 -19208 6517
1: 11552 45619 -18669 6517
2: -11552 45619 14945 6517
3: 11552 -64141 -18179 6517
3: 11552 -184877 -18312 6517
2: -11552 770035 18179 6517
1: 11606 117649 -18411 6517
2: -11606 117649 16967 6517
3: 11662 -3971 -14749 6517
2: -11662 45125 14749 6517
3: 11704 -10469 -16807 6517
2: -11704 116603 16807 6517
3: 11818 -12635 -16807 6517
2: -11878 818741 17689 6517
2: -11913 399 -369754 6517
1: 11913 11025 -19208 6517
4: -11913 -111867 19208 6517
3: 11992 -818741 -17689 6517
1: 12018 828345 -17689 6517
2: -12084 352947 17138 6517
3: 12103 -588245 -17518 6517
4: -12132 -828345 17689 6517
2: -12274 211 -705894 6517
2: -12274 10241 2401 6517
4: -12274 -26411 23079 6517
3: 12274 -34979 -16807 6517
1: 12274 90209 -17493 6517
2: -12274 308693 16807 6517
4: -12274 -796103 17493 6517
2: -12298 331037 16807 6517
3: 12348 -57 293265 6517
1: 12369 1083 -33614 6517
3: 12404 -117649 -16967 6517
4: -12404 -117649 18411 6517
2: -12483 231 -638666 6517
4: -12502 -1805 100842 6517
1: 12578 866761 -16905 6517
2: -12578 866761 16709 6517
3: 12586 -289883 -16807 6517
3: 12592 -331037 -16807 6517
3: 12616 -755573 -16807 6517
1: 12654 765681 -16807 6517
1: 12678 341145 -16807 6517
1: 12684 299991 -16807 6517
1: 12692 737107 -16758 6517
3: 12692 -866761 -16709 6517
4: -12692 -866761 16905 6517
2: -12768 352947 16207 6517
1: 12882 50421 -16891 6517
4: -12972 -341145 16807 6517
3: 12996 -57 352947 6517
2: -12996 987 -134456 6517
3: 12996 -1029 4116 6517
2: -12996 2499 -43218 6517
4: -12996 -2793 69629 6517
1: 12996 45087 -16807 6517
4: -12996 -50421 19292 6517
4: -12996 -318801 16807 6517
1: 12996 813939 -16366 6517
1: 13034 361 -75117 6517
2: -13034 361 -395479 6517
3: 13034 -361 42532 6517
4: -13034 -361 428064 6517
1: 13034 117649 -16473 6517
3: 13034 -117649 -16112 6517
2: -13034 823543 16112 6517
4: -13034 -823543 16473 6517
1: 13148 35 -638666 6517
4: -13148 -43561 19551 6517
3: 13279 -209 91238 6517
3: 13357 -188993 -15778 6517
1: 13377 57 -417088 6517
1: 13452 22743 -16807 6517
1: 13566 20577 -16807 6517
4: -13566 -126711 16807 6517
1: 13573 1805 -28812 6517
3: 13718 -133 168070 6517
3: 13718 -45619 -14945 6517
4: -13718 -45619 18669 6517
3: 13718 -540911 -15435 6517
3: 13769 -361 52822 6517
4: -13769 -361 417774 6517
4: -13832 -588245 15599 6517
1: 14079 57 -470596 6517
4: -14079 -567 268912 6517
2: -14136 1083 -117649 6517
1: 14357 6137 -19208 6517
1: 14406 513 -67963 6517
2: -14406 1083 -116914 6517
4: -14406 -2679 67963 6517
1: 14406 9747 -17542 6517
2: -14406 50421 11913 6517
4: -14406 -50901 17542 6517
1: 14406 453789 -14801 6517
2: -14406 957999 14592 6517
4: -14518 -3971 50421 6517
1: 14742 11913 -16807 6517
3: 14749 -10469 -11662 6517
2: -14749 51623 11662 6517
2: -14801 1729 -67228 6517
4: -14801 -9751 28812 6517
1: 14801 492499 -14406 6517
1: 14896 3971 -21609 6517
4: -14896 -19133 21609 6517
4: -14991 -583737 14406 6517
3: 14994 -352947 -14079 6517
4: -15048 -50421 16891 6517
4: -15092 -10469 27440 6517
1: 15141 79059 -14406 6517
4: -15141 -367137 14406 6517
1: 15162 81 -386561 6517
4: -15162 -285 504210 6517
4: -15162 -375 386561 6517
2: -15162 1425 -84035 6517
1: 15162 1539 -33614 6517
4: -15162 -7125 33614 6517
2: -15162 352947 13610 6517
3: 15288 -16245 -12005 6517
1: 15523 539 -72030 6517
3: 15523 -665 33614 6517
3: 15523 -184877 -13510 6517
1: 15523 228095 -13818 6517
1: 15523 788557 -13720 6517
1: 15582 352947 -13718 6517
1: 15751 117649 -13756 6517
2: -15751 117649 12312 6517
4: -15827 -3971 48020 6517
4: -15846 -4263 45619 6517
2: -15884 25039 7889 6517
1: 15884 31507 -14406 6517
4: -15884 -132349 14406 6517
3: 16112 -228781 -13034 6517
2: -16112 934675 13034 6517
3: 16268 -588245 -12996 6517
1: 16464 352947 -12996 6517
1: 16473 241815 -13034 6517
4: -16473 -947709 13034 6517
3: 16606 -2401 1764 6517
4: -16606 -2401 68992 6517
1: 16758 5415 -19208 6517
4: -16758 -20577 19208 6517
4: -16758 -352947 13053 6517
1: 16807 41 -879396 6517
3: 16807 -41 854126 6517
2: -16807 155 -854126 6517
4: -16807 -155 879396 6517
1: 16807 361 -111076 6517
2: -16807 361 -359520 6517
3: 16807 -361 85806 6517
4: -16807 -361 384790 6517
2: -16807 589 -215460 6517
4: -16807 -589 240730 6517
1: 16807 779 -58254 6517
3: 16807 -779 32984 6517
2: -16807 1805 -61796 6517
4: -16807 -1805 87066 6517
1: 16807 2401 -27436 6517
2: -16807 2401 -43320 6517
3: 16807 -2401 2166 6517
4: -16807 -2401 68590 6517
2: -16807 2945 -32984 6517
4: -16807 -2945 58254 6517
2: -16807 11191 630 6517
4: -16807 -11191 24640 6517
2: -16807 12005 1444 6517
4: -16807 -12005 23826 6517
1: 16807 14801 -15036 6517
3: 16807 -14801 -10234 6517
1: 16807 45619 -13414 6517
2: -16807 45619 9690 6517
3: 16807 -45619 -11856 6517
4: -16807 -45619 15580 6517
2: -16807 55955 10234 6517
4: -16807 -55955 15036 6517
2: -16807 74431 10830 6517
4: -16807 -74431 14440 6517
1: 16807 98441 -12996 6517
3: 16807 -98441 -12274 6517
2: -16807 228095 12046 6517
4: -16807 -228095 13224 6517
2: -16807 372155 12274 6517
4: -16807 -372155 12996 6517
1: 16807 866761 -12676 6517
2: -16807 866761 12480 6517
3: 16807 -866761 -12594 6517
4: -16807 -866761 12790 6517
3: 16834 -117649 -12312 6517
4: -16834 -117649 13756 6517
1: 16967 16807 -14658 6517
2: -16967 16807 4550 6517
3: 17024 -109 319333 6517
2: -17024 403 -319333 6517
1: 17328 147 -264110 6517
3: 17328 -285 117649 6517
1: 17328 7203 -17395 6517
3: 17328 -13965 -9604 6517
3: 17328 -148029 -12005 6517
1: 17328 352947 -12360 6517
3: 17328 -684285 -12201 6517
1: 17689 323 -129654 6517
3: 17689 -323 105644 6517
2: -17689 1121 -105644 6517
4: -17689 -1121 129654 6517
1: 17689 117649 -12328 6517
2: -17689 117649 10884 6517
3: 17689 -117649 -11682 6517
4: -17689 -117649 13126 6517
4: -17727 -252105 12502 6517
1: 17746 361 -117649 6517
2: -17746 361 -352947 6517
2: -17808 352947 11552 6517
4: -17836 -437 312816 6517
4: -17934 -1653 91238 6517
3: 18207 -352947 -11552 6517
1: 18228 1083 -48020 6517
1: 18354 129 -319333 6517
4: -18354 -423 319333 6517
3: 18411 -3087 1372 6517
2: -18411 136857 10584 6517
1: 18411 311787 -11662 6517
2: -18522 627 -195510 6517
1: 18772 343 -129997 6517
2: -18772 343 -365295 6517
4: -18772 -588245 11532 6517
4: -19038 -22743 16807 6517
2: -19133 179 -705894 6517
3: 19133 -245 158466 6517
4: -19133 -15827 19208 6517
3: 19133 -337855 -10976 6517
3: 19208 -1045 28861 6517
3: 19208 -1805 12054 6517
2: -19208 3211 -28861 6517
1: 19208 3971 -21560 6517
4: -19208 -4693 38367 6517
1: 19208 84035 -11552 6517
3: 19208 -184877 -10830 6517
2: -19208 218491 10469 6517
3: 19208 -319333 -10925 6517
4: -19208 -319333 11457 6517
1: 19494 7161 -16807 6517
4: -19494 -21567 16807 6517
4: -19494 -36309 14406 6517
3: 19494 -136857 -10584 6517
4: -19494 -655473 11088 6517
1: 19551 1083 -50078 6517
4: -19551 -3249 50078 6517
1: 19551 352947 -10982 6517
1: 19894 59 -742938 6517
4: -19894 -173 742938 6517
3: 20216 -157 268912 6517
2: -20216 451 -268912 6517
2: -20216 779 -151263 6517
4: -20349 -352947 10792 6517
2: -20406 151263 9576 6517
2: -20678 40793 7203 6517
1: 20938 175 -268912 6517
4: -20938 -1159 117649 6517
3: 20938 -12005 -6370 6517
2: -20938 127253 9163 6517
1: 20938 306299 -10290 6517
2: -21147 352947 9690 6517
3: 21266 -1273 26068 6517
2: -21266 3439 -26068 6517
3: 21356 -361 117649 6517
4: -21356 -361 352947 6517
3: 21413 -9025 -4802 6517
2: -21413 24187 4802 6517
3: 21489 -151263 -9576 6517
3: 21511 -172919 -9604 6517
2: -21511 460997 9604 6517
3: 21609 -57 806246 6517
3: 21609 -1083 33124 6517
4: -21609 -50421 12274 6517
4: -21609 -957999 9956 6517
3: 21707 -117649 -9386 6517
4: -21707 -117649 10830 6517
2: -21756 2223 -45619 6517
4: -21952 -13357 18865 6517
3: 22078 -588245 -9538 6517
2: -22192 84035 8113 6517
2: -22344 1083 -103243 6517
1: 22344 9747 -14406 6517
4: -22344 -24909 14406 6517
2: -22344 352947 9158 6517
1: 22363 442225 -9604 6517
3: 22382 -343 129997 6517
4: -22382 -343 365295 6517
3: 22382 -319333 -9338 6517
4: -22382 -319333 9870 6517
3: 22743 -57 840350 6517
3: 22743 -352947 -9200 6517
4: -22762 -442225 9604 6517
1: 22883 361 -144060 6517
2: -22883 361 -326536 6517
3: 23104 -2989 7203 6517
2: -23128 323 -364952 6517
1: 23373 285 -182476 6517
4: -23667 -285 430122 6517
4: -23712 -338541 9310 6517
1: 23826 399 -134456 6517
2: -23826 1323 -81634 6517
1: 23826 72471 -9604 6517
4: -23826 -173313 9604 6517
2: -23826 175959 8232 6517
3: 23826 -208887 -8673 6517
1: 24168 352947 -8930 6517
2: -24187 22295 3430 6517
3: 24358 -84035 -8113 6517
1: 24548 15239 -12005 6517
1: 24598 95 -547428 6517
2: -24738 1083 -100842 6517
1: 24843 57 -912380 6517
3: 24909 -175959 -8232 6517
4: -24966 -1083 117649 6517
1: 25039 1691 -39102 6517
3: 25382 -823543 -8303 6517
3: 25578 -57 912380 6517
1: 25631 133 -403368 6517
2: -25631 133 -873964 6517
3: 25823 -95 547428 6517
4: -25992 -1029 121765 6517
2: -25992 1995 -50421 6517
3: 25992 -50421 -7119 6517
3: 26068 -361 138915 6517
4: -26068 -361 331681 6517
3: 26068 -1805 21266 6517
2: -26068 3971 -21266 6517
3: 26068 -117649 -7695 6517
4: -26068 -117649 9139 6517
3: 26068 -588245 -8056 6517
1: 26353 84035 -8694 6517
2: -26391 194481 7448 6517
1: 26411 319333 -8208 6517
2: -26411 319333 7676 6517
2: -26714 155477 7203 6517
3: 27037 -386561 -7714 6517
3: 27048 -285 182476 6517
4: -27293 -323 364952 6517
2: -27398 4693 -16807 6517
3: 27436 -133 403368 6517
4: -27436 -133 873964 6517
3: 27436 -10241 -2401 6517
3: 27474 -194481 -7448 6517
3: 27538 -361 144060 6517
4: -27538 -361 326536 6517
2: -27892 104615 6517 6517
4: -28158 -4389 33614 6517
1: 28158 5985 -16807 6517
3: 28158 -151263 -7175 6517
2: -28158 337953 7203 6517
1: 28812 111 -512981 6517
4: -28812 -225 512981 6517
2: -28812 855 -125685 6517
1: 28812 1083 -59192 6517
4: -28812 -3249 42385 6517
1: 28812 40071 -8771 6517
4: -28812 -81225 8771 6517
2: -28812 756315 7220 6517
1: 28812 957999 -7429 6517
4: -29148 -11913 16807 6517
3: 29241 -399 134456 6517
3: 29241 -7203 588 6517
3: 29498 -41515 -5831 6517
2: -29498 82669 5831 6517
4: -29602 -1715 73059 6517
4: -29792 -1805 69629 6517
1: 29813 588245 -7220 6517
1: 29841 117 -495292 6517
1: 29841 3249 -24696 6517
3: 29963 -588245 -6990 6517
4: -30212 -588245 7220 6517
1: 30282 302157 -7203 6517
4: -30282 -590235 7203 6517
1: 30286 300713 -7203 6517
1: 30324 5871 -16807 6517
4: -30324 -11457 16807 6517
1: 30324 352947 -7166 6517
1: 31066 1501 -45619 6517
4: -31084 -300713 7203 6517
2: -31164 352947 6498 6517
3: 31213 -125 459914 6517
2: -31213 239 -459914 6517
3: 31407 -1449 33614 6517
2: -31407 87465 5488 6517
1: 31502 117649 -7239 6517
2: -31502 117649 5795 6517
1: 31768 113435 -7203 6517
4: -31768 -214277 7203 6517
1: 31899 1083 -61054 6517
3: 32193 -1083 48020 6517
3: 32224 -810509 -6517 6517
4: -32242 -1805 67914 6517
2: -32928 352947 6137 6517
1: 32946 836577 -6517 6517
2: -33212 175 -621859 6517
3: 33212 -2401 18571 6517
4: -33212 -2401 52185 6517
2: -33478 487403 6118 6517
1: 33516 18411 -9604 6517
4: -33516 -33573 9604 6517
1: 33614 139 -439698 6517
3: 33614 -139 427063 6517
2: -33614 209 -518301 6517
4: -33614 -209 530936 6517
2: -33614 253 -427063 6517
4: -33614 -253 439698 6517
1: 33614 361 -173187 6517
2: -33614 361 -297409 6517
3: 33614 -361 160552 6517
4: -33614 -361 310044 6517
2: -33614 437 -244587 6517
4: -33614 -437 257222 6517
1: 33614 2401 -31407 6517
2: -33614 2401 -39349 6517
3: 33614 -2401 18772 6517
4: -33614 -2401 51984 6517
1: 33614 2641 -29127 6517
3: 33614 -2641 16492 6517
2: -33614 3971 -21294 6517
4: -33614 -3971 33929 6517
2: -33614 4807 -16492 6517
4: -33614 -4807 29127 6517
2: -33614 8303 -6888 6517
4: -33614 -8303 19523 6517
2: -33614 26411 2166 6517
4: -33614 -26411 10469 6517
1: 33614 45619 -7638 6517
2: -33614 45619 3914 6517
3: 33614 -45619 -4997 6517
4: -33614 -45619 8721 6517
1: 33614 50179 -7518 6517
3: 33614 -50179 -5117 6517
2: -33614 55223 4332 6517
4: -33614 -55223 8303 6517
2: -33614 91333 5117 6517
4: -33614 -91333 7518 6517
1: 33614 333739 -6498 6517
3: 33614 -333739 -6137 6517
2: -33614 501809 6099 6517
4: -33614 -501809 6536 6517
2: -33614 607453 6137 6517
4: -33614 -607453 6498 6517
1: 33614 866761 -6387 6517
2: -33614 866761 6191 6517
3: 33614 -866761 -6248 6517
4: -33614 -866761 6444 6517
3: 33668 -117649 -5795 6517
4: -33668 -117649 7239 6517
4: -33934 -301 369754 6517
1: 33934 16807 -9856 6517
2: -33934 16807 -252 6517
2: -34656 147 -734706 6517
2: -34656 352947 5819 6517
2: -35017 2009 -48020 6517
1: 35378 95 -653072 6517
3: 35378 -95 641067 6517
1: 35378 209 -300125 6517
3: 35378 -209 288120 6517
1: 35378 1045 -64827 6517
3: 35378 -1045 52822 6517
2: -35378 1843 -52822 6517
4: -35378 -1843 64827 6517
1: 35378 117649 -6525 6517
2: -35378 117649 5081 6517
3: 35378 -117649 -5480 6517
4: -35378 -117649 6924 6517
1: 35378 588245 -6107 6517
3: 35378 -588245 -5898 6517
1: 35616 352947 -6137 6517
4: -35672 -588245 6137 6517
3: 35739 -50421 -4718 6517
4: -36414 -352947 6137 6517
2: -36456 1083 -93639 6517
1: 36461 890771 -5894 6517
2: -36822 1197 -84035 6517
1: 36822 1911 -38416 6517
4: -36822 -108045 6762 6517
1: 36822 136857 -6223 6517
1: 36822 976521 -5831 6517
3: 36848 -1805 28812 6517
4: -37278 -130683 6517 6517
3: 37373 -361 168070 6517
4: -37373 -361 302526 6517
3: 37544 -73549 -4802 6517
3: 37544 -88837 -4949 6517
4: -38266 -1729 67228 6517
2: -38266 2723 -33614 6517
1: 38798 564235 -5586 6517
4: -38988 -136857 6223 6517
2: -38988 164787 4802 6517
3: 38988 -210945 -5145 6517
2: -39102 1083 -92610 6517
1: 39102 3249 -25039 6517
4: -39102 -5415 25039 6517
2: -39102 352947 5130 6517
2: -39482 146461 4655 6517
4: -39788 -289 371469 6517
1: 39788 823543 -5415 6517
4: -40071 -441 244902 6517
3: 40432 -461 134456 6517
2: -40432 755 -134456 6517
1: 40621 117649 -5776 6517
2: -40621 117649 4332 6517
3: 40698 -352947 -5035 6517
3: 40793 -159985 -4802 6517
2: -40793 260827 4802 6517
3: 40817 -65341 -4214 6517
2: -40817 106495 4214 6517
2: -40866 741 -136857 6517
4: -41002 -588245 5358 6517
3: 41648 -146461 -4655 6517
3: 41846 -3971 11319 6517
1: 42294 352947 -5206 6517
3: 42532 -3629 13034 6517
2: -42532 5795 -13034 6517
4: -42598 -149 705894 6517
1: 42598 12005 -10437 6517
3: 42826 -25631 -2401 6517
2: -42826 40793 2401 6517
3: 43022 -489877 -4802 6517
2: -43022 777955 4802 6517
1: 43218 285 -235543 6517
3: 43218 -741 83790 6517
4: -43218 -1083 101087 6517
1: 43218 5415 -17052 6517
3: 43218 -14079 -245 6517
3: 43218 -50421 -3610 6517
3: 43218 -957999 -4845 6517
3: 43414 -117649 -4332 6517
4: -43414 -117649 5776 6517
4: -43681 -833 129654 6517
1: 43681 319333 -5068 6517
2: -43681 319333 4536 6517
4: -43757 -1805 62426 6517
2: -44042 665 -151263 6517
4: -44042 -3605 33614 6517
1: 44688 27075 -7203 6517
4: -44688 -42237 7203 6517
1: 44688 352947 -4940 6517
1: 44764 26999 -7203 6517
3: 44764 -319333 -4536 6517
4: -44764 -319333 5068 6517
1: 45423 525255 -4802 6517
4: -45423 -813333 4802 6517
4: -45486 -352947 4961 6517
1: 45619 361 -189532 6517
2: -45619 361 -281064 6517
3: 45619 -361 180222 6517
4: -45619 -361 290374 6517
1: 45619 3971 -21462 6517
3: 45619 -3971 12152 6517
2: -45619 6137 -12152 6517
4: -45619 -6137 21462 6517
1: 45619 16807 -8626 6517
2: -45619 16807 -1482 6517
3: 45619 -16807 -684 6517
4: -45619 -16807 10792 6517
1: 45619 184877 -5016 6517
3: 45619 -184877 -4294 6517
2: -45619 285719 4294 6517
4: -45619 -285719 5016 6517
1: 45766 361 -189679 6517
2: -45766 361 -280917 6517
3: 46208 -31213 -2450 6517
4: -46354 -10469 14406 6517
2: -46569 21609 -196 6517
2: -47236 247 -410571 6517
2: -47652 399 -252105 6517
4: -47652 -5145 24353 6517
1: 47652 195363 -4802 6517
4: -47652 -296205 4802 6517
4: -47652 -684285 4606 6517
2: -48216 171 -593047 6517
2: -48336 352947 4104 6517
1: 48374 573839 -4508 6517
1: 48412 83 -821142 6517
4: -48412 -125 821142 6517
4: -48412 -588245 4560 6517
2: -48792 315 -319333 6517
3: 49419 -352947 -4104 6517
4: -49457 -145 705894 6517
4: -49457 -200165 4802 6517
1: 49476 1083 -67228 6517
3: 49818 -285 235298 6517
3: 50008 -1805 33614 6517
1: 50078 4465 -19551 6517
4: -50078 -6631 19551 6517
1: 50122 217 -319333 6517
1: 50421 237 -293132 6517
4: -50421 -351 293132 6517
4: -50421 -513 201894 6517
1: 50421 1083 -67438 6517
1: 50421 4503 -19418 6517
4: -50421 -6669 19418 6517
1: 50421 7203 -13718 6517
4: -50421 -9747 14616 6517
4: -50421 -64827 5776 6517
1: 50421 85557 -5012 6517
4: -50421 -126711 5012 6517
1: 50421 136857 -4712 6517
1: 50421 569037 -4332 6517
4: -50421 -842751 4332 6517
1: 50901 2331 -33614 6517
1: 50901 108927 -4802 6517
1: 51262 133 -521017 6517
2: -51262 133 -756315 6517
4: -51623 -437 235298 6517
2: -51642 105 -957999 6517
3: 52136 -4693 10633 6517
2: -52136 6859 -10633 6517
4: -52479 -352947 4332 6517
4: -52626 -171 593047 6517
1: 52668 5415 -16807 6517
4: -52822 -26353 7840 6517
1: 52822 319333 -4237 6517
2: -52822 319333 3705 6517
1: 53067 93 -749112 6517
4: -53067 -135 749112 6517
2: -53067 513 -192080 6517
1: 53067 1767 -43218 6517
4: -53067 -2565 43218 6517
1: 53067 352947 -4198 6517
4: -53606 -247 410571 6517
4: -54492 -105 957999 6517
3: 54511 -16807 252 6517
4: -54511 -16807 9856 6517
2: -54537 352947 3610 6517
3: 54872 -133 521017 6517
4: -54872 -133 756315 6517
4: -54967 -789929 3990 6517
3: 55076 -361 189679 6517
4: -55076 -361 280917 6517
3: 55233 -8085 4802 6517
4: -55233 -352947 4128 6517
3: 56012 -217 319333 6517
2: -56316 410571 3528 6517
4: -56791 -3971 28812 6517
3: 56938 -588245 -3610 6517
3: 57232 -53789 -2401 6517
4: -57342 -315 319333 6517
2: -57399 352947 3418 6517
3: 57399 -410571 -3528 6517
1: 57624 171 -416157 6517
2: -57624 1083 -88053 6517
3: 57967 -281 247646 6517
2: -57967 395 -247646 6517
1: 58121 727 -100842 6517
4: -58121 -1021 100842 6517
4: -58482 -399 252105 6517
4: -58482 -7203 17395 6517
2: -58482 492891 3430 6517
3: 58653 -1083 61740 6517
3: 58653 -352947 -3420 6517
3: 58919 -117649 -3002 6517
4: -58919 -117649 4446 6517
1: 59204 26411 -6272 6517
1: 59641 434581 -3724 6517
1: 59682 291 -247646 6517
4: -59682 -405 247646 6517
4: -59926 -26999 7203 6517
2: -59926 607453 3381 6517
4: -59976 -741 136857 6517
3: 60123 -5415 9604 6517
1: 60287 637 -115248 6517
1: 60368 21299 -6860 6517
1: 60648 171 -420175 6517
2: -60648 352947 3222 6517
4: -60724 -434581 3724 6517
4: -61397 -149815 4116 6517
1: 62083 1159 -65170 6517
4: -62092 -665 151263 6517
2: -62092 228095 2989 6517
1: 62111 361 -201684 6517
2: -62111 361 -268912 6517
2: -62301 453789 3192 6517
1: 62328 352947 -3610 6517
3: 62426 -307 229957 6517
2: -62426 421 -229957 6517
4: -62643 -3249 33614 6517
1: 63308 8303 -12005 6517
3: 63384 -453789 -3192 6517
2: -63798 1083 -87122 6517
4: -63897 -554631 3500 6517
4: -63897 -918897 3430 6517
3: 64258 -228095 -2989 6517
4: -64386 -1083 93639 6517
3: 64638 -75 957999 6517
4: -64778 -6137 19208 6517
2: -64827 1653 -55860 6517
2: -64827 252105 2888 6517
1: 65702 551 -134456 6517
4: -65702 -588245 3398 6517
1: 66063 957999 -3290 6517
3: 66424 -469 151263 6517
2: -66424 218491 2751 6517
1: 67032 123 -593047 6517
4: -67032 -165 593047 6517
1: 67032 44403 -4802 6517
4: -67032 -59565 4802 6517
3: 67146 -21609 196 6517
1: 67228 95 -767277 6517
1: 67228 335 -219849 6517
3: 67228 -361 197925 6517
4: -67228 -361 272671 6517
4: -67228 -449 219849 6517
3: 67228 -1273 53865 6517
3: 67228 -1805 37058 6517
3: 67228 -2401 27075 6517
4: -67228 -2401 43681 6517
3: 67228 -6365 8246 6517
2: -67228 8531 -8246 6517
3: 67228 -12005 2888 6517
1: 67228 24187 -6160 6517
1: 67228 45619 -4750 6517
2: -67228 45619 1026 6517
1: 67228 120935 -3759 6517
1: 67228 160867 -3610 6517
4: -67228 -162089 3759 6517
1: 67228 228095 -3477 6517
1: 67228 804335 -3249 6517
3: 67228 -866761 -3075 6517
4: -67228 -866761 3271 6517
2: -67507 245 -393764 6517
1: 67868 16807 -7455 6517
2: -67868 16807 -2653 6517
1: 69312 147 -499408 6517
4: -69312 -1197 84035 6517
4: -69312 -799533 3185 6517
1: 69629 349 -212268 6517
4: -69629 -463 212268 6517
3: 69776 -1501 45619 6517
2: -70658 823543 2888 6517
1: 70756 131 -561834 6517
4: -70756 -173 561834 6517
3: 70756 -2489 26411 6517
2: -70756 3287 -26411 6517
3: 70756 -117649 -2379 6517
4: -70756 -117649 3823 6517
4: -71478 -50421 4886 6517
2: -72561 527877 2744 6517
1: 72618 135 -547428 6517
4: -72618 -177 547428 6517
3: 73644 -527877 -2744 6517
2: -73682 1805 -50421 6517
3: 74431 -7163 7448 6517
2: -74431 9329 -7448 6517
3: 74431 -319333 -2622 6517
4: -74431 -319333 3154 6517
3: 74727 -147 499408 6517
3: 74746 -361 201684 6517
4: -74746 -361 268912 6517
3: 75088 -125 588245 6517
1: 75088 660275 -2940 6517
1: 75117 7239 -13034 6517
4: -75117 -9405 13034 6517
4: -76532 -245 393764 6517
4: -76832 -1805 55811 6517
4: -76832 -36461 5390 6517
3: 77273 -588245 -2622 6517
1: 78204 1083 -71344 6517
4: -78698 -973 100842 6517
4: -79037 -45125 4802 6517
4: -79086 -2223 45619 6517
4: -79781 -26411 6272 6517
4: -80142 -1995 50421 6517
3: 80864 -1069 67228 6517
2: -80864 1363 -67228 6517
1: 81242 117649 -3249 6517
2: -81242 117649 1805 6517
3: 81586 -370391 -2401 6517
2: -81586 471233 2401 6517
3: 81634 -151259 -2107 6517
2: -81634 192413 2107 6517
2: -81634 218491 2166 6517
2: -82669 12887 -4802 6517
1: 83372 304927 -2793 6517
3: 83752 -637 115248 6517
4: -83752 -12005 10437 6517
3: 83752 -557669 -2401 6517
3: 84113 -60025 -1274 6517
2: -84436 831383 2401 6517
2: -84588 352947 2242 6517
3: 85064 -8341 6517 6517
1: 85196 323 -235298 6517
3: 85234 -831383 -2401 6517
4: -85538 -304927 2793 6517
3: 85918 -95 789929 6517
1: 86093 95 -795074 6517
4: -86436 -50421 4332 6517
1: 86583 1083 -72030 6517
3: 86828 -117649 -1805 6517
4: -86828 -117649 3249 6517
1: 87362 319333 -2667 6517
2: -87362 319333 2135 6517
3: 87381 -1083 67228 6517
4: -88312 -588245 2565 6517
1: 88641 31407 -4802 6517
4: -88837 -9025 12838 6517
2: -88837 420175 2166 6517
2: -89376 352947 2109 6517
1: 89528 276115 -2646 6517
3: 89528 -319333 -2135 6517
4: -89528 -319333 2667 6517
3: 90972 -2109 33614 6517
1: 91238 361 -212415 6517
2: -91238 361 -258181 6517
3: 91238 -361 207760 6517
4: -91238 -361 262836 6517
1: 91238 1805 -44345 6517
3: 91238 -1805 39690 6517
1: 91238 9025 -10731 6517
3: 91238 -9025 6076 6517
2: -91238 11191 -6076 6517
4: -91238 -11191 10731 6517
1: 91238 16807 -6840 6517
2: -91238 16807 -3268 6517
3: 91238 -16807 2185 6517
4: -91238 -16807 7923 6517
1: 91238 84035 -3230 6517
3: 91238 -84035 -1425 6517
1: 91238 420175 -2508 6517
3: 91238 -420175 -2147 6517
2: -91238 521017 2147 6517
4: -91238 -521017 2508 6517
1: 91656 902139 -2401 6517
4: -92316 -3249 31213 6517
4: -92416 -119021 3087 6517
4: -92454 -902139 2401 6517
1: 93138 628425 -2401 6517
4: -93639 -151263 2888 6517
1: 95304 441147 -2401 6517
4: -95304 -541989 2401 6517
3: 96383 -361 209230 6517
4: -96383 -361 261366 6517
1: 96672 352947 -2413 6517
1: 96824 187 -410571 6517
4: -96824 -229 410571 6517
1: 98192 545027 -2303 6517
3: 98441 -16967 2352 6517
4: -98838 -352947 2413 6517
2: -98952 1083 -84035 6517
2: -100842 129 -720195 6517
3: 100842 -171 446481 6517
4: -100842 -285 329042 6517
1: 100842 531 -146566 6517
4: -100842 -645 146566 6517
2: -100842 1083 -83930 6517
2: -100842 2451 -35910 6517
3: 100842 -3249 21504 6517
4: -100842 -5415 19313 6517
2: -100842 7203 -10830 6517
1: 100842 10089 -9709 6517
4: -100842 -12255 9709 6517
3: 100842 -21609 1444 6517
4: -100842 -36015 4693 6517
2: -100842 46569 105 6517
2: -100842 136857 1425 6517
1: 100842 191691 -2506 6517
4: -100842 -232845 2506 6517
2: -100842 309729 1805 6517
3: 100842 -410571 -1919 6517
4: -100842 -684285 2242 6517
1: 103243 109 -707560 6517
3: 103243 -196745 -1666 6517
2: -103243 237899 1666 6517
4: -103607 -2945 33614 6517
4: -104272 -1805 53508 6517
3: 104958 -352947 -1805 6517
4: -105051 -7497 14406 6517
2: -105412 84035 910 6517
4: -105742 -588245 2166 6517
3: 106134 -171 448987 6517
1: 106134 207 -374556 6517
4: -106134 -249 374556 6517
1: 106134 3933 -21609 6517
4: -106134 -4731 21609 6517
2: -106134 352947 1738 6517
1: 107016 1539 -52136 6517
3: 107217 -1911 38416 6517
1: 107578 24353 -5145 6517
2: -108661 2603 -33614 6517
1: 108927 213 -364952 6517
4: -108927 -255 364952 6517
4: -109022 -2009 48020 6517
3: 109022 -4123 16807 6517
3: 109022 -16807 2653 6517
4: -109022 -16807 7455 6517
2: -109022 397537 1715 6517
1: 109074 352947 -2166 6517
1: 110257 117649 -2584 6517
2: -110257 117649 1140 6517
3: 110466 -352947 -1703 6517
4: -110936 -4693 21609 6517
2: -111132 2679 -32585 6517
3: 111188 -305 252105 6517
3: 111818 -823543 -1805 6517
4: -112847 -1805 53018 6517
1: 112847 16807 -6498 6517
2: -112847 16807 -3610 6517
1: 112993 10045 -9604 6517
1: 114798 352947 -2070 6517
3: 115248 -285 270921 6517
3: 115934 -619 123823 6517
2: -115934 733 -123823 6517
1: 116242 1601 -50421 6517
4: -116242 -1895 50421 6517
4: -117306 -1083 86779 6517
4: -117306 -352947 2071 6517
1: 117649 119 -656298 6517
3: 117649 -119 652688 6517
1: 117649 133 -587404 6517
2: -117649 133 -689928 6517
3: 117649 -133 583794 6517
4: -117649 -133 693538 6517
1: 117649 259 -302518 6517
3: 117649 -259 298908 6517
1: 117649 323 -242934 6517
3: 117649 -323 239324 6517
1: 117649 343 -228874 6517
2: -117649 343 -266418 6517
3: 117649 -343 225264 6517
4: -117649 -343 270028 6517
1: 117649 361 -217552 6517
2: -117649 361 -253044 6517
3: 117649 -361 213942 6517
4: -117649 -361 256654 6517
1: 117649 629 -125628 6517
3: 117649 -629 122018 6517
1: 117649 703 -112594 6517
3: 117649 -703 108984 6517
2: -117649 743 -122018 6517
4: -117649 -743 125628 6517
1: 117649 833 -95304 6517
3: 117649 -833 91694 6517
1: 117649 931 -85462 6517
2: -117649 931 -97014 6517
3: 117649 -931 81852 6517
4: -117649 -931 100624 6517
1: 117649 1813 -44764 6517
3: 117649 -1813 41154 6517
1: 117649 2261 -36252 6517
3: 117649 -2261 32642 6517
1: 117649 2527 -32626 6517
2: -117649 2527 -34602 6517
3: 117649 -2527 29016 6517
4: -117649 -2527 38212 6517
1: 117649 4403 -19494 6517
3: 117649 -4403 15884 6517
1: 117649 4921 -17632 6517
3: 117649 -4921 14022 6517
2: -117649 5201 -15884 6517
4: -117649 -5201 19494 6517
3: 117649 -5831 11552 6517
1: 117649 6137 -14496 6517
3: 117649 -6137 10886 6517
1: 117649 6517 -13756 6517
2: -117649 6517 -12312 6517
3: 117649 -6517 10146 6517
4: -117649 -6517 15922 6517
1: 117649 11951 -8322 6517
3: 117649 -11951 4712 6517
1: 117649 12691 -7942 6517
3: 117649 -12691 4332 6517
1: 117649 13357 -7636 6517
3: 117649 -13357 4026 6517
2: -117649 14117 -4712 6517
4: -117649 -14117 8322 6517
1: 117649 15827 -6726 6517
3: 117649 -15827 3116 6517
1: 117649 17689 -6208 6517
2: -117649 17689 -3396 6517
3: 117649 -17689 2598 6517
4: -117649 -17689 7006 6517
1: 117649 30821 -4332 6517
3: 117649 -30821 722 6517
1: 117649 34447 -4066 6517
3: 117649 -34447 456 6517
2: -117649 36407 -722 6517
4: -117649 -36407 4332 6517
1: 117649 42959 -3618 6517
3: 117649 -42959 8 6517
1: 117649 83657 -2736 6517
3: 117649 -83657 -874 6517
1: 117649 93499 -2638 6517
3: 117649 -93499 -972 6517
2: -117649 98819 874 6517
4: -117649 -98819 2736 6517
1: 117649 110789 -2508 6517
3: 117649 -110789 -1102 6517
1: 117649 123823 -2434 6517
2: -117649 123823 1062 6517
1: 117649 215747 -2166 6517
3: 117649 -215747 -1444 6517
1: 117649 227069 -2148 6517
3: 117649 -227069 -1462 6517
3: 117649 -241129 -1482 6517
2: -117649 254849 1444 6517
4: -117649 -254849 2166 6517
2: -117649 268223 1462 6517
4: -117649 -268223 2148 6517
1: 117649 300713 -2064 6517
3: 117649 -300713 -1546 6517
1: 117649 585599 -1938 6517
3: 117649 -585599 -1672 6517
1: 117649 654493 -1924 6517
3: 117649 -654493 -1686 6517
2: -117649 691733 1672 6517
4: -117649 -691733 1938 6517
1: 117686 259 -302526 6517
3: 117838 -117649 -1140 6517
4: -117838 -117649 2584 6517
4: -117992 -149 619115 6517
4: -118047 -355005 2058 6517
1: 119364 639 -123823 6517
4: -119364 -753 123823 6517
1: 119658 124545 -2401 6517
4: -119852 -588245 1928 6517
1: 121296 2451 -33614 6517
1: 121296 352947 -1972 6517
2: -122379 50421 -84 6517
1: 122794 237899 -2058 6517
4: -122794 -279053 2058 6517
1: 123823 95 -825258 6517
3: 123823 -95 821828 6517
2: -123823 779 -115934 6517
4: -123823 -779 119364 6517
2: -123823 117649 936 6517
4: -123823 -117649 2494 6517
1: 123823 823543 -1810 6517
3: 123823 -823543 -1620 6517
1: 124222 361 -218491 6517
2: -124222 361 -252105 6517
2: -124656 352947 1444 6517
3: 127449 -352947 -1444 6517
1: 127596 1083 -74088 6517
3: 128968 -1805 41846 6517
1: 131124 14079 -7203 6517
2: -132126 957999 1512 6517
3: 133209 -957999 -1512 6517
1: 134064 96387 -2401 6517
4: -134064 -111549 2401 6517
4: -134292 -5985 16807 6517
4: -134456 -10469 10283 6517
3: 134456 -13813 4123 6517
2: -134456 15979 -4123 6517
1: 134456 45619 -3306 6517
2: -134456 45619 -418 6517
4: -134456 -69629 2888 6517
1: 135828 5415 -16121 6517
1: 136857 1083 -74382 6517
2: -136857 3249 -26460 6517
1: 136857 14079 -7154 6517
4: -136857 -16245 7154 6517
1: 136857 50421 -3116 6517
2: -136857 151263 950 6517
1: 136857 655473 -1672 6517
4: -136857 -756315 1672 6517
3: 137788 -9025 7203 6517
2: -138624 147 -617057 6517
1: 139258 755 -106134 6517
4: -139258 -869 106134 6517
1: 141512 283 -280917 6517
4: -141512 -325 280917 6517
2: -141512 475 -189679 6517
2: -141512 1235 -72030 6517
4: -141512 -588245 1655 6517
4: -142443 -352947 1748 6517
4: -142688 -2413 39102 6517
3: 142956 -50421 84 6517
4: -143507 -588245 1634 6517
4: -143678 -27293 4802 6517
1: 145236 291 -273714 6517
4: -145236 -333 273714 6517
2: -148029 352947 1178 6517
4: -148732 -24353 5145 6517
4: -148862 -95 954275 6517
3: 148862 -15409 3724 6517
2: -148862 17575 -3724 6517
3: 148862 -319333 -1178 6517
4: -148862 -319333 1710 6517
4: -149454 -147 617057 6517
1: 149454 80997 -2401 6517
3: 149492 -361 218491 6517
4: -149492 -361 252105 6517
4: -150234 -17727 6517 6517
4: -150537 -453789 1610 6517
3: 151263 -165 480130 6517
3: 151263 -1083 71960 6517
3: 151263 -3135 23940 6517
1: 151263 36015 -3610 6517
3: 151263 -59565 -70 6517
1: 151263 684285 -1520 6517
3: 151949 -117649 -722 6517
4: -151949 -117649 2166 6517
1: 152342 119707 -2058 6517
1: 153321 513 -156408 6517
3: 155952 -669 117649 6517
2: -156408 1083 -81977 6517
2: -156408 352947 1102 6517
3: 158466 -18411 2989 6517
1: 159201 321 -249704 6517
4: -159201 -363 249704 6517
1: 159201 6099 -14406 6517
4: -159201 -6897 14406 6517
3: 159201 -352947 -1108 6517
4: -159562 -775 117649 6517
3: 159923 -117649 -650 6517
4: -159923 -117649 2094 6517
1: 160181 361 -222264 6517
2: -160181 361 -248332 6517
3: 161728 -2285 33614 6517
2: -161728 2579 -33614 6517
2: -161842 588245 1159 6517
2: -161994 3249 -26411 6517
3: 164008 -588245 -1159 6517
4: -164616 -80997 2401 6517
4: -165669 -554631 1444 6517
2: -166782 531 -168070 6517
3: 167713 -125 638666 6517
4: -168378 -141 638666 6517
1: 168756 171 -469224 6517
1: 168948 36015 -3479 6517
1: 169176 352947 -1482 6517
4: -169442 -588245 1406 6517
1: 171114 22491 -4802 6517
3: 172872 -50421 361 6517
2: -173166 1083 -81634 6517
1: 174363 2475 -33614 6517
4: -174363 -2769 33614 6517
4: -174762 -1083 84035 6517
3: 175028 -1805 43218 6517
1: 175273 18335 -5586 6517
4: -175273 -20501 5586 6517
1: 175273 84035 -2166 6517
1: 176168 372155 -1421 6517
1: 177612 171 -470596 6517
1: 177612 66591 -2401 6517
2: -181222 95 -941192 6517
3: 182476 -361 221529 6517
4: -182476 -361 249067 6517
1: 182476 16807 -5947 6517
2: -182476 16807 -4161 6517
3: 182476 -19133 3038 6517
2: -182476 21299 -3038 6517
1: 182476 890771 -1254 6517
4: -182476 -991613 1254 6517
3: 184191 -171 469224 6517
1: 184191 367137 -1372 6517
4: -184191 -408291 1372 6517
1: 184877 2401 -34656 6517
2: -184877 2401 -36100 6517
4: -184877 -81947 2240 6517
3: 187278 -16245 3822 6517
2: -190022 1805 -48363 6517
4: -190247 -95 941192 6517
3: 192766 -361 222264 6517
4: -192766 -361 248332 6517
3: 193857 -171 470596 6517
3: 194579 -7543 9604 6517
2: -194579 8341 -9604 6517
2: -195662 875 -100842 6517
1: 199283 23465 -4508 6517
3: 199626 -513 156408 6517
4: -199633 -893 100842 6517
4: -200032 -1805 50421 6517
2: -201684 171 -519764 6517
1: 201684 1083 -75684 6517
1: 201684 1119 -73283 6517
4: -201684 -1233 73283 6517
1: 201684 7203 -12274 6517
1: 201684 403959 -1253 6517
2: -201684 410571 836 6517
4: -201684 -445113 1253 6517
2: -201742 732305 931 6517
3: 202027 -21299 2744 6517
2: -202027 23465 -2744 6517
3: 203908 -732305 -931 6517
3: 205457 -163 495292 6517
3: 206486 -414067 -833 6517
2: -206486 455221 833 6517
1: 208887 1161 -70756 6517
4: -208887 -1275 70756 6517
4: -210102 -36015 3479 6517
3: 210463 -156065 -490 6517
1: 211288 84835 -1960 6517
2: -212268 171 -518616 6517
3: 212268 -285 283318 6517
1: 212268 435 -187278 6517
4: -212268 -477 187278 6517
3: 212268 -1653 48020 6517
1: 212268 352947 -1230 6517
1: 214073 115 -705894 6517
3: 215404 -109 742938 6517
1: 216923 89 -912380 6517
1: 217854 447 -182476 6517
4: -217854 -489 182476 6517
2: -218148 352947 722 6517
3: 218491 -1217 65702 6517
2: -218491 1331 -65702 6517
4: -218491 -26411 4332 6517
1: 220514 117649 -1653 6517
2: -220514 117649 209 6517
3: 222376 -437 184877 6517
1: 223293 1083 -75950 6517
3: 225351 -1083 74088 6517
1: 225694 16807 -5776 6517
2: -225694 16807 -4332 6517
4: -227752 -588245 1083 6517
1: 228152 827659 -1029 6517
2: -229596 352947 674 6517
1: 229957 473 -172872 6517
4: -229957 -515 172872 6517
4: -229957 -588245 1074 6517
4: -230318 -827659 1029 6517
3: 230679 -346773 -686 6517
4: -231966 -14079 7203 6517
2: -234612 5415 -15435 6517
1: 235298 95 -857888 6517
3: 235298 -95 856083 6517
1: 235298 133 -613035 6517
2: -235298 133 -664297 6517
3: 235298 -133 611230 6517
4: -235298 -133 666102 6517
1: 235298 245 -333203 6517
3: 235298 -245 331398 6517
1: 235298 263 -310460 6517
3: 235298 -263 308655 6517
1: 235298 343 -238260 6517
2: -235298 343 -257032 6517
3: 235298 -343 236455 6517
4: -235298 -343 258837 6517
1: 235298 361 -226425 6517
2: -235298 361 -244171 6517
3: 235298 -361 224620 6517
4: -235298 -361 245976 6517
1: 235298 665 -123329 6517
3: 235298 -665 121524 6517
1: 235298 931 -88350 6517
2: -235298 931 -94126 6517
3: 235298 -931 86545 6517
4: -235298 -931 95931 6517
1: 235298 1315 -62814 6517
3: 235298 -1315 61009 6517
2: -235298 1429 -61009 6517
4: -235298 -1429 62814 6517
1: 235298 1715 -48374 6517
3: 235298 -1715 46569 6517
1: 235298 1805 -46007 6517
3: 235298 -1805 44202 6517
1: 235298 1841 -45125 6517
3: 235298 -1841 43320 6517
1: 235298 2527 -33120 6517
2: -235298 2527 -34108 6517
3: 235298 -2527 31315 6517
4: -235298 -2527 35913 6517
1: 235298 4655 -18392 6517
3: 235298 -4655 16587 6517
1: 235298 4997 -17195 6517
3: 235298 -4997 15390 6517
1: 235298 6517 -13395 6517
2: -235298 6517 -12673 6517
3: 235298 -6517 11590 6517
4: -235298 -6517 14478 6517
1: 235298 9205 -9747 6517
3: 235298 -9205 7942 6517
2: -235298 10003 -7942 6517
4: -235298 -10003 9747 6517
1: 235298 12635 -7346 6517
3: 235298 -12635 5541 6517
1: 235298 12887 -7220 6517
3: 235298 -12887 5415 6517
1: 235298 17689 -5505 6517
2: -235298 17689 -4099 6517
3: 235298 -17689 3700 6517
4: -235298 -17689 5904 6517
1: 235298 24985 -4161 6517
3: 235298 -24985 2356 6517
2: -235298 27151 -2356 6517
4: -235298 -27151 4161 6517
1: 235298 32585 -3401 6517
1: 235298 34979 -3230 6517
3: 235298 -34979 1425 6517
1: 235298 64435 -2166 6517
3: 235298 -64435 361 6517
2: -235298 70021 -361 6517
4: -235298 -70021 2166 6517
1: 235298 88445 -1823 6517
3: 235298 -88445 18 6517
1: 235298 90209 -1805 6517
1: 235298 94943 -1760 6517
3: 235298 -94943 -45 6517
1: 235298 123823 -1560 6517
2: -235298 123823 188 6517
1: 235298 174895 -1368 6517
3: 235298 -174895 -437 6517
2: -235298 190057 437 6517
4: -235298 -190057 1368 6517
1: 235298 244853 -1235 6517
3: 235298 -244853 -570 6517
1: 235298 451045 -1083 6517
3: 235298 -451045 -722 6517
1: 235298 474715 -1074 6517
3: 235298 -474715 -731 6517
2: -235298 490147 722 6517
4: -235298 -490147 1083 6517
2: -235298 515869 731 6517
4: -235298 -515869 1074 6517
1: 235298 619115 -1034 6517
3: 235298 -619115 -771 6517
1: 235298 664601 -1025 6517
3: 235298 -664601 -780 6517
3: 235676 -117649 -209 6517
4: -235676 -117649 1653 6517
4: -237699 -2109 42826 6517
3: 237699 -50421 722 6517
2: -240787 175 -504210 6517
4: -241129 -823543 988 6517
4: -241472 -105773 1715 6517
3: 241528 -85 957999 6517
2: -242592 352947 625 6517
1: 244758 50421 -2485 6517
1: 245588 496375 -1029 6517
4: -245588 -537529 1029 6517
3: 245931 -1539 52136 6517
1: 247646 1387 -59682 6517
3: 247646 -1387 57967 6517
2: -247646 1501 -57967 6517
4: -247646 -1501 59682 6517
1: 247646 117649 -1551 6517
2: -247646 117649 107 6517
3: 247646 -117649 -164 6517
4: -247646 -117649 1608 6517
1: 249312 352947 -1083 6517
3: 250733 -507205 -686 6517
1: 252282 914781 -931 6517
4: -254448 -914781 931 6517
4: -254898 -352947 1083 6517
2: -255192 1083 -80605 6517
4: -257032 -10045 9604 6517
2: -257887 1805 -48020 6517
2: -258476 187 -470596 6517
4: -258837 -105 840350 6517
3: 259308 -5529 13965 6517
3: 261611 -361 225694 6517
4: -261611 -361 244902 6517
3: 262808 -588245 -669 6517
2: -263424 9747 -8232 6517
1: 264252 957999 -889 6517
4: -266418 -957999 889 6517
4: -268912 -125 705033 6517
2: -268912 1235 -70490 6517
4: -268912 -1805 49560 6517
4: -268912 -31213 3610 6517
1: 268912 45619 -2584 6517
2: -268912 45619 -1140 6517
4: -268912 -117325 1540 6517
4: -268912 -300125 1083 6517
1: 271313 475 -173166 6517
2: -272342 893 -97755 6517
2: -273714 1083 -80458 6517
1: 273714 29241 -3577 6517
4: -273714 -31407 3577 6517
2: -273714 50421 -969 6517
1: 275086 221 -371469 6517
1: 278516 1567 -53067 6517
4: -278516 -1681 53067 6517
2: -282302 5005 -16807 6517
2: -282302 218491 350 6517
2: -283024 323 -271313 6517
3: 283318 -19855 3381 6517
1: 284347 117649 -1444 6517
3: 284886 -352947 -513 6517
3: 285719 -580849 -602 6517
2: -285719 622003 602 6517
4: -285912 -525 168070 6517
4: -285912 -50421 2485 6517
3: 286748 -85 964516 6517
1: 290472 603 -136857 6517
4: -290472 -645 136857 6517
1: 290521 319333 -988 6517
2: -290521 319333 456 6517
1: 296058 352947 -950 6517
3: 297724 -31901 1862 6517
2: -297724 34067 -1862 6517
3: 297724 -319333 -456 6517
4: -297724 -319333 988 6517
1: 299269 117649 -1408 6517
2: -299269 117649 -36 6517
3: 300713 -95 864360 6517
2: -300713 551 -158466 6517
2: -301074 741 -117649 6517
3: 301112 -4693 16807 6517
4: -302526 -1083 81669 6517
1: 303212 551 -149891 6517
4: -303898 -117649 1444 6517
1: 304684 703 -117649 6517
1: 307572 5103 -16807 6517
4: -309092 -588245 836 6517
1: 312816 352947 -912 6517
1: 313502 437 -188993 6517
2: -317324 28519 -2401 6517
1: 318402 663 -124852 6517
4: -318402 -705 124852 6517
3: 318402 -741 110446 6517
1: 318402 12597 -7203 6517
4: -318402 -13395 7203 6517
4: -318402 -352947 915 6517
2: -319333 101 -866096 6517
4: -319333 -101 867426 6517
2: -319333 361 -241836 6517
4: -319333 -361 243166 6517
1: 319333 2401 -34960 6517
2: -319333 2401 -35796 6517
3: 319333 -2401 33630 6517
4: -319333 -2401 37126 6517
1: 319333 6859 -12670 6517
3: 319333 -6859 11340 6517
1: 319333 12005 -7524 6517
3: 319333 -12005 6194 6517
1: 319333 34295 -3066 6517
3: 319333 -34295 1736 6517
2: -319333 36461 -1736 6517
4: -319333 -36461 3066 6517
2: -319333 242501 304 6517
4: -319333 -242501 1026 6517
2: -319333 866761 564 6517
4: -319333 -866761 766 6517
1: 319846 12593 -7203 6517
3: 319846 -117649 36 6517
4: -319846 -117649 1408 6517
3: 320264 -10469 7203 6517
1: 320362 361 -228781 6517
2: -320362 361 -241815 6517
3: 323106 -3249 24696 6517
3: 323456 -4717 16807 6517
2: -323456 5011 -16807 6517
4: -326382 -5415 16807 6517
2: -327222 285 -306299 6517
3: 331338 -285 288610 6517
4: -331338 -2907 30723 6517
4: -331681 -3439 26068 6517
2: -338352 352947 380 6517
1: 338618 989 -84035 6517
2: -344372 95 -918897 6517
1: 344394 1239 -67228 6517
3: 345933 -352947 -380 6517
1: 346332 1083 -76832 6517
2: -348004 247 -352947 6517
1: 348726 5097 -16807 6517
4: -348726 -5391 16807 6517
1: 350546 37753 -2793 6517
4: -350546 -39919 2793 6517
3: 352947 -87 948708 6517
1: 352947 147 -562438 6517
4: -352947 -171 511100 6517
2: -352947 315 -276526 6517
1: 352947 399 -207594 6517
2: -352947 423 -205770 6517
4: -352947 -441 198550 6517
3: 352947 -483 170392 6517
3: 352947 -609 135014 6517
2: -352947 855 -101498 6517
1: 352947 1083 -76862 6517
4: -352947 -1197 73530 6517
3: 352947 -1311 62396 6517
3: 352947 -1653 49362 6517
1: 352947 2001 -41876 6517
4: -352947 -2115 41876 6517
2: -352947 2205 -38988 6517
1: 352947 2793 -30172 6517
2: -352947 2961 -28880 6517
4: -352947 -3087 28880 6517
4: -352947 -3249 27470 6517
3: 352947 -3381 23826 6517
3: 352947 -4263 18772 6517
2: -352947 5985 -13984 6517
1: 352947 7581 -11496 6517
2: -352947 8037 -10260 6517
4: -352947 -8379 11020 6517
3: 352947 -9177 8398 6517
3: 352947 -11571 6536 6517
1: 352947 14007 -6498 6517
4: -352947 -14805 6498 6517
2: -352947 16245 -4772 6517
1: 352947 19551 -4826 6517
2: -352947 20727 -3610 6517
4: -352947 -22743 4440 6517
3: 352947 -23667 2888 6517
3: 352947 -24909 2714 6517
3: 352947 -29841 2166 6517
3: 352947 -31407 2028 6517
1: 352947 38019 -2774 6517
4: -352947 -40185 2774 6517
2: -352947 41895 -1482 6517
1: 352947 53067 -2158 6517
2: -352947 56259 -950 6517
4: -352947 -58653 2090 6517
3: 352947 -64239 684 6517
3: 352947 -80997 418 6517
1: 352947 98049 -1444 6517
4: -352947 -103635 1444 6517
2: -352947 113715 -166 6517
2: -352947 152703 30 6517
4: -352947 -159201 1150 6517
3: 352947 -174363 -128 6517
3: 352947 -219849 -226 6517
1: 352947 266133 -912 6517
4: -352947 -281295 912 6517
2: -352947 293265 304 6517
1: 352947 371469 -824 6517
2: -352947 393813 380 6517
3: 352947 -449673 -418 6517
3: 352947 -566979 -456 6517
1: 352947 686343 -722 6517
1: 352947 722361 -716 6517
4: -352947 -725445 722 6517
4: -352947 -763515 716 6517
2: -352947 796005 492 6517
3: 355348 -589 139650 6517
4: -358092 -59565 2058 6517
4: -361522 -95 918897 6517
3: 361722 -699 117649 6517
3: 362551 -16807 4332 6517
4: -362551 -16807 5776 6517
3: 364952 -109 757834 6517
2: -364952 115 -757834 6517
4: -364952 -1805 48902 6517
3: 364952 -39349 1519 6517
2: -364952 41515 -1519 6517
2: -364952 84035 -456 6517
4: -365332 -745 117649 6517
1: 368382 754851 -686 6517
1: 369754 2401 -35017 6517
2: -369754 2401 -35739 6517
4: -370097 -588245 722 6517
1: 371469 111 -745682 6517
4: -371469 -117 745682 6517
4: -371469 -171 510384 6517
1: 371469 2109 -39788 6517
4: -371469 -2223 39788 6517
1: 371469 352947 -806 6517
2: -376957 205 -424536 6517
2: -377986 823543 456 6517
4: -378672 -285 306299 6517
3: 385532 -361 228781 6517
4: -385532 -361 241815 6517
3: 386561 -2401 33934 6517
4: -386561 -2401 36822 6517
1: 386561 3211 -26334 6517
4: -386631 -352947 796 6517
2: -387714 151263 -28 6517
1: 388436 594419 -686 6517
2: -388962 8835 -9310 6517
1: 388962 11913 -7497 6517
3: 389158 -15485 4802 6517
2: -389158 16283 -4802 6517
3: 392392 -437 188993 6517
4: -394934 -247 352947 6517
2: -396508 8303 -9947 6517
2: -401793 352947 282 6517
3: 402682 -551 149891 6517
2: -403368 219 -396739 6517
2: -403368 1083 -79807 6517
3: 403368 -2565 31787 6517
2: -403368 7203 -11552 6517
1: 403368 9747 -9030 6517
1: 403368 64827 -1805 6517
2: -403368 79059 -574 6517
2: -403368 525819 361 6517
3: 404054 -43681 1372 6517
2: -404054 45847 -1372 6517
4: -405042 -73059 1715 6517
3: 405769 -2309 35378 6517
2: -405769 2423 -35378 6517
3: 408291 -151263 28 6517
3: 408652 -2429 33614 6517
2: -409374 573 -151263 6517
3: 410571 -1083 76048 6517
4: -410571 -50421 2242 6517
3: 412433 -117649 190 6517
4: -412433 -117649 1254 6517
4: -412972 -493 176890 6517
4: -412972 -10469 8820 6517
2: -417382 588245 361 6517
1: 417774 2379 -35378 6517
4: -417774 -2493 35378 6517
1: 417774 66063 -1764 6517
4: -417774 -151263 1083 6517
3: 418166 -28519 2401 6517
4: -419482 -588245 654 6517
4: -421287 -2625 33614 6517
1: 421648 84035 -1491 6517
3: 422968 -588245 -361 6517
1: 424536 891 -93639 6517
4: -424536 -933 93639 6517
2: -424536 352947 254 6517
1: 429779 884089 -588 6517
4: -429779 -925243 588 6517
3: 431053 -905 91238 6517
2: -431053 947 -91238 6517
4: -433552 -893 97755 6517
1: 434777 361 -230496 6517
2: -434777 361 -240100 6517
1: 435708 915 -91238 6517
4: -435708 -957 91238 6517
1: 436296 352947 -722 6517
3: 436982 -2491 32851 6517
2: -436982 2605 -32851 6517
3: 438254 -703 117649 6517
1: 439383 957999 -570 6517
4: -441864 -741 117649 6517
2: -446586 1083 -79674 6517
4: -450702 -1083 80605 6517
1: 450889 413 -201684 6517
3: 451388 -1805 45570 6517
1: 451388 16807 -5415 6517
2: -451388 16807 -4693 6517
4: -453789 -136857 1102 6517
1: 459192 352947 -698 6517
1: 459914 967 -86436 6517
4: -459914 -1009 86436 6517
4: -462802 -84035 1491 6517
3: 470596 -133 624948 6517
4: -470596 -133 652384 6517
1: 470596 343 -242953 6517
2: -470596 343 -252339 6517
3: 470596 -361 229959 6517
4: -470596 -361 240637 6517
1: 470596 931 -89794 6517
2: -470596 931 -92682 6517
1: 470596 2527 -33367 6517
2: -470596 2527 -33861 6517
1: 470596 2687 -31407 6517
4: -470596 -2801 31407 6517
3: 470596 -6517 12312 6517
4: -470596 -6517 13756 6517
3: 470596 -17689 4251 6517
4: -470596 -17689 5353 6517
3: 470596 -18809 3971 6517
2: -470596 19607 -3971 6517
3: 470596 -51053 1178 6517
2: -470596 53219 -1178 6517
1: 470596 123823 -1123 6517
2: -470596 123823 -249 6517
1: 470596 131663 -1083 6517
4: -470596 -137249 1083 6517
1: 470596 357371 -684 6517
4: -470596 -372533 684 6517
3: 470596 -921641 -361 6517
2: -470596 960743 361 6517
1: 470596 970007 -537 6517
4: -475398 -50421 2166 6517
1: 475741 51623 -2058 6517
4: -475741 -53789 2058 6517
1: 476159 184877 -896 6517
1: 477603 19095 -4802 6517
4: -477603 -19893 4802 6517
3: 482258 -145 573496 6517
2: -482258 151 -573496 6517
2: -483379 161 -537824 6517
1: 487403 2785 -30324 6517
4: -487403 -2899 30324 6517
3: 487403 -12005 6498 6517
4: -487403 -80503 1512 6517
1: 494214 42237 -2401 6517
2: -495292 95 -911351 6517
3: 495292 -149 558404 6517
2: -495292 155 -558404 6517
4: -495292 -589 147490 6517
1: 495292 2831 -29841 6517
4: -495292 -2945 29841 6517
3: 495292 -117649 279 6517
4: -495292 -117649 1165 6517
4: -495292 -588245 576 6517
4: -496736 -184877 896 6517
3: 501809 -151 551152 6517
2: -501809 157 -551152 6517
2: -504602 30685 -2401 6517
2: -507927 855 -100842 6517
2: -509012 2299 -37240 6517
4: -515872 -1805 48363 6517
4: -518616 -85557 1421 6517
4: -521017 -95 911316 6517
3: 521017 -56639 1064 6517
2: -521017 58805 -1064 6517
3: 523222 -361 230496 6517
4: -523222 -361 240100 6517
4: -524894 -161 537824 6517
1: 525819 57171 -1862 6517
4: -525819 -59337 1862 6517
2: -527877 11913 -6860 6517
4: -537824 -589 147231 6517
1: 537824 45619 -2223 6517
2: -537824 45619 -1501 6517
1: 547428 1083 -77420 6517
3: 547428 -11913 6615 6517
3: 547428 -252105 -57 6517
2: -547637 420175 182 6517
3: 557384 -413 201684 6517
2: -566447 588245 228 6517
1: 566636 323 -258818 6517
1: 568694 117649 -1083 6517
2: -568694 117649 -361 6517
2: -569658 1701 -50421 6517
3: 571438 -95 878465 6517
1: 571438 2489 -33915 6517
3: 573496 -173 482258 6517
2: -573496 179 -482258 6517
3: 574028 -588245 -228 6517
1: 581042 319333 -627 6517
2: -581042 319333 95 6517
3: 585158 -22021 3430 6517
1: 588588 135 -619115 6517
2: -590646 171 -504602 6517
2: -592018 10469 -7889 6517
2: -592116 352947 114 6517
4: -594762 -2679 32585 6517
4: -595056 -42237 2401 6517
3: 595448 -64885 931 6517
2: -595448 67051 -931 6517
3: 595448 -319333 -95 6517
4: -595448 -319333 627 6517
1: 598538 117649 -1065 6517
2: -598538 117649 -379 6517
1: 605052 267 -313348 6517
2: -605052 5415 -15589 6517
2: -605052 13623 -5985 6517
1: 605052 96387 -1218 6517
1: 606081 1083 -77518 6517
3: 607796 -117649 361 6517
4: -607796 -117649 1083 6517
4: -607924 -12593 7203 6517
3: 611667 -1083 76832 6517
3: 612598 -1805 45962 6517
4: -615391 -6137 14406 6517
3: 616371 -9747 8232 6517
3: 617253 -16245 4802 6517
1: 620198 121765 -1029 6517
2: -621642 171 -504210 6517
1: 621859 817 -102676 6517
1: 625632 9747 -8918 6517
2: -625632 352947 95 6517
1: 626563 9025 -9604 6517
2: -627627 135 -638666 6517
1: 628292 131 -638666 6517
1: 629062 56677 -1813 6517
2: -634277 95 -907578 6517
1: 636804 1347 -62426 6517
4: -636804 -1389 62426 6517
1: 638666 193 -433713 6517
3: 638666 -193 433048 6517
2: -638666 199 -433048 6517
4: -638666 -199 433713 6517
1: 638666 361 -232029 6517
2: -638666 361 -238567 6517
3: 638666 -361 231364 6517
4: -638666 -361 239232 6517
1: 638666 2401 -35169 6517
2: -638666 2401 -35587 6517
3: 638666 -2401 34504 6517
4: -638666 -2401 36252 6517
1: 638666 69673 -1533 6517
3: 638666 -69673 868 6517
2: -638666 71839 -868 6517
4: -638666 -71839 1533 6517
1: 638666 463393 -513 6517
3: 638666 -463393 -152 6517
2: -638666 477799 152 6517
4: -638666 -477799 513 6517
1: 638666 866761 -429 6517
2: -638666 866761 233 6517
3: 638666 -866761 -236 6517
4: -638666 -866761 432 6517
3: 639692 -117649 379 6517
4: -639692 -117649 1065 6517
1: 645183 5415 -15778 6517
4: -651966 -321 268912 6517
2: -655473 410571 114 6517
4: -661352 -121765 1029 6517
2: -663518 129997 -343 6517
3: 663879 -1239 67228 6517
2: -665077 1805 -47432 6517
1: 671251 823543 -418 6517
3: 674681 -361 231574 6517
4: -674681 -361 239022 6517
2: -675024 131043 -343 6517
1: 676704 352947 -551 6517
3: 677768 -588245 -171 6517
1: 681492 40071 -2401 6517
4: -681884 -13357 6762 6517
1: 689871 1461 -57624 6517
4: -689871 -1503 57624 6517
4: -691866 -352947 551 6517
2: -692664 1083 -79233 6517
4: -697452 -285 302526 6517
4: -700112 -1805 48020 6517
2: -701092 84035 -722 6517
3: 704672 -129997 343 6517
4: -705698 -19133 4802 6517
3: 705894 -99 845823 6517
2: -705894 147 -585542 6517
1: 705894 171 -490162 6517
2: -705894 273 -315153 6517
4: -705894 -321 268584 6517
3: 705894 -369 226708 6517
2: -705894 399 -215536 6517
1: 705894 441 -190247 6517
3: 705894 -693 120574 6517
2: -705894 741 -115919 6517
2: -705894 1083 -79218 6517
1: 705894 1197 -70281 6517
3: 705894 -1881 44232 6517
2: -705894 1911 -44764 6517
4: -705894 -2247 38627 6517
3: 705894 -2583 32129 6517
2: -705894 2793 -30533 6517
1: 705894 3087 -27436 6517
1: 705894 3249 -26083 6517
1: 705894 4059 -20938 6517
4: -705894 -4173 20938 6517
3: 705894 -4851 16967 6517
2: -705894 5187 -16302 6517
4: -705894 -6099 14421 6517
3: 705894 -7011 11647 6517
2: -705894 7581 -11059 6517
1: 705894 8379 -10298 6517
3: 705894 -13167 6061 6517
2: -705894 13377 -6137 6517
2: -705894 14079 -5816 6517
4: -705894 -15729 5776 6517
3: 705894 -18081 4332 6517
2: -705894 19551 -4104 6517
1: 705894 22743 -3984 6517
1: 705894 28413 -3249 6517
4: -705894 -29211 3249 6517
3: 705894 -33957 2166 6517
3: 705894 -35739 2043 6517
2: -705894 36309 -2071 6517
4: -705894 -42693 2318 6517
3: 705894 -49077 1406 6517
2: -705894 53067 -1322 6517
1: 705894 77121 -1387 6517
4: -705894 -79287 1387 6517
3: 705894 -92169 608 6517
2: -705894 98553 -573 6517
4: -705894 -110103 1083 6517
4: -705894 -115881 1044 6517
3: 705894 -126567 361 6517
3: 705894 -133209 328 6517
1: 705894 159201 -827 6517
1: 705894 198891 -722 6517
4: -705894 -204477 722 6517
3: 705894 -250173 34 6517
2: -705894 254163 -38 6517
4: -705894 -298851 589 6517
3: 705894 -343539 -57 6517
2: -705894 371469 69 6517
1: 705894 539847 -456 6517
4: -705894 -555009 456 6517
3: 705894 -645183 -171 6517
2: -705894 689871 176 6517
4: -705894 -811167 407 6517
3: 705894 -932463 -211 6517
2: -712614 639 -134456 6517
3: 722722 -151 554631 6517
3: 725102 -16807 4693 6517
4: -725102 -16807 5415 6517
3: 729904 -221 378917 6517
2: -729904 227 -378917 6517
4: -735357 -513 168070 6517
3: 739508 -437 191520 6517
1: 739508 55223 -1805 6517
1: 739508 307211 -560 6517
1: 742938 171 -490490 6517
1: 742938 225 -372841 6517
4: -742938 -627 137543 6517
1: 742938 4275 -19894 6517
2: -747992 5035 -16807 6517
1: 750158 1001 -84035 6517
4: -763154 -197 436982 6517
2: -763861 347 -247646 6517
1: 765576 339 -247646 6517
1: 771799 117649 -988 6517
2: -771799 117649 -456 6517
3: 773122 -2401 34656 6517
4: -773122 -2401 36100 6517
4: -773122 -996415 361 6517
1: 773262 5073 -16807 6517
3: 773262 -352947 -37 6517
1: 775523 789929 -380 6517
3: 778316 -31369 2401 6517
2: -778316 32167 -2401 6517
3: 779038 -588245 -130 6517
2: -790958 12673 -6517 6517
2: -794143 157 -547428 6517
2: -799729 16967 -4802 6517
1: 803586 352947 -502 6517
1: 806736 7203 -11913 6517
2: -808108 90611 -686 6517
3: 811538 -4675 17689 6517
2: -811538 4789 -17689 6517
4: -813694 -1159 74431 6517
2: -813939 50421 -1444 6517
4: -821142 -1083 79625 6517
2: -821142 18411 -4410 6517
3: 821142 -50421 1406 6517
1: 823543 25039 -3610 6517
3: 823543 -32585 2318 6517
1: 823543 423605 -456 6517
3: 824866 -117649 456 6517
4: -824866 -117649 988 6517
4: -825944 -184877 722 6517
1: 835548 4815 -17689 6517
4: -835548 -4929 17689 6517
4: -841722 -5415 16121 6517
4: -845152 -359917 490 6517
2: -849072 7011 -12005 6517
1: 849072 352947 -488 6517
1: 856128 13395 -6517 6517
2: -857157 136857 -380 6517
2: -862068 567 -151263 6517
3: 862106 -1831 45619 6517
2: -862106 1873 -45619 6517
1: 866761 263 -319578 6517
3: 866761 -263 319088 6517
2: -866761 269 -319088 6517
4: -866761 -269 319578 6517
1: 866761 4997 -17052 6517
3: 866761 -4997 16562 6517
2: -866761 5111 -16562 6517
4: -866761 -5111 17052 6517
1: 866761 16807 -5242 6517
2: -866761 16807 -4866 6517
3: 866761 -16807 4752 6517
4: -866761 -16807 5356 6517
1: 866761 319333 -508 6517
2: -866761 319333 -24 6517
3: 866761 -319333 18 6517
4: -866761 -319333 514 6517
4: -867692 -377 228095 6517
4: -869162 -19475 4655 6517
1: 869554 361 -232897 6517
2: -869554 361 -237699 6517
1: 871416 1851 -45619 6517
4: -871416 -1893 45619 6517
1: 876508 170471 -735 6517
2: -876869 1273 -67228 6517
2: -878766 957999 152 6517
3: 885969 -957999 -152 6517
1: 888174 18411 -4802 6517
1: 890948 455 -184877 6517
4: -893172 -405 212268 6517
1: 893172 1083 -77812 6517
2: -905177 1045 -81928 6517
3: 907578 -19893 3990 6517
3: 907578 -136857 380 6517
1: 908998 385 -218491 6517
4: -917662 -170471 735 6517
2: -918384 352947 -12 6517
3: 919828 -437 192080 6517
1: 919828 1955 -43218 6517
4: -919828 -1997 43218 6517
3: 919828 -588245 -88 6517
3: 931588 -125 672182 6517
2: -933744 99 -866761 6517
1: 934234 97 -866761 6517
3: 938961 -352947 12 6517
3: 941192 -133 631807 6517
4: -941192 -133 645525 6517
4: -941192 -245 350531 6517
1: 941192 931 -90516 6517
2: -941192 931 -91960 6517
4: -941192 -1109 77615 6517
2: -941192 1715 -49818 6517
4: -941192 -1805 47774 6517
3: 941192 -6517 12673 6517
4: -941192 -6517 13395 6517
2: -941192 7763 -10830 6517
2: -941192 12635 -6567 6517
4: -941192 -54341 1805 6517
4: -941192 -88445 1196 6517
3: 941192 -103189 589 6517
2: -941192 105355 -589 6517
4: -941192 -400349 440 6517
2: -941192 619115 87 6517
1: 941192 722323 -342 6517
4: -941192 -737485 342 6517
1: 946337 45847 -2058 6517
3: 950796 -50421 1444 6517
1: 951482 104329 -1029 6517
4: -951482 -106495 1029 6517
1: 955206 38589 -2401 6517
4: -955206 -39387 2401 6517
1: 957999 291 -289142 6517
4: -957999 -297 289142 6517
1: 957999 1083 -77854 6517
1: 957999 7203 -11894 6517
2: -957999 9747 -8582 6517
2: -957999 64827 -1102 6517
1: 957999 105051 -1022 6517
4: -957999 -107217 1022 6517
1: 957999 698691 -342 6517
4: -957999 -713097 342 6517
2: -959538 189 -453789 6517
3: 964516 -293 286748 6517
2: -964516 299 -286748 6517
4: -964592 -365 235298 6517
1: 974806 5627 -15162 6517
4: -974806 -5741 15162 6517
3: 981764 -97 866761 6517
4: -982254 -99 866761 6517
1: 984808 91 -924385 6517
1: 988057 313 -268912 6517
2: -990584 307 -279202 6517
1: 991613 12005 -7220 6517
4: -997101 -352947 456 6517
