Command line:- ../do_t 221 1000000
2: -1 35 -683774 221
2: -1 65 -255476 221
4: -1 -65 743886 221
2: -1 85 -137904 221
4: -1 -85 626314 221
2: -1 91 -112710 221
4: -1 -91 601120 221
2: -1 95 -97682 221
4: -1 -95 586092 221
2: -1 119 -28730 221
4: -1 -119 517140 221
4: -1 -133 488410 221
1: 1 169 -53176 221
2: -1 169 52020 221
3: 1 -169 -435234 221
4: -1 -169 436390 221
1: 1 221 -98124 221
2: -1 221 97240 221
3: 1 -221 -390286 221
4: -1 -221 391170 221
2: -1 247 112710 221
4: -1 -247 375700 221
1: 1 289 -132496 221
2: -1 289 131820 221
3: 1 -289 -355914 221
4: -1 -289 356590 221
2: -1 323 143650 221
4: -1 -323 344760 221
2: -1 455 172822 221
4: -1 -455 315588 221
2: -1 595 189618 221
4: -1 -595 298792 221
1: 1 661 -195364 221
3: 1 -661 -293046 221
2: -1 665 195364 221
4: -1 -665 293046 221
2: -1 845 205768 221
4: -1 -845 282642 221
2: -1 1105 214812 221
4: -1 -1105 273598 221
2: -1 1183 216750 221
4: -1 -1183 271660 221
2: -1 1235 217906 221
4: -1 -1235 270504 221
2: -1 1445 221728 221
4: -1 -1445 266682 221
2: -1 1547 223210 221
4: -1 -1547 265200 221
2: -1 1615 224094 221
4: -1 -1615 264316 221
2: -1 1729 225420 221
4: -1 -1729 262990 221
2: -1 2023 228150 221
4: -1 -2023 260260 221
2: -1 2261 229840 221
4: -1 -2261 258570 221
1: 1 2873 -232968 221
2: -1 2873 232900 221
3: 1 -2873 -255442 221
4: -1 -2873 255510 221
2: -1 3211 234090 221
4: -1 -3211 254320 221
1: 1 3757 -235612 221
2: -1 3757 235560 221
3: 1 -3757 -252798 221
4: -1 -3757 252850 221
2: -1 4199 236470 221
4: -1 -4199 251940 221
2: -1 5491 238290 221
4: -1 -5491 250120 221
2: -1 5915 238714 221
4: -1 -5915 249696 221
2: -1 7735 240006 221
4: -1 -7735 248404 221
1: 1 8593 -240448 221
3: 1 -8593 -247962 221
2: -1 8645 240448 221
4: -1 -8645 247962 221
2: -1 10115 240994 221
4: -1 -10115 247416 221
1: 1 11237 -241332 221
3: 1 -11237 -247078 221
2: -1 11305 241332 221
4: -1 -11305 247078 221
2: -1 14365 241944 221
4: -1 -14365 246466 221
2: -1 16055 242182 221
4: -1 -16055 246228 221
2: -1 18785 242476 221
4: -1 -18785 245934 221
2: -1 20111 242590 221
4: -1 -20111 245820 221
2: -1 20995 242658 221
4: -1 -20995 245752 221
2: -1 22477 242760 221
4: -1 -22477 245650 221
2: -1 26299 242970 221
4: -1 -26299 245440 221
2: -1 27455 243022 221
4: -1 -27455 245388 221
2: -1 29393 243100 221
4: -1 -29393 245310 221
2: -1 38437 243360 221
4: -1 -38437 245050 221
1: 1 48841 -243544 221
2: -1 48841 243540 221
3: 1 -48841 -244866 221
4: -1 -48841 244870 221
2: -1 54587 243610 221
4: -1 -54587 244800 221
2: -1 71383 243750 221
4: -1 -71383 244660 221
2: -1 100555 243882 221
4: -1 -100555 244528 221
1: 1 111709 -243916 221
3: 1 -111709 -244494 221
2: -1 112385 243916 221
4: -1 -112385 244494 221
2: -1 131495 243958 221
4: -1 -131495 244452 221
1: 1 146081 -243984 221
3: 1 -146081 -244426 221
2: -1 146965 243984 221
4: -1 -146965 244426 221
1: 1 191029 -244036 221
3: 1 -191029 -244374 221
2: -1 192185 244036 221
4: -1 -192185 244374 221
2: -1 244205 244072 221
4: -1 -244205 244338 221
2: -1 272935 244086 221
4: -1 -272935 244324 221
2: -1 341887 244110 221
4: -1 -341887 244300 221
2: -1 356915 244114 221
4: -1 -356915 244296 221
2: -1 382109 244120 221
4: -1 -382109 244290 221
2: -1 499681 244140 221
4: -1 -499681 244270 221
2: -1 927979 244170 221
4: -1 -927979 244240 221
1: 2 17 824551 221
2: -2 17 -836043 221
2: -2 23 -586092 221
4: -2 -23 830297 221
2: -2 29 -439569 221
4: -2 -29 683774 221
1: 2 169 -26877 221
2: -2 169 25721 221
3: 2 -169 -217328 221
4: -2 -169 218484 221
1: 2 221 -49283 221
2: -2 221 48399 221
3: 2 -221 -194922 221
4: -2 -221 195806 221
1: 2 289 -66417 221
2: -2 289 65741 221
3: 2 -289 -177788 221
4: -2 -289 178464 221
2: -2 299 67626 221
4: -2 -299 176579 221
2: -2 377 78897 221
4: -2 -377 165308 221
2: -2 391 80444 221
4: -2 -391 163761 221
2: -2 493 89063 221
4: -2 -493 155142 221
1: 2 659 -97682 221
3: 2 -659 -146523 221
2: -2 667 97682 221
4: -2 -667 146523 221
1: 2 2873 -116501 221
2: -2 2873 116433 221
3: 2 -2873 -127704 221
4: -2 -2873 127772 221
1: 2 3757 -117819 221
2: -2 3757 117767 221
3: 2 -3757 -126386 221
4: -2 -3757 126438 221
2: -2 3887 117912 221
4: -2 -3887 126293 221
2: -2 4901 118779 221
4: -2 -4901 125426 221
2: -2 5083 118898 221
4: -2 -5083 125307 221
2: -2 6409 119561 221
4: -2 -6409 124644 221
2: -2 6647 119652 221
4: -2 -6647 124553 221
2: -2 8381 120159 221
4: -2 -8381 124046 221
1: 2 8567 -120224 221
3: 2 -8567 -123981 221
2: -2 8671 120224 221
4: -2 -8671 123981 221
1: 2 11203 -120666 221
3: 2 -11203 -123539 221
2: -2 11339 120666 221
4: -2 -11339 123539 221
1: 2 48841 -121773 221
2: -2 48841 121769 221
3: 2 -48841 -122432 221
4: -2 -48841 122436 221
2: -2 66079 121856 221
4: -2 -66079 122349 221
2: -2 83317 121907 221
4: -2 -83317 122298 221
2: -2 86411 121914 221
4: -2 -86411 122291 221
2: -2 108953 121953 221
4: -2 -108953 122252 221
1: 2 111371 -121958 221
3: 2 -111371 -122247 221
2: -2 112723 121958 221
4: -2 -112723 122247 221
1: 2 145639 -121992 221
3: 2 -145639 -122213 221
2: -2 147407 121992 221
4: -2 -147407 122213 221
1: 2 190451 -122018 221
3: 2 -190451 -122187 221
2: -2 192763 122018 221
4: -2 -192763 122187 221
4: -3 -39 360672 221
2: -3 51 -132158 221
3: 3 -117 -172822 221
1: 3 153 -11492 221
4: -3 -507 102884 221
3: 3 -657 -97682 221
2: -3 663 64974 221
4: -3 -669 97682 221
4: -3 -867 93964 221
3: 3 -1521 -88434 221
1: 3 1989 -76024 221
3: 3 -2601 -85514 221
3: 3 -8541 -82654 221
2: -3 8619 80138 221
4: -3 -8697 82654 221
1: 3 11169 -80444 221
4: -3 -11271 82368 221
2: -3 11373 80444 221
1: 3 25857 -80988 221
3: 3 -33813 -81718 221
3: 3 -111033 -81498 221
4: -3 -113061 81498 221
1: 3 145197 -81328 221
4: -3 -146523 81476 221
2: -3 147849 81328 221
3: 3 -189873 -81458 221
4: -3 -193341 81458 221
3: 3 -439569 -81426 221
2: -4 11 -683774 221
3: 4 -13 -676260 221
4: -4 -13 691288 221
3: 4 -17 -531505 221
4: -4 -17 542997 221
4: -4 -61 195364 221
3: 4 -65 -184093 221
3: 4 -85 -155142 221
2: -4 143 3757 221
3: 4 -169 -108375 221
4: -4 -169 109531 221
2: -4 187 17238 221
3: 4 -221 -97240 221
4: -4 -221 98124 221
3: 4 -289 -88725 221
4: -4 -289 89401 221
1: 4 655 -48841 221
2: -4 671 48841 221
4: -4 -793 71383 221
3: 4 -845 -70516 221
4: -4 -1037 68952 221
3: 4 -1105 -68289 221
3: 4 -1445 -66586 221
1: 4 1703 -56355 221
2: -4 1859 56644 221
1: 4 2227 -57460 221
2: -4 2431 57681 221
3: 4 -2873 -63835 221
4: -4 -2873 63903 221
2: -4 3179 58474 221
3: 4 -3757 -63180 221
4: -4 -3757 63232 221
1: 4 8515 -60112 221
2: -4 8723 60112 221
4: -4 -10309 61846 221
1: 4 11135 -60333 221
2: -4 11407 60333 221
4: -4 -13481 61659 221
3: 4 -14365 -61608 221
4: -4 -17629 61516 221
3: 4 -18785 -61477 221
1: 4 22139 -60690 221
1: 4 28951 -60775 221
2: -4 31603 60792 221
1: 4 37859 -60840 221
2: -4 41327 60853 221
3: 4 -48841 -61215 221
4: -4 -48841 61219 221
1: 4 110695 -60979 221
2: -4 113399 60979 221
1: 4 144755 -60996 221
2: -4 148291 60996 221
4: -4 -175253 61098 221
1: 4 189295 -61009 221
2: -4 193919 61009 221
4: -4 -229177 61087 221
3: 4 -244205 -61084 221
1: 4 376363 -61030 221
1: 4 492167 -61035 221
2: -4 537251 61036 221
3: 6 -21 -293046 221
4: -6 -27 244205 221
3: 6 -39 -176579 221
1: 6 51 63206 221
3: 6 -93 -97682 221
3: 6 -273 -60112 221
4: -6 -351 56355 221
1: 6 357 -25857 221
2: -6 459 28730 221
3: 6 -507 -51153 221
3: 6 -651 -48841 221
1: 6 663 -32708 221
4: -6 -675 48841 221
3: 6 -867 -46813 221
3: 6 -1209 -45084 221
1: 6 1581 -37349 221
2: -6 1755 37570 221
4: -6 -2295 43095 221
3: 6 -3549 -42194 221
4: -6 -4563 41905 221
1: 6 4641 -39559 221
2: -6 5967 39780 221
3: 6 -6069 -41574 221
4: -6 -7803 41405 221
3: 6 -8463 -41327 221
1: 6 8619 -40086 221
4: -6 -8775 41327 221
1: 6 11067 -40222 221
3: 6 -11271 -41171 221
2: -6 11475 40222 221
3: 6 -15717 -41038 221
1: 6 20553 -40443 221
2: -6 22815 40460 221
3: 6 -26877 -40898 221
4: -6 -29835 40885 221
2: -6 39015 40560 221
1: 6 60333 -40613 221
2: -6 77571 40630 221
3: 6 -78897 -40768 221
4: -6 -101439 40755 221
3: 6 -110019 -40749 221
4: -6 -114075 40749 221
1: 6 143871 -40664 221
3: 6 -146523 -40737 221
2: -6 149175 40664 221
3: 6 -188139 -40729 221
4: -6 -195075 40729 221
1: 6 267189 -40681 221
3: 6 -349401 -40716 221
4: -6 -387855 40715 221
2: -6 507195 40690 221
3: 7 -13 -383214 221
4: -7 -13 398242 221
1: 7 169 -8092 221
2: -7 169 6936 221
1: 7 3179 -33462 221
1: 7 11033 -34476 221
2: -7 11509 34476 221
3: 7 -17051 -35152 221
3: 7 -41327 -34996 221
3: 7 -143429 -34918 221
4: -7 -149617 34918 221
1: 7 221663 -34866 221
1: 7 537251 -34878 221
3: 8 -13 -334373 221
4: -8 -13 349401 221
2: -8 91 -15028 221
3: 8 -221 -48399 221
4: -8 -221 49283 221
4: -8 -1261 33813 221
2: -8 1547 27846 221
3: 8 -3757 -31577 221
4: -8 -3757 31629 221
1: 8 8411 -30056 221
2: -8 8827 30056 221
4: -8 -21437 30719 221
2: -8 26299 30368 221
1: 8 142987 -30498 221
2: -8 150059 30498 221
4: -8 -364429 30537 221
2: -9 39 -67626 221
3: 9 -195 -45084 221
1: 9 507 -20230 221
4: -9 -663 32708 221
3: 9 -2193 -28730 221
1: 9 3315 -26078 221
3: 9 -8619 -27540 221
2: -9 11271 26806 221
1: 9 37281 -27040 221
3: 9 -56355 -27196 221
3: 9 -109005 -27166 221
4: -9 -115089 27166 221
1: 9 146523 -27110 221
2: -11 5 -586092 221
3: 11 -17 -189618 221
4: -11 -17 201110 221
2: -11 1105 19448 221
3: 11 -3757 -22958 221
4: -11 -3757 23010 221
3: 11 -8333 -22542 221
4: -11 -8905 22542 221
2: -11 30277 22100 221
2: -11 244205 22188 221
2: -12 51 -34476 221
3: 12 -153 -37349 221
2: -12 663 16133 221
3: 12 -1989 -21658 221
2: -12 8619 20026 221
1: 12 10863 -20111 221
2: -12 11679 20111 221
3: 12 -25857 -20451 221
1: 12 141219 -20332 221
2: -12 151827 20332 221
1: 13 7 323102 221
3: 13 -7 -360672 221
1: 13 17 121992 221
2: -13 17 -133484 221
3: 13 -17 -159562 221
4: -13 -17 171054 221
1: 13 49 30056 221
3: 13 -49 -67626 221
2: -13 53 -30056 221
4: -13 -53 67626 221
1: 13 119 1326 221
3: 13 -119 -38896 221
1: 13 169 -4624 221
2: -13 169 3468 221
3: 13 -169 -32946 221
4: -13 -169 34102 221
1: 13 289 -10504 221
2: -13 289 9828 221
3: 13 -289 -27066 221
4: -13 -289 27742 221
1: 13 833 -15912 221
3: 13 -833 -21658 221
2: -13 901 15912 221
4: -13 -901 21658 221
1: 13 1183 -16762 221
3: 13 -1183 -20808 221
1: 13 2023 -17602 221
3: 13 -2023 -19968 221
1: 13 2873 -17952 221
2: -13 2873 17884 221
3: 13 -2873 -19618 221
4: -13 -2873 19686 221
1: 13 8281 -18496 221
3: 13 -8281 -19074 221
2: -13 8957 18496 221
4: -13 -8957 19074 221
1: 13 14161 -18616 221
3: 13 -14161 -18954 221
2: -13 15317 18616 221
4: -13 -15317 18954 221
1: 13 20111 -18666 221
3: 13 -20111 -18904 221
1: 13 48841 -18736 221
2: -13 48841 18732 221
3: 13 -48841 -18834 221
4: -13 -48841 18838 221
1: 13 140777 -18768 221
3: 13 -140777 -18802 221
2: -13 152269 18768 221
4: -13 -152269 18802 221
1: 13 341887 -18778 221
3: 13 -341887 -18792 221
3: 14 -13 -187850 221
4: -14 -13 202878 221
1: 14 85 8619 221
1: 14 169 -4335 221
2: -14 169 3179 221
3: 14 -1105 -19448 221
3: 14 -1651 -18785 221
1: 14 10795 -17238 221
2: -14 11747 17238 221
1: 14 14365 -17289 221
1: 14 21463 -17340 221
3: 14 -140335 -17459 221
4: -14 -152711 17459 221
4: -16 -5 439569 221
4: -16 -85 40222 221
4: -16 -1445 16731 221
2: -16 2363 14365 221
1: 16 8203 -15028 221
2: -16 9035 15028 221
2: -16 40171 15210 221
1: 16 139451 -15249 221
2: -16 153595 15249 221
1: 17 13 124644 221
2: -17 13 -139672 221
3: 17 -13 -153374 221
4: -17 -13 168402 221
1: 17 37 34476 221
3: 17 -37 -63206 221
2: -17 41 -34476 221
4: -17 -41 63206 221
1: 17 169 -3672 221
2: -17 169 2516 221
3: 17 -169 -25058 221
4: -17 -169 26214 221
1: 17 289 -8112 221
2: -17 289 7436 221
3: 17 -289 -20618 221
4: -17 -289 21294 221
1: 17 481 -10608 221
3: 17 -481 -18122 221
2: -17 533 10608 221
4: -17 -533 18122 221
1: 17 3757 -13884 221
2: -17 3757 13832 221
3: 17 -3757 -14846 221
4: -17 -3757 14898 221
1: 17 6253 -14076 221
3: 17 -6253 -14654 221
2: -17 6929 14076 221
4: -17 -6929 14654 221
1: 17 10693 -14196 221
3: 17 -10693 -14534 221
2: -17 11849 14196 221
4: -17 -11849 14534 221
1: 17 48841 -14328 221
2: -17 48841 14324 221
3: 17 -48841 -14402 221
4: -17 -48841 14406 221
1: 17 139009 -14352 221
3: 17 -139009 -14378 221
2: -17 154037 14352 221
4: -17 -154037 14378 221
1: 18 39 30056 221
2: -18 507 9826 221
3: 18 -663 -16133 221
1: 18 741 -11271 221
3: 18 -5577 -13872 221
4: -18 -8619 13787 221
1: 18 11271 -13416 221
3: 18 -12597 -13702 221
1: 18 94809 -13549 221
3: 18 -105963 -13583 221
4: -18 -118131 13583 221
2: -18 146523 13554 221
1: 18 214149 -13559 221
3: 19 -65 -37570 221
1: 19 48841 -12820 221
2: -19 48841 12816 221
3: 19 -93925 -12870 221
1: 19 180625 -12844 221
2: -19 202589 12844 221
2: -21 15 -97682 221
1: 21 351 -7514 221
4: -21 -867 13520 221
2: -21 2535 10982 221
1: 21 10557 -11492 221
2: -21 11985 11492 221
2: -21 23829 11560 221
4: -21 -146523 11640 221
3: 22 -17 -91936 221
4: -22 -17 103428 221
4: -22 -1183 12427 221
3: 22 -3757 -11466 221
4: -22 -3757 11518 221
3: 22 -8047 -11271 221
4: -22 -9191 11271 221
4: -22 -29189 11154 221
1: 23 13 90168 221
2: -23 13 -105196 221
1: 23 289 -6084 221
2: -23 289 5408 221
1: 23 136357 -10608 221
2: -23 156689 10608 221
1: 24 51 14365 221
4: -24 -117 22542 221
1: 24 195 -3757 221
1: 24 8619 -10030 221
1: 24 20787 -10115 221
4: -24 -33813 10218 221
1: 24 35547 -10140 221
1: 24 56355 -10153 221
1: 24 135915 -10166 221
2: -24 157131 10166 221
2: -26 5 -259233 221
4: -26 -5 278018 221
2: -26 11 -112710 221
4: -26 -11 131495 221
1: 26 17 58123 221
2: -26 17 -69615 221
3: 26 -17 -76908 221
4: -26 -17 88400 221
1: 26 47 15028 221
3: 26 -47 -33813 221
2: -26 55 -15028 221
4: -26 -55 33813 221
2: -26 85 -6409 221
4: -26 -85 25194 221
1: 26 169 -2601 221
2: -26 169 1445 221
3: 26 -169 -16184 221
4: -26 -169 17340 221
2: -26 187 2210 221
4: -26 -187 16575 221
1: 26 289 -5421 221
2: -26 289 4745 221
3: 26 -289 -13364 221
4: -26 -289 14040 221
1: 26 799 -7956 221
3: 26 -799 -10829 221
2: -26 845 7803 221
4: -26 -845 10982 221
2: -26 935 7956 221
4: -26 -935 10829 221
2: -26 1445 8463 221
4: -26 -1445 10322 221
2: -26 1859 8670 221
4: -26 -1859 10115 221
1: 26 2873 -8993 221
2: -26 2873 8925 221
3: 26 -2873 -9792 221
4: -26 -2873 9860 221
2: -26 3179 8970 221
4: -26 -3179 9815 221
1: 26 7943 -9248 221
3: 26 -7943 -9537 221
2: -26 9295 9248 221
4: -26 -9295 9537 221
1: 26 13583 -9308 221
3: 26 -13583 -9477 221
2: -26 14365 9299 221
4: -26 -14365 9486 221
2: -26 15895 9308 221
4: -26 -15895 9477 221
2: -26 31603 9350 221
4: -26 -31603 9435 221
1: 26 48841 -9369 221
2: -26 48841 9365 221
3: 26 -48841 -9416 221
4: -26 -48841 9420 221
1: 26 135031 -9384 221
3: 26 -135031 -9401 221
2: -26 158015 9384 221
4: -26 -158015 9401 221
2: -26 244205 9387 221
4: -26 -244205 9398 221
2: -26 537251 9390 221
4: -26 -537251 9395 221
4: -27 -51 34476 221
1: 27 867 -7774 221
3: 27 -4641 -9282 221
3: 27 -326859 -9048 221
3: 28 -13 -90168 221
4: -28 -13 105196 221
1: 28 10319 -8619 221
2: -28 12223 8619 221
1: 29 5 195364 221
3: 29 -169 -14450 221
4: -29 -169 15606 221
2: -29 1339 7514 221
3: 29 -1445 -9126 221
3: 29 -2431 -8840 221
3: 29 -34969 -8450 221
1: 29 48841 -8400 221
2: -29 48841 8396 221
4: -29 -386971 8424 221
3: 31 -289 -11154 221
4: -31 -289 11830 221
1: 31 2873 -7548 221
2: -31 2873 7480 221
1: 32 7787 -7514 221
2: -32 9451 7514 221
3: 33 -39 -30056 221
3: 33 -7761 -7514 221
4: -33 -9477 7514 221
1: 34 1 847535 221
3: 34 -1 -861900 221
1: 34 5 163761 221
3: 34 -5 -178126 221
1: 34 7 114920 221
3: 34 -7 -129285 221
1: 34 13 58565 221
2: -34 13 -73593 221
3: 34 -13 -72930 221
4: -34 -13 87958 221
1: 34 35 17238 221
3: 34 -35 -31603 221
2: -34 43 -17238 221
4: -34 -43 31603 221
1: 34 65 5967 221
3: 34 -65 -20332 221
1: 34 91 2210 221
3: 34 -91 -16575 221
1: 34 169 -2125 221
2: -34 169 969 221
3: 34 -169 -12240 221
4: -34 -169 13396 221
1: 34 289 -4225 221
2: -34 289 3549 221
3: 34 -289 -10140 221
4: -34 -289 10816 221
1: 34 455 -5304 221
3: 34 -455 -9061 221
2: -34 559 5304 221
4: -34 -559 9061 221
1: 34 845 -6171 221
3: 34 -845 -8194 221
1: 34 1183 -6460 221
3: 34 -1183 -7905 221
1: 34 1445 -6591 221
3: 34 -1445 -7774 221
1: 34 2023 -6760 221
3: 34 -2023 -7605 221
1: 34 3757 -6955 221
2: -34 3757 6903 221
3: 34 -3757 -7410 221
4: -34 -3757 7462 221
1: 34 5915 -7038 221
3: 34 -5915 -7327 221
2: -34 7267 7038 221
4: -34 -7267 7327 221
1: 34 10115 -7098 221
3: 34 -10115 -7267 221
2: -34 12427 7098 221
4: -34 -12427 7267 221
1: 34 18785 -7137 221
3: 34 -18785 -7228 221
1: 34 26299 -7150 221
3: 34 -26299 -7215 221
1: 34 48841 -7165 221
2: -34 48841 7161 221
3: 34 -48841 -7200 221
4: -34 -48841 7204 221
1: 34 131495 -7176 221
3: 34 -131495 -7189 221
2: -34 161551 7176 221
4: -34 -161551 7189 221
1: 34 244205 -7179 221
3: 34 -244205 -7186 221
1: 34 341887 -7180 221
3: 34 -341887 -7185 221
2: -36 39 -18785 221
2: -36 255 2873 221
1: 36 507 -5202 221
4: -36 -1365 7514 221
2: -36 11271 6695 221
2: -36 42483 6760 221
4: -36 -60333 6800 221
1: 36 146523 -6778 221
4: -36 -394485 6786 221
2: -37 1139 5746 221
1: 37 3211 -6358 221
4: -37 -251719 6604 221
1: 38 48841 -6411 221
2: -38 48841 6407 221
1: 38 169643 -6422 221
2: -38 213571 6422 221
4: -39 -3 315588 221
1: 39 9 75140 221
3: 39 -45 -22542 221
2: -39 51 -11934 221
4: -39 -57 22542 221
3: 39 -153 -11050 221
4: -39 -507 8092 221
1: 39 765 -5304 221
4: -39 -867 7332 221
2: -39 969 5304 221
1: 39 1521 -5780 221
1: 39 2601 -5980 221
3: 39 -7605 -6358 221
2: -39 8619 6154 221
4: -39 -9633 6358 221
3: 39 -13005 -6318 221
4: -39 -16473 6318 221
3: 39 -25857 -6290 221
1: 39 129285 -6256 221
4: -39 -146523 6268 221
2: -39 163761 6256 221
1: 39 439569 -6260 221
1: 41 3757 -5772 221
2: -41 3757 5720 221
4: -41 -14365 6018 221
1: 41 311831 -5954 221
4: -42 -153 11492 221
3: 42 -867 -6591 221
1: 42 9843 -5746 221
2: -42 12699 5746 221
4: -42 -25857 5848 221
3: 42 -146523 -5819 221
4: -43 -91 15028 221
3: 43 -9809 -5746 221
4: -43 -12733 5746 221
3: 44 -17 -43095 221
4: -44 -17 54587 221
3: 44 -325 -7514 221
3: 44 -3757 -5720 221
4: -44 -3757 5772 221
1: 44 25415 -5525 221
3: 44 -71825 -5559 221
1: 46 13 41327 221
2: -46 13 -56355 221
1: 46 289 -3211 221
2: -46 289 2535 221
2: -46 14365 5253 221
1: 46 126191 -5304 221
2: -46 166855 5304 221
1: 47 1 586092 221
2: -47 1 -781456 221
3: 47 -96161 -5202 221
4: -47 -127933 5202 221
4: -48 -1173 5746 221
2: -48 8619 4998 221
1: 48 125307 -5083 221
2: -48 167739 5083 221
3: 51 -3 -183872 221
4: -51 -9 86190 221
1: 51 33 11492 221
3: 51 -39 -18564 221
2: -51 45 -11492 221
4: -51 -117 11050 221
1: 51 429 -3536 221
3: 51 -507 -5848 221
2: -51 585 3536 221
3: 51 -867 -5408 221
4: -51 -1521 5270 221
4: -51 -2601 5070 221
1: 51 5577 -4692 221
2: -51 7605 4692 221
1: 51 9537 -4732 221
3: 51 -11271 -4836 221
2: -51 13005 4732 221
4: -51 -33813 4810 221
1: 51 123981 -4784 221
3: 51 -146523 -4792 221
2: -51 169065 4784 221
4: -51 -439569 4790 221
3: 52 -1 -529737 221
4: -52 -1 725101 221
3: 52 -17 -35581 221
4: -52 -17 47073 221
1: 52 43 7514 221
2: -52 59 -7514 221
3: 52 -169 -7803 221
4: -52 -169 8959 221
3: 52 -289 -6513 221
4: -52 -289 7189 221
1: 52 731 -3978 221
2: -52 1003 3978 221
3: 52 -2873 -4879 221
4: -52 -2873 4947 221
1: 52 7267 -4624 221
2: -52 9971 4624 221
1: 52 12427 -4654 221
2: -52 17051 4654 221
3: 52 -48841 -4707 221
4: -52 -48841 4711 221
1: 52 123539 -4692 221
2: -52 169507 4692 221
3: 54 -51 -14365 221
2: -54 867 3718 221
3: 54 -732615 -4523 221
3: 56 -13 -41327 221
4: -56 -13 56355 221
1: 56 323 -2873 221
2: -56 26195 4335 221
1: 56 54587 -4352 221
4: -56 -93925 4368 221
2: -56 116467 4355 221
4: -57 -6069 4394 221
3: 58 -169 -6936 221
4: -58 -169 8092 221
1: 58 48841 -4201 221
2: -58 48841 4197 221
4: -58 -117793 4216 221
3: 62 -289 -5408 221
4: -62 -289 6084 221
1: 62 2873 -3791 221
2: -62 2873 3723 221
3: 62 -10829 -3978 221
1: 62 537251 -3938 221
2: -63 11271 3822 221
3: 64 -85 -8619 221
1: 64 6955 -3757 221
2: -64 10283 3757 221
4: -66 -39 18785 221
2: -66 2535 3468 221
1: 66 2601 -3549 221
3: 66 -6903 -3757 221
4: -66 -10335 3757 221
3: 68 -1 -382109 221
4: -68 -1 577473 221
3: 68 -13 -32708 221
4: -68 -13 47736 221
1: 68 31 8619 221
2: -68 47 -8619 221
3: 68 -169 -5831 221
4: -68 -169 6987 221
3: 68 -289 -4901 221
4: -68 -289 5577 221
1: 68 403 -2652 221
2: -68 611 2652 221
3: 68 -3757 -3692 221
4: -68 -3757 3744 221
1: 68 5239 -3519 221
2: -68 7943 3519 221
1: 68 8959 -3549 221
2: -68 13583 3549 221
3: 68 -48841 -3599 221
4: -68 -48841 3603 221
1: 68 116467 -3588 221
2: -68 176579 3588 221
1: 69 116025 -3536 221
2: -69 177021 3536 221
4: -71 -19435 3468 221
2: -71 100555 3434 221
2: -72 507 2312 221
2: -72 146523 3388 221
3: 74 -22763 -3315 221
4: -76 -65 11271 221
1: 76 147679 -3211 221
2: -76 235535 3211 221
2: -77 54587 3162 221
3: 78 -3 -108953 221
4: -78 -9 60112 221
1: 78 51 3094 221
4: -78 -63 11271 221
2: -78 153 -221 221
3: 78 -867 -3497 221
2: -78 1071 2652 221
4: -78 -1521 3468 221
4: -78 -2601 3328 221
3: 78 -6591 -3179 221
4: -78 -10647 3179 221
4: -78 -18207 3159 221
2: -78 25857 3111 221
1: 78 112047 -3128 221
2: -78 180999 3128 221
4: -78 -439569 3132 221
3: 79 -111605 -3094 221
4: -79 -181441 3094 221
1: 81 3 97682 221
1: 82 3757 -2899 221
2: -82 3757 2847 221
1: 84 8415 -2873 221
2: -84 14127 2873 221
1: 84 16731 -2890 221
4: -86 -5 97682 221
3: 86 -8347 -2873 221
4: -86 -14195 2873 221
3: 88 -3757 -2847 221
4: -88 -3757 2899 221
1: 91 1 255476 221
2: -91 1 -450840 221
2: -91 85 -2652 221
1: 91 169 -1156 221
3: 91 -629 -3094 221
4: -91 -2197 2890 221
3: 91 -106301 -2686 221
4: -91 -186745 2686 221
4: -92 -2057 2873 221
1: 92 105859 -2652 221
2: -92 187187 2652 221
1: 94 1 244205 221
2: -94 1 -439569 221
3: 94 -845 -2890 221
4: -94 -8177 2652 221
3: 94 -80275 -2601 221
4: -94 -143819 2601 221
4: -96 -7605 2601 221
1: 96 8619 -2516 221
2: -96 49419 2535 221
4: -99 -8619 2516 221
4: -102 -3 140777 221
1: 102 27 5746 221
4: -102 -39 13039 221
1: 102 351 -1768 221
4: -102 -507 3213 221
1: 102 4563 -2346 221
1: 102 7803 -2366 221
2: -102 14739 2366 221
1: 102 101439 -2392 221
2: -102 191607 2392 221
3: 104 -5 -45084 221
1: 104 35 3757 221
2: -104 67 -3757 221
3: 104 -85 -4862 221
1: 104 595 -1989 221
3: 104 -845 -2601 221
2: -104 1139 1989 221
3: 104 -1445 -2496 221
1: 104 5915 -2312 221
1: 104 10115 -2327 221
2: -104 11323 2312 221
3: 104 -14365 -2363 221
2: -104 19363 2327 221
1: 104 100555 -2346 221
2: -104 192491 2346 221
3: 104 -244205 -2349 221
3: 106 -143 -3757 221
4: -106 -341887 2305 221
1: 108 867 -2028 221
4: -111 -39117 2210 221
2: -113 20111 2142 221
3: 114 -255 -2873 221
3: 116 -169 -3179 221
4: -116 -169 4335 221
4: -116 -1445 2366 221
3: 117 -33 -7514 221
4: -117 -69 7514 221
1: 117 507 -1734 221
1: 117 561 -1768 221
2: -117 1173 1768 221
3: 117 -8619 -2108 221
3: 117 -9537 -2106 221
4: -117 -19941 2106 221
1: 117 146523 -2086 221
2: -118 8959 2028 221
4: -118 -83317 2074 221
1: 119 1 172380 221
2: -119 1 -367744 221
3: 119 -13 -15470 221
4: -119 -13 30498 221
1: 119 169 -1020 221
2: -119 169 -136 221
1: 119 7225 -2028 221
2: -119 15317 2028 221
3: 119 -93925 -2054 221
4: -119 -199121 2054 221
3: 123 -507 -2312 221
3: 124 -289 -2535 221
4: -124 -289 3211 221
4: -126 -195 3757 221
1: 126 11271 -1924 221
1: 128 3179 -1859 221
4: -129 -11271 1924 221
3: 132 -16473 -1859 221
4: -134 -323 2873 221
4: -136 -5 68952 221
2: -136 11 -28730 221
3: 136 -13 -12597 221
4: -136 -13 27625 221
1: 136 299 -1326 221
2: -136 715 1326 221
4: -136 -845 2193 221
4: -136 -1445 2028 221
2: -136 1859 1615 221
2: -136 3179 1690 221
3: 136 -3757 -1833 221
4: -136 -3757 1885 221
1: 136 86411 -1794 221
2: -136 206635 1794 221
4: -136 -244205 1797 221
2: -136 537251 1795 221
1: 138 85527 -1768 221
2: -138 207519 1768 221
1: 139 2023 -1690 221
1: 139 5915 -1734 221
3: 139 -12155 -1768 221
2: -141 7803 1690 221
3: 141 -64389 -1734 221
4: -141 -159705 1734 221
3: 143 -17 -9282 221
4: -143 -17 20774 221
3: 143 -4901 -1734 221
4: -143 -12337 1734 221
1: 144 507 -1445 221
1: 144 21675 -1690 221
1: 144 146523 -1695 221
3: 146 -341887 -1673 221
4: -147 -867 2028 221
3: 147 -25857 -1666 221
2: -148 26299 1638 221
1: 153 39 1326 221
2: -153 507 986 221
1: 153 3549 -1564 221
2: -153 9633 1564 221
1: 153 11271 -1586 221
2: -153 146523 1594 221
2: -156 15 -18785 221
2: -156 51 -4420 221
1: 156 459 -1326 221
2: -156 1275 1326 221
2: -156 2535 1445 221
2: -156 4335 1495 221
2: -156 8619 1530 221
1: 156 77571 -1564 221
2: -156 215475 1564 221
2: -156 732615 1565 221
3: 158 -76687 -1547 221
4: -158 -216359 1547 221
4: -159 -1521 1734 221
1: 159 56355 -1534 221
2: -161 14365 1496 221
2: -162 3 -97682 221
4: -162 -529737 1508 221
3: 164 -14365 -1496 221
3: 167 -1 -97682 221
4: -167 -1 293046 221
1: 169 1 92480 221
2: -169 1 -287844 221
3: 169 -1 -95370 221
4: -169 -1 290734 221
1: 169 5 17340 221
3: 169 -5 -20230 221
2: -169 7 -39882 221
4: -169 -7 42772 221
2: -169 11 -24854 221
4: -169 -11 27744 221
1: 169 13 5780 221
2: -169 13 -20808 221
3: 169 -13 -8670 221
4: -169 -13 23698 221
1: 169 17 4080 221
2: -169 17 -15572 221
3: 169 -17 -6970 221
4: -169 -17 18462 221
1: 169 25 2312 221
3: 169 -25 -5202 221
3: 169 -65 -2890 221
2: -169 77 -2312 221
4: -169 -77 5202 221
1: 169 85 -340 221
3: 169 -85 -2550 221
2: -169 91 -1734 221
4: -169 -91 4624 221
2: -169 119 -986 221
4: -169 -119 3876 221
2: -169 143 -578 221
4: -169 -143 3468 221
2: -169 187 -102 221
4: -169 -187 2992 221
1: 169 221 -1020 221
2: -169 221 136 221
3: 169 -221 -1870 221
4: -169 -221 2754 221
1: 169 289 -1120 221
2: -169 289 444 221
3: 169 -289 -1770 221
4: -169 -289 2446 221
1: 169 325 -1156 221
3: 169 -325 -1734 221
1: 169 425 -1224 221
3: 169 -425 -1666 221
2: -169 1001 1156 221
4: -169 -1001 1734 221
1: 169 1105 -1360 221
3: 169 -1105 -1530 221
2: -169 1309 1224 221
4: -169 -1309 1666 221
1: 169 1445 -1380 221
3: 169 -1445 -1510 221
2: -169 1547 1258 221
4: -169 -1547 1632 221
2: -169 2023 1302 221
4: -169 -2023 1588 221
4: -169 -2431 1564 221
2: -169 3179 1354 221
4: -169 -3179 1536 221
1: 169 3757 -1420 221
2: -169 3757 1368 221
3: 169 -3757 -1470 221
4: -169 -3757 1522 221
1: 169 5525 -1428 221
3: 169 -5525 -1462 221
1: 169 7225 -1432 221
3: 169 -7225 -1458 221
2: -169 17017 1428 221
4: -169 -17017 1462 221
1: 169 18785 -1440 221
3: 169 -18785 -1450 221
2: -169 22253 1432 221
4: -169 -22253 1458 221
2: -169 26299 1434 221
2: -169 41327 1438 221
4: -169 -41327 1452 221
1: 169 93925 -1444 221
3: 169 -93925 -1446 221
2: -169 289289 1444 221
4: -169 -289289 1446 221
1: 171 922233 -1428 221
3: 174 -169065 -1404 221
4: -176 -4901 1445 221
1: 182 1 78897 221
2: -182 1 -274261 221
1: 182 169 -867 221
2: -182 169 -289 221
3: 182 -391 -1547 221
4: -182 -1343 1547 221
3: 182 -66079 -1343 221
4: -182 -226967 1343 221
2: -183 32487 1326 221
1: 184 65195 -1326 221
2: -184 227851 1326 221
4: -187 -61 5746 221
4: -187 -3757 1378 221
3: 187 -830297 -1306 221
1: 189 818805 -1292 221
2: -192 8619 1241 221
3: 192 -33813 -1274 221
3: 198 -8619 -1241 221
1: 202 1183 -1156 221
3: 202 -973063 -1209 221
1: 204 15 2873 221
2: -204 63 -2873 221
1: 204 195 -884 221
2: -204 819 884 221
1: 204 2535 -1173 221
1: 204 4335 -1183 221
2: -204 10647 1173 221
2: -204 18207 1183 221
1: 204 56355 -1196 221
2: -204 236691 1196 221
1: 204 732615 -1197 221
2: -207 146523 1178 221
1: 208 3211 -1156 221
2: -208 14027 1156 221
1: 208 54587 -1173 221
2: -208 238459 1173 221
1: 208 927979 -1174 221
2: -211 18785 1144 221
1: 211 40729 -1156 221
2: -211 183365 1156 221
3: 214 -18785 -1144 221
2: -216 867 845 221
3: 216 -123981 -1131 221
1: 221 1 47736 221
2: -221 1 -243100 221
3: 221 -1 -49946 221
4: -221 -1 245310 221
2: -221 5 -47736 221
4: -221 -5 49946 221
1: 221 169 -816 221
2: -221 169 -340 221
3: 221 -169 -1394 221
4: -221 -169 2550 221
1: 221 289 -936 221
2: -221 289 260 221
3: 221 -289 -1274 221
4: -221 -289 1950 221
2: -221 845 816 221
4: -221 -845 1394 221
2: -221 1445 936 221
4: -221 -1445 1274 221
1: 221 48841 -1104 221
2: -221 48841 1100 221
3: 221 -48841 -1106 221
4: -221 -48841 1110 221
2: -221 244205 1104 221
4: -221 -244205 1106 221
2: -224 3179 1014 221
1: 228 594711 -1071 221
4: -232 -604877 1053 221
3: 234 -15 -3757 221
4: -234 -87 3757 221
1: 234 255 -884 221
2: -234 507 578 221
2: -234 1479 884 221
3: 234 -4335 -1053 221
4: -234 -8619 1071 221
4: -234 -25143 1053 221
2: -234 146523 1042 221
4: -237 -146523 1032 221
1: 238 1 37349 221
2: -238 1 -232713 221
3: 238 -13 -3978 221
4: -238 -13 19006 221
1: 238 169 -799 221
2: -238 169 -357 221
1: 238 3179 -1014 221
2: -238 19363 1014 221
3: 238 -41327 -1027 221
4: -238 -251719 1027 221
1: 238 537251 -1026 221
3: 241 -52309 -1014 221
4: -241 -330905 1014 221
4: -246 -507 1445 221
2: -247 48841 984 221
4: -248 -175253 986 221
2: -251 244205 972 221
2: -252 11271 949 221
1: 252 456807 -969 221
4: -253 -1183 1156 221
3: 258 -11271 -949 221
1: 266 376363 -918 221
1: 272 91 -663 221
2: -272 923 663 221
1: 272 26299 -897 221
2: -272 266747 897 221
4: -273 -867 1144 221
4: -273 -146523 896 221
1: 274 845 -867 221
1: 276 24531 -884 221
2: -276 268515 884 221
3: 277 -48841 -882 221
4: -277 -48841 886 221
4: -279 -24531 884 221
3: 282 -16731 -867 221
4: -282 -207363 867 221
2: -286 5 -41327 221
3: 286 -17 -1768 221
4: -286 -17 13260 221
3: 286 -1183 -867 221
4: -286 -16055 867 221
2: -286 54587 850 221
2: -286 244205 853 221
1: 289 1 13520 221
2: -289 1 -208884 221
3: 289 -1 -15210 221
4: -289 -1 210574 221
1: 289 5 2028 221
3: 289 -5 -3718 221
1: 289 13 260 221
2: -289 13 -15288 221
3: 289 -13 -1950 221
4: -289 -13 16978 221
3: 289 -17 -1690 221
4: -289 -17 13182 221
1: 289 65 -624 221
3: 289 -65 -1066 221
2: -289 73 -2028 221
4: -289 -73 3718 221
1: 289 85 -676 221
3: 289 -85 -1014 221
1: 289 169 -760 221
2: -289 169 -396 221
3: 289 -169 -930 221
4: -289 -169 2086 221
1: 289 221 -780 221
2: -289 221 -104 221
3: 289 -221 -910 221
4: -289 -221 1794 221
1: 289 845 -828 221
3: 289 -845 -862 221
2: -289 949 624 221
4: -289 -949 1066 221
1: 289 1105 -832 221
3: 289 -1105 -858 221
2: -289 1241 676 221
4: -289 -1241 1014 221
1: 289 2873 -840 221
2: -289 2873 772 221
2: -289 12337 828 221
4: -289 -12337 862 221
1: 289 14365 -844 221
3: 289 -14365 -846 221
2: -289 16133 832 221
4: -289 -16133 858 221
2: -289 209729 844 221
4: -289 -209729 846 221
3: 294 -867 -845 221
1: 299 289 -780 221
2: -299 289 104 221
1: 299 14365 -816 221
2: -299 278681 816 221
3: 303 -214149 -806 221
4: -306 -15 14365 221
2: -306 39 -4420 221
1: 306 507 -782 221
4: -306 -4335 845 221
2: -306 11271 780 221
2: -306 12675 782 221
1: 306 146523 -798 221
1: 312 51 -663 221
2: -312 1683 663 221
1: 312 8619 -782 221
2: -312 284427 782 221
2: -323 11 -17238 221
1: 323 48841 -756 221
2: -323 48841 752 221
2: -329 1 -195364 221
4: -334 -1 195364 221
1: 338 1 -2601 221
2: -338 1 -192763 221
3: 338 -1 1156 221
4: -338 -1 194208 221
1: 338 13 -867 221
2: -338 13 -14161 221
3: 338 -13 -578 221
4: -338 -13 15606 221
1: 338 17 -833 221
2: -338 17 -10659 221
3: 338 -17 -612 221
4: -338 -17 12104 221
2: -338 103 -1156 221
4: -338 -103 2601 221
1: 338 221 -731 221
2: -338 221 -153 221
3: 338 -221 -714 221
4: -338 -221 1598 221
1: 338 289 -729 221
2: -338 289 53 221
3: 338 -289 -716 221
4: -338 -289 1392 221
2: -338 1339 578 221
4: -338 -1339 867 221
2: -338 1751 612 221
4: -338 -1751 833 221
1: 338 3757 -723 221
2: -338 3757 671 221
3: 338 -3757 -722 221
4: -338 -3757 774 221
2: -338 22763 714 221
4: -338 -22763 731 221
2: -338 29767 716 221
4: -338 -29767 729 221
2: -338 386971 722 221
4: -338 -386971 723 221
3: 342 -60333 -714 221
4: -351 -51 4420 221
1: 351 867 -702 221
4: -351 -30345 702 221
4: -351 -732615 696 221
2: -356 31603 680 221
3: 357 -867 -676 221
2: -357 23409 676 221
3: 357 -146523 -684 221
3: 359 -31603 -680 221
3: 361 -17051 -676 221
2: -361 400265 676 221
2: -362 16133 663 221
1: 363 2601 -676 221
3: 368 -16133 -663 221
2: -368 309179 663 221
1: 374 5 -2873 221
4: -374 -83 2873 221
3: 374 -3757 -650 221
4: -374 -3757 702 221
1: 374 244205 -653 221
4: -376 -845 867 221
3: 377 -169 -578 221
4: -377 -169 1734 221
1: 377 48841 -648 221
2: -377 48841 644 221
3: 378 -267189 -646 221
2: -386 1445 507 221
1: 391 13 -1768 221
2: -391 13 -13260 221
1: 391 289 -676 221
3: 391 -1183 -612 221
3: 391 -26299 -624 221
2: -391 319345 624 221
1: 392 537251 -623 221
3: 399 -387855 -612 221
4: -402 -2601 676 221
3: 403 -289 -546 221
4: -403 -289 1222 221
1: 403 2873 -612 221
2: -403 2873 544 221
1: 403 537251 -606 221
3: 408 -117 -442 221
2: -408 1131 442 221
3: 408 -33813 -598 221
2: -408 326859 598 221
1: 414 146523 -590 221
4: -416 -85 2652 221
3: 416 -2197 -578 221
2: -416 19435 578 221
3: 416 -634933 -587 221
3: 419 -4225 -578 221
3: 422 -30589 -578 221
2: -422 254683 578 221
1: 423 30927 -578 221
4: -423 -255021 578 221
1: 426 4563 -578 221
1: 429 2535 -578 221
4: -429 -19773 578 221
4: -437 -8957 578 221
1: 442 1 -24973 221
2: -442 1 -170391 221
3: 442 -1 23868 221
4: -442 -1 171496 221
2: -442 7 -23868 221
4: -442 -7 24973 221
1: 442 169 -697 221
2: -442 169 -459 221
3: 442 -169 -408 221
4: -442 -169 1564 221
1: 442 289 -637 221
2: -442 289 -39 221
3: 442 -289 -468 221
4: -442 -289 1144 221
2: -442 1183 408 221
4: -442 -1183 697 221
2: -442 2023 468 221
4: -442 -2023 637 221
1: 442 48841 -553 221
2: -442 48841 549 221
3: 442 -48841 -552 221
4: -442 -48841 556 221
2: -442 341887 552 221
4: -442 -341887 553 221
3: 447 -78897 -546 221
2: -459 867 338 221
3: 459 -732615 -532 221
3: 464 -1445 -507 221
2: -466 41327 520 221
3: 468 -357 -442 221
1: 468 507 -578 221
2: -468 2091 442 221
1: 468 146523 -522 221
3: 469 -41327 -520 221
3: 474 -146523 -515 221
3: 476 -13 1768 221
4: -476 -13 13260 221
3: 476 -4913 -507 221
2: -476 27455 507 221
3: 476 -830297 -513 221
1: 479 169507 -510 221
4: -481 -71825 510 221
1: 482 86989 -507 221
4: -482 -470203 507 221
4: -484 -67337 507 221
3: 493 -169 -306 221
4: -493 -169 1462 221
1: 493 48841 -496 221
2: -493 48841 492 221
1: 494 48841 -495 221
2: -494 48841 491 221
4: -507 -3 54332 221
1: 507 27 -1734 221
4: -507 -39 4624 221
2: -507 51 -2686 221
4: -507 -129 1734 221
1: 507 351 -578 221
3: 507 -459 -408 221
2: -507 663 238 221
4: -507 -867 668 221
4: -507 -1677 578 221
2: -507 2193 408 221
3: 507 -5967 -476 221
1: 507 7803 -486 221
4: -507 -11271 496 221
2: -507 28509 476 221
4: -507 -37281 486 221
1: 507 101439 -482 221
4: -507 -484653 482 221
1: 512 927979 -477 221
3: 527 -289 -338 221
4: -527 -289 1014 221
2: -533 927979 458 221
3: 546 -867 -403 221
3: 546 -146523 -447 221
1: 551 48841 -444 221
2: -551 48841 440 221
3: 552 -97461 -442 221
2: -552 390507 442 221
1: 553 97903 -442 221
4: -553 -390949 442 221
3: 554 -48841 -440 221
4: -554 -48841 444 221
3: 559 -5 7514 221
4: -561 -39 4420 221
2: -561 2535 374 221
3: 572 -17 1989 221
4: -572 -17 9503 221
1: 578 1 -42081 221
2: -578 1 -153283 221
3: 578 -1 41236 221
4: -578 -1 154128 221
1: 578 13 -3627 221
2: -578 13 -11401 221
3: 578 -13 2782 221
4: -578 -13 12246 221
3: 578 -17 2028 221
4: -578 -17 9464 221
1: 578 29 -1859 221
3: 578 -29 1014 221
2: -578 107 -1014 221
4: -578 -107 1859 221
1: 578 169 -669 221
2: -578 169 -487 221
3: 578 -169 -176 221
4: -578 -169 1332 221
1: 578 221 -611 221
2: -578 221 -273 221
3: 578 -221 -234 221
4: -578 -221 1118 221
1: 578 377 -533 221
3: 578 -377 -312 221
1: 578 493 -507 221
3: 578 -493 -338 221
2: -578 1391 312 221
4: -578 -1391 533 221
2: -578 1819 338 221
4: -578 -1819 507 221
1: 578 2873 -437 221
2: -578 2873 369 221
1: 578 4901 -431 221
3: 578 -4901 -414 221
1: 578 6409 -429 221
3: 578 -6409 -416 221
2: -578 18083 414 221
4: -578 -18083 431 221
2: -578 23647 416 221
4: -578 -23647 429 221
1: 578 83317 -423 221
3: 578 -83317 -422 221
2: -578 307411 422 221
4: -578 -307411 423 221
1: 598 289 -559 221
2: -598 289 -117 221
3: 598 -117793 -408 221
2: -598 410839 408 221
1: 611 1 -45084 221
2: -611 1 -150280 221
4: -611 -845 578 221
1: 612 39 -1547 221
2: -612 507 102 221
3: 612 -5577 -391 221
1: 612 11271 -403 221
2: -612 18759 391 221
2: -612 146523 398 221
4: -624 -21 7514 221
4: -624 -6069 416 221
2: -624 8619 374 221
3: 624 -129285 -391 221
2: -624 422331 391 221
1: 629 26299 -390 221
1: 637 799 -442 221
4: -637 -2533 442 221
4: -646 -65 2652 221
2: -646 3887 340 221
1: 646 48841 -379 221
2: -646 48841 375 221
2: -648 3 -48841 221
1: 658 1 -48841 221
2: -658 1 -146523 221
3: 663 -3 15912 221
2: -663 9 -15912 221
3: 663 -507 -272 221
3: 663 -867 -312 221
2: -663 1521 272 221
2: -663 2601 312 221
3: 663 -146523 -368 221
2: -663 439569 368 221
2: -664 1859 289 221
3: 668 -1 48841 221
4: -668 -1 146523 221
3: 676 -1 49419 221
4: -676 -1 145945 221
4: -676 -5 29478 221
3: 676 -13 3468 221
4: -676 -13 11560 221
3: 676 -17 2567 221
4: -676 -17 8925 221
2: -676 31 -4335 221
3: 676 -53 578 221
4: -676 -65 2601 221
4: -676 -85 2074 221
2: -676 155 -578 221
3: 676 -221 -136 221
4: -676 -221 1020 221
3: 676 -289 -189 221
4: -676 -289 865 221
2: -676 527 85 221
3: 676 -689 -289 221
3: 676 -901 -306 221
4: -676 -1105 493 221
4: -676 -1445 462 221
2: -676 2015 289 221
2: -676 2635 306 221
3: 676 -3757 -348 221
4: -676 -3757 400 221
2: -676 6851 340 221
2: -676 8959 345 221
3: 676 -11713 -357 221
3: 676 -15317 -358 221
4: -676 -18785 369 221
2: -676 34255 357 221
2: -676 44795 358 221
2: -676 116467 360 221
3: 676 -199121 -361 221
2: -676 582335 361 221
4: -678 -3 48841 221
4: -691 -244205 354 221
1: 697 559 -442 221
4: -697 -1573 442 221
1: 697 3757 -364 221
2: -697 3757 312 221
3: 702 -51 663 221
2: -702 867 182 221
1: 702 16473 -351 221
4: -702 -45951 351 221
2: -707 19363 338 221
3: 711 -9537 -338 221
4: -714 -867 507 221
3: 714 -13005 -338 221
2: -714 35547 338 221
4: -714 -146523 343 221
3: 722 -225709 -338 221
2: -722 608923 338 221
1: 723 226287 -338 221
4: -723 -609501 338 221
4: -731 -5 28730 221
1: 731 13583 -338 221
4: -731 -36125 338 221
1: 734 10115 -338 221
4: -738 -19941 338 221
4: -741 -255 884 221
3: 748 -3757 -312 221
4: -748 -3757 364 221
1: 754 5 -11271 221
4: -754 -169 1156 221
3: 754 -1445 -286 221
2: -754 48841 321 221
3: 766 -1859 -289 221
1: 782 13 -4641 221
2: -782 13 -10387 221
1: 782 289 -507 221
2: -782 289 -169 221
3: 782 -8957 -306 221
2: -782 22139 306 221
3: 782 -199121 -312 221
2: -782 492167 312 221
1: 783 484653 -312 221
3: 797 -140777 -306 221
1: 799 1 -57460 221
2: -799 1 -137904 221
3: 799 -845 -238 221
3: 806 -289 -104 221
4: -806 -289 780 221
1: 806 2873 -323 221
2: -806 2873 255 221
3: 816 -741 -221 221
2: -816 1755 221 221
3: 816 -214149 -299 221
2: -816 507195 299 221
2: -828 146523 294 221
1: 832 3179 -312 221
3: 832 -13013 -289 221
2: -832 30251 289 221
3: 844 -173225 -289 221
2: -844 397319 289 221
1: 846 173901 -289 221
4: -846 -397995 289 221
1: 858 13689 -289 221
4: -858 -30927 289 221
4: -867 -3 45292 221
3: 867 -9 6422 221
4: -867 -39 3744 221
2: -867 51 -2366 221
3: 867 -63 676 221
3: 867 -117 234 221
2: -867 141 -676 221
1: 867 153 -676 221
4: -867 -507 548 221
2: -867 663 78 221
3: 867 -819 -208 221
1: 867 1071 -338 221
3: 867 -1521 -242 221
2: -867 1833 208 221
1: 867 1989 -312 221
4: -867 -2397 338 221
2: -867 8619 266 221
3: 867 -10647 -276 221
1: 867 13923 -286 221
2: -867 23829 276 221
1: 867 25857 -284 221
4: -867 -31161 286 221
1: 867 180999 -282 221
4: -867 -405093 282 221
3: 884 -1 60775 221
4: -884 -1 134589 221
3: 884 -5 11934 221
2: -884 11 -11934 221
3: 884 -169 85 221
4: -884 -169 1071 221
3: 884 -289 -65 221
4: -884 -289 741 221
3: 884 -845 -204 221
3: 884 -1445 -234 221
2: -884 1859 204 221
2: -884 3179 234 221
3: 884 -48841 -275 221
4: -884 -48841 279 221
3: 884 -244205 -276 221
2: -884 537251 276 221
3: 897 -249951 -272 221
2: -897 542997 272 221
2: -918 273 -221 221
1: 918 867 -338 221
1: 924 2535 -289 221
3: 936 -1581 -221 221
3: 939 -912951 -260 221
3: 952 -13 4641 221
4: -952 -13 10387 221
2: -956 295919 255 221
2: -986 5 -25857 221
3: 986 -169 136 221
4: -986 -169 1020 221
4: -986 -1445 338 221
1: 986 48841 -249 221
2: -986 48841 245 221
3: 1014 -3 21675 221
2: -1014 9 -14161 221
1: 1014 15 -4624 221
3: 1014 -21 2890 221
3: 1014 -39 1445 221
1: 1014 51 -1530 221
1: 1014 105 -867 221
2: -1014 117 -867 221
4: -1014 -153 1088 221
1: 1014 195 -578 221
4: -1014 -207 867 221
3: 1014 -255 17 221
1: 1014 357 -425 221
1: 1014 663 -340 221
3: 1014 -867 -165 221
1: 1014 1365 -289 221
3: 1014 -1785 -204 221
4: -1014 -1989 306 221
2: -1014 2601 191 221
4: -1014 -2691 289 221
2: -1014 3519 204 221
1: 1014 4335 -256 221
1: 1014 4641 -255 221
3: 1014 -6069 -230 221
3: 1014 -11271 -235 221
3: 1014 -23205 -238 221
1: 1014 30345 -243 221
2: -1014 33813 237 221
2: -1014 45747 238 221
1: 1014 56355 -242 221
4: -1014 -59823 243 221
3: 1014 -78897 -240 221
1: 1014 394485 -241 221
4: -1014 -777699 241 221
2: -1023 180999 238 221
4: -1026 -2535 289 221
1: 1027 307411 -238 221
4: -1027 -600457 238 221
2: -1037 86411 234 221
3: 1042 -184093 -234 221
1: 1053 3 -22542 221
1: 1053 32079 -234 221
4: -1053 -61557 234 221
4: -1054 -289 676 221
4: -1066 -14365 238 221
4: -1071 -195 884 221
1: 1071 11271 -234 221
3: 1092 -153 221 221
3: 1098 -48399 -221 221
1: 1102 48841 -223 221
2: -1102 48841 219 221
3: 1104 -341445 -221 221
2: -1104 634491 221 221
1: 1106 342329 -221 221
4: -1106 -635375 221 221
3: 1108 -48841 -219 221
4: -1108 -48841 223 221
1: 1112 49283 -221 221
3: 1122 -39 1547 221
2: -1122 2601 169 221
3: 1156 -1 69459 221
4: -1156 -1 125905 221
4: -1156 -5 25350 221
2: -1156 7 -17745 221
3: 1156 -13 5148 221
4: -1156 -13 9880 221
3: 1156 -17 3887 221
4: -1156 -17 7605 221
4: -1156 -25 5239 221
2: -1156 35 -3380 221
4: -1156 -65 2145 221
4: -1156 -85 1690 221
2: -1156 91 -1170 221
3: 1156 -97 507 221
2: -1156 119 -845 221
3: 1156 -169 201 221
4: -1156 -169 955 221
2: -1156 175 -507 221
3: 1156 -221 104 221
4: -1156 -221 780 221
4: -1156 -325 598 221
4: -1156 -425 507 221
2: -1156 455 -65 221
4: -1156 -845 360 221
4: -1156 -1105 325 221
2: -1156 1183 105 221
3: 1156 -1261 -156 221
2: -1156 1547 130 221
3: 1156 -1649 -169 221
2: -1156 2275 156 221
2: -1156 2975 169 221
4: -1156 -4225 241 221
4: -1156 -5525 234 221
2: -1156 5915 190 221
2: -1156 7735 195 221
4: -1156 -14365 220 221
3: 1156 -16393 -207 221
2: -1156 20111 205 221
3: 1156 -21437 -208 221
2: -1156 29575 207 221
2: -1156 38675 208 221
4: -1156 -71825 213 221
2: -1156 100555 210 221
3: 1156 -278681 -211 221
2: -1156 502775 211 221
3: 1173 -16731 -204 221
2: -1173 29913 204 221
3: 1173 -371943 -208 221
2: -1173 664989 208 221
1: 1183 1 -70516 221
2: -1183 1 -124848 221
3: 1183 -13 5202 221
4: -1183 -13 9826 221
1: 1183 2227 -238 221
4: -1183 -3961 238 221
3: 1183 -28951 -204 221
2: -1183 51493 204 221
2: -1196 13583 195 221
3: 1196 -382109 -204 221
2: -1196 675155 204 221
1: 1201 106301 -204 221
4: -1204 -106301 204 221
1: 1222 1 -71383 221
2: -1222 1 -123981 221
1: 1224 507 -340 221
1: 1224 146523 -200 221
2: -1236 4335 169 221
1: 1248 8619 -204 221
2: -1258 4913 169 221
1: 1274 2465 -221 221
4: -1287 -8619 204 221
2: -1312 927979 186 221
3: 1314 -4335 -169 221
4: -1326 -3 40885 221
3: 1326 -9 7956 221
2: -1326 15 -7956 221
4: -1326 -507 425 221
4: -1326 -867 325 221
3: 1326 -1521 -136 221
2: -1326 2535 136 221
3: 1326 -2601 -156 221
2: -1326 4335 156 221
4: -1326 -146523 185 221
3: 1326 -439569 -184 221
2: -1326 732615 184 221
2: -1338 236691 182 221
1: 1343 447083 -182 221
4: -1343 -740129 182 221
3: 1352 -13 5491 221
4: -1352 -13 9537 221
4: -1352 -37 3468 221
2: -1352 91 -1156 221
3: 1352 -157 289 221
3: 1352 -221 153 221
4: -1352 -221 731 221
2: -1352 259 -289 221
4: -1352 -629 374 221
2: -1352 1547 102 221
3: 1352 -2669 -153 221
3: 1352 -3757 -161 221
4: -1352 -3757 213 221
2: -1352 4403 153 221
4: -1352 -10693 192 221
2: -1352 26299 176 221
3: 1352 -45373 -179 221
2: -1352 74851 179 221
2: -1377 3 -40222 221
3: 1378 -341887 -177 221
1: 1394 1625 -221 221
4: -1394 -2639 221 221
1: 1394 3757 -195 221
2: -1394 3757 143 221
1: 1404 867 -260 221
2: -1426 53465 169 221
3: 1428 -37281 -169 221
2: -1428 59823 169 221
2: -1434 92769 169 221
3: 1444 -643025 -169 221
1: 1446 644181 -169 221
2: -1456 3179 130 221
3: 1462 -91 663 221
1: 1462 38437 -169 221
4: -1462 -60979 169 221
4: -1464 -54621 169 221
1: 1469 20111 -170 221
3: 1496 -3757 -143 221
4: -1496 -3757 195 221
3: 1508 -169 289 221
4: -1508 -169 867 221
4: -1521 -15 8092 221
2: -1521 39 -2890 221
1: 1521 183 -578 221
2: -1521 255 -306 221
4: -1521 -285 578 221
4: -1521 -663 340 221
3: 1521 -3111 -136 221
4: -1521 -4335 188 221
2: -1521 4845 136 221
2: -1521 11271 150 221
4: -1521 -12597 170 221
1: 1521 52887 -162 221
4: -1521 -82365 162 221
2: -1521 214149 160 221
1: 1547 1 -76908 221
2: -1547 1 -118456 221
1: 1547 169 -612 221
2: -1547 169 -544 221
1: 1547 3179 -182 221
4: -1547 -4913 182 221
1: 1547 537251 -158 221
4: -1547 -830297 158 221
3: 1564 -24505 -153 221
2: -1564 37687 153 221
3: 1564 -544765 -156 221
2: -1564 837811 156 221
1: 1571 139009 -156 221
4: -1574 -139009 156 221
1: 1576 5491 -169 221
4: -1581 -7605 170 221
1: 1598 1 -77571 221
2: -1598 1 -117793 221
3: 1612 -289 117 221
4: -1612 -289 559 221
4: -1632 -21 5746 221
4: -1632 -6069 169 221
4: -1654 -5491 169 221
1: 1656 146523 -148 221
4: -1659 -146523 148 221
3: 1734 -3 26195 221
1: 1734 15 -5408 221
1: 1734 33 -2535 221
3: 1734 -39 1885 221
1: 1734 51 -1690 221
3: 1734 -165 338 221
1: 1734 195 -546 221
2: -1734 243 -338 221
3: 1734 -255 169 221
1: 1734 429 -325 221
3: 1734 -507 15 221
1: 1734 663 -260 221
3: 1734 -2145 -104 221
1: 1734 2535 -172 221
1: 1734 2805 -169 221
2: -1734 3159 104 221
3: 1734 -3315 -117 221
4: -1734 -4131 169 221
1: 1734 5577 -155 221
3: 1734 -7293 -130 221
1: 1734 8619 -150 221
3: 1734 -27885 -138 221
1: 1734 36465 -143 221
2: -1734 41067 138 221
3: 1734 -43095 -139 221
4: -1734 -53703 143 221
3: 1734 -94809 -140 221
1: 1734 474045 -141 221
4: -1734 -698139 141 221
2: -1768 19 -5967 221
3: 1768 -2197 -102 221
2: -1768 3211 102 221
2: -1768 5491 117 221
3: 1768 -634933 -138 221
2: -1768 927979 138 221
2: -1786 158015 136 221
3: 1789 -158015 -136 221
3: 1794 -13005 -130 221
3: 1794 -646425 -136 221
2: -1794 939471 136 221
2: -1807 2023 78 221
4: -1807 -135031 136 221
3: 1819 -18785 -130 221
1: 1859 5 -16184 221
3: 1859 -17 4590 221
4: -1859 -17 6902 221
1: 1859 1105 -204 221
3: 1859 -3757 -110 221
4: -1859 -3757 162 221
1: 1872 507 -289 221
1: 1872 146523 -131 221
4: -1881 -664989 130 221
4: -1898 -341887 129 221
2: -1911 15 -7514 221
4: -1911 -867 260 221
2: -1933 341887 126 221
3: 1938 -27 2873 221
3: 1972 -169 357 221
4: -1972 -169 799 221
1: 1976 11 -7514 221
3: 1989 -15 5304 221
2: -1989 21 -5304 221
2: -1989 507 -102 221
3: 1989 -4335 -104 221
2: -1989 6069 104 221
2: -1989 146523 122 221
1: 2023 1 -81796 221
2: -2023 1 -113568 221
3: 2023 -13 6162 221
4: -2023 -13 8866 221
1: 2023 169 -604 221
2: -2023 169 -552 221
3: 2028 -9 8959 221
2: -2028 51 -2108 221
3: 2028 -117 578 221
4: -2028 -561 323 221
2: -2028 663 -51 221
3: 2028 -2601 -89 221
3: 2028 -4437 -102 221
2: -2028 6171 102 221
4: -2028 -7293 136 221
3: 2028 -33813 -118 221
3: 2028 -57681 -119 221
2: -2028 80223 119 221
1: 2054 761345 -119 221
3: 2057 -4901 -102 221
4: -2091 -507 340 221
2: -2106 3 -37570 221
4: -2106 -108375 117 221
4: -2108 -41 2873 221
3: 2108 -289 169 221
4: -2108 -289 507 221
1: 2108 71383 -117 221
1: 2108 537251 -116 221
2: -2142 11271 104 221
3: 2171 -1 82654 221
4: -2171 -1 112710 221
4: -2193 -4563 136 221
3: 2193 -11271 -104 221
3: 2197 -9061 -102 221
3: 2197 -26299 -108 221
4: -2236 -5 22542 221
1: 2288 731 -221 221
3: 2312 -13 6331 221
4: -2312 -13 8697 221
3: 2312 -221 273 221
4: -2312 -221 611 221
3: 2312 -3029 -78 221
2: -2312 4043 78 221
3: 2312 -51493 -104 221
2: -2312 68731 104 221
2: -2314 31603 102 221
3: 2327 -88723 -104 221
2: -2327 118201 104 221
1: 2329 845 -204 221
2: -2336 206635 104 221
3: 2339 -206635 -104 221
3: 2346 -40053 -102 221
2: -2346 53235 102 221
3: 2346 -890409 -104 221
1: 2366 1 -84099 221
2: -2366 1 -111265 221
3: 2366 -13 6358 221
4: -2366 -13 8670 221
4: -2366 -83 1445 221
2: -2366 85 -1207 221
4: -2366 -1105 204 221
1: 2366 5321 -119 221
4: -2366 -7055 119 221
3: 2366 -69173 -102 221
2: -2366 91715 102 221
3: 2379 -129285 -102 221
2: -2388 422331 102 221
3: 2392 -910741 -102 221
2: -2414 19 -5746 221
2: -2431 5 -22100 221
2: -2431 244205 100 221
2: -2448 507 -119 221
2: -2448 146523 99 221
3: 2487 -439569 -98 221
2: -2496 8619 85 221
1: 2499 15 -5746 221
1: 2509 1445 -156 221
1: 2548 537251 -96 221
3: 2574 -8619 -85 221
3: 2584 -8957 -85 221
4: -2601 -15 7436 221
2: -2601 39 -2730 221
4: -2601 -69 1690 221
2: -2601 255 -338 221
1: 2601 507 -262 221
4: -2601 -663 260 221
3: 2601 -8619 -84 221
3: 2601 -45123 -92 221
2: -2601 58305 92 221
1: 2601 767091 -94 221
4: -2601 -991185 94 221
3: 2652 -21 3978 221
2: -2652 27 -3978 221
3: 2652 -3549 -68 221
2: -2652 4563 68 221
3: 2652 -6069 -78 221
2: -2652 7803 78 221
2: -2691 146523 90 221
3: 2703 -1521 -34 221
3: 2704 -5 17051 221
3: 2704 -85 918 221
3: 2704 -1445 -31 221
3: 2704 -16133 -85 221
3: 2704 -274261 -90 221
1: 2754 3 -28730 221
2: -2761 244205 88 221
3: 2764 -244205 -88 221
2: -2808 867 -39 221
3: 2839 -1 86190 221
4: -2839 -1 109174 221
1: 2873 1 -86496 221
2: -2873 1 -108868 221
3: 2873 -1 86326 221
4: -2873 -1 109038 221
1: 2873 13 -6732 221
2: -2873 13 -8296 221
3: 2873 -13 6562 221
4: -2873 -13 8466 221
1: 2873 23 -3842 221
3: 2873 -23 3672 221
2: -2873 29 -3672 221
4: -2873 -29 3842 221
1: 2873 289 -384 221
2: -2873 289 -292 221
3: 2873 -289 214 221
4: -2873 -289 462 221
1: 2873 299 -374 221
3: 2873 -299 204 221
2: -2873 377 -204 221
4: -2873 -377 374 221
1: 2873 3757 -108 221
2: -2873 3757 56 221
3: 2873 -3757 -62 221
4: -2873 -3757 114 221
1: 2873 6647 -98 221
3: 2873 -6647 -72 221
2: -2873 8381 72 221
4: -2873 -8381 98 221
1: 2873 86411 -86 221
3: 2873 -86411 -84 221
2: -2873 108953 84 221
4: -2873 -108953 86 221
4: -2886 -284427 85 221
3: 2924 -5 17238 221
4: -3016 -1445 156 221
1: 3042 39 -2312 221
1: 3042 417 -289 221
4: -3042 -519 289 221
3: 3042 -663 51 221
3: 3042 -7089 -68 221
2: -3042 8823 68 221
1: 3042 11271 -88 221
1: 3042 120513 -81 221
4: -3042 -149991 81 221
3: 3077 -63869 -78 221
4: -3081 -146523 80 221
1: 3094 1 -87295 221
2: -3094 1 -108069 221
1: 3094 169 -595 221
2: -3094 169 -561 221
1: 3094 7225 -91 221
4: -3094 -8959 91 221
2: -3123 552279 78 221
1: 3128 611 -221 221
1: 3159 125715 -78 221
4: -3159 -155193 78 221
1: 3179 5 -17576 221
3: 3179 -17 5070 221
4: -3179 -17 6422 221
1: 3179 335 -338 221
4: -3179 -413 338 221
1: 3179 1105 -156 221
4: -3179 -1183 168 221
2: -3179 9971 66 221
1: 3179 74035 -78 221
4: -3179 -91273 78 221
4: -3196 -845 204 221
4: -3198 -507 289 221
4: -3211 -65 1734 221
4: -3264 -33813 78 221
4: -3302 -731 221 221
2: -3312 146523 73 221
3: 3318 -146523 -73 221
2: -3468 51 -2028 221
3: 3468 -153 507 221
3: 3468 -369 169 221
2: -3468 447 -169 221
2: -3468 663 -91 221
3: 3468 -1989 -26 221
3: 3468 -4797 -52 221
2: -3468 5811 52 221
2: -3468 8619 58 221
3: 3468 -25857 -67 221
3: 3468 -62361 -69 221
2: -3468 75543 69 221
3: 3519 -63375 -68 221
2: -3519 76557 68 221
1: 3519 146523 -70 221
4: -3536 -5 21437 221
4: -3536 -1445 143 221
3: 3536 -4901 -51 221
2: -3536 5915 51 221
3: 3549 -153 510 221
4: -3549 -867 192 221
3: 3549 -13005 -62 221
3: 3549 -109395 -68 221
2: -3549 131937 68 221
3: 3601 -48841 -66 221
4: -3601 -48841 70 221
1: 3606 318903 -68 221
4: -3609 -318903 68 221
1: 3666 7803 -78 221
1: 3672 867 -169 221
2: -3689 537251 66 221
3: 3718 -17 5168 221
4: -3718 -17 6324 221
4: -3718 -1513 136 221
3: 3718 -3757 -42 221
4: -3718 -3757 94 221
4: -3718 -334373 66 221
1: 3757 1 -89128 221
2: -3757 1 -106236 221
3: 3757 -1 88998 221
4: -3757 -1 106366 221
3: 3757 -17 5174 221
4: -3757 -17 6318 221
1: 3757 31 -2938 221
3: 3757 -31 2808 221
2: -3757 37 -2808 221
4: -3757 -37 2938 221
1: 3757 169 -592 221
2: -3757 169 -564 221
3: 3757 -169 462 221
4: -3757 -169 694 221
1: 3757 527 -234 221
3: 3757 -527 104 221
2: -3757 629 -104 221
4: -3757 -629 234 221
1: 3757 2873 -96 221
2: -3757 2873 28 221
1: 3757 5239 -82 221
3: 3757 -5239 -48 221
2: -3757 6253 48 221
4: -3757 -6253 82 221
1: 3757 89063 -66 221
3: 3757 -89063 -64 221
2: -3757 106301 64 221
4: -3757 -106301 66 221
1: 3774 304317 -65 221
1: 3783 25857 -68 221
3: 3822 -867 39 221
4: -3822 -25857 68 221
1: 3887 13 -6936 221
2: -3887 13 -8092 221
2: -3887 59 -1734 221
1: 3887 289 -372 221
2: -3887 289 -304 221
4: -3926 -37859 65 221
3: 3978 -33 2652 221
1: 3978 507 -238 221
3: 3978 -9537 -52 221
1: 3978 146523 -62 221
3: 4029 -146523 -60 221
1: 4046 1 -89739 221
2: -4046 1 -105625 221
3: 4046 -13 6838 221
4: -4046 -13 8190 221
2: -4046 85 -1183 221
1: 4046 169 -591 221
2: -4046 169 -565 221
1: 4046 323 -338 221
3: 4046 -391 169 221
4: -4046 -1105 156 221
3: 4046 -4199 -39 221
1: 4046 5083 -78 221
2: -4046 14365 53 221
4: -4046 -22763 65 221
1: 4046 54587 -62 221
3: 4046 -66079 -59 221
2: -4046 295919 60 221
1: 4056 51 -1819 221
2: -4056 459 -170 221
3: 4056 -9741 -51 221
2: -4056 11475 51 221
2: -4056 507195 60 221
2: -4082 7 -15028 221
2: -4147 15317 52 221
4: -4148 -830297 59 221
3: 4182 -507 119 221
2: -4186 14365 51 221
1: 4199 48841 -60 221
2: -4199 48841 56 221
1: 4212 3 -30056 221
3: 4264 -14365 -51 221
1: 4277 1 -90168 221
2: -4277 1 -105196 221
1: 4284 11271 -65 221
3: 4342 -1 90168 221
4: -4342 -1 105196 221
2: -4352 927979 56 221
4: -4386 -11271 65 221
1: 4394 65 -1445 221
3: 4407 -3 30056 221
4: -4537 -7 15028 221
4: -4563 -51 2108 221
1: 4563 867 -158 221
3: 4563 -4641 -34 221
1: 4563 188139 -54 221
4: -4563 -217617 54 221
3: 4624 -5 18083 221
2: -4624 11 -9464 221
4: -4624 -53 2028 221
3: 4624 -85 1014 221
3: 4624 -101 845 221
2: -4624 187 -507 221
4: -4624 -901 169 221
3: 4624 -6565 -39 221
2: -4624 7579 39 221
3: 4624 -111605 -52 221
2: -4624 128843 52 221
3: 4641 -867 52 221
3: 4654 -192185 -52 221
3: 4692 -86697 -51 221
2: -4692 99879 51 221
3: 4709 -48841 -50 221
4: -4709 -48841 54 221
1: 4716 417027 -52 221
2: -4726 5915 34 221
4: -4726 -319345 52 221
3: 4732 -13 6936 221
4: -4732 -13 8092 221
4: -4732 -41 2601 221
2: -4732 323 -272 221
3: 4732 -149617 -51 221
2: -4732 172159 51 221
2: -4742 209729 51 221
3: 4748 -209729 -51 221
1: 4836 180999 -51 221
2: -4901 5 -20808 221
4: -4901 -1445 122 221
4: -4901 -604877 50 221
1: 4913 17 -5408 221
2: -4913 17 -6084 221
3: 4913 -2873 -18 221
4: -4913 -2873 86 221
3: 4966 -8959 -39 221
4: -4998 -867 169 221
1: 5032 26299 -52 221
1: 5083 289 -364 221
2: -5083 289 -312 221
4: -5083 -1183 136 221
2: -5202 21 -4901 221
1: 5202 39 -2392 221
4: -5202 -357 338 221
2: -5202 507 -158 221
3: 5202 -663 91 221
2: -5202 1209 -39 221
4: -5202 -8619 59 221
4: -5202 -20553 52 221
3: 5202 -96837 -46 221
2: -5202 110019 46 221
3: 5239 -289 270 221
4: -5239 -289 406 221
2: -5253 9 -11492 221
3: 5304 -45 1989 221
3: 5304 -7605 -34 221
3: 5304 -13005 -39 221
2: -5304 14739 39 221
1: 5382 146523 -46 221
1: 5408 11 -8381 221
1: 5408 3179 -74 221
1: 5408 15691 -51 221
4: -5491 -65 1638 221
2: -5491 23153 40 221
2: -5508 3 -34476 221
3: 5577 -39 2312 221
2: -5577 2601 4 221
1: 5593 1 -91936 221
2: -5593 1 -103428 221
3: 5678 -1 91936 221
4: -5678 -1 103428 221
1: 5746 1 -92089 221
2: -5746 1 -103275 221
3: 5746 -1 92004 221
4: -5746 -1 103360 221
2: -5746 5 -20621 221
4: -5746 -5 20706 221
1: 5746 7 -13192 221
3: 5746 -7 13107 221
2: -5746 11 -9350 221
4: -5746 -11 9435 221
1: 5746 13 -7123 221
2: -5746 13 -7905 221
3: 5746 -13 7038 221
4: -5746 -13 7990 221
1: 5746 49 -1921 221
3: 5746 -49 1836 221
2: -5746 55 -1836 221
4: -5746 -55 1921 221
4: -5746 -65 1632 221
1: 5746 91 -1054 221
3: 5746 -91 969 221
2: -5746 143 -680 221
4: -5746 -143 765 221
1: 5746 289 -361 221
2: -5746 289 -315 221
3: 5746 -289 276 221
4: -5746 -289 400 221
1: 5746 637 -187 221
3: 5746 -637 102 221
2: -5746 715 -102 221
4: -5746 -715 187 221
2: -5746 1445 -29 221
4: -5746 -1445 114 221
1: 5746 2023 -88 221
3: 5746 -2023 3 221
2: -5746 3179 10 221
4: -5746 -3179 75 221
1: 5746 3757 -67 221
2: -5746 3757 15 221
3: 5746 -3757 -18 221
4: -5746 -3757 70 221
1: 5746 14161 -49 221
3: 5746 -14161 -36 221
2: -5746 15895 36 221
4: -5746 -15895 49 221
2: -5746 18785 37 221
4: -5746 -18785 48 221
1: 5746 26299 -46 221
2: -5746 41327 40 221
4: -5746 -41327 45 221
1: 5746 184093 -43 221
3: 5746 -184093 -42 221
2: -5746 206635 42 221
4: -5746 -206635 43 221
4: -5763 -3 34476 221
4: -5837 -634933 42 221
1: 5848 9971 -51 221
3: 5928 -6069 -26 221
2: -5967 57 -1768 221
2: -5967 867 -78 221
4: -6018 -9 11492 221
3: 6069 -27 3380 221
3: 6069 -4563 -20 221
3: 6069 -387855 -40 221
2: -6076 537251 40 221
3: 6079 -537251 -40 221
2: -6084 39 -2601 221
1: 6084 3315 -68 221
2: -6084 11271 31 221
3: 6084 -15045 -34 221
2: -6084 16779 34 221
3: 6084 -664989 -40 221
2: -6202 274261 39 221
3: 6208 -274261 -39 221
3: 6222 -371943 -39 221
1: 6318 266169 -39 221
4: -6318 -295647 39 221
3: 6358 -17 5408 221
4: -6358 -17 6084 221
1: 6358 709 -169 221
4: -6358 -787 169 221
1: 6358 156689 -39 221
4: -6358 -173927 39 221
1: 6392 116467 -39 221
1: 6409 5 -18564 221
3: 6409 -169 510 221
4: -6409 -169 646 221
3: 6409 -1445 26 221
1: 6409 48841 -40 221
2: -6409 48841 36 221
2: -6526 244205 37 221
4: -6591 -3315 68 221
1: 6647 13 -7176 221
2: -6647 13 -7852 221
3: 6647 -125567 -36 221
2: -6647 138749 36 221
1: 6656 40171 -39 221
3: 6851 -289 286 221
4: -6851 -289 390 221
2: -6864 27 -3757 221
2: -6868 1183 -51 221
1: 6929 3757 -60 221
2: -6929 3757 8 221
3: 6936 -21 4394 221
1: 6936 51 -1859 221
4: -6936 -117 910 221
4: -6936 -765 169 221
3: 6936 -3549 -9 221
1: 6936 8619 -46 221
3: 6936 -10101 -26 221
2: -6936 11115 26 221
1: 6936 24531 -39 221
4: -6936 -129285 36 221
2: -6936 491283 35 221
3: 6981 -94809 -34 221
1: 6994 25 -3757 221
3: 7038 -133341 -34 221
3: 7098 -867 73 221
2: -7098 1989 -17 221
3: 7098 -230061 -34 221
2: -7098 252603 34 221
1: 7163 48841 -36 221
2: -7163 48841 32 221
1: 7174 18785 -39 221
3: 7202 -48841 -32 221
4: -7202 -48841 36 221
4: -7267 -91 1156 221
2: -7267 167 -578 221
1: 7267 235807 -34 221
4: -7267 -258349 34 221
4: -7276 -18785 39 221
1: 7327 139087 -34 221
1: 7384 100555 -34 221
3: 7436 -17 5457 221
4: -7436 -17 6035 221
3: 7436 -3757 -8 221
4: -7436 -3757 60 221
1: 7514 1 -93405 221
2: -7514 1 -101959 221
3: 7514 -1 93340 221
4: -7514 -1 102024 221
1: 7514 5 -18707 221
3: 7514 -5 18642 221
3: 7514 -17 5460 221
4: -7514 -17 6032 221
2: -7514 71 -1404 221
4: -7514 -71 1469 221
1: 7514 85 -1131 221
3: 7514 -85 1066 221
2: -7514 169 -571 221
4: -7514 -169 636 221
2: -7514 1207 -52 221
4: -7514 -1207 117 221
1: 7514 2197 -75 221
3: 7514 -2197 10 221
2: -7514 2873 -3 221
1: 7514 10985 -41 221
3: 7514 -10985 -24 221
2: -7514 11999 24 221
4: -7514 -11999 41 221
1: 7514 37349 -35 221
3: 7514 -37349 -30 221
1: 7514 186745 -33 221
3: 7514 -186745 -32 221
2: -7514 203983 32 221
4: -7514 -203983 33 221
1: 7774 13 -7225 221
2: -7774 13 -7803 221
1: 7774 289 -355 221
2: -7774 289 -321 221
4: -7774 -493 238 221
3: 7774 -66181 -30 221
4: -7803 -51 2028 221
2: -7803 19227 26 221
1: 7854 2535 -68 221
1: 7943 1 -93636 221
2: -7943 1 -101728 221
4: -7943 -19363 36 221
3: 7956 -69 1326 221
2: -7956 75 -1326 221
2: -7956 507 -170 221
3: 7956 -19941 -26 221
2: -7956 21675 26 221
2: -7956 146523 30 221
2: -8034 9 -11271 221
1: 8034 4335 -52 221
4: -8058 -146523 31 221
3: 8092 -13 7176 221
4: -8092 -13 7852 221
1: 8092 1079 -117 221
1: 8112 171 -578 221
3: 8112 -1989 17 221
1: 8112 49419 -32 221
1: 8281 20791 -34 221
4: -8281 -22525 34 221
4: -8281 -199121 30 221
1: 8294 5 -18785 221
2: -8296 35 -2873 221
2: -8381 5 -20280 221
3: 8381 -169 526 221
4: -8381 -169 630 221
4: -8381 -117793 30 221
1: 8398 48841 -31 221
2: -8398 48841 27 221
2: -8424 3 -33813 221
2: -8463 35547 26 221
1: 8466 33 -2873 221
1: 8534 244205 -29 221
4: -8541 -4335 52 221
1: 8554 1 -93925 221
2: -8554 1 -101439 221
3: 8602 -1183 51 221
3: 8619 -3 31280 221
1: 8619 15 -6290 221
3: 8619 -39 2380 221
3: 8619 -75 1224 221
2: -8619 81 -1224 221
1: 8619 195 -510 221
3: 8619 -867 80 221
3: 8619 -975 68 221
2: -8619 1053 -68 221
1: 8619 4335 -50 221
3: 8619 -11271 -20 221
3: 8619 -21675 -24 221
2: -8619 23409 24 221
1: 8619 56355 -30 221
3: 8619 -281775 -28 221
2: -8619 304317 28 221
3: 8684 -1 93925 221
4: -8684 -1 101439 221
4: -8721 -2535 68 221
4: -8814 -3 33813 221
2: -8874 9633 17 221
3: 8944 -5 18785 221
1: 8959 145 -676 221
1: 8959 455 -234 221
1: 8959 2873 -60 221
2: -8959 2873 -8 221
1: 8959 34307 -30 221
3: 9044 -93925 -26 221
1: 9061 13351 -34 221
3: 9126 -51 1819 221
2: -9126 867 -90 221
1: 9126 391017 -27 221
4: -9126 -420495 27 221
4: -9204 -9 11271 221
2: -9248 299 -312 221
2: -9248 1547 -39 221
3: 9248 -231829 -26 221
2: -9248 249067 26 221
4: -9282 -867 143 221
4: -9282 -146523 27 221
2: -9299 386971 26 221
3: 9308 -399109 -26 221
2: -9308 428587 26 221
1: 9367 48841 -28 221
2: -9367 48841 24 221
3: 9418 -48841 -24 221
4: -9418 -48841 28 221
2: -9438 2601 -13 221
3: 9464 -13 7225 221
4: -9464 -13 7803 221
2: -9464 3179 -6 221
1: 9477 406623 -26 221
4: -9477 -436101 26 221
4: -9486 -394485 26 221
2: -9537 27 -3718 221
3: 9537 -39 2392 221
1: 9537 239343 -26 221
4: -9537 -256581 26 221
3: 9633 -27 3468 221
4: -9633 -6069 42 221
4: -9639 -11661 34 221
3: 9724 -830297 -25 221
1: 9741 101439 -26 221
1: 9802 527 -204 221
1: 9802 10387 -34 221
1: 9826 17 -5577 221
2: -9826 17 -5915 221
3: 9826 -2873 8 221
4: -9826 -2873 60 221
4: -9826 -686647 25 221
1: 10166 289 -351 221
2: -10166 289 -325 221
3: 10244 -25 3757 221
4: -10322 -43061 26 221
1: 10336 11 -8619 221
4: -10374 -27 3757 221
1: 10387 1 -94588 221
2: -10387 1 -100776 221
2: -10404 39 -2561 221
1: 10404 507 -210 221
1: 10404 3315 -52 221
3: 10404 -200265 -23 221
2: -10404 213447 23 221
3: 10452 -2601 13 221
3: 10478 -289 304 221
4: -10478 -289 372 221
3: 10608 -15717 -17 221
2: -10608 16731 17 221
2: -10647 11271 14 221
2: -10676 7 -14365 221
2: -10764 146523 22 221
4: -10816 -85 1207 221
4: -10816 -70805 24 221
1: 10829 27455 -26 221
4: -10829 -29189 26 221
2: -10846 5 -20111 221
2: -10982 11 -9126 221
3: 10982 -179 507 221
3: 10982 -1547 39 221
4: -10982 -26741 26 221
1: 11016 3 -31603 221
1: 11152 927979 -22 221
4: -11154 -39 2601 221
3: 11154 -765 102 221
4: -11154 -16473 28 221
2: -11154 20553 17 221
1: 11186 1 -94809 221
2: -11186 1 -100555 221
4: -11271 -3 33540 221
1: 11271 9 -10556 221
2: -11271 15 -6682 221
4: -11271 -21 4810 221
2: -11271 51 -1950 221
3: 11271 -99 936 221
2: -11271 105 -936 221
3: 11271 -153 598 221
4: -11271 -255 416 221
2: -11271 357 -260 221
4: -11271 -507 220 221
1: 11271 1521 -84 221
1: 11271 1683 -78 221
4: -11271 -1785 78 221
2: -11271 2535 -18 221
4: -11271 -3549 50 221
2: -11271 8619 10 221
3: 11271 -16731 -16 221
2: -11271 17745 16 221
3: 11271 -25857 -18 221
4: -11271 -43095 24 221
2: -11271 60333 20 221
1: 11271 284427 -22 221
4: -11271 -301665 22 221
3: 11323 -323 272 221
4: -11323 -41327 24 221
3: 11356 -1 94809 221
4: -11356 -1 100555 221
3: 11492 -1 94843 221
4: -11492 -1 100521 221
3: 11492 -13 7276 221
4: -11492 -13 7752 221
3: 11492 -101 918 221
2: -11492 107 -918 221
3: 11492 -289 307 221
4: -11492 -289 369 221
3: 11492 -1313 51 221
2: -11492 1391 -51 221
3: 11492 -3757 4 221
4: -11492 -3757 48 221
3: 11492 -29189 -18 221
2: -11492 30923 18 221
3: 11492 -379457 -21 221
2: -11492 401999 21 221
3: 11526 -3 31603 221
2: -11661 106641 20 221
1: 11662 7267 -34 221
4: -11696 -5 20111 221
3: 11849 -14365 -14 221
1: 11849 17615 -26 221
4: -11849 -18629 26 221
4: -11866 -7 14365 221
3: 11934 -105 884 221
2: -11934 111 -884 221
1: 11934 867 -130 221
3: 11934 -2535 17 221
4: -12138 -153 676 221
4: -12138 -25857 24 221
3: 12168 -30957 -17 221
2: -12168 32691 17 221
3: 12206 -11 8619 221
2: -12342 35997 17 221
2: -12427 1027 -78 221
2: -12506 325 -289 221
2: -12636 43095 17 221
3: 12714 -43095 -17 221
3: 12716 -17 5577 221
4: -12716 -17 5915 221
3: 12818 -169 544 221
4: -12818 -169 612 221
1: 12818 48841 -21 221
1: 12844 11 -8670 221
3: 12844 -65 1445 221
1: 12844 2975 -51 221
1: 12844 15895 -25 221
3: 12844 -93925 -18 221
1: 12857 13583 -26 221
2: -13182 65637 17 221
1: 13294 13 -7345 221
2: -13294 13 -7683 221
4: -13294 -1183 103 221
4: -13294 -2977 52 221
1: 13294 14365 -25 221
3: 13294 -257725 -18 221
2: -13294 270907 18 221
3: 13481 -830297 -18 221
1: 13583 1 -95316 221
2: -13583 1 -100048 221
1: 13689 3 -31790 221
1: 13689 593895 -18 221
4: -13689 -623373 18 221
3: 13702 -289 312 221
4: -13702 -289 364 221
1: 13702 537251 -18 221
1: 13858 3757 -43 221
2: -13858 3757 -9 221
1: 13872 27 -3549 221
2: -13872 8619 6 221
3: 13872 -20709 -13 221
2: -13872 21723 13 221
1: 14027 161551 -18 221
3: 14076 -33 2873 221
1: 14076 146523 -18 221
3: 14076 -273273 -17 221
2: -14076 286455 17 221
2: -14118 336141 17 221
4: -14161 -9295 28 221
2: -14196 15 -6647 221
1: 14196 351 -289 221
3: 14196 -471393 -17 221
2: -14196 493935 17 221
2: -14232 629187 17 221
3: 14238 -629187 -17 221
4: -14246 -35 2873 221
2: -14274 922233 17 221
1: 14326 48841 -19 221
2: -14326 48841 15 221
3: 14404 -48841 -15 221
4: -14404 -48841 19 221
4: -14456 -933725 17 221
1: 14492 640679 -17 221
4: -14498 -640679 17 221
3: 14534 -5 19074 221
1: 14534 482885 -17 221
4: -14534 -505427 17 221
4: -14612 -347633 17 221
1: 14654 284765 -17 221
4: -14654 -297947 17 221
3: 14872 -3757 9 221
4: -14872 -3757 43 221
3: 15028 -1 95511 221
4: -15028 -1 99853 221
1: 15028 7 -13663 221
3: 15028 -17 5603 221
4: -15028 -17 5889 221
1: 15028 19 -5044 221
1: 15028 119 -819 221
3: 15028 -133 702 221
2: -15028 139 -702 221
3: 15028 -169 549 221
4: -15028 -169 607 221
1: 15028 323 -312 221
1: 15028 1183 -97 221
3: 15028 -2261 26 221
2: -15028 2363 -26 221
1: 15028 3211 -46 221
1: 15028 20111 -21 221
3: 15028 -22477 -12 221
2: -15028 23491 12 221
1: 15028 54587 -18 221
3: 15028 -382109 -16 221
2: -15028 399347 16 221
1: 15317 9503 -26 221
4: -15548 -77129 17 221
3: 15606 -51 1859 221
4: -15606 -2535 55 221
2: -15844 41327 13 221
1: 15886 1 -95659 221
2: -15886 1 -99705 221
3: 15912 -141 663 221
2: -15912 147 -663 221
1: 15912 507 -204 221
3: 15912 -40749 -13 221
2: -15912 42483 13 221
1: 15912 146523 -16 221
3: 15946 -41327 -13 221
1: 16016 54587 -17 221
4: -16094 -54587 17 221
3: 16184 -13 7345 221
4: -16184 -13 7683 221
4: -16224 -117 867 221
4: -16224 -33813 18 221
1: 16354 29 -3315 221
4: -16388 -47489 17 221
4: -16393 -527 204 221
2: -16562 113 -867 221
1: 16562 42449 -17 221
4: -16562 -44183 17 221
2: -16731 21675 10 221
3: 16762 -169 552 221
4: -16762 -169 604 221
4: -17238 -3 33201 221
1: 17238 9 -10659 221
4: -17238 -39 2567 221
1: 17238 117 -833 221
2: -17238 159 -612 221
4: -17238 -867 129 221
2: -17238 2067 -34 221
4: -17238 -11271 23 221
3: 17238 -44217 -12 221
2: -17238 45951 12 221
3: 17238 -574821 -14 221
2: -17238 597363 14 221
4: -17576 -32045 17 221
3: 17629 -2405 26 221
2: -17901 3 -33150 221
1: 17918 2873 -47 221
2: -17918 2873 -21 221
4: -17966 -244205 14 221
1: 18122 27209 -17 221
4: -18122 -28223 17 221
1: 18252 867 -124 221
1: 18421 34969 -16 221
4: -18496 -85 1183 221
3: 18496 -472277 -13 221
2: -18496 489515 13 221
1: 18564 15 -6409 221
1: 18564 2535 -51 221
2: -18612 822783 13 221
3: 18616 -812957 -13 221
2: -18616 842435 13 221
3: 18618 -822783 -13 221
1: 18734 48841 -15 221
2: -18734 48841 11 221
3: 18836 -48841 -11 221
4: -18836 -48841 15 221
1: 18952 837811 -13 221
1: 18954 827985 -13 221
4: -18954 -857463 13 221
4: -18958 -837811 13 221
4: -19006 -5 19890 221
4: -19074 -39 2561 221
1: 19074 819 -130 221
3: 19074 -53235 -11 221
1: 19074 487305 -13 221
4: -19074 -504543 13 221
3: 19604 -1445 54 221
3: 19652 -2873 21 221
4: -19652 -2873 47 221
4: -19856 -21125 17 221
4: -19941 -585 182 221
3: 19941 -389883 -12 221
2: -19941 403065 12 221
1: 20111 1 -96084 221
2: -20111 1 -99280 221
3: 20111 -13 7378 221
4: -20111 -13 7650 221
1: 20111 51731 -14 221
4: -20111 -53465 14 221
3: 20111 -672503 -12 221
2: -20111 695045 12 221
1: 20519 19 -5070 221
1: 20774 1 -96135 221
2: -20774 1 -99229 221
3: 20774 -845 102 221
2: -20808 507 -184 221
3: 20956 -289 321 221
4: -20956 -289 355 221
1: 21294 11271 -20 221
4: -21386 -119 845 221
1: 21528 146523 -12 221
4: -21567 -146523 12 221
1: 21624 56355 -13 221
1: 21658 55777 -13 221
4: -21658 -57511 13 221
4: -21726 -56355 13 221
4: -21801 -11271 20 221
3: 21964 -65 1469 221
3: 21964 -86021 -10 221
2: -22338 3549 -17 221
3: 22542 -3 32071 221
4: -22542 -9 11024 221
1: 22542 51 -1898 221
2: -22542 153 -637 221
3: 22542 -201 468 221
2: -22542 207 -468 221
3: 22542 -507 179 221
4: -22542 -1521 76 221
1: 22542 3417 -39 221
4: -22542 -3519 39 221
1: 22542 8619 -22 221
2: -22542 25857 7 221
3: 22542 -33969 -8 221
2: -22542 34983 8 221
1: 22542 577473 -11 221
4: -22542 -594711 11 221
1: 22568 537251 -11 221
3: 22984 -5 19244 221
3: 22984 -13 7395 221
4: -22984 -13 7633 221
3: 22984 -205 459 221
2: -22984 211 -459 221
3: 22984 -533 170 221
3: 22984 -1445 56 221
3: 22984 -3757 15 221
4: -22984 -3757 37 221
3: 22984 -59245 -9 221
2: -22984 60979 9 221
3: 22984 -154037 -10 221
1: 23409 3 -32110 221
1: 23491 2023 -58 221
3: 23494 -244205 -10 221
1: 23698 35737 -13 221
4: -23698 -36751 13 221
3: 23868 -213 442 221
2: -23868 219 -442 221
2: -23868 867 -104 221
3: 23987 -299 312 221
1: 23987 1859 -62 221
2: -23998 19 -5202 221
3: 24072 -3549 17 221
2: -24276 15 -6591 221
2: -24276 2535 -29 221
4: -24336 -69 1445 221
4: -24336 -19941 15 221
4: -24531 -45 2210 221
3: 24752 -2197 34 221
4: -24843 -867 124 221
3: 24854 -5 19266 221
1: 24973 223 -442 221
4: -24973 -229 442 221
2: -25012 26299 6 221
1: 25129 341887 -10 221
2: -25181 7225 -4 221
4: -25194 -6069 26 221
1: 25519 223975 -10 221
3: 25636 -169 561 221
4: -25636 -169 595 221
4: -25636 -1445 78 221
1: 25857 39 -2482 221
3: 25857 -231 408 221
2: -25857 237 -408 221
1: 25857 11271 -18 221
3: 25857 -66759 -8 221
2: -25857 68493 8 221
3: 26026 -251719 -9 221
1: 26299 1 -96460 221
2: -26299 1 -98904 221
1: 26299 85 -1144 221
1: 26299 169 -580 221
2: -26299 169 -576 221
1: 26299 799 -130 221
1: 26299 14365 -16 221
1: 26299 135031 -10 221
3: 26588 -522041 -9 221
2: -26588 535223 9 221
2: -26871 2295 -34 221
1: 27166 1 -96499 221
2: -27166 1 -98865 221
3: 27166 -187 507 221
4: -27166 -845 126 221
3: 27166 -48503 -7 221
4: -27183 -507 204 221
2: -27378 3 -32946 221
3: 27378 -3723 17 221
3: 27404 -289 325 221
4: -27404 -289 351 221
1: 27744 8619 -20 221
2: -28152 146523 8 221
3: 28203 -146523 -8 221
3: 28223 -1 96526 221
4: -28223 -1 98838 221
1: 28288 3179 -39 221
1: 28322 255697 -9 221
4: -28611 -8619 20 221
1: 29189 1183 -90 221
3: 29406 -18207 -3 221
2: -29478 4641 -13 221
3: 29744 -325 289 221
4: -29744 -11237 17 221
4: -29913 -9 10982 221
4: -30056 -5 19760 221
2: -30056 11 -8970 221
4: -30056 -85 1170 221
2: -30056 187 -520 221
3: 30056 -269 351 221
2: -30056 275 -351 221
4: -30056 -845 125 221
2: -30056 1859 -45 221
3: 30056 -4573 13 221
2: -30056 4675 -13 221
4: -30056 -14365 15 221
2: -30056 31603 5 221
3: 30056 -45461 -6 221
2: -30056 46475 6 221
3: 30056 -772837 -8 221
2: -30056 790075 8 221
3: 30082 -86411 -7 221
3: 30634 -19435 -3 221
3: 31212 -4641 13 221
3: 31434 -165 578 221
4: -31434 -351 289 221
3: 31434 -125715 -7 221
1: 31603 3679 -34 221
3: 31603 -3757 18 221
2: -31824 507 -187 221
2: -31824 146523 7 221
4: -32279 -173 578 221
3: 32487 -867 104 221
3: 33524 -169 565 221
4: -33524 -169 591 221
3: 33813 -303 312 221
2: -33813 309 -312 221
1: 33813 507 -198 221
1: 33813 5151 -26 221
4: -33813 -5253 26 221
3: 33813 -8619 4 221
3: 33969 -2601 30 221
3: 34102 -83317 -6 221
4: -34476 -9 10965 221
4: -34476 -117 850 221
3: 34476 -309 306 221
2: -34476 315 -306 221
4: -34476 -2601 45 221
3: 34476 -4017 17 221
2: -34476 4095 -17 221
4: -34476 -33813 10 221
3: 34476 -89301 -6 221
2: -34476 91035 6 221
3: 35547 -507 184 221
1: 35659 18785 -12 221
1: 35802 3 -32266 221
1: 35828 9503 -17 221
4: -35836 -531505 7 221
1: 35997 1581 -68 221
4: -36166 -18785 12 221
1: 36166 43061 -9 221
2: -36414 561 -169 221
4: -36414 -5109 26 221
2: -36504 867 -107 221
4: -36842 -9503 17 221
3: 36842 -154037 -6 221
3: 36907 -1 96798 221
4: -36907 -1 98566 221
1: 37349 65 -1496 221
2: -37349 403 -238 221
2: -37856 67915 5 221
4: -39117 -3549 34 221
1: 39304 595 -169 221
2: -39494 537251 6 221
3: 39882 -786357 -6 221
2: -39882 799539 6 221
4: -40053 -57 1734 221
1: 40222 1 -96883 221
2: -40222 1 -98481 221
3: 40222 -13 7446 221
4: -40222 -13 7582 221
1: 40222 104329 -7 221
4: -40222 -106063 7 221
4: -40664 -8957 17 221
1: 41236 3451 -34 221
3: 41327 -17 5694 221
4: -41327 -17 5798 221
3: 41327 -1183 76 221
1: 41616 507 -197 221
4: -41616 -1365 78 221
4: -41616 -23829 10 221
4: -42279 -439569 6 221
2: -42483 897 -104 221
3: 42483 -25857 -2 221
4: -42588 -1581 68 221
2: -42588 11271 -3 221
1: 42874 55 -1768 221
2: -43056 146523 5 221
3: 43134 -146523 -5 221
3: 43602 -11271 3 221
1: 43928 2899 -39 221
2: -45084 51 -1924 221
3: 45084 -405 234 221
2: -45084 411 -234 221
3: 45084 -1377 65 221
2: -45084 8619 -6 221
3: 45084 -68445 -4 221
2: -45084 69459 4 221
3: 45084 -232713 -5 221
1: 45373 7 -13858 221
1: 45747 146523 -6 221
4: -45951 -1521 70 221
1: 45968 59 -1649 221
1: 45968 91 -1071 221
1: 45968 17051 -11 221
1: 45968 26299 -9 221
4: -46306 -10115 15 221
1: 46529 14365 -12 221
3: 46644 -411825 -5 221
2: -46818 3 -32786 221
1: 47008 12427 -13 221
1: 47151 21 -4624 221
4: -47396 -14365 12 221
2: -47736 435 -221 221
1: 47736 867 -117 221
4: -48022 -12427 13 221
3: 48263 -1 97006 221
4: -48263 -1 98358 221
1: 48841 1 -97024 221
2: -48841 1 -98340 221
3: 48841 -1 97014 221
4: -48841 -1 98350 221
2: -48841 5 -19664 221
4: -48841 -5 19674 221
1: 48841 13 -7468 221
2: -48841 13 -7560 221
3: 48841 -13 7458 221
4: -48841 -13 7570 221
3: 48841 -17 5702 221
4: -48841 -17 5790 221
4: -48841 -65 1518 221
2: -48841 85 -1152 221
4: -48841 -85 1162 221
2: -48841 89 -1100 221
4: -48841 -89 1110 221
1: 48841 221 -444 221
2: -48841 221 -440 221
3: 48841 -221 434 221
4: -48841 -221 450 221
1: 48841 439 -226 221
3: 48841 -439 216 221
2: -48841 445 -216 221
4: -48841 -445 226 221
2: -48841 1105 -84 221
4: -48841 -1105 94 221
2: -48841 1157 -80 221
4: -48841 -1157 90 221
2: -48841 1513 -60 221
4: -48841 -1513 70 221
1: 48841 5707 -22 221
3: 48841 -5707 12 221
2: -48841 5785 -12 221
4: -48841 -5785 22 221
1: 48841 7463 -18 221
3: 48841 -7463 8 221
2: -48841 7565 -8 221
4: -48841 -7565 18 221
4: -48841 -19669 10 221
1: 48841 97019 -6 221
3: 48841 -97019 -4 221
2: -48841 98345 4 221
4: -48841 -98345 6 221
2: -49504 3179 -26 221
3: 49686 -867 107 221
3: 49708 -106301 -4 221
1: 49946 449 -221 221
3: 50864 -4901 15 221
3: 50864 -34645 -2 221
2: -50864 54587 3 221
2: -51051 2535 -34 221
1: 51068 7943 -17 221
2: -51714 39 -2516 221
3: 51714 -195 493 221
3: 51714 -465 204 221
2: -51714 471 -204 221
1: 51714 1209 -85 221
2: -51714 11271 -4 221
3: 51714 -56355 -3 221
3: 51714 -134385 -4 221
2: -51714 136119 4 221
1: 51714 349401 -5 221
2: -52221 4335 -18 221
3: 52377 -146523 -4 221
1: 52598 1 -97071 221
2: -52598 1 -98293 221
1: 52598 43 -2262 221
1: 52598 169 -579 221
2: -52598 169 -577 221
1: 52598 7267 -18 221
4: -52802 -7943 17 221
2: -52819 37 -2652 221
1: 53066 7 -13872 221
1: 53404 1207 -85 221
2: -53754 180999 4 221
1: 53754 212433 -5 221
2: -53911 5 -19652 221
3: 54366 -507 187 221
3: 54418 -199121 -4 221
2: -54587 923 -102 221
1: 54756 3 -32368 221
2: -55471 244205 4 221
4: -55488 -597 169 221
2: -55488 8619 -7 221
1: 55601 1 -97104 221
2: -55601 1 -98260 221
2: -55777 287 -338 221
4: -56108 -7769 17 221
1: 56304 146523 -5 221
4: -56406 -146523 5 221
3: 56446 -1 97104 221
4: -56446 -1 98260 221
2: -56784 326859 4 221
3: 56797 -73 1326 221
3: 57018 -4563 17 221
1: 57222 291 -338 221
3: 57222 -897 104 221
3: 57222 -8619 7 221
3: 57291 -3 32368 221
4: -58136 -5 19652 221
3: 58956 -561 169 221
3: 58981 -7 13872 221
1: 59007 1521 -68 221
3: 60112 -91429 -3 221
2: -60112 92443 3 221
3: 60333 -867 108 221
1: 60554 845 -119 221
3: 61217 -48841 -2 221
4: -61217 -48841 6 221
1: 61438 2023 -52 221
4: -61846 -595 169 221
3: 62713 -41 2366 221
3: 63002 -12337 4 221
2: -63206 5 -19635 221
2: -63206 115 -850 221
4: -63206 -325 306 221
3: 63206 -3757 22 221
4: -63206 -3757 30 221
1: 63206 7397 -17 221
4: -63206 -7475 17 221
4: -63206 -86411 5 221
2: -63544 116467 3 221
1: 63869 17 -5720 221
2: -63869 17 -5772 221
3: 63869 -2873 30 221
4: -63869 -2873 38 221
1: 64623 439569 -4 221
4: -64662 -439569 4 221
3: 64896 -21 4624 221
1: 64896 410091 -4 221
4: -64974 -867 117 221
1: 65234 1445 -71 221
1: 65416 3211 -34 221
1: 65722 341887 -4 221
4: -65773 -341887 4 221
1: 66079 13 -7480 221
2: -66079 13 -7548 221
2: -66079 289 -336 221
1: 66079 319345 -4 221
4: -66586 -1207 85 221
1: 66759 2535 -42 221
1: 67048 10387 -13 221
4: -67093 -272527 4 221
1: 67184 11 -8840 221
2: -67626 507 -190 221
3: 67626 -609 156 221
2: -67626 615 -156 221
1: 67626 3549 -31 221
4: -67626 -8619 15 221
1: 67626 10353 -13 221
4: -67626 -10455 13 221
3: 67626 -14703 3 221
3: 67626 -60333 -2 221
1: 67626 249951 -4 221
1: 68289 4335 -26 221
4: -68782 -10387 13 221
1: 68952 27 -3604 221
3: 68952 -621 153 221
2: -68952 627 -153 221
4: -68952 -741 136 221
1: 68952 7803 -16 221
3: 68952 -179469 -3 221
2: -68952 181203 3 221
4: -68952 -214149 4 221
1: 69649 196885 -4 221
2: -69938 199589 3 221
4: -70057 -2023 52 221
4: -70278 -1521 68 221
1: 70499 5 -19448 221
4: -71094 -507 197 221
2: -71383 11 -8918 221
4: -71383 -169507 4 221
2: -71604 3 -32708 221
2: -71786 244205 3 221
3: 71864 -244205 -3 221
1: 72709 1 -97240 221
2: -72709 1 -98124 221
4: -73406 -58643 5 221
3: 73814 -1 97240 221
4: -73814 -1 98124 221
4: -74562 -135369 4 221
3: 74562 -353379 -3 221
4: -74698 -26299 7 221
2: -74698 364429 3 221
2: -74851 29 -3380 221
4: -74919 -3 32708 221
3: 75429 -285 338 221
3: 75429 -78585 -2 221
3: 75543 -78897 -2 221
3: 76024 -5 19448 221
4: -76874 -293 338 221
1: 76908 63 -1547 221
3: 77402 -627419 -3 221
3: 77571 -699 136 221
2: -77571 705 -136 221
2: -77571 867 -110 221
4: -78416 -1445 71 221
2: -79186 845 -113 221
3: 79339 -11 8840 221
3: 80444 -13 7480 221
4: -80444 -13 7548 221
2: -80444 43 -2278 221
3: 80444 -377 255 221
4: -80444 -4913 23 221
3: 80444 -93925 -2 221
2: -82076 100555 2 221
1: 82654 5 -19461 221
3: 82654 -17 5720 221
4: -82654 -17 5772 221
3: 82654 -149 650 221
4: -82943 -97 1014 221
4: -83096 -845 119 221
2: -83824 1819 -51 221
1: 84388 916487 -3 221
2: -85306 1445 -65 221
4: -85748 -6929 17 221
2: -86411 14365 -4 221
3: 86411 -117793 -2 221
4: -86528 -551701 3 221
1: 86632 537251 -3 221
1: 87278 193 -507 221
3: 89063 -289 334 221
4: -89063 -289 342 221
1: 89284 1183 -85 221
1: 89301 9 -10816 221
1: 90168 51 -1911 221
3: 90168 -813 117 221
1: 90168 8619 -14 221
3: 90168 -137397 -2 221
2: -90168 138411 2 221
4: -90168 -336141 3 221
3: 90246 -137853 -2 221
2: -91324 3419 -26 221
2: -91494 146523 2 221
3: 91902 -567 169 221
2: -92191 5 -19604 221
1: 92378 49 -1989 221
1: 93636 3 -32448 221
4: -93704 -37 2652 221
1: 93874 244205 -3 221
4: -93976 -244205 3 221
4: -94792 -589 169 221
4: -94809 -39 2516 221
1: 94809 2601 -40 221
3: 94809 -169065 -2 221
1: 95081 1 -97344 221
2: -95081 1 -98020 221
2: -95316 7803 -10 221
3: 96526 -1 97344 221
4: -96526 -1 98020 221
3: 97006 -1819 51 221
1: 97344 21675 -7 221
1: 97682 1 -97353 221
2: -97682 1 -98011 221
3: 97682 -1 97348 221
4: -97682 -1 98016 221
1: 97682 13 -7491 221
2: -97682 13 -7537 221
3: 97682 -13 7486 221
4: -97682 -13 7542 221
3: 97682 -17 5724 221
4: -97682 -17 5768 221
1: 97682 221 -443 221
2: -97682 221 -441 221
3: 97682 -221 438 221
4: -97682 -221 446 221
1: 97682 881 -113 221
3: 97682 -881 108 221
2: -97682 887 -108 221
4: -97682 -887 113 221
1: 97682 11453 -11 221
3: 97682 -11453 6 221
2: -97682 11531 -6 221
4: -97682 -11531 11 221
1: 97682 14977 -9 221
3: 97682 -14977 4 221
2: -97682 15079 -4 221
4: -97682 -15079 9 221
1: 97682 194701 -3 221
3: 97682 -194701 -2 221
2: -97682 196027 2 221
4: -97682 -196027 3 221
3: 97971 -3 32448 221
2: -98696 206635 2 221
4: -99416 -5 19604 221
3: 101231 -236113 -2 221
4: -101439 -51 1924 221
3: 101439 -915 104 221
2: -101439 921 -104 221
3: 101439 -2535 36 221
1: 101728 1963 -52 221
3: 102306 -9 10816 221
4: -102306 -3549 30 221
3: 102544 -1445 65 221
1: 103428 39 -2499 221
3: 103428 -933 102 221
2: -103428 939 -102 221
1: 103428 11271 -11 221
3: 103428 -269637 -2 221
2: -103428 271371 2 221
3: 103649 -55 1768 221
1: 104104 148835 -3 221
4: -104754 -146523 3 221
3: 105196 -2197 42 221
4: -105794 -8381 14 221
4: -106301 -193 510 221
1: 106301 26299 -6 221
1: 107484 56355 -4 221
4: -107991 -56355 4 221
3: 108664 -845 113 221
3: 108953 -169 574 221
4: -108953 -169 582 221
3: 109174 -65 1496 221
2: -109512 3 -32657 221
1: 110109 4095 -26 221
1: 111202 1 -97393 221
2: -111202 1 -97971 221
4: -111826 -1183 85 221
3: 112892 -1 97393 221
4: -112892 -1 97971 221
4: -114582 -3 32657 221
1: 116467 2873 -36 221
2: -116467 2873 -32 221
4: -116756 -29 3380 221
1: 117793 3757 -28 221
2: -117793 3757 -24 221
3: 120224 -85 1144 221
1: 120224 2635 -39 221
1: 120224 100555 -3 221
2: -120666 15 -6528 221
1: 120666 99 -986 221
4: -120666 -867 115 221
1: 121771 48841 -4 221
4: -122434 -48841 4 221
1: 123318 21 -4641 221
3: 123539 -5 19482 221
4: -123981 -765 130 221
3: 126412 -3757 24 221
4: -126412 -3757 28 221
2: -126412 8959 -9 221
1: 126412 47107 -4 221
1: 127738 17 -5733 221
2: -127738 17 -5759 221
3: 127738 -2873 32 221
4: -127738 -2873 36 221
2: -128778 33813 -1 221
3: 129792 -33813 1 221
2: -130628 20111 -3 221
2: -131784 16731 -4 221
1: 132158 13 -7497 221
2: -132158 13 -7531 221
1: 132158 289 -339 221
2: -132158 289 -337 221
3: 132362 -20111 3 221
2: -133172 5491 -16 221
4: -134589 -111 884 221
1: 135031 1 -97444 221
2: -135031 1 -97920 221
3: 135252 -33 2951 221
1: 135252 507 -194 221
3: 135252 -1221 78 221
2: -135252 1227 -78 221
1: 135252 18759 -7 221
1: 136578 9 -10829 221
1: 138788 7 -13923 221
1: 139009 251 -390 221
3: 139763 -5491 16 221
1: 140454 43095 -4 221
1: 140777 367319 -2 221
4: -140777 -369053 2 221
4: -141321 -43095 4 221
1: 142974 333795 -2 221
1: 143208 3 -32487 221
1: 145418 1 -97461 221
2: -145418 1 -97903 221
4: -145509 -304317 2 221
4: -146523 -3 32636 221
3: 146523 -27 3608 221
4: -146523 -39 2512 221
2: -146523 51 -1918 221
3: 146523 -189 514 221
3: 146523 -351 276 221
1: 146523 459 -214 221
2: -146523 663 -146 221
3: 146523 -1323 72 221
2: -146523 1329 -72 221
3: 146523 -2457 38 221
1: 146523 3213 -32 221
1: 146523 5967 -18 221
3: 146523 -17199 4 221
2: -146523 17277 -4 221
1: 146523 22491 -6 221
4: -146523 -22593 6 221
1: 146523 41769 -4 221
1: 146523 292383 -2 221
4: -146523 -293709 2 221
2: -146744 1859 -51 221
3: 147628 -1 97461 221
4: -147628 -1 97903 221
2: -148546 1469 -65 221
1: 149396 71383 -3 221
1: 149396 266747 -2 221
3: 149838 -3 32487 221
3: 150748 -21097 3 221
3: 152269 -143 680 221
4: -152711 -244205 2 221
1: 152881 22139 -6 221
1: 153959 235535 -2 221
3: 154037 -1819 52 221
1: 154037 235079 -2 221
4: -154037 -236093 2 221
3: 154258 -7 13923 221
2: -155142 273 -357 221
1: 155142 867 -114 221
3: 155142 -1401 68 221
2: -155142 1407 -68 221
3: 156468 -9 10829 221
1: 157794 15 -6500 221
4: -157794 -27 3627 221
1: 157794 1275 -78 221
1: 157794 2535 -40 221
4: -157794 -4563 23 221
1: 157794 215475 -2 221
1: 160446 2601 -39 221
1: 160684 5915 -18 221
3: 160888 -13 7497 221
4: -160888 -13 7531 221
4: -161551 -5 19578 221
4: -162129 -198237 2 221
3: 163254 -13005 6 221
1: 163761 87 -1122 221
4: -163761 -39015 4 221
1: 163761 191607 -2 221
3: 165308 -17 5733 221
4: -165308 -17 5759 221
1: 166634 5 -19499 221
3: 166634 -1445 66 221
1: 168662 176579 -2 221
1: 168776 176267 -2 221
3: 169286 -1859 51 221
3: 169728 -21 4641 221
2: -172718 337 -289 221
3: 172822 -1183 81 221
1: 172822 37687 -4 221
1: 174408 339 -289 221
1: 174556 17407 -7 221
1: 176579 1 -97500 221
2: -176579 1 -97864 221
3: 176579 -187 520 221
3: 176579 -845 114 221
1: 176579 158015 -2 221
4: -177684 -2601 39 221
3: 178024 -1469 65 221
3: 178126 -289 336 221
2: -180336 8619 -10 221
3: 180336 -275301 -1 221
2: -180336 276315 1 221
1: 180999 11271 -10 221
3: 182182 -29189 2 221
1: 182988 146523 -2 221
1: 183872 1963 -51 221
1: 183872 3179 -32 221
2: -187272 3 -32617 221
3: 189618 -39 2499 221
1: 190162 1 -97513 221
2: -190162 1 -97851 221
1: 192491 481 -204 221
3: 193052 -1 97513 221
4: -193052 -1 97851 221
1: 193341 132327 -2 221
3: 195364 -1 97515 221
4: -195364 -1 97849 221
3: 195364 -5 19502 221
2: -195364 7 -13977 221
2: -195364 11 -8894 221
3: 195364 -13 7500 221
4: -195364 -13 7528 221
3: 195364 -17 5735 221
4: -195364 -17 5757 221
2: -195364 23 -4253 221
3: 195364 -65 1499 221
4: -195364 -77 1272 221
3: 195364 -85 1146 221
2: -195364 91 -1074 221
2: -195364 119 -821 221
2: -195364 143 -683 221
4: -195364 -161 609 221
2: -195364 187 -522 221
3: 195364 -221 440 221
4: -195364 -221 444 221
4: -195364 -253 388 221
2: -195364 299 -326 221
3: 195364 -353 275 221
2: -195364 391 -249 221
4: -195364 -1001 99 221
3: 195364 -1105 87 221
4: -195364 -1309 76 221
2: -195364 1547 -62 221
3: 195364 -1765 54 221
2: -195364 1771 -54 221
4: -195364 -2093 48 221
4: -195364 -2737 37 221
4: -195364 -3289 31 221
4: -195364 -4301 24 221
3: 195364 -4589 20 221
2: -195364 5083 -18 221
3: 195364 -6001 15 221
4: -195364 -17017 7 221
3: 195364 -22945 3 221
2: -195364 23023 -3 221
3: 195364 -30005 2 221
2: -195364 30107 -2 221
4: -195364 -35581 4 221
4: -195364 -55913 3 221
3: 195364 -390065 -1 221
2: -195364 391391 1 221
4: -195942 -3 32617 221
1: 197676 55263 -3 221
4: -200566 -145 676 221
3: 200668 -49 1989 221
1: 201722 123539 -2 221
3: 202878 -51 1911 221
2: -202878 1839 -52 221
1: 202878 6591 -16 221
1: 203983 19 -5134 221
2: -206584 537251 1 221
3: 206686 -537251 -1 221
3: 206856 -1869 51 221
2: -206856 1875 -51 221
3: 206856 -540141 -1 221
2: -206856 541875 1 221
4: -207532 -113 867 221
2: -208658 3887 -24 221
1: 212602 4913 -21 221
4: -215016 -7605 14 221
2: -215436 732615 1 221
3: 215514 -732615 -1 221
3: 216138 -63 1547 221
2: -217906 5 -19565 221
3: 217906 -169 576 221
4: -217906 -169 580 221
1: 217906 179 -546 221
1: 219362 8959 -12 221
3: 223397 -3887 24 221
4: -225953 -8959 12 221
2: -232713 3 -32606 221
2: -232713 32079 -2 221
1: 232934 2873 -35 221
2: -232934 2873 -33 221
1: 235586 3757 -27 221
2: -235586 3757 -25 221
4: -236691 -32955 4 221
1: 243542 48841 -3 221
2: -243542 48841 -1 221
3: 244868 -48841 1 221
4: -244868 -48841 3 221
3: 247078 -91 1071 221
1: 247962 27 -3614 221
2: -247962 357 -273 221
3: 252824 -3757 25 221
4: -252824 -3757 27 221
3: 255476 -2873 33 221
4: -255476 -2873 35 221
3: 259233 -3621 26 221
2: -264654 5457 -17 221
1: 269926 2561 -39 221
1: 270062 1 -97563 221
2: -270062 1 -97801 221
2: -270504 507 -192 221
3: 270504 -2445 39 221
2: -270504 2451 -39 221
1: 272896 927979 -1 221
4: -272974 -927979 1 221
1: 274261 629 -156 221
4: -275808 -21 4658 221
3: 275808 -117 833 221
3: 275808 -33813 2 221
3: 277836 -5457 17 221
3: 278018 -119 819 221
4: -278018 -3893 26 221
1: 281554 735505 -1 221
4: -281554 -737239 1 221
1: 281724 732615 -1 221
4: -281826 -732615 1 221
1: 292179 10647 -10 221
3: 293046 -3 32523 221
2: -293046 9 -10865 221
3: 293046 -39 2501 221
4: -293046 -45 2174 221
1: 293046 51 -1914 221
2: -293046 117 -835 221
4: -293046 -153 640 221
4: -293046 -531 185 221
4: -293046 -585 168 221
1: 293046 663 -148 221
2: -293046 765 -127 221
4: -293046 -1989 50 221
3: 293046 -2649 36 221
2: -293046 2655 -36 221
4: -293046 -6903 15 221
2: -293046 9027 -10 221
2: -293046 9945 -9 221
3: 293046 -34437 2 221
2: -293046 34515 -2 221
1: 293046 45033 -3 221
4: -293046 -45135 3 221
1: 293046 585429 -1 221
4: -293046 -586755 1 221
1: 293384 6035 -17 221
3: 298792 -949 102 221
4: -299404 -2561 39 221
1: 304317 3 -32526 221
2: -304538 25721 -3 221
4: -306566 -6035 17 221
4: -307411 -18785 6 221
3: 308074 -14365 6 221
1: 308074 470665 -1 221
4: -308074 -471679 1 221
3: 308958 -147 663 221
2: -310284 867 -112 221
2: -310284 2811 -34 221
3: 315588 -153 637 221
3: 315588 -25857 3 221
2: -321776 715 -136 221
2: -321776 3179 -30 221
1: 324649 2935 -34 221
3: 327522 -5499 17 221
3: 330616 -61 1599 221
4: -339014 -481 204 221
2: -340782 441 -221 221
1: 341887 1 -97588 221
2: -341887 1 -97776 221
3: 341887 -13 7506 221
4: -341887 -13 7522 221
1: 341887 281 -348 221
2: -341887 323 -302 221
4: -341887 -2771 36 221
4: -341887 -4199 24 221
2: -341887 36023 -2 221
1: 342992 443 -221 221
3: 345644 -125 780 221
1: 353158 1 -97591 221
2: -353158 1 -97773 221
3: 356252 -289 337 221
4: -356252 -289 339 221
4: -356252 -5993 17 221
1: 360672 8619 -12 221
2: -361998 11271 -8 221
2: -368186 2465 -39 221
3: 370617 -11271 8 221
4: -371943 -8619 12 221
2: -379457 1183 -82 221
3: 379457 -1241 78 221
4: -384982 -41327 3 221
3: 390728 -13 7507 221
4: -390728 -13 7521 221
3: 390728 -221 441 221
4: -390728 -221 443 221
3: 390728 -3533 27 221
2: -390728 3539 -27 221
3: 390728 -60061 1 221
2: -390728 60163 -1 221
2: -393601 23 -4250 221
2: -393618 60333 -1 221
3: 395352 -60333 1 221
3: 396812 -337 289 221
3: 398242 -37349 2 221
4: -398502 -339 289 221
3: 405756 -3669 26 221
2: -405756 3675 -26 221
3: 407966 -2821 34 221
2: -419458 37859 -2 221
4: -420784 -629 156 221
3: 422331 -867 112 221
4: -422331 -2925 34 221
1: 424541 3839 -26 221
4: -424541 -3845 26 221
4: -426387 -68493 2 221
3: 435812 -169 577 221
4: -435812 -169 579 221
1: 436696 11 -8874 221
2: -439569 39 -2506 221
1: 439569 75 -1302 221
3: 439569 -195 500 221
4: -439569 -663 148 221
3: 439569 -1275 76 221
1: 439569 3315 -30 221
3: 439569 -3975 24 221
2: -439569 3981 -24 221
1: 439569 10335 -10 221
1: 439569 67575 -2 221
4: -439569 -67677 2 221
2: -443326 935 -104 221
3: 448188 -273 357 221
2: -461006 7225 -13 221
3: 462111 -507 192 221
2: -462774 5577 -17 221
1: 465426 3 -32538 221
3: 468299 -715 136 221
4: -470492 -193 507 221
1: 476918 65603 -2 221
3: 478244 -7225 13 221
3: 479791 -1 97614 221
4: -479791 -1 97750 221
4: -480896 -2197 45 221
3: 482664 -13005 7 221
2: -483171 39015 -2 221
2: -484653 39039 -2 221
3: 485316 -5577 17 221
1: 491504 5915 -17 221
4: -494156 -5 19550 221
4: -496791 -17745 6 221
1: 498576 7803 -13 221
1: 499902 411 -238 221
3: 508521 -9 10846 221
4: -514046 -5915 17 221
1: 514709 845 -116 221
4: -515814 -7803 13 221
4: -520013 -63869 2 221
2: -537251 5 -19548 221
3: 537251 -17 5742 221
4: -537251 -17 5750 221
1: 537251 731 -134 221
2: -537251 973 -100 221
2: -537251 1105 -88 221
3: 537251 -1469 66 221
1: 537251 63167 -2 221
4: -537251 -63245 2 221
4: -541008 -69 1417 221
3: 541008 -357 273 221
1: 541008 507 -193 221
2: -556036 3211 -30 221
2: -557362 637 -153 221
4: -557362 -721 136 221
3: 558348 -40053 2 221
4: -565981 -25 3910 221
4: -568854 -303 323 221
4: -577473 -2601 38 221
2: -578578 28561 -3 221
3: 580346 -29 3366 221
3: 586092 -9 10847 221
2: -586092 51 -1916 221
2: -586092 87 -1123 221
3: 586092 -117 834 221
2: -586092 663 -147 221
2: -586092 1131 -86 221
2: -586092 3111 -31 221
1: 586092 4743 -21 221
3: 586092 -5301 18 221
2: -586092 5307 -18 221
1: 586092 37791 -3 221
2: -586092 40443 -2 221
1: 586092 61659 -2 221
3: 586092 -68913 1 221
2: -586092 68991 -1 221
2: -589849 7 -13962 221
3: 589849 -935 104 221
4: -593606 -215 455 221
3: 594711 -33 2958 221
4: -600542 -37687 3 221
2: -608634 3 -32578 221
1: 617188 161551 -1 221
4: -618202 -161551 1 221
1: 620568 867 -113 221
3: 620568 -5613 17 221
2: -620568 5619 -17 221
3: 627419 -1 97630 221
4: -627419 -1 97734 221
3: 633828 -441 221 221
4: -636038 -443 221 221
4: -637806 -1155 85 221
2: -640713 11661 -8 221
2: -642158 577 -169 221
4: -642447 -60333 2 221
1: 645048 579 -169 221
3: 646204 -5 19526 221
1: 646204 167 -585 221
1: 649298 5873 -17 221
4: -649298 -5879 17 221
3: 655452 -11661 8 221
1: 663663 59823 -2 221
1: 664677 26877 -4 221
2: -669409 319 -306 221
2: -669409 41327 -2 221
4: -671268 -26877 4 221
1: 683774 1 -97635 221
2: -683774 1 -97729 221
3: 683774 -13 7510 221
4: -683774 -13 7518 221
4: -683774 -41 2384 221
1: 683774 85 -1149 221
2: -683774 533 -183 221
3: 683774 -1105 88 221
1: 683774 21029 -5 221
4: -706316 -845 116 221
4: -721344 -21 4654 221
2: -721344 8619 -11 221
1: 723996 1443 -68 221
1: 723996 11271 -9 221
1: 727376 58667 -2 221
1: 728858 58643 -2 221
1: 731952 146523 -1 221
4: -733278 -146523 1 221
2: -738361 955 -102 221
4: -741234 -11271 9 221
3: 743886 -8619 11 221
2: -749853 2847 -34 221
2: -758472 819 -119 221
1: 764218 2899 -34 221
2: -773942 833 -117 221
4: -781456 -5 19545 221
4: -781456 -85 1150 221
2: -781456 283 -345 221
4: -781456 -325 301 221
2: -781456 4811 -20 221
4: -781456 -5525 18 221
2: -781456 18395 -5 221
2: -798694 2023 -48 221
2: -801686 7345 -13 221
4: -802553 -57629 2 221
2: -803998 42419 -2 221
3: 811512 -7341 13 221
2: -811512 7347 -13 221
1: 830297 17 -5744 221
2: -830297 17 -5748 221
3: 830297 -3451 28 221
1: 830297 57239 -2 221
3: 831164 -7345 13 221
1: 834054 1509 -65 221
1: 839256 7683 -13 221
4: -844662 -867 113 221
1: 849082 7681 -13 221
4: -849082 -7687 13 221
3: 850408 -637 153 221
1: 850408 26299 -4 221
4: -859027 -26299 4 221
4: -868734 -7683 13 221
4: -870519 -1443 68 221
2: -879138 21 -4653 221
1: 879138 39 -2504 221
4: -879138 -357 274 221
3: 879138 -663 147 221
3: 879138 -7953 12 221
2: -879138 7959 -12 221
1: 879138 135201 -1 221
4: -879138 -135303 1 221
3: 882011 -22831 4 221
1: 882028 135031 -1 221
4: -883762 -135031 1 221
1: 893503 17051 -6 221
3: 910741 -2023 48 221
2: -912951 43095 -2 221
3: 913614 -5655 17 221
1: 913614 56355 -2 221
4: -924222 -507 193 221
4: -925106 -125 782 221
3: 927979 -65 1502 221
1: 927979 391 -250 221
4: -927979 -3523 28 221
1: 927979 6205 -16 221
2: -927979 6851 -14 221
2: -930852 3 -32572 221
4: -942344 -5837 17 221
1: 945217 1 -97648 221
2: -945217 1 -97716 221
3: 959582 -1 97648 221
4: -959582 -1 97716 221
1: 965328 35547 -3 221
1: 969306 1887 -52 221
4: -973947 -3 32572 221
2: -991848 3723 -26 221
