Command line:- ../do_t 209 1000000
1: 1 25 873620 209
2: -1 37 -524172 209
4: -1 -37 960982 209
1: 1 55 277970 209
3: 1 -55 -714780 209
1: 1 95 68970 209
3: 1 -95 -505780 209
1: 1 121 7220 209
2: -1 121 -8664 209
3: 1 -121 -444030 209
4: -1 -121 445474 209
3: 1 -125 -436810 209
2: -1 187 71478 209
4: -1 -187 365332 209
1: 1 209 -87780 209
2: -1 209 86944 209
3: 1 -209 -349030 209
4: -1 -209 349866 209
1: 1 275 -119130 209
3: 1 -275 -317680 209
2: -1 323 133342 209
4: -1 -323 303468 209
1: 1 361 -142780 209
2: -1 361 142296 209
3: 1 -361 -294030 209
4: -1 -361 294514 209
2: -1 407 150898 209
4: -1 -407 285912 209
1: 1 475 -160930 209
3: 1 -475 -275880 209
1: 1 605 -173280 209
3: 1 -605 -263530 209
1: 1 625 -174724 209
3: 1 -625 -262086 209
2: -1 629 174724 209
4: -1 -629 262086 209
2: -1 703 179322 209
4: -1 -703 257488 209
1: 1 1045 -192280 209
3: 1 -1045 -244530 209
1: 1 1375 -198550 209
3: 1 -1375 -238260 209
1: 1 1805 -203280 209
3: 1 -1805 -233530 209
2: -1 2057 205048 209
4: -1 -2057 231762 209
1: 1 2299 -206530 209
2: -1 2299 206454 209
3: 1 -2299 -230280 209
4: -1 -2299 230356 209
1: 1 2375 -206910 209
3: 1 -2375 -229900 209
1: 1 3025 -209380 209
3: 1 -3025 -227430 209
2: -1 3553 210672 209
4: -1 -3553 226138 209
1: 1 3971 -211530 209
2: -1 3971 211486 209
3: 1 -3971 -225280 209
4: -1 -3971 225324 209
2: -1 4477 212268 209
4: -1 -4477 224542 209
1: 1 5225 -213180 209
3: 1 -5225 -223630 209
2: -1 6137 213928 209
4: -1 -6137 222882 209
1: 1 6875 -214434 209
3: 1 -6875 -222376 209
2: -1 6919 214434 209
4: -1 -6919 222376 209
2: -1 7733 214852 209
4: -1 -7733 221958 209
1: 1 9025 -215380 209
3: 1 -9025 -221430 209
1: 1 11495 -216030 209
3: 1 -11495 -220780 209
1: 1 11875 -216106 209
3: 1 -11875 -220704 209
2: -1 11951 216106 209
4: -1 -11951 220704 209
2: -1 13357 216348 209
4: -1 -13357 220462 209
1: 1 15125 -216600 209
3: 1 -15125 -220210 209
1: 1 19855 -217030 209
3: 1 -19855 -219780 209
1: 1 26125 -217360 209
3: 1 -26125 -219450 209
2: -1 39083 217702 209
4: -1 -39083 219108 209
1: 1 43681 -217780 209
2: -1 43681 217776 209
3: 1 -43681 -219030 209
4: -1 -43681 219034 209
1: 1 45125 -217800 209
3: 1 -45125 -219010 209
1: 1 57475 -217930 209
3: 1 -57475 -218880 209
2: -1 67507 217998 209
4: -1 -67507 218812 209
1: 1 75625 -218044 209
3: 1 -75625 -218766 209
2: -1 76109 218044 209
4: -1 -76109 218766 209
2: -1 85063 218082 209
4: -1 -85063 218728 209
1: 1 99275 -218130 209
3: 1 -99275 -218680 209
1: 1 130625 -218196 209
3: 1 -130625 -218614 209
2: -1 131461 218196 209
4: -1 -131461 218614 209
2: -1 146927 218218 209
4: -1 -146927 218592 209
1: 1 218405 -218280 209
3: 1 -218405 -218530 209
1: 1 225625 -218284 209
3: 1 -225625 -218526 209
2: -1 227069 218284 209
4: -1 -227069 218526 209
1: 1 287375 -218310 209
3: 1 -287375 -218500 209
1: 1 496375 -218350 209
3: 1 -496375 -218460 209
2: -1 742577 218368 209
4: -1 -742577 218442 209
1: 2 19 606936 209
2: -2 19 -616132 209
3: 2 -19 -825341 209
4: -2 -19 834537 209
1: 2 77 67507 209
3: 2 -77 -285912 209
1: 2 89 43681 209
3: 2 -89 -262086 209
1: 2 121 3249 209
2: -2 121 -4693 209
3: 2 -121 -221654 209
4: -2 -121 223098 209
1: 2 133 -6897 209
3: 2 -133 -211508 209
1: 2 209 -44099 209
2: -2 209 43263 209
3: 2 -209 -174306 209
4: -2 -209 175142 209
1: 2 361 -71511 209
2: -2 361 71027 209
3: 2 -361 -146894 209
4: -2 -361 147378 209
1: 2 623 -87362 209
3: 2 -623 -131043 209
2: -2 631 87362 209
4: -2 -631 131043 209
1: 2 847 -93138 209
3: 2 -847 -125267 209
1: 2 979 -95304 209
3: 2 -979 -123101 209
1: 2 1463 -99902 209
3: 2 -1463 -118503 209
1: 2 1691 -101156 209
3: 2 -1691 -117249 209
1: 2 2299 -103284 209
2: -2 2299 103208 209
3: 2 -2299 -115121 209
4: -2 -2299 115197 209
1: 2 2527 -103818 209
3: 2 -2527 -114587 209
1: 2 3971 -105776 209
2: -2 3971 105732 209
3: 2 -3971 -112629 209
4: -2 -3971 112673 209
1: 2 6853 -107217 209
3: 2 -6853 -111188 209
2: -2 6941 107217 209
4: -2 -6941 111188 209
1: 2 10769 -107939 209
3: 2 -10769 -110466 209
1: 2 11837 -108053 209
3: 2 -11837 -110352 209
2: -2 11989 108053 209
4: -2 -11989 110352 209
1: 2 16093 -108357 209
3: 2 -16093 -110048 209
1: 2 18601 -108471 209
3: 2 -18601 -109934 209
1: 2 27797 -108713 209
3: 2 -27797 -109692 209
1: 2 32129 -108779 209
3: 2 -32129 -109626 209
1: 2 43681 -108891 209
2: -2 43681 108887 209
3: 2 -43681 -109514 209
4: -2 -43681 109518 209
1: 2 75383 -109022 209
3: 2 -75383 -109383 209
2: -2 76351 109022 209
4: -2 -76351 109383 209
1: 2 130207 -109098 209
3: 2 -130207 -109307 209
2: -2 131879 109098 209
4: -2 -131879 109307 209
1: 2 204611 -109136 209
3: 2 -204611 -109269 209
1: 2 224903 -109142 209
3: 2 -224903 -109263 209
2: -2 227791 109142 209
4: -2 -227791 109263 209
1: 2 305767 -109158 209
3: 2 -305767 -109247 209
1: 2 353419 -109164 209
3: 2 -353419 -109241 209
1: 3 27 262086 209
2: -3 33 -206492 209
4: -3 -57 234498 209
3: 3 -297 -103246 209
4: -3 -363 98192 209
1: 3 513 -55176 209
3: 3 -621 -87362 209
2: -3 627 58102 209
4: -3 -633 87362 209
4: -3 -1083 81312 209
1: 3 3267 -70034 209
3: 3 -5643 -74404 209
1: 3 6831 -71478 209
4: -3 -6897 74138 209
2: -3 6963 71478 209
1: 3 9747 -71874 209
3: 3 -11799 -73568 209
2: -3 11913 72028 209
4: -3 -12027 73568 209
1: 3 62073 -72656 209
3: 3 -75141 -72922 209
4: -3 -76593 72922 209
3: 3 -107217 -72886 209
1: 3 129789 -72732 209
4: -3 -131043 72872 209
2: -3 132297 72732 209
3: 3 -224181 -72842 209
4: -3 -228513 72842 209
1: 4 11 559911 209
2: -4 11 -575795 209
1: 4 19 301169 209
2: -4 19 -310365 209
2: -4 55 -71478 209
2: -4 95 -18392 209
3: 4 -121 -110466 209
4: -4 -121 111910 209
3: 4 -209 -86944 209
4: -4 -209 87780 209
3: 4 -361 -73326 209
4: -4 -361 73810 209
4: -4 -605 66063 209
1: 4 619 -43681 209
2: -4 635 43681 209
4: -4 -1045 61237 209
4: -4 -1397 59565 209
4: -4 -1805 58443 209
1: 4 2299 -51661 209
2: -4 2299 51585 209
4: -4 -2413 57475 209
1: 4 3971 -52899 209
2: -4 3971 52855 209
3: 4 -6809 -55594 209
4: -4 -6985 55594 209
2: -4 11495 53998 209
3: 4 -11761 -55176 209
4: -4 -12065 55176 209
2: -4 15367 54150 209
2: -4 19855 54252 209
2: -4 26543 54340 209
3: 4 -43681 -54756 209
4: -4 -43681 54760 209
2: -4 45847 54450 209
1: 4 74899 -54511 209
2: -4 76835 54511 209
1: 4 129371 -54549 209
2: -4 132715 54549 209
4: -4 -218405 54633 209
1: 4 223459 -54571 209
2: -4 229235 54571 209
4: -4 -291973 54625 209
4: -4 -504317 54615 209
2: -6 9 -480491 209
1: 6 15 262086 209
1: 6 33 99275 209
3: 6 -57 -114950 209
4: -6 -99 83391 209
3: 6 -165 -63536 209
2: -6 171 9196 209
1: 6 285 -20691 209
3: 6 -363 -48735 209
3: 6 -615 -43681 209
1: 6 627 -29260 209
4: -6 -639 43681 209
3: 6 -1083 -40535 209
2: -6 1089 32129 209
3: 6 -1353 -39710 209
1: 6 1815 -33934 209
4: -6 -1881 38874 209
1: 6 2337 -34485 209
3: 6 -3135 -37829 209
2: -6 3249 34969 209
1: 6 5415 -35574 209
1: 6 6765 -35739 209
3: 6 -6897 -37050 209
2: -6 7029 35739 209
3: 6 -11685 -36784 209
1: 6 11913 -36025 209
4: -6 -12141 36784 209
1: 6 14883 -36100 209
2: -6 20691 36176 209
3: 6 -25707 -36575 209
1: 6 34485 -36271 209
4: -6 -35739 36531 209
1: 6 44403 -36300 209
3: 6 -59565 -36476 209
3: 6 -74415 -36461 209
4: -6 -77319 36461 209
1: 6 128535 -36366 209
3: 6 -131043 -36435 209
2: -6 133551 36366 209
3: 6 -222015 -36421 209
4: -6 -230679 36421 209
1: 6 282777 -36385 209
2: -6 393129 36389 209
3: 6 -488433 -36410 209
1: 6 655215 -36394 209
1: 7 19 170126 209
2: -7 19 -179322 209
3: 7 -121 -62814 209
4: -7 -121 64258 209
3: 7 -3971 -32164 209
4: -7 -3971 32208 209
3: 7 -6743 -31768 209
4: -7 -7051 31768 209
3: 7 -221293 -31218 209
4: -7 -231401 31218 209
1: 8 47 43681 209
3: 8 -121 -54872 209
4: -8 -121 56316 209
1: 8 143 -3971 209
3: 8 -209 -43263 209
4: -8 -209 44099 209
1: 8 247 -13794 209
3: 8 -361 -36542 209
4: -8 -361 37026 209
1: 8 5687 -26714 209
3: 8 -6721 -27797 209
4: -8 -7073 27797 209
1: 8 9823 -26961 209
3: 8 -11609 -27588 209
4: -8 -12217 27588 209
1: 8 16967 -27104 209
1: 8 29887 -27189 209
3: 8 -43681 -27377 209
4: -8 -43681 27381 209
1: 8 51623 -27236 209
1: 9 3 960982 209
4: -9 -33 119130 209
1: 9 57 27588 209
4: -9 -627 29260 209
1: 9 1083 -21538 209
4: -9 -1815 25992 209
2: -9 2451 22990 209
1: 9 2541 -23104 209
1: 9 6699 -23826 209
2: -9 7095 23826 209
3: 9 -10527 -24548 209
4: -9 -11913 24530 209
4: -9 -34485 24358 209
2: -9 46569 24200 209
1: 9 48279 -24206 209
1: 9 127281 -24244 209
2: -9 134805 24244 209
3: 9 -200013 -24282 209
4: -9 -655215 24272 209
1: 9 917301 -24264 209
1: 11 5 460636 209
3: 11 -5 -500346 209
1: 11 19 106590 209
2: -11 19 -115786 209
3: 11 -19 -146300 209
4: -11 -19 155496 209
2: -11 59 -23826 209
4: -11 -59 63536 209
1: 11 95 5434 209
3: 11 -95 -45144 209
2: -11 121 -1444 209
4: -11 -121 41154 209
1: 11 361 -13200 209
2: -11 361 12716 209
3: 11 -361 -26510 209
4: -11 -361 26994 209
2: -11 1121 17556 209
4: -11 -1121 22154 209
1: 11 1331 -18050 209
3: 11 -1331 -21660 209
1: 11 1805 -18524 209
3: 11 -1805 -21186 209
2: -11 2299 18734 209
4: -11 -2299 20976 209
1: 11 6655 -19494 209
3: 11 -6655 -20216 209
2: -11 7139 19494 209
4: -11 -7139 20216 209
2: -11 21299 19734 209
4: -11 -21299 19976 209
1: 11 25289 -19760 209
3: 11 -25289 -19950 209
2: -11 43681 19796 209
4: -11 -43681 19914 209
1: 11 126445 -19836 209
3: 11 -126445 -19874 209
2: -11 135641 19836 209
4: -11 -135641 19874 209
1: 11 480491 -19850 209
3: 11 -480491 -19860 209
3: 12 -9 -262086 209
4: -12 -21 131043 209
4: -12 -57 59774 209
4: -12 -93 43681 209
1: 12 99 3971 209
2: -12 231 7942 209
2: -12 627 14421 209
2: -12 1023 15884 209
3: 12 -1089 -20216 209
4: -12 -2541 19133 209
3: 12 -3249 -18876 209
4: -12 -6897 18544 209
4: -12 -7581 18513 209
4: -12 -11253 18411 209
3: 12 -11457 -18392 209
4: -12 -12369 18392 209
4: -12 -33573 18271 209
1: 12 35739 -18139 209
2: -12 83391 18172 209
1: 12 126027 -18183 209
2: -12 136059 18183 209
2: -12 369303 18194 209
3: 12 -393129 -18206 209
4: -12 -917301 18203 209
1: 13 11 166782 209
2: -13 11 -182666 209
1: 13 2299 -15922 209
2: -13 2299 15846 209
2: -14 5 -393129 209
1: 14 19 82764 209
2: -14 19 -91960 209
3: 14 -121 -31046 209
4: -14 -121 32490 209
4: -14 -1045 17556 209
3: 14 -3971 -16071 209
4: -14 -3971 16115 209
3: 14 -6589 -15884 209
4: -14 -7205 15884 209
4: -14 -27379 15675 209
3: 14 -216239 -15609 209
2: -14 218405 15591 209
4: -14 -236455 15609 209
1: 16 7 218405 209
1: 16 55 15884 209
3: 16 -121 -27075 209
4: -16 -121 28519 209
3: 16 -361 -18150 209
4: -16 -361 18634 209
3: 16 -665 -16093 209
1: 16 935 -11913 209
1: 16 1463 -12540 209
3: 16 -2057 -14440 209
3: 16 -6137 -13915 209
3: 16 -11305 -13794 209
1: 16 11495 -13509 209
4: -16 -12521 13794 209
1: 16 24871 -13585 209
3: 16 -138985 -13662 209
1: 16 195415 -13642 209
1: 16 305767 -13645 209
2: -18 3 -524172 209
3: 18 -33 -55594 209
4: -18 -51 43681 209
2: -18 57 -16093 209
4: -18 -429 15884 209
3: 18 -627 -14421 209
4: -18 -969 13794 209
2: -18 1083 10648 209
1: 18 6501 -11913 209
2: -18 7293 11913 209
4: -18 -8151 12331 209
3: 18 -11913 -12254 209
4: -18 -18411 12221 209
1: 18 123519 -12122 209
2: -18 138567 12122 209
4: -18 -154869 12144 209
2: -19 5 -294272 209
4: -19 -5 317262 209
2: -19 7 -206910 209
4: -19 -7 229900 209
1: 19 11 111606 209
2: -19 11 -127490 209
3: 19 -11 -134596 209
4: -19 -11 150480 209
1: 19 31 32186 209
3: 19 -31 -55176 209
2: -19 35 -32186 209
4: -19 -35 55176 209
2: -19 55 -16302 209
4: -19 -55 39292 209
2: -19 77 -8360 209
4: -19 -77 31350 209
1: 19 121 -304 209
2: -19 121 -1140 209
3: 19 -121 -22686 209
4: -19 -121 24130 209
1: 19 341 -7524 209
3: 19 -341 -15466 209
1: 19 361 -7744 209
2: -19 361 7260 209
3: 19 -361 -15246 209
4: -19 -361 15730 209
2: -19 385 7524 209
4: -19 -385 15466 209
2: -19 605 8968 209
4: -19 -605 14022 209
2: -19 847 9690 209
4: -19 -847 13300 209
2: -19 1805 10648 209
4: -19 -1805 12342 209
2: -19 2527 10890 209
4: -19 -2527 12100 209
1: 19 3751 -11134 209
3: 19 -3751 -11856 209
1: 19 3971 -11154 209
2: -19 3971 11110 209
3: 19 -3971 -11836 209
4: -19 -3971 11880 209
2: -19 4235 11134 209
4: -19 -4235 11856 209
1: 19 11191 -11374 209
3: 19 -11191 -11616 209
2: -19 12635 11374 209
4: -19 -12635 11616 209
2: -19 19855 11418 209
4: -19 -19855 11572 209
2: -19 27797 11440 209
4: -19 -27797 11550 209
1: 19 43681 -11464 209
2: -19 43681 11460 209
3: 19 -43681 -11526 209
4: -19 -43681 11530 209
1: 19 123101 -11484 209
3: 19 -123101 -11506 209
2: -19 138985 11484 209
4: -19 -138985 11506 209
2: -19 218405 11488 209
4: -19 -218405 11502 209
2: -19 305767 11490 209
4: -19 -305767 11500 209
2: -21 33 -31768 209
1: 21 495 -7942 209
4: -21 -6897 10602 209
3: 21 -24453 -10450 209
3: 21 -103455 -10412 209
3: 21 -211185 -10406 209
4: -21 -241509 10406 209
1: 22 19 50996 209
2: -22 19 -60192 209
3: 22 -19 -70851 209
4: -22 -19 80047 209
1: 22 53 11913 209
3: 22 -53 -31768 209
2: -22 61 -11913 209
4: -22 -61 31768 209
1: 22 121 -361 209
2: -22 121 -1083 209
3: 22 -121 -19494 209
4: -22 -121 20938 209
1: 22 361 -6721 209
2: -22 361 6237 209
3: 22 -361 -13134 209
4: -22 -361 13618 209
1: 22 1007 -8778 209
3: 22 -1007 -11077 209
2: -22 1159 8778 209
4: -22 -1159 11077 209
1: 22 2299 -9424 209
2: -22 2299 9348 209
3: 22 -2299 -10431 209
4: -22 -2299 10507 209
1: 22 6413 -9747 209
3: 22 -6413 -10108 209
2: -22 7381 9747 209
4: -22 -7381 10108 209
1: 22 19133 -9867 209
3: 22 -19133 -9988 209
2: -22 22021 9867 209
4: -22 -22021 9988 209
1: 22 43681 -9901 209
2: -22 43681 9897 209
3: 22 -43681 -9954 209
4: -22 -43681 9958 209
1: 22 121847 -9918 209
3: 22 -121847 -9937 209
2: -22 140239 9918 209
4: -22 -140239 9937 209
3: 23 -77 -23826 209
1: 23 3971 -9218 209
2: -23 3971 9174 209
1: 23 10043 -9386 209
3: 24 -57 -27588 209
4: -24 -513 11495 209
3: 24 -6897 -9253 209
3: 24 -11001 -9196 209
4: -24 -12825 9196 209
2: -24 16335 9025 209
2: -24 48735 9075 209
4: -24 -62073 9120 209
1: 26 11 79420 209
2: -26 11 -95304 209
3: 26 -275 -11913 209
4: -26 -847 9747 209
1: 26 1805 -7865 209
1: 26 2299 -7980 209
2: -26 2299 7904 209
2: -26 11737 8303 209
1: 26 24035 -8360 209
3: 26 -57475 -8417 209
2: -27 363 5054 209
1: 27 6303 -7942 209
2: -27 7491 7942 209
1: 27 131043 -8082 209
1: 28 19 39083 209
2: -28 19 -48279 209
3: 28 -121 -15162 209
4: -28 -121 16606 209
3: 28 -6281 -7942 209
4: -28 -7513 7942 209
4: -29 -95 18392 209
3: 29 -2299 -7904 209
4: -29 -2299 7980 209
1: 29 118921 -7524 209
2: -29 143165 7524 209
3: 31 -11 -79420 209
4: -31 -11 95304 209
1: 31 361 -4840 209
2: -31 361 4356 209
2: -31 2717 6688 209
3: 32 -361 -8954 209
4: -32 -361 9438 209
3: 32 -10697 -6897 209
4: -32 -13129 6897 209
3: 33 -3 -254144 209
2: -33 9 -95304 209
1: 33 51 7942 209
3: 33 -57 -19646 209
2: -33 63 -7942 209
2: -33 171 1254 209
3: 33 -363 -8664 209
1: 33 969 -5852 209
3: 33 -1083 -7304 209
2: -33 1089 5776 209
2: -33 1197 5852 209
2: -33 3249 6336 209
1: 33 6171 -6498 209
3: 33 -6897 -6726 209
2: -33 7623 6498 209
1: 33 18411 -6578 209
2: -33 20691 6574 209
2: -33 22743 6578 209
1: 33 117249 -6612 209
3: 33 -131043 -6624 209
2: -33 144837 6612 209
2: -33 393129 6616 209
3: 34 -473 -7942 209
2: -34 1805 5929 209
3: 34 -2717 -6688 209
2: -34 11495 6346 209
1: 36 3 218405 209
4: -36 -33 31768 209
1: 36 1083 -5445 209
1: 36 3135 -5852 209
4: -36 -11913 6138 209
1: 36 40071 -6050 209
1: 36 115995 -6061 209
2: -36 146091 6061 209
1: 37 7 87362 209
1: 38 1 627627 209
2: -38 1 -802351 209
3: 38 -1 -639122 209
4: -38 -1 813846 209
1: 38 11 51832 209
2: -38 11 -67716 209
3: 38 -11 -63327 209
4: -38 -11 79211 209
1: 38 29 16093 209
3: 38 -29 -27588 209
2: -38 37 -16093 209
4: -38 -37 27588 209
1: 38 121 -513 209
2: -38 121 -931 209
3: 38 -121 -10982 209
4: -38 -121 12426 209
1: 38 319 -3762 209
3: 38 -319 -7733 209
1: 38 361 -3993 209
2: -38 361 3509 209
3: 38 -361 -7502 209
4: -38 -361 7986 209
2: -38 407 3762 209
4: -38 -407 7733 209
1: 38 3509 -5567 209
3: 38 -3509 -5928 209
1: 38 3971 -5588 209
2: -38 3971 5544 209
3: 38 -3971 -5907 209
4: -38 -3971 5951 209
2: -38 4477 5567 209
4: -38 -4477 5928 209
1: 38 10469 -5687 209
3: 38 -10469 -5808 209
2: -38 13357 5687 209
4: -38 -13357 5808 209
1: 38 43681 -5733 209
2: -38 43681 5729 209
3: 38 -43681 -5762 209
4: -38 -43681 5766 209
1: 38 115159 -5742 209
3: 38 -115159 -5753 209
2: -38 146927 5742 209
4: -38 -146927 5753 209
3: 39 -171 -9196 209
4: -39 -3135 5852 209
3: 41 -55 -15884 209
1: 41 196745 -5324 209
2: -41 255949 5324 209
4: -42 -9 87362 209
1: 42 33 11913 209
2: -42 1881 4807 209
3: 42 -6897 -5282 209
3: 42 -196023 -5203 209
4: -42 -256671 5203 209
4: -42 -393129 5202 209
4: -43 -253 7942 209
3: 43 -195301 -5082 209
4: -43 -257393 5082 209
3: 44 -1 -540056 209
4: -44 -1 714780 209
4: -44 -5 146927 209
1: 44 7 71478 209
4: -44 -13 59565 209
1: 44 19 23199 209
2: -44 19 -32395 209
3: 44 -49 -15884 209
4: -44 -65 15884 209
2: -44 95 -2508 209
3: 44 -121 -9386 209
4: -44 -121 10830 209
3: 44 -133 -8987 209
2: -44 247 2090 209
3: 44 -361 -6446 209
4: -44 -361 6930 209
4: -44 -605 6137 209
1: 44 847 -4332 209
1: 44 931 -4389 209
2: -44 1235 4389 209
4: -44 -1573 5415 209
4: -44 -1805 5357 209
1: 44 2299 -4731 209
2: -44 2299 4655 209
1: 44 2527 -4752 209
4: -44 -4693 5115 209
3: 44 -5929 -5054 209
4: -44 -7865 5054 209
2: -44 11495 4902 209
3: 44 -16093 -4997 209
3: 44 -17689 -4994 209
4: -44 -23465 4994 209
2: -44 29887 4940 209
3: 44 -43681 -4976 209
4: -44 -43681 4980 209
1: 44 112651 -4959 209
2: -44 149435 4959 209
4: -44 -218405 4967 209
1: 44 305767 -4962 209
4: -44 -567853 4965 209
1: 46 3971 -4620 209
2: -46 3971 4576 209
3: 46 -245993 -4750 209
1: 47 1573 -4332 209
1: 47 10127 -4598 209
2: -47 13699 4598 209
4: -48 -57 16093 209
3: 48 -1881 -4807 209
3: 48 -10089 -4598 209
4: -48 -13737 4598 209
3: 49 -3971 -4576 209
4: -49 -3971 4620 209
2: -49 57475 4446 209
3: 51 -1425 -4598 209
1: 51 4389 -4180 209
3: 51 -9075 -4332 209
3: 51 -59565 -4290 209
1: 52 11 35739 209
2: -52 11 -51623 209
2: -52 323 2299 209
1: 52 2299 -4009 209
2: -52 2299 3933 209
2: -52 67507 4191 209
4: -54 -15 43681 209
1: 54 363 -2888 209
4: -54 -4389 4180 209
1: 54 5709 -3971 209
2: -54 8085 3971 209
2: -54 131043 4040 209
4: -54 -241395 4047 209
3: 56 -121 -7220 209
4: -56 -121 8664 209
3: 56 -5665 -3971 209
4: -56 -8129 3971 209
4: -57 -3 193116 209
3: 57 -27 -18392 209
2: -57 33 -13376 209
4: -57 -39 18392 209
1: 57 297 -2508 209
4: -57 -363 5396 209
2: -57 429 2508 209
4: -57 -1083 4356 209
3: 57 -3267 -3952 209
4: -57 -4719 3952 209
3: 57 -9747 -3872 209
2: -57 11913 3784 209
4: -57 -14079 3872 209
1: 57 107217 -3828 209
4: -57 -131043 3836 209
2: -57 154869 3828 209
3: 58 -2299 -3933 209
4: -58 -2299 4009 209
1: 58 26353 -3751 209
1: 58 106799 -3762 209
2: -58 155287 3762 209
2: -59 19855 3674 209
3: 61 -12221 -3610 209
3: 62 -11 -35739 209
4: -62 -11 51623 209
1: 62 361 -2541 209
2: -62 361 2057 209
1: 63 1083 -3146 209
3: 64 -361 -4356 209
4: -64 -361 4840 209
4: -66 -3 170753 209
3: 66 -9 -39710 209
1: 66 45 3971 209
4: -66 -57 12122 209
2: -66 69 -3971 209
3: 66 -171 -5225 209
4: -66 -363 4693 209
1: 66 855 -2926 209
4: -66 -1083 3773 209
3: 66 -1089 -3610 209
2: -66 1311 2926 209
3: 66 -3249 -3410 209
1: 66 5445 -3249 209
4: -66 -6897 3382 209
2: -66 8349 3249 209
1: 66 16245 -3289 209
3: 66 -20691 -3325 209
2: -66 24909 3289 209
1: 66 103455 -3306 209
4: -66 -131043 3313 209
2: -66 158631 3306 209
3: 66 -393129 -3310 209
3: 67 -39083 -3268 209
4: -68 -133 6897 209
4: -68 -13189 3249 209
4: -69 -1089 3610 209
4: -69 -178695 3168 209
3: 72 -33 -11913 209
1: 72 399 -2299 209
3: 72 -11913 -3058 209
2: -74 71269 2945 209
3: 76 -1 -275880 209
4: -76 -1 450604 209
3: 76 -5 -57475 209
1: 76 11 21945 209
2: -76 11 -37829 209
3: 76 -25 -13794 209
4: -76 -41 13794 209
1: 76 55 2090 209
3: 76 -121 -5130 209
4: -76 -121 6574 209
1: 76 275 -1881 209
3: 76 -361 -3630 209
4: -76 -361 4114 209
2: -76 451 1881 209
3: 76 -605 -3325 209
3: 76 -1805 -3025 209
3: 76 -3025 -2964 209
1: 76 3971 -2805 209
2: -76 3971 2761 209
4: -76 -4961 2964 209
3: 76 -9025 -2904 209
4: -76 -14801 2904 209
1: 76 19855 -2860 209
3: 76 -43681 -2880 209
4: -76 -43681 2884 209
1: 76 99275 -2871 209
2: -76 162811 2871 209
3: 76 -218405 -2875 209
1: 77 19 11286 209
2: -77 19 -20482 209
3: 77 -121 -5054 209
4: -77 -121 6498 209
1: 77 817 -2508 209
2: -77 1349 2508 209
3: 77 -5203 -2888 209
4: -77 -8591 2888 209
2: -78 62073 2793 209
3: 79 -1 -262086 209
4: -79 -1 436810 209
1: 79 2527 -2662 209
1: 81 6897 -2660 209
2: -82 847 2166 209
1: 82 167143 -2662 209
2: -82 285551 2662 209
1: 84 3267 -2527 209
4: -84 -6897 2660 209
4: -84 -59565 2607 209
1: 86 5 43681 209
1: 86 7315 -2508 209
3: 86 -164255 -2541 209
4: -86 -288439 2541 209
3: 86 -567853 -2540 209
1: 87 94677 -2508 209
2: -87 167409 2508 209
3: 88 -1 -226347 209
4: -88 -1 401071 209
3: 88 -41 -7942 209
4: -88 -73 7942 209
3: 88 -121 -4332 209
4: -88 -121 5776 209
3: 88 -361 -3102 209
4: -88 -361 3586 209
3: 88 -4961 -2527 209
4: -88 -8833 2527 209
3: 88 -14801 -2497 209
4: -88 -26353 2497 209
3: 88 -43681 -2487 209
4: -88 -43681 2491 209
4: -89 -7315 2508 209
1: 92 3971 -2321 209
2: -92 3971 2277 209
1: 94 8341 -2299 209
2: -94 15485 2299 209
4: -96 -9 43681 209
1: 96 1815 -2166 209
3: 96 -8265 -2299 209
4: -96 -15561 2299 209
4: -96 -393129 2276 209
3: 98 -3971 -2277 209
4: -98 -3971 2321 209
2: -99 3 -119130 209
2: -99 57 -4180 209
2: -99 1083 1870 209
1: 99 4719 -2166 209
2: -99 9075 2166 209
1: 99 89661 -2204 209
2: -99 172425 2204 209
3: 101 -51425 -2166 209
4: -101 -100309 2166 209
3: 102 -99 -3971 209
4: -103 -6137 2178 209
2: -104 34903 2090 209
2: -108 363 1083 209
1: 108 131043 -2021 209
2: -109 605 1444 209
4: -111 -363 2888 209
3: 112 -121 -3249 209
4: -112 -121 4693 209
2: -112 4807 1881 209
1: 112 11191 -1936 209
1: 112 51623 -1947 209
3: 114 -3 -52877 209
2: -114 9 -34485 209
3: 114 -21 -9196 209
1: 114 33 2717 209
4: -114 -45 9196 209
4: -114 -99 5225 209
1: 114 231 -1254 209
3: 114 -363 -2337 209
2: -114 495 1254 209
3: 114 -1083 -2057 209
2: -114 1089 1615 209
3: 114 -2541 -1976 209
2: -114 3249 1815 209
4: -114 -5445 1976 209
3: 114 -7581 -1936 209
1: 114 11913 -1903 209
4: -114 -16245 1936 209
4: -114 -35739 1925 209
1: 114 83391 -1914 209
3: 114 -131043 -1917 209
2: -114 178695 1914 209
2: -114 393129 1915 209
3: 114 -917301 -1916 209
1: 116 82555 -1881 209
2: -116 179531 1881 209
3: 118 -323 -2299 209
3: 118 -4807 -1881 209
1: 121 1 137180 209
2: -121 1 -311904 209
3: 121 -1 -140790 209
4: -121 -1 315514 209
1: 121 5 25992 209
3: 121 -5 -29602 209
1: 121 7 18050 209
3: 121 -7 -21660 209
1: 121 11 10830 209
2: -121 11 -26714 209
3: 121 -11 -14440 209
4: -121 -11 30324 209
1: 121 19 5510 209
2: -121 19 -14706 209
3: 121 -19 -9120 209
4: -121 -19 18316 209
1: 121 35 2166 209
3: 121 -35 -5776 209
1: 121 55 722 209
3: 121 -55 -4332 209
3: 121 -77 -3610 209
2: -121 79 -2166 209
4: -121 -79 5776 209
1: 121 95 -342 209
3: 121 -95 -3268 209
1: 121 133 -760 209
3: 121 -133 -2850 209
1: 121 209 -1140 209
2: -121 209 304 209
3: 121 -209 -2470 209
4: -121 -209 3306 209
1: 121 361 -1420 209
2: -121 361 936 209
3: 121 -361 -2190 209
4: -121 -361 2674 209
1: 121 385 -1444 209
3: 121 -385 -2166 209
1: 121 665 -1596 209
3: 121 -665 -2014 209
2: -121 869 1444 209
4: -121 -869 2166 209
3: 121 -1045 -1938 209
1: 121 1463 -1710 209
3: 121 -1463 -1900 209
2: -121 1501 1596 209
4: -121 -1501 2014 209
1: 121 1805 -1728 209
3: 121 -1805 -1882 209
1: 121 2527 -1750 209
3: 121 -2527 -1860 209
1: 121 3971 -1770 209
2: -121 3971 1726 209
3: 121 -3971 -1840 209
4: -121 -3971 1884 209
1: 121 7315 -1786 209
3: 121 -7315 -1824 209
1: 121 12635 -1794 209
3: 121 -12635 -1816 209
2: -121 16511 1786 209
4: -121 -16511 1824 209
1: 121 19855 -1798 209
3: 121 -19855 -1812 209
1: 121 27797 -1800 209
3: 121 -27797 -1810 209
2: -121 28519 1794 209
4: -121 -28519 1816 209
3: 121 -138985 -1806 209
4: -121 -313709 1806 209
4: -122 -143 3971 209
2: -126 1083 1452 209
3: 126 -1815 -1805 209
3: 128 -361 -2057 209
4: -128 -361 2541 209
3: 129 -133209 -1694 209
4: -129 -319485 1694 209
3: 131 -43681 -1670 209
4: -131 -43681 1674 209
3: 132 -57 -3762 209
2: -132 1539 1463 209
1: 132 75867 -1653 209
2: -132 186219 1653 209
2: -133 47 -4598 209
3: 133 -121 -2622 209
4: -133 -121 4066 209
4: -133 -3971 1716 209
1: 133 829939 -1642 209
1: 136 11495 -1596 209
4: -138 -399 2299 209
4: -139 -11495 1596 209
1: 141 11913 -1540 209
3: 142 -112651 -1539 209
1: 143 2299 -1482 209
2: -143 2299 1406 209
1: 143 11191 -1518 209
2: -143 29963 1518 209
4: -144 -11913 1540 209
3: 147 -393129 -1486 209
2: -148 8591 1444 209
1: 151 39325 -1444 209
2: -151 112409 1444 209
3: 152 -1 -94259 209
4: -152 -1 268983 209
2: -152 7 -36784 209
3: 152 -17 -6897 209
4: -152 -49 6897 209
3: 152 -121 -2204 209
4: -152 -121 3648 209
3: 152 -361 -1694 209
4: -152 -361 2178 209
2: -152 847 1121 209
3: 152 -2057 -1482 209
2: -152 2527 1331 209
4: -152 -5929 1482 209
3: 152 -6137 -1452 209
4: -152 -17689 1452 209
3: 152 -43681 -1439 209
4: -152 -43681 1443 209
2: -152 305767 1436 209
3: 152 -742577 -1437 209
2: -153 3 -87362 209
2: -154 5 -51623 209
1: 154 19 3344 209
2: -154 19 -12540 209
3: 154 -121 -2166 209
4: -154 -121 3610 209
1: 154 551 -1254 209
2: -154 1615 1254 209
3: 154 -3509 -1444 209
2: -154 6137 1375 209
4: -154 -10285 1444 209
4: -154 -39083 1425 209
2: -154 218405 1417 209
3: 158 -1 -87362 209
4: -158 -1 262086 209
3: 159 -1083 -1452 209
2: -162 6897 1311 209
1: 164 107939 -1331 209
2: -164 344755 1331 209
3: 166 -605 -1444 209
3: 168 -6897 -1311 209
1: 171 3 22990 209
4: -171 -33 8778 209
1: 171 165 -836 209
2: -171 561 836 209
1: 171 1083 -1210 209
4: -171 -11913 1298 209
1: 171 59565 -1276 209
2: -171 202521 1276 209
2: -173 29051 1254 209
2: -174 5415 1210 209
1: 174 58311 -1254 209
2: -174 203775 1254 209
3: 176 -25 -3971 209
4: -176 -89 3971 209
3: 176 -121 -1805 209
4: -176 -121 3249 209
3: 176 -361 -1430 209
4: -176 -361 1914 209
1: 176 11495 -1235 209
3: 177 -917301 -1234 209
3: 181 -19133 -1210 209
4: -186 -62073 1178 209
4: -187 -133 2926 209
4: -187 -847 1444 209
1: 191 16093 -1140 209
4: -194 -16093 1140 209
1: 198 3 15884 209
1: 198 57 -209 209
1: 198 1083 -1056 209
1: 198 2541 -1083 209
2: -198 11253 1083 209
1: 198 48279 -1102 209
2: -198 213807 1102 209
1: 198 917301 -1103 209
3: 202 -26983 -1083 209
4: -202 -124751 1083 209
1: 209 1 42636 209
2: -209 1 -217360 209
3: 209 -1 -44726 209
4: -209 -1 219450 209
2: -209 5 -42636 209
4: -209 -5 44726 209
1: 209 121 -684 209
2: -209 121 -760 209
3: 209 -121 -1406 209
4: -209 -121 2850 209
1: 209 361 -924 209
2: -209 361 440 209
3: 209 -361 -1166 209
4: -209 -361 1650 209
2: -209 605 684 209
4: -209 -605 1406 209
2: -209 1805 924 209
4: -209 -1805 1166 209
1: 209 43681 -1044 209
2: -209 43681 1040 209
3: 209 -43681 -1046 209
4: -209 -43681 1050 209
2: -209 218405 1044 209
4: -209 -218405 1046 209
1: 221 1805 -968 209
3: 222 -363 -1083 209
3: 228 -9 -4598 209
1: 228 99 -627 209
3: 228 -1089 -988 209
3: 228 -3249 -968 209
4: -228 -20577 968 209
1: 228 35739 -957 209
2: -228 226347 957 209
3: 228 -393129 -958 209
4: -231 -9 23826 209
1: 231 285 -836 209
3: 231 -6897 -950 209
1: 236 19855 -924 209
4: -239 -19855 924 209
1: 242 1 24909 209
2: -242 1 -199633 209
3: 242 -1 -26714 209
4: -242 -1 201438 209
1: 242 11 1444 209
2: -242 11 -17328 209
3: 242 -11 -3249 209
4: -242 -11 19133 209
1: 242 13 1083 209
3: 242 -13 -2888 209
1: 242 19 456 209
2: -242 19 -9652 209
3: 242 -19 -2261 209
4: -242 -19 11457 209
2: -242 101 -1083 209
4: -242 -101 2888 209
1: 242 143 -722 209
3: 242 -143 -1083 209
1: 242 209 -779 209
2: -242 209 -57 209
3: 242 -209 -1026 209
4: -242 -209 1862 209
1: 242 247 -798 209
3: 242 -247 -1007 209
1: 242 361 -831 209
2: -242 361 347 209
3: 242 -361 -974 209
4: -242 -361 1458 209
2: -242 1111 722 209
4: -242 -1111 1083 209
2: -242 1919 798 209
4: -242 -1919 1007 209
1: 242 2717 -893 209
3: 242 -2717 -912 209
1: 242 3971 -896 209
2: -242 3971 852 209
3: 242 -3971 -909 209
4: -242 -3971 953 209
1: 242 4693 -897 209
3: 242 -4693 -908 209
2: -242 21109 893 209
4: -242 -21109 912 209
2: -242 36461 897 209
4: -242 -36461 908 209
3: 242 -51623 -903 209
4: -242 -401071 903 209
1: 247 11 1254 209
2: -247 11 -17138 209
3: 247 -847 -912 209
4: -247 -7139 912 209
1: 252 1083 -847 209
2: -253 37183 858 209
4: -254 -1805 968 209
3: 258 -40071 -847 209
4: -258 -412623 847 209
1: 261 21945 -836 209
2: -261 240141 836 209
3: 262 -43681 -834 209
4: -262 -43681 838 209
2: -264 15 -11913 209
4: -264 -57 4180 209
2: -264 1815 722 209
2: -264 5415 792 209
4: -264 -6897 855 209
2: -264 655215 827 209
1: 266 5 2299 209
2: -266 61 -2299 209
3: 266 -121 -950 209
4: -266 -121 2394 209
3: 266 -3971 -825 209
4: -266 -3971 869 209
1: 266 218405 -821 209
3: 272 -329593 -803 209
2: -282 11913 759 209
1: 286 1805 -759 209
1: 286 2299 -760 209
2: -286 2299 684 209
2: -286 39349 759 209
3: 288 -11913 -759 209
3: 292 -170753 -748 209
2: -296 210463 737 209
1: 297 363 -722 209
2: -297 13431 722 209
2: -297 131043 734 209
2: -299 21175 722 209
3: 301 -9025 -726 209
4: -301 -443669 726 209
1: 302 2783 -722 209
2: -302 148951 722 209
3: 303 -2541 -722 209
4: -303 -149193 722 209
2: -304 55 -2508 209
3: 304 -121 -741 209
4: -304 -121 2185 209
3: 304 -361 -726 209
4: -304 -361 1210 209
4: -304 -7865 741 209
4: -304 -23465 726 209
2: -304 51623 715 209
4: -306 -21417 722 209
1: 308 19 -627 209
2: -308 19 -8569 209
3: 308 -121 -722 209
4: -308 -121 2166 209
2: -308 2147 627 209
4: -308 -13673 722 209
2: -311 1 -174724 209
4: -316 -1 174724 209
4: -317 -4693 726 209
4: -318 -1083 847 209
4: -319 -95 2508 209
3: 319 -2299 -684 209
4: -319 -2299 760 209
2: -319 264385 684 209
4: -321 -107217 682 209
1: 331 27797 -660 209
4: -334 -27797 660 209
3: 336 -393129 -650 209
1: 341 361 -660 209
2: -341 361 176 209
4: -341 -2057 722 209
2: -342 3 -55176 209
3: 342 -33 -418 209
2: -342 759 418 209
2: -342 1083 484 209
3: 342 -11913 -638 209
2: -342 273999 638 209
3: 348 -14421 -627 209
2: -348 276507 627 209
3: 352 -361 -594 209
4: -352 -361 1078 209
2: -356 29887 608 209
3: 359 -29887 -608 209
1: 361 1 -12100 209
2: -361 1 -162624 209
3: 361 -1 10890 209
4: -361 -1 163834 209
1: 361 5 -2904 209
3: 361 -5 1694 209
1: 361 11 -1650 209
2: -361 11 -14234 209
3: 361 -11 440 209
4: -361 -11 15444 209
1: 361 19 -1210 209
2: -361 19 -7986 209
1: 361 55 -814 209
3: 361 -55 -396 209
2: -361 71 -1694 209
4: -361 -71 2904 209
1: 361 95 -726 209
3: 361 -95 -484 209
1: 361 121 -700 209
2: -361 121 -744 209
3: 361 -121 -510 209
4: -361 -121 1954 209
1: 361 209 -660 209
2: -361 209 -176 209
3: 361 -209 -550 209
4: -361 -209 1386 209
1: 361 605 -624 209
3: 361 -605 -586 209
2: -361 781 396 209
4: -361 -781 814 209
1: 361 1045 -616 209
3: 361 -1045 -594 209
2: -361 1349 484 209
4: -361 -1349 726 209
1: 361 2299 -610 209
2: -361 2299 534 209
3: 361 -2299 -600 209
4: -361 -2299 676 209
2: -361 8591 586 209
4: -361 -8591 624 209
1: 361 11495 -606 209
3: 361 -11495 -604 209
2: -361 14839 594 209
4: -361 -14839 616 209
2: -361 163229 604 209
4: -361 -163229 606 209
4: -363 -3 54872 209
3: 363 -9 722 209
2: -363 33 -4332 209
4: -363 -57 3458 209
1: 363 99 -722 209
2: -363 123 -722 209
3: 363 -171 -532 209
2: -363 627 342 209
4: -363 -1083 752 209
4: -363 -1353 722 209
1: 363 1881 -608 209
2: -363 2337 532 209
3: 363 -3249 -598 209
2: -363 11913 588 209
4: -363 -25707 608 209
1: 363 35739 -602 209
2: -363 44403 598 209
4: -363 -488433 602 209
2: -374 1805 495 209
2: -374 11495 570 209
1: 374 480491 -584 209
2: -396 3 -51623 209
2: -396 1083 407 209
3: 396 -34485 -551 209
2: -396 296571 551 209
2: -399 33 -4180 209
4: -399 -59565 550 209
2: -411 3249 484 209
1: 411 34485 -532 209
4: -414 -34485 532 209
1: 418 1 -22363 209
2: -418 1 -152361 209
3: 418 -1 21318 209
4: -418 -1 153406 209
2: -418 7 -21318 209
4: -418 -7 22363 209
1: 418 121 -703 209
2: -418 121 -741 209
3: 418 -121 -342 209
4: -418 -121 1786 209
1: 418 361 -583 209
2: -418 361 99 209
3: 418 -361 -462 209
4: -418 -361 946 209
2: -418 847 342 209
4: -418 -847 703 209
2: -418 2527 462 209
4: -418 -2527 583 209
1: 418 43681 -523 209
2: -418 43681 519 209
3: 418 -43681 -522 209
4: -418 -43681 526 209
2: -418 305767 522 209
4: -418 -305767 523 209
3: 429 -7581 -506 209
2: -429 48735 506 209
1: 437 3971 -506 209
2: -437 3971 462 209
2: -438 1089 361 209
3: 444 -3249 -484 209
4: -453 -79059 484 209
1: 456 15 -2299 209
4: -456 -81 2299 209
1: 456 1815 -494 209
1: 456 5415 -484 209
4: -456 -9801 494 209
4: -456 -29241 484 209
1: 456 655215 -479 209
4: -457 -24187 484 209
1: 457 305767 -478 209
3: 462 -513 -418 209
2: -462 2679 418 209
4: -462 -6897 494 209
2: -473 25289 456 209
1: 479 760969 -456 209
3: 484 -1 30324 209
4: -484 -1 144400 209
4: -484 -5 29241 209
1: 484 11 -3249 209
2: -484 11 -12635 209
1: 484 19 -2071 209
2: -484 19 -7125 209
4: -484 -29 5415 209
1: 484 31 -1444 209
2: -484 55 -2166 209
2: -484 95 -1064 209
4: -484 -145 1444 209
3: 484 -209 -304 209
4: -484 -209 1140 209
3: 484 -341 -361 209
3: 484 -361 -366 209
4: -484 -361 850 209
2: -484 551 190 209
3: 484 -589 -399 209
4: -484 -1045 589 209
2: -484 1595 361 209
4: -484 -1805 531 209
2: -484 2755 399 209
1: 484 3971 -459 209
2: -484 3971 415 209
4: -484 -6061 475 209
1: 484 6479 -456 209
4: -484 -10469 465 209
1: 484 11191 -454 209
2: -484 19855 444 209
4: -484 -30305 456 209
4: -484 -52345 454 209
2: -484 115159 450 209
2: -492 20691 437 209
1: 494 11 -3344 209
2: -494 11 -12540 209
2: -494 1805 363 209
4: -494 -10285 456 209
2: -494 67507 440 209
3: 498 -20691 -437 209
3: 506 -12635 -429 209
2: -506 53789 429 209
2: -513 363 38 209
1: 513 131043 -426 209
1: 521 43681 -420 209
2: -521 43681 416 209
3: 522 -87153 -418 209
2: -522 349239 418 209
1: 523 87571 -418 209
4: -523 -349657 418 209
3: 524 -43681 -416 209
4: -524 -43681 420 209
4: -528 -9 15884 209
3: 528 -57 209 209
4: -528 -393129 414 209
3: 532 -121 -114 209
4: -532 -121 1558 209
3: 551 -99275 -396 209
2: -551 361361 396 209
3: 552 -1089 -361 209
1: 572 2299 -399 209
2: -572 2299 323 209
1: 576 48279 -380 209
4: -579 -48279 380 209
1: 583 931 -418 209
4: -583 -3097 418 209
3: 589 -11 3344 209
4: -589 -11 12540 209
1: 589 361 -484 209
4: -594 -285 836 209
3: 594 -6171 -361 209
2: -594 19965 361 209
1: 594 131043 -368 209
2: -596 38627 363 209
1: 602 208297 -363 209
4: -602 -660991 363 209
1: 604 29963 -363 209
3: 604 -70301 -361 209
2: -604 222035 361 209
1: 606 16245 -363 209
1: 606 70785 -361 209
4: -606 -222519 361 209
3: 608 -361 -242 209
4: -608 -361 726 209
1: 608 11191 -363 209
4: -608 -35017 363 209
2: -612 3 -43681 209
4: -616 -121 1444 209
1: 616 6655 -361 209
4: -616 -20449 361 209
3: 619 -51623 -352 209
1: 622 1 -43681 209
2: -622 1 -131043 209
3: 627 -3 14212 209
2: -627 9 -14212 209
3: 627 -363 -228 209
3: 627 -1083 -308 209
2: -627 1089 228 209
2: -627 3249 308 209
3: 627 -131043 -348 209
2: -627 393129 348 209
3: 632 -1 43681 209
4: -632 -1 131043 209
1: 632 2527 -363 209
3: 638 -2299 -323 209
4: -638 -2299 399 209
3: 638 -135641 -342 209
2: -638 397727 342 209
1: 639 213807 -342 209
4: -642 -3 43681 209
3: 646 -847 -285 209
1: 646 1805 -363 209
1: 658 1573 -361 209
1: 682 361 -451 209
2: -682 361 -33 209
1: 684 3 -16093 209
4: -684 -33 4180 209
3: 684 -429 -209 209
1: 684 1083 -363 209
2: -684 1155 209 209
4: -684 -11913 330 209
3: 684 -154869 -319 209
2: -684 416955 319 209
2: -693 1083 198 209
4: -698 -2527 363 209
1: 703 451 -418 209
4: -703 -1177 418 209
3: 704 -361 -176 209
4: -704 -361 660 209
1: 711 59565 -308 209
4: -714 -59565 308 209
1: 722 1 -49731 209
2: -722 1 -124993 209
3: 722 -1 49126 209
4: -722 -1 125598 209
1: 722 11 -4796 209
2: -722 11 -11088 209
3: 722 -11 4191 209
4: -722 -11 11693 209
1: 722 19 -2904 209
2: -722 19 -6292 209
1: 722 43 -1452 209
3: 722 -43 847 209
2: -722 109 -847 209
4: -722 -109 1452 209
1: 722 121 -711 209
2: -722 121 -733 209
3: 722 -121 106 209
4: -722 -121 1338 209
1: 722 209 -539 209
2: -722 209 -297 209
3: 722 -209 -66 209
4: -722 -209 902 209
1: 722 473 -407 209
3: 722 -473 -198 209
1: 722 817 -363 209
3: 722 -817 -242 209
2: -722 1199 198 209
4: -722 -1199 407 209
2: -722 2071 242 209
4: -722 -2071 363 209
1: 722 2299 -324 209
2: -722 2299 248 209
3: 722 -2299 -281 209
4: -722 -2299 357 209
1: 722 5203 -312 209
3: 722 -5203 -293 209
1: 722 8987 -308 209
3: 722 -8987 -297 209
2: -722 13189 293 209
4: -722 -13189 312 209
2: -722 22781 297 209
4: -722 -22781 308 209
1: 722 98857 -303 209
3: 722 -98857 -302 209
2: -722 250591 302 209
4: -722 -250591 303 209
3: 726 -3 16245 209
1: 726 15 -3610 209
2: -726 27 -4332 209
1: 726 33 -1805 209
3: 726 -57 570 209
3: 726 -75 361 209
2: -726 189 -361 209
1: 726 285 -475 209
4: -726 -297 722 209
2: -726 513 57 209
1: 726 627 -380 209
1: 726 825 -361 209
3: 726 -1083 -255 209
3: 726 -1425 -266 209
4: -726 -2079 361 209
3: 726 -3135 -285 209
2: -726 3591 266 209
1: 726 5415 -310 209
4: -726 -5643 323 209
2: -726 9747 288 209
1: 726 11913 -305 209
1: 726 15675 -304 209
3: 726 -27075 -299 209
4: -726 -39501 304 209
3: 726 -59565 -300 209
2: -726 68229 299 209
4: -726 -107217 302 209
1: 726 297825 -301 209
4: -726 -750519 301 209
1: 741 5445 -304 209
4: -741 -13431 304 209
1: 746 218405 -293 209
2: -759 15 -7942 209
3: 759 -29241 -286 209
2: -759 70395 286 209
3: 766 -416119 -285 209
4: -772 -1573 361 209
4: -779 -55 2508 209
1: 779 847 -342 209
2: -783 131043 278 209
4: -798 -9 13794 209
1: 798 33 -1881 209
4: -798 -393129 274 209
1: 814 7 -7942 209
3: 836 -1 54340 209
4: -836 -1 120384 209
3: 836 -5 10659 209
3: 836 -121 190 209
3: 836 -361 -110 209
4: -836 -361 594 209
3: 836 -605 -171 209
2: -836 1331 171 209
3: 836 -1805 -231 209
3: 836 -43681 -260 209
3: 836 -218405 -261 209
2: -836 480491 261 209
1: 847 19 -3154 209
2: -847 19 -6042 209
3: 847 -1843 -228 209
3: 847 -3971 -244 209
4: -847 -3971 288 209
2: -847 4009 228 209
1: 847 385187 -258 209
4: -847 -837881 258 209
2: -852 35739 253 209
2: -858 76893 253 209
3: 869 -1 55594 209
4: -869 -1 119130 209
1: 874 3971 -264 209
2: -874 3971 220 209
3: 887 -13357 -242 209
2: -891 6897 228 209
3: 893 -22021 -242 209
2: -893 45847 242 209
1: 903 425619 -242 209
4: -903 -878313 242 209
1: 912 7623 -247 209
4: -912 -15609 247 209
1: 912 22743 -242 209
4: -912 -46569 242 209
1: 918 14079 -242 209
3: 924 -2109 -209 209
2: -924 4275 209 209
3: 924 -6897 -228 209
3: 931 -3971 -220 209
4: -931 -3971 264 209
1: 946 5 -11913 209
1: 954 917301 -229 209
3: 957 -268983 -228 209
2: -957 531069 228 209
1: 961 80465 -228 209
4: -964 -80465 228 209
3: 968 -1 58843 209
4: -968 -1 115881 209
1: 968 7 -8664 209
3: 968 -17 3249 209
1: 968 119 -722 209
3: 968 -209 57 209
4: -968 -209 779 209
4: -968 -233 722 209
3: 968 -361 -62 209
4: -968 -361 546 209
1: 968 1463 -266 209
1: 968 2527 -249 209
3: 968 -6137 -216 209
1: 968 24871 -228 209
1: 968 42959 -227 209
4: -968 -48697 228 209
4: -968 -84113 227 209
2: -969 3267 190 209
1: 988 11 -5643 209
2: -988 11 -10241 209
1: 988 8591 -228 209
4: -988 -16577 228 209
1: 996 83391 -220 209
4: -999 -83391 220 209
1: 1026 363 -380 209
2: -1026 131043 212 209
2: -1032 43263 209 209
3: 1038 -43263 -209 209
1: 1042 43681 -211 209
2: -1042 43681 207 209
3: 1044 -305349 -209 209
2: -1044 567435 209 209
1: 1046 306185 -209 209
4: -1046 -568271 209 209
3: 1048 -43681 -207 209
4: -1048 -43681 211 209
1: 1052 44099 -209 209
4: -1058 -44099 209 209
3: 1064 -121 304 209
4: -1064 -121 1140 209
4: -1083 -3 37752 209
4: -1083 -21 5566 209
2: -1083 33 -3212 209
4: -1083 -57 2178 209
1: 1083 81 -968 209
4: -1083 -147 968 209
2: -1083 231 -286 209
4: -1083 -363 512 209
4: -1083 -399 484 209
2: -1083 627 22 209
3: 1083 -891 -132 209
1: 1083 1539 -242 209
2: -1083 1617 132 209
4: -1083 -2541 246 209
4: -1083 -2793 242 209
2: -1083 4389 176 209
4: -1083 -6897 218 209
1: 1083 9801 -208 209
3: 1083 -16929 -198 209
4: -1083 -17787 208 209
2: -1083 30723 198 209
4: -1083 -48279 204 209
1: 1083 186219 -202 209
4: -1083 -337953 202 209
1: 1089 3 -20938 209
4: -1089 -33 3610 209
1: 1089 57 -1292 209
4: -1089 -627 380 209
1: 1089 1083 -258 209
2: -1089 10659 190 209
4: -1089 -11913 210 209
2: -1089 202521 200 209
3: 1102 -329593 -198 209
2: -1102 591679 198 209
1: 1104 369303 -198 209
1: 1121 19855 -198 209
2: -1144 121847 190 209
1: 1166 2945 -209 209
4: -1166 -5111 209 209
4: -1176 -393129 186 209
3: 1178 -11 5643 209
4: -1178 -11 10241 209
1: 1178 361 -363 209
2: -1178 361 -121 209
1: 1188 363 -361 209
2: -1188 14079 176 209
2: -1188 131043 183 209
1: 1197 1083 -242 209
3: 1206 -655215 -181 209
2: -1216 23 -4598 209
4: -1216 -361 484 209
3: 1232 -121 361 209
4: -1232 -121 1083 209
4: -1242 -726693 176 209
4: -1254 -3 36575 209
3: 1254 -9 7106 209
2: -1254 15 -7106 209
4: -1254 -363 475 209
4: -1254 -1083 275 209
3: 1254 -1089 -114 209
2: -1254 1815 114 209
3: 1254 -3249 -154 209
2: -1254 5415 154 209
4: -1254 -131043 175 209
3: 1254 -393129 -174 209
2: -1254 655215 174 209
2: -1262 52877 171 209
3: 1268 -52877 -171 209
3: 1276 -402325 -171 209
2: -1276 664411 171 209
1: 1311 15 -4598 209
4: -1311 -1089 266 209
1: 1331 1045 -228 209
2: -1331 51623 162 209
3: 1331 -734635 -164 209
4: -1364 -22021 165 209
3: 1368 -33 1881 209
3: 1368 -11913 -154 209
1: 1386 1083 -220 209
1: 1406 1265 -209 209
4: -1406 -1991 209 209
3: 1408 -361 33 209
4: -1408 -361 451 209
3: 1441 -43681 -150 209
3: 1444 -1 68244 209
4: -1444 -1 106480 209
4: -1444 -5 21417 209
1: 1444 7 -9922 209
1: 1444 11 -6369 209
2: -1444 11 -9515 209
3: 1444 -17 3872 209
1: 1444 19 -3751 209
2: -1444 19 -5445 209
4: -1444 -37 3025 209
2: -1444 55 -1782 209
3: 1444 -77 737 209
2: -1444 95 -968 209
1: 1444 119 -726 209
3: 1444 -121 414 209
4: -1444 -121 1030 209
3: 1444 -133 363 209
4: -1444 -185 726 209
1: 1444 187 -517 209
3: 1444 -209 176 209
4: -1444 -209 660 209
1: 1444 323 -363 209
2: -1444 407 -110 209
4: -1444 -605 327 209
1: 1444 847 -232 209
4: -1444 -1045 253 209
3: 1444 -1309 -99 209
1: 1444 1463 -198 209
2: -1444 2035 99 209
3: 1444 -2057 -118 209
3: 1444 -2261 -121 209
1: 1444 2299 -181 209
2: -1444 2299 105 209
2: -1444 3515 121 209
3: 1444 -3553 -132 209
4: -1444 -4477 175 209
4: -1444 -7733 165 209
2: -1444 11495 142 209
1: 1444 14399 -156 209
3: 1444 -16093 -147 209
4: -1444 -22385 156 209
1: 1444 24871 -154 209
4: -1444 -38665 154 209
1: 1444 39083 -153 209
2: -1444 85063 150 209
3: 1444 -273581 -151 209
2: -1444 425315 151 209
4: -1452 -57 2014 209
1: 1452 171 -551 209
2: -1452 627 -19 209
3: 1452 -1881 -114 209
3: 1452 -3933 -133 209
2: -1452 6099 133 209
1: 1452 43263 -152 209
4: -1452 -67089 152 209
4: -1463 -121 1026 209
2: -1463 6137 132 209
2: -1482 297 -209 209
1: 1482 14883 -152 209
4: -1482 -22869 152 209
1: 1496 11495 -152 209
3: 1501 -1 68970 209
4: -1501 -1 105754 209
3: 1518 -79059 -143 209
2: -1518 120213 143 209
4: -1529 -11495 152 209
1: 1566 131043 -140 209
4: -1569 -131043 140 209
1: 1573 11 -6498 209
2: -1573 11 -9386 209
3: 1573 -82669 -138 209
2: -1573 123823 138 209
2: -1582 6137 121 209
2: -1634 5 -20691 209
3: 1648 -6137 -121 209
3: 1653 -559911 -132 209
2: -1653 821997 132 209
4: -1664 -138985 132 209
3: 1672 -1 70851 209
4: -1672 -1 103873 209
3: 1672 -121 456 209
4: -1672 -121 988 209
3: 1672 -361 66 209
3: 1672 -43681 -129 209
1: 1683 3 -23826 209
2: -1694 5 -20577 209
1: 1694 19 -3876 209
2: -1694 19 -5320 209
4: -1694 -1045 228 209
3: 1694 -3971 -111 209
4: -1694 -3971 155 209
3: 1694 -4769 -114 209
2: -1694 6935 114 209
2: -1694 26353 125 209
1: 1694 996721 -129 209
3: 1738 -1 71478 209
4: -1738 -1 103246 209
1: 1738 2527 -154 209
4: -1748 -77 1463 209
1: 1748 3971 -143 209
2: -1748 3971 99 209
4: -1749 -1083 220 209
1: 1782 6897 -133 209
2: -1786 1573 57 209
3: 1786 -55955 -121 209
2: -1786 79781 121 209
4: -1824 -9 11495 209
1: 1824 57399 -121 209
4: -1824 -81225 121 209
4: -1824 -393129 120 209
3: 1848 -9 7942 209
4: -1848 -6897 133 209
3: 1848 -393129 -118 209
3: 1862 -3971 -99 209
4: -1862 -3971 143 209
2: -1881 3 -33858 209
2: -1881 1083 22 209
3: 1881 -1815 -76 209
2: -1881 2541 76 209
3: 1881 -655215 -116 209
2: -1881 917301 116 209
1: 1892 779 -209 209
4: -1903 -13 7942 209
3: 1912 -319561 -114 209
3: 1914 -669009 -114 209
2: -1914 931095 114 209
1: 1936 55 -1444 209
1: 1936 295 -361 209
3: 1936 -361 90 209
4: -1936 -361 394 209
4: -1936 -409 361 209
1: 1936 61655 -114 209
4: -1936 -85481 114 209
3: 1938 -99 627 209
1: 1958 29887 -114 209
1: 1962 7581 -121 209
1: 1976 21175 -114 209
4: -1976 -29161 114 209
3: 1976 -138985 -110 209
4: -2028 -7581 121 209
1: 2046 22743 -110 209
2: -2052 363 -171 209
1: 2052 131043 -107 209
1: 2071 605 -228 209
4: -2109 -363 380 209
2: -2112 22743 99 209
3: 2128 -121 513 209
4: -2128 -121 931 209
3: 2166 -3 24805 209
2: -2166 9 -11011 209
1: 2166 15 -5082 209
1: 2166 33 -2365 209
3: 2166 -39 1815 209
3: 2166 -57 1210 209
4: -2166 -99 1111 209
3: 2166 -165 352 209
2: -2166 171 -484 209
1: 2166 195 -484 209
4: -2166 -261 484 209
1: 2166 285 -363 209
3: 2166 -363 105 209
1: 2166 429 -275 209
1: 2166 627 -220 209
2: -2166 1089 9 209
1: 2166 1815 -142 209
4: -2166 -1881 154 209
3: 2166 -2145 -66 209
2: -2166 2871 66 209
3: 2166 -3135 -77 209
1: 2166 3705 -121 209
3: 2166 -4719 -85 209
4: -2166 -4959 121 209
3: 2166 -6897 -90 209
1: 2166 8151 -110 209
2: -2166 20691 96 209
1: 2166 23595 -104 209
4: -2166 -31581 104 209
1: 2166 34485 -103 209
3: 2166 -40755 -99 209
2: -2166 54549 99 209
3: 2166 -89661 -100 209
1: 2166 448305 -101 209
4: -2166 -600039 101 209
2: -2178 3 -33212 209
3: 2178 -33 2166 209
2: -2178 57 -1653 209
3: 2178 -627 19 209
2: -2178 1083 8 209
3: 2178 -11913 -94 209
2: -2182 91333 99 209
3: 2188 -91333 -99 209
3: 2204 -790229 -99 209
3: 2242 -3509 -76 209
1: 2277 917301 -96 209
1: 2299 1 -75544 209
2: -2299 1 -99180 209
3: 2299 -1 75354 209
4: -2299 -1 99370 209
2: -2299 5 -19760 209
4: -2299 -5 19950 209
1: 2299 11 -6954 209
2: -2299 11 -8930 209
3: 2299 -11 6764 209
4: -2299 -11 9120 209
2: -2299 25 -3876 209
4: -2299 -25 4066 209
2: -2299 55 -1710 209
4: -2299 -55 1900 209
2: -2299 275 -266 209
4: -2299 -275 456 209
2: -2299 361 -180 209
4: -2299 -361 370 209
2: -2299 1805 40 209
4: -2299 -1805 150 209
2: -2299 3971 70 209
4: -2299 -3971 120 209
1: 2299 6859 -106 209
3: 2299 -6859 -84 209
2: -2299 9025 84 209
4: -2299 -9025 106 209
2: -2299 19855 90 209
4: -2299 -19855 100 209
1: 2299 75449 -96 209
3: 2299 -75449 -94 209
2: -2299 99275 94 209
4: -2299 -99275 96 209
1: 2431 1805 -132 209
1: 2431 480491 -90 209
3: 2432 -361 121 209
4: -2432 -361 363 209
4: -2442 -363 361 209
3: 2442 -3249 -66 209
3: 2489 -43681 -86 209
4: -2489 -43681 90 209
1: 2497 143317 -88 209
4: -2497 -184471 88 209
3: 2508 -21 3553 209
2: -2508 27 -3553 209
3: 2508 -2541 -57 209
2: -2508 3267 57 209
3: 2508 -7581 -77 209
2: -2508 9747 77 209
3: 2508 -917301 -87 209
1: 2527 19 -4114 209
2: -2527 19 -5082 209
4: -2527 -23 4356 209
3: 2527 -121 546 209
4: -2527 -121 898 209
3: 2527 -233 242 209
4: -2527 -247 484 209
2: -2527 299 -242 209
2: -2527 1573 24 209
2: -2527 4807 66 209
1: 2527 48697 -88 209
4: -2527 -62491 88 209
2: -2541 33 -2888 209
3: 2541 -7695 -76 209
2: -2541 9861 76 209
4: -2574 -655215 85 209
1: 2611 218405 -84 209
4: -2614 -218405 84 209
4: -2618 -779 209 209
1: 2662 77 -1083 209
3: 2662 -12749 -76 209
1: 2679 11913 -88 209
2: -2706 20691 76 209
4: -2736 -11913 88 209
3: 2739 -20691 -76 209
2: -2772 1083 -11 209
1: 2783 3971 -98 209
2: -2783 3971 54 209
3: 2783 -162089 -78 209
2: -2783 203243 78 209
3: 2793 -393129 -78 209
4: -2794 -1805 132 209
2: -2812 7 -13794 209
3: 2882 -43681 -74 209
4: -2882 -43681 78 209
1: 2886 241395 -76 209
3: 2888 -1 77803 209
4: -2888 -1 96921 209
3: 2888 -121 568 209
4: -2888 -121 876 209
3: 2888 -209 297 209
4: -2888 -209 539 209
1: 2888 271 -363 209
4: -2888 -337 363 209
1: 2888 32791 -78 209
4: -2888 -40777 78 209
1: 2888 56639 -77 209
4: -2888 -70433 77 209
4: -2889 -241395 76 209
1: 2893 154033 -76 209
4: -2904 -9 10830 209
3: 2904 -57 1292 209
2: -2904 855 -38 209
4: -2904 -3249 105 209
1: 2904 98439 -76 209
4: -2904 -122265 76 209
2: -2904 464607 75 209
2: -2907 3 -32186 209
1: 2926 5 -15675 209
3: 2926 -121 570 209
4: -2926 -121 874 209
3: 2926 -9025 -66 209
2: -2926 11191 66 209
1: 2926 218405 -75 209
1: 2964 33759 -76 209
4: -2964 -41745 76 209
3: 3002 -1 78166 209
4: -3002 -1 96558 209
2: -3047 16967 66 209
2: -3132 131043 69 209
3: 3138 -131043 -69 209
1: 3146 11 -7220 209
2: -3146 11 -8664 209
2: -3146 37 -2527 209
2: -3146 323 -228 209
1: 3146 1805 -113 209
2: -3146 7733 57 209
2: -3146 67507 68 209
3: 3146 -185915 -69 209
2: -3146 227069 69 209
4: -3154 -605 228 209
3: 3173 -27797 -66 209
1: 3249 3 -26378 209
4: -3249 -33 2970 209
1: 3249 57 -1452 209
2: -3249 75 -1210 209
4: -3249 -627 220 209
4: -3249 -1815 120 209
3: 3249 -3399 -44 209
2: -3249 4125 44 209
4: -3249 -34485 70 209
3: 3249 -64581 -66 209
2: -3249 78375 66 209
2: -3267 33573 64 209
4: -3267 -83391 68 209
2: -3268 115159 66 209
4: -3268 -567853 67 209
3: 3289 -195301 -66 209
2: -3289 236455 66 209
3: 3302 -551969 -66 209
1: 3311 5 -15884 209
2: -3344 7 -13585 209
3: 3344 -121 589 209
4: -3344 -121 855 209
3: 3344 -361 154 209
4: -3344 -361 330 209
2: -3344 305767 65 209
2: -3366 3 -31768 209
3: 3382 -17 4598 209
1: 3388 19 -4237 209
2: -3388 19 -4959 209
3: 3388 -10621 -57 209
2: -3388 12787 57 209
3: 3388 -170753 -64 209
3: 3401 -3025 -38 209
1: 3421 1 -79420 209
2: -3421 1 -95304 209
3: 3476 -1 79420 209
4: -3476 -1 95304 209
4: -3476 -567853 63 209
4: -3477 -21 4598 209
3: 3498 -1083 11 209
4: -3509 -95 1064 209
3: 3509 -329593 -62 209
4: -3531 -3 31768 209
3: 3553 -31 2508 209
2: -3553 37 -2508 209
1: 3572 539 -209 209
3: 3586 -5 15884 209
3: 3648 -297 209 209
1: 3656 305767 -60 209
4: -3659 -305767 60 209
3: 3751 -11 7220 209
4: -3751 -11 8664 209
1: 3751 361 -280 209
2: -3751 361 -204 209
1: 3751 45125 -60 209
1: 3762 3 -26752 209
1: 3762 1083 -132 209
3: 3762 -3993 -38 209
2: -3762 4719 38 209
2: -3792 158631 57 209
3: 3798 -158631 -57 209
2: -3806 245993 57 209
3: 3872 -361 166 209
4: -3872 -361 318 209
1: 3872 135223 -57 209
4: -3872 -159049 57 209
3: 3876 -59565 -55 209
4: -3894 -103455 57 209
3: 3894 -917301 -56 209
1: 3952 46343 -57 209
4: -3952 -54329 57 209
1: 3971 1 -80520 209
2: -3971 1 -94204 209
3: 3971 -1 80410 209
4: -3971 -1 94314 209
1: 3971 5 -16148 209
3: 3971 -5 16038 209
1: 3971 7 -11550 209
3: 3971 -7 11440 209
1: 3971 19 -4290 209
2: -3971 19 -4906 209
1: 3971 35 -2354 209
3: 3971 -35 2244 209
2: -3971 41 -2244 209
4: -3971 -41 2354 209
1: 3971 95 -902 209
3: 3971 -95 792 209
1: 3971 121 -720 209
2: -3971 121 -724 209
3: 3971 -121 610 209
4: -3971 -121 834 209
1: 3971 133 -660 209
3: 3971 -133 550 209
1: 3971 605 -188 209
3: 3971 -605 78 209
1: 3971 665 -176 209
3: 3971 -665 66 209
2: -3971 779 -66 209
4: -3971 -779 176 209
1: 3971 847 -150 209
3: 3971 -847 40 209
1: 3971 2299 -90 209
2: -3971 2299 14 209
3: 3971 -2299 -20 209
4: -3971 -2299 96 209
1: 3971 4235 -74 209
3: 3971 -4235 -36 209
2: -3971 4961 36 209
4: -3971 -4961 74 209
1: 3971 11495 -62 209
3: 3971 -11495 -48 209
1: 3971 16093 -60 209
3: 3971 -16093 -50 209
1: 3971 80465 -56 209
3: 3971 -80465 -54 209
2: -3971 94259 54 209
4: -3971 -94259 56 209
2: -3993 5643 38 209
4: -4114 -133 760 209
2: -4114 1805 1 209
4: -4114 -24035 57 209
1: 4202 16093 -57 209
3: 4218 -363 171 209
4: -4268 -16093 57 209
3: 4332 -9 8954 209
4: -4332 -57 1694 209
1: 4332 99 -869 209
1: 4332 423 -242 209
4: -4332 -489 242 209
2: -4332 627 -99 209
3: 4332 -1089 24 209
3: 4332 -4653 -33 209
2: -4332 5379 33 209
4: -4332 -6897 64 209
1: 4332 51183 -52 209
4: -4332 -59169 52 209
1: 4356 3 -27075 209
4: -4356 -33 2888 209
3: 4356 -105 722 209
1: 4356 1083 -125 209
1: 4356 3135 -76 209
4: -4356 -11913 58 209
3: 4356 -37905 -48 209
3: 4356 -583737 -50 209
4: -4389 -9 10450 209
3: 4389 -14079 -44 209
2: -4389 16245 44 209
4: -4389 -393129 50 209
3: 4446 -655215 -49 209
4: -4477 -67 1444 209
2: -4484 19855 44 209
3: 4541 -19855 -44 209
1: 4576 11191 -55 209
1: 4598 1 -81453 209
2: -4598 1 -93271 209
3: 4598 -1 81358 209
4: -4598 -1 93366 209
1: 4598 11 -7448 209
2: -4598 11 -8436 209
3: 4598 -11 7353 209
4: -4598 -11 8531 209
1: 4598 41 -2033 209
3: 4598 -41 1938 209
2: -4598 47 -1938 209
4: -4598 -47 2033 209
1: 4598 361 -273 209
2: -4598 361 -211 209
3: 4598 -361 178 209
4: -4598 -361 306 209
1: 4598 451 -228 209
3: 4598 -451 133 209
2: -4598 517 -133 209
4: -4598 -517 228 209
1: 4598 3971 -68 209
2: -4598 3971 24 209
3: 4598 -3971 -27 209
4: -4598 -3971 71 209
1: 4598 14801 -53 209
3: 4598 -14801 -42 209
2: -4598 16967 42 209
4: -4598 -16967 53 209
1: 4598 162811 -48 209
3: 4598 -162811 -47 209
2: -4598 186637 47 209
4: -4598 -186637 48 209
4: -4674 -9075 57 209
1: 4693 11 -7458 209
2: -4693 11 -8426 209
2: -4693 323 -242 209
1: 4693 2299 -82 209
2: -4693 2299 6 209
1: 4693 55781 -48 209
4: -4693 -63767 48 209
4: -4719 -3135 76 209
3: 4719 -289161 -46 209
2: -4719 330315 46 209
1: 4788 1083 -121 209
3: 4961 -55 1444 209
4: -4961 -137 722 209
3: 4961 -13585 -38 209
3: 4978 -43681 -42 209
4: -4978 -43681 46 209
1: 4986 416955 -44 209
4: -4989 -416955 44 209
1: 4994 307211 -44 209
4: -4994 -348365 44 209
2: -5054 5 -18513 209
1: 5054 19 -4356 209
2: -5054 19 -4840 209
3: 5054 -121 634 209
4: -5054 -121 810 209
3: 5054 -499 121 209
2: -5054 565 -121 209
4: -5054 -1045 132 209
4: -5054 -13673 50 209
1: 5054 104291 -44 209
4: -5054 -118085 44 209
1: 5082 33 -2527 209
3: 5082 -16473 -38 209
2: -5082 18639 38 209
1: 5203 2413 -76 209
2: -5358 11913 33 209
3: 5434 -847 57 209
2: -5434 1805 -11 209
2: -5434 480491 40 209
3: 5472 -11913 -33 209
1: 5529 9 -9196 209
1: 5566 3971 -60 209
2: -5566 3971 16 209
3: 5566 -344755 -39 209
2: -5566 385909 39 209
3: 5567 -66913 -38 209
2: -5567 74899 38 209
2: -5588 85063 38 209
2: -5632 23 -3971 209
1: 5643 363 -266 209
3: 5676 -172425 -38 209
3: 5687 -204193 -38 209
2: -5687 228019 38 209
2: -5719 5 -18392 209
1: 5731 43681 -40 209
2: -5731 43681 36 209
2: -5733 958683 38 209
4: -5738 -539 209 209
1: 5742 21 -3971 209
4: -5762 -963281 38 209
3: 5764 -43681 -36 209
4: -5764 -43681 40 209
1: 5776 23 -3630 209
3: 5776 -25 3267 209
1: 5776 55 -1540 209
3: 5776 -121 645 209
4: -5776 -121 799 209
1: 5776 4807 -55 209
3: 5776 -5225 -22 209
1: 5776 11495 -45 209
1: 5776 69575 -39 209
4: -5776 -77561 39 209
4: -5808 -57 1653 209
2: -5808 231 -361 209
2: -5808 57399 36 209
1: 5808 208791 -38 209
4: -5808 -232617 38 209
1: 5814 3 -27588 209
1: 5819 177023 -38 209
3: 5852 -121 646 209
4: -5852 -121 798 209
3: 5852 -19133 -33 209
2: -5852 21299 33 209
4: -5907 -89661 38 209
1: 5909 1 -82764 209
2: -5909 1 -91960 209
1: 5928 71511 -38 209
4: -5928 -79497 38 209
3: 5929 -3971 -16 209
4: -5929 -3971 60 209
3: 6004 -1 82764 209
4: -6004 -1 91960 209
4: -6042 -1083 121 209
3: 6099 -3 27588 209
4: -6137 -133 726 209
4: -6137 -847 144 209
4: -6137 -223003 36 209
3: 6171 -59565 -34 209
4: -6194 -5 18392 209
1: 6232 847 -133 209
1: 6292 11 -7581 209
2: -6292 11 -8303 209
3: 6384 -9 9196 209
3: 6384 -393129 -34 209
1: 6413 21071 -38 209
4: -6413 -23237 38 209
4: -6468 -393129 34 209
1: 6479 361 -264 209
2: -6479 361 -220 209
2: -6498 3 -30492 209
1: 6498 21 -3993 209
3: 6498 -33 2486 209
2: -6498 57 -1573 209
1: 6498 399 -242 209
3: 6498 -627 99 209
3: 6498 -7161 -22 209
2: -6498 7887 22 209
1: 6498 11253 -41 209
3: 6498 -136059 -33 209
2: -6498 149853 33 209
1: 6498 213807 -34 209
1: 6512 7 -11913 209
4: -6534 -15 6137 209
1: 6534 39 -2166 209
1: 6534 18183 -38 209
2: -6552 273999 33 209
3: 6558 -273999 -33 209
3: 6578 -411179 -33 209
2: -6578 452333 33 209
3: 6688 -361 198 209
4: -6688 -361 286 209
1: 6732 3 -27797 209
1: 6776 47 -1805 209
3: 6776 -9025 -23 209
2: -6791 567853 32 209
3: 6794 -567853 -32 209
1: 6842 1 -83391 209
2: -6842 1 -91333 209
3: 6859 -19 4356 209
4: -6859 -19 4840 209
4: -6897 -3 30476 209
3: 6897 -9 9234 209
2: -6897 33 -2736 209
3: 6897 -63 1292 209
2: -6897 69 -1292 209
1: 6897 99 -874 209
1: 6897 693 -152 209
4: -6897 -759 152 209
4: -6897 -1083 116 209
3: 6897 -3249 -6 209
2: -6897 11913 24 209
3: 6897 -22743 -28 209
2: -6897 24909 28 209
1: 6897 35739 -34 209
1: 6897 250173 -32 209
4: -6897 -273999 32 209
3: 6952 -1 83391 209
4: -6952 -1 91333 209
2: -6963 9747 22 209
1: 7018 253 -361 209
1: 7018 1007 -114 209
4: -7018 -15523 37 209
3: 7062 -3 27797 209
4: -7068 -917301 31 209
3: 7106 -65 1254 209
2: -7106 71 -1254 209
1: 7106 1805 -77 209
3: 7139 -323 228 209
2: -7139 19855 26 209
3: 7282 -7 11913 209
1: 7296 1815 -76 209
3: 7502 -11 7581 209
4: -7502 -11 8303 209
1: 7502 361 -261 209
2: -7502 361 -223 209
4: -7502 -10241 38 209
2: -7502 806113 29 209
2: -7524 3 -30305 209
2: -7524 1083 -55 209
3: 7524 -8349 -19 209
2: -7524 9075 19 209
2: -7581 33 -2728 209
1: 7581 495 -198 209
4: -7581 -6897 42 209
3: 7581 -103455 -28 209
1: 7623 1083 -106 209
1: 7656 5415 -44 209
2: -7733 7 -12958 209
1: 7733 8591 -38 209
4: -7733 -9317 38 209
3: 7744 -361 204 209
4: -7744 -361 280 209
3: 7744 -69673 -27 209
1: 7836 655215 -28 209
4: -7839 -655215 28 209
1: 7942 1 -83941 209
2: -7942 1 -90783 209
3: 7942 -1 83886 209
4: -7942 -1 90838 209
1: 7942 19 -4444 209
2: -7942 19 -4752 209
1: 7942 73 -1177 209
3: 7942 -73 1122 209
2: -7942 79 -1122 209
4: -7942 -79 1177 209
1: 7942 121 -721 209
2: -7942 121 -723 209
3: 7942 -121 666 209
4: -7942 -121 778 209
1: 7942 1387 -88 209
3: 7942 -1387 33 209
2: -7942 1501 -33 209
4: -7942 -1501 88 209
1: 7942 2299 -64 209
2: -7942 2299 -12 209
3: 7942 -2299 9 209
4: -7942 -2299 67 209
1: 7942 8833 -37 209
3: 7942 -8833 -18 209
2: -7942 9559 18 209
4: -7942 -9559 37 209
1: 7942 167827 -28 209
3: 7942 -167827 -27 209
2: -7942 181621 27 209
4: -7942 -181621 28 209
3: 7986 -35739 -25 209
4: -8019 -5415 44 209
3: 8052 -21 3971 209
1: 8094 7623 -38 209
4: -8162 -23 3971 209
1: 8206 218405 -27 209
2: -8208 39 -2299 209
2: -8322 1089 -57 209
3: 8349 -527421 -26 209
2: -8349 568575 26 209
4: -8379 -1815 76 209
1: 8398 37 -2299 209
4: -8398 -847 133 209
3: 8536 -23465 -22 209
1: 8591 665 -152 209
3: 8591 -15523 -20 209
1: 8613 131043 -26 209
3: 8664 -57 1452 209
4: -8664 -297 330 209
1: 8664 879 -121 209
4: -8664 -945 121 209
3: 8664 -6897 -13 209
2: -8664 28215 22 209
1: 8664 106359 -26 209
4: -8664 -114345 26 209
2: -8664 434511 25 209
3: 8712 -33 2527 209
3: 8712 -11913 -18 209
3: 8778 -29241 -22 209
2: -8778 31407 22 209
2: -9063 917301 24 209
3: 9196 -1 84360 209
4: -9196 -1 90364 209
3: 9196 -5 16853 209
2: -9196 7 -12882 209
1: 9196 11 -7695 209
2: -9196 11 -8189 209
4: -9196 -13 6973 209
3: 9196 -17 4940 209
1: 9196 55 -1558 209
4: -9196 -77 1197 209
3: 9196 -85 969 209
2: -9196 91 -969 209
2: -9196 143 -608 209
1: 9196 187 -475 209
3: 9196 -361 210 209
4: -9196 -361 274 209
1: 9196 935 -114 209
4: -9196 -1001 114 209
3: 9196 -1805 23 209
2: -9196 2527 -12 209
1: 9196 3971 -45 209
2: -9196 3971 1 209
4: -9196 -4693 43 209
3: 9196 -6137 -10 209
1: 9196 19855 -28 209
4: -9196 -27797 27 209
3: 9196 -30685 -21 209
2: -9196 32851 21 209
1: 9196 67507 -25 209
1: 9196 337535 -24 209
4: -9196 -361361 24 209
1: 9386 11 -7700 209
2: -9386 11 -8184 209
1: 9386 2299 -60 209
2: -9386 2299 -16 209
1: 9386 115555 -24 209
4: -9386 -123541 24 209
2: -9402 393129 23 209
3: 9408 -393129 -23 209
4: -9438 -171 551 209
3: 9438 -7581 -12 209
3: 9438 -598899 -23 209
2: -9438 640053 23 209
2: -9462 83391 22 209
2: -9504 92055 22 209
3: 9559 -1 84474 209
4: -9559 -1 90250 209
3: 9709 -170753 -22 209
2: -9747 363 -226 209
3: 9747 -207537 -22 209
2: -9747 221331 22 209
1: 9823 1573 -76 209
2: -9861 607563 22 209
3: 9867 -627057 -22 209
2: -9867 668211 22 209
1: 9899 43681 -24 209
2: -9899 43681 20 209
3: 9956 -43681 -20 209
4: -9956 -43681 24 209
1: 9988 634999 -22 209
4: -9988 -676153 22 209
4: -9994 -615505 22 209
4: -10032 -9 10032 209
1: 10108 19 -4477 209
2: -10108 19 -4719 209
3: 10108 -121 678 209
4: -10108 -121 766 209
1: 10108 215479 -22 209
4: -10108 -229273 22 209
1: 10146 178695 -22 209
3: 10164 -9 9386 209
3: 10164 -34029 -19 209
2: -10164 36195 19 209
4: -10164 -59565 23 209
2: -10252 39083 19 209
3: 10318 -39083 -19 209
4: -10351 -99997 22 209
4: -10393 -91333 22 209
1: 10406 5 -16967 209
4: -10469 -95 968 209
3: 10469 -2299 16 209
4: -10469 -2299 60 209
3: 10488 -1089 57 209
2: -10659 105 -836 209
2: -10678 13 -6897 209
1: 10971 917301 -20 209
4: -10974 -917301 20 209
4: -10982 -4961 38 209
1: 11077 37183 -22 209
4: -11077 -39349 22 209
3: 11132 -77 1083 209
1: 11132 3971 -41 209
2: -11132 3971 -3 209
3: 11134 -137819 -19 209
2: -11134 145805 19 209
3: 11191 -11 7700 209
4: -11191 -11 8184 209
4: -11191 -36157 22 209
3: 11286 -15 5643 209
2: -11286 363 -228 209
1: 11286 131043 -20 209
1: 11319 31407 -22 209
4: -11374 -25 3610 209
4: -11374 -2375 57 209
3: 11374 -420299 -19 209
2: -11374 444125 19 209
2: -11382 475893 19 209
3: 11388 -475893 -19 209
1: 11462 43681 -21 209
2: -11462 43681 17 209
3: 11528 -43681 -17 209
4: -11528 -43681 21 209
3: 11552 -169 484 209
1: 11552 247 -363 209
3: 11552 -1001 66 209
1: 11552 1463 -77 209
1: 11602 485089 -19 209
4: -11608 -485089 19 209
1: 11616 429495 -19 209
4: -11616 -453321 19 209
2: -11628 3 -29887 209
3: 11704 -121 684 209
4: -11704 -121 760 209
1: 11818 1 -85063 209
2: -11818 1 -89661 209
1: 11856 147015 -19 209
4: -11856 -155001 19 209
3: 11858 -3971 3 209
4: -11858 -3971 41 209
3: 11913 -3 28336 209
2: -11913 9 -9944 209
3: 11913 -57 1474 209
3: 11913 -111 748 209
2: -11913 117 -748 209
2: -11913 171 -506 209
3: 11913 -363 216 209
2: -11913 1089 -64 209
3: 11913 -2109 22 209
2: -11913 2223 -22 209
3: 11913 -6897 -6 209
3: 11913 -13431 -12 209
2: -11913 14157 12 209
2: -11913 20691 14 209
3: 11913 -255189 -18 209
2: -11913 268983 18 209
3: 12008 -1 85063 209
4: -12008 -1 89661 209
4: -12198 -3 29887 209
2: -12274 275 -308 209
2: -12274 11495 10 209
2: -12274 32065 15 209
4: -12584 -665 152 209
4: -12584 -138985 18 209
1: 12672 48279 -19 209
4: -12738 -48279 19 209
1: 12826 43225 -19 209
4: -12826 -45391 19 209
4: -12892 -17689 22 209
1: 12958 361 -253 209
2: -12958 361 -231 209
1: 12996 3 -28435 209
4: -12996 -33 2728 209
1: 12996 3135 -44 209
3: 12996 -14685 -11 209
2: -12996 15411 11 209
4: -13148 -13 6897 209
2: -13167 1083 -66 209
1: 13357 15103 -22 209
4: -13357 -15829 22 209
3: 13376 -361 220 209
4: -13376 -361 264 209
2: -13431 969 -76 209
3: 13431 -3249 10 209
1: 13552 551 -171 209
3: 13552 -1577 38 209
3: 13718 -19 4477 209
4: -13718 -19 4719 209
4: -13718 -1463 77 209
3: 13718 -17347 -11 209
3: 13794 -3 28443 209
4: -13794 -27 3325 209
1: 13794 33 -2603 209
3: 13794 -129 646 209
2: -13794 135 -646 209
2: -13794 297 -285 209
3: 13794 -1083 63 209
1: 13794 1419 -76 209
4: -13794 -1485 76 209
4: -13794 -9747 25 209
1: 13794 11913 -23 209
3: 13794 -46569 -14 209
2: -13794 48735 14 209
2: -13794 107217 15 209
1: 13794 512259 -16 209
4: -13794 -536085 16 209
3: 14079 -171 484 209
3: 14079 -2277 22 209
4: -14079 -3135 44 209
1: 14079 13167 -22 209
1: 14079 175329 -16 209
4: -14079 -183315 16 209
2: -14174 218405 15 209
2: -14212 139 -627 209
1: 14399 3743 -38 209
4: -14784 -393129 15 209
3: 14801 -55 1540 209
2: -14877 131043 14 209
4: -15004 -201077 15 209
4: -15162 -9 9922 209
1: 15162 33 -2607 209
2: -15162 1881 -33 209
3: 15162 -6897 -2 209
2: -15246 1083 -68 209
2: -15246 273999 14 209
3: 15428 -37 2299 209
1: 15466 17545 -19 209
4: -15466 -18271 19 209
3: 15488 -361 223 209
4: -15488 -361 261 209
2: -15488 877591 14 209
4: -15618 -39 2299 209
3: 15884 -1 85624 209
4: -15884 -1 89100 209
4: -15884 -5 17831 209
1: 15884 19 -4521 209
2: -15884 19 -4675 209
2: -15884 31 -2860 209
2: -15884 95 -924 209
3: 15884 -121 694 209
4: -15884 -121 750 209
3: 15884 -149 561 209
2: -15884 155 -561 209
4: -15884 -589 165 209
4: -15884 -605 161 209
1: 15884 2299 -51 209
2: -15884 2299 -25 209
1: 15884 2831 -44 209
4: -15884 -2945 44 209
2: -15884 3751 -10 209
2: -15884 11495 6 209
3: 15884 -18029 -9 209
2: -15884 18755 9 209
4: -15884 -71269 15 209
1: 15884 342551 -14 209
4: -15884 -356345 14 209
3: 16093 -1661 38 209
2: -16093 1727 -38 209
3: 16093 -3971 8 209
4: -16093 -3971 36 209
3: 16093 -54511 -12 209
2: -16093 56677 12 209
2: -16188 35739 11 209
3: 16511 -1 85690 209
4: -16511 -1 89034 209
2: -16511 2527 -22 209
3: 16606 -77 1100 209
1: 16606 245 -363 209
3: 16606 -563255 -13 209
2: -16967 12947 6 209
1: 17061 11913 -20 209
1: 17138 847 -114 209
2: -17226 131043 12 209
3: 17259 -131043 -12 209
4: -17328 -57 1573 209
3: 17328 -1881 33 209
1: 17328 216711 -13 209
4: -17328 -224697 13 209
3: 17424 -969 76 209
4: -17424 -11913 20 209
2: -17556 61731 11 209
1: 17689 341 -264 209
1: 17908 7 -12274 209
2: -17974 5 -17765 209
4: -17974 -9025 22 209
3: 17974 -567853 -12 209
3: 18392 -1 85861 209
4: -18392 -1 88863 209
3: 18392 -361 226 209
4: -18392 -361 258 209
1: 18392 1903 -57 209
4: -18392 -1969 57 209
1: 18392 686983 -12 209
4: -18392 -710809 12 209
3: 18411 -46101 -10 209
2: -18513 3 -29602 209
3: 18524 -108661 -11 209
2: -18634 51623 10 209
1: 18772 11 -7821 209
2: -18772 11 -8063 209
4: -18772 -41 2178 209
1: 18772 2299 -49 209
2: -18772 2299 -27 209
4: -18772 -8569 22 209
1: 18772 235103 -12 209
4: -18772 -243089 12 209
1: 18997 170753 -12 209
3: 19118 -1 85918 209
4: -19118 -1 88806 209
4: -19133 -23 3872 209
3: 19239 -1083 68 209
2: -19481 61 -1444 209
4: -19494 -15 5929 209
1: 19494 363 -248 209
3: 19494 -421971 -11 209
2: -19494 435765 11 209
3: 19532 -472549 -11 209
3: 19602 -231 361 209
2: -19662 821997 11 209
1: 19798 43681 -13 209
2: -19798 43681 9 209
3: 19912 -43681 -9 209
4: -19912 -43681 13 209
4: -20048 -837881 11 209
2: -20064 1815 -38 209
1: 20178 488433 -11 209
4: -20207 -27797 14 209
3: 20216 -121 700 209
4: -20216 -121 744 209
1: 20216 437855 -11 209
4: -20216 -451649 11 209
1: 20577 62073 -12 209
1: 20691 3 -28690 209
4: -20691 -33 2698 209
1: 20691 165 -532 209
3: 20691 -429 190 209
1: 20691 1083 -90 209
4: -20691 -11913 18 209
1: 20691 59565 -12 209
3: 20691 -154869 -10 209
4: -20812 -253 361 209
3: 20938 -2299 27 209
4: -20938 -2299 49 209
2: -21054 5415 -6 209
1: 21186 124545 -11 209
2: -21299 385 -220 209
2: -21299 39325 8 209
3: 21318 -201 418 209
2: -21318 207 -418 209
3: 21538 -17 5054 209
4: -21538 -551 171 209
2: -21549 655215 10 209
3: 21736 -41 2090 209
2: -22022 11191 2 209
4: -22154 -77615 11 209
4: -22344 -393129 10 209
1: 22363 211 -418 209
4: -22363 -217 418 209
3: 22382 -11 7821 209
4: -22382 -11 8063 209
1: 22506 291327 -10 209
1: 22572 363 -247 209
2: -22572 131043 9 209
1: 22781 605 -152 209
2: -23104 195415 9 209
3: 23199 -363 228 209
3: 23408 -121 703 209
4: -23408 -121 741 209
4: -23522 -51623 11 209
4: -23826 -3 29513 209
3: 23826 -9 9570 209
4: -23826 -21 4224 209
1: 23826 45 -1925 209
4: -23826 -57 1562 209
3: 23826 -171 495 209
3: 23826 -225 374 209
4: -23826 -399 231 209
1: 23826 855 -110 209
3: 23826 -1089 70 209
2: -23826 3993 -13 209
3: 23826 -4275 11 209
1: 23826 5445 -25 209
3: 23826 -20691 -5 209
3: 23826 -27225 -6 209
2: -23826 27951 6 209
2: -23826 75867 8 209
1: 23826 103455 -10 209
3: 23826 -517275 -9 209
2: -23826 531069 9 209
1: 24442 8569 -19 209
4: -24909 -1089 90 209
4: -25047 -3021 38 209
4: -25168 -41 2166 209
4: -25168 -8569 19 209
2: -25289 77 -1140 209
2: -25289 138985 8 209
1: 25631 24805 -12 209
2: -25773 35739 6 209
3: 25992 -33 2607 209
1: 25992 33231 -11 209
2: -26136 248007 8 209
1: 26334 1083 -88 209
4: -26334 -1815 57 209
1: 26714 7 -12342 209
1: 26714 30569 -11 209
4: -26714 -31295 11 209
1: 26741 1805 -56 209
1: 26752 23 -3762 209
3: 26752 -361 231 209
4: -26752 -361 253 209
2: -26862 81 -1083 209
2: -26942 829939 8 209
2: -27132 3267 -19 209
3: 27379 -43681 -6 209
4: -27379 -43681 10 209
3: 27588 -261 323 209
2: -27588 267 -323 209
1: 27588 2871 -38 209
4: -27588 -2937 38 209
3: 27588 -94221 -7 209
2: -27588 96387 7 209
1: 27797 19 -4554 209
2: -27797 19 -4642 209
3: 27797 -121 706 209
4: -27797 -121 738 209
1: 27797 604637 -8 209
4: -27797 -618431 8 209
1: 28158 354651 -8 209
4: -28158 -362637 8 209
3: 28193 -49457 -6 209
3: 28519 -1 86394 209
4: -28519 -1 88330 209
1: 28556 19855 -12 209
4: -28556 -65341 9 209
1: 28721 218405 -8 209
4: -28754 -218405 8 209
4: -28919 -19855 12 209
1: 29241 6897 -20 209
3: 29298 -3267 19 209
2: -29524 63175 6 209
1: 29754 131043 -8 209
4: -29811 -131043 8 209
1: 29887 11 -7866 209
2: -29887 11 -8018 209
2: -29887 67507 6 209
1: 30324 243 -363 209
2: -30324 1419 -55 209
4: -30324 -6897 20 209
1: 30492 1083 -87 209
4: -30734 -1805 56 209
1: 31046 5 -17303 209
1: 31559 2783 -38 209
3: 31768 -1 86493 209
4: -31768 -1 88231 209
1: 31768 7 -12364 209
3: 31768 -121 708 209
4: -31768 -121 736 209
3: 31768 -817 99 209
1: 31768 847 -109 209
1: 31768 5719 -22 209
4: -31768 -5833 22 209
3: 31768 -98857 -6 209
1: 31768 691999 -7 209
4: -31768 -705793 7 209
1: 31977 3 -28842 209
3: 32129 -17 5082 209
1: 32186 5 -17309 209
1: 32186 61 -1425 209
3: 32186 -3355 19 209
2: -32186 3421 -19 209
3: 32186 -3971 15 209
4: -32186 -3971 29 209
3: 32186 -110105 -6 209
2: -32186 112271 6 209
3: 32851 -275 308 209
3: 33022 -1 86526 209
4: -33022 -1 88198 209
4: -33231 -1083 88 209
1: 33396 15 -5776 209
4: -33934 -5665 22 209
2: -34122 11913 -1 209
1: 34452 131043 -7 209
4: -34518 -131043 7 209
4: -34656 -9 9801 209
1: 34656 1815 -54 209
4: -34694 -605 152 209
2: -34732 305767 6 209
3: 34848 -11913 1 209
3: 34848 -323817 -6 209
3: 35112 -9 9614 209
3: 35112 -393129 -6 209
2: -35321 480491 6 209
4: -35378 -247 363 209
2: -35378 508079 6 209
2: -35739 3 -29370 209
2: -35739 57 -1540 209
3: 35739 -41019 -4 209
2: -35739 41745 4 209
3: 35739 -779361 -6 209
2: -35739 793155 6 209
1: 36366 5415 -22 209
1: 36421 5 -17328 209
2: -36784 55 -1596 209
2: -36784 71 -1235 209
3: 36784 -361 234 209
4: -36784 -361 250 209
3: 36822 -99 869 209
4: -36993 -917301 6 209
1: 37026 3 -28880 209
3: 37026 -96387 -5 209
4: -37026 -869649 6 209
1: 37147 718751 -6 209
1: 37221 655215 -6 209
4: -37367 -567853 6 209
1: 37544 474199 -6 209
4: -37544 -482185 6 209
1: 37631 1 -86640 209
2: -37631 1 -88084 209
3: 38236 -1 86640 209
4: -38236 -1 88084 209
1: 38236 2527 -40 209
3: 38266 -235 363 209
4: -38266 -341 264 209
4: -38266 -301169 6 209
4: -38478 -1083 87 209
1: 38627 250591 -6 209
3: 38841 -3 28880 209
3: 38988 -177 484 209
2: -38988 363 -237 209
3: 39083 -371 228 209
2: -39083 377 -228 209
4: -39083 -10469 14 209
1: 39083 210463 -6 209
2: -39349 605 -140 209
3: 39446 -5 17328 209
4: -40071 -363 248 209
4: -40172 -156313 6 209
1: 40432 103 -847 209
3: 40432 -121 711 209
4: -40432 -121 733 209
2: -41382 3 -29336 209
3: 41382 -33 2622 209
3: 41382 -11913 2 209
2: -41382 20577 1 209
4: -41624 -9025 15 209
1: 41624 115159 -6 209
3: 41876 -385 220 209
3: 41876 -402325 -5 209
4: -42229 -2527 40 209
3: 42471 -15 5776 209
1: 42482 14801 -11 209
3: 42636 -405 209 209
2: -42636 411 -209 209
4: -43208 -14801 11 209
1: 43681 1 -86740 209
2: -43681 1 -87984 209
3: 43681 -1 86730 209
4: -43681 -1 87994 209
1: 43681 5 -17352 209
3: 43681 -5 17342 209
1: 43681 11 -7890 209
2: -43681 11 -7994 209
3: 43681 -11 7880 209
4: -43681 -11 8004 209
1: 43681 19 -4570 209
2: -43681 19 -4626 209
1: 43681 55 -1582 209
3: 43681 -55 1572 209
1: 43681 83 -1050 209
3: 43681 -83 1040 209
1: 43681 95 -918 209
3: 43681 -95 908 209
1: 43681 209 -420 209
2: -43681 209 -416 209
3: 43681 -209 410 209
4: -43681 -209 426 209
1: 43681 415 -214 209
3: 43681 -415 204 209
2: -43681 421 -204 209
4: -43681 -421 214 209
1: 43681 913 -100 209
3: 43681 -913 90 209
3: 43681 -1045 78 209
1: 43681 1577 -60 209
3: 43681 -1577 50 209
1: 43681 4565 -24 209
3: 43681 -4565 14 209
2: -43681 4631 -14 209
4: -43681 -4631 24 209
1: 43681 7885 -16 209
3: 43681 -7885 6 209
2: -43681 7999 -6 209
4: -43681 -7999 16 209
1: 43681 17347 -10 209
1: 43681 86735 -6 209
3: 43681 -86735 -4 209
2: -43681 87989 4 209
4: -43681 -87989 6 209
1: 44403 80223 -6 209
1: 44726 425 -209 209
4: -44726 -431 209 209
1: 44726 742577 -5 209
4: -44764 -73 1210 209
1: 45144 14079 -11 209
3: 45486 -1815 43 209
2: -45771 1089 -76 209
2: -45847 1243 -66 209
2: -46189 1805 -44 209
4: -46398 -363 247 209
3: 46398 -3249 22 209
2: -47234 35 -2508 209
3: 47652 -57 1518 209
3: 47652 -453 187 209
2: -47652 459 -187 209
4: -47652 -513 176 209
3: 47652 -6897 8 209
3: 47652 -54813 -3 209
2: -47652 55539 3 209
4: -47652 -62073 6 209
2: -48279 33 -2660 209
4: -48279 -93 950 209
4: -48279 -59565 6 209
3: 48279 -165699 -4 209
2: -48279 167865 4 209
1: 48642 1653 -57 209
3: 49096 -65 1331 209
1: 49096 11495 -12 209
2: -49609 218405 4 209
3: 49666 -218405 -4 209
3: 49818 -5643 11 209
1: 50122 5929 -19 209
1: 50179 181 -484 209
4: -50179 -11495 12 209
1: 50578 51623 -6 209
3: 50787 -69 1254 209
4: -51623 -847 108 209
1: 51623 2299 -42 209
2: -51623 2299 -34 209
2: -51623 8591 -6 209
2: -51711 393129 4 209
3: 51744 -393129 -4 209
3: 51832 -2057 38 209
1: 51984 48279 -6 209
4: -52288 -5929 19 209
2: -52668 1083 -77 209
1: 52877 3971 -26 209
2: -52877 3971 -18 209
3: 53086 -1805 44 209
2: -54549 21 -4180 209
3: 54758 -43681 -2 209
4: -54758 -43681 6 209
2: -54872 703 -121 209
4: -55176 -9 9766 209
1: 55176 15 -5795 209
1: 55176 231 -380 209
4: -55176 -3249 31 209
1: 55176 5415 -20 209
1: 55176 5775 -19 209
4: -55176 -5841 19 209
1: 55176 83391 -5 209
2: -55233 3 -29282 209
2: -55594 5 -17567 209
1: 55594 19 -4576 209
2: -55594 19 -4620 209
3: 55594 -23 3773 209
4: -55594 -107 825 209
3: 55594 -121 714 209
4: -55594 -121 730 209
1: 56316 713295 -4 209
4: -56316 -721281 4 209
4: -56386 -61 1444 209
4: -56628 -1653 57 209
3: 57038 -1 86878 209
4: -57038 -1 87846 209
2: -57684 15 -5852 209
3: 57684 -1089 76 209
1: 58482 741 -121 209
2: -58482 6897 -9 209
1: 58729 13 -6688 209
2: -59204 847 -100 209
2: -59508 131043 3 209
2: -59532 27 -3249 209
3: 59622 -131043 -3 209
1: 59774 11 -7904 209
2: -59774 11 -7980 209
2: -59774 115 -760 209
4: -59774 -275 323 209
2: -59774 1805 -45 209
3: 59926 -605 140 209
3: 60648 -6897 9 209
2: -60648 33759 1 209
2: -61864 7 -12540 209
2: -62909 5 -17556 209
4: -63327 -2541 38 209
4: -63536 -121 729 209
2: -63536 247 -352 209
2: -63536 5687 -12 209
4: -63536 -11609 11 209
2: -63954 3 -29260 209
3: 64372 -221293 -3 209
2: -64372 223459 3 209
1: 64999 1 -86944 209
2: -64999 1 -87780 209
3: 66044 -1 86944 209
4: -66044 -1 87780 209
4: -66253 -4693 22 209
3: 66462 -1083 77 209
4: -67089 -3 29260 209
3: 67507 -643 132 209
4: -68134 -5 17556 209
2: -68951 3487 -22 209
4: -69179 -7 12540 209
2: -69938 241 -361 209
2: -70422 9 -9747 209
1: 71148 243 -361 209
3: 71269 -11 7904 209
4: -71269 -11 7980 209
1: 71269 361 -244 209
2: -71269 361 -240 209
1: 71478 3 -28996 209
1: 71478 57 -1529 209
3: 71478 -82401 -2 209
2: -71478 83127 2 209
4: -71839 -29645 6 209
3: 72314 -13 6688 209
1: 72561 45 -1936 209
4: -73359 -15 5852 209
3: 73568 -361 238 209
4: -73568 -361 246 209
2: -73568 1111 -76 209
1: 73644 1023 -88 209
2: -74052 3 -29241 209
1: 75088 952391 -3 209
4: -75088 -960377 3 209
1: 75262 1 -87001 209
2: -75262 1 -87723 209
3: 75449 -19 4576 209
4: -75449 -19 4620 209
3: 76472 -1 87001 209
4: -76472 -1 87723 209
4: -76494 -21 4180 209
4: -77682 -3 29241 209
3: 77682 -107217 -2 209
1: 77976 39567 -5 209
3: 78166 -745 114 209
2: -78166 751 -114 209
1: 78166 1805 -51 209
3: 78698 -703 121 209
1: 78698 26983 -6 209
3: 79781 -847 100 209
3: 80142 -363 237 209
1: 80432 305767 -3 209
4: -80498 -305767 3 209
4: -81312 -9 9747 209
4: -82308 -741 121 209
1: 82764 3 -29013 209
4: -82764 -33 2660 209
1: 82764 1083 -83 209
4: -82764 -11913 10 209
4: -83391 -9 9746 209
1: 83391 159 -550 209
1: 83391 285 -308 209
3: 83391 -6897 10 209
4: -83809 -35 2508 209
2: -85557 158631 2 209
1: 86031 59565 -4 209
4: -86394 -59565 4 209
1: 87362 1 -87051 209
2: -87362 1 -87673 209
3: 87362 -1 87046 209
4: -87362 -1 87678 209
1: 87362 7 -12438 209
3: 87362 -7 12433 209
1: 87362 11 -7916 209
2: -87362 11 -7968 209
3: 87362 -11 7911 209
4: -87362 -11 7973 209
1: 87362 17 -5123 209
3: 87362 -17 5118 209
1: 87362 19 -4584 209
2: -87362 19 -4612 209
1: 87362 49 -1779 209
3: 87362 -49 1774 209
3: 87362 -77 1128 209
1: 87362 119 -734 209
3: 87362 -119 729 209
1: 87362 133 -657 209
3: 87362 -133 652 209
1: 87362 187 -468 209
3: 87362 -187 463 209
1: 87362 209 -419 209
2: -87362 209 -417 209
3: 87362 -209 414 209
4: -87362 -209 422 209
1: 87362 323 -272 209
3: 87362 -323 267 209
1: 87362 539 -164 209
3: 87362 -539 159 209
1: 87362 833 -107 209
3: 87362 -833 102 209
2: -87362 839 -102 209
4: -87362 -839 107 209
1: 87362 931 -96 209
3: 87362 -931 91 209
1: 87362 1309 -69 209
3: 87362 -1309 64 209
1: 87362 1463 -62 209
1: 87362 2261 -41 209
3: 87362 -2261 36 209
1: 87362 3553 -27 209
1: 87362 9163 -12 209
3: 87362 -9163 7 209
2: -87362 9229 -7 209
4: -87362 -9229 12 209
3: 87362 -10241 6 209
1: 87362 15827 -8 209
3: 87362 -15827 3 209
2: -87362 15941 -3 209
4: -87362 -15941 8 209
1: 87362 24871 -6 209
3: 87362 -24871 1 209
1: 87362 174097 -3 209
3: 87362 -174097 -2 209
2: -87362 175351 2 209
4: -87362 -175351 3 209
1: 88806 4455 -22 209
4: -89528 -10241 11 209
4: -89661 -7581 14 209
3: 91333 -1273 66 209
4: -92202 -27 3249 209
4: -94221 -1023 88 209
4: -94259 -55 1596 209
3: 94259 -10469 6 209
2: -95304 15 -5841 209
4: -95304 -57 1540 209
2: -95304 1815 -46 209
4: -95304 -6897 15 209
2: -95513 305767 2 209
2: -95711 6137 -12 209
1: 96558 33 -2641 209
3: 96558 -332481 -2 209
2: -96558 334647 2 209
2: -96748 6611 -11 209
2: -97284 70395 1 209
3: 98857 -253 342 209
1: 99462 3249 -29 209
1: 99636 15 -5808 209
3: 99704 -6137 12 209
2: -101277 559911 2 209
3: 102163 -8591 8 209
3: 103246 -197 440 209
1: 103246 2299 -40 209
2: -103246 2299 -36 209
3: 104253 -917301 -2 209
1: 105051 9 -9680 209
2: -105412 359 -242 209
4: -105754 -77 1140 209
4: -105754 -1595 57 209
1: 105754 3971 -24 209
2: -105754 3971 -20 209
4: -105754 -12635 9 209
2: -107217 147 -594 209
4: -107448 -3249 29 209
4: -108053 -22021 6 209
1: 108661 5 -17424 209
1: 108889 43681 -4 209
4: -109516 -43681 4 209
3: 110352 -29241 1 209
1: 110466 3 -29040 209
2: -110466 89661 1 209
1: 111188 19 -4587 209
2: -111188 19 -4609 209
3: 111188 -121 718 209
1: 112271 1 -87120 209
2: -112271 1 -87604 209
2: -112651 47 -1862 209
3: 112651 -3971 20 209
4: -112651 -3971 24 209
3: 114076 -1 87120 209
4: -114076 -1 87604 209
4: -115159 -95 924 209
3: 115159 -2299 36 209
4: -115159 -2299 40 209
3: 115881 -3 29040 209
4: -117128 -647273 2 209
3: 117249 -1119 76 209
2: -117249 1125 -76 209
3: 117686 -5 17424 209
1: 119548 11 -7923 209
2: -119548 11 -7961 209
2: -119548 11191 -6 209
4: -120384 -105 836 209
3: 121296 -9 9680 209
1: 121847 419843 -2 209
4: -121847 -422009 2 209
2: -122018 869 -99 209
4: -122892 -393129 2 209
4: -124872 -81 1083 209
3: 124906 -5203 15 209
3: 126711 -15 5808 209
2: -127072 23 -3806 209
2: -127072 121847 1 209
1: 127908 3 -29051 209
4: -128744 -65 1349 209
2: -129238 126929 1 209
1: 129998 1 -87153 209
2: -129998 1 -87571 209
2: -130922 4237 -19 209
4: -131043 -3 29192 209
3: 131043 -9 9682 209
2: -131043 33 -2652 209
4: -131043 -57 1538 209
1: 131043 99 -882 209
3: 131043 -171 508 209
2: -131043 627 -138 209
3: 131043 -1251 68 209
2: -131043 1257 -68 209
1: 131043 1881 -48 209
1: 131043 13761 -8 209
4: -131043 -13827 8 209
3: 131043 -23769 2 209
2: -131043 23883 -2 209
1: 131043 261459 -2 209
4: -131043 -262713 2 209
3: 132088 -1 87153 209
4: -132088 -1 87571 209
2: -132088 2527 -33 209
4: -132848 -245993 2 209
3: 134178 -3 29051 209
2: -135014 37 -2365 209
4: -135014 -133 660 209
4: -135014 -847 105 209
3: 135014 -1289 66 209
2: -135014 1295 -66 209
2: -135014 11495 -6 209
1: 135641 385 -228 209
1: 135641 19855 -6 209
1: 136458 9273 -11 209
1: 137522 1573 -57 209
1: 137902 16093 -7 209
3: 138908 -4237 19 209
4: -140068 -16093 7 209
3: 140239 -143 608 209
1: 140723 194579 -2 209
3: 142538 -11 7923 209
4: -142538 -11 7961 209
1: 142538 361 -243 209
2: -142538 361 -241 209
2: -142956 3 -29183 209
1: 142956 399 -220 209
3: 142956 -3705 22 209
1: 142956 4719 -20 209
3: 142956 -34485 1 209
3: 142956 -165165 -1 209
2: -142956 165891 1 209
1: 144837 1083 -82 209
3: 145882 -2527 33 209
3: 146927 -437 198 209
1: 146927 169763 -2 209
4: -146927 -170489 2 209
3: 147136 -361 240 209
4: -147136 -361 244 209
2: -147649 1925 -44 209
1: 148371 34485 -4 209
4: -149454 -34485 4 209
3: 150898 -19 4587 209
4: -150898 -19 4609 209
3: 150898 -25289 2 209
4: -151734 -165 532 209
3: 151734 -35739 1 209
4: -153307 -19133 6 209
3: 153786 -45 1936 209
1: 153912 4959 -19 209
2: -155914 218405 1 209
3: 156332 -1493 57 209
2: -156332 1499 -57 209
2: -158118 1089 -79 209
3: 158118 -3729 22 209
1: 158631 15 -5814 209
2: -160284 241395 1 209
4: -161348 -1573 57 209
4: -161898 -4959 19 209
2: -162811 847 -102 209
4: -162811 -4237 22 209
3: 163172 -869 99 209
1: 163647 131043 -2 209
3: 165528 -33 2641 209
2: -165528 759 -114 209
3: 165528 -11913 6 209
2: -165528 273999 1 209
1: 166782 3267 -28 209
4: -166782 -6897 14 209
2: -166782 282777 1 209
3: 168226 -1925 44 209
2: -170126 7 -12502 209
1: 170126 23465 -5 209
2: -170392 310607 1 209
3: 174724 -1 87204 209
4: -174724 -1 87520 209
4: -174724 -5 17505 209
1: 174724 11 -7929 209
2: -174724 11 -7955 209
1: 174724 19 -4591 209
2: -174724 19 -4605 209
4: -174724 -25 3502 209
2: -174724 55 -1590 209
2: -174724 67 -1305 209
2: -174724 95 -920 209
3: 174724 -209 416 209
4: -174724 -209 420 209
2: -174724 275 -317 209
2: -174724 335 -260 209
2: -174724 475 -183 209
4: -174724 -737 120 209
4: -174724 -1045 85 209
4: -174724 -1273 70 209
3: 174724 -1669 51 209
2: -174724 1675 -51 209
4: -174724 -3685 25 209
4: -174724 -5225 18 209
4: -174724 -6365 15 209
2: -174724 14003 -5 209
1: 174724 18359 -6 209
4: -174724 -18425 6 209
1: 174724 31711 -4 209
4: -174724 -31825 4 209
3: 174724 -348821 -1 209
2: -174724 350075 1 209
2: -177612 20691 -3 209
4: -177973 -4213 22 209
2: -178638 393129 1 209
3: 178752 -393129 -1 209
3: 179564 -39349 1 209
3: 179778 -20691 3 209
3: 181621 -1 87210 209
4: -181621 -1 87514 209
2: -182226 440781 1 209
2: -184756 480491 1 209
2: -185554 494285 1 209
4: -186219 -231 380 209
2: -186219 255 -342 209
2: -187792 536807 1 209
2: -188518 551969 1 209
4: -190608 -9 9724 209
3: 190608 -57 1529 209
2: -190608 600039 1 209
2: -190817 59 -1482 209
3: 193116 -9 9690 209
3: 193116 -666045 -1 209
2: -193116 668211 1 209
3: 194579 -247 352 209
2: -195382 742577 1 209
3: 195448 -742577 -1 209
4: -196383 -98553 2 209
2: -197714 5 -17499 209
2: -198924 893475 1 209
1: 199166 12635 -8 209
3: 199272 -1089 79 209
2: -199386 917301 1 209
3: 202521 -1935 44 209
2: -202521 1941 -44 209
4: -203159 -12635 8 209
1: 203243 94259 -2 209
4: -203604 -9801 10 209
3: 204611 -17 5130 209
1: 206492 2299 -39 209
2: -206492 2299 -37 209
1: 208658 241 -363 209
1: 211508 3971 -23 209
2: -211508 3971 -21 209
1: 213712 7 -12463 209
4: -214434 -285 308 209
2: -214434 363 -240 209
1: 217778 43681 -3 209
2: -217778 43681 -1 209
3: 219032 -43681 1 209
4: -219032 -43681 3 209
2: -220932 3 -29161 209
3: 221672 -241 361 209
3: 222376 -121 720 209
4: -222376 -121 724 209
1: 222376 1615 -55 209
4: -222882 -243 361 209
1: 224542 1 -87241 209
2: -224542 1 -87483 209
3: 225302 -3971 21 209
4: -225302 -3971 23 209
3: 228152 -1 87241 209
4: -228152 -1 87483 209
3: 230318 -2299 37 209
4: -230318 -2299 39 209
4: -231762 -3 29161 209
3: 234498 -2241 38 209
2: -234498 2247 -38 209
2: -237523 29963 -2 209
2: -237899 3025 -28 209
3: 238982 -7 12463 209
3: 239096 -457 190 209
1: 241362 917301 -1 209
4: -241428 -917301 1 209
3: 243694 -1507 57 209
1: 243694 840769 -1 209
4: -243694 -842935 1 209
1: 245993 2351 -38 209
4: -245993 -2357 38 209
4: -246202 -774763 1 209
2: -248292 39 -2242 209
4: -248292 -726693 1 209
4: -249018 -711531 1 209
4: -250173 -51 1716 209
4: -250173 -17061 6 209
4: -250591 -49 1786 209
4: -251256 -669009 1 209
4: -252054 -655215 1 209
4: -254584 -615505 1 209
3: 255189 -3249 26 209
1: 258058 567853 -1 209
4: -258172 -567853 1 209
3: 258476 -3025 28 209
3: 259787 -191 456 209
4: -259787 -75449 2 209
3: 262086 -3 29085 209
1: 262086 15 -5818 209
1: 262086 33 -2645 209
3: 262086 -57 1530 209
2: -262086 81 -1079 209
1: 262086 285 -307 209
1: 262086 501 -175 209
1: 262086 627 -140 209
2: -262086 1539 -56 209
3: 262086 -2505 34 209
2: -262086 2511 -34 209
3: 262086 -3135 27 209
3: 262086 -5511 15 209
1: 262086 9519 -10 209
4: -262086 -16929 6 209
1: 262086 27555 -4 209
4: -262086 -27621 4 209
3: 262086 -47595 1 209
2: -262086 47709 -1 209
1: 262086 523545 -1 209
4: -262086 -524799 1 209
4: -266418 -485331 1 209
4: -266684 -385 228 209
3: 270028 -2581 33 209
2: -270028 2587 -33 209
4: -270028 -457501 1 209
4: -271282 -448723 1 209
2: -273999 15 -5830 209
4: -273999 -399 220 209
3: 276298 -139 627 209
4: -276526 -181 484 209
4: -276526 -416119 1 209
2: -278179 2255 -38 209
4: -280896 -393129 1 209
1: 281941 665 -132 209
4: -285912 -249 352 209
2: -289674 1083 -80 209
1: 289674 2343 -38 209
2: -291126 18411 -4 209
1: 293854 339889 -1 209
4: -293854 -340615 1 209
3: 294272 -361 241 209
4: -294272 -361 243 209
3: 295119 -18411 4 209
1: 297464 3751 -24 209
2: -304722 417 -209 209
1: 305767 19 -4594 209
2: -305767 19 -4602 209
3: 305767 -37 2358 209
3: 305767 -79 1104 209
2: -305767 551 -158 209
2: -305767 1111 -78 209
1: 305767 7733 -12 209
1: 305767 16511 -6 209
3: 305767 -32153 2 209
2: -305767 32219 -2 209
1: 306812 419 -209 209
4: -307572 -301653 1 209
1: 309738 63 -1386 209
2: -309738 1311 -66 209
3: 309738 -51183 1 209
4: -309738 -296571 1 209
3: 313709 -1 87274 209
4: -313709 -1 87450 209
4: -318041 -3751 24 209
2: -321651 6897 -12 209
1: 324159 11913 -8 209
4: -326344 -264385 1 209
1: 329362 10469 -9 209
4: -331056 -11913 8 209
1: 332481 16335 -6 209
3: 333564 -6897 12 209
2: -337174 4235 -20 209
4: -337348 -10469 9 209
4: -339526 -245119 1 209
3: 340062 -33033 2 209
1: 341506 5 -17457 209
3: 349448 -1 87283 209
4: -349448 -1 87441 209
1: 349448 143 -611 209
3: 349448 -209 417 209
4: -349448 -209 419 209
1: 349448 247 -354 209
3: 349448 -257 339 209
1: 349448 36751 -3 209
4: -349448 -36817 3 209
3: 349448 -53713 1 209
1: 349448 63479 -2 209
4: -349448 -63593 2 209
2: -351747 3 -29146 209
3: 353419 -13189 6 209
3: 357751 -4235 20 209
3: 363242 -1 87286 209
4: -363242 -1 87438 209
2: -363242 2527 -34 209
3: 363242 -54511 1 209
3: 365541 -1083 80 209
4: -369303 -62073 2 209
4: -373274 -25 3498 209
4: -376162 -208483 1 209
4: -385187 -16093 6 209
1: 393129 3 -29098 209
4: -393129 -33 2650 209
1: 393129 57 -1532 209
3: 393129 -537 162 209
4: -393129 -627 140 209
2: -393129 8283 -10 209
3: 393129 -10203 8 209
4: -395428 -195301 1 209
4: -397727 -13 6726 209
3: 400026 -153 570 209
3: 405042 -3873 22 209
2: -405042 3879 -22 209
3: 405764 -56749 1 209
2: -407208 2607 -33 209
2: -410058 7581 -11 209
3: 412262 -103 847 209
4: -412984 -665 132 209
2: -412984 791 -110 209
2: -413402 4477 -19 209
3: 420926 -23 3795 209
1: 420926 19481 -5 209
3: 420926 -57475 1 209
3: 423852 -7581 11 209
1: 424897 4063 -22 209
4: -424897 -4069 22 209
4: -427614 -178695 1 209
1: 428868 363 -241 209
2: -428868 13431 -6 209
4: -432696 -176529 1 209
2: -432839 605 -144 209
1: 436392 4719 -19 209
3: 437228 -4477 19 209
3: 440781 -363 240 209
3: 444752 -121 721 209
4: -444752 -121 723 209
3: 448362 -2607 33 209
1: 449768 8303 -11 209
1: 455928 57399 -2 209
4: -460218 -4719 19 209
2: -460636 7619 -11 209
4: -463562 -8303 11 209
3: 468996 -4485 19 209
2: -468996 4491 -19 209
3: 468996 -59565 1 209
1: 470932 162811 -1 209
4: -471658 -162811 1 209
1: 480491 1045 -84 209
1: 488433 27 -3234 209
2: -489687 35739 -2 209
1: 491986 4705 -19 209
4: -491986 -4711 19 209
3: 492404 -2057 42 209
2: -492404 3895 -22 209
1: 500346 8265 -11 209
2: -508079 1805 -48 209
1: 512259 4047 -22 209
4: -524172 -21 4163 209
4: -524172 -57 1534 209
1: 524172 171 -511 209
2: -524172 231 -378 209
2: -524172 627 -139 209
3: 524172 -1881 46 209
3: 524172 -5013 17 209
2: -524172 5019 -17 209
2: -524172 13623 -6 209
1: 524172 55143 -2 209
4: -524172 -55209 2 209
4: -524172 -149853 1 209
2: -535002 62073 -1 209
3: 537168 -62073 1 209
1: 537966 1155 -76 209
1: 540056 11495 -8 209
2: -542564 19855 -4 209
4: -547162 -145483 1 209
3: 549461 -19855 4 209
4: -551969 -11495 8 209
4: -558467 -54329 2 209
3: 566048 -13673 6 209
3: 566808 -417 209 209
1: 567853 11 -7938 209
2: -567853 11 -7946 209
4: -568898 -419 209 209
2: -577049 25 -3496 209
1: 579348 1083 -81 209
4: -579766 -140239 1 209
3: 583946 -1805 48 209
1: 587708 7 -12474 209
3: 587708 -9317 9 209
2: -588544 23 -3800 209
4: -588544 -138985 1 209
2: -602338 73 -1197 209
1: 607563 3 -29106 209
2: -611534 5 -17481 209
1: 611534 19 -4596 209
2: -611534 19 -4600 209
4: -611534 -1045 84 209
4: -611534 -1171 75 209
3: 611534 -64339 1 209
2: -611534 64405 -1 209
4: -616374 -135375 1 209
3: 627418 -1 87318 209
4: -627418 -1 87406 209
3: 627627 -2277 38 209
4: -639122 -2321 38 209
3: 643302 -879 99 209
1: 643302 6897 -13 209
2: -648318 11913 -7 209
4: -652916 -329 266 209
1: 654588 131043 -1 209
4: -655842 -131043 1 209
3: 659186 -605 144 209
4: -661352 -241 363 209
3: 662112 -11913 7 209
3: 667128 -9 9702 209
4: -667128 -6897 13 209
4: -669009 -1155 76 209
2: -691999 5 -17480 209
4: -691999 -9025 10 209
1: 698896 7 -12475 209
1: 698896 55 -1588 209
3: 698896 -665 131 209
3: 698896 -1337 65 209
1: 698896 1463 -60 209
3: 698896 -10505 8 209
1: 698896 127015 -1 209
4: -698896 -127129 1 209
1: 703494 3 -29108 209
1: 708092 51623 -2 209
1: 714989 1 -87324 209
2: -714989 1 -87400 209
2: -717288 63 -1387 209
3: 726484 -1 87324 209
4: -726484 -1 87400 209
3: 726693 -21 4158 209
4: -731082 -1083 81 209
3: 737979 -3 29108 209
3: 742577 -7103 12 209
2: -742577 7109 -12 209
4: -746548 -123541 1 209
4: -749474 -5 17480 209
1: 762432 663 -132 209
3: 762432 -67881 1 209
4: -766403 -29 3014 209
2: -786258 3 -29132 209
3: 786258 -33 2646 209
2: -786258 57 -1533 209
4: -786258 -429 204 209
3: 786258 -627 139 209
3: 786258 -3597 24 209
4: -786258 -6369 14 209
3: 786258 -68343 1 209
4: -786258 -121011 1 209
4: -800052 -120213 1 209
1: 810084 3267 -27 209
3: 810084 -7749 11 209
3: 829939 -19 4596 209
4: -829939 -19 4600 209
4: -829939 -1463 60 209
2: -829939 4313 -20 209
4: -842574 -117975 1 209
1: 843733 1153 -76 209
4: -849794 -8135 11 209
4: -852929 -23 3800 209
4: -857736 -117249 1 209
4: -864424 -25 3496 209
3: 865678 -49 1782 209
1: 865678 169 -517 209
4: -869022 -177 494 209
2: -869649 1089 -80 209
4: -881562 -363 241 209
3: 885894 -70059 1 209
4: -905806 -115159 1 209
1: 912969 11253 -8 209
2: -917301 33 -2648 209
3: 917301 -513 170 209
1: 917301 1755 -50 209
1: 917301 7425 -12 209
2: -925243 39083 -2 209
4: -933546 -11253 8 209
3: 947188 -6137 14 209
1: 960982 319 -274 209
4: -968924 -265 330 209
3: 968924 -71269 1 209
1: 971812 112651 -1 209
4: -973978 -112651 1 209
1: 976866 1995 -44 209
2: -976866 20691 -4 209
3: 988779 -20691 4 209
1: 996072 31407 -3 209
