Command line:- ../do_t 382109 1000000
1: 988 228599 876603 382109
2: -2261 229957 -298792 382109
2: -4046 229957 -727207 382109
2: -5491 229957 -870012 382109
1: 9386 223685 634933 382109
2: -9386 231133 -634933 382109
1: 12138 227409 -793117 382109
1: 12138 227643 -854126 382109
1: 15379 225131 -425334 382109
2: -16473 239343 645918 382109
1: 19773 224553 -525616 382109
2: -21294 237405 -54587 382109
1: 22253 220571 -30758 382109
2: -22344 236691 -208715 382109
1: 24206 214795 672282 382109
2: -24276 239343 46137 382109
2: -25181 245119 683774 382109
2: -28322 247247 693576 382109
1: 28561 214795 362474 382109
1: 30056 214795 276822 382109
2: -30056 232883 -876603 382109
2: -31654 235079 -671840 382109
2: -31654 244205 215137 382109
1: 34476 212415 305045 382109
2: -36414 237405 -542659 382109
2: -37349 240737 -281580 382109
2: -40586 258077 876603 382109
1: 42483 202293 847704 382109
2: -42483 239343 -496522 382109
1: 42959 215137 -241332 382109
2: -42959 239473 -495040 382109
2: -42959 244205 -156156 382109
2: -43928 261443 928473 382109
1: 44764 199927 932603 382109
1: 45486 214149 -230685 382109
1: 45486 219765 -634933 382109
1: 47396 224903 -999635 382109
2: -47481 236691 -751374 382109
2: -47481 257049 525844 382109
1: 48412 199927 752267 382109
1: 48412 219127 -634933 382109
2: -48412 259559 634933 382109
1: 48841 199927 732830 382109
1: 48841 214795 -352534 382109
1: 49096 206635 215306 382109
1: 49096 208715 64974 382109
1: 49419 218127 -584402 382109
1: 51376 214795 -402220 382109
1: 51646 199927 613700 382109
1: 52598 217379 -584402 382109
2: -52598 261307 584402 382109
1: 52649 194579 971074 382109
1: 53067 202293 390728 382109
1: 53067 205479 171366 382109
1: 53067 223839 -971074 382109
1: 54587 199927 501942 382109
2: -54663 257049 307496 382109
1: 55233 214149 -430612 382109
2: -55594 269059 856830 382109
1: 56644 199927 430673 382109
2: -56644 234403 -963300 382109
2: -56644 261443 469300 382109
2: -56644 272935 992199 382109
1: 57122 205751 41344 382109
2: -57122 269059 804878 382109
1: 57722 199927 395352 382109
2: -60333 257049 171836 382109
1: 61009 199927 295358 382109
2: -61009 269059 684450 382109
1: 61516 208715 -230622 382109
2: -61516 269059 669864 382109
2: -62699 236113 -899080 382109
2: -63206 269059 622934 382109
1: 63308 199927 231591 382109
1: 63574 213109 -499681 382109
1: 64736 208715 -288743 382109
1: 64974 189873 793117 382109
2: -64974 238425 -793117 382109
1: 65702 189601 784329 382109
2: -65702 238697 -784329 382109
2: -65702 269059 558038 382109
2: -65892 239343 -753571 382109
2: -66759 276165 799708 382109
2: -67507 269059 514098 382109
1: 67626 189525 722813 382109
2: -68068 269059 500916 382109
1: 68306 192185 542659 382109
1: 70756 199927 53465 382109
1: 70756 208715 -383214 382109
2: -70756 261443 152932 382109
1: 71383 199087 83486 382109
1: 71383 199927 40166 382109
2: -71383 255731 -83486 382109
1: 72471 217503 -797810 382109
2: -72618 257049 -49419 382109
1: 72828 183027 936936 382109
2: -72828 254163 -166972 382109
2: -73644 236691 -922740 382109
2: -74698 269059 360126 382109
1: 74851 186745 657020 382109
2: -74919 265335 224094 382109
1: 75088 220507 -938119 382109
2: -76874 249067 -417430 382109
2: -76874 252655 -276640 382109
2: -76874 270725 375687 382109
1: 78988 199927 -104329 382109
1: 79781 192185 246064 382109
1: 79781 199927 -117810 382109
1: 79781 218785 -896376 382109
2: -79781 269059 268034 382109
2: -79781 289541 896376 382109
2: -80444 269059 256880 382109
2: -80864 289835 879138 382109
2: -83356 288439 784329 382109
1: 83486 186745 427329 382109
1: 83486 214795 -770406 382109
2: -83486 261443 -40698 382109
2: -84474 237405 -933725 382109
2: -84966 264537 41743 382109
1: 85683 202293 -307496 382109
2: -85683 239343 -861322 382109
2: -85683 259233 -141512 382109
1: 85918 184093 498719 382109
2: -85918 269059 171366 382109
2: -85918 291023 799708 382109
1: 87856 214795 -799708 382109
1: 89063 199927 -257754 382109
1: 90168 214179 -793117 382109
2: -90168 294147 793117 382109
2: -90307 289289 667888 382109
2: -92274 276165 286195 382109
2: -96668 269059 31616 382109
1: 97682 199927 -363888 382109
2: -97682 300713 804609 382109
2: -98294 305045 887757 382109
1: 98553 177327 522886 382109
2: -99127 292201 586872 382109
1: 99541 199927 -384370 382109
2: -103246 269059 -39546 382109
1: 103292 199927 -423453 382109
1: 103607 190463 -97682 382109
2: -104104 269059 -48165 382109
1: 104329 199927 -433762 382109
1: 104329 205751 -619554 382109
2: -104329 261443 -255710 382109
2: -104329 272935 49686 382109
2: -104329 292201 507780 382109
1: 105196 194579 -263640 382109
1: 105196 195415 -292201 382109
2: -105196 283271 292201 382109
1: 106134 163761 968201 382109
2: -106134 247095 -685464 382109
2: -106134 264537 -186745 382109
2: -107653 261443 -282302 382109
1: 109174 199927 -479332 382109
1: 109242 198237 -427063 382109
2: -111188 269059 -114244 382109
1: 112632 181203 107653 382109
1: 113288 169507 549081 382109
2: -113288 238459 -976144 382109
2: -113288 240331 -918346 382109
2: -113288 261443 -323817 382109
1: 114244 205751 -688959 382109
2: -114244 269059 -140220 382109
2: -114244 272935 -47481 382109
2: -115311 239343 -953498 382109
1: 115444 199927 -532627 382109
1: 116467 199927 -540778 382109
2: -117686 244783 -799708 382109
2: -117936 312987 722813 382109
1: 118638 176529 184093 382109
1: 121296 188955 -261443 382109
1: 122018 199927 -582624 382109
2: -122018 269059 -200434 382109
2: -123032 269059 -207727 382109
2: -123823 292201 270504 382109
2: -125229 265335 -308074 382109
2: -126126 318801 709631 382109
2: -126412 269059 -231192 382109
1: 126616 173563 167960 382109
1: 127449 183027 -148382 382109
1: 127449 202521 -685464 382109
2: -127449 240825 -937612 382109
2: -127908 322959 751621 382109
1: 130169 199927 -637602 382109
2: -131138 334373 876603 382109
2: -131404 269059 -263640 382109
2: -131614 330733 818805 382109
1: 132496 214795 -988312 382109
1: 133042 205409 -784329 382109
2: -133042 329593 784329 382109
2: -133399 305045 402220 382109
2: -134946 312987 514098 382109
2: -135014 269059 -285610 382109
2: -135541 263891 -399854 382109
2: -136591 300713 298792 382109
2: -138411 322959 625974 382109
1: 138719 176579 -83486 382109
2: -139587 317889 539448 382109
2: -140049 312987 461370 382109
1: 140777 199927 -699618 382109
2: -141512 261443 -482001 382109
2: -141512 314171 464712 382109
2: -141512 315571 485537 382109
2: -141512 323323 597584 382109
1: 142766 170765 41743 382109
1: 142766 199927 -710220 382109
2: -142766 284053 -41743 382109
2: -142766 300713 243867 382109
2: -142766 314171 452466 382109
2: -143208 312987 430612 382109
1: 144039 148257 799708 382109
1: 144092 194579 -597584 382109
2: -144704 279019 -146965 382109
1: 145483 199927 -724234 382109
1: 146523 165699 149058 382109
2: -147199 350455 881790 382109
2: -149058 280497 -146523 382109
1: 149396 208715 -917966 382109
2: -149396 269059 -362596 382109
2: -149454 357357 933725 382109
1: 149702 159809 292201 382109
1: 152201 142805 859180 382109
2: -154973 355759 854126 382109
1: 155771 141151 856830 382109
1: 155771 198835 -751374 382109
1: 157339 199927 -779722 382109
2: -157339 371293 988380 382109
1: 157794 193857 -661297 382109
1: 159198 139587 854126 382109
1: 159201 146523 596570 382109
1: 159201 164775 22542 382109
1: 159201 210405 -976820 382109
1: 159562 183407 -448188 382109
1: 159562 199927 -789208 382109
2: -159562 269059 -408642 382109
2: -159562 324919 448188 382109
2: -159817 300713 114244 382109
2: -159936 295659 37349 382109
2: -160888 269059 -414219 382109
2: -161364 265335 -485537 382109
1: 162792 146523 539448 382109
1: 162792 183027 -462553 382109
1: 165053 184093 -500916 382109
2: -165308 368543 876603 382109
2: -165699 281775 -215306 382109
1: 166972 141151 660569 382109
1: 166972 155771 188214 382109
1: 166972 194579 -721344 382109
2: -166972 261443 -578816 382109
2: -169169 269059 -447070 382109
1: 169932 165699 -114244 382109
1: 170183 209083 -982566 382109
2: -170183 385679 982566 382109
1: 170221 199927 -831250 382109
2: -171197 325703 366054 382109
1: 171366 163761 -79135 382109
1: 171366 181545 -488699 382109
2: -171366 250173 -811223 382109
2: -171366 264537 -535857 382109
2: -171366 289161 -127449 382109
2: -171366 317889 269059 382109
2: -171366 371943 849072 382109
2: -171366 386631 978656 382109
1: 171836 155987 123760 382109
1: 171836 157339 86190 382109
1: 171836 208715 -980798 382109
2: -171836 269059 -456976 382109
2: -172368 312987 199927 382109
2: -173563 300713 28288 382109
1: 176596 145483 373490 382109
2: -177957 312987 164346 382109
1: 178126 199927 -859180 382109
1: 178752 138411 571064 382109
1: 180336 142443 417430 382109
1: 181146 169065 -292201 382109
1: 183027 202419 -913614 382109
2: -183027 392343 913614 382109
2: -183456 261003 -634933 382109
1: 184093 162469 -166972 382109
1: 184093 181583 -566826 382109
1: 184093 199927 -878674 382109
2: -184093 314171 142234 382109
2: -184093 316217 166972 382109
2: -184093 353419 566826 382109
1: 184548 142443 361114 382109
2: -184548 332367 348517 382109
2: -186914 300713 -43095 382109
1: 189924 122379 971074 382109
2: -189924 243675 -971074 382109
1: 190247 199927 -897498 382109
1: 192423 204687 -971074 382109
2: -192774 394485 845845 382109
2: -193336 269059 -526851 382109
1: 195364 199927 -912247 382109
1: 197106 140505 261443 382109
2: -197106 287793 -261443 382109
1: 197676 164775 -326781 382109
1: 197676 183027 -662480 382109
2: -197676 322959 167219 382109
2: -197676 325983 199927 382109
2: -198254 292201 -206245 382109
1: 198744 204459 -982566 382109
2: -198744 421515 982566 382109
1: 199082 199927 -922488 382109
2: -199563 360639 522886 382109
1: 199927 139451 257754 382109
1: 199927 140777 220932 382109
1: 199927 155857 -153748 382109
1: 199927 157339 -186694 382109
1: 199927 182359 -662074 382109
1: 199927 184093 -690232 382109
1: 199927 203813 -976752 382109
2: -199927 269059 -545262 382109
2: -199927 288847 -257754 382109
2: -199927 300713 -103496 382109
2: -199927 322829 153748 382109
2: -199927 377723 662074 382109
2: -199927 422161 976752 382109
2: -202124 395675 781014 382109
1: 202293 202521 -965328 382109
2: -202293 423453 965328 382109
1: 202958 116603 971074 382109
2: -203167 299299 -134862 382109
1: 204321 127449 563160 382109
1: 204687 125229 631176 382109
1: 205751 142805 103360 382109
1: 205751 199927 -939930 382109
2: -206388 312987 13182 382109
2: -206492 269059 -562432 382109
1: 206682 128877 485537 382109
1: 208658 118807 794976 382109
1: 208658 134017 307671 382109
1: 208658 137921 199927 382109
1: 208658 140777 124891 382109
1: 208658 155363 -215306 382109
1: 208658 157339 -256542 382109
1: 208658 175253 -587951 382109
1: 208658 195871 -894348 382109
1: 208658 199927 -947184 382109
2: -208658 261443 -686322 382109
2: -208658 292201 -245791 382109
2: -208658 295919 -198744 382109
2: -208658 330733 190463 382109
2: -208658 382109 635271 382109
2: -208658 389207 687492 382109
2: -208658 432497 968877 382109
2: -212268 390507 672282 382109
2: -214149 265335 -637130 382109
2: -214149 428415 903070 382109
1: 215306 111265 971451 382109
1: 215306 120835 625974 382109
1: 215306 124355 512278 382109
1: 215306 138985 101439 382109
1: 215306 169169 -521645 382109
1: 215306 174845 -614783 382109
1: 215306 186745 -791673 382109
1: 215306 192185 -865241 382109
1: 215306 195415 -906984 382109
2: -215306 261443 -699618 382109
2: -215306 263891 -661674 382109
2: -215306 385237 614783 382109
2: -215306 430559 906984 382109
2: -219024 312987 -41405 382109
1: 219849 167739 -522886 382109
2: -221221 269059 -597246 382109
2: -221578 341887 231192 382109
1: 222573 159201 -390728 382109
1: 223587 190893 -873392 382109
2: -223587 435081 873392 382109
2: -223839 322959 41990 382109
2: -224094 265335 -657696 382109
1: 225264 142443 -74698 382109
1: 228319 155771 -366054 382109
1: 228488 157339 -395352 382109
2: -228488 269059 -612769 382109
2: -228488 309491 -115311 382109
2: -228874 425425 784329 382109
1: 229177 174097 -667888 382109
1: 229957 114733 623948 382109
1: 229957 128231 224094 382109
1: 229957 199927 -994738 382109
2: -229957 268481 -623948 382109
2: -229957 300067 -224094 382109
1: 230146 104329 999635 382109
1: 230622 109383 799708 382109
1: 230622 193011 -918346 382109
2: -230622 256671 -799708 382109
2: -230622 257049 -793877 382109
2: -230622 452907 918346 382109
2: -235144 314171 -90440 382109
1: 235586 192185 -921557 382109
2: -238714 305045 -197561 382109
1: 238849 104329 861224 382109
1: 239343 148029 -298792 382109
2: -239343 257049 -806344 382109
2: -239343 345933 184548 382109
2: -239343 360297 298792 382109
1: 240006 113715 522886 382109
1: 241332 181203 -809172 382109
2: -241332 444771 809172 382109
1: 241604 186823 -876603 382109
2: -241604 427063 715715 382109
2: -241604 459095 876603 382109
2: -242592 269451 -634933 382109
2: -244036 269059 -642876 382109
2: -245024 252875 -876603 382109
1: 245518 109531 584402 382109
2: -245518 273683 -584402 382109
1: 246064 173563 -730303 382109
2: -246064 447355 793611 382109
1: 247646 146965 -336141 382109
2: -247646 292201 -364429 382109
2: -247646 341887 116948 382109
1: 250458 112047 443156 382109
1: 250458 128877 4641 382109
1: 250458 167433 -667641 382109
2: -250614 312987 -153790 382109
2: -250852 454499 799708 382109
1: 250971 124215 109174 382109
2: -252824 269059 -658255 382109
1: 253061 95795 971074 382109
2: -253232 447083 751374 382109
2: -253422 270921 -634933 382109
2: -253669 300713 -287300 382109
1: 255528 173451 -764218 382109
2: -255528 452523 764218 382109
1: 257049 115311 274246 382109
1: 257049 134589 -171836 382109
1: 257049 146523 -389158 382109
1: 257049 183027 -877982 382109
2: -257049 261345 -768740 382109
2: -257049 440895 700910 382109
1: 257222 104329 599781 382109
2: -257686 260281 -784329 382109
1: 257754 108927 448188 382109
1: 257754 127449 -28561 382109
1: 257754 177723 -821678 382109
2: -257754 428415 634984 382109
2: -257754 468195 821678 382109
2: -258132 462111 793117 382109
2: -260091 312987 -182182 382109
1: 261003 101439 645918 382109
1: 261443 104329 544908 382109
1: 261443 107653 441864 382109
1: 261443 170221 -746928 382109
2: -261443 269059 -672334 382109
2: -261443 455753 746928 382109
2: -261807 257049 -834632 382109
2: -262808 269059 -674479 382109
2: -263568 422331 574769 382109
2: -263809 485537 859180 382109
2: -265506 257049 -838831 382109
2: -268034 292315 -411502 382109
1: 269059 97109 685464 382109
2: -269059 261443 -782990 382109
2: -269059 268945 -685464 382109
2: -269059 305045 -283244 382109
2: -269059 327353 -79040 382109
2: -269059 376523 285610 382109
2: -269059 398905 421824 382109
2: -269059 427063 572910 382109
2: -269059 428077 577980 382109
2: -269059 485537 830680 382109
1: 269724 165699 -723996 382109
2: -269724 265335 -732615 382109
2: -269724 428415 576555 382109
2: -269724 460275 723996 382109
1: 270028 170807 -784329 382109
2: -270028 269059 -685464 382109
2: -270028 475111 784329 382109
2: -271082 500669 876603 382109
2: -273182 300713 -336141 382109
2: -273224 384475 319124 382109
1: 273462 151593 -558467 382109
2: -276284 455455 671099 382109
1: 276822 161823 -705432 382109
2: -276822 464151 705432 382109
1: 279174 177957 -886977 382109
1: 280041 112047 121030 382109
1: 281554 104329 306059 382109
1: 281554 159239 -693576 382109
2: -281554 466735 693576 382109
2: -281554 542659 959310 382109
2: -282302 499681 815087 382109
1: 282492 85683 922488 382109
2: -283024 252875 -913952 382109
2: -283024 384475 281775 382109
2: -283024 386971 296595 382109
2: -283024 524875 896376 382109
2: -284102 485537 754851 382109
1: 284427 187131 -982566 382109
2: -284427 555807 982566 382109
1: 284886 183027 -948090 382109
2: -286273 542659 934626 382109
2: -288078 375687 210392 382109
2: -288652 542659 922488 382109
1: 292201 88445 676260 382109
1: 292201 104329 192920 382109
1: 292201 107653 109820 382109
1: 292201 153425 -668304 382109
1: 292201 186745 -994840 382109
2: -292201 410839 393414 382109
1: 293046 128877 -325325 382109
2: -293046 257049 -866761 382109
2: -293046 561393 953667 382109
1: 294196 131495 -375687 382109
1: 294576 81627 904995 382109
2: -294576 382347 228488 382109
2: -296803 300713 -386672 382109
1: 298116 150195 -655044 382109
2: -298116 475779 655044 382109
1: 298452 154791 -709631 382109
2: -298452 491127 709631 382109
2: -298792 269059 -723957 382109
2: -300713 499681 729404 382109
2: -300713 542659 863906 382109
2: -300979 521645 799708 382109
2: -301644 312987 -285610 382109
2: -303563 463267 584402 382109
1: 307496 84835 599781 382109
1: 307496 103259 69160 382109
2: -307496 281219 -599781 382109
2: -307496 336091 -114244 382109
2: -308294 542659 829430 382109
1: 309946 128605 -427063 382109
2: -309946 431477 427063 382109
2: -310856 542659 818159 382109
2: -311542 427063 401544 382109
1: 311831 79135 751374 382109
1: 312987 78939 742586 382109
1: 312987 97461 158184 382109
1: 312987 142443 -628342 382109
1: 312987 146601 -676676 382109
1: 312987 180999 -991354 382109
2: -312987 267189 -761852 382109
2: -312987 268863 -742586 382109
2: -312987 306033 -369096 382109
2: -312987 388869 206388 382109
2: -312987 390507 215306 382109
2: -312987 422331 374842 382109
2: -312987 499317 676676 382109
2: -312987 568347 877786 382109
2: -312987 617253 993044 382109
1: 314171 140777 -613700 382109
2: -314171 269059 -741646 382109
2: -314171 427063 392462 382109
1: 314678 104329 -20787 382109
1: 314678 141151 -620568 382109
2: -314678 484823 620568 382109
2: -314678 485537 623067 382109
1: 314874 98553 112047 382109
2: -317044 263891 -804440 382109
2: -317611 314171 -308294 382109
1: 318402 85683 434078 382109
1: 319124 112651 -224094 382109
1: 319124 155771 -795314 382109
2: -319124 466735 538265 382109
2: -319124 542659 783020 382109
2: -319634 300713 -428415 382109
2: -320112 312987 -322959 382109
1: 321776 137275 -606879 382109
2: -321776 488699 606879 382109
1: 322959 136629 -604656 382109
1: 322959 138411 -625974 382109
2: -322959 489345 604656 382109
2: -322959 576555 855114 382109
2: -322959 612969 938600 382109
2: -322959 626145 966416 382109
2: -323456 311467 -341887 382109
2: -323969 305045 -397488 382109
1: 326846 104329 -124215 382109
2: -326859 386631 153790 382109
1: 327522 127449 -510549 382109
1: 327522 159201 -853281 382109
2: -327522 467313 510549 382109
2: -327522 583737 853281 382109
2: -328643 634933 959348 382109
2: -331398 472017 514267 382109
2: -333944 261443 -847875 382109
2: -335699 521645 659100 382109
1: 336141 153615 -831402 382109
2: -336141 589323 831402 382109
2: -337263 477603 514098 382109
1: 337896 85683 212415 382109
1: 338247 85683 208658 382109
2: -338338 269059 -766194 382109
2: -338338 411179 244426 382109
1: 339864 74499 542659 382109
1: 339864 88179 125229 382109
2: -339864 284427 -610090 382109
2: -339864 291555 -542659 382109
2: -339864 295659 -505310 382109
2: -339864 607563 856830 382109
2: -339864 612963 868205 382109
1: 340366 120785 -491283 382109
2: -340366 473977 491283 382109
1: 341887 141151 -735826 382109
2: -341887 371293 30324 382109
1: 342732 101439 -194579 382109
1: 342732 126711 -580601 382109
2: -342732 422331 282302 382109
1: 343026 85683 158270 382109
2: -343672 269059 -771147 382109
2: -343672 542659 688653 382109
2: -345933 322959 -291954 382109
2: -346086 599781 816221 382109
2: -347126 300713 -471393 382109
2: -347282 410669 217503 382109
2: -348194 427063 287300 382109
2: -348194 612391 834860 382109
2: -349809 544635 672282 382109
2: -350506 542659 664734 382109
2: -352002 629187 854126 382109
2: -355946 486913 485537 382109
2: -357884 730303 999635 382109
2: -358112 488971 485537 382109
1: 358956 92055 -140777 382109
1: 359632 116603 -542997 382109
2: -359632 509371 542997 382109
1: 360094 79781 138411 382109
1: 360724 123823 -634933 382109
2: -361361 269059 -786526 382109
2: -361998 510663 539448 382109
2: -362117 459173 373464 382109
1: 362406 118755 -584402 382109
2: -362406 527163 584402 382109
1: 363888 146523 -860041 382109
2: -364854 732615 976144 382109
1: 366054 107457 -456807 382109
2: -366054 345933 -171535 382109
2: -366054 712215 942344 382109
2: -366282 312987 -399854 382109
1: 367897 63427 584402 382109
1: 367913 125267 -683774 382109
2: -367913 574351 683774 382109
1: 368186 85595 -83486 382109
1: 368186 95665 -283413 382109
1: 368186 119833 -626145 382109
1: 368186 142805 -844379 382109
2: -368186 393091 83486 382109
2: -368186 439337 283413 382109
2: -368186 485537 445113 382109
2: -368186 542659 606974 382109
2: -368866 624169 784329 382109
1: 369096 111435 -529074 382109
2: -369096 382347 28158 382109
2: -369096 477603 417027 382109
2: -369096 514539 529074 382109
1: 369631 142805 -849072 382109
2: -369733 291023 -584402 382109
2: -370617 345933 -179816 382109
2: -374357 542659 588098 382109
1: 375687 102459 -445094 382109
2: -375687 322959 -340442 382109
2: -375687 492303 445094 382109
2: -376884 552279 604175 382109
2: -377434 538265 567853 382109
2: -377468 542659 578816 382109
1: 379848 61731 485537 382109
1: 379848 138411 -848198 382109
2: -379848 304323 -485537 382109
2: -380494 786695 988312 382109
2: -380646 297381 -542659 382109
2: -381577 775523 971074 382109
1: 382109 104329 -511056 382109
2: -382109 521645 511056 382109
2: -383292 312987 -423514 382109
2: -384104 356915 -138411 382109
1: 384306 82365 -157339 382109
2: -385567 485537 397936 382109
2: -386512 596011 672282 382109
1: 386631 85683 -243950 382109
1: 386631 153615 -971074 382109
2: -386631 552279 575614 382109
2: -386631 790419 971074 382109
2: -389011 736801 896376 382109
2: -389158 583219 637806 382109
2: -389158 709631 858364 382109
1: 389298 127449 -793117 382109
1: 389844 85683 -270028 382109
2: -390439 496223 417430 382109
2: -390728 314171 -424536 382109
2: -390728 542659 540911 382109
1: 392756 79135 -163761 382109
1: 394212 49419 830466 382109
2: -394744 266747 -834860 382109
2: -394744 630539 713830 382109
1: 395352 53067 628342 382109
1: 395352 85683 -313747 382109
2: -396508 558467 562432 382109
2: -396508 655291 751374 382109
1: 396739 48841 818636 382109
1: 397488 95931 -491283 382109
2: -397488 530043 491283 382109
2: -398671 838831 982566 382109
1: 399126 81225 -261443 382109
2: -399126 453777 261443 382109
2: -399399 276165 -746980 382109
1: 399854 48841 765681 382109
1: 399854 49517 730303 382109
1: 399854 54587 492898 382109
1: 399854 61009 248829 382109
1: 399854 64753 128877 382109
1: 399854 71383 -52668 382109
1: 399854 72371 -76874 382109
1: 399854 79781 -239309 382109
1: 399854 84677 -331037 382109
1: 399854 94639 -488376 382109
1: 399854 104329 -612591 382109
1: 399854 105773 -629153 382109
1: 399854 140777 -926687 382109
2: -399854 258077 -927675 382109
2: -399854 272935 -777784 382109
2: -399854 274057 -767125 382109
2: -399854 288439 -637840 382109
2: -399854 289835 -625974 382109
2: -399854 305045 -503727 382109
2: -399854 306299 -494190 382109
2: -399854 356915 -165186 382109
2: -399854 379015 -49096 382109
2: -399854 398905 44387 382109
2: -399854 423605 148257 382109
2: -399854 495635 392046 382109
2: -399854 521645 463533 382109
2: -399854 553945 542963 382109
2: -399854 619115 677994 382109
2: -399854 675155 773262 382109
2: -399854 754585 884051 382109
2: -400554 322959 -375440 382109
1: 400843 91091 -443118 382109
1: 404586 53067 488410 382109
1: 404586 85683 -384370 382109
1: 404586 92055 -482664 382109
2: -404586 533919 482664 382109
1: 405042 94731 -522886 382109
2: -405042 551187 522886 382109
2: -405688 314171 -443156 382109
2: -406504 542659 499035 382109
2: -406847 499681 386672 382109
2: -408642 336141 -300713 382109
2: -408709 793117 901680 382109
1: 410839 105203 -680238 382109
2: -410839 269059 -822510 382109
2: -410839 637735 680238 382109
2: -410839 752267 847210 382109
1: 411179 129623 -887978 382109
1: 411502 104329 -674479 382109
2: -411502 730303 817284 382109
1: 412692 112047 -755573 382109
2: -412984 269059 -823875 382109
2: -413168 544027 485537 382109
1: 413712 53067 356252 382109
2: -413763 439569 179816 382109
2: -415226 485537 326553 382109
2: -415226 546193 485537 382109
1: 415233 86241 -470288 382109
2: -415233 539733 470288 382109
1: 417316 41743 863135 382109
1: 417316 47671 538265 382109
1: 417316 54587 248430 382109
1: 417316 60515 52728 382109
1: 417316 76895 -331149 382109
1: 417316 79135 -371293 382109
1: 417316 87815 -507507 382109
1: 417316 100555 -664846 382109
1: 417316 114835 -799708 382109
2: -417316 261443 -901628 382109
2: -417316 542659 472164 382109
2: -417316 558103 507507 382109
2: -417316 709631 772681 382109
2: -417316 729827 799708 382109
1: 418761 53067 285610 382109
1: 421824 142443 -995163 382109
2: -421824 576555 535990 382109
2: -421824 850155 920465 382109
2: -422009 658255 683774 382109
1: 422331 82365 -462384 382109
2: -422331 543609 462384 382109
2: -422807 561197 500916 382109
1: 423453 127449 -913952 382109
2: -424099 714025 759696 382109
1: 424536 37995 971074 382109
1: 424536 56355 94471 382109
1: 424536 88179 -560235 382109
2: -424536 255051 -971074 382109
2: -427063 269059 -832494 382109
2: -427063 485537 300832 382109
2: -427063 488699 309946 382109
2: -427063 542659 449106 382109
2: -427329 599781 568480 382109
1: 427414 104329 -753571 382109
2: -427424 595595 560235 382109
1: 428298 128877 -938119 382109
2: -428298 386631 -61516 382109
2: -430032 902139 942513 382109
2: -430312 641459 634933 382109
1: 430612 41743 620483 382109
1: 430612 42959 554931 382109
1: 430612 77843 -453492 382109
2: -430612 261443 -908276 382109
2: -430612 548131 453492 382109
2: -430612 709631 736117 382109
2: -430612 730303 763269 382109
2: -433789 300713 -571220 382109
2: -433789 864773 899080 382109
2: -435006 322959 -417316 382109
2: -438158 353717 -239343 382109
1: 438991 51623 65910 382109
1: 438991 74005 -456976 382109
1: 439569 86583 -635778 382109
2: -439569 318801 -449540 382109
2: -439569 656355 635778 382109
2: -440076 902139 913614 382109
2: -442442 269059 -841282 382109
2: -442949 354025 -244036 382109
1: 443156 76895 -533273 382109
2: -443156 341887 -311467 382109
1: 443352 49419 83486 382109
1: 444771 43095 314678 382109
1: 447174 68799 -436696 382109
2: -447174 557175 436696 382109
2: -447174 599781 521645 382109
1: 448001 41743 324870 382109
1: 448188 31407 963781 382109
2: -448188 256671 -963781 382109
2: -448188 375687 -142443 382109
1: 449106 124215 -976144 382109
1: 450534 42237 261443 382109
1: 450604 114751 -927979 382109
2: -451129 485537 252700 382109
1: 452466 78897 -626145 382109
1: 452582 42959 198016 382109
1: 454461 70395 -522886 382109
1: 454779 53067 -172822 382109
1: 456976 30875 807177 382109
1: 456976 35035 521645 382109
1: 456976 54587 -237405 382109
1: 456976 99275 -849660 382109
1: 456976 100555 -859180 382109
2: -456976 400843 -44688 382109
2: -456976 627419 548359 382109
2: -456976 927979 888174 382109
2: -458354 542659 381710 382109
1: 458983 119483 -982566 382109
1: 459914 28561 930291 382109
1: 459914 37859 311974 382109
1: 459914 38437 283413 382109
1: 459914 42313 112047 382109
2: -459914 345355 -311974 382109
2: -459914 385985 -112047 382109
2: -459914 485537 236385 382109
2: -459914 540379 373490 382109
2: -459914 542659 378590 382109
2: -459914 999635 931158 382109
1: 461244 35739 399854 382109
1: 461244 63063 -459173 382109
2: -461244 265335 -885391 382109
2: -461244 330315 -399854 382109
2: -461244 422331 32110 382109
2: -461244 428415 54131 382109
2: -461244 525759 337155 382109
2: -461244 582855 459173 382109
2: -461244 902139 856830 382109
2: -461244 915135 867139 382109
2: -461358 807177 771147 382109
2: -461482 730303 685464 382109
1: 463567 38437 221312 382109
1: 465426 69825 -600457 382109
2: -465426 312987 -513422 382109
2: -465426 673113 600457 382109
1: 465647 50179 -224094 382109
1: 465764 82943 -755573 382109
2: -466186 699257 634933 382109
1: 468996 32955 411502 382109
1: 472017 55233 -413712 382109
2: -472017 570741 413712 382109
1: 472549 56693 -448188 382109
2: -472549 269059 -856830 382109
2: -472549 589225 448188 382109
2: -472549 695045 615160 382109
1: 473144 32851 336141 382109
1: 473382 53067 -382278 382109
1: 473382 85683 -823802 382109
1: 475076 71383 -692055 382109
1: 475566 47481 -272935 382109
2: -475779 428415 31654 382109
1: 476476 27455 626145 382109
2: -476749 521645 298480 382109
1: 477242 50531 -368186 382109
1: 477698 104329 -968877 382109
1: 477717 99879 -944034 382109
1: 478686 41895 -149396 382109
1: 478686 91035 -891982 382109
2: -478686 466431 149396 382109
1: 480396 69615 -709631 382109
1: 480852 102459 -971074 382109
1: 481474 29393 375687 382109
2: -481474 502775 244036 382109
2: -482296 545363 341887 382109
2: -482341 406847 -57122 382109
1: 482664 49419 -404586 382109
2: -483379 410669 -43940 382109
1: 484614 42483 -250458 382109
2: -485316 287679 -709631 382109
1: 485537 22021 889644 382109
1: 485537 22477 841092 382109
1: 485537 26299 500346 382109
1: 485537 32851 100674 382109
1: 485537 38437 -132468 382109
1: 485537 38857 -147288 382109
1: 485537 48841 -424536 382109
1: 485537 56791 -575586 382109
1: 485537 61009 -639744 382109
1: 485537 71383 -765282 382109
1: 485537 72163 -773262 382109
1: 485537 104329 -998424 382109
2: -485537 266057 -889644 382109
2: -485537 269059 -862942 382109
2: -485537 289289 -697452 382109
2: -485537 314431 -521458 382109
2: -485537 341887 -358834 382109
2: -485537 361361 -258468 382109
2: -485537 367897 -227164 382109
2: -485537 422807 -2394 382109
2: -485537 427063 12614 382109
2: -485537 469469 147288 382109
2: -485537 499681 229292 382109
2: -485537 537251 318402 382109
2: -485537 554827 355946 382109
2: -485537 671099 554778 382109
2: -485537 686147 575586 382109
2: -485537 730303 631694 382109
2: -485537 785213 692664 382109
2: -485537 810901 718352 382109
2: -485537 871871 773262 382109
2: -485537 927979 817418 382109
2: -485537 948787 832466 382109
1: 487084 82943 -876603 382109
2: -488072 269059 -864097 382109
2: -488072 542659 325703 382109
2: -488241 975783 844662 382109
1: 488376 24843 545870 382109
1: 488699 79781 -861224 382109
1: 489566 101441 -999635 382109
2: -491036 355759 -292201 382109
1: 491283 42483 -340366 382109
1: 491283 53067 -568854 382109
1: 491283 85683 -917966 382109
2: -492167 703171 584402 382109
2: -493612 542659 316008 382109
1: 494361 85683 -933470 382109
1: 494361 92055 -971074 382109
2: -495292 341887 -368589 382109
2: -497029 376523 -201110 382109
2: -497154 394485 -125229 382109
2: -497154 915135 781456 382109
1: 497952 53067 -634933 382109
2: -498719 760627 638690 382109
2: -498771 599781 417316 382109
2: -499624 657475 507507 382109
1: 499681 17689 966680 382109
1: 499681 28561 42560 382109
1: 499681 30685 -61516 382109
1: 499681 88445 -975468 382109
2: -499681 300713 -623948 382109
2: -499681 448001 61516 382109
2: -499681 485537 169708 382109
1: 500346 62985 -784329 382109
2: -500346 322959 -480896 382109
1: 500916 18207 855855 382109
1: 500916 22743 394485 382109
2: -500916 902139 763334 382109
2: -503113 288439 -714714 382109
1: 503234 26299 92274 382109
2: -503234 966511 804440 382109
2: -503727 549081 312312 382109
2: -504127 314171 -538118 382109
2: -505141 542659 296514 382109
2: -505172 386659 -166972 382109
1: 505512 85683 -988057 382109
2: -505818 599781 404719 382109
2: -506464 419627 -41990 382109
2: -506464 896363 746980 382109
2: -506844 906015 753571 382109
2: -507338 300713 -629187 382109
2: -507507 892143 741494 382109
1: 508326 30345 -208715 382109
1: 509371 16055 844662 382109
2: -510549 562275 327522 382109
2: -510663 902139 742586 382109
1: 511394 15523 844662 382109
2: -511394 272555 -844662 382109
1: 514098 14079 962948 382109
1: 514098 42483 -630306 382109
1: 514098 53067 -787814 382109
1: 514098 67431 -922488 382109
2: -514098 552279 301796 382109
2: -514098 689871 524824 382109
1: 514794 15561 709631 382109
2: -514794 626145 432497 382109
1: 515508 14739 799708 382109
2: -515508 278307 -799708 382109
2: -515508 613431 410839 382109
2: -515774 730303 571220 382109
2: -516154 549185 292201 382109
1: 518364 14079 784329 382109
1: 518492 15827 537472 382109
1: 519506 30685 -422331 382109
1: 520296 56355 -876603 382109
1: 521934 12597 876603 382109
1: 522886 14161 586625 382109
1: 522886 17689 191165 382109
1: 522886 27455 -373464 382109
1: 522886 41743 -723520 382109
1: 522886 70805 -999609 382109
2: -522886 269059 -878826 382109
2: -522886 598519 373464 382109
2: -522886 634933 432117 382109
2: -522886 793117 624393 382109
2: -523124 314171 -552330 382109
2: -525616 648907 448188 382109
2: -525844 999635 777784 382109
2: -527136 295659 -676676 382109
2: -527618 485537 128877 382109
1: 527956 27455 -472017 382109
1: 528808 32851 -634933 382109
2: -529984 942571 732615 382109
1: 530026 61009 -987805 382109
2: -531258 302157 -634933 382109
1: 532627 17689 -114244 382109
1: 533919 41067 -844662 382109
1: 534888 53067 -971074 382109
2: -535724 302575 -634933 382109
1: 537251 23275 -520182 382109
2: -537251 719663 520182 382109
1: 538118 11191 342732 382109
1: 538118 15379 -120042 382109
1: 538118 20111 -411008 382109
1: 538118 28561 -690783 382109
1: 538118 32851 -777738 382109
1: 538118 36673 -838071 382109
1: 538118 37349 -847457 382109
1: 538118 42959 -913952 382109
1: 538118 47957 -960089 382109
2: -538118 261443 -949962 382109
2: -538118 354863 -342732 382109
2: -538118 427063 -55432 382109
2: -538118 485537 114627 382109
2: -538118 793117 596297 382109
2: -538314 938961 714025 382109
2: -538594 521645 199927 382109
1: 539448 18411 -361998 382109
2: -539448 607563 361998 382109
2: -539784 312987 -571220 382109
2: -540056 269059 -885391 382109
1: 540358 28561 -730303 382109
1: 542659 8281 636956 382109
1: 542659 10829 170544 382109
1: 542659 14161 -186124 382109
1: 542659 26299 -721126 382109
2: -542659 281197 -790020 382109
2: -542659 300713 -651440 382109
2: -542659 305045 -623084 382109
2: -542659 341887 -410970 382109
2: -542659 351253 -364140 382109
2: -542659 398905 -159936 382109
2: -542659 399347 -158270 382109
2: -542659 427063 -60690 382109
2: -542659 442715 -10982 382109
2: -542659 521645 194236 382109
2: -542659 522223 195510 382109
2: -542659 558467 270130 382109
2: -542659 578935 308142 382109
2: -542659 652327 424830 382109
2: -542659 703885 492252 382109
2: -542659 730303 523110 382109
2: -542659 822185 614992 382109
2: -542659 853043 641410 382109
2: -542659 920465 692968 382109
1: 542997 16473 -359632 382109
2: -542997 609501 359632 382109
1: 543609 14079 -215306 382109
1: 544388 27727 -784329 382109
1: 544856 44555 -999362 382109
1: 546448 26299 -793117 382109
1: 547599 18207 -584402 382109
1: 549081 6069 780780 382109
1: 549081 12495 -304538 382109
2: -549081 582267 304538 382109
2: -549081 807177 590148 382109
2: -550264 999635 730303 382109
1: 551642 5491 751374 382109
1: 552279 9747 -188942 382109
2: -552279 428415 -67146 382109
2: -552279 525255 188942 382109
2: -552279 657951 417430 382109
1: 553644 10659 -352716 382109
2: -553644 322959 -521645 382109
2: -553644 354711 -356915 382109
2: -553644 560235 257754 382109
2: -553644 615315 352716 382109
1: 553774 15827 -672282 382109
2: -553774 282625 -784329 382109
1: 556036 20615 -876603 382109
1: 556686 16473 -786695 382109
1: 557362 17689 -841789 382109
1: 558376 15827 -818805 382109
1: 558467 5491 92274 382109
1: 558467 14161 -764556 382109
2: -558467 314171 -576198 382109
2: -558467 542659 216818 382109
1: 563108 2527 767091 382109
1: 563108 5491 -346788 382109
2: -563108 285551 -767091 382109
2: -563108 542659 210596 382109
2: -563108 620483 346788 382109
2: -563108 730303 489593 382109
2: -563521 485537 82348 382109
1: 566048 3211 -146523 382109
2: -566048 744107 499902 382109
2: -566048 927979 656396 382109
2: -566826 345933 -409773 382109
1: 568854 2793 -491283 382109
2: -568854 740145 491283 382109
2: -571064 275443 -845845 382109
2: -571064 999635 693063 382109
2: -572546 542659 198254 382109
3: 575358 -507 927979 382109
2: -576156 332367 -485537 382109
2: -577304 542659 192185 382109
3: 578578 -5831 -793117 382109
3: 580307 -6137 -672282 382109
3: 582046 -14365 -944034 382109
3: 582624 -12597 -876603 382109
3: 583737 -18921 -971074 382109
3: 584402 -6137 -334152 382109
3: 584402 -14161 -852644 382109
3: 584402 -17689 -931736 382109
2: -584402 300713 -674271 382109
2: -584402 632111 334152 382109
2: -584402 634933 338219 382109
2: -584402 793117 519911 382109
3: 585599 -4693 74698 382109
2: -585599 999635 668610 382109
3: 586092 -3249 737009 382109
2: -586092 291327 -737009 382109
2: -586092 902139 605358 382109
3: 586194 -14079 -784329 382109
2: -586568 760627 485537 382109
3: 586768 -21413 -927979 382109
2: -588098 634933 333203 382109
2: -588791 497029 80444 382109
3: 589764 -15561 -709631 382109
3: 593028 -4641 876603 382109
2: -593606 300713 -678873 382109
2: -594184 715715 427063 382109
3: 594762 -7581 171366 382109
2: -594762 606879 282568 382109
3: 595387 -15827 -537472 382109
2: -596232 638571 327522 382109
3: 597363 -7581 338338 382109
3: 599781 -8379 329460 382109
3: 599781 -9945 85918 382109
3: 599781 -14535 -325584 382109
3: 599781 -28899 -768740 382109
3: 599781 -33813 -833910 382109
3: 599781 -37485 -871454 382109
3: 599781 -42237 -910350 382109
3: 599781 -49419 -954940 382109
2: -599781 422331 -135014 382109
2: -599781 438243 -85918 382109
2: -599781 617253 291992 382109
2: -599781 640509 325584 382109
2: -599781 902139 584154 382109
3: 600457 -17689 -465426 382109
2: -600457 760627 465426 382109
3: 601426 -7225 685464 382109
3: 601426 -8645 373490 382109
3: 601426 -10115 142805 382109
3: 601426 -10985 35360 382109
3: 601426 -15379 -321555 382109
3: 601426 -16055 -359125 382109
3: 601426 -18785 -483340 382109
3: 601426 -27455 -714025 382109
3: 601426 -28561 -733380 382109
3: 601426 -29575 -749853 382109
3: 601426 -38437 -856830 382109
3: 601426 -41743 -885105 382109
3: 601426 -43225 -896376 382109
3: 601426 -48841 -932880 382109
3: 601426 -50575 -942513 382109
3: 601426 -54925 -964002 382109
2: -601426 300271 -685464 382109
2: -601426 499681 72501 382109
2: -601426 542659 162894 382109
2: -601426 634933 315627 382109
2: -601426 927979 599274 382109
3: 601692 -27489 -709631 382109
3: 605787 -16473 -250458 382109
3: 606203 -17689 -304538 382109
2: -606372 750519 447083 382109
3: 606879 -18411 -321776 382109
2: -606879 297381 -706420 382109
2: -607563 322959 -555594 382109
2: -608569 730303 423150 382109
3: 611534 -48841 -818636 382109
2: -611534 379015 -298792 382109
3: 611949 -54621 -854126 382109
3: 612794 -8911 927979 382109
3: 612794 -38437 -699998 382109
2: -612794 266665 -927979 382109
2: -612794 999635 625974 382109
2: -613054 521645 107653 382109
3: 613977 -42483 -732108 382109
3: 614516 -104329 -999635 382109
3: 614992 -30821 -542659 382109
3: 614992 -37349 -655291 382109
3: 614992 -79781 -938119 382109
2: -614992 875483 542659 382109
3: 615961 -28561 -474810 382109
2: -616588 542659 145656 382109
3: 617253 -85683 -939284 382109
2: -619476 310023 -634933 382109
3: 619647 -85683 -922488 382109
3: 620483 -61009 -811538 382109
3: 621452 -58121 -784329 382109
2: -621642 744783 420784 382109
3: 623084 -29393 -375687 382109
2: -623084 427063 -141115 382109
2: -623084 709631 381615 382109
2: -623084 999635 610812 382109
3: 625974 -16023 371293 382109
3: 625974 -24843 -174577 382109
3: 625974 -29757 -338338 382109
3: 625974 -36309 -487734 382109
3: 625974 -43491 -599781 382109
3: 625974 -46137 -632268 382109
3: 625974 -55263 -720447 382109
3: 625974 -67431 -800891 382109
3: 625974 -80769 -861224 382109
3: 625974 -85683 -878717 382109
3: 625974 -125229 -969514 382109
2: -625974 276507 -856830 382109
2: -625974 296595 -719810 382109
2: -625974 328185 -538265 382109
2: -625974 351351 -425880 382109
2: -625974 363825 -371293 382109
2: -625974 427329 -142805 382109
2: -625974 433485 -124215 382109
2: -625974 513513 76895 382109
2: -625974 542997 136045 382109
2: -625974 562275 171366 382109
2: -625974 652509 308945 382109
2: -625974 675675 338338 382109
2: -625974 793611 461370 382109
2: -625974 953667 579670 382109
2: -625974 987525 599781 382109
3: 628342 -17689 287844 382109
3: 628342 -29393 -289408 382109
3: 628342 -48841 -636804 382109
3: 628342 -59423 -730303 382109
2: -628342 269059 -913482 382109
2: -628342 427063 -145656 382109
3: 629356 -28561 -247095 382109
3: 629356 -30685 -310284 382109
3: 629356 -104329 -910065 382109
3: 629356 -142805 -977398 382109
2: -629356 656659 310284 382109
2: -629356 730303 395967 382109
2: -630539 523957 93860 382109
3: 631414 -32851 -336141 382109
3: 631579 -14161 751374 382109
3: 632814 -53067 -634933 382109
3: 634933 -13889 895622 382109
3: 634933 -15379 697452 382109
3: 634933 -15523 680316 382109
3: 634933 -15827 645164 382109
3: 634933 -17689 456222 382109
3: 634933 -35819 -356668 382109
3: 634933 -37349 -389158 382109
3: 634933 -40033 -440154 382109
3: 634933 -41743 -469224 382109
3: 634933 -42959 -488488 382109
3: 634933 -94471 -849072 382109
3: 634933 -97223 -857584 382109
3: 634933 -107653 -885894 382109
3: 634933 -108661 -888342 382109
2: -634933 261443 -975422 382109
2: -634933 271643 -895622 382109
2: -634933 292201 -751716 382109
2: -634933 300713 -697892 382109
2: -634933 303601 -680316 382109
2: -634933 445991 -96026 382109
2: -634933 458983 -60762 382109
2: -634933 512981 66664 382109
2: -634933 700553 356668 382109
2: -634933 709631 366814 382109
2: -634933 782971 440154 382109
2: -634933 793117 449232 382109
3: 635778 -128877 -925106 382109
3: 636804 -57057 -634933 382109
3: 636804 -72501 -743886 382109
3: 636804 -163761 -968201 382109
2: -636804 440895 -112047 382109
2: -636804 560235 156026 382109
2: -636804 614991 244205 382109
3: 636956 -37349 -363090 382109
3: 636956 -199633 -999635 382109
2: -636956 596011 215306 382109
3: 637754 -104329 -861224 382109
3: 638248 -28861 -112047 382109
3: 638248 -38437 -369096 382109
3: 638248 -170221 -968877 382109
2: -638248 269059 -916149 382109
2: -638248 537187 112047 382109
2: -638248 542659 122451 382109
3: 641186 -15827 818805 382109
3: 642447 -128877 -891982 382109
3: 642876 -16473 786695 382109
3: 643314 -37791 -292201 382109
3: 645918 -16473 866476 382109
3: 645918 -39729 -302328 382109
3: 645918 -46137 -417316 382109
3: 645918 -115311 -844987 382109
3: 645918 -125229 -867578 382109
2: -645918 336141 -509371 382109
2: -645918 386631 -295256 382109
2: -645918 665703 302328 382109
3: 646646 -17689 746980 382109
3: 647634 -20349 522886 382109
3: 647946 -18411 703885 382109
3: 649383 -183027 -936936 382109
3: 650312 -38437 -221312 382109
3: 651406 -79781 -681070 382109
3: 651406 -272935 -992199 382109
3: 651966 -237405 -971074 382109
3: 652834 -17689 896376 382109
2: -653562 599781 203167 382109
3: 654024 -42237 -261443 382109
3: 654493 -38437 -171366 382109
3: 654854 -199927 -932603 382109
3: 654976 -142805 -859180 382109
3: 656903 -79781 -644742 382109
3: 656903 -140777 -846906 382109
2: -656903 499681 17024 382109
2: -657286 634933 249717 382109
2: -659547 552279 118638 382109
3: 659906 -88445 -672282 382109
2: -660569 542659 100130 382109
3: 661232 -287717 -968877 382109
3: 662796 -30345 199927 382109
3: 662796 -48165 -281554 382109
3: 663663 -257049 -945098 382109
2: -665567 349999 -455962 382109
3: 667128 -97461 -672282 382109
3: 667888 -37349 15827 382109
3: 667888 -107653 -708339 382109
3: 667888 -149093 -815269 382109
3: 668591 -450385 -999362 382109
3: 669902 -261443 -928473 382109
2: -670761 312987 -641862 382109
2: -671099 269059 -924430 382109
2: -671099 313565 -638820 382109
3: 671099 -334951 -960596 382109
2: -671099 999635 546210 382109
3: 671606 -27455 472017 382109
3: 671636 -229957 -900770 382109
3: 671874 -371469 -971074 382109
2: -672182 985777 537251 382109
3: 672282 -64239 -415701 382109
2: -672282 322959 -589152 382109
2: -676676 269059 -925756 382109
2: -676676 709631 318801 382109
3: 679728 -162981 -793117 382109
3: 679728 -202293 -847704 382109
3: 680056 -30685 422331 382109
2: -680124 812175 410839 382109
2: -680238 312987 -645918 382109
3: 680561 -142805 -750006 382109
3: 680884 -240149 -879814 382109
3: 681226 -70805 -417430 382109
3: 683774 -28561 586264 382109
3: 683774 -67507 -367913 382109
3: 683774 -174097 -796328 382109
3: 683774 -194579 -824889 382109
2: -683774 300713 -717405 382109
3: 683774 -300713 -910572 382109
3: 683774 -314171 -917301 382109
2: -683774 395675 -288990 382109
2: -683774 442225 -146185 382109
2: -683774 485537 -37905 382109
3: 683774 -485537 -970368 382109
2: -683774 542659 78470 382109
3: 683774 -542659 -980609 382109
2: -683774 714025 315875 382109
2: -683774 767125 367913 382109
3: 684456 -357357 -933725 382109
2: -685216 279019 -856596 382109
3: 685406 -730303 -999635 382109
3: 685464 -36309 252586 382109
3: 685464 -214149 -841624 382109
3: 685464 -293709 -902139 382109
2: -685464 295659 -748510 382109
2: -685464 860931 442225 382109
2: -685464 904995 472549 382109
3: 686504 -258077 -876603 382109
3: 686812 -104329 -599781 382109
3: 686868 -136857 -709631 382109
3: 687344 -29189 599781 382109
3: 687344 -107653 -611507 382109
2: -687344 322235 -599781 382109
2: -687344 489931 -30940 382109
3: 687344 -634933 -985712 382109
2: -687344 927979 485030 382109
3: 687531 -101745 -584402 382109
3: 688058 -26299 793117 382109
3: 688427 -28561 651406 382109
3: 689871 -43605 74698 382109
3: 689871 -148257 -725010 382109
3: 689871 -305235 -896376 382109
2: -689871 471903 -74698 382109
3: 689871 -771147 -994160 382109
3: 691866 -32955 465101 382109
3: 691866 -227409 -834860 382109
3: 691866 -239343 -845845 382109
2: -691866 689871 281216 382109
3: 692393 -455753 -944034 382109
3: 693056 -142805 -699618 382109
3: 693481 -786695 -988312 382109
3: 694148 -28561 730303 382109
3: 694564 -38437 276822 382109
2: -694564 999635 517888 382109
2: -695912 671099 255528 382109
3: 696388 -48841 9633 382109
2: -696388 427063 -198237 382109
3: 696787 -194579 -781456 382109
3: 697221 -732615 -976144 382109
3: 697452 -125229 -631176 382109
3: 699618 -728973 -971074 382109
2: -699979 753571 338130 382109
3: 700112 -634933 -959348 382109
3: 700843 -436679 -919828 382109
2: -701012 542659 63308 382109
3: 701337 -55233 -74698 382109
3: 702219 -783009 -971074 382109
3: 705698 -32851 634933 382109
2: -705796 730303 309777 382109
3: 708339 -477603 -913952 382109
2: -708344 803947 373490 382109
3: 709631 -70805 -235638 382109
3: 709631 -76895 -298452 382109
3: 709631 -88445 -393822 382109
3: 709631 -104329 -490490 382109
3: 709631 -107653 -507110 382109
3: 709631 -521645 -921102 382109
3: 709631 -538265 -924426 382109
2: -709631 634933 197372 382109
3: 709631 -634933 -940310 382109
2: -709631 665567 235638 382109
2: -709631 722813 298452 382109
2: -709631 730303 305942 382109
3: 709631 -730303 -951860 382109
2: -709631 793117 363188 382109
3: 709631 -793117 -957950 382109
2: -709631 831383 393822 382109
3: 710983 -542659 -922488 382109
2: -711828 312987 -658658 382109
3: 711892 -292201 -830739 382109
3: 712166 -142805 -625974 382109
3: 714714 -462441 -896376 382109
3: 715806 -428415 -884051 382109
2: -716053 485537 -63308 382109
3: 718029 -378879 -861224 382109
3: 720954 -873069 -944034 382109
3: 722722 -161063 -634933 382109
2: -722722 269059 -935922 382109
3: 722813 -141151 -581672 382109
3: 722813 -634933 -914774 382109
3: 723078 -902139 -942513 382109
3: 723387 -138411 -571064 382109
3: 723996 -82365 -269724 382109
2: -723996 708339 269724 382109
3: 724812 -85449 -292201 382109
2: -725249 298129 -746980 382109
2: -725249 384475 -353158 382109
3: 725249 -660943 -913952 382109
3: 726376 -330733 -818805 382109
2: -728973 599781 131784 382109
3: 729274 -288439 -784329 382109
3: 729708 -599781 -896002 382109
3: 730303 -34333 830466 382109
3: 730303 -37349 682682 382109
3: 730303 -41743 505596 382109
3: 730303 -44897 399854 382109
3: 730303 -54587 151424 382109
3: 730303 -88543 -290004 382109
3: 730303 -107653 -415974 382109
3: 730303 -115787 -456976 382109
3: 730303 -129409 -514098 382109
3: 730303 -140777 -553306 382109
3: 730303 -157339 -600288 382109
3: 730303 -205751 -694252 382109
2: -730303 284791 -830466 382109
3: 730303 -305383 -793884 382109
2: -730303 372419 -399854 382109
3: 730303 -399347 -842296 382109
3: 730303 -446329 -858858 382109
2: -730303 485537 -73808 382109
3: 730303 -485537 -870226 382109
2: -730303 542659 39186 382109
3: 730303 -542659 -883848 382109
3: 730303 -583661 -891982 382109
2: -730303 709631 265174 382109
3: 730303 -709631 -911092 382109
2: -730303 734461 290004 382109
2: -730303 960449 456976 382109
3: 730626 -53067 186745 382109
3: 730626 -151725 -584402 382109
2: -731374 793117 341445 382109
3: 732108 -31977 985439 382109
3: 732108 -127449 -499733 382109
3: 732108 -257049 -750533 382109
2: -732108 262599 -985439 382109
3: 732108 -345933 -813904 382109
3: 732326 -186745 -657020 382109
3: 732564 -529737 -876603 382109
3: 735826 -99275 -341887 382109
3: 735826 -485537 -859180 382109
2: -735826 798893 341887 382109
3: 736372 -68153 -41743 382109
3: 736372 -485537 -858097 382109
3: 736372 -533197 -870012 382109
2: -736372 542659 34428 382109
2: -736372 546839 41743 382109
3: 737352 -128877 -485537 382109
3: 738192 -90117 -264537 382109
2: -738192 716091 264537 382109
2: -738192 902139 413933 382109
3: 739347 -146523 -539448 382109
3: 740418 -53067 257049 382109
3: 741076 -793117 -901680 382109
3: 741741 -42483 577980 382109
3: 742577 -48841 380926 382109
3: 742586 -41405 625974 382109
3: 742586 -54587 237405 382109
3: 742586 -305045 -764694 382109
3: 742938 -191919 -634933 382109
3: 742938 -224553 -685464 382109
3: 743869 -634933 -875862 382109
3: 743886 -128877 -461370 382109
3: 743886 -557745 -861224 382109
3: 744464 -79781 -138411 382109
2: -745104 867867 384475 382109
2: -745654 972895 448188 382109
3: 746776 -864773 -899080 382109
2: -748714 542659 24990 382109
3: 750533 -247247 -693576 382109
3: 750652 -229957 -672282 382109
3: 751374 -92463 -222547 382109
2: -751374 333795 -570570 382109
2: -751374 416955 -262990 382109
2: -751374 687225 222547 382109
3: 751374 -902139 -894829 382109
2: -752267 314041 -667888 382109
3: 752556 -744705 -876603 382109
2: -752913 689871 224094 382109
2: -753134 845845 361361 382109
3: 753571 -36295 957372 382109
3: 753571 -42959 658580 382109
3: 753571 -137921 -461890 382109
2: -753571 266917 -957372 382109
2: -753571 292201 -790704 382109
3: 753882 -322959 -751621 382109
3: 754851 -637245 -856830 382109
2: -754936 542659 20349 382109
3: 755531 -199927 -613700 382109
3: 757758 -295659 -722813 382109
2: -757758 784329 309491 382109
2: -757834 999635 450262 382109
3: 759696 -47685 542659 382109
2: -759696 340731 -542659 382109
3: 759696 -599781 -841415 382109
3: 760627 -709631 -858364 382109
3: 760988 -499681 -815087 382109
3: 763854 -312987 -722813 382109
3: 763876 -425425 -784329 382109
3: 764049 -938961 -877786 382109
3: 764218 -104329 -255528 382109
2: -764556 386631 -366639 382109
3: 764694 -41847 793117 382109
3: 764694 -88179 -125229 382109
3: 764694 -102921 -244036 382109
2: -764694 292305 -793117 382109
3: 764694 -408291 -775541 382109
2: -764694 599781 102885 382109
2: -764694 818805 330733 382109
2: -764894 521645 -24843 382109
3: 765674 -542659 -818159 382109
3: 766458 -462111 -793117 382109
2: -766479 265335 -971074 382109
3: 767091 -48735 563108 382109
2: -767091 336813 -563108 382109
3: 767676 -637245 -834860 382109
2: -768222 307173 -709631 382109
3: 768417 -53067 448188 382109
2: -771134 485537 -101745 382109
3: 771147 -76893 28322 382109
3: 771147 -467313 -786258 382109
2: -771147 472017 -131784 382109
3: 771147 -741741 -845614 382109
3: 772044 -318801 -709631 382109
3: 772996 -521645 -799708 382109
3: 773262 -43719 784329 382109
3: 773262 -164787 -485537 382109
2: -773262 294177 -784329 382109
2: -773262 322959 -630292 382109
3: 773262 -664989 -830466 382109
2: -773262 807177 314171 382109
3: 773344 -353717 -730303 382109
3: 773851 -767125 -844662 382109
3: 774384 -599781 -816221 382109
2: -775541 634933 141512 382109
3: 776356 -192185 -542659 382109
3: 778316 -48841 637975 382109
3: 778316 -136357 -373490 382109
2: -778316 709631 223431 382109
3: 779688 -540141 -793117 382109
3: 779688 -674709 -821678 382109
3: 780178 -289289 -667888 382109
3: 780589 -58121 399854 382109
2: -780843 312819 -683774 382109
3: 781456 -142805 -389158 382109
3: 781456 -177973 -496860 382109
3: 781456 -327845 -696787 382109
3: 781456 -512981 -782470 382109
2: -781456 648907 154128 382109
3: 782132 -107653 -208658 382109
2: -782132 754579 262808 382109
3: 784329 -125229 -302974 382109
2: -784329 296595 -773262 382109
3: 784329 -297381 -666406 382109
3: 784329 -312987 -679588 382109
3: 784329 -371469 -719134 382109
2: -784329 741285 248976 382109
3: 785536 -142805 -376516 382109
3: 785897 -485537 -766122 382109
3: 787626 -428415 -741285 382109
3: 789684 -98553 -112047 382109
2: -790704 560235 24206 382109
3: 792428 -485537 -754851 382109
2: -793016 558467 19773 382109
3: 793117 -44251 909636 382109
3: 793117 -107653 -168198 382109
3: 793117 -114121 -210834 382109
3: 793117 -261443 -610708 382109
2: -793117 269059 -949182 382109
2: -793117 274873 -909636 382109
3: 793117 -277151 -628264 382109
2: -793117 292201 -801108 382109
3: 793117 -292201 -643314 382109
3: 793117 -300989 -651406 382109
3: 793117 -309757 -659022 382109
2: -793117 325703 -624026 382109
2: -793117 353717 -501704 382109
2: -793117 364021 -461448 382109
2: -793117 523957 -39624 382109
2: -793117 569023 36414 382109
2: -793117 585599 61438 382109
2: -793117 634933 128184 382109
3: 793117 -634933 -792918 382109
2: -793117 708883 210834 382109
2: -793117 709631 211582 382109
3: 793117 -709631 -806344 382109
3: 793117 -752267 -812812 382109
2: -793117 859027 334866 382109
2: -793117 884051 351442 382109
2: -793117 960089 396508 382109
3: 794937 -257049 -601426 382109
3: 794976 -189525 -488410 382109
2: -795821 730303 229502 382109
3: 796328 -351253 -683774 382109
3: 797164 -624169 -784329 382109
2: -798133 634933 124488 382109
3: 798798 -257049 -593028 382109
3: 798798 -938961 -826072 382109
3: 799708 -48841 780843 382109
3: 799708 -61009 443037 382109
3: 799708 -79781 123998 382109
3: 799708 -94601 -38437 382109
3: 799708 -104329 -119973 382109
3: 799708 -123709 -244188 382109
3: 799708 -140777 -325261 382109
3: 799708 -184093 -463524 382109
3: 799708 -229957 -553146 382109
2: -799708 269059 -950304 382109
3: 799708 -300713 -637789 382109
3: 799708 -356573 -680884 382109
2: -799708 537251 -20216 382109
2: -799708 573287 38437 382109
2: -799708 606203 85918 382109
2: -799708 671099 165886 382109
2: -799708 749683 244188 382109
2: -799708 792727 280497 382109
2: -799708 877591 341649 382109
2: -799708 927979 372666 382109
2: -799708 990223 406623 382109
1: 801346 999635 -994194 382109
3: 801686 -427063 -715715 382109
2: -802074 265335 -976820 382109
2: -803257 404719 -327522 382109
3: 804102 -53067 672503 382109
3: 804916 -107653 -125970 382109
3: 805154 -793117 -800618 382109
2: -806474 920465 362505 382109
3: 806806 -79135 163761 382109
3: 806871 -159201 -373490 382109
3: 807177 -55233 628342 382109
3: 807177 -74727 228488 382109
3: 807177 -244881 -558714 382109
2: -807177 318903 -661466 382109
3: 807177 -336141 -652574 382109
3: 807177 -386631 -685464 382109
2: -807177 440781 -228488 382109
3: 807177 -454779 -718276 382109
3: 807177 -523089 -742586 382109
2: -807177 681207 171366 382109
3: 807177 -718029 -786526 382109
2: -807177 784329 267748 382109
2: -807177 942513 374604 382109
3: 807177 -971451 -817284 382109
3: 807196 -142805 -311542 382109
2: -809172 754851 241332 382109
3: 810084 -133497 -261443 382109
3: 810084 -257049 -568939 382109
2: -810084 779415 261443 382109
3: 811538 -78337 195364 382109
3: 813694 -329147 -634933 382109
2: -813694 499681 -98865 382109
3: 813904 -523957 -732108 382109
3: 815256 -82365 157339 382109
3: 816221 -269059 -571220 382109
3: 816582 -234549 -522886 382109
2: -817284 902139 342550 382109
2: -817418 793117 266747 382109
3: 818748 -816153 -784329 382109
3: 821338 -292201 -586872 382109
2: -821338 462553 -183027 382109
3: 821338 -921791 -793117 382109
3: 821678 -161063 -340119 382109
2: -821678 269059 -953914 382109
2: -821678 904001 340119 382109
3: 822016 -142805 -269059 382109
3: 822367 -104329 -39546 382109
2: -823004 999635 391476 382109
2: -825552 312987 -696449 382109
3: 826072 -634933 -742938 382109
3: 827412 -807177 -771147 382109
3: 828269 -269059 -547124 382109
3: 828269 -872491 -778316 382109
2: -828269 911183 339150 382109
3: 829521 -915135 -781456 382109
3: 830466 -140505 -235144 382109
3: 831383 -323323 -597584 382109
3: 831383 -634933 -735254 382109
1: 831691 972895 -971074 382109
3: 833196 -257049 -521645 382109
3: 834054 -314013 -584402 382109
3: 834632 -107653 -24908 382109
3: 834632 -192661 -399854 382109
2: -834632 315707 -685464 382109
3: 834632 -382109 -635271 382109
3: 834632 -399893 -645918 382109
2: -834632 516971 -78078 382109
2: -834632 542659 -32977 382109
2: -834632 655291 123032 382109
2: -834632 859027 301301 382109
2: -835499 305045 -740220 382109
3: 836366 -455455 -671099 382109
2: -836437 785213 246064 382109
2: -837811 485537 -141512 382109
3: 838831 -131495 -166972 382109
3: 840606 -92055 140777 382109
2: -843648 678699 142766 382109
2: -843999 382347 -417430 382109
3: 844018 -184093 -355914 382109
3: 844417 -199927 -395352 382109
3: 844662 -68229 511394 382109
3: 844662 -148257 -231192 382109
2: -844662 356307 -511394 382109
3: 844662 -771147 -742577 382109
2: -844662 774231 231192 382109
3: 845481 -276165 -522886 382109
3: 845614 -153517 -250458 382109
2: -845614 799435 250458 382109
3: 846906 -125229 -108290 382109
1: 846906 685797 -999635 382109
3: 849072 -70533 485537 382109
3: 849072 -202293 -390728 382109
2: -849072 363579 -485537 382109
3: 850136 -634933 -708890 382109
2: -851394 428415 -283024 382109
1: 851599 838831 -971074 382109
2: -853281 924483 327522 382109
2: -853349 714025 171836 382109
3: 854126 -70805 501930 382109
3: 854126 -79135 359125 382109
3: 854126 -137275 -154973 382109
3: 854126 -142805 -182070 382109
2: -854126 269059 -958906 382109
3: 854126 -354025 -583388 382109
3: 854126 -395675 -611949 382109
2: -854126 485537 -150297 382109
3: 854126 -485537 -656880 382109
2: -854126 542659 -44506 382109
3: 854126 -542659 -677705 382109
2: -854126 697357 154973 382109
1: 854126 714025 -989247 382109
3: 854126 -714025 -720188 382109
3: 854658 -935493 -751374 382109
3: 856596 -341145 -569023 382109
1: 856596 771147 -977550 382109
1: 856596 828495 -968877 382109
2: -856596 902139 311974 382109
3: 859313 -95659 166972 382109
2: -859313 478873 -166972 382109
3: 859446 -56355 876603 382109
3: 861224 -157301 -226746 382109
2: -861224 384475 -417316 382109
2: -861224 532627 -65455 382109
3: 861224 -634933 -693842 382109
2: -861224 783275 226746 382109
3: 861224 -793117 -724523 382109
2: -861224 981155 351975 382109
3: 861322 -73283 485537 382109
3: 861798 -317889 -539448 382109
2: -862524 312375 -709631 382109
3: 863821 -261443 -469300 382109
2: -863821 542659 -50046 382109
3: 866761 -999635 -743308 382109
2: -867578 300713 -771147 382109
2: -867578 410839 -338884 382109
3: 871454 -341887 -545363 382109
3: 872716 -104329 124215 382109
2: -873069 796005 228488 382109
3: 874406 -490637 -629850 382109
3: 874406 -793117 -708050 382109
3: 875786 -232645 -399854 382109
3: 876603 -165699 -222768 382109
2: -876603 791673 222768 382109
2: -876603 902139 297466 382109
2: -877591 269059 -962286 382109
1: 877591 999635 -933198 382109
3: 879138 -198303 -317889 382109
3: 879138 -902139 -717743 382109
2: -879138 941241 317889 382109
3: 879396 -62985 784329 382109
1: 880152 902139 -942344 382109
3: 882028 -512981 -628342 382109
1: 882284 723367 -968877 382109
2: -883194 796005 221663 382109
2: -883519 521645 -96668 382109
2: -883728 876603 276913 382109
3: 883813 -730303 -685464 382109
3: 884051 -79781 461370 382109
3: 884051 -140777 -96330 382109
3: 884051 -933725 -715806 382109
2: -884884 269059 -963300 382109
3: 885391 -79135 476748 382109
3: 885391 -491435 -614992 382109
3: 885391 -499681 -618450 382109
2: -885391 651287 85918 382109
1: 885391 786695 -955434 382109
3: 886116 -938961 -714025 382109
3: 886236 -644385 -663663 382109
1: 886312 699979 -971074 382109
3: 886977 -467313 -601978 382109
1: 888097 793117 -952588 382109
2: -888097 793117 216216 382109
3: 888896 -142805 -94962 382109
1: 889447 730303 -962962 382109
2: -889447 730303 163254 382109
3: 889542 -422331 -574769 382109
2: -889644 915135 295919 382109
1: 892031 634933 -982800 382109
2: -892031 634933 62972 382109
3: 892143 -784329 -685178 382109
3: 894348 -175389 -218348 382109
2: -894348 801363 218348 382109
2: -895356 322959 -667641 382109
2: -895986 865317 261443 382109
3: 896376 -345933 -510055 382109
3: 896376 -494325 -601426 382109
2: -896376 507507 -128877 382109
3: 896376 -968877 -705755 382109
3: 899346 -69615 709631 382109
3: 899612 -107653 172822 382109
3: 899612 -829621 -683774 382109
3: 899878 -793117 -677586 382109
2: -900524 384475 -432250 382109
3: 902139 -67431 769964 382109
3: 902139 -71877 672282 382109
3: 902139 -78897 540462 382109
3: 902139 -84099 456976 382109
3: 902139 -85683 433568 382109
3: 902139 -115311 114244 382109
3: 902139 -125229 41106 382109
3: 902139 -146523 -82472 382109
3: 902139 -214149 -311974 382109
2: -902139 322335 -672282 382109
3: 902139 -344253 -499902 382109
2: -902139 345933 -571220 382109
2: -902139 377145 -456976 382109
2: -902139 439569 -277160 382109
3: 902139 -503139 -597584 382109
3: 902139 -588693 -628342 382109
3: 902139 -599781 -631686 382109
3: 902139 -639327 -642668 382109
2: -902139 642447 65910 382109
3: 902139 -876603 -687752 382109
3: 902139 -934401 -695266 382109
2: -902258 485537 -174363 382109
3: 904666 -71383 692055 382109
3: 905437 -245119 -369096 382109
1: 908276 999635 -911540 382109
3: 908998 -641459 -634933 382109
3: 910572 -917301 -683774 382109
3: 911506 -229957 -329550 382109
3: 911886 -552279 -604175 382109
3: 913952 -523957 -590957 382109
1: 913952 744107 -945098 382109
1: 913952 927979 -916104 382109
2: -913952 927979 286748 382109
3: 914396 -61009 987805 382109
1: 916149 539847 -999362 382109
1: 916708 542659 -998032 382109
2: -916708 542659 -78204 382109
1: 917301 646425 -965328 382109
3: 917966 -360815 -491283 382109
3: 918346 -86989 466830 382109
3: 918346 -263891 -379015 382109
1: 918346 661297 -960925 382109
1: 918346 760627 -939250 382109
3: 918442 -84721 500916 382109
2: -918442 760627 171366 382109
3: 919581 -599781 -610470 382109
3: 919828 -115889 155987 382109
2: -919828 314171 -714986 382109
2: -919828 317611 -698646 382109
2: -919828 422807 -327353 382109
3: 919828 -485537 -567001 382109
2: -919828 499103 -155987 382109
1: 919828 542659 -996472 382109
2: -919828 542659 -79764 382109
1: 919828 811223 -929331 382109
2: -919828 862087 243867 382109
3: 919828 -906661 -672282 382109
3: 921004 -699257 -634933 382109
3: 922488 -111549 199927 382109
2: -922488 771147 177422 382109
1: 922488 902139 -913952 382109
1: 922964 730303 -942513 382109
2: -922964 730303 142805 382109
3: 924521 -70805 777738 382109
3: 925509 -127449 83486 382109
3: 925561 -521645 -575614 382109
1: 925718 907361 -911183 382109
2: -926687 523957 -114244 382109
3: 926687 -785213 -645918 382109
3: 927276 -78897 626145 382109
3: 927537 -312987 -430612 382109
2: -927979 300713 -784160 382109
3: 927979 -300713 -415402 382109
2: -927979 314171 -716870 382109
2: -927979 337535 -612794 382109
3: 927979 -371293 -485982 382109
2: -927979 472549 -212940 382109
2: -927979 485537 -186200 382109
2: -927979 972895 301158 382109
2: -927979 999635 314146 382109
3: 929747 -542659 -578816 382109
3: 929936 -523957 -571220 382109
3: 931294 -167143 -112047 382109
2: -931294 702145 112047 382109
3: 932178 -432117 -522886 382109
2: -932824 356915 -538265 382109
3: 932841 -82365 584402 382109
3: 935922 -510867 -558467 382109
3: 937516 -538265 -567853 382109
3: 937517 -927979 -656396 382109
3: 938961 -163761 -82810 382109
3: 938961 -301245 -399854 382109
2: -938961 322959 -678626 382109
3: 938961 -337155 -440076 382109
3: 938961 -382785 -480298 382109
3: 938961 -428415 -511952 382109
3: 938961 -617253 -593190 382109
3: 938961 -700791 -615160 382109
1: 938961 783237 -922740 382109
3: 938961 -784329 -632450 382109
1: 938961 876603 -907270 382109
1: 938961 995241 -891800 382109
3: 940576 -70805 834860 382109
3: 940576 -142805 22610 382109
3: 940823 -300713 -396474 382109
2: -940984 999635 305767 382109
3: 942513 -67431 922488 382109
3: 942513 -214149 -240198 382109
1: 942513 529737 -990584 382109
1: 942513 617253 -959956 382109
3: 942513 -770133 -625974 382109
3: 944034 -85683 565573 382109
3: 944034 -202521 -206856 382109
3: 944034 -312987 -406783 382109
3: 944034 -599781 -582046 382109
2: -944034 771147 164730 382109
2: -944034 828495 206856 382109
1: 944034 942513 -895033 382109
3: 945098 -209573 -224094 382109
3: 948787 -558467 -562432 382109
2: -949858 982889 292201 382109
3: 950152 -634933 -585858 382109
1: 950456 999635 -884051 382109
3: 950874 -873327 -634933 382109
3: 952679 -365687 -448188 382109
3: 952833 -375687 -456456 382109
3: 953498 -598633 -571064 382109
3: 953836 -750533 -610090 382109
3: 955206 -88179 560235 382109
2: -955206 599781 -14739 382109
3: 955206 -732615 -604851 382109
3: 955434 -400023 -472017 382109
3: 956802 -257049 -307496 382109
3: 957372 -170373 -74698 382109
3: 957372 -370209 -445991 382109
3: 957372 -599781 -567154 382109
2: -957372 678699 74698 382109
3: 957372 -807177 -617357 382109
3: 957892 -512981 -533494 382109
3: 959322 -932463 -634933 382109
3: 960089 -529477 -538118 382109
3: 960792 -943293 -634933 382109
2: -962286 427329 -331721 382109
3: 962426 -595595 -560235 382109
2: -963509 314171 -724710 382109
1: 964483 793117 -906304 382109
2: -964483 793117 169932 382109
2: -965328 840123 202293 382109
3: 966511 -142805 76874 382109
2: -966994 536237 -112385 382109
1: 968677 548359 -971074 382109
3: 968877 -128877 171938 382109
3: 968877 -216087 -201552 382109
2: -968877 479451 -215878 382109
2: -968877 598899 -22542 382109
2: -968877 842061 201552 382109
1: 968877 876603 -889542 382109
3: 969306 -237405 -250458 382109
3: 971074 -68419 997101 382109
3: 971074 -71383 924483 382109
3: 971074 -80053 742938 382109
3: 971074 -99997 444822 382109
3: 971074 -104329 395136 382109
3: 971074 -157339 8721 382109
3: 971074 -176449 -73644 382109
3: 971074 -184093 -101802 382109
3: 971074 -229957 -231438 382109
3: 971074 -257887 -287793 382109
2: -971074 265525 -997101 382109
2: -971074 269059 -974130 382109
3: 971074 -269059 -307059 382109
2: -971074 302575 -782952 382109
2: -971074 305045 -770525 382109
2: -971074 310675 -742938 382109
3: 971074 -327691 -386631 382109
2: -971074 341887 -606480 382109
3: 971074 -341887 -401793 382109
2: -971074 354025 -559911 382109
2: -971074 356083 -552330 382109
2: -971074 356915 -549290 382109
2: -971074 371735 -497420 382109
2: -971074 388075 -444822 382109
2: -971074 427063 -335580 382109
3: 971074 -427063 -471597 382109
2: -971074 434945 -315875 382109
2: -971074 442225 -298299 382109
3: 971074 -478933 -501942 382109
1: 971074 499681 -991249 382109
2: -971074 499681 -177555 382109
3: 971074 -499681 -512316 382109
2: -971074 520429 -140505 382109
2: -971074 521645 -138425 382109
2: -971074 543305 -102935 382109
1: 971074 560371 -965314 382109
3: 971074 -560371 -538251 382109
2: -971074 561925 -74613 382109
2: -971074 608923 -10830 382109
2: -971074 657475 45486 382109
2: -971074 684775 73644 382109
2: -971074 690365 79135 382109
1: 971074 699979 -922726 382109
3: 971074 -699979 -580839 382109
1: 971074 730303 -915628 382109
2: -971074 730303 115920 382109
3: 971074 -730303 -587937 382109
2: -971074 760627 141270 382109
2: -971074 786695 161500 382109
2: -971074 807755 176890 382109
2: -971074 821275 186354 382109
1: 971074 889447 -886312 382109
2: -971074 920465 247285 382109
1: 971074 927979 -880726 382109
2: -971074 927979 251370 382109
3: 971074 -927979 -622839 382109
2: -971074 960925 268527 382109
2: -971074 966511 271320 382109
3: 973063 -481327 -500916 382109
3: 975783 -345933 -399854 382109
3: 977109 -125229 216866 382109
1: 977109 784329 -901056 382109
3: 977398 -107653 374946 382109
2: -980343 312987 -733798 382109
2: -980577 826329 184548 382109
2: -981274 521645 -142805 382109
3: 982566 -212415 -170183 382109
3: 982566 -265335 -284427 382109
3: 982566 -428415 -458983 382109
3: 983364 -224553 -199927 382109
3: 984256 -70805 980837 382109
3: 985439 -82943 732108 382109
2: -985439 313565 -732108 382109
1: 986622 650769 -927979 382109
1: 987224 542659 -965181 382109
2: -987224 542659 -111055 382109
3: 987791 -730303 -571220 382109
2: -988533 807177 166972 382109
2: -989604 992199 272935 382109
2: -991952 336091 -634933 382109
1: 992579 793117 -891072 382109
2: -992579 793117 154700 382109
3: 993871 -186745 -72618 382109
3: 994194 -942513 -603092 382109
3: 997101 -394485 -417430 382109
1: 997542 599781 -938961 382109
3: 998621 -485537 -474810 382109
3: 999362 -177973 -30758 382109
2: -999362 300713 -797511 382109
3: 999362 -300713 -316368 382109
1: 999362 485537 -986993 382109
2: -999362 485537 -215859 382109
3: 999362 -485537 -474012 382109
1: 999362 512981 -973271 382109
3: 999362 -512981 -487734 382109
2: -999362 656659 30758 382109
1: 999362 828269 -880859 382109
3: 999362 -828269 -580146 382109
