Command line:- ../do_t 119 1000000
1: 1 5 934626 119
1: 1 7 647360 119
2: -1 7 -655452 119
3: 1 -7 -788970 119
4: -1 -7 797062 119
1: 1 17 224910 119
2: -1 17 -228242 119
3: 1 -17 -366520 119
4: -1 -17 369852 119
1: 1 35 72828 119
3: 1 -35 -214438 119
1: 1 49 31790 119
2: -1 49 -32946 119
3: 1 -49 -173400 119
4: -1 -49 174556 119
3: 1 -71 -141610 119
1: 1 85 -11662 119
3: 1 -85 -129948 119
1: 1 119 -28560 119
2: -1 119 28084 119
3: 1 -119 -113050 119
4: -1 -119 113526 119
1: 1 245 -50286 119
3: 1 -245 -91324 119
1: 1 289 -53410 119
2: -1 289 53214 119
3: 1 -289 -88200 119
4: -1 -289 88396 119
1: 1 355 -56644 119
3: 1 -355 -84966 119
2: -1 359 56644 119
4: -1 -359 84966 119
1: 1 497 -60690 119
3: 1 -497 -80920 119
1: 1 595 -62356 119
3: 1 -595 -79254 119
1: 1 833 -64770 119
2: -1 833 64702 119
3: 1 -833 -76840 119
4: -1 -833 76908 119
1: 1 1207 -66640 119
3: 1 -1207 -74970 119
1: 1 1445 -67326 119
3: 1 -1445 -74284 119
1: 1 2023 -68320 119
2: -1 2023 68292 119
3: 1 -2023 -73290 119
4: -1 -2023 73318 119
1: 1 2485 -68782 119
3: 1 -2485 -72828 119
2: -1 2513 68782 119
4: -1 -2513 72828 119
1: 1 3479 -69360 119
3: 1 -3479 -72250 119
1: 1 4165 -69598 119
3: 1 -4165 -72012 119
1: 1 6035 -69972 119
3: 1 -6035 -71638 119
2: -1 6103 69972 119
4: -1 -6103 71638 119
1: 1 8449 -70210 119
3: 1 -8449 -71400 119
1: 1 10115 -70308 119
3: 1 -10115 -71302 119
1: 1 14161 -70450 119
2: -1 14161 70446 119
3: 1 -14161 -71160 119
4: -1 -14161 71164 119
1: 1 17395 -70516 119
3: 1 -17395 -71094 119
2: -1 17591 70516 119
4: -1 -17591 71094 119
1: 1 20519 -70560 119
3: 1 -20519 -71050 119
1: 1 42245 -70686 119
3: 1 -42245 -70924 119
2: -1 42721 70686 119
4: -1 -42721 70924 119
1: 1 59143 -70720 119
3: 1 -59143 -70890 119
1: 1 70805 -70734 119
3: 1 -70805 -70876 119
1: 1 102595 -70756 119
3: 1 -102595 -70854 119
2: -1 103751 70756 119
4: -1 -103751 70854 119
1: 1 143633 -70770 119
3: 1 -143633 -70840 119
1: 1 295715 -70788 119
3: 1 -295715 -70822 119
2: -1 299047 70788 119
4: -1 -299047 70822 119
1: 1 718165 -70798 119
3: 1 -718165 -70812 119
2: -1 726257 70798 119
4: -1 -726257 70812 119
1: 2 7 321657 119
2: -2 7 -329749 119
3: 2 -7 -392462 119
4: -2 -7 400554 119
1: 2 17 111622 119
2: -2 17 -114954 119
3: 2 -17 -182427 119
4: -2 -17 185759 119
2: -2 19 -99127 119
4: -2 -19 169932 119
1: 2 49 15606 119
2: -2 49 -16762 119
3: 2 -49 -86411 119
4: -2 -49 87567 119
1: 2 119 -14399 119
2: -2 119 13923 119
3: 2 -119 -56406 119
4: -2 -119 56882 119
2: -2 133 16184 119
4: -2 -133 54621 119
1: 2 289 -26754 119
2: -2 289 26558 119
3: 2 -289 -44051 119
4: -2 -289 44247 119
2: -2 323 27489 119
4: -2 -323 43316 119
1: 2 353 -28322 119
3: 2 -353 -42483 119
2: -2 361 28322 119
4: -2 -361 42483 119
1: 2 833 -32402 119
2: -2 833 32334 119
3: 2 -833 -38403 119
4: -2 -833 38471 119
2: -2 931 32657 119
4: -2 -931 38148 119
1: 2 2023 -34167 119
2: -2 2023 34139 119
3: 2 -2023 -36638 119
4: -2 -2023 36666 119
2: -2 2261 34272 119
4: -2 -2261 36533 119
1: 2 2471 -34391 119
3: 2 -2471 -36414 119
2: -2 2527 34391 119
4: -2 -2527 36414 119
2: -2 5491 34937 119
4: -2 -5491 35868 119
1: 2 6001 -34986 119
3: 2 -6001 -35819 119
2: -2 6137 34986 119
4: -2 -6137 35819 119
1: 2 14161 -35226 119
2: -2 14161 35222 119
3: 2 -14161 -35579 119
4: -2 -14161 35583 119
2: -2 15827 35241 119
4: -2 -15827 35564 119
1: 2 17297 -35258 119
3: 2 -17297 -35547 119
2: -2 17689 35258 119
4: -2 -17689 35547 119
2: -2 38437 35336 119
4: -2 -38437 35469 119
1: 2 42007 -35343 119
3: 2 -42007 -35462 119
2: -2 42959 35343 119
4: -2 -42959 35462 119
1: 2 102017 -35378 119
3: 2 -102017 -35427 119
2: -2 104329 35378 119
4: -2 -104329 35427 119
2: -2 269059 35393 119
4: -2 -269059 35412 119
1: 2 294049 -35394 119
3: 2 -294049 -35411 119
2: -2 300713 35394 119
4: -2 -300713 35411 119
1: 2 714119 -35399 119
3: 2 -714119 -35406 119
2: -2 730303 35399 119
4: -2 -730303 35406 119
4: -3 -3 594762 119
4: -3 -21 105196 119
3: 3 -27 -84966 119
2: -3 33 -28322 119
2: -3 51 -9996 119
4: -3 -147 35258 119
3: 3 -189 -32368 119
2: -3 231 16184 119
3: 3 -351 -28322 119
2: -3 357 18802 119
4: -3 -363 28322 119
1: 3 459 -19992 119
4: -3 -561 26656 119
4: -3 -867 25578 119
3: 3 -1323 -24854 119
2: -3 1617 22542 119
3: 3 -2457 -24276 119
2: -3 2499 22916 119
4: -3 -2541 24276 119
1: 3 3213 -23086 119
4: -3 -3927 24038 119
1: 3 5967 -23324 119
4: -3 -6069 23884 119
2: -3 6171 23324 119
3: 3 -7803 -23814 119
2: -3 9537 23422 119
3: 3 -17199 -23698 119
4: -3 -17787 23698 119
1: 3 22491 -23528 119
4: -3 -27489 23664 119
1: 3 41769 -23562 119
4: -3 -42483 23642 119
2: -3 43197 23562 119
3: 3 -54621 -23632 119
2: -3 66759 23576 119
3: 3 -101439 -23618 119
4: -3 -104907 23618 119
1: 3 292383 -23596 119
2: -3 302379 23596 119
3: 3 -382347 -23606 119
2: -3 467313 23598 119
3: 3 -710073 -23604 119
4: -3 -734349 23604 119
2: -4 5 -240737 119
3: 4 -7 -194208 119
4: -4 -7 202300 119
1: 4 17 54978 119
2: -4 17 -58310 119
4: -4 -35 54621 119
1: 4 49 7514 119
2: -4 49 -8670 119
2: -4 85 2499 119
3: 4 -119 -28084 119
4: -4 -119 28560 119
2: -4 245 12427 119
1: 4 289 -13426 119
2: -4 289 13230 119
1: 4 349 -14161 119
2: -4 365 14161 119
4: -4 -511 20230 119
4: -4 -595 19873 119
1: 4 833 -16218 119
2: -4 833 16150 119
2: -4 1241 16660 119
2: -4 1445 16807 119
3: 4 -2023 -18312 119
4: -4 -2023 18340 119
3: 4 -2443 -18207 119
4: -4 -2555 18207 119
2: -4 3577 17340 119
2: -4 4165 17391 119
1: 4 5933 -17493 119
2: -4 6205 17493 119
4: -4 -8687 17850 119
4: -4 -10115 17829 119
1: 4 14161 -17614 119
2: -4 14161 17610 119
1: 4 17101 -17629 119
2: -4 17885 17629 119
2: -4 21097 17640 119
3: 4 -41531 -17731 119
4: -4 -43435 17731 119
2: -4 60809 17680 119
2: -4 70805 17683 119
1: 4 100861 -17689 119
2: -4 105485 17689 119
4: -4 -147679 17710 119
1: 4 290717 -17697 119
2: -4 304045 17697 119
3: 4 -706027 -17703 119
4: -4 -738395 17703 119
3: 6 -3 -283220 119
2: -6 9 -84966 119
1: 6 15 42483 119
3: 6 -21 -50575 119
1: 6 51 4165 119
2: -6 63 -2023 119
1: 6 105 -4046 119
3: 6 -147 -17340 119
4: -6 -153 17493 119
3: 6 -255 -14994 119
3: 6 -345 -14161 119
1: 6 357 -9520 119
4: -6 -369 14161 119
2: -6 441 9826 119
1: 6 483 -10115 119
1: 6 735 -10693 119
3: 6 -867 -12740 119
4: -6 -1071 12614 119
3: 6 -1173 -12495 119
3: 6 -1785 -12257 119
3: 6 -2415 -12138 119
1: 6 2499 -11475 119
4: -6 -2583 12138 119
2: -6 2601 11466 119
1: 6 3381 -11560 119
1: 6 4335 -11613 119
1: 6 5865 -11662 119
3: 6 -6069 -11935 119
2: -6 6273 11662 119
4: -6 -7497 11917 119
3: 6 -8211 -11900 119
3: 6 -12495 -11866 119
3: 6 -16905 -11849 119
4: -6 -18081 11849 119
2: -6 18207 11753 119
1: 6 19941 -11760 119
1: 6 30345 -11774 119
1: 6 41055 -11781 119
3: 6 -42483 -11820 119
2: -6 43911 11781 119
3: 6 -57477 -11815 119
3: 6 -99705 -11809 119
4: -6 -106641 11809 119
2: -6 127449 11794 119
1: 6 139587 -11795 119
1: 6 212415 -11797 119
1: 6 287385 -11798 119
2: -6 307377 11798 119
3: 6 -697935 -11802 119
4: -6 -746487 11802 119
1: 6 977109 -11800 119
1: 7 1 683774 119
2: -7 1 -740418 119
3: 7 -1 -704004 119
4: -7 -1 760648 119
1: 7 17 30702 119
2: -7 17 -34034 119
3: 7 -17 -50932 119
4: -7 -17 54264 119
2: -7 49 -5202 119
4: -7 -49 25432 119
2: -7 53 -4046 119
4: -7 -53 24276 119
1: 7 289 -7714 119
2: -7 289 7518 119
3: 7 -289 -12516 119
4: -7 -289 12712 119
2: -7 833 9214 119
4: -7 -833 11016 119
2: -7 901 9282 119
4: -7 -901 10948 119
1: 7 2401 -9826 119
3: 7 -2401 -10404 119
2: -7 2597 9826 119
4: -7 -2597 10404 119
2: -7 14161 10062 119
4: -7 -14161 10168 119
2: -7 15317 10066 119
4: -7 -15317 10164 119
1: 7 40817 -10098 119
3: 7 -40817 -10132 119
2: -7 44149 10098 119
4: -7 -44149 10132 119
1: 7 693889 -10114 119
3: 7 -693889 -10116 119
2: -7 750533 10114 119
4: -7 -750533 10116 119
1: 8 1 594762 119
2: -8 1 -651406 119
3: 8 -7 -95081 119
4: -8 -7 103173 119
1: 8 17 26656 119
2: -8 17 -29988 119
3: 8 -31 -28322 119
1: 8 49 3468 119
2: -8 49 -4624 119
3: 8 -119 -13923 119
4: -8 -119 14399 119
1: 8 217 -6069 119
1: 8 289 -6762 119
2: -8 289 6566 119
3: 8 -527 -9996 119
1: 8 833 -8126 119
2: -8 833 8058 119
3: 8 -1519 -9248 119
3: 8 -2023 -9149 119
4: -8 -2023 9177 119
1: 8 3689 -8687 119
3: 8 -8959 -8918 119
1: 8 14161 -8808 119
2: -8 14161 8804 119
3: 8 -25823 -8874 119
1: 8 62713 -8841 119
3: 8 -438991 -8852 119
1: 9 3 169932 119
2: -9 21 -20230 119
3: 9 -51 -18326 119
4: -9 -357 9520 119
4: -9 -735 8670 119
1: 9 867 -7252 119
4: -9 -1275 8330 119
3: 9 -2373 -8092 119
4: -9 -2625 8092 119
2: -9 6069 7770 119
2: -9 12495 7820 119
2: -9 21675 7840 119
1: 9 40341 -7854 119
2: -9 44625 7854 119
4: -9 -212415 7870 119
3: 9 -685797 -7868 119
4: -9 -758625 7868 119
1: 11 1 424830 119
2: -11 1 -481474 119
1: 11 595 -5712 119
3: 11 -2023 -6650 119
4: -11 -2023 6678 119
1: 11 39865 -6426 119
2: -11 45101 6426 119
3: 11 -135541 -6440 119
4: -12 -3 155771 119
3: 12 -63 -12138 119
4: -12 -147 8959 119
1: 12 153 -3332 119
2: -12 357 4641 119
4: -12 -867 6419 119
3: 12 -2331 -6069 119
4: -12 -2667 6069 119
1: 12 5661 -5831 119
2: -12 6477 5831 119
1: 12 7497 -5848 119
3: 12 -18207 -5922 119
4: -12 -42483 5911 119
1: 12 277389 -5899 119
2: -12 317373 5899 119
3: 12 -673659 -5901 119
4: -12 -770763 5901 119
3: 13 -17 -26656 119
4: -13 -17 29988 119
3: 13 -14161 -5472 119
4: -13 -14161 5476 119
1: 13 669613 -5446 119
2: -13 774809 5446 119
1: 14 1 327726 119
2: -14 1 -384370 119
3: 14 -1 -337841 119
4: -14 -1 394485 119
2: -14 5 -72828 119
4: -14 -5 82943 119
2: -14 11 -30345 119
4: -14 -11 40460 119
1: 14 17 14518 119
2: -14 17 -17850 119
3: 14 -17 -24633 119
4: -14 -17 27965 119
1: 14 47 2023 119
3: 14 -47 -12138 119
1: 14 49 1734 119
2: -14 49 -2890 119
3: 14 -49 -11849 119
4: -14 -49 13005 119
2: -14 55 -2023 119
4: -14 -55 12138 119
2: -14 85 476 119
4: -14 -85 9639 119
2: -14 187 2975 119
4: -14 -187 7140 119
2: -14 245 3468 119
4: -14 -245 6647 119
1: 14 289 -3906 119
2: -14 289 3710 119
3: 14 -289 -6209 119
4: -14 -289 6405 119
2: -14 539 4335 119
4: -14 -539 5780 119
1: 14 799 -4641 119
3: 14 -799 -5474 119
1: 14 833 -4658 119
2: -14 833 4590 119
3: 14 -833 -5457 119
4: -14 -833 5525 119
2: -14 935 4641 119
4: -14 -935 5474 119
2: -14 1445 4788 119
4: -14 -1445 5327 119
1: 14 2303 -4913 119
3: 14 -2303 -5202 119
2: -14 2695 4913 119
4: -14 -2695 5202 119
2: -14 3179 4935 119
4: -14 -3179 5180 119
2: -14 4165 4964 119
4: -14 -4165 5151 119
2: -14 9163 5015 119
4: -14 -9163 5100 119
1: 14 13583 -5033 119
3: 14 -13583 -5082 119
1: 14 14161 -5034 119
2: -14 14161 5030 119
3: 14 -14161 -5081 119
4: -14 -14161 5085 119
2: -14 15895 5033 119
4: -14 -15895 5082 119
1: 14 39151 -5049 119
3: 14 -39151 -5066 119
2: -14 45815 5049 119
4: -14 -45815 5066 119
2: -14 70805 5052 119
4: -14 -70805 5063 119
2: -14 155771 5055 119
4: -14 -155771 5060 119
1: 14 665567 -5057 119
3: 14 -665567 -5058 119
2: -14 778855 5057 119
4: -14 -778855 5058 119
1: 16 1 283220 119
2: -16 1 -339864 119
1: 16 17 12495 119
2: -16 17 -15827 119
1: 16 49 1445 119
2: -16 49 -2601 119
3: 16 -175 -6069 119
1: 16 289 -3430 119
2: -16 289 3234 119
1: 16 833 -4080 119
2: -16 833 4012 119
1: 16 1105 -4165 119
3: 16 -2975 -4522 119
1: 16 3185 -4335 119
1: 16 14161 -4405 119
2: -16 14161 4401 119
1: 16 18785 -4410 119
3: 16 -50575 -4431 119
1: 16 54145 -4420 119
1: 16 920465 -4425 119
1: 17 1 264894 119
2: -17 1 -321538 119
3: 17 -1 -273224 119
4: -17 -1 329868 119
1: 17 7 34272 119
2: -17 7 -42364 119
3: 17 -7 -42602 119
4: -17 -7 50694 119
1: 17 19 9996 119
3: 17 -19 -18326 119
2: -17 23 -9996 119
4: -17 -23 18326 119
1: 17 49 1326 119
2: -17 49 -2482 119
3: 17 -49 -9656 119
4: -17 -49 10812 119
1: 17 133 -2142 119
3: 17 -133 -6188 119
2: -17 161 2142 119
4: -17 -161 6188 119
1: 17 289 -3234 119
2: -17 289 3038 119
3: 17 -289 -5096 119
4: -17 -289 5292 119
1: 17 931 -3876 119
3: 17 -931 -4454 119
2: -17 1127 3876 119
4: -17 -1127 4454 119
1: 17 2023 -4032 119
2: -17 2023 4004 119
3: 17 -2023 -4298 119
4: -17 -2023 4326 119
1: 17 5491 -4116 119
3: 17 -5491 -4214 119
2: -17 6647 4116 119
4: -17 -6647 4214 119
1: 17 14161 -4146 119
2: -17 14161 4142 119
3: 17 -14161 -4184 119
4: -17 -14161 4188 119
1: 17 38437 -4158 119
3: 17 -38437 -4172 119
2: -17 46529 4158 119
4: -17 -46529 4172 119
1: 17 269059 -4164 119
3: 17 -269059 -4166 119
2: -17 325703 4164 119
4: -17 -325703 4166 119
2: -18 3 -99127 119
1: 18 21 8092 119
4: -18 -51 9996 119
3: 18 -357 -4641 119
2: -18 867 3577 119
3: 18 -2247 -4046 119
4: -18 -2751 4046 119
1: 18 6069 -3892 119
1: 18 38199 -3927 119
2: -18 46767 3927 119
3: 18 -649383 -3934 119
4: -18 -795039 3934 119
4: -19 -35 12138 119
3: 19 -187 -4998 119
3: 19 -833 -4012 119
4: -19 -833 4080 119
1: 19 92191 -3724 119
2: -19 114155 3724 119
1: 19 410669 -3726 119
4: -21 -3 93058 119
1: 21 9 20230 119
3: 21 -45 -8092 119
2: -21 51 -1904 119
4: -21 -57 8092 119
4: -21 -147 5202 119
3: 21 -153 -4760 119
1: 21 441 -2890 119
1: 21 765 -3094 119
4: -21 -867 3682 119
2: -21 969 3094 119
3: 21 -2205 -3468 119
2: -21 2499 3264 119
1: 21 2601 -3290 119
4: -21 -2793 3468 119
3: 21 -7497 -3400 119
3: 21 -13005 -3388 119
4: -21 -16473 3388 119
1: 21 37485 -3366 119
4: -21 -42483 3378 119
2: -21 47481 3366 119
1: 21 127449 -3370 119
3: 21 -637245 -3372 119
4: -21 -807177 3372 119
1: 22 1 198254 119
2: -22 1 -254898 119
3: 22 -2023 -3318 119
4: -22 -2023 3346 119
1: 22 37247 -3213 119
2: -22 47719 3213 119
1: 23 7 24276 119
2: -23 7 -32368 119
4: -23 -637 3468 119
3: 23 -14161 -3092 119
4: -23 -14161 3096 119
2: -24 3969 2890 119
4: -24 -9639 2975 119
2: -24 23409 2940 119
3: 26 -17 -12495 119
4: -26 -17 15827 119
1: 26 35 2023 119
3: 26 -14161 -2735 119
4: -26 -14161 2739 119
1: 26 50813 -2720 119
1: 26 617015 -2723 119
2: -26 827407 2723 119
2: -27 147 1156 119
3: 27 -2499 -2686 119
1: 27 36057 -2618 119
2: -27 48909 2618 119
1: 28 1 149702 119
2: -28 1 -206346 119
1: 28 17 6426 119
2: -28 17 -9758 119
3: 28 -43 -6069 119
1: 28 49 578 119
2: -28 49 -1734 119
4: -28 -59 6069 119
1: 28 289 -2002 119
2: -28 289 1806 119
3: 28 -731 -2737 119
1: 28 833 -2346 119
2: -28 833 2278 119
4: -28 -1003 2737 119
3: 28 -2107 -2601 119
4: -28 -2891 2601 119
3: 28 -12427 -2541 119
1: 28 14161 -2518 119
2: -28 14161 2514 119
4: -28 -17051 2541 119
3: 28 -35819 -2533 119
4: -28 -49147 2533 119
3: 28 -608923 -2529 119
4: -28 -835499 2529 119
3: 29 -91 -4046 119
1: 29 1127 -2312 119
4: -29 -23987 2450 119
1: 29 26299 -2436 119
3: 29 -325703 -2442 119
1: 31 245 -1734 119
1: 32 1 127449 119
2: -32 1 -184093 119
1: 32 289 -1764 119
2: -32 289 1568 119
1: 32 833 -2057 119
2: -32 833 1989 119
3: 33 -21 -8092 119
4: -33 -153 3332 119
2: -33 441 1734 119
1: 33 34629 -2142 119
2: -33 50337 2142 119
1: 34 1 118286 119
2: -34 1 -174930 119
3: 34 -1 -122451 119
4: -34 -1 179095 119
2: -34 5 -33320 119
4: -34 -5 37485 119
1: 34 7 15113 119
2: -34 7 -23205 119
3: 34 -7 -19278 119
4: -34 -7 27370 119
2: -34 25 -4998 119
4: -34 -25 9163 119
2: -34 35 -2975 119
4: -34 -35 7140 119
1: 34 49 374 119
2: -34 49 -1530 119
3: 34 -49 -4539 119
4: -34 -49 5695 119
2: -34 175 1071 119
4: -34 -175 3094 119
2: -34 245 1360 119
4: -34 -245 2805 119
2: -34 289 1470 119
4: -34 -289 2695 119
2: -34 1225 1938 119
4: -34 -1225 2227 119
2: -34 1445 1960 119
4: -34 -1445 2205 119
2: -34 2023 1995 119
4: -34 -2023 2170 119
1: 34 4913 -2058 119
3: 34 -4913 -2107 119
2: -34 7225 2058 119
4: -34 -7225 2107 119
2: -34 10115 2065 119
4: -34 -10115 2100 119
2: -34 14161 2070 119
4: -34 -14161 2095 119
1: 34 34391 -2079 119
3: 34 -34391 -2086 119
2: -34 50575 2079 119
4: -34 -50575 2086 119
2: -34 70805 2080 119
4: -34 -70805 2085 119
1: 34 240737 -2082 119
3: 34 -240737 -2083 119
2: -34 354025 2082 119
4: -34 -354025 2083 119
2: -36 21 -6069 119
3: 36 -51 -4165 119
2: -36 561 1666 119
1: 36 1785 -1904 119
3: 36 -1995 -2023 119
4: -36 -3003 2023 119
2: -36 6069 1939 119
1: 36 16473 -1960 119
4: -36 -32487 1972 119
3: 36 -576555 -1967 119
4: -36 -867867 1967 119
1: 37 14161 -1906 119
2: -37 14161 1902 119
3: 38 -833 -1989 119
4: -38 -833 2057 119
1: 38 81209 -1862 119
2: -38 125137 1862 119
4: -39 -147 2890 119
4: -39 -1785 1904 119
1: 39 7497 -1802 119
1: 41 2023 -1680 119
2: -41 2023 1652 119
3: 41 -13475 -1734 119
4: -41 -21511 1734 119
3: 42 -3 -32368 119
4: -42 -9 18207 119
3: 42 -39 -4046 119
1: 42 51 119 119
3: 42 -147 -2312 119
2: -42 153 714 119
1: 42 663 -1547 119
3: 42 -867 -1792 119
3: 42 -1911 -1734 119
1: 42 2499 -1649 119
4: -42 -2601 1743 119
4: -42 -3087 1734 119
3: 42 -11271 -1694 119
1: 42 32487 -1683 119
3: 42 -42483 -1688 119
2: -42 52479 1683 119
3: 42 -552279 -1686 119
4: -42 -892143 1686 119
3: 43 -49 -3468 119
4: -43 -49 4624 119
3: 43 -4607 -1666 119
4: -43 -7531 1666 119
1: 44 1 84966 119
2: -44 1 -141610 119
3: 44 -2023 -1652 119
4: -44 -2023 1680 119
4: -44 -180047 1610 119
1: 46 7 10115 119
2: -46 7 -18207 119
3: 46 -85 -2499 119
3: 46 -14161 -1545 119
4: -46 -14161 1549 119
3: 46 -107219 -1540 119
3: 48 -1071 -1547 119
1: 49 1 73406 119
2: -49 1 -130050 119
3: 49 -1 -76296 119
4: -49 -1 132940 119
2: -49 5 -24854 119
4: -49 -5 27744 119
1: 49 7 9248 119
2: -49 7 -17340 119
2: -49 13 -8670 119
4: -49 -13 11560 119
1: 49 17 2958 119
2: -49 17 -6290 119
3: 49 -17 -5848 119
4: -49 -17 9180 119
2: -49 35 -2312 119
4: -49 -35 5202 119
1: 49 37 578 119
3: 49 -37 -3468 119
2: -49 65 -578 119
4: -49 -65 3468 119
2: -49 85 -102 119
4: -49 -85 2992 119
4: -49 -91 2890 119
1: 49 119 -816 119
2: -49 119 340 119
3: 49 -119 -2074 119
4: -49 -119 2550 119
2: -49 221 850 119
4: -49 -221 2040 119
1: 49 259 -1156 119
3: 49 -259 -1734 119
1: 49 289 -1186 119
2: -49 289 990 119
3: 49 -289 -1704 119
4: -49 -289 1900 119
2: -49 455 1156 119
4: -49 -455 1734 119
2: -49 595 1224 119
1: 49 629 -1326 119
3: 49 -629 -1564 119
2: -49 1105 1326 119
4: -49 -1105 1564 119
2: -49 1445 1354 119
4: -49 -1445 1536 119
2: -49 1547 1360 119
4: -49 -1547 1530 119
1: 49 2023 -1408 119
2: -49 2023 1380 119
3: 49 -2023 -1482 119
4: -49 -2023 1510 119
2: -49 3757 1410 119
4: -49 -3757 1480 119
3: 49 -4403 -1462 119
4: -49 -7735 1462 119
2: -49 10115 1432 119
4: -49 -10115 1458 119
1: 49 10693 -1438 119
3: 49 -10693 -1452 119
2: -49 18785 1438 119
4: -49 -18785 1452 119
2: -49 26299 1440 119
4: -49 -26299 1450 119
1: 49 74851 -1444 119
3: 49 -74851 -1446 119
2: -49 131495 1444 119
4: -49 -131495 1446 119
3: 51 -3 -24990 119
1: 51 15 3332 119
3: 51 -21 -4760 119
2: -51 27 -3332 119
1: 51 105 -714 119
3: 51 -147 -1870 119
2: -51 189 714 119
1: 51 735 -1292 119
3: 51 -867 -1470 119
2: -51 1323 1292 119
1: 51 4335 -1372 119
3: 51 -6069 -1400 119
2: -51 7803 1372 119
1: 51 30345 -1386 119
3: 51 -42483 -1390 119
2: -51 54621 1386 119
1: 51 212415 -1388 119
2: -51 382347 1388 119
1: 52 1309 -1309 119
3: 52 -6647 -1372 119
3: 53 -289 -1568 119
4: -53 -289 1764 119
1: 54 147 -867 119
2: -54 255 833 119
4: -54 -2499 1360 119
1: 54 29631 -1309 119
2: -54 55335 1309 119
1: 56 1 60690 119
2: -56 1 -117334 119
1: 56 17 2380 119
2: -56 17 -5712 119
2: -56 49 -1156 119
1: 56 289 -1050 119
2: -56 289 854 119
3: 56 -343 -1445 119
2: -56 833 1122 119
3: 56 -5831 -1275 119
2: -56 14161 1256 119
3: 56 -99127 -1265 119
4: -58 -1309 1309 119
4: -58 -35819 1224 119
2: -59 11305 1190 119
1: 61 11515 -1156 119
2: -61 23471 1156 119
2: -62 1547 1071 119
1: 63 3 16184 119
3: 63 -51 -2142 119
1: 63 867 -1064 119
3: 63 -1617 -1156 119
4: -63 -3381 1156 119
1: 63 27489 -1122 119
2: -63 57477 1122 119
3: 63 -467313 -1124 119
4: -63 -977109 1124 119
1: 64 289 -931 119
2: -64 289 735 119
2: -64 80801 1105 119
4: -66 -21 6069 119
1: 66 26775 -1071 119
2: -66 58191 1071 119
1: 68 1 44982 119
2: -68 1 -101626 119
3: 68 -7 -7616 119
4: -68 -7 15708 119
1: 68 13 2499 119
2: -68 29 -2499 119
1: 68 49 -102 119
2: -68 49 -1054 119
3: 68 -91 -1547 119
4: -68 -203 1547 119
1: 68 289 -882 119
2: -68 289 686 119
1: 68 637 -969 119
2: -68 1421 969 119
3: 68 -2023 -1064 119
4: -68 -2023 1092 119
1: 68 3757 -1029 119
2: -68 8381 1029 119
1: 68 14161 -1038 119
2: -68 14161 1034 119
3: 68 -26299 -1043 119
4: -68 -58667 1043 119
1: 68 184093 -1041 119
2: -68 410669 1041 119
3: 69 -867 -1078 119
2: -69 637245 1026 119
1: 74 323 -833 119
1: 74 14161 -954 119
2: -74 14161 950 119
3: 76 -35 -2023 119
1: 76 59245 -931 119
2: -76 147101 931 119
1: 77 1 36414 119
2: -77 1 -93058 119
3: 77 -8381 -924 119
4: -77 -21097 924 119
1: 77 24157 -918 119
2: -77 60809 918 119
3: 78 -147 -1156 119
4: -78 -382347 908 119
3: 81 -4335 -882 119
2: -81 42483 872 119
1: 82 2023 -847 119
2: -82 2023 819 119
3: 82 -9457 -867 119
4: -82 -25529 867 119
4: -84 -3 30345 119
3: 84 -27 -2023 119
4: -84 -75 2023 119
4: -84 -147 1445 119
4: -84 -255 1190 119
4: -84 -867 945 119
3: 84 -1323 -867 119
4: -84 -3675 867 119
3: 84 -7803 -847 119
4: -84 -12495 850 119
4: -84 -21675 847 119
4: -84 -42483 845 119
3: 84 -382347 -843 119
3: 86 -49 -1445 119
4: -86 -49 2601 119
3: 86 -3145 -833 119
1: 86 4165 -816 119
4: -86 -8993 833 119
1: 88 1 28322 119
2: -88 1 -84966 119
3: 88 -2023 -819 119
4: -88 -2023 847 119
4: -89 -4165 816 119
3: 91 -17 -2380 119
4: -91 -17 5712 119
1: 91 425 -714 119
3: 91 -14161 -780 119
1: 91 354025 -778 119
4: -93 -3 28322 119
4: -96 -63 2023 119
3: 96 -255 -833 119
1: 96 9537 -735 119
4: -96 -18207 742 119
1: 98 1 22542 119
2: -98 1 -79186 119
3: 98 -1 -23987 119
4: -98 -1 80631 119
1: 98 7 2601 119
2: -98 7 -10693 119
1: 98 17 646 119
2: -98 17 -3978 119
3: 98 -17 -2091 119
4: -98 -17 5423 119
1: 98 23 289 119
3: 98 -23 -1734 119
2: -98 79 -289 119
4: -98 -79 1734 119
1: 98 119 -527 119
2: -98 119 51 119
3: 98 -119 -918 119
4: -98 -119 1394 119
1: 98 161 -578 119
3: 98 -161 -867 119
1: 98 289 -642 119
2: -98 289 446 119
3: 98 -289 -803 119
4: -98 -289 999 119
1: 98 391 -663 119
3: 98 -391 -782 119
2: -98 553 578 119
4: -98 -553 867 119
2: -98 1343 663 119
4: -98 -1343 782 119
1: 98 2023 -711 119
2: -98 2023 683 119
3: 98 -2023 -734 119
4: -98 -2023 762 119
3: 98 -2737 -731 119
1: 98 6647 -719 119
3: 98 -6647 -726 119
4: -98 -9401 731 119
2: -98 22831 719 119
4: -98 -22831 726 119
1: 98 46529 -722 119
3: 98 -46529 -723 119
2: -98 159817 722 119
4: -98 -159817 723 119
1: 99 18921 -714 119
2: -99 66045 714 119
2: -101 637 578 119
1: 101 1445 -686 119
4: -102 -3 26656 119
1: 102 9 1666 119
4: -102 -21 4403 119
2: -102 33 -1666 119
1: 102 63 -357 119
4: -102 -147 1224 119
2: -102 231 357 119
1: 102 441 -646 119
4: -102 -867 784 119
2: -102 1617 646 119
1: 102 2601 -686 119
4: -102 -6069 707 119
2: -102 9537 686 119
1: 102 18207 -693 119
4: -102 -42483 696 119
2: -102 66759 693 119
1: 102 127449 -694 119
2: -102 467313 694 119
2: -104 94129 680 119
3: 106 -289 -735 119
4: -106 -289 931 119
3: 108 -2499 -663 119
2: -109 20825 646 119
1: 112 1 16184 119
2: -112 1 -72828 119
1: 112 17 357 119
2: -112 17 -3689 119
1: 112 49 -289 119
2: -112 49 -867 119
1: 112 289 -574 119
2: -112 289 378 119
1: 112 833 -612 119
2: -112 833 544 119
1: 112 14161 -631 119
2: -112 14161 627 119
4: -116 -323 833 119
1: 117 867 -588 119
1: 119 1 13566 119
2: -119 1 -70210 119
3: 119 -1 -14756 119
4: -119 -1 71400 119
2: -119 5 -13566 119
4: -119 -5 14756 119
1: 119 49 -306 119
2: -119 49 -850 119
3: 119 -49 -884 119
4: -119 -49 2040 119
2: -119 245 306 119
4: -119 -245 884 119
1: 119 289 -546 119
2: -119 289 350 119
3: 119 -289 -644 119
4: -119 -289 840 119
2: -119 1445 546 119
4: -119 -1445 644 119
1: 119 14161 -594 119
2: -119 14161 590 119
3: 119 -14161 -596 119
4: -119 -14161 600 119
2: -119 70805 594 119
4: -119 -70805 596 119
1: 122 5537 -578 119
2: -122 29449 578 119
3: 123 -5439 -578 119
4: -123 -29547 578 119
2: -124 245 289 119
2: -126 3 -22253 119
4: -126 -51 1904 119
3: 126 -735 -578 119
2: -126 867 483 119
4: -126 -4263 578 119
1: 126 12495 -561 119
2: -126 72471 561 119
3: 126 -212415 -562 119
4: -129 -6069 560 119
3: 133 -833 -544 119
4: -133 -833 612 119
1: 136 1 8330 119
2: -136 1 -64974 119
3: 136 -7 -1785 119
4: -136 -7 9877 119
1: 136 49 -340 119
2: -136 49 -816 119
1: 136 289 -490 119
2: -136 289 294 119
3: 136 -2023 -525 119
4: -136 -2023 553 119
1: 136 14161 -520 119
2: -136 14161 516 119
4: -138 -867 588 119
4: -139 -105791 510 119
4: -144 -735 578 119
2: -144 37281 490 119
4: -144 -212415 492 119
2: -146 7021 476 119
3: 146 -184093 -485 119
4: -147 -3 21386 119
3: 147 -9 -1156 119
4: -147 -21 3468 119
2: -147 51 -748 119
3: 147 -63 -578 119
4: -147 -93 1156 119
1: 147 153 -442 119
2: -147 357 306 119
4: -147 -651 578 119
4: -147 -867 554 119
2: -147 1581 442 119
3: 147 -2601 -484 119
4: -147 -6069 492 119
3: 147 -18207 -482 119
4: -147 -26877 484 119
4: -147 -188139 482 119
1: 148 14161 -478 119
2: -148 14161 474 119
3: 149 -7021 -476 119
4: -149 -77945 476 119
2: -153 3 -19992 119
1: 153 21 -238 119
2: -153 273 238 119
2: -153 867 392 119
1: 153 6069 -462 119
2: -153 78897 462 119
1: 154 1 4046 119
2: -154 1 -60690 119
1: 154 5831 -459 119
4: -154 -27455 462 119
2: -154 79135 459 119
4: -154 -269059 460 119
4: -156 -147 867 119
3: 161 -85 -476 119
4: -161 -1649 476 119
3: 161 -14161 -440 119
4: -161 -14161 444 119
1: 162 42483 -437 119
2: -168 9 -6069 119
2: -168 441 289 119
2: -168 2601 399 119
2: -168 127449 421 119
2: -176 1 -56644 119
4: -178 -46529 399 119
2: -179 15895 392 119
4: -181 -1 56644 119
3: 182 -17 -357 119
4: -182 -17 3689 119
2: -182 1751 357 119
3: 182 -14161 -389 119
4: -182 -14161 393 119
4: -184 -293335 385 119
1: 187 1 -1666 119
2: -187 1 -54978 119
4: -187 -43 1666 119
3: 187 -2023 -378 119
4: -187 -2023 406 119
2: -187 86989 378 119
4: -189 -15 4046 119
3: 189 -2499 -374 119
2: -189 87465 374 119
2: -192 4641 357 119
1: 196 1 -2890 119
2: -196 1 -53754 119
1: 196 5 -867 119
1: 196 17 -510 119
2: -196 17 -2822 119
3: 196 -35 -289 119
1: 196 85 -391 119
4: -196 -107 867 119
3: 196 -119 -340 119
4: -196 -119 816 119
1: 196 289 -370 119
2: -196 289 174 119
2: -196 749 289 119
1: 196 1445 -363 119
4: -196 -1819 391 119
3: 196 -2023 -360 119
4: -196 -2023 388 119
3: 196 -10115 -361 119
4: -196 -30923 363 119
2: -196 216461 361 119
3: 198 -4641 -357 119
2: -198 89607 357 119
3: 204 -3 833 119
2: -204 45 -833 119
4: -204 -63 1190 119
3: 204 -147 -323 119
3: 204 -867 -343 119
2: -204 2205 323 119
2: -204 13005 343 119
4: -204 -18207 350 119
3: 204 -42483 -347 119
2: -204 637245 347 119
1: 211 10115 -336 119
4: -214 -10115 336 119
1: 221 35 -476 119
4: -221 -329 476 119
3: 221 -14161 -320 119
4: -221 -14161 324 119
1: 224 1 -6069 119
2: -224 1 -50575 119
1: 224 289 -336 119
2: -224 289 140 119
1: 224 833 -323 119
2: -224 833 255 119
3: 226 -245 -289 119
1: 231 4335 -308 119
3: 231 -12495 -306 119
4: -231 -33813 308 119
2: -231 97461 306 119
2: -234 867 245 119
2: -234 3675 289 119
3: 236 -325703 -300 119
1: 238 1 -7378 119
2: -238 1 -49266 119
3: 238 -1 6783 119
4: -238 -1 49861 119
1: 238 49 -442 119
3: 238 -49 -153 119
1: 238 289 -322 119
2: -238 289 126 119
3: 238 -289 -273 119
4: -238 -289 469 119
2: -238 343 153 119
4: -238 -343 442 119
1: 238 14161 -298 119
3: 238 -14161 -297 119
2: -238 99127 297 119
4: -238 -99127 298 119
3: 239 -3179 -294 119
1: 241 36125 -294 119
4: -241 -242471 294 119
3: 244 -6419 -289 119
2: -244 41405 289 119
1: 246 6615 -289 119
4: -246 -41601 289 119
4: -247 -6647 294 119
3: 252 -51 -119 119
1: 252 1029 -289 119
4: -252 -6027 289 119
1: 252 297381 -281 119
4: -256 -3871 289 119
3: 258 -6069 -273 119
4: -259 -7225 280 119
1: 259 14161 -274 119
2: -259 14161 270 119
1: 261 12495 -272 119
1: 264 441 -289 119
4: -264 -12495 272 119
3: 266 -833 -255 119
4: -266 -833 323 119
1: 272 1 -9996 119
2: -272 1 -46648 119
1: 272 49 -459 119
2: -272 49 -697 119
1: 272 289 -294 119
2: -272 289 98 119
1: 272 14161 -261 119
2: -272 14161 257 119
4: -273 -147 578 119
3: 273 -459 -238 119
2: -273 2193 238 119
3: 276 -867 -245 119
4: -279 -212415 254 119
1: 281 414715 -252 119
3: 282 -127449 -251 119
2: -284 10693 245 119
1: 289 1 -11074 119
2: -289 1 -45570 119
3: 289 -1 10584 119
4: -289 -1 46060 119
2: -289 5 -8918 119
4: -289 -5 9408 119
1: 289 7 -1792 119
2: -289 7 -6300 119
3: 289 -7 1302 119
4: -289 -7 6790 119
2: -289 11 -3920 119
4: -289 -11 4410 119
1: 289 13 -1078 119
3: 289 -13 588 119
1: 289 17 -882 119
2: -289 17 -2450 119
3: 289 -17 392 119
4: -289 -17 2940 119
2: -289 35 -1064 119
4: -289 -35 1554 119
1: 289 49 -466 119
2: -289 49 -690 119
3: 289 -49 -24 119
4: -289 -49 1180 119
2: -289 55 -588 119
4: -289 -55 1078 119
2: -289 77 -350 119
4: -289 -77 840 119
2: -289 85 -294 119
4: -289 -85 784 119
1: 289 91 -364 119
3: 289 -91 -126 119
1: 289 119 -336 119
2: -289 119 -140 119
3: 289 -119 -154 119
4: -289 -119 630 119
4: -289 -187 490 119
1: 289 221 -294 119
3: 289 -221 -196 119
2: -289 245 58 119
4: -289 -245 432 119
2: -289 385 126 119
4: -289 -385 364 119
2: -289 539 160 119
4: -289 -539 330 119
2: -289 595 168 119
4: -289 -595 322 119
1: 289 637 -262 119
3: 289 -637 -228 119
1: 289 833 -258 119
2: -289 833 190 119
3: 289 -833 -232 119
4: -289 -833 300 119
2: -289 935 196 119
4: -289 -935 294 119
2: -289 1309 210 119
4: -289 -1309 280 119
1: 289 1547 -252 119
2: -289 2695 228 119
4: -289 -2695 262 119
2: -289 4165 234 119
4: -289 -4165 256 119
4: -289 -6545 252 119
2: -289 9163 240 119
4: -289 -9163 250 119
1: 289 10829 -246 119
3: 289 -10829 -244 119
2: -289 45815 244 119
4: -289 -45815 246 119
3: 294 -3 3468 119
3: 294 -21 289 119
2: -294 27 -1445 119
1: 294 33 -578 119
1: 294 51 -459 119
4: -294 -135 578 119
1: 294 231 -289 119
1: 294 357 -272 119
4: -294 -459 340 119
3: 294 -561 -221 119
3: 294 -867 -228 119
4: -294 -945 289 119
2: -294 2295 221 119
4: -294 -3213 255 119
3: 294 -6069 -239 119
2: -294 7803 235 119
1: 294 9537 -242 119
4: -294 -39015 242 119
2: -294 54621 240 119
1: 294 66759 -241 119
4: -294 -273105 241 119
1: 296 14161 -240 119
2: -296 14161 236 119
3: 297 -28203 -238 119
2: -297 113169 238 119
1: 298 28441 -238 119
4: -298 -113407 238 119
3: 299 -14161 -236 119
4: -299 -14161 240 119
4: -301 -49 1156 119
1: 306 3 -4165 119
2: -306 21 -1904 119
3: 306 -105 -119 119
2: -306 399 119 119
1: 306 867 -245 119
2: -306 6069 224 119
3: 306 -30345 -231 119
2: -306 115311 231 119
1: 308 1 -12138 119
2: -308 1 -44506 119
1: 308 10693 -231 119
4: -308 -40171 231 119
2: -312 7497 221 119
3: 318 -7497 -221 119
4: -322 -637 289 119
1: 322 697 -238 119
4: -322 -2431 238 119
3: 322 -14161 -219 119
4: -322 -14161 223 119
2: -323 2891 204 119
2: -329 8381 210 119
2: -342 3 -14161 119
3: 343 -7 1734 119
4: -343 -7 6358 119
3: 343 -5593 -204 119
2: -343 17731 204 119
3: 347 -280721 -204 119
2: -347 875483 204 119
1: 352 1 -14161 119
2: -352 1 -42483 119
3: 357 -3 4522 119
2: -357 9 -4522 119
3: 357 -147 -102 119
2: -357 441 102 119
3: 357 -867 -182 119
2: -357 2601 182 119
3: 357 -42483 -198 119
2: -357 127449 198 119
3: 361 -105485 -196 119
2: -361 311831 196 119
3: 362 -1 14161 119
4: -362 -1 42483 119
4: -366 -441 289 119
3: 371 -289 -140 119
4: -371 -289 336 119
4: -372 -3 14161 119
1: 372 2601 -196 119
1: 374 1 -14994 119
2: -374 1 -41650 119
1: 374 23 -833 119
4: -374 -65 833 119
4: -374 -637 255 119
3: 374 -2023 -182 119
4: -374 -2023 210 119
3: 374 -46529 -189 119
2: -374 131495 189 119
1: 378 147 -289 119
4: -378 -2499 204 119
3: 378 -47481 -187 119
2: -378 132447 187 119
1: 382 9163 -187 119
4: -388 -9163 187 119
3: 389 -851683 -182 119
1: 391 7 -2380 119
2: -391 7 -5712 119
3: 391 -14161 -180 119
4: -391 -14161 184 119
1: 392 1 -15606 119
2: -392 1 -41038 119
1: 392 17 -1088 119
2: -392 17 -2244 119
3: 392 -119 -51 119
4: -392 -119 527 119
1: 392 289 -234 119
2: -392 289 38 119
3: 392 -2023 -173 119
4: -392 -2023 201 119
4: -393 -2601 196 119
2: -399 4335 168 119
2: -404 1445 147 119
3: 416 -79135 -170 119
2: -421 220507 168 119
4: -434 -5831 170 119
3: 437 -665567 -162 119
1: 441 3 -5780 119
2: -441 21 -1734 119
3: 441 -51 170 119
4: -441 -357 272 119
1: 441 867 -180 119
1: 441 1785 -170 119
3: 441 -30345 -160 119
1: 442 217 -238 119
4: -442 -511 238 119
3: 442 -14161 -159 119
4: -442 -14161 163 119
3: 446 -1445 -147 119
3: 447 -42483 -158 119
1: 448 289 -217 119
2: -448 289 21 119
2: -452 10829 153 119
1: 454 410669 -156 119
3: 458 -10829 -153 119
1: 459 147 -272 119
3: 459 -66759 -154 119
2: -459 151725 154 119
1: 462 23409 -154 119
4: -462 -52887 154 119
3: 462 -67473 -153 119
2: -462 152439 153 119
1: 476 1 -17850 119
2: -476 1 -38794 119
1: 476 5 -3689 119
4: -476 -11 3689 119
1: 476 49 -510 119
2: -476 49 -646 119
1: 476 245 -221 119
1: 476 289 -210 119
2: -476 289 14 119
4: -476 -539 221 119
1: 476 1445 -161 119
4: -476 -3179 161 119
1: 476 14161 -150 119
2: -476 14161 146 119
1: 476 70805 -149 119
4: -476 -155771 149 119
1: 482 175423 -147 119
4: -482 -381769 147 119
3: 483 -867 -126 119
1: 506 265013 -140 119
1: 518 14161 -138 119
2: -518 14161 134 119
1: 539 1 -19074 119
2: -539 1 -37570 119
2: -539 595 68 119
3: 539 -2023 -122 119
4: -539 -2023 150 119
1: 539 29767 -132 119
4: -539 -59245 132 119
1: 544 1 -19159 119
2: -544 1 -37485 119
1: 544 289 -196 119
2: -544 240737 130 119
2: -546 9 -4046 119
2: -546 3519 119 119
4: -561 -21 1904 119
1: 561 441 -170 119
3: 561 -91035 -126 119
2: -561 176001 126 119
2: -567 42483 124 119
1: 578 1 -19698 119
2: -578 1 -36946 119
3: 578 -1 19453 119
4: -578 -1 37191 119
1: 578 7 -2919 119
2: -578 7 -5173 119
3: 578 -7 2674 119
4: -578 -7 5418 119
1: 578 17 -1274 119
2: -578 17 -2058 119
3: 578 -17 1029 119
4: -578 -17 2303 119
1: 578 47 -539 119
3: 578 -47 294 119
1: 578 49 -522 119
2: -578 49 -634 119
3: 578 -49 277 119
4: -578 -49 879 119
2: -578 89 -294 119
4: -578 -89 539 119
1: 578 119 -287 119
2: -578 119 -189 119
3: 578 -119 42 119
4: -578 -119 434 119
1: 578 329 -182 119
3: 578 -329 -63 119
2: -578 623 63 119
4: -578 -623 182 119
1: 578 799 -147 119
3: 578 -799 -98 119
1: 578 833 -146 119
2: -578 833 78 119
3: 578 -833 -99 119
4: -578 -833 167 119
2: -578 1513 98 119
4: -578 -1513 147 119
1: 578 2303 -131 119
3: 578 -2303 -114 119
2: -578 4361 114 119
4: -578 -4361 131 119
1: 578 5593 -126 119
4: -578 -10591 126 119
1: 578 39151 -123 119
3: 578 -39151 -122 119
2: -578 74137 122 119
4: -578 -74137 123 119
1: 581 5 -4046 119
4: -581 -8959 126 119
2: -582 13923 119 119
4: -588 -3 12427 119
1: 588 9 -2312 119
1: 588 117 -289 119
4: -588 -219 289 119
2: -588 357 17 119
4: -588 -867 163 119
3: 588 -1071 -102 119
1: 588 2601 -128 119
1: 588 33813 -121 119
4: -588 -63291 121 119
1: 592 14161 -121 119
2: -592 14161 117 119
3: 594 -98889 -119 119
2: -594 183855 119 119
1: 596 99365 -119 119
4: -596 -184331 119 119
3: 598 -14161 -117 119
4: -598 -14161 121 119
3: 602 -49 289 119
4: -602 -49 867 119
4: -608 -14399 119 119
1: 612 21 -1071 119
1: 616 1 -20230 119
2: -616 1 -36414 119
1: 616 354025 -115 119
1: 629 14161 -114 119
2: -629 14161 110 119
1: 636 30345 -112 119
3: 637 -17 1088 119
4: -637 -17 2244 119
3: 637 -2227 -102 119
2: -637 3961 102 119
4: -639 -30345 112 119
4: -644 -3995 119 119
4: -644 -665567 110 119
3: 646 -35 476 119
3: 646 -2695 -102 119
2: -646 4753 102 119
4: -651 -3 12138 119
3: 663 -147 34 119
1: 669 127449 -106 119
2: -674 689843 105 119
3: 679 -9163 -102 119
3: 686 -7 2890 119
4: -686 -7 5202 119
2: -686 91 -289 119
3: 686 -595 -68 119
3: 686 -17255 -102 119
2: -686 29393 102 119
3: 692 -65807 -102 119
3: 693 -122451 -102 119
2: -693 207417 102 119
3: 694 -858823 -102 119
2: -696 9537 98 119
4: -696 -132447 102 119
1: 697 2023 -112 119
2: -697 2023 84 119
4: -707 -19159 102 119
4: -714 -3 11900 119
3: 714 -9 2261 119
2: -714 15 -2261 119
4: -714 -147 340 119
3: 714 -441 -51 119
2: -714 735 51 119
4: -714 -867 140 119
3: 714 -2601 -91 119
2: -714 4335 91 119
4: -714 -42483 100 119
3: 714 -127449 -99 119
2: -714 212415 99 119
3: 722 -314143 -98 119
2: -722 520489 98 119
1: 723 314721 -98 119
4: -723 -521067 98 119
3: 731 -49 340 119
4: -731 -49 816 119
1: 731 18785 -98 119
4: -731 -30923 98 119
3: 742 -289 -21 119
4: -742 -289 217 119
1: 748 1 -21658 119
2: -748 1 -34986 119
3: 748 -2023 -84 119
4: -748 -2023 112 119
3: 756 -2499 -85 119
2: -762 18207 91 119
3: 768 -18207 -91 119
1: 782 7 -3213 119
2: -782 7 -4879 119
3: 782 -14161 -89 119
4: -782 -14161 93 119
1: 784 1 -21964 119
2: -784 1 -34680 119
1: 784 17 -1377 119
2: -784 17 -1955 119
4: -784 -175 289 119
1: 784 289 -166 119
2: -784 289 -30 119
4: -784 -2975 102 119
2: -784 6545 85 119
2: -784 111265 90 119
4: -798 -127449 89 119
1: 819 867 -112 119
3: 826 -30821 -85 119
1: 833 1 -22338 119
2: -833 1 -34306 119
3: 833 -1 22168 119
4: -833 -1 34476 119
1: 833 7 -3264 119
2: -833 7 -4828 119
1: 833 11 -2108 119
3: 833 -11 1938 119
1: 833 77 -374 119
3: 833 -77 204 119
1: 833 289 -162 119
3: 833 -289 -8 119
1: 833 2023 -96 119
3: 833 -2023 -74 119
1: 833 3179 -92 119
3: 833 -3179 -78 119
2: -833 4913 78 119
4: -833 -4913 92 119
1: 833 22253 -86 119
4: -833 -34391 86 119
4: -834 -337365 85 119
1: 847 55199 -84 119
4: -847 -84677 84 119
4: -867 -3 11466 119
4: -867 -21 1708 119
2: -867 51 -588 119
3: 867 -81 196 119
2: -867 123 -196 119
4: -867 -147 314 119
2: -867 357 -14 119
3: 867 -567 -42 119
2: -867 861 42 119
1: 867 1377 -98 119
4: -867 -2091 98 119
3: 867 -3969 -76 119
2: -867 6027 76 119
1: 867 9639 -84 119
4: -867 -14637 84 119
1: 867 67473 -82 119
4: -867 -102459 82 119
2: -882 3 -11271 119
1: 882 21 -1156 119
4: -882 -51 748 119
3: 882 -357 -17 119
2: -882 867 41 119
1: 884 581 -119 119
4: -884 -875 119 119
2: -884 354025 80 119
1: 891 42483 -80 119
4: -894 -42483 80 119
4: -901 -289 196 119
2: -918 147 -153 119
3: 918 -176001 -77 119
2: -918 260967 77 119
1: 924 61557 -77 119
3: 931 -35 578 119
3: 931 -434945 -76 119
2: -931 641291 76 119
1: 932 22253 -77 119
1: 938 527 -119 119
1: 952 1 -23086 119
2: -952 1 -33558 119
1: 952 49 -544 119
2: -952 49 -612 119
1: 952 289 -154 119
2: -952 289 -42 119
1: 952 14161 -76 119
2: -952 14161 72 119
4: -966 -867 112 119
3: 969 -4557 -68 119
2: -969 6615 68 119
4: -987 -127449 72 119
2: -1009 192185 70 119
3: 1011 -673659 -70 119
4: -1028 -269059 69 119
3: 1029 -28917 -68 119
2: -1029 41055 68 119
2: -1031 49147 68 119
3: 1034 -49147 -68 119
2: -1036 14161 66 119
1: 1043 205751 -68 119
4: -1043 -290717 68 119
2: -1054 245 -68 119
3: 1064 -6647 -63 119
2: -1071 3 -10948 119
3: 1071 -735 -34 119
2: -1071 867 28 119
2: -1071 1029 34 119
3: 1071 -212415 -66 119
2: -1071 297381 66 119
1: 1078 1 -23698 119
2: -1078 1 -32946 119
3: 1078 -2023 -54 119
4: -1078 -2023 82 119
1: 1078 74273 -66 119
4: -1078 -103751 66 119
1: 1088 289 -147 119
2: -1088 289 -49 119
4: -1092 -147 289 119
1: 1092 7497 -68 119
2: -1102 26299 63 119
3: 1108 -26299 -63 119
4: -1113 -7497 68 119
3: 1122 -21 1071 119
3: 1122 -224553 -63 119
2: -1122 309519 63 119
1: 1127 7 -3468 119
2: -1127 7 -4624 119
1: 1127 4607 -68 119
4: -1127 -6341 68 119
4: -1134 -4335 70 119
1: 1156 1 -24010 119
2: -1156 1 -32634 119
1: 1156 5 -4851 119
3: 1156 -7 3360 119
4: -1156 -7 4732 119
1: 1156 17 -1470 119
2: -1156 17 -1862 119
3: 1156 -23 980 119
3: 1156 -35 623 119
1: 1156 49 -550 119
2: -1156 49 -606 119
1: 1156 85 -343 119
3: 1156 -115 147 119
3: 1156 -119 140 119
4: -1156 -119 336 119
2: -1156 157 -147 119
1: 1156 161 -210 119
1: 1156 245 -159 119
3: 1156 -595 -21 119
1: 1156 805 -91 119
1: 1156 833 -90 119
2: -1156 833 22 119
4: -1156 -1099 91 119
3: 1156 -1127 -40 119
3: 1156 -1955 -49 119
2: -1156 2669 49 119
1: 1156 2737 -70 119
1: 1156 4165 -67 119
3: 1156 -5635 -57 119
2: -1156 7693 57 119
1: 1156 13685 -63 119
4: -1156 -18683 63 119
3: 1156 -19159 -60 119
3: 1156 -95795 -61 119
2: -1156 130781 61 119
4: -1173 -867 98 119
4: -1176 -63 578 119
1: 1176 105 -289 119
2: -1176 153 -153 119
3: 1176 -255 34 119
1: 1176 969 -85 119
4: -1176 -18207 62 119
1: 1176 30345 -61 119
3: 1176 -115311 -60 119
1: 1197 3 -8092 119
2: -1204 4165 51 119
4: -1224 -735 102 119
4: -1224 -212415 58 119
1: 1232 1 -24276 119
2: -1232 1 -32368 119
4: -1232 -527 119 119
3: 1246 -4165 -51 119
2: -1254 4335 49 119
1: 1258 14161 -58 119
2: -1258 14161 54 119
3: 1267 -1 24276 119
4: -1267 -1 32368 119
3: 1274 -17 1377 119
4: -1274 -17 1955 119
2: -1274 35 -867 119
3: 1274 -5321 -51 119
2: -1274 7055 51 119
3: 1292 -6419 -51 119
2: -1292 8477 51 119
3: 1296 -4335 -49 119
3: 1302 -3 8092 119
2: -1302 2601 42 119
1: 1309 1 -24514 119
2: -1309 1 -32130 119
3: 1309 -269059 -54 119
2: -1309 354025 54 119
4: -1323 -663 102 119
4: -1323 -66759 54 119
4: -1326 -147 272 119
2: -1362 32487 51 119
3: 1368 -32487 -51 119
3: 1372 -7 3468 119
4: -1372 -7 4624 119
3: 1372 -40579 -51 119
2: -1372 52717 51 119
1: 1372 62713 -52 119
1: 1377 42483 -52 119
3: 1386 -287385 -51 119
2: -1386 372351 51 119
1: 1394 2023 -63 119
2: -1394 2023 35 119
1: 1411 5 -4998 119
2: -1414 1445 28 119
1: 1421 143633 -50 119
3: 1428 -3 8211 119
3: 1428 -867 -21 119
3: 1444 -731459 -49 119
2: -1444 937805 49 119
1: 1446 732615 -49 119
4: -1446 -938961 49 119
3: 1462 -49 459 119
4: -1462 -49 697 119
1: 1462 43639 -49 119
4: -1462 -55777 49 119
1: 1486 70805 -48 119
4: -1489 -70805 48 119
1: 1496 1 -24990 119
2: -1496 1 -31654 119
3: 1496 -2023 -35 119
4: -1496 -2023 63 119
1: 1547 1127 -68 119
4: -1547 -1421 68 119
3: 1547 -6647 -42 119
2: -1547 8381 42 119
3: 1547 -14161 -44 119
4: -1547 -14161 48 119
3: 1561 -1445 -28 119
1: 1568 1 -25143 119
2: -1568 1 -31501 119
1: 1568 289 -132 119
2: -1568 289 -64 119
3: 1581 -3 8330 119
1: 1594 5491 -49 119
3: 1617 -21 1156 119
2: -1617 3213 34 119
1: 1617 118779 -44 119
4: -1617 -148257 44 119
3: 1632 -63 357 119
3: 1632 -18207 -42 119
4: -1636 -5491 49 119
2: -1638 867 7 119
1: 1666 1 -25330 119
2: -1666 1 -31314 119
3: 1666 -1 25245 119
4: -1666 -1 31399 119
1: 1666 5 -5100 119
3: 1666 -5 5015 119
1: 1666 7 -3655 119
2: -1666 7 -4437 119
1: 1666 25 -1054 119
3: 1666 -25 969 119
2: -1666 31 -969 119
4: -1666 -31 1054 119
1: 1666 35 -765 119
3: 1666 -35 680 119
1: 1666 175 -187 119
3: 1666 -175 102 119
2: -1666 217 -102 119
4: -1666 -217 187 119
1: 1666 289 -130 119
2: -1666 289 -66 119
3: 1666 -289 45 119
4: -1666 -289 151 119
1: 1666 1445 -60 119
3: 1666 -1445 -25 119
1: 1666 2023 -55 119
2: -1666 2023 27 119
3: 1666 -2023 -30 119
4: -1666 -2023 58 119
1: 1666 7225 -46 119
3: 1666 -7225 -39 119
2: -1666 8959 39 119
4: -1666 -8959 46 119
1: 1666 10115 -45 119
3: 1666 -10115 -40 119
1: 1666 50575 -43 119
4: -1666 -62713 43 119
2: -1678 159817 42 119
3: 1683 -358071 -42 119
2: -1683 443037 42 119
1: 1689 321657 -42 119
1: 1694 125137 -42 119
4: -1694 -154615 42 119
3: 1734 -3 8428 119
2: -1734 9 -3430 119
3: 1734 -21 1169 119
4: -1734 -45 735 119
1: 1734 51 -539 119
2: -1734 63 -455 119
3: 1734 -147 132 119
4: -1734 -153 245 119
3: 1734 -183 98 119
2: -1734 225 -98 119
4: -1734 -315 140 119
1: 1734 357 -112 119
2: -1734 441 -30 119
4: -1734 -1071 70 119
3: 1734 -1281 -21 119
2: -1734 1575 21 119
4: -1734 -2205 55 119
1: 1734 3111 -49 119
4: -1734 -3825 49 119
2: -1734 5355 35 119
4: -1734 -7497 45 119
3: 1734 -8967 -38 119
2: -1734 11025 38 119
1: 1734 21777 -42 119
4: -1734 -26775 42 119
2: -1734 37485 40 119
1: 1734 152439 -41 119
4: -1734 -187425 41 119
2: -1764 21 -1445 119
3: 1764 -51 459 119
2: -1764 224553 40 119
2: -1782 42483 39 119
3: 1788 -42483 -39 119
3: 1802 -289 49 119
4: -1802 -289 147 119
4: -1819 -10115 42 119
3: 1836 -15 1666 119
1: 1841 7225 -42 119
2: -1859 354025 38 119
4: -1862 -187 204 119
2: -1862 15317 36 119
1: 1862 26299 -39 119
3: 1862 -973063 -38 119
1: 1904 1 -25704 119
2: -1904 1 -30940 119
1: 1904 49 -561 119
1: 1904 289 -126 119
2: -1904 289 -70 119
1: 1904 14161 -39 119
1: 1911 9 -2890 119
3: 1911 -8415 -34 119
2: -1911 10149 34 119
4: -1921 -19 1666 119
3: 1921 -245 68 119
3: 1932 -867 -7 119
3: 1938 -10143 -34 119
2: -1938 12201 34 119
4: -1972 -325703 36 119
2: -1974 15 -2023 119
2: -1974 35547 35 119
3: 2006 -86989 -35 119
1: 2009 2023 -48 119
2: -2009 2023 20 119
2: -2016 27489 34 119
1: 2023 1 -25858 119
2: -2023 1 -30786 119
3: 2023 -1 25788 119
4: -2023 -1 30856 119
1: 2023 17 -1554 119
2: -2023 17 -1778 119
3: 2023 -17 1484 119
4: -2023 -17 1848 119
1: 2023 31 -868 119
3: 2023 -31 798 119
2: -2023 37 -798 119
4: -2023 -37 868 119
1: 2023 49 -562 119
2: -2023 49 -594 119
3: 2023 -49 492 119
4: -2023 -49 664 119
1: 2023 527 -84 119
3: 2023 -527 14 119
2: -2023 629 -14 119
4: -2023 -629 84 119
1: 2023 833 -66 119
2: -2023 833 -2 119
3: 2023 -833 -4 119
4: -2023 -833 72 119
1: 2023 1519 -52 119
3: 2023 -1519 -18 119
2: -2023 1813 18 119
4: -2023 -1813 52 119
1: 2023 25823 -36 119
4: -2023 -30821 36 119
1: 2044 13 -2023 119
3: 2058 -63903 -34 119
2: -2058 76041 34 119
1: 2072 14161 -36 119
2: -2072 14161 32 119
2: -2073 197421 34 119
3: 2079 -452319 -34 119
2: -2079 537285 34 119
1: 2086 453985 -34 119
4: -2086 -538951 34 119
4: -2092 -199087 34 119
3: 2093 -14161 -32 119
4: -2093 -14161 36 119
1: 2107 65569 -34 119
4: -2107 -77707 34 119
1: 2142 3 -8687 119
1: 2142 867 -63 119
3: 2142 -1617 -17 119
2: -2142 1911 17 119
3: 2142 -467313 -33 119
2: -2142 552279 33 119
4: -2149 -29155 34 119
1: 2156 1 -26010 119
2: -2156 1 -30634 119
3: 2156 -2023 -20 119
4: -2156 -2023 48 119
1: 2156 163285 -33 119
4: -2156 -192763 33 119
3: 2193 -6069 -28 119
1: 2227 11809 -34 119
4: -2227 -13867 34 119
1: 2254 7 -3757 119
2: -2254 7 -4335 119
4: -2254 -85 391 119
1: 2254 10081 -34 119
4: -2254 -11815 34 119
2: -2261 41 -714 119
1: 2312 1 -26166 119
2: -2312 1 -30478 119
3: 2312 -7 3703 119
4: -2312 -7 4389 119
1: 2312 17 -1568 119
2: -2312 17 -1764 119
1: 2312 49 -564 119
2: -2312 49 -592 119
3: 2312 -119 189 119
4: -2312 -119 287 119
1: 2312 833 -62 119
2: -2312 833 -6 119
2: -2324 5 -6069 119
1: 2366 354025 -30 119
2: -2394 3 -10115 119
2: -2443 30923 28 119
1: 2464 1 -26299 119
2: -2464 1 -30345 119
3: 2499 -3 8738 119
4: -2499 -9 3400 119
3: 2499 -21 1224 119
3: 2499 -39 646 119
2: -2499 45 -646 119
4: -2499 -63 510 119
3: 2499 -273 68 119
2: -2499 315 -68 119
3: 2499 -867 2 119
4: -2499 -2601 40 119
3: 2499 -6069 -24 119
3: 2499 -11271 -26 119
2: -2499 13005 26 119
4: -2499 -18207 30 119
3: 2509 -119357 -28 119
1: 2516 14161 -30 119
2: -2516 14161 26 119
4: -2532 -843591 28 119
1: 2533 560371 -28 119
4: -2533 -645337 28 119
3: 2534 -1 26299 119
4: -2534 -1 30345 119
1: 2541 195075 -28 119
4: -2548 -4879 34 119
2: -2548 38437 27 119
4: -2584 -50575 28 119
3: 2597 -289 64 119
4: -2597 -289 132 119
1: 2601 3 -8820 119
2: -2601 21 -1414 119
3: 2601 -51 490 119
1: 2601 57 -490 119
3: 2601 -105 224 119
4: -2601 -357 112 119
1: 2601 1785 -42 119
3: 2601 -1995 -14 119
2: -2601 2289 14 119
1: 2601 33915 -28 119
4: -2601 -38913 28 119
4: -2604 -3 10115 119
1: 2618 1 -26418 119
2: -2618 1 -30226 119
3: 2618 -580601 -27 119
2: -2618 665567 27 119
3: 2646 -15 1734 119
2: -2652 9 -3332 119
3: 2652 -147 153 119
4: -2674 -5 6069 119
1: 2737 12427 -28 119
3: 2737 -14161 -24 119
3: 2744 -7 3757 119
4: -2744 -7 4335 119
2: -2754 42483 25 119
1: 2856 9 -2975 119
1: 2856 441 -85 119
1: 2856 2601 -35 119
1: 2856 127449 -25 119
2: -2907 3 -9996 119
3: 2941 -354025 -24 119
3: 2954 -13 2023 119
1: 2954 863821 -24 119
1: 2992 1 -26656 119
2: -2992 1 -29988 119
4: -3024 -15 2023 119
1: 3038 38437 -24 119
3: 3038 -86989 -23 119
3: 3077 -1 26656 119
4: -3077 -1 29988 119
2: -3087 6069 18 119
1: 3094 2401 -34 119
4: -3094 -2695 34 119
4: -3094 -14161 25 119
2: -3094 15895 21 119
3: 3129 -42483 -22 119
1: 3136 289 -115 119
2: -3136 289 -81 119
1: 3136 18785 -24 119
4: -3162 -3 9996 119
3: 3162 -189 119 119
1: 3179 1 -26754 119
2: -3179 1 -29890 119
1: 3179 353 -98 119
4: -3179 -395 98 119
2: -3179 595 -28 119
4: -3179 -3871 30 119
1: 3213 147 -204 119
3: 3213 -722211 -22 119
2: -3213 807177 22 119
4: -3234 -21 1445 119
3: 3234 -153 153 119
2: -3234 4335 15 119
1: 3234 252297 -22 119
4: -3234 -281775 22 119
1: 3264 33 -833 119
2: -3312 78897 21 119
1: 3332 1 -26826 119
2: -3332 1 -29818 119
1: 3332 53 -527 119
4: -3332 -59 527 119
1: 3332 289 -114 119
2: -3332 289 -82 119
3: 3332 -371 51 119
2: -3332 413 -51 119
3: 3332 -2023 -8 119
4: -3332 -2023 36 119
1: 3332 15317 -23 119
4: -3332 -17051 23 119
3: 3364 -560371 -21 119
3: 3366 -758625 -21 119
2: -3366 843591 21 119
3: 3381 -867 10 119
4: -3388 -294491 21 119
4: -3417 -9 3332 119
4: -3468 -3 9947 119
2: -3468 33 -882 119
4: -3468 -39 784 119
3: 3468 -63 406 119
4: -3468 -147 223 119
1: 3468 153 -196 119
2: -3468 357 -63 119
3: 3468 -387 49 119
2: -3468 429 -49 119
2: -3468 1617 2 119
4: -3468 -1911 36 119
4: -3468 -3927 28 119
2: -3468 4641 14 119
1: 3468 7497 -24 119
3: 3468 -18963 -19 119
2: -3468 21021 19 119
1: 3468 46053 -21 119
4: -3468 -51051 21 119
1: 3486 39015 -21 119
1: 3502 34391 -21 119
3: 3528 -87 289 119
1: 3528 561 -68 119
3: 3528 -25143 -19 119
1: 3626 56933 -20 119
2: -3654 12495 17 119
1: 3689 59 -476 119
4: -3689 -65 476 119
2: -3689 245 -102 119
3: 3696 -12495 -17 119
4: -3724 -35 867 119
1: 3732 977109 -19 119
3: 3757 -17 1568 119
4: -3757 -17 1764 119
1: 3757 2947 -28 119
4: -3757 -3241 28 119
1: 3808 1 -27013 119
2: -3808 1 -29631 119
1: 3808 289 -112 119
2: -3808 289 -84 119
3: 3822 -17697 -17 119
2: -3822 19431 17 119
3: 3876 -21315 -17 119
2: -3876 23373 17 119
3: 3906 -212415 -18 119
3: 3927 -892143 -18 119
2: -3927 977109 18 119
1: 3978 867 -49 119
4: -4018 -109 289 119
1: 4018 2023 -31 119
2: -4018 2023 3 119
1: 4046 1 -27090 119
2: -4046 1 -29554 119
3: 4046 -1 27055 119
4: -4046 -1 29589 119
1: 4046 5 -5432 119
3: 4046 -5 5397 119
1: 4046 13 -2100 119
3: 4046 -13 2065 119
1: 4046 17 -1610 119
2: -4046 17 -1722 119
3: 4046 -17 1575 119
4: -4046 -17 1757 119
1: 4046 49 -570 119
2: -4046 49 -586 119
3: 4046 -49 535 119
4: -4046 -49 621 119
1: 4046 65 -434 119
3: 4046 -65 399 119
2: -4046 71 -399 119
4: -4046 -71 434 119
1: 4046 85 -336 119
3: 4046 -85 301 119
1: 4046 221 -140 119
3: 4046 -221 105 119
1: 4046 245 -128 119
3: 4046 -245 93 119
1: 4046 637 -60 119
3: 4046 -637 25 119
1: 4046 833 -50 119
2: -4046 833 -18 119
3: 4046 -833 15 119
4: -4046 -833 53 119
1: 4046 1105 -42 119
3: 4046 -1105 7 119
2: -4046 1207 -7 119
4: -4046 -1207 42 119
1: 4046 3185 -26 119
3: 4046 -3185 -9 119
2: -4046 3479 9 119
4: -4046 -3479 26 119
1: 4046 4165 -24 119
3: 4046 -4165 -11 119
1: 4046 10829 -20 119
3: 4046 -10829 -15 119
1: 4046 54145 -18 119
4: -4046 -59143 18 119
3: 4053 -7803 -14 119
2: -4092 97461 17 119
3: 4098 -97461 -17 119
3: 4116 -133875 -17 119
2: -4116 146013 17 119
1: 4144 14161 -19 119
2: -4144 14161 15 119
3: 4158 -947121 -17 119
1: 4172 950453 -17 119
3: 4186 -14161 -15 119
4: -4186 -14161 19 119
1: 4214 137207 -17 119
4: -4214 -149345 17 119
1: 4232 100793 -17 119
4: -4238 -100793 17 119
1: 4312 1 -27166 119
2: -4312 1 -29478 119
3: 4312 -2023 -3 119
4: -4312 -2023 31 119
4: -4352 -287 119 119
4: -4386 -6069 21 119
4: -4403 -343 102 119
1: 4403 14161 -18 119
1: 4454 24647 -17 119
4: -4454 -26705 17 119
1: 4461 212415 -16 119
4: -4464 -212415 16 119
2: -4488 441 -51 119
1: 4508 21029 -17 119
4: -4508 -22763 17 119
3: 4522 -73 357 119
2: -4522 79 -357 119
4: -4557 -3 9826 119
4: -4557 -561 68 119
1: 4557 2601 -26 119
1: 4606 391 -85 119
3: 4606 -73117 -15 119
1: 4624 1 -27244 119
2: -4624 1 -29400 119
1: 4624 17 -1617 119
2: -4624 17 -1715 119
1: 4624 49 -571 119
2: -4624 49 -585 119
2: -4624 113 -245 119
1: 4624 833 -48 119
2: -4624 833 -20 119
2: -4624 5537 10 119
2: -4624 94129 15 119
1: 4634 15827 -17 119
3: 4641 -147 170 119
3: 4641 -21675 -14 119
2: -4641 23409 14 119
4: -4676 -15827 17 119
4: -4692 -867 49 119
2: -4704 564417 15 119
3: 4709 -26299 -14 119
2: -4788 37281 14 119
4: -4794 -127449 15 119
4: -4828 -1519 34 119
3: 4913 -66283 -14 119
2: -4913 71281 14 119
2: -4949 1445 -6 119
2: -4964 111265 14 119
4: -4998 -3 9792 119
4: -4998 -21 1411 119
3: 4998 -81 323 119
2: -4998 87 -323 119
3: 4998 -567 34 119
2: -4998 609 -34 119
4: -4998 -867 48 119
4: -4998 -6069 19 119
3: 4998 -23409 -13 119
2: -4998 25143 13 119
1: 5032 14161 -16 119
2: -5032 14161 12 119
3: 5033 -400843 -14 119
2: -5033 430321 14 119
3: 5037 -479451 -14 119
1: 5078 483497 -14 119
1: 5082 404889 -14 119
4: -5082 -434367 14 119
3: 5083 -14161 -12 119
4: -5083 -14161 16 119
3: 5117 -49 544 119
4: -5117 -49 612 119
1: 5134 11 -2499 119
4: -5151 -115311 14 119
3: 5194 -289 81 119
4: -5194 -289 115 119
2: -5202 3 -9751 119
1: 5202 21 -1316 119
4: -5202 -51 588 119
3: 5202 -357 63 119
3: 5202 -4137 -7 119
2: -5202 4431 7 119
1: 5202 70329 -14 119
4: -5202 -75327 14 119
1: 5236 1 -27370 119
2: -5236 1 -29274 119
4: -5327 -41327 14 119
4: -5341 -1411 34 119
2: -5352 127449 13 119
3: 5358 -127449 -13 119
1: 5406 30345 -14 119
3: 5474 -14161 -11 119
4: -5474 -14161 15 119
1: 5474 25721 -14 119
4: -5474 -27455 14 119
3: 5491 -35 770 119
3: 5491 -833 20 119
4: -5491 -833 48 119
3: 5491 -30625 -12 119
2: -5491 32683 12 119
2: -5586 459 -51 119
1: 5586 4335 -19 119
2: -5644 5 -5831 119
2: -5684 25 -1156 119
3: 5684 -91 289 119
1: 5733 867 -44 119
1: 5814 3 -9163 119
3: 5831 -7 3910 119
4: -5831 -7 4182 119
3: 5831 -192185 -12 119
2: -5831 204323 12 119
1: 5929 474827 -12 119
4: -5929 -504305 12 119
1: 5984 1 -27489 119
2: -5984 1 -29155 119
1: 6062 11849 -14 119
4: -6069 -3 9730 119
1: 6069 9 -3066 119
2: -6069 15 -1932 119
2: -6069 51 -560 119
3: 6069 -99 266 119
3: 6069 -153 168 119
4: -6069 -255 126 119
1: 6069 441 -74 119
4: -6069 -1029 40 119
1: 6069 1683 -28 119
3: 6069 -4851 -6 119
2: -6069 5145 6 119
3: 6069 -7497 -8 119
2: -6069 17493 10 119
1: 6069 82467 -12 119
4: -6069 -87465 12 119
3: 6154 -1 27489 119
4: -6154 -1 29155 119
4: -6174 -105 289 119
1: 6174 6069 -16 119
1: 6188 4949 -17 119
4: -6188 -5243 17 119
3: 6222 -441 51 119
1: 6237 42483 -12 119
4: -6258 -42483 12 119
2: -6272 97 -289 119
3: 6307 -289 84 119
4: -6307 -289 112 119
4: -6321 -6069 16 119
3: 6324 -3 9163 119
1: 6358 1 -27538 119
2: -6358 1 -29106 119
1: 6358 727 -49 119
4: -6358 -769 49 119
2: -6426 147 -187 119
1: 6468 519333 -11 119
4: -6468 -548811 11 119
4: -6494 -5 5831 119
1: 6542 155771 -11 119
4: -6548 -155771 11 119
1: 6647 7 -3948 119
2: -6647 7 -4144 119
4: -6647 -8687 14 119
1: 6664 1 -27574 119
2: -6664 1 -29070 119
4: -6664 -23 1275 119
2: -6664 161 -170 119
1: 6664 289 -106 119
2: -6664 289 -90 119
3: 6664 -2023 3 119
4: -6664 -2023 25 119
4: -6664 -6647 15 119
2: -6664 46529 10 119
1: 6762 99 -289 119
4: -6762 -867 44 119
3: 6783 -111 238 119
2: -6783 117 -238 119
2: -6909 117045 10 119
1: 6936 105 -273 119
3: 6936 -255 98 119
1: 6936 1113 -35 119
3: 6936 -12495 -8 119
3: 6936 -132447 -10 119
3: 7004 -11 2499 119
3: 7021 -23 1190 119
3: 7021 -325703 -10 119
3: 7056 -795039 -10 119
2: -7174 10115 7 119
3: 7252 -47 578 119
3: 7276 -10115 -7 119
4: -7294 -99127 10 119
1: 7378 121 -238 119
4: -7378 -127 238 119
1: 7448 3689 -17 119
2: -7497 3 -9656 119
1: 7497 21 -1326 119
2: -7497 867 -24 119
3: 7514 -17 1617 119
4: -7514 -17 1715 119
2: -7514 35 -819 119
1: 7514 6041 -14 119
4: -7514 -6335 14 119
4: -7599 -42483 10 119
1: 7616 289 -105 119
2: -7616 289 -91 119
3: 7644 -459 51 119
2: -7732 184093 9 119
3: 7738 -184093 -9 119
4: -7742 -3689 17 119
1: 7791 30345 -10 119
3: 7803 -69 392 119
2: -7803 147 -188 119
3: 7803 -2499 2 119
1: 8092 1 -27706 119
2: -8092 1 -28938 119
1: 8092 17 -1638 119
2: -8092 17 -1694 119
3: 8092 -19 1449 119
2: -8092 49 -582 119
4: -8092 -139 217 119
3: 8092 -323 77 119
3: 8092 -343 72 119
2: -8092 833 -26 119
4: -8092 -2363 21 119
3: 8092 -5831 -4 119
1: 8092 6517 -13 119
4: -8092 -6811 13 119
1: 8092 110789 -9 119
4: -8092 -115787 9 119
2: -8134 5 -5780 119
4: -8211 -867 42 119
1: 8379 3 -9248 119
3: 8379 -61557 -8 119
4: -8381 -323 98 119
3: 8526 -91035 -8 119
1: 8624 1 -27744 119
2: -8624 1 -28900 119
1: 8687 13 -2142 119
3: 8687 -184093 -8 119
3: 8738 -269059 -8 119
1: 8806 14161 -10 119
2: -8806 14161 6 119
3: 8869 -1 27744 119
4: -8869 -1 28900 119
3: 8874 -33 833 119
1: 8897 665567 -8 119
1: 8918 459221 -8 119
2: -8959 245 -110 119
3: 9114 -3 9248 119
1: 9163 1 -27778 119
2: -9163 1 -28866 119
1: 9163 1057 -34 119
4: -9163 -1099 34 119
3: 9163 -2023 6 119
4: -9163 -2023 22 119
1: 9212 8381 -11 119
1: 9248 1 -27783 119
2: -9248 1 -28861 119
1: 9248 97 -294 119
1: 9248 833 -41 119
2: -9248 833 -27 119
1: 9248 80801 -8 119
1: 9282 9 -3094 119
4: -9282 -147 204 119
3: 9282 -44217 -7 119
2: -9282 45951 7 119
4: -9359 -5 5780 119
2: -9408 33 -867 119
3: 9408 -18207 -6 119
3: 9537 -21 1316 119
4: -9537 -153 196 119
2: -9537 441 -58 119
4: -9639 -4335 14 119
1: 9639 42483 -8 119
2: -9826 187 -147 119
3: 9826 -135065 -7 119
2: -9826 140063 7 119
2: -9942 236691 7 119
3: 9948 -236691 -7 119
3: 9996 -3 9265 119
2: -9996 9 -3196 119
1: 9996 33 -850 119
1: 9996 105 -272 119
3: 9996 -867 25 119
3: 9996 -1155 17 119
2: -9996 1197 -17 119
2: -9996 2601 -4 119
1: 9996 9537 -10 119
1: 9996 30345 -8 119
1: 10064 14161 -9 119
2: -10064 14161 5 119
3: 10066 -816425 -7 119
2: -10066 845903 7 119
1: 10164 824517 -7 119
4: -10164 -853995 7 119
3: 10166 -14161 -5 119
4: -10166 -14161 9 119
3: 10234 -49 561 119
1: 10282 244783 -7 119
4: -10288 -244783 7 119
2: -10339 10115 4 119
2: -10404 21 -1365 119
3: 10404 -51 539 119
4: -10404 -735 46 119
1: 10404 143157 -7 119
4: -10404 -148155 7 119
1: 10472 1 -27846 119
2: -10472 1 -28798 119
3: 10486 -10115 -4 119
2: -10829 35 -816 119
3: 10829 -51731 -6 119
2: -10829 53465 6 119
1: 10948 52309 -7 119
4: -10948 -54043 7 119
1: 10982 41 -686 119
3: 10982 -833 27 119
4: -10982 -833 41 119
1: 10982 3689 -14 119
3: 10982 -62279 -6 119
2: -10982 64337 6 119
3: 11067 -3 9282 119
1: 11123 17051 -8 119
4: -11271 -147 202 119
1: 11271 7497 -10 119
2: -11373 127449 6 119
3: 11459 -155771 -6 119
2: -11466 867 -27 119
3: 11662 -7 3978 119
4: -11662 -7 4114 119
3: 11662 -390439 -6 119
2: -11662 402577 6 119
4: -11809 -25 1156 119
1: 11858 964393 -6 119
4: -11858 -993871 6 119
4: -11977 -325703 6 119
2: -12019 1445 -14 119
3: 12138 -3 9296 119
4: -12138 -9 3199 119
1: 12138 51 -553 119
3: 12138 -147 184 119
2: -12138 153 -182 119
3: 12138 -201 133 119
2: -12138 207 -133 119
4: -12138 -441 71 119
1: 12138 3417 -14 119
4: -12138 -3519 14 119
2: -12138 7497 2 119
3: 12138 -9849 -3 119
2: -12138 10143 3 119
1: 12138 167433 -6 119
4: -12138 -172431 6 119
4: -12257 -11 2618 119
2: -12348 6069 1 119
3: 12427 -49 564 119
4: -12427 -49 592 119
2: -12474 42483 5 119
3: 12516 -42483 -5 119
3: 12614 -289 91 119
4: -12614 -289 105 119
1: 12631 70805 -6 119
3: 12642 -6069 -1 119
1: 12716 1 -27930 119
2: -12716 1 -28714 119
3: 12716 -175 154 119
3: 12716 -49147 -5 119
1: 12954 18207 -7 119
4: -13034 -50575 6 119
4: -13056 -18207 7 119
1: 13294 7 -3997 119
2: -13294 7 -4095 119
4: -13294 -85 343 119
1: 13328 1 -27948 119
2: -13328 1 -28696 119
2: -13328 289 -94 119
1: 13328 4913 -11 119
3: 13524 -867 27 119
3: 13566 -225 119 119
3: 13566 -127449 -5 119
4: -13872 -399 77 119
2: -13872 609 -42 119
3: 13872 -1071 21 119
3: 13916 -317611 -5 119
2: -13923 867 -28 119
1: 14161 1 -27970 119
2: -14161 1 -28674 119
3: 14161 -1 27960 119
4: -14161 -1 28684 119
1: 14161 5 -5598 119
3: 14161 -5 5588 119
1: 14161 7 -4000 119
2: -14161 7 -4092 119
1: 14161 17 -1650 119
2: -14161 17 -1682 119
3: 14161 -17 1640 119
4: -14161 -17 1692 119
1: 14161 35 -804 119
3: 14161 -35 794 119
1: 14161 47 -600 119
3: 14161 -47 590 119
1: 14161 85 -334 119
3: 14161 -85 324 119
1: 14161 119 -240 119
2: -14161 119 -236 119
3: 14161 -119 230 119
4: -14161 -119 246 119
1: 14161 235 -124 119
3: 14161 -235 114 119
2: -14161 241 -114 119
4: -14161 -241 124 119
1: 14161 329 -90 119
3: 14161 -329 80 119
1: 14161 595 -52 119
1: 14161 799 -40 119
3: 14161 -799 30 119
1: 14161 1645 -22 119
3: 14161 -1645 12 119
2: -14161 1687 -12 119
4: -14161 -1687 22 119
1: 14161 3995 -12 119
3: 14161 -3995 2 119
2: -14161 4097 -2 119
4: -14161 -4097 12 119
1: 14161 5593 -10 119
1: 14161 27965 -6 119
3: 14161 -27965 -4 119
2: -14161 28679 4 119
4: -14161 -28679 6 119
4: -14504 -242471 5 119
1: 14739 2499 -16 119
4: -14756 -251 119 119
2: -14798 11 -2601 119
1: 14994 3 -9333 119
2: -14994 21 -1360 119
1: 14994 867 -37 119
4: -14994 -103173 5 119
1: 15028 12229 -7 119
4: -15028 -12523 7 119
3: 15043 -39593 -4 119
2: -15147 42483 4 119
2: -15198 1323 -17 119
3: 15198 -42483 -4 119
2: -15288 9 -3179 119
3: 15606 -15 1862 119
1: 15606 147 -195 119
4: -15606 -2499 16 119
1: 15606 8085 -8 119
1: 15708 441 -68 119
3: 15827 -263 102 119
2: -15827 269 -102 119
3: 15876 -4335 2 119
3: 16072 -69071 -4 119
1: 16184 1 -28014 119
2: -16184 1 -28630 119
1: 16184 17 -1652 119
2: -16184 17 -1680 119
2: -16184 25 -1141 119
1: 16184 49 -576 119
2: -16184 49 -580 119
4: -16184 -55 525 119
2: -16184 425 -63 119
1: 16184 833 -38 119
2: -16184 833 -30 119
4: -16184 -935 35 119
2: -16184 1225 -19 119
4: -16184 -2695 15 119
2: -16184 20825 3 119
4: -16184 -45815 5 119
3: 16422 -39 714 119
3: 16422 -867 28 119
3: 16473 -93933 -4 119
2: -16473 95991 4 119
2: -16758 3 -9537 119
2: -16779 15 -1904 119
3: 16779 -127449 -4 119
3: 16932 -1323 17 119
3: 17136 -735 34 119
3: 17136 -212415 -4 119
1: 17248 1 -28033 119
2: -17248 1 -28611 119
3: 17493 -588693 -4 119
2: -17493 600831 4 119
2: -17551 835499 4 119
3: 17554 -835499 -4 119
1: 17612 14161 -6 119
2: -17612 14161 2 119
3: 17738 -1 28033 119
4: -17738 -1 28611 119
1: 17833 948787 -4 119
1: 17934 540141 -4 119
1: 18081 333795 -4 119
1: 18207 3 -9352 119
3: 18207 -51 546 119
3: 18207 -14847 -2 119
2: -18207 15141 2 119
1: 18207 252399 -4 119
4: -18207 -257397 4 119
4: -18228 -3 9537 119
1: 18298 8959 -7 119
1: 18326 1 -28050 119
2: -18326 1 -28594 119
3: 18326 -2023 10 119
4: -18326 -2023 18 119
1: 18326 2135 -17 119
4: -18326 -2177 17 119
4: -18496 -1183 28 119
3: 18564 -147 187 119
4: -18592 -8959 7 119
1: 18732 127449 -4 119
4: -18753 -127449 4 119
2: -18816 1377 -17 119
4: -19074 -21 1365 119
4: -19074 -12495 6 119
4: -19074 -22197 5 119
1: 19074 97461 -4 119
1: 19159 7 -4012 119
2: -19159 7 -4080 119
1: 19159 92191 -4 119
4: -19159 -93925 4 119
2: -19278 42483 3 119
1: 19363 259 -112 119
4: -19698 -9 3179 119
2: -19754 5 -5712 119
1: 19796 1445 -23 119
1: 19941 62475 -4 119
3: 19992 -63 442 119
3: 19992 -18207 -2 119
4: -20188 -11 2601 119
2: -20349 3 -9520 119
4: -20433 -11271 6 119
2: -20804 70805 3 119
3: 20846 -70805 -3 119
3: 20874 -1377 17 119
1: 20944 1 -28084 119
2: -20944 1 -28560 119
3: 21097 -5243 2 119
4: -21301 -931 34 119
3: 21539 -1 28084 119
4: -21539 -1 28560 119
1: 21658 38437 -4 119
3: 21658 -104329 -3 119
2: -21658 106063 3 119
4: -21777 -441 68 119
4: -21854 -1445 23 119
4: -21964 -35 819 119
3: 21964 -187 147 119
3: 21964 -1631 14 119
3: 21964 -125587 -3 119
2: -21964 127645 3 119
4: -22134 -3 9520 119
1: 22134 2601 -14 119
1: 22253 1 -28098 119
2: -22253 1 -28546 119
2: -22253 221 -126 119
4: -22253 -637 48 119
3: 22253 -901 28 119
1: 22253 5831 -8 119
2: -22253 24157 2 119
2: -22344 169065 3 119
1: 22393 3179 -12 119
3: 22491 -15 1870 119
3: 22542 -147 188 119
2: -22542 202419 3 119
4: -22729 -5 5712 119
2: -22984 354025 3 119
1: 23086 343 -85 119
2: -23202 552279 3 119
3: 23208 -552279 -3 119
3: 23324 -7 4012 119
4: -23324 -7 4080 119
3: 23324 -786947 -3 119
2: -23324 799085 3 119
4: -23422 -3179 12 119
1: 23528 2009 -17 119
2: -23698 2597 -8 119
4: -23856 -892143 3 119
4: -24038 -523957 3 119
3: 24157 -91 306 119
1: 24157 26299 -4 119
4: -24276 -3 9513 119
1: 24276 81 -350 119
4: -24276 -147 197 119
1: 24276 3969 -10 119
1: 24276 6885 -7 119
4: -24276 -6987 7 119
1: 24276 337365 -3 119
4: -24276 -342363 3 119
3: 24854 -49 571 119
4: -24854 -49 585 119
2: -24854 4165 -4 119
4: -25262 -2009 17 119
4: -25382 -135541 3 119
1: 25432 1 -28126 119
2: -25432 1 -28518 119
4: -25578 -33 867 119
4: -25704 -15 1904 119
3: 25721 -4165 4 119
1: 25823 431 -68 119
4: -25823 -437 68 119
2: -25823 38437 2 119
3: 26299 -17 1652 119
4: -26299 -17 1680 119
1: 26299 21511 -4 119
4: -26299 -21805 4 119
2: -26588 329 -84 119
1: 26656 1 -28135 119
2: -26656 1 -28509 119
4: -26656 -287 102 119
1: 26656 289 -100 119
2: -26656 289 -96 119
4: -26656 -82943 3 119
4: -26877 -3 9506 119
1: 27146 1955 -17 119
4: -27489 -21 1360 119
2: -27489 4335 -4 119
4: -27744 -63 455 119
1: 27846 867 -35 119
2: -28077 54621 2 119
1: 28322 1 -28146 119
2: -28322 1 -28498 119
3: 28322 -1 28141 119
4: -28322 -1 28503 119
1: 28322 7 -4023 119
2: -28322 7 -4069 119
1: 28322 11 -2561 119
3: 28322 -11 2556 119
1: 28322 17 -1658 119
2: -28322 17 -1674 119
3: 28322 -17 1653 119
4: -28322 -17 1679 119
1: 28322 43 -657 119
3: 28322 -43 652 119
1: 28322 77 -368 119
3: 28322 -77 363 119
1: 28322 119 -239 119
2: -28322 119 -237 119
3: 28322 -119 234 119
4: -28322 -119 242 119
3: 28322 -187 148 119
1: 28322 301 -96 119
1: 28322 473 -62 119
3: 28322 -473 57 119
2: -28322 479 -57 119
4: -28322 -479 62 119
1: 28322 731 -41 119
3: 28322 -731 36 119
1: 28322 1309 -24 119
3: 28322 -1309 19 119
1: 28322 3311 -11 119
3: 28322 -3311 6 119
2: -28322 3353 -6 119
4: -28322 -3353 11 119
1: 28322 5117 -8 119
3: 28322 -5117 3 119
1: 28322 8041 -6 119
3: 28322 -8041 1 119
2: -28322 8143 -1 119
4: -28322 -8143 6 119
1: 28322 56287 -3 119
3: 28322 -56287 -2 119
2: -28322 57001 2 119
4: -28322 -57001 3 119
3: 29057 -64447 -2 119
4: -29204 -1955 17 119
2: -29478 2499 -9 119
1: 29988 21 -1343 119
2: -29988 273 -102 119
2: -29988 78897 2 119
3: 30056 -95 294 119
3: 30056 -79135 -2 119
1: 30294 42483 -3 119
4: -30396 -42483 3 119
2: -30634 29 -980 119
3: 31212 -2499 9 119
2: -31458 113577 2 119
3: 31501 -539 50 119
4: -31654 -35 816 119
3: 31654 -529 51 119
2: -31654 535 -51 119
3: 31654 -6647 2 119
4: -32079 -2415 14 119
2: -32079 137445 2 119
1: 32368 1 -28168 119
2: -32368 1 -28476 119
1: 32368 17 -1659 119
2: -32368 17 -1673 119
1: 32368 49 -577 119
2: -32368 49 -579 119
1: 32368 833 -36 119
2: -32368 833 -32 119
2: -32487 9 -3162 119
3: 32487 -156927 -2 119
2: -32487 158661 2 119
4: -32844 -867 35 119
2: -32861 184093 2 119
3: 32946 -188895 -2 119
2: -32946 190953 2 119
2: -33173 211837 2 119
3: 33201 -212415 -2 119
4: -33524 -91 315 119
2: -33524 254065 2 119
2: -34034 354025 2 119
4: -34102 -259 112 119
4: -34102 -30821 3 119
1: 34153 2023 -16 119
2: -34153 2023 -12 119
2: -34356 467313 2 119
3: 34391 -391 70 119
3: 34391 -478975 -2 119
2: -34391 483973 2 119
3: 34496 -536095 -2 119
2: -34629 637245 2 119
2: -34839 880005 2 119
4: -35224 -343 85 119
1: 35224 14161 -4 119
4: -35581 -14161 4 119
1: 35836 245 -117 119
4: -35966 -908327 2 119
4: -36064 -27455 3 119
4: -36176 -665567 2 119
1: 36309 564417 -2 119
2: -36414 3 -9485 119
4: -36414 -51 560 119
3: 36414 -87 322 119
1: 36414 1479 -21 119
3: 36414 -29841 -1 119
2: -36414 30135 1 119
1: 36414 507297 -2 119
4: -36414 -512295 2 119
4: -36449 -495635 2 119
2: -36456 2601 -9 119
1: 36652 1 -28186 119
2: -36652 1 -28458 119
3: 36652 -2023 12 119
4: -36652 -2023 16 119
4: -36771 -382347 2 119
4: -37281 -282387 2 119
1: 37604 240737 -2 119
4: -37632 -240159 2 119
1: 37859 217217 -2 119
4: -37859 -219275 2 119
4: -37944 -212415 2 119
2: -38148 3213 -7 119
1: 38318 7 -4029 119
2: -38318 7 -4063 119
1: 38318 185249 -2 119
4: -38318 -186983 2 119
4: -38437 -187 154 119
3: 38437 -643 42 119
2: -38437 649 -42 119
3: 38437 -833 32 119
4: -38437 -833 36 119
2: -38437 2891 -8 119
3: 38514 -2601 9 119
4: -38726 -165767 2 119
3: 38794 -59 476 119
4: -39347 -141899 2 119
2: -39746 539 -51 119
3: 39882 -3213 7 119
4: -40171 -707 42 119
1: 40698 3 -9401 119
1: 40749 107457 -2 119
4: -40817 -107219 2 119
1: 41038 1463 -21 119
1: 41038 12397 -4 119
3: 41258 -97 289 119
3: 41327 -329 84 119
1: 41616 273 -105 119
2: -41616 561 -49 119
4: -41616 -21903 3 119
4: -41748 -99 289 119
1: 41748 92769 -2 119
1: 41888 1 -28203 119
2: -41888 1 -28441 119
4: -42483 -3 9482 119
3: 42483 -9 3132 119
4: -42483 -21 1356 119
2: -42483 51 -556 119
3: 42483 -63 446 119
1: 42483 153 -186 119
2: -42483 357 -78 119
3: 42483 -711 38 119
2: -42483 717 -38 119
3: 42483 -4977 4 119
2: -42483 5019 -4 119
1: 42483 12087 -4 119
4: -42483 -12189 4 119
1: 42483 84609 -2 119
4: -42483 -85323 2 119
4: -42728 -82943 2 119
3: 43078 -1 28203 119
4: -43078 -1 28441 119
4: -43316 -43 663 119
1: 43316 8381 -5 119
3: 44149 -289 96 119
4: -44149 -289 100 119
3: 44268 -3 9401 119
1: 44506 1 -28210 119
2: -44506 1 -28434 119
4: -44982 -19941 3 119
4: -44982 -66759 2 119
1: 45084 9 -3136 119
4: -45084 -147 195 119
4: -46529 -85 336 119
1: 46529 697 -42 119
3: 46648 -7 4029 119
4: -46648 -7 4063 119
3: 47481 -795 34 119
2: -47481 801 -34 119
1: 47481 4335 -8 119
2: -47974 5 -5684 119
1: 48076 1445 -21 119
2: -48552 9 -3157 119
4: -48552 -52479 2 119
1: 49419 3 -9408 119
1: 50286 315 -91 119
2: -50524 70805 1 119
3: 50626 -70805 -1 119
1: 50813 46529 -2 119
1: 50864 1 -28224 119
2: -50864 1 -28420 119
1: 51646 865 -34 119
4: -51646 -871 34 119
3: 51884 -539 51 119
3: 52309 -1 28224 119
4: -52309 -1 28420 119
4: -52479 -105 272 119
1: 52479 6069 -6 119
3: 52598 -17 1659 119
4: -52598 -17 1673 119
1: 52598 43169 -2 119
4: -52598 -43463 2 119
4: -53074 -1445 21 119
1: 53176 145 -196 119
4: -53193 -42483 2 119
4: -53312 -31 918 119
1: 53312 289 -99 119
2: -53312 289 -97 119
3: 53754 -3 9408 119
3: 53754 -561 49 119
2: -54621 147 -192 119
1: 54621 255 -112 119
3: 54621 -2499 10 119
3: 54978 -21 1343 119
4: -55199 -5 5684 119
2: -55488 8673 -2 119
1: 55777 10339 -4 119
1: 56644 1 -28234 119
2: -56644 1 -28410 119
2: -56644 5 -5681 119
1: 56644 13 -2173 119
1: 56644 17 -1662 119
2: -56644 17 -1670 119
4: -56644 -35 813 119
1: 56644 73 -388 119
2: -56644 85 -333 119
3: 56644 -91 309 119
3: 56644 -119 236 119
4: -56644 -119 240 119
4: -56644 -191 150 119
1: 56644 221 -129 119
3: 56644 -511 54 119
1: 56644 949 -31 119
4: -56644 -955 31 119
1: 56644 1241 -24 119
2: -56644 1337 -20 119
4: -56644 -3247 10 119
3: 56644 -6643 3 119
2: -56644 6685 -3 119
3: 56644 -8687 2 119
1: 56644 16133 -3 119
4: -56644 -16235 3 119
3: 56644 -112931 -1 119
2: -56644 113645 1 119
3: 58089 -9 3136 119
1: 58378 4879 -7 119
2: -58667 1127 -24 119
4: -58667 -35819 2 119
2: -59534 1225 -22 119
4: -60112 -4879 7 119
2: -62454 212415 1 119
3: 62496 -212415 -1 119
1: 62713 1051 -28 119
4: -62713 -5831 6 119
1: 64736 1 -28245 119
2: -64736 1 -28399 119
3: 64736 -31 910 119
2: -64736 833 -33 119
3: 64974 -314721 -1 119
2: -64974 316455 1 119
4: -65314 -245 117 119
3: 65892 -378819 -1 119
2: -65892 380877 1 119
2: -66759 45 -630 119
4: -67337 -29939 2 119
1: 68208 9537 -4 119
1: 68306 2023 -15 119
2: -68306 2023 -13 119
3: 68782 -960449 -1 119
2: -68782 965447 1 119
2: -69139 5 -5678 119
4: -69237 -9537 4 119
1: 70448 14161 -3 119
2: -70448 14161 -1 119
4: -71094 -273 105 119
3: 71162 -14161 1 119
4: -71162 -14161 3 119
2: -72471 9537 -2 119
4: -72539 -29 980 119
3: 72828 -51 553 119
3: 72828 -1887 14 119
1: 72828 27489 -2 119
1: 73304 1 -28254 119
2: -73304 1 -28390 119
3: 73304 -2023 13 119
4: -73304 -2023 15 119
4: -73304 -27455 2 119
1: 75718 435463 -1 119
4: -75718 -437521 1 119
1: 76296 441 -65 119
1: 76636 371365 -1 119
4: -76636 -373099 1 119
3: 76874 -833 33 119
3: 76874 -1289 21 119
3: 77469 -3 9418 119
2: -77469 2601 -10 119
4: -78608 -25823 2 119
4: -78897 -147 194 119
1: 79114 269059 -1 119
4: -79156 -269059 1 119
1: 79186 455 -63 119
4: -79764 -315 91 119
4: -82943 -2159 14 119
3: 84966 -3 9420 119
1: 84966 15 -1885 119
3: 84966 -21 1345 119
4: -84966 -27 1052 119
1: 84966 51 -555 119
3: 84966 -57 495 119
3: 84966 -75 376 119
1: 84966 105 -270 119
4: -84966 -189 151 119
3: 84966 -255 110 119
1: 84966 285 -100 119
1: 84966 357 -80 119
2: -84966 459 -61 119
3: 84966 -525 53 119
1: 84966 969 -30 119
1: 84966 1275 -23 119
3: 84966 -1425 19 119
2: -84966 1431 -19 119
3: 84966 -1785 15 119
1: 84966 1995 -15 119
2: -84966 3213 -8 119
3: 84966 -4845 5 119
1: 84966 6783 -5 119
1: 84966 8925 -4 119
3: 84966 -9975 2 119
2: -84966 10017 -2 119
1: 84966 24225 -2 119
4: -84966 -24327 2 119
1: 84966 169575 -1 119
4: -84966 -170289 1 119
4: -86681 -23987 2 119
3: 86989 -49 576 119
4: -86989 -49 580 119
2: -86989 4165 -6 119
3: 88298 -289 97 119
4: -88298 -289 99 119
1: 89012 1 -28266 119
2: -89012 1 -28378 119
3: 89131 -10115 2 119
3: 89488 -79 357 119
2: -90168 7497 -3 119
1: 90984 127449 -1 119
4: -91086 -127449 1 119
3: 91902 -7497 3 119
4: -91902 -23079 2 119
3: 93058 -223 126 119
2: -94503 987 -28 119
1: 94766 6647 -5 119
3: 94962 -1593 17 119
2: -94962 1599 -17 119
2: -95659 1925 -14 119
4: -96824 -6647 5 119
4: -97104 -255 112 119
4: -97104 -12495 3 119
2: -97461 867 -32 119
2: -98294 331 -85 119
2: -98532 237 -119 119
2: -98838 3 -9457 119
3: 99127 -7 4038 119
4: -99127 -7 4054 119
1: 99722 239 -119 119
2: -101626 413 -68 119
1: 101728 1 -28273 119
2: -101728 1 -28371 119
4: -102459 -21675 2 119
1: 103173 2499 -12 119
1: 103292 1733 -17 119
4: -103292 -1739 17 119
3: 104618 -1 28273 119
4: -104618 -1 28371 119
2: -104958 6069 -4 119
1: 105196 86485 -1 119
4: -105196 -86779 1 119
4: -105774 -441 65 119
1: 105774 2121 -14 119
3: 107457 -6069 4 119
4: -107508 -3 9457 119
4: -108664 -455 63 119
1: 109242 147 -193 119
3: 109242 -663 42 119
4: -109242 -2499 12 119
1: 109956 45 -629 119
2: -111426 7803 -3 119
3: 111843 -4263 6 119
1: 113288 1 -28278 119
2: -113288 1 -28366 119
1: 113288 17 -1664 119
2: -113288 17 -1668 119
3: 113288 -119 237 119
4: -113288 -119 239 119
3: 113484 -7803 3 119
3: 114954 -867 32 119
3: 115311 -1935 14 119
2: -115311 1941 -14 119
1: 116756 637 -45 119
2: -117334 25 -1134 119
1: 121618 13 -2176 119
1: 125426 245 -116 119
1: 125426 2105 -14 119
4: -125426 -2111 14 119
1: 126293 19649 -2 119
1: 127449 3 -9428 119
2: -127449 21 -1350 119
4: -127449 -33 860 119
3: 127449 -51 554 119
4: -127449 -195 146 119
4: -127449 -357 80 119
3: 127449 -483 58 119
2: -127449 561 -50 119
1: 127449 651 -44 119
2: -127449 1155 -24 119
4: -127449 -3003 10 119
2: -127449 3315 -8 119
1: 127449 8211 -4 119
3: 127449 -11067 2 119
4: -127449 -19635 2 119
1: 128968 62713 -1 119
2: -128996 3757 -7 119
4: -129262 -62713 1 119
4: -130917 -291 98 119
2: -131376 1617 -17 119
3: 132447 -819 34 119
3: 133994 -3757 7 119
3: 134946 -4335 6 119
4: -136612 -847 34 119
1: 136986 735 -39 119
1: 139587 1617 -18 119
1: 139706 1715 -17 119
1: 140777 139 -204 119
2: -142443 3 -9452 119
3: 142766 -2695 10 119
1: 143276 37 -765 119
1: 143276 18785 -2 119
3: 143514 -1617 17 119
3: 144109 -413 68 119
2: -145656 57 -497 119
3: 145656 -735 38 119
2: -145656 6321 -4 119
4: -146234 -637 45 119
1: 146608 1 -28288 119
2: -146608 1 -28356 119
1: 149226 4335 -7 119
3: 149702 -343 82 119
4: -149702 -11221 3 119
3: 150773 -1 28288 119
4: -150773 -1 28356 119
4: -151844 -1715 17 119
4: -154224 -4335 7 119
1: 154326 819 -35 119
3: 154904 -8183 3 119
4: -154938 -3 9452 119
1: 155771 1 -28290 119
2: -155771 1 -28354 119
1: 155771 595 -48 119
1: 155771 18305 -2 119
4: -155771 -18347 2 119
4: -156349 -145 196 119
2: -157794 9 -3150 119
3: 157794 -147 192 119
4: -159936 -18207 2 119
2: -164934 111 -255 119
4: -166464 -735 39 119
2: -167909 5 -5670 119
1: 168266 1445 -20 119
4: -169932 -3 9451 119
1: 169932 9 -3144 119
2: -169932 357 -79 119
3: 169932 -1071 26 119
3: 169932 -19971 1 119
2: -169932 20013 -1 119
1: 169932 48501 -1 119
4: -169932 -48603 1 119
3: 173978 -49 577 119
4: -173978 -49 579 119
1: 175712 193 -147 119
3: 175763 -13 2176 119
1: 178024 1 -28294 119
2: -178024 1 -28350 119
1: 179758 1813 -16 119
4: -182427 -279 102 119
3: 183498 -237 119 119
4: -183804 -819 35 119
3: 184093 -17 1664 119
4: -184093 -17 1668 119
1: 184093 1309 -22 119
4: -184688 -239 119 119
4: -185759 -1445 20 119
1: 186116 6125 -5 119
4: -188139 -3 9450 119
3: 188139 -11907 2 119
3: 188258 -8381 3 119
1: 190162 1519 -19 119
4: -194497 -1813 16 119
1: 194922 867 -33 119
3: 198254 -7 4042 119
4: -198254 -7 4050 119
4: -198254 -595 48 119
2: -198254 2737 -10 119
4: -198254 -17255 2 119
2: -206346 2499 -11 119
1: 209916 6069 -5 119
1: 212058 42483 -1 119
4: -212772 -42483 1 119
2: -214081 277 -102 119
4: -214914 -6069 5 119
4: -218484 -15 1890 119
3: 218484 -2499 11 119
1: 226576 1 -28300 119
2: -226576 1 -28344 119
1: 226576 17 -1665 119
2: -226576 17 -1667 119
2: -226576 721 -39 119
3: 226576 -5327 5 119
2: -226576 12257 -2 119
4: -228599 -245 116 119
4: -229908 -867 33 119
2: -230333 2303 -12 119
3: 230622 -3873 7 119
2: -230622 3879 -7 119
1: 234906 15 -1887 119
1: 236691 3675 -8 119
2: -238714 803 -35 119
3: 240737 -1547 18 119
2: -244783 23 -1232 119
3: 245072 -2303 12 119
4: -248234 -167 170 119
4: -248829 -27 1050 119
2: -248829 6615 -4 119
1: 250852 4213 -7 119
4: -250852 -4219 7 119
1: 251719 4949 -6 119
2: -254898 3 -9447 119
1: 254898 21 -1348 119
4: -254898 -51 556 119
3: 254898 -357 79 119
4: -258944 -16415 2 119
1: 259896 9 -3145 119
2: -267036 441 -64 119
3: 267036 -12495 2 119
4: -269059 -35 810 119
3: 269059 -4519 6 119
2: -269059 4525 -6 119
2: -272238 22491 -1 119
3: 273972 -22491 1 119
1: 276556 5 -5661 119
2: -277151 1003 -28 119
1: 284886 3 -9435 119
2: -285243 1989 -14 119
2: -286552 553 -51 119
3: 289289 -43 658 119
1: 293216 1 -28305 119
2: -293216 1 -28339 119
1: 295358 451 -63 119
1: 295358 2057 -14 119
4: -296514 -1365 21 119
1: 296548 4913 -6 119
1: 297381 189 -150 119
1: 297381 16065 -2 119
3: 299404 -47 602 119
3: 301546 -1 28305 119
4: -301546 -1 28339 119
2: -305473 11 -2576 119
3: 309876 -3 9435 119
1: 311542 1 -28306 119
2: -311542 1 -28338 119
2: -311542 221 -128 119
4: -311542 -527 54 119
1: 311542 36631 -1 119
4: -311542 -36673 1 119
4: -315588 -147 193 119
1: 315588 7497 -4 119
3: 318206 -5 5661 119
3: 319634 -1003 28 119
4: -321657 -7497 4 119
1: 325703 7 -4044 119
2: -325703 7 -4048 119
3: 334866 -9 3145 119
2: -336336 23409 -1 119
4: -337841 -15827 2 119
3: 338394 -23409 1 119
1: 339864 33 -858 119
4: -339864 -63 450 119
2: -339864 153 -185 119
4: -339864 -1143 25 119
1: 339864 3633 -8 119
3: 339864 -8823 3 119
1: 345933 3 -9436 119
1: 351526 10115 -3 119
1: 356048 1 -28308 119
2: -356048 1 -28336 119
4: -356524 -10115 3 119
3: 359856 -15 1887 119
3: 360094 -12887 2 119
3: 366163 -1 28308 119
4: -366163 -1 28336 119
3: 368186 -17 1665 119
4: -368186 -17 1667 119
1: 368186 35 -809 119
4: -368186 -1057 27 119
4: -368186 -4879 6 119
4: -370209 -75 378 119
3: 370209 -441 64 119
3: 371518 -553 51 119
3: 376278 -3 9436 119
1: 379746 1911 -15 119
4: -382058 -193 147 119
1: 388416 225 -126 119
3: 396508 -7 4044 119
4: -396508 -7 4048 119
4: -396508 -791 36 119
4: -409224 -1911 15 119
1: 413848 34153 -1 119
4: -415582 -34153 1 119
4: -416738 -11 2576 119
3: 418761 -1005 28 119
4: -430899 -15435 2 119
4: -438158 -139 204 119
1: 438991 59 -480 119
2: -438991 121 -234 119
1: 438991 7375 -4 119
4: -438991 -7381 4 119
1: 440436 2205 -13 119
3: 451486 -37 765 119
1: 453152 1 -28311 119
2: -453152 1 -28333 119
1: 453152 161 -176 119
2: -453152 6817 -4 119
3: 467313 -21 1348 119
4: -469914 -2205 13 119
2: -473144 185 -153 119
4: -477428 -23 1232 119
1: 477946 33235 -1 119
4: -480004 -33235 1 119
3: 484806 -45 629 119
1: 489566 5831 -5 119
2: -491589 2793 -10 119
4: -501704 -5831 5 119
2: -509796 21 -1349 119
3: 509796 -51 555 119
1: 509796 1785 -16 119
4: -521934 -135 210 119
2: -530026 19 -1491 119
2: -538118 763 -37 119
3: 538118 -9041 3 119
2: -538118 9047 -3 119
4: -538118 -9877 3 119
1: 552279 9 -3146 119
4: -552279 -1785 16 119
2: -558348 1341 -21 119
2: -580601 301 -94 119
4: -594762 -693 41 119
2: -600831 13377 -2 119
3: 608923 -221 128 119
3: 608923 -13379 2 119
1: 619752 2601 -11 119
1: 623084 1 -28314 119
2: -623084 1 -28330 119
1: 623084 133 -213 119
4: -623084 -175 162 119
1: 642736 3185 -9 119
1: 651406 7 -4045 119
2: -651406 7 -4047 119
3: 651406 -85 333 119
2: -651406 329 -86 119
4: -654738 -2601 11 119
1: 665567 3587 -8 119
1: 671636 5 -5663 119
1: 671636 14945 -2 119
4: -672214 -3185 9 119
2: -679728 4641 -6 119
4: -679728 -14943 2 119
2: -691866 3 -9443 119
3: 699091 -13475 2 119
2: -705738 6909 -4 119
1: 712096 1 -28315 119
2: -712096 1 -28329 119
1: 719712 417 -68 119
3: 720477 -6909 4 119
2: -730592 577 -49 119
3: 732326 -1 28315 119
4: -732326 -1 28329 119
1: 733482 579 -49 119
4: -750533 -77 368 119
2: -750533 6919 -4 119
4: -752556 -3 9443 119
2: -756602 1343 -21 119
3: 759696 -111 255 119
2: -760648 673 -42 119
1: 761362 3179 -9 119
2: -764694 255 -111 119
4: -769896 -14847 2 119
3: 772786 -5 5663 119
2: -772786 9163 -3 119
3: 784924 -9163 3 119
3: 793016 -7 4045 119
4: -793016 -7 4047 119
4: -796348 -3179 9 119
3: 807177 -13563 2 119
2: -807177 13569 -2 119
2: -810356 3997 -7 119
1: 821338 373 -76 119
1: 830586 4095 -7 119
2: -835499 2809 -10 119
3: 836332 -13583 2 119
3: 839834 -3997 7 119
3: 841568 -1343 21 119
1: 843591 405 -70 119
3: 853706 -4655 6 119
4: -860064 -4095 7 119
1: 876316 7225 -4 119
1: 877982 14753 -2 119
4: -877982 -14759 2 119
4: -893809 -7225 4 119
1: 906304 97 -292 119
4: -906304 -9695 3 119
4: -907137 -14739 2 119
4: -914396 -19 1491 119
2: -917966 26299 -1 119
1: 918442 253 -112 119
3: 922964 -26299 1 119
4: -934626 -21 1349 119
3: 934626 -153 185 119
3: 936938 -577 49 119
3: 939624 -831 34 119
4: -939828 -579 49 119
4: -943789 -835 34 119
2: -944622 1659 -17 119
1: 952952 1673 -17 119
1: 975086 1421 -20 119
3: 977109 -39 726 119
4: -977109 -315 90 119
