Command line:- ../do_t 48841 1000000
1: 286 28561 918731 48841
1: 289 28561 907460 48841
1: 338 28561 751689 48841
1: 374 28561 663255 48841
2: -374 28561 -997339 48841
1: 442 28561 535517 48841
2: -442 28561 -869601 48841
1: 578 28561 370209 48841
2: -578 28561 -704293 48841
2: -1836 32955 574821 48841
2: -1859 28561 -334084 48841
2: -1859 34391 810186 48841
1: 2431 28561 -39304 48841
2: -2431 28561 -294780 48841
1: 2516 34307 -830297 48841
1: 2873 28561 -58956 48841
2: -2873 28561 -275128 48841
1: 3179 28561 -69360 48841
2: -3179 28561 -264724 48841
1: 3264 22815 830297 48841
1: 3718 28561 -83521 48841
2: -3718 28561 -250563 48841
1: 3757 28561 -84388 48841
2: -3757 28561 -249696 48841
2: -3887 23987 -879138 48841
1: 4394 24565 329511 48841
1: 4394 37349 -712385 48841
2: -4394 37349 456909 48841
1: 4624 41743 -882895 48841
1: 4794 19773 958035 48841
1: 4862 28561 -103173 48841
2: -4862 28561 -230911 48841
1: 4913 24167 318682 48841
1: 4913 28561 -103836 48841
2: -4913 28561 -230248 48841
1: 5746 28561 -112999 48841
2: -5746 28561 -221085 48841
1: 6358 28561 -118201 48841
2: -6358 28561 -215883 48841
2: -6591 54621 751400 48841
2: -6591 59319 835210 48841
1: 6929 24565 137904 48841
1: 6936 59319 -950521 48841
1: 7514 28561 -125715 48841
2: -7514 28561 -208369 48841
2: -7514 83521 973271 48841
2: -7973 83521 913952 48841
2: -8619 85683 854862 48841
1: 8788 15379 918731 48841
1: 8788 34391 -339456 48841
2: -9412 112999 896376 48841
1: 9758 68107 -766428 48841
2: -9826 19435 -861900 48841
2: -9826 24565 -428415 48841
1: 9826 28561 -135439 48841
2: -9826 28561 -198645 48841
2: -9826 50531 415480 48841
2: -9826 54925 479349 48841
1: 9826 63869 -731601 48841
2: -9826 63869 582205 48841
1: 9826 74191 -798694 48841
2: -9826 97175 798694 48841
2: -9826 112999 856830 48841
2: -9826 122825 885391 48841
2: -9826 142805 931345 48841
1: 9984 73695 -784329 48841
2: -10166 142805 899079 48841
1: 10404 191139 -995605 48841
2: -10504 76007 634933 48841
1: 10727 199927 -972774 48841
2: -10842 85683 668168 48841
2: -10982 24167 -428298 48841
1: 11154 250563 -963300 48841
1: 11271 85683 -751978 48841
1: 11271 250563 -953498 48841
2: -11271 257049 919020 48841
1: 11323 83521 -740896 48841
2: -11323 83521 626652 48841
1: 11832 217503 -894166 48841
2: -11849 68107 503438 48841
1: 12194 83521 -692055 48841
2: -12194 83521 577811 48841
1: 12441 250563 -865618 48841
2: -12546 428415 874514 48841
2: -12716 76895 518466 48841
4: -13039 -918731 949104 48841
1: 13182 12087 894166 48841
2: -13182 17391 -894166 48841
2: -13182 26877 -259233 48841
1: 13182 44217 -413049 48841
2: -13182 162129 711841 48841
2: -13182 204321 751689 48841
2: -13182 250563 779948 48841
1: 13182 336141 -840123 48841
4: -13182 -456909 973284 48841
3: 13182 -751689 -933738 48841
1: 13294 142805 -746487 48841
3: 13583 -584647 -913952 48841
1: 13884 91035 -634933 48841
2: -14161 314171 748510 48841
1: 14178 85683 -609212 48841
1: 14196 11883 830297 48841
2: -14196 17595 -830297 48841
2: -14586 250563 703040 48841
2: -14703 250563 697294 48841
1: 14739 13689 574600 48841
2: -14739 46137 191828 48841
2: -14739 85683 476782 48841
1: 14739 177957 -702780 48841
4: -14739 -191139 958256 48841
4: -14739 -191607 957892 48841
3: 14739 -397953 -856830 48841
2: -14739 427431 742586 48841
2: -14739 599781 761736 48841
3: 14739 -889785 -830518 48841
1: 14807 83521 -580008 48841
2: -14807 83521 465764 48841
2: -14872 34391 -20111 48841
1: 15028 885391 -772786 48841
2: -15096 59319 319345 48841
1: 15188 542659 -751689 48841
1: 15379 11645 766428 48841
2: -15379 17833 -766428 48841
1: 15379 37349 -294780 48841
2: -15379 37349 39304 48841
1: 15379 83521 -560560 48841
2: -15379 83521 446316 48841
3: 15379 -300989 -835210 48841
3: 15379 -673081 -802230 48841
2: -15606 32955 -60112 48841
1: 15613 584647 -733798 48841
3: 15886 -584647 -780273 48841
1: 15929 155987 -638690 48841
1: 15946 83521 -542659 48841
2: -15946 83521 428415 48841
3: 16003 -112999 -896376 48841
1: 16184 867815 -717587 48841
2: -16269 250563 628342 48841
3: 16549 -142805 -835210 48841
1: 16562 314171 -668168 48841
3: 16592 -83521 -913952 48841
1: 16614 103173 -560235 48841
2: -16718 623951 672282 48841
4: -16796 -142805 889253 48841
4: -16922 -542659 751689 48841
1: 17238 250563 -630032 48841
2: -17238 257049 594473 48841
2: -17238 751689 658593 48841
1: 17306 63713 -447083 48841
2: -17576 62135 281775 48841
3: 17576 -83521 -859586 48841
4: -17576 -83521 973830 48841
2: -17576 94471 417605 48841
4: -17576 -122825 879359 48841
4: -17576 -186745 810645 48841
2: -17602 577133 634933 48841
3: 17629 -83521 -856830 48841
4: -18003 -257049 756602 48841
3: 18207 -64389 -879138 48841
4: -18207 -106977 879138 48841
3: 18759 -428415 -668168 48841
3: 18928 -485537 -658342 48841
4: -18928 -485537 677994 48841
1: 19074 250563 -571220 48841
1: 19227 250563 -566826 48841
1: 19363 83521 -456976 48841
2: -19363 83521 342732 48841
1: 19604 183515 -537251 48841
2: -19604 317611 537251 48841
1: 19652 15379 239343 48841
1: 19652 34391 -228488 48841
1: 19652 62699 -399347 48841
3: 19652 -63869 -810693 48841
4: -19652 -63869 960089 48841
2: -19652 108667 399347 48841
3: 19652 -116441 -718692 48841
1: 19652 199927 -541824 48841
3: 19652 -260389 -656903 48841
1: 19652 447083 -577811 48841
1: 19652 815087 -590954 48841
3: 19652 -830297 -622596 48841
4: -19652 -830297 634088 48841
2: -19754 775541 574821 48841
2: -19773 14739 -919802 48841
2: -19773 112047 402866 48841
4: -19773 -250563 692796 48841
4: -19968 -592161 634933 48841
1: 20111 83521 -442104 48841
2: -20111 83521 327860 48841
3: 20449 -614125 -603330 48841
3: 20618 -83521 -724334 48841
4: -20618 -83521 838578 48841
1: 21294 14739 229840 48841
4: -21632 -485537 594473 48841
4: -21641 -142805 697646 48841
1: 21684 85683 -417605 48841
4: -21879 -599781 579734 48841
3: 21957 -751689 -558038 48841
3: 21964 -142805 -621061 48841
3: 22113 -85683 -668168 48841
1: 22243 820471 -522886 48841
3: 22256 -28561 -918731 48841
2: -22308 250563 453089 48841
2: -22542 85683 292468 48841
3: 22542 -771147 -543031 48841
1: 22646 83521 -399009 48841
2: -22646 83521 284765 48841
4: -22646 -142805 668168 48841
3: 22984 -28561 -884340 48841
3: 22984 -83521 -643890 48841
4: -22984 -83521 758134 48841
1: 22984 199927 -466735 48841
1: 22984 584647 -501085 48841
4: -23166 -73695 784329 48841
3: 23409 -58305 -683774 48841
4: -23409 -113061 683774 48841
3: 23647 -28561 -854862 48841
3: 23686 -76007 -634933 48841
1: 24167 34391 -211718 48841
1: 24167 167909 -435812 48841
3: 24167 -261443 -530604 48841
2: -24167 333217 435812 48841
1: 24276 6591 969306 48841
4: -24497 -68107 766428 48841
4: -24531 -428415 530604 48841
1: 24599 714025 -471648 48841
1: 24674 142805 -417605 48841
3: 24684 -19773 -958035 48841
2: -24882 250563 404248 48841
4: -24973 -584647 509704 48841
3: 25129 -417605 -496522 48841
2: -25143 250563 399854 48841
3: 25376 -83521 -577811 48841
4: -25376 -83521 692055 48841
3: 25857 -250563 -496184 48841
1: 25857 942513 -451996 48841
2: -25874 235079 383214 48841
3: 26214 -22815 -830297 48841
1: 26299 83521 -351520 48841
2: -26299 83521 237276 48841
1: 26299 714025 -441592 48841
1: 26364 6591 835210 48841
1: 26364 9435 447083 48841
2: -26364 20043 -447083 48841
1: 26364 32079 -187850 48841
4: -26364 -44217 860132 48841
1: 26364 73695 -337246 48841
1: 26364 243867 -417605 48841
1: 26364 250563 -418535 48841
4: -26364 -336141 506039 48841
1: 26364 560235 -437257 48841
3: 26533 -388127 -471172 48841
1: 26588 41743 -247962 48841
3: 26962 -83521 -540462 48841
4: -26962 -83521 654706 48841
4: -27066 -91035 634933 48841
4: -27534 -257049 501126 48841
3: 27716 -378301 -451061 48841
2: -28356 85683 221085 48841
1: 28561 6647 705738 48841
1: 28561 6877 668168 48841
1: 28561 8993 412692 48841
2: -28561 15665 -668168 48841
2: -28561 18785 -487832 48841
2: -28561 20485 -412692 48841
2: -28561 24565 -274788 48841
4: -28561 -40729 835210 48841
1: 28561 48841 -264724 48841
2: -28561 48841 69360 48841
3: 28561 -48841 -570486 48841
4: -28561 -48841 765850 48841
2: -28561 53261 98260 48841
4: -28561 -53261 736950 48841
1: 28561 63869 -300696 48841
2: -28561 63869 151300 48841
3: 28561 -63869 -534514 48841
4: -28561 -63869 683910 48841
1: 28561 66079 -304606 48841
3: 28561 -66079 -530604 48841
2: -28561 69649 173400 48841
4: -28561 -69649 661810 48841
1: 28561 83521 -328204 48841
2: -28561 83521 213960 48841
3: 28561 -83521 -507006 48841
4: -28561 -83521 621250 48841
1: 28561 86411 -331194 48841
3: 28561 -86411 -504016 48841
1: 28561 89401 -334084 48841
3: 28561 -89401 -501126 48841
1: 28561 112999 -351526 48841
3: 28561 -112999 -483684 48841
1: 28561 116909 -353736 48841
3: 28561 -116909 -481474 48841
1: 28561 152881 -368764 48841
3: 28561 -152881 -466446 48841
2: -28561 203645 334084 48841
4: -28561 -203645 501126 48841
2: -28561 244205 347956 48841
4: -28561 -244205 487254 48841
2: -28561 266305 353736 48841
4: -28561 -266305 481474 48841
2: -28561 319345 364344 48841
4: -28561 -319345 470866 48841
2: -28561 348245 368764 48841
4: -28561 -348245 466446 48841
2: -28561 417605 376876 48841
4: -28561 -417605 458334 48841
2: -28561 692393 393040 48841
4: -28561 -692393 442170 48841
1: 28561 830297 -408612 48841
2: -28561 830297 397120 48841
3: 28561 -830297 -426598 48841
4: -28561 -830297 438090 48841
2: -28561 905437 398820 48841
4: -28561 -905437 436390 48841
4: -28917 -85683 609212 48841
3: 29104 -28561 -663255 48841
4: -29104 -28561 997339 48841
1: 29172 250563 -380081 48841
1: 29406 250563 -377208 48841
1: 29478 6591 670514 48841
3: 29478 -14739 -885391 48841
2: -29478 44217 28561 48841
3: 29478 -51207 -542997 48841
1: 29478 85683 -321912 48841
4: -29478 -120159 542997 48841
3: 29478 -191607 -441597 48841
4: -29478 -257049 469302 48841
2: -29478 574821 375687 48841
3: 29478 -665691 -415259 48841
1: 29614 83521 -318565 48841
2: -29614 83521 204321 48841
3: 29614 -142805 -451996 48841
1: 29767 15379 52598 48841
4: -29796 -103173 560235 48841
3: 30056 -28561 -636956 48841
4: -30056 -28561 971040 48841
3: 30056 -83521 -478946 48841
4: -30056 -83521 593190 48841
1: 30056 656903 -386393 48841
1: 30634 129623 -338130 48841
3: 30719 -918731 -395460 48841
1: 30758 8551 383214 48841
2: -30758 20927 -383214 48841
1: 30758 37349 -211259 48841
2: -30758 37349 -44217 48841
1: 30758 83521 -308841 48841
2: -30758 83521 194597 48841
3: 30923 -28561 -614414 48841
4: -30923 -28561 948498 48841
3: 31314 -32955 -574821 48841
3: 31473 -250563 -404248 48841
1: 31603 28561 -157216 48841
2: -31603 28561 -176868 48841
3: 31654 -977665 -383214 48841
4: -31994 -34307 830297 48841
3: 32079 -428415 -386104 48841
1: 32084 171955 -336141 48841
2: -32266 142805 260389 48841
1: 32538 250563 -342732 48841
1: 32812 199927 -334084 48841
4: -32861 -417605 399854 48841
3: 32864 -555169 -373490 48841
3: 33184 -83521 -428415 48841
4: -33184 -83521 542659 48841
4: -33813 -250563 413036 48841
3: 34391 -45461 -465426 48841
4: -34391 -125905 465426 48841
1: 34391 590993 -337688 48841
2: -34476 85683 171955 48841
2: -34476 250563 286455 48841
1: 34476 771147 -338997 48841
2: -34827 338997 298792 48841
2: -34986 98865 191607 48841
3: 35152 -83521 -401232 48841
4: -35152 -83521 515476 48841
1: 35152 990847 -334084 48841
3: 35258 -83521 -399854 48841
4: -35258 -83521 514098 48841
2: -35326 801905 319345 48841
1: 35659 4913 689520 48841
3: 36166 -28561 -501126 48841
4: -36166 -28561 835210 48841
4: -36414 -128271 439569 48841
1: 36504 4335 781456 48841
1: 37349 10985 98260 48841
3: 37349 -10985 -736950 48841
2: -37349 15379 -599386 48841
2: -37349 24167 -265302 48841
4: -37349 -24167 903992 48841
1: 37349 54925 -235824 48841
3: 37349 -54925 -402866 48841
1: 37349 83521 -264420 48841
2: -37349 83521 150176 48841
3: 37349 -83521 -374270 48841
4: -37349 -83521 488514 48841
2: -37349 169169 235824 48841
4: -37349 -169169 402866 48841
1: 37349 417605 -308360 48841
3: 37349 -417605 -330330 48841
2: -37349 584647 295178 48841
4: -37349 -584647 343512 48841
2: -37349 918731 303966 48841
4: -37349 -918731 334724 48841
2: -37518 16473 -537251 48841
3: 37856 -485537 -324258 48841
4: -37856 -485537 343910 48841
1: 38012 314171 -299693 48841
2: -38148 250563 257049 48841
2: -38454 250563 254852 48841
4: -38701 -76585 488410 48841
1: 38726 83521 -257049 48841
2: -38726 83521 142805 48841
4: -38726 -142805 404600 48841
3: 39039 -397953 -316030 48841
1: 39304 7943 215475 48841
3: 39304 -10985 -678691 48841
3: 39304 -28561 -447780 48841
4: -39304 -28561 781864 48841
2: -39304 41743 -23868 48841
4: -39304 -201433 371293 48841
1: 39304 230911 -285610 48841
3: 39304 -319345 -316368 48841
1: 39304 516295 -295477 48841
3: 39304 -830297 -308425 48841
4: -39304 -830297 319917 48841
3: 39546 -6591 -918731 48841
1: 39546 14739 -25636 48841
3: 39546 -16473 -548522 48841
1: 39546 112047 -265302 48841
3: 39546 -125229 -334084 48841
3: 39546 -250563 -317837 48841
1: 39546 280041 -287079 48841
1: 40171 38701 -195364 48841
2: -40171 132665 195364 48841
1: 40222 83521 -249613 48841
2: -40222 83521 135369 48841
1: 40834 584647 -285610 48841
3: 41067 -85683 -334084 48841
4: -41157 -250563 342732 48841
3: 41236 -83521 -333606 48841
4: -41236 -83521 447850 48841
1: 41327 28561 -159528 48841
2: -41327 28561 -174556 48841
3: 41418 -338997 -298792 48841
1: 42194 142805 -258077 48841
2: -42588 14739 -600457 48841
3: 42926 -6103 -830297 48841
4: -42926 -23375 830297 48841
1: 43134 221085 -261443 48841
1: 43654 142805 -250563 48841
1: 44013 204321 -255476 48841
4: -44083 -199927 334084 48841
3: 44217 -6591 -745212 48841
1: 44217 14739 -57122 48841
3: 44217 -33969 -361998 48841
4: -44217 -137397 361998 48841
4: -44226 -85683 417605 48841
1: 44278 14161 -48841 48841
3: 44574 -59319 -319345 48841
1: 45084 85683 -229755 48841
1: 45084 250563 -252655 48841
4: -45084 -257049 313276 48841
4: -45084 -751689 281216 48841
4: -45266 -171955 336141 48841
3: 45461 -95081 -293046 48841
4: -45461 -406045 293046 48841
2: -45951 362505 225420 48841
3: 45968 -28561 -358649 48841
4: -45968 -28561 692733 48841
3: 45968 -83521 -293384 48841
4: -45968 -83521 407628 48841
1: 46137 5457 255476 48841
1: 46137 6591 167042 48841
2: -46137 24021 -255476 48841
4: -46784 -63713 447083 48841
3: 46818 -30927 -341887 48841
4: -46818 -140439 341887 48841
3: 47294 -28561 -343910 48841
4: -47294 -28561 677994 48841
1: 48334 85255 -217906 48841
3: 48334 -289867 -255255 48841
2: -48334 415871 217906 48841
3: 48334 -648115 -250563 48841
1: 48841 28561 -160684 48841
2: -48841 28561 -173400 48841
3: 48841 -28561 -327726 48841
4: -48841 -28561 661810 48841
1: 48841 83521 -215644 48841
2: -48841 83521 101400 48841
3: 48841 -83521 -272766 48841
4: -48841 -83521 387010 48841
2: -48841 142805 160684 48841
4: -48841 -142805 327726 48841
2: -48841 417605 215644 48841
4: -48841 -417605 272766 48841
3: 49179 -4335 -781456 48841
1: 49764 250563 -230685 48841
3: 50024 -4913 -689520 48841
4: -50258 -885391 250563 48841
1: 50286 250563 -228488 48841
4: -51714 -250563 276653 48841
1: 51714 428415 -225998 48841
1: 52598 83521 -204321 48841
2: -52598 83521 90077 48841
1: 52598 314171 -220796 48841
4: -52728 -467961 250563 48841
4: -52728 -784329 240737 48841
4: -53703 -85683 353736 48841
4: -53742 -44217 476918 48841
1: 53754 771147 -219640 48841
1: 53911 66181 -195364 48841
2: -53911 434945 195364 48841
3: 53924 -83521 -241670 48841
4: -53924 -83521 355914 48841
1: 54043 28561 -161296 48841
2: -54043 28561 -172788 48841
1: 54043 34391 -171366 48841
3: 54043 -830297 -222742 48841
4: -54043 -830297 234234 48841
3: 54621 -21801 -293046 48841
4: -54621 -149565 293046 48841
1: 55199 274625 -210392 48841
4: -55601 -122825 304538 48841
4: -56069 -967861 224094 48841
4: -56316 -221085 261443 48841
2: -57086 142805 132651 48841
1: 57122 2483 334084 48841
3: 57122 -2483 -751689 48841
1: 57122 2873 260389 48841
3: 57122 -2873 -677994 48841
1: 57122 3247 206346 48841
3: 57122 -3247 -623951 48841
1: 57122 3757 149991 48841
3: 57122 -3757 -567596 48841
1: 57122 4913 65569 48841
3: 57122 -4913 -483174 48841
2: -57122 20059 -334084 48841
4: -57122 -20059 751689 48841
2: -57122 26231 -206346 48841
4: -57122 -26231 623951 48841
1: 57122 32279 -167042 48841
3: 57122 -32279 -250563 48841
1: 57122 42211 -176868 48841
3: 57122 -42211 -240737 48841
1: 57122 48841 -181203 48841
2: -57122 48841 -14161 48841
3: 57122 -48841 -236402 48841
4: -57122 -48841 431766 48841
1: 57122 55199 -184382 48841
3: 57122 -55199 -233223 48841
1: 57122 63869 -187697 48841
2: -57122 63869 38301 48841
3: 57122 -63869 -229908 48841
4: -57122 -63869 379304 48841
1: 57122 83521 -192663 48841
2: -57122 83521 78419 48841
3: 57122 -83521 -224942 48841
4: -57122 -83521 339186 48841
2: -57122 260767 167042 48841
4: -57122 -260767 250563 48841
2: -57122 341003 176868 48841
4: -57122 -341003 240737 48841
2: -57122 445927 184382 48841
4: -57122 -445927 233223 48841
1: 57122 548743 -206346 48841
3: 57122 -548743 -211259 48841
1: 57122 717587 -206924 48841
3: 57122 -717587 -210681 48841
1: 57122 830297 -207179 48841
2: -57122 830297 195687 48841
3: 57122 -830297 -210426 48841
4: -57122 -830297 221918 48841
1: 57122 938383 -207366 48841
3: 57122 -938383 -210239 48841
4: -57222 -599781 226576 48841
2: -57798 9537 -927979 48841
3: 57834 -85683 -221085 48841
4: -58752 -204321 255476 48841
2: -58812 250563 160043 48841
2: -58956 30927 -143650 48841
3: 58956 -44217 -228488 48841
2: -58956 73695 57122 48841
2: -58956 85683 77435 48841
2: -58956 402051 175695 48841
1: 58956 486387 -199927 48841
3: 58956 -574821 -204321 48841
2: -58956 958035 191139 48841
1: 59319 32955 -167042 48841
3: 60112 -28561 -234957 48841
4: -60112 -28561 569041 48841
3: 60112 -83521 -210912 48841
4: -60112 -83521 325156 48841
4: -61098 -942513 206346 48841
1: 61516 2363 191607 48841
2: -61516 27115 -191607 48841
4: -61516 -41905 443326 48841
3: 61846 -28561 -223686 48841
4: -61846 -28561 557770 48841
2: -62361 428415 167042 48841
4: -62946 -250563 230685 48841
1: 63024 309519 -186745 48841
1: 63206 28561 -162129 48841
2: -63206 28561 -171955 48841
1: 63713 32657 -165308 48841
3: 63713 -37349 -206346 48841
4: -63713 -37349 461822 48841
2: -63713 468469 165308 48841
1: 63869 4913 -43940 48841
3: 63869 -4913 -329550 48841
1: 63869 24565 -158184 48841
3: 63869 -24565 -215306 48841
1: 63869 28561 -162180 48841
2: -63869 28561 -171904 48841
3: 63869 -28561 -211310 48841
4: -63869 -28561 545394 48841
1: 63869 142805 -181832 48841
3: 63869 -142805 -191658 48841
2: -63869 358649 158184 48841
4: -63869 -358649 215306 48841
3: 64389 -14739 -229840 48841
3: 64464 -98865 -191607 48841
1: 64736 767 634933 48841
2: -64736 12415 -634933 48841
2: -64896 73695 45968 48841
2: -65076 250563 142805 48841
3: 65314 -24167 -206635 48841
4: -65314 -584647 199927 48841
2: -65399 918731 171366 48841
1: 66079 142805 -176868 48841
4: -66181 -32617 488410 48841
4: -66196 -142805 250563 48841
2: -66521 314171 147390 48841
1: 67093 485537 -176868 48841
2: -67093 485537 157216 48841
3: 67337 -2197 -368186 48841
3: 67626 -250563 -177957 48841
2: -67626 428415 153170 48841
1: 68107 634933 -174556 48841
2: -68107 634933 159528 48841
1: 68782 403 597584 48841
3: 68782 -5239 -232713 48841
2: -68782 12779 -597584 48841
1: 68782 68107 -168844 48841
1: 68782 152303 -171366 48841
4: -68782 -166127 232713 48841
3: 68782 -885391 -173757 48841
4: -68952 -257049 211259 48841
4: -68952 -751689 186069 48841
2: -69649 94471 67626 48841
3: 70227 -85683 -172244 48841
3: 70304 -289 -864110 48841
1: 70304 76895 -167042 48841
3: 70304 -83521 -172055 48841
4: -70304 -83521 286299 48841
1: 70473 85683 -167042 48841
3: 70516 -83521 -171366 48841
4: -70516 -83521 285610 48841
1: 71318 4913 -140777 48841
1: 71318 656903 -167042 48841
1: 71331 771147 -167042 48841
3: 71474 -714025 -167042 48841
3: 71487 -599781 -167042 48841
3: 72332 -28561 -167042 48841
4: -72332 -28561 501126 48841
1: 72332 54043 -163761 48841
3: 72501 -19773 -167042 48841
2: -72501 21675 -278018 48841
2: -72501 250563 126230 48841
2: -72501 560235 147390 48841
2: -73684 230911 120666 48841
4: -74022 -71961 293046 48841
1: 74698 2197 -201433 48841
3: 74698 -2197 -117912 48841
1: 74698 83521 -160771 48841
2: -74698 83521 46527 48841
3: 74698 -83521 -158574 48841
4: -74698 -83521 272818 48841
2: -74698 226291 117912 48841
4: -74698 -226291 201433 48841
3: 75712 -485537 -157216 48841
4: -75712 -485537 176868 48841
4: -76206 -309519 186745 48841
1: 76908 250563 -155987 48841
1: 78319 10985 -180336 48841
3: 78608 -481 522886 48841
3: 78608 -4913 -85683 48841
2: -78608 13663 -522886 48841
3: 78608 -28561 -140369 48841
4: -78608 -28561 474453 48841
3: 78754 -24565 -137904 48841
2: -79092 14739 -472719 48841
2: -79092 112047 68782 48841
1: 79261 83521 -154804 48841
2: -79261 83521 40560 48841
1: 79768 2023 -341887 48841
1: 80132 741863 -149396 48841
3: 80342 -8281 -97682 48841
2: -80342 179647 97682 48841
3: 81289 -4913 -50830 48841
1: 81289 709631 -147390 48841
2: -81498 19773 -311831 48841
1: 81549 428415 -147390 48841
4: -82134 -85683 250563 48841
3: 82314 -250563 -142805 48841
3: 82472 -83521 -138242 48841
4: -82472 -83521 252486 48841
1: 82654 28561 -163285 48841
2: -82654 28561 -170799 48841
1: 83486 24167 -167042 48841
4: -83486 -34391 403325 48841
3: 83486 -594473 -141882 48841
1: 83521 923 -777738 48841
3: 83521 -923 492128 48841
1: 83521 1207 -628342 48841
3: 83521 -1207 342732 48841
1: 83521 2197 -409552 48841
3: 83521 -2197 123942 48841
1: 83521 2873 -346788 48841
3: 83521 -2873 61178 48841
3: 83521 -3757 13182 48841
2: -83521 8959 -856830 48841
2: -83521 10115 -742586 48841
2: -83521 10985 -672464 48841
4: -83521 -10985 958074 48841
1: 83521 11999 -191646 48841
3: 83521 -11999 -93964 48841
2: -83521 14105 -492128 48841
4: -83521 -14105 777738 48841
2: -83521 14365 -480636 48841
4: -83521 -14365 766246 48841
2: -83521 15379 -439530 48841
4: -83521 -15379 725140 48841
1: 83521 15691 -180154 48841
3: 83521 -15691 -105456 48841
2: -83521 18445 -342732 48841
4: -83521 -18445 628342 48841
2: -83521 18785 -333944 48841
4: -83521 -18785 619554 48841
2: -83521 20111 -302510 48841
4: -83521 -20111 588120 48841
1: 83521 20519 -171366 48841
3: 83521 -20519 -114244 48841
2: -83521 26195 -199082 48841
4: -83521 -26195 484692 48841
2: -83521 26299 -197730 48841
4: -83521 -26299 483340 48841
1: 83521 28561 -163324 48841
2: -83521 28561 -170760 48841
3: 83521 -28561 -122286 48841
4: -83521 -28561 456370 48841
2: -83521 34255 -118638 48841
4: -83521 -34255 404248 48841
2: -83521 36673 -101400 48841
4: -83521 -36673 387010 48841
1: 83521 37349 -158496 48841
2: -83521 37349 -96980 48841
3: 83521 -37349 -127114 48841
4: -83521 -37349 382590 48841
2: -83521 44795 -57122 48841
4: -83521 -44795 342732 48841
2: -83521 47957 -43940 48841
4: -83521 -47957 329550 48841
1: 83521 48841 -154804 48841
2: -83521 48841 -40560 48841
3: 83521 -48841 -130806 48841
4: -83521 -48841 326170 48841
4: -83521 -62713 285610 48841
2: -83521 68107 11310 48841
4: -83521 -68107 274300 48841
2: -83521 76895 26338 48841
4: -83521 -76895 259272 48841
2: -83521 89063 42250 48841
4: -83521 -89063 243360 48841
2: -83521 100555 53742 48841
4: -83521 -100555 231868 48841
2: -83521 116467 65910 48841
4: -83521 -116467 219700 48841
4: -83521 -131495 210912 48841
2: -83521 142805 80092 48841
4: -83521 -142805 205518 48841
1: 83521 155987 -146562 48841
3: 83521 -155987 -139048 48841
2: -83521 183365 93964 48841
4: -83521 -183365 191646 48841
2: -83521 186745 94848 48841
4: -83521 -186745 190762 48841
2: -83521 199927 98010 48841
4: -83521 -199927 187600 48841
1: 83521 203983 -145678 48841
3: 83521 -203983 -139932 48841
2: -83521 239785 105456 48841
4: -83521 -239785 180154 48841
2: -83521 244205 106132 48841
4: -83521 -244205 179478 48841
2: -83521 261443 108550 48841
4: -83521 -261443 177060 48841
1: 83521 266747 -145002 48841
3: 83521 -266747 -140608 48841
2: -83521 313565 114244 48841
4: -83521 -313565 171366 48841
2: -83521 340535 116506 48841
4: -83521 -340535 169104 48841
2: -83521 341887 116610 48841
4: -83521 -341887 169000 48841
2: -83521 445315 122694 48841
4: -83521 -445315 162916 48841
2: -83521 476749 124020 48841
4: -83521 -476749 161590 48841
1: 83521 485537 -144012 48841
2: -83521 485537 124360 48841
3: 83521 -485537 -141598 48841
4: -83521 -485537 161250 48841
2: -83521 582335 127426 48841
4: -83521 -582335 158184 48841
2: -83521 623441 128440 48841
4: -83521 -623441 157170 48841
1: 83521 634933 -143728 48841
2: -83521 634933 128700 48841
2: -83521 815269 131820 48841
4: -83521 -815269 153790 48841
2: -83521 885391 132690 48841
4: -83521 -885391 152920 48841
2: -83521 999635 133846 48841
4: -83521 -999635 151764 48841
3: 85683 -663 903992 48841
1: 85683 867 -936938 48841
1: 85683 1911 -501126 48841
3: 85683 -2499 137564 48841
1: 85683 3549 -334084 48841
3: 85683 -4641 9826 48841
1: 85683 6069 -253164 48841
3: 85683 -8619 -58956 48841
1: 85683 11271 -200566 48841
3: 85683 -14739 -92276 48841
4: -85683 -16731 668168 48841
2: -85683 21879 -265302 48841
4: -85683 -24453 501126 48841
1: 85683 24843 -167042 48841
4: -85683 -25857 481474 48841
4: -85683 -28611 448528 48841
2: -85683 28899 -167042 48841
2: -85683 31977 -137564 48841
3: 85683 -32487 -117912 48841
2: -85683 33813 -122536 48841
4: -85683 -37791 373388 48841
1: 85683 42483 -155482 48841
4: -85683 -44217 339354 48841
2: -85683 49419 -39882 48841
1: 85683 78897 -147968 48841
3: 85683 -103173 -132498 48841
1: 85683 146523 -143922 48841
3: 85683 -191607 -135592 48841
1: 85683 250563 -141962 48841
2: -85683 284427 108086 48841
4: -85683 -317889 167042 48841
4: -85683 -371943 162996 48841
2: -85683 415701 117912 48841
3: 85683 -422331 -137564 48841
2: -85683 439569 119068 48841
2: -85683 486387 121006 48841
4: -85683 -491283 157216 48841
4: -85683 -543609 155482 48841
1: 85683 552279 -140454 48841
4: -85683 -574821 154598 48841
2: -85683 642447 125426 48841
3: 85683 -722211 -138244 48841
2: -85683 751689 127428 48841
4: -85683 -840123 149736 48841
1: 85816 199927 -142477 48841
2: -86411 142805 76296 48841
3: 86564 -142805 -132651 48841
4: -86723 -741863 149396 48841
1: 87334 417605 -138411 48841
2: -88434 14739 -456976 48841
1: 88434 17745 -180999 48841
3: 88434 -46137 -117130 48841
1: 88434 103173 -142805 48841
4: -88434 -189111 180999 48841
1: 88434 428415 -136782 48841
3: 88434 -958035 -134017 48841
1: 90922 60401 -146523 48841
4: -90922 -561527 146523 48841
3: 91598 -2023 341887 48841
3: 91936 -83521 -118131 48841
4: -91936 -83521 232375 48841
2: -92157 85683 29478 48841
1: 92274 2601 -507195 48841
3: 92274 -3825 127738 48841
2: -92274 33303 -127738 48841
1: 92274 221085 -133705 48841
3: 92361 -705237 -127738 48841
1: 94384 779935 -127738 48841
3: 94588 -28561 -88434 48841
4: -94588 -28561 422518 48841
1: 94809 250563 -130130 48841
3: 96668 -80053 -108953 48841
2: -96668 581179 108953 48841
1: 97104 6591 -300560 48841
1: 97682 28561 -163863 48841
2: -97682 28561 -170221 48841
3: 97682 -28561 -80342 48841
4: -97682 -28561 414426 48841
1: 97682 83521 -136383 48841
2: -97682 83521 22139 48841
3: 97682 -83521 -107822 48841
4: -97682 -83521 222066 48841
2: -97682 199927 80342 48841
4: -97682 -199927 163863 48841
2: -97682 584647 107822 48841
4: -97682 -584647 136383 48841
3: 100048 -4913 140777 48841
4: -100516 -417605 138411 48841
2: -100572 250563 85683 48841
3: 101062 -261443 -112999 48841
1: 102306 2613 -634933 48841
4: -102306 -15795 634933 48841
1: 103173 34983 -155142 48841
4: -103173 -191607 158184 48841
4: -103173 -206349 155142 48841
3: 103259 -186745 -108086 48841
3: 103428 -599781 -112999 48841
1: 103649 83521 -131820 48841
2: -103649 83521 17576 48841
1: 105456 6591 -334084 48841
1: 106233 751689 -114244 48841
2: -106641 428415 93058 48841
3: 107406 -85683 -93347 48841
3: 107822 -118201 -97682 48841
2: -107822 619327 97682 48841
3: 107848 -83521 -92274 48841
4: -107848 -83521 206518 48841
1: 108086 28561 -164169 48841
2: -108086 28561 -169915 48841
4: -108086 -551447 124865 48841
3: 108086 -830297 -108498 48841
4: -108086 -830297 119990 48841
4: -108511 -999635 117912 48841
3: 109174 -142805 -98260 48841
1: 109242 42081 -146523 48841
4: -109242 -213447 146523 48841
1: 109434 515865 -112047 48841
2: -109564 314171 83521 48841
3: 110398 -564629 -105196 48841
3: 112047 -59319 -78608 48841
2: -112047 250563 74958 48841
2: -112047 283413 78608 48841
1: 112999 63869 -131820 48841
2: -112999 63869 -17576 48841
1: 112999 142805 -117300 48841
4: -113568 -9537 927979 48841
2: -114206 417605 85683 48841
3: 114244 -1649 933470 48841
3: 114244 -2873 491300 48841
3: 114244 -3757 351135 48841
3: 114244 -4913 243950 48841
3: 114244 -6305 167042 48841
3: 114244 -8245 103173 48841
3: 114244 -14365 14739 48841
3: 114244 -18785 -13294 48841
2: -114244 20111 -284954 48841
3: 114244 -21437 -24565 48841
3: 114244 -24565 -34731 48841
2: -114244 26299 -193341 48841
3: 114244 -28033 -43350 48841
2: -114244 28847 -167042 48841
2: -114244 34391 -123284 48841
2: -114244 37723 -103173 48841
3: 114244 -48841 -69360 48841
4: -114244 -48841 264724 48841
4: -114244 -53573 250563 48841
3: 114244 -63869 -77605 48841
4: -114244 -63869 227001 48841
4: -114244 -70057 216172 48841
3: 114244 -81965 -83521 48841
3: 114244 -83521 -83910 48841
4: -114244 -83521 198154 48841
4: -114244 -91613 189873 48841
3: 114244 -107185 -88434 48841
3: 114244 -140165 -92191 48841
3: 114244 -244205 -97393 48841
3: 114244 -278681 -98260 48841
3: 114244 -319345 -99042 48841
2: -114244 341887 81498 48841
3: 114244 -364429 -99705 48841
2: -114244 375011 83521 48841
3: 114244 -417605 -100303 48841
2: -114244 447083 86887 48841
3: 114244 -476561 -100810 48841
2: -114244 490399 88434 48841
2: -114244 584647 91008 48841
2: -114244 641291 92191 48841
3: 114244 -830297 -102340 48841
4: -114244 -830297 113832 48841
4: -114244 -910741 112999 48841
1: 114444 2535 -781456 48841
2: -114546 257049 73695 48841
4: -114852 -751689 114244 48841
4: -115294 -199927 142477 48841
1: 115889 2197 -901680 48841
1: 117912 6591 -375258 48841
4: -117912 -415233 119782 48841
3: 120224 -83521 -76895 48841
4: -120224 -83521 191139 48841
1: 120513 85683 -120802 48841
4: -122616 -515865 112047 48841
1: 123032 152303 -109616 48841
3: 123692 -28561 -28322 48841
4: -123692 -28561 362406 48841
2: -123981 250563 65910 48841
1: 124904 584647 -98865 48841
3: 127088 -14161 48841 48841
3: 127426 -37349 -39304 48841
4: -127426 -37349 294780 48841
3: 127426 -185249 -82654 48841
2: -127426 686375 82654 48841
1: 127738 4913 -507507 48841
3: 127738 -4913 320762 48841
1: 127738 28561 -164611 48841
2: -127738 28561 -169473 48841
3: 127738 -28561 -22134 48841
4: -127738 -28561 356218 48841
1: 127738 142477 -107653 48841
3: 127738 -142477 -79092 48841
2: -127738 525691 79092 48841
4: -127738 -525691 107653 48841
1: 127738 828269 -95829 48841
3: 127738 -828269 -90916 48841
4: -128778 -14739 600457 48841
2: -129098 542659 78608 48841
2: -129623 240737 60996 48841
2: -130628 14027 -439569 48841
3: 131444 -417605 -85683 48841
3: 132106 -314171 -83521 48841
2: -132651 32955 -134810 48841
1: 132651 69459 -120666 48841
1: 132651 191607 -101062 48841
4: -132651 -240825 120666 48841
4: -133848 -16473 537251 48841
3: 134017 -83521 -63102 48841
4: -134017 -83521 177346 48841
1: 134186 485537 -93347 48841
2: -134186 485537 73695 48841
2: -134436 296595 63869 48841
3: 134674 -2197 901680 48841
1: 135541 83521 -114244 48841
3: 136119 -2535 781456 48841
1: 136214 2533 -958035 48841
1: 136214 634933 -91035 48841
2: -136214 634933 76007 48841
1: 136383 215883 -97682 48841
4: -136383 -717009 97682 48841
3: 137564 -5785 298792 48841
2: -137564 18967 -298792 48841
3: 137564 -977665 -84422 48841
4: -138086 -584647 98865 48841
4: -138142 -35321 293046 48841
2: -138411 14739 -408850 48841
2: -139451 199927 49130 48841
4: -139594 -66181 195364 48841
4: -140454 -85683 169643 48841
3: 141032 -83521 -57122 48841
4: -141032 -83521 171366 48841
4: -142766 -142805 134096 48841
3: 143837 -542659 -78608 48841
3: 144024 -257049 -73695 48841
4: -144664 -28561 334084 48841
1: 145002 250563 -91676 48841
1: 146523 85683 -109242 48841
1: 146523 250563 -90922 48841
4: -146523 -257049 109242 48841
4: -146523 -751689 90922 48841
4: -146692 -673081 91936 48841
1: 147199 83521 -109720 48841
2: -147199 83521 -4524 48841
4: -149396 -10985 727124 48841
2: -149396 68107 -24565 48841
3: 149396 -83521 -50726 48841
4: -149396 -83521 164970 48841
3: 149396 -116441 -58956 48841
2: -149396 340535 58956 48841
4: -149396 -417605 96863 48841
3: 150579 -73695 -45968 48841
3: 151424 -485537 -73695 48841
4: -151424 -485537 93347 48841
2: -152303 37687 -109174 48841
3: 152303 -63869 -39546 48841
4: -152303 -63869 188942 48841
3: 153459 -6591 300560 48841
1: 153504 428415 -83521 48841
1: 157131 942513 -78608 48841
3: 157216 -7553 261443 48841
2: -157216 20735 -261443 48841
4: -157216 -63713 185640 48841
2: -157216 702559 65910 48841
4: -157216 -712385 85683 48841
1: 158184 112047 -98260 48841
4: -158184 -162129 118456 48841
1: 158522 83521 -105963 48841
2: -158522 83521 -8281 48841
4: -160381 -114155 135252 48841
3: 160684 -102245 -48841 48841
2: -160684 273611 48841 48841
1: 161733 250563 -84162 48841
4: -162129 -19773 423878 48841
2: -162129 574821 61516 48841
1: 162474 751689 -76895 48841
3: 162578 -4913 460122 48841
1: 163863 105963 -97682 48841
4: -163863 -277329 97682 48841
3: 163914 -296595 -63869 48841
3: 164944 -83521 -40560 48841
4: -164944 -83521 154804 48841
3: 167042 -2873 860886 48841
1: 167042 3179 -913952 48841
3: 167042 -3179 771147 48841
3: 167042 -3757 641524 48841
1: 167042 8437 -388869 48841
3: 167042 -8437 246064 48841
1: 167042 9971 -340028 48841
3: 167042 -9971 197223 48841
1: 167042 11033 -314171 48841
3: 167042 -11033 171366 48841
1: 167042 13039 -276822 48841
3: 167042 -13039 134017 48841
1: 167042 17051 -228488 48841
3: 167042 -17051 85683 48841
2: -167042 21619 -246064 48841
4: -167042 -21619 388869 48841
1: 167042 24167 -182234 48841
3: 167042 -24167 39429 48841
2: -167042 28271 -171366 48841
4: -167042 -28271 314171 48841
1: 167042 28561 -165183 48841
2: -167042 28561 -168901 48841
3: 167042 -28561 22378 48841
4: -167042 -28561 311706 48841
1: 167042 31603 -156156 48841
3: 167042 -31603 13351 48841
1: 167042 37349 -143117 48841
2: -167042 37349 -112359 48841
3: 167042 -37349 312 48841
4: -167042 -37349 255164 48841
1: 167042 41327 -136214 48841
3: 167042 -41327 -6591 48841
1: 167042 48841 -126243 48841
2: -167042 48841 -69121 48841
3: 167042 -48841 -16562 48841
4: -167042 -48841 211926 48841
1: 167042 109681 -95823 48841
3: 167042 -109681 -46982 48841
1: 167042 129623 -92066 48841
3: 167042 -129623 -50739 48841
1: 167042 143429 -90077 48841
3: 167042 -143429 -52728 48841
1: 167042 169507 -87204 48841
3: 167042 -169507 -55601 48841
1: 167042 187561 -85683 48841
3: 167042 -187561 -57122 48841
1: 167042 221663 -83486 48841
3: 167042 -221663 -59319 48841
2: -167042 281047 46982 48841
4: -167042 -281047 95823 48841
1: 167042 314171 -79928 48841
3: 167042 -314171 -62877 48841
2: -167042 367523 52728 48841
4: -167042 -367523 90077 48841
1: 167042 410839 -77922 48841
3: 167042 -410839 -64883 48841
2: -167042 480607 57122 48841
4: -167042 -480607 85683 48841
1: 167042 485537 -76919 48841
2: -167042 485537 57267 48841
3: 167042 -485537 -65886 48841
4: -167042 -485537 85538 48841
1: 167042 537251 -76388 48841
3: 167042 -537251 -66417 48841
1: 167042 634933 -75621 48841
2: -167042 634933 60593 48841
1: 171366 4563 -668168 48841
3: 171366 -5967 388127 48841
2: -171366 7527 -835210 48841
1: 171366 7803 -419628 48841
4: -171366 -8619 859775 48841
4: -171366 -9843 761515 48841
2: -171366 11271 -534650 48841
4: -171366 -14739 531675 48841
1: 171366 15093 -250563 48841
3: 171366 -19737 68782 48841
4: -171366 -37635 250563 48841
2: -171366 43095 -88434 48841
2: -171366 49215 -68782 48841
4: -171366 -56355 190451 48841
2: -171366 73695 -22814 48841
3: 171366 -77571 -34391 48841
1: 171366 101439 -96526 48841
4: -171366 -127959 122825 48841
3: 171366 -132651 -49011 48841
2: -171366 146523 23120 48841
2: -171366 167331 28900 48841
4: -171366 -191607 105145 48841
1: 171366 196209 -83521 48841
2: -171366 250563 42420 48841
3: 171366 -256581 -58956 48841
1: 171366 335529 -77741 48841
4: -171366 -489255 83521 48841
2: -171366 639795 58956 48841
4: -171366 -836655 77741 48841
2: -171366 958035 62492 48841
3: 172244 -10985 180336 48841
3: 175253 -83521 -34814 48841
4: -175253 -83521 149058 48841
4: -175656 -751689 76895 48841
4: -176046 -428415 83521 48841
4: -176579 -584647 79092 48841
1: 176868 14739 -257049 48841
4: -178126 -999635 73695 48841
1: 180154 24565 -181441 48841
3: 181781 -4913 514098 48841
2: -182351 410839 49130 48841
1: 184314 85683 -98260 48841
1: 184548 6591 -501126 48841
3: 184548 -22389 63869 48841
2: -184548 51867 -63869 48841
3: 186238 -34391 20111 48841
4: -186694 -34391 257049 48841
2: -186694 43433 -89063 48841
3: 186694 -142805 -43588 48841
3: 186966 -599781 -58956 48841
1: 187252 93347 -94809 48841
4: -188942 -63713 167042 48841
3: 189176 -28561 39304 48841
4: -189176 -28561 294780 48841
2: -189618 250563 36504 48841
2: -191139 250563 36062 48841
4: -191607 -14739 509704 48841
3: 191607 -44217 4394 48841
2: -191607 85683 -14722 48841
1: 191607 257049 -73712 48841
3: 191607 -309519 -52728 48841
2: -191607 692733 52728 48841
1: 192491 83521 -97344 48841
2: -192491 83521 -16900 48841
4: -192491 -142805 108086 48841
1: 193336 34391 -147849 48841
2: -194208 6591 -935493 48841
3: 195364 -28561 43350 48841
4: -195364 -28561 290734 48841
3: 195364 -83521 -25350 48841
4: -195364 -83521 139594 48841
3: 195364 -142805 -40171 48841
2: -195364 314171 40171 48841
3: 195364 -417605 -53911 48841
2: -195364 918731 53911 48841
2: -199121 828269 52020 48841
3: 199927 -2873 992426 48841
2: -199927 8957 -668168 48841
4: -199927 -17629 429454 48841
3: 199927 -25483 58956 48841
2: -199927 54961 -58956 48841
1: 199927 83521 -95848 48841
2: -199927 83521 -18396 48841
2: -199927 229177 31212 48841
4: -199927 -260389 84694 48841
1: 199927 331279 -68782 48841
4: -199927 -714493 68782 48841
2: -200736 428415 44217 48841
1: 201433 830297 -62868 48841
2: -201433 830297 51376 48841
2: -202969 584647 47658 48841
4: -204321 -11169 638690 48841
1: 206346 6591 -524654 48841
4: -206346 -7605 907868 48841
1: 206346 155649 -77571 48841
3: 206346 -191607 -41743 48841
2: -206346 221085 28561 48841
4: -206346 -327015 77571 48841
4: -206518 -584647 68809 48841
1: 207298 83521 -94471 48841
2: -207298 83521 -19773 48841
1: 209576 445991 -63869 48841
1: 209729 142805 -78608 48841
2: -210912 6591 -918731 48841
2: -211259 314171 36006 48841
2: -211497 250563 30758 48841
1: 215288 885391 -58956 48841
3: 215644 -486965 -48841 48841
3: 215696 -83521 -17576 48841
4: -215696 -83521 131820 48841
1: 216172 656903 -59976 48841
3: 216172 -830297 -51376 48841
4: -216172 -830297 62868 48841
4: -217617 -72501 142766 48841
2: -221897 261443 29478 48841
1: 224094 6591 -540430 48841
4: -224094 -19773 373388 48841
3: 224094 -32955 44217 48841
1: 224094 46137 -122825 48841
3: 224094 -230685 -39304 48841
1: 224094 250563 -66040 48841
2: -224094 454779 39304 48841
4: -224094 -751689 61646 48841
2: -225998 18421 -290173 48841
2: -225998 41743 -98566 48841
1: 225998 63869 -103259 48841
2: -225998 63869 -46137 48841
1: 225998 741863 -57122 48841
3: 228488 -4913 607512 48841
3: 228488 -23881 83521 48841
1: 228488 28223 -167042 48841
1: 228488 41327 -130628 48841
2: -228488 46423 -83521 48841
1: 228488 48263 -119357 48841
3: 228488 -48841 14161 48841
4: -228488 -48841 181203 48841
3: 228488 -83521 -13394 48841
4: -228488 -83521 127638 48841
3: 228488 -405977 -44217 48841
1: 228488 479791 -58956 48841
1: 228488 702559 -56814 48841
2: -228488 789191 44217 48841
1: 228488 820471 -56151 48841
3: 228488 -830297 -48297 48841
4: -228488 -830297 59789 48841
3: 229177 -83521 -13182 48841
4: -229177 -83521 127426 48841
4: -230027 -885391 58956 48841
3: 230214 -428415 -44217 48841
2: -235824 6591 -898144 48841
4: -239054 -445991 63869 48841
4: -240737 -116441 102986 48841
2: -241026 85683 -23120 48841
4: -243698 -54043 163761 48841
1: 247078 314171 -58956 48841
3: 247384 -28561 69360 48841
4: -247384 -28561 264724 48841
1: 247962 250563 -61516 48841
1: 249951 250563 -61178 48841
1: 250563 6591 -559806 48841
2: -250563 7803 -742586 48841
3: 250563 -8619 344084 48841
1: 250563 11271 -347126 48841
1: 250563 15951 -259246 48841
3: 250563 -20859 114244 48841
4: -250563 -29133 259246 48841
2: -250563 38097 -114244 48841
2: -250563 59319 -56342 48841
4: -250563 -77571 127088 48841
1: 250563 85683 -87002 48841
2: -250563 101439 -13182 48841
3: 250563 -112047 -17472 48841
1: 250563 146523 -70642 48841
1: 250563 207363 -63882 48841
3: 250563 -271167 -35152 48841
1: 250563 354603 -57122 48841
4: -250563 -378729 63882 48841
2: -250563 495261 35152 48841
4: -250563 -647649 57122 48841
2: -250563 771147 39606 48841
1: 251719 83521 -87880 48841
2: -251719 83521 -26364 48841
3: 251719 -142805 -23698 48841
3: 254852 -37349 44217 48841
4: -254852 -37349 211259 48841
3: 254852 -621061 -41327 48841
3: 255476 -4913 645918 48841
4: -255476 -24565 296595 48841
3: 255476 -28561 72454 48841
4: -255476 -28561 261630 48841
2: -255476 34391 -131820 48841
4: -255476 -122825 96668 48841
4: -255476 -142805 89675 48841
2: -255476 171955 10985 48841
2: -255476 199927 15980 48841
3: 255476 -476561 -39546 48841
4: -255476 -714025 55284 48841
2: -255476 859775 39546 48841
2: -255476 999635 40545 48841
3: 257049 -3315 982600 48841
1: 257049 8619 -442170 48841
2: -257049 14739 -369546 48841
3: 257049 -21675 110976 48841
1: 257049 25143 -182070 48841
1: 257049 28275 -167042 48841
4: -257049 -50817 167042 48841
1: 257049 56355 -106930 48841
3: 257049 -146523 -23120 48841
4: -257049 -250563 70868 48841
1: 257049 368475 -55658 48841
3: 257049 -427431 -38420 48841
3: 257049 -480675 -39304 48841
2: -257049 863889 39304 48841
3: 257049 -958035 -42840 48841
3: 260389 -569023 -39780 48841
1: 261443 83521 -86736 48841
2: -261443 83521 -27508 48841
4: -262288 -60401 146523 48841
2: -265302 191607 13182 48841
1: 265302 224601 -60333 48841
4: -265302 -395967 60333 48841
1: 265837 15317 -270504 48841
3: 266169 -32955 60112 48841
1: 267189 771147 -49130 48841
2: -268034 9809 -574821 48841
3: 268034 -83521 -2990 48841
4: -268034 -83521 117234 48841
4: -270231 -112047 98260 48841
1: 271082 83521 -85683 48841
2: -271082 83521 -28561 48841
1: 272766 682329 -48841 48841
2: -274261 142805 1156 48841
3: 275128 -18161 149396 48841
2: -275128 31343 -149396 48841
1: 275128 702559 -48334 48841
1: 276573 250563 -57122 48841
1: 276653 407779 -51714 48841
1: 276822 14739 -281112 48841
1: 279019 41395 -127738 48841
4: -279019 -70873 127738 48841
3: 280041 -59319 16796 48841
1: 281892 85683 -83521 48841
4: -282064 -83521 114244 48841
2: -283413 44217 -93704 48841
3: 284954 -319345 -30758 48841
3: 289328 -28561 83521 48841
4: -289328 -28561 250563 48841
1: 289867 19487 -224094 48841
4: -289867 -32669 224094 48841
2: -290004 250563 17277 48841
4: -290734 -38701 195364 48841
3: 292757 -107653 -7514 48841
2: -293046 85683 -28900 48841
2: -293046 250563 16900 48841
1: 293046 257049 -54621 48841
4: -293046 -428415 54621 48841
1: 293046 751689 -45461 48841
1: 294398 83521 -83421 48841
2: -294398 83521 -30823 48841
4: -298792 -81289 112999 48841
3: 298792 -83521 3198 48841
4: -298792 -83521 111046 48841
3: 298792 -344929 -29478 48841
2: -298792 569023 29478 48841
2: -298792 584647 29757 48841
1: 300989 186745 -58956 48841
2: -303186 117045 -11271 48841
3: 304606 -63869 17576 48841
4: -304606 -63869 131820 48841
3: 306051 -257049 -24854 48841
4: -306918 -6591 935493 48841
3: 307411 -28561 88434 48841
4: -307411 -28561 245650 48841
1: 309519 14739 -285610 48841
1: 309519 276315 -51714 48841
4: -309519 -447681 51714 48841
3: 314171 -3757 935782 48841
4: -314171 -10115 619616 48841
2: -314171 34391 -133110 48841
4: -314171 -144755 78608 48841
2: -314171 244205 13872 48841
2: -314171 492167 26010 48841
3: 314171 -823939 -33524 48841
3: 314171 -830297 -33558 48841
4: -314171 -830297 45050 48841
2: -316368 45951 -90168 48841
2: -316368 112047 -14739 48841
2: -323466 250563 13520 48841
3: 324649 -584647 -30420 48841
3: 325156 -4913 715598 48841
2: -326859 250563 13182 48841
1: 327726 297609 -48841 48841
4: -327726 -468975 48841 48841
4: -329171 -142805 77078 48841
3: 329888 -83521 8281 48841
4: -329888 -83521 105963 48841
4: -330327 -125229 82654 48841
3: 333944 -10489 319345 48841
3: 334084 -3757 955695 48841
1: 334084 4199 -922740 48841
3: 334084 -4693 757965 48841
1: 334084 5491 -714025 48841
3: 334084 -6137 571220 48841
3: 334084 -10985 303368 48841
3: 334084 -14365 223587 48841
1: 334084 16055 -267696 48841
3: 334084 -18785 162578 48841
1: 334084 20995 -213109 48841
3: 334084 -23465 123032 48841
1: 334084 27455 -171366 48841
3: 334084 -28561 94710 48841
4: -334084 -28561 239374 48841
3: 334084 -30685 85683 48841
2: -334084 36647 -123032 48841
3: 334084 -37349 64025 48841
4: -334084 -37349 191451 48841
1: 334084 41743 -124930 48841
2: -334084 47923 -85683 48841
3: 334084 -48841 40560 48841
4: -334084 -48841 154804 48841
1: 334084 54587 -103935 48841
3: 334084 -61009 25350 48841
1: 334084 71383 -87880 48841
3: 334084 -79781 10985 48841
3: 334084 -142805 -9619 48841
3: 334084 -186745 -15756 48841
1: 334084 208715 -53547 48841
3: 334084 -244205 -20449 48841
1: 334084 272935 -49348 48841
3: 334084 -305045 -23491 48841
1: 334084 356915 -46137 48841
3: 334084 -398905 -26364 48841
2: -334084 476411 23491 48841
3: 334084 -485537 -28030 48841
4: -334084 -485537 47682 48841
3: 334084 -521645 -28561 48841
1: 334084 542659 -42565 48841
2: -334084 622999 26364 48841
1: 334084 709631 -40950 48841
3: 334084 -793117 -31005 48841
2: -334084 814691 28561 48841
1: 334084 927979 -39715 48841
3: 336141 -6591 530604 48841
3: 336141 -250563 -20592 48841
2: -340442 69121 -48841 48841
1: 341887 83521 -79768 48841
1: 341887 314171 -46818 48841
1: 342732 11271 -367608 48841
4: -342732 -33813 206057 48841
3: 342732 -54213 34391 48841
2: -342732 83691 -34391 48841
1: 342732 146523 -60401 48841
1: 342732 250563 -49771 48841
4: -342732 -439569 47974 48841
3: 342732 -704769 -29478 48841
4: -342732 -751689 42504 48841
4: -347126 -7225 834054 48841
2: -347956 314171 15895 48841
3: 350506 -83521 11154 48841
4: -350506 -83521 103090 48841
3: 355914 -73695 17901 48841
4: -358618 -93347 94809 48841
1: 358649 142805 -59840 48841
4: -358649 -240737 57122 48841
3: 363562 -4913 742586 48841
2: -364718 199927 4046 48841
2: -368628 85683 -34391 48841
2: -369096 6591 -835210 48841
4: -370498 -14027 439569 48841
1: 371059 142805 -58956 48841
2: -373116 771147 24565 48841
4: -373269 -751689 39546 48841
1: 373388 11323 -370617 48841
2: -373388 24167 -204204 48841
1: 373388 152303 -57122 48841
4: -375921 -85683 98260 48841
3: 378352 -28561 103173 48841
4: -378352 -28561 230911 48841
1: 379236 250563 -46813 48841
4: -380081 -10693 563550 48841
1: 382278 250563 -46592 48841
3: 383214 -14739 230685 48841
1: 383214 73695 -83486 48841
1: 383214 85683 -76160 48841
1: 383214 162129 -54925 48841
3: 383214 -428415 -22117 48841
3: 383214 -810645 -26364 48841
3: 383214 -942513 -27030 48841
1: 384982 83521 -77233 48841
2: -384982 83521 -37011 48841
1: 388362 162129 -54587 48841
4: -390728 -28561 228888 48841
3: 390728 -83521 15886 48841
4: -390728 -83521 98358 48841
1: 397953 379743 -40222 48841
4: -397953 -551109 40222 48841
1: 399854 10049 -417605 48841
1: 399854 18785 -237269 48841
4: -399854 -54043 134283 48841
3: 399854 -65705 29478 48841
1: 399854 83521 -76485 48841
2: -399854 83521 -37759 48841
2: -399854 95183 -29478 48841
4: -399854 -147101 68204 48841
3: 399854 -244205 -13872 48841
2: -399854 702559 21794 48841
1: 399854 854165 -34391 48841
1: 401846 828269 -34391 48841
3: 401999 -28561 106930 48841
4: -401999 -28561 227154 48841
3: 402594 -771147 -24565 48841
2: -402866 24565 -199927 48841
1: 402866 830297 -34307 48841
2: -402866 830297 22815 48841
3: 409149 -250563 -13520 48841
2: -412692 6591 -823446 48841
3: 412692 -177957 -6851 48841
4: -413036 -186745 58956 48841
4: -415233 -604299 38012 48841
4: -419628 -19773 311831 48841
1: 421824 73695 -81770 48841
1: 422994 250563 -43940 48841
4: -427431 -6435 896376 48841
2: -427431 217503 2210 48841
4: -431324 -828269 34391 48841
3: 431392 -83521 19773 48841
4: -431392 -83521 94471 48841
1: 432344 34391 -142805 48841
1: 432344 76895 -79118 48841
3: 432344 -830297 -22815 48841
4: -432344 -830297 34307 48841
4: -439569 -250563 49348 48841
1: 439569 428415 -36414 48841
4: -439569 -599781 36414 48841
4: -443326 -918731 32955 48841
1: 444132 181203 -48841 48841
1: 447083 977687 -30758 48841
2: -448188 6591 -815558 48841
4: -448188 -72501 103173 48841
2: -448188 250563 4459 48841
3: 448188 -573417 -19652 48841
2: -448188 797511 19652 48841
2: -451996 9451 -560235 48841
2: -452582 15379 -334084 48841
3: 456976 -4913 789293 48841
4: -456976 -18785 320790 48841
2: -456976 55471 -73695 48841
1: 456976 69071 -84099 48841
4: -456976 -71825 103173 48841
3: 456976 -83521 21864 48841
4: -456976 -83521 92380 48841
4: -456976 -319345 43435 48841
2: -456976 943007 20230 48841
3: 458354 -83521 21970 48841
4: -458354 -83521 92274 48841
1: 463567 4913 -843336 48841
3: 468078 -257049 -9826 48841
1: 470158 54043 -99892 48841
1: 471648 6591 -636701 48841
2: -481474 314171 7276 48841
1: 482052 85683 -71961 48841
2: -485231 142805 -13872 48841
1: 485537 6929 -609212 48841
3: 485537 -6929 560082 48841
1: 485537 48503 -108086 48841
3: 485537 -48503 58956 48841
2: -485537 65741 -58956 48841
4: -485537 -65741 108086 48841
1: 485537 83521 -73068 48841
2: -485537 83521 -41176 48841
3: 485537 -83521 23938 48841
4: -485537 -83521 90306 48841
1: 485537 584647 -31494 48841
3: 485537 -584647 -17636 48841
3: 488988 -599781 -17629 48841
3: 491589 -85683 23120 48841
3: 494768 -28561 118201 48841
4: -494768 -28561 215883 48841
2: -495924 250563 2197 48841
4: -496522 -24167 250563 48841
2: -499902 250563 2028 48841
2: -499902 599781 14739 48841
1: 501126 5499 -764556 48841
2: -501126 6591 -805870 48841
3: 501126 -7191 542659 48841
4: -501126 -8619 658255 48841
2: -501126 10335 -505310 48841
3: 501126 -10647 358787 48841
2: -501126 11271 -461370 48841
2: -501126 12675 -407628 48841
4: -501126 -13515 428415 48841
1: 501126 13923 -316368 48841
4: -501126 -16575 353717 48841
3: 501126 -18207 199927 48841
3: 501126 -19773 182208 48841
2: -501126 21675 -228488 48841
1: 501126 25857 -181337 48841
4: -501126 -26871 227305 48841
4: -501126 -32955 189735 48841
3: 501126 -33813 96668 48841
2: -501126 35139 -131820 48841
1: 501126 38493 -129623 48841
2: -501126 43095 -103090 48841
4: -501126 -45951 142805 48841
3: 501126 -50337 57122 48841
4: -501126 -51675 129623 48841
4: -501126 -56355 120835 48841
2: -501126 67575 -57122 48841
1: 501126 71487 -80782 48841
2: -501126 85683 -40020 48841
3: 501126 -93483 19773 48841
4: -501126 -112047 72605 48841
1: 501126 122247 -57122 48841
2: -501126 134355 -16900 48841
3: 501126 -138411 5629 48841
2: -501126 146523 -13520 48841
2: -501126 164775 -9386 48841
4: -501126 -175695 54925 48841
1: 501126 180999 -46306 48841
4: -501126 -215475 49179 48841
3: 501126 -236691 -6591 48841
3: 501126 -257049 -7954 48841
2: -501126 281775 4394 48841
1: 501126 336141 -35919 48841
4: -501126 -349323 39455 48841
4: -501126 -428415 36565 48841
3: 501126 -439569 -14534 48841
2: -501126 456807 11830 48841
1: 501126 500409 -31941 48841
2: -501126 560235 14040 48841
4: -501126 -597363 32955 48841
3: 501126 -654381 -17576 48841
4: -501126 -671775 31941 48841
4: -501126 -732615 31265 48841
1: 501126 855729 -28561 48841
2: -501126 878475 17576 48841
1: 501126 929331 -28184 48841
1: 503438 83521 -72501 48841
2: -503438 83521 -41743 48841
3: 510952 -4913 808496 48841
3: 510952 -28561 119748 48841
4: -510952 -28561 214336 48841
4: -511901 -24565 245310 48841
1: 512941 656903 -29478 48841
4: -514098 -6069 921332 48841
2: -514098 8619 -609212 48841
1: 514098 14739 -300764 48841
2: -514098 16881 -299693 48841
3: 514098 -31161 108086 48841
3: 514098 -32079 104329 48841
1: 514098 67821 -83521 48841
4: -514098 -90363 83521 48841
2: -514098 103173 -29631 48841
4: -514098 -146523 60401 48841
3: 514098 -250563 -6873 48841
4: -514098 -286977 42194 48841
1: 514098 529737 -30923 48841
1: 514098 545343 -30702 48841
1: 518492 138431 -52598 48841
1: 522886 83521 -71929 48841
2: -522886 83521 -42315 48841
3: 525691 -28561 121074 48841
4: -525691 -28561 213010 48841
1: 530604 191607 -43940 48841
2: -530842 584647 13182 48841
4: -535041 -250563 43940 48841
3: 536068 -83521 27066 48841
4: -536068 -83521 87178 48841
1: 537251 28561 -166464 48841
2: -537251 28561 -167620 48841
3: 540462 -112047 14739 48841
3: 542659 -14365 265302 48841
3: 542659 -18887 196520 48841
1: 542659 111605 -58956 48841
4: -542659 -967861 27574 48841
1: 545343 59319 -91494 48841
3: 550256 -42913 74698 48841
2: -550256 56095 -74698 48841
2: -553644 14739 -344981 48841
1: 558038 97529 -63869 48841
4: -558038 -127007 63869 48841
4: -559728 -162129 54587 48841
4: -562666 -142805 58956 48841
1: 563108 314171 -34391 48841
3: 564128 -83521 28561 48841
4: -564128 -83521 85683 48841
3: 565862 -6331 634933 48841
2: -567671 417605 8112 48841
1: 569908 6383 -672282 48841
4: -570882 -751689 28054 48841
1: 574821 14739 -303186 48841
2: -574821 428415 8194 48841
4: -574938 -85683 83521 48841
2: -575614 317033 3757 48841
1: 579734 45565 -112047 48841
4: -579734 -58747 112047 48841
2: -584647 6409 -817284 48841
4: -584647 -26533 222742 48841
1: 584647 37349 -132132 48841
2: -584647 37349 -123344 48841
3: 584647 -46007 70304 48841
2: -584647 59189 -70304 48841
4: -584647 -83317 84838 48841
2: -584647 344929 4836 48841
3: 584647 -485537 -11806 48841
4: -584647 -485537 31458 48841
1: 584647 598091 -27378 48841
4: -584647 -769457 27378 48841
1: 586092 85683 -69071 48841
1: 586092 250563 -37011 48841
3: 597584 -83521 30160 48841
4: -597584 -83521 84084 48841
3: 597584 -801905 -14739 48841
4: -599386 -16055 353379 48841
2: -599386 107653 -29835 48841
1: 599781 26877 -175712 48841
2: -599781 39015 -117334 48841
2: -599781 77571 -49130 48841
3: 599781 -105927 19652 48841
2: -599781 135405 -19652 48841
3: 599781 -191607 1972 48841
1: 599781 755157 -25432 48841
4: -603432 -8697 634933 48841
1: 604299 12675 -350506 48841
1: 608923 314171 -32946 48841
3: 609212 -63869 46137 48841
4: -609212 -63869 103259 48841
4: -610368 -42081 146523 48841
4: -614822 -28561 206346 48841
4: -615498 -181203 48841 48841
2: -618202 240737 -2873 48841
2: -619038 14739 -342732 48841
1: 619038 638313 -25857 48841
4: -619038 -809679 25857 48841
2: -619554 19773 -250563 48841
2: -628342 5681 -918731 48841
2: -628342 54587 -78608 48841
4: -628342 -86411 80631 48841
2: -628342 104329 -32079 48841
3: 628342 -830297 -13906 48841
4: -628342 -830297 25398 48841
4: -628864 -555169 28561 48841
1: 633777 44217 -114244 48841
1: 634933 50531 -102306 48841
3: 634933 -50531 64736 48841
2: -634933 63713 -64736 48841
4: -634933 -63713 102306 48841
1: 634933 83521 -69316 48841
2: -634933 83521 -44928 48841
3: 634933 -83521 31746 48841
4: -634933 -83521 82498 48841
1: 639574 714025 -24565 48841
2: -643603 20449 -241332 48841
1: 646932 250563 -35321 48841
3: 650312 -4913 843336 48841
3: 653354 -417605 -8112 48841
1: 653718 250563 -35152 48841
4: -654706 -10985 501126 48841
1: 656903 63869 -84524 48841
2: -656903 63869 -64872 48841
1: 667888 152303 -45747 48841
1: 668168 6647 -656903 48841
4: -668168 -9529 573417 48841
2: -668168 20111 -245388 48841
3: 668168 -28561 130876 48841
4: -668168 -28561 203208 48841
1: 668168 39559 -125229 48841
3: 668168 -48841 69121 48841
4: -668168 -48841 126243 48841
3: 668168 -53521 61516 48841
1: 668168 66079 -82134 48841
2: -668168 66703 -61516 48841
4: -668168 -161993 50531 48841
2: -668168 199927 -8629 48841
2: -668168 341887 2366 48841
1: 668168 393263 -28652 48841
3: 668168 -485537 -9102 48841
4: -668168 -485537 28754 48841
1: 668168 656903 -24317 48841
1: 668168 672503 -24167 48841
3: 668168 -909857 -13182 48841
4: -672282 -6591 820471 48841
4: -672282 -250563 38857 48841
3: 677994 -10881 373490 48841
3: 677994 -59319 54145 48841
3: 682907 -713011 -11492 48841
2: -682907 884377 11492 48841
1: 683774 83521 -68445 48841
2: -683774 83521 -45799 48841
1: 683774 714025 -23409 48841
4: -683774 -885391 23409 48841
1: 685464 10647 -417605 48841
2: -685464 11271 -451129 48841
1: 685464 13455 -334084 48841
1: 685464 18207 -251430 48841
3: 685464 -25857 147390 48841
2: -685464 27183 -176868 48841
3: 685464 -44217 78965 48841
1: 685464 69615 -78608 48841
3: 685464 -169065 7803 48841
3: 685464 -418761 -7225 48841
1: 685464 594711 -24565 48841
2: -685464 822783 10982 48841
3: 697646 -4321 971074 48841
2: -697646 5335 -971074 48841
4: -698139 -85683 78608 48841
3: 701012 -83521 34138 48841
4: -701012 -83521 80106 48841
1: 702559 28561 -166600 48841
2: -702559 28561 -167484 48841
2: -702559 34391 -136214 48841
4: -702559 -289867 35152 48841
1: 707472 39039 -126412 48841
1: 711828 11679 -383214 48841
1: 722211 4491 -971074 48841
4: -722211 -5505 971074 48841
4: -722211 -191607 43940 48841
3: 727124 -4913 856830 48841
1: 733122 280041 -31603 48841
3: 735794 -142805 13872 48841
1: 738192 6591 -668168 48841
1: 742339 417605 -26364 48841
2: -742586 14365 -348823 48841
4: -751689 -6591 810264 48841
2: -751689 6747 -760162 48841
4: -751689 -7293 733798 48841
1: 751689 8619 -515450 48841
1: 751689 15963 -285610 48841
1: 751689 56355 -92274 48841
2: -751689 112047 -30862 48841
4: -751689 -114699 61516 48841
2: -751689 123981 -26364 48841
3: 751689 -146523 13520 48841
1: 751689 428415 -25918 48841
1: 751689 793455 -21294 48841
2: -751689 942513 10312 48841
4: -751689 -964821 21294 48841
3: 751842 -85683 34391 48841
3: 751978 -938119 -11271 48841
2: -764556 250563 -5265 48841
2: -766428 85683 -45441 48841
3: 766428 -257049 1224 48841
3: 769964 -142805 14739 48841
3: 771147 -11271 367608 48841
2: -771147 191607 -11798 48841
3: 777738 -784329 -9826 48841
4: -781167 -13689 396474 48841
3: 781456 -28561 136119 48841
4: -781456 -28561 197965 48841
3: 781456 -83521 36504 48841
4: -781456 -83521 77740 48841
2: -784329 6591 -776254 48841
1: 784329 98865 -58956 48841
4: -786526 -53465 112710 48841
3: 789568 -240737 2873 48841
4: -795906 -73695 85683 48841
1: 795906 845169 -20111 48841
3: 799708 -146149 14739 48841
2: -799708 175627 -14739 48841
3: 803998 -28561 136986 48841
4: -803998 -28561 197098 48841
4: -805732 -378301 28561 48841
4: -818298 -250563 35321 48841
1: 825384 6591 -674050 48841
1: 827424 428415 -24565 48841
4: -828269 -7943 668168 48841
1: 828269 8935 -501126 48841
4: -828269 -10669 501126 48841
4: -828269 -50167 117912 48841
3: 828269 -319345 -782 48841
1: 828852 126243 -48841 48841
1: 830297 4913 -899756 48841
3: 830297 -4913 871026 48841
1: 830297 28561 -166668 48841
2: -830297 28561 -167416 48841
3: 830297 -28561 137938 48841
4: -830297 -28561 196146 48841
1: 830297 152303 -42926 48841
3: 830297 -152303 14196 48841
2: -830297 181781 -14196 48841
4: -830297 -181781 42926 48841
1: 830297 885391 -19278 48841
3: 830297 -885391 -9452 48841
3: 837057 -14739 281112 48841
4: -845036 -34645 163761 48841
2: -845988 250563 -6591 48841
3: 848042 -15317 270504 48841
3: 849082 -584647 -6591 48841
4: -854386 -417605 26364 48841
1: 869601 71643 -74698 48841
4: -869601 -84825 74698 48841
2: -870012 899079 7956 48841
2: -874514 12181 -410839 48841
2: -877404 850239 7514 48841
3: 879138 -250563 3887 48841
1: 879138 942513 -18207 48841
2: -883194 6069 -837811 48841
4: -885391 -38573 147390 48841
3: 885391 -63869 55046 48841
4: -885391 -63869 94350 48841
1: 896376 6591 -677994 48841
2: -896376 59319 -73695 48841
4: -904488 -280041 31603 48841
4: -907361 -304895 30056 48841
3: 912951 -85683 38148 48841
4: -913952 -21697 250563 48841
3: 913952 -83521 39493 48841
4: -913952 -83521 74751 48841
2: -913952 341887 -2023 48841
3: 916708 -83521 39546 48841
1: 918731 28561 -166704 48841
2: -918731 28561 -167380 48841
1: 918731 99467 -57122 48841
4: -918731 -116705 57122 48841
2: -918731 244205 -8112 48841
1: 927134 4913 -907205 48841
3: 927979 -142805 17918 48841
4: -942513 -8619 609212 48841
1: 942513 13689 -334084 48841
2: -942513 250563 -7866 48841
3: 942513 -397953 -1598 48841
2: -943296 73695 -57122 48841
1: 948209 319345 -26364 48841
1: 962286 434367 -22542 48841
4: -962948 -17069 313157 48841
1: 971074 8125 -555169 48841
3: 971074 -8125 530604 48841
2: -971074 9451 -530604 48841
4: -971074 -9451 555169 48841
1: 971074 21125 -221085 48841
3: 971074 -21125 196520 48841
1: 971074 83521 -65095 48841
2: -971074 83521 -49149 48841
3: 971074 -83521 40530 48841
4: -971074 -83521 73714 48841
1: 971074 105625 -54043 48841
3: 971074 -105625 29478 48841
2: -971074 122863 -29478 48841
4: -971074 -122863 54043 48841
1: 971074 417605 -22845 48841
3: 971074 -417605 -1720 48841
4: -972774 -64389 91936 48841
4: -983178 -85683 71961 48841
3: 987513 -574821 -4394 48841
1: 999804 250563 -29575 48841
