Command line:- ../do_t 5491 1000000
1: 6 3249 334084 5491
1: 19 2941 933470 5491
2: -19 3179 -307496 5491
1: 34 3667 -466735 5491
2: -38 3757 472226 5491
1: 76 4913 -665703 5491
2: -76 4913 641155 5491
1: 76 6137 -928557 5491
2: -76 6137 908905 5491
1: 92 4693 -501126 5491
2: -102 3249 -39304 5491
1: 114 2601 329460 5491
1: 133 4913 -385662 5491
2: -133 4913 361114 5491
2: -136 1805 -948209 5491
2: -148 11849 730303 5491
2: -151 334951 988380 5491
1: 151 771341 -994194 5491
1: 152 10693 -691866 5491
1: 152 13357 -751689 5491
1: 152 181781 -974168 5491
1: 152 227069 -977687 5491
4: -153 -250563 998526 5491
1: 154 22021 -835210 5491
3: 154 -334951 -988380 5491
2: -156 751689 962065 5491
2: -162 11913 668168 5491
4: -167 -730303 906882 5491
2: -171 4335 197676 5491
2: -171 5415 334084 5491
1: 171 14739 -688636 5491
1: 171 18411 -727124 5491
2: -171 51153 823650 5491
2: -171 63897 835210 5491
4: -171 -73695 921842 5491
4: -171 -92055 913818 5491
3: 171 -250563 -892962 5491
3: 171 -312987 -890698 5491
4: -171 -869601 885020 5491
2: -172 81073 840123 5491
2: -173 763249 867578 5491
3: 174 -41667 -933470 5491
1: 174 73695 -828495 5491
1: 177 26163 -746776 5491
1: 184 24565 -711892 5491
2: -186 250563 799615 5491
2: -196 1805 -668168 5491
1: 198 14739 -595289 5491
1: 198 252339 -751689 5491
2: -202 2527 -250563 5491
1: 204 2565 186694 5491
3: 204 -9747 -982600 5491
1: 204 341145 -732037 5491
2: -204 358473 732037 5491
2: -209 2023 -483208 5491
1: 209 6137 -343910 5491
2: -209 6137 324258 5491
1: 209 14365 -560082 5491
2: -209 15113 560082 5491
2: -209 45847 668168 5491
3: 209 -48841 -768740 5491
3: 209 -398905 -727124 5491
3: 209 -417605 -726864 5491
2: -211 466735 709308 5491
3: 214 -466735 -709308 5491
2: -216 103173 675070 5491
1: 221 17917 -560082 5491
2: -221 18905 560082 5491
1: 224 417605 -667850 5491
1: 227 55777 -625974 5491
3: 228 -14739 -804916 5491
3: 228 -18411 -776254 5491
2: -228 23409 565573 5491
2: -228 29241 584647 5491
3: 228 -243627 -669902 5491
4: -228 -257499 669902 5491
3: 228 -304323 -668168 5491
4: -228 -321651 668168 5491
2: -234 18411 525691 5491
2: -236 521645 634644 5491
3: 238 -17879 -746776 5491
4: -238 -18943 746776 5491
2: -239 445349 625974 5491
3: 239 -521645 -634644 5491
4: -241 -24565 711892 5491
3: 247 -14297 -746776 5491
3: 247 -142477 -624036 5491
1: 247 177973 -599386 5491
1: 249 751689 -602870 5491
1: 252 280041 -591413 5491
2: -256 69445 560082 5491
2: -256 417605 584098 5491
4: -258 -280041 591413 5491
1: 261 239343 -569908 5491
3: 262 -11849 -730303 5491
1: 263 139213 -560082 5491
2: -266 1805 -501126 5491
1: 266 4913 -198968 5491
2: -266 4913 174420 5491
4: -266 -51731 604010 5491
3: 266 -104329 -584069 5491
4: -266 -104329 585225 5491
2: -266 417605 562134 5491
1: 271 32129 -501126 5491
2: -272 4693 152303 5491
3: 272 -17803 -653429 5491
4: -272 -19019 653429 5491
2: -272 27797 486387 5491
4: -272 -918731 556301 5491
1: 274 20995 -466735 5491
4: -276 -460275 550256 5491
1: 282 312987 -529159 5491
4: -288 -312987 529159 5491
1: 289 1805 397086 5491
1: 289 3971 -104040 5491
3: 289 -3971 -939250 5491
1: 289 19855 -438124 5491
3: 289 -19855 -605166 5491
2: -289 21299 438124 5491
4: -289 -21299 605166 5491
1: 289 83521 -501790 5491
2: -289 83521 500346 5491
3: 289 -83521 -541500 5491
4: -289 -83521 542944 5491
1: 289 417605 -517674 5491
3: 289 -417605 -525616 5491
1: 289 918731 -519840 5491
3: 289 -918731 -523450 5491
4: -298 -496213 509371 5491
3: 302 -818387 -501126 5491
1: 304 1445 593028 5491
2: -304 10469 334084 5491
1: 304 24565 -431851 5491
2: -304 177973 486387 5491
3: 304 -301435 -501126 5491
4: -304 -324539 501126 5491
1: 304 417605 -492138 5491
4: -306 -3819 933470 5491
2: -306 5415 181781 5491
4: -306 -72561 515865 5491
3: 306 -250563 -498902 5491
2: -307 42959 451996 5491
4: -312 -14739 595289 5491
1: 323 2527 117912 5491
1: 323 17689 -383214 5491
3: 323 -17689 -550256 5491
2: -323 19133 383214 5491
4: -323 -19133 550256 5491
1: 323 83521 -449046 5491
2: -323 83521 447602 5491
3: 323 -83521 -484424 5491
4: -323 -83521 485868 5491
1: 323 584647 -464208 5491
3: 323 -584647 -469262 5491
4: -331 -417605 459192 5491
1: 334 41905 -417316 5491
3: 336 -18411 -525691 5491
4: -336 -132651 460275 5491
2: -342 14739 338181 5491
2: -342 18411 358649 5491
4: -342 -250563 446842 5491
4: -342 -312987 445638 5491
1: 347 83521 -418038 5491
2: -347 83521 416594 5491
2: -354 44217 392768 5491
3: 358 -42959 -451996 5491
2: -361 1445 -576266 5491
2: -361 1615 -471648 5491
2: -361 3077 -49130 5491
4: -361 -3077 884340 5491
4: -361 -3439 835210 5491
1: 361 4913 -149838 5491
2: -361 4913 125290 5491
3: 361 -4913 -685372 5491
4: -361 -4913 709920 5491
1: 361 5491 -178024 5491
2: -361 5491 156060 5491
3: 361 -5491 -657186 5491
4: -361 -5491 679150 5491
1: 361 14093 -324258 5491
3: 361 -14093 -510952 5491
2: -361 15385 324258 5491
4: -361 -15385 510952 5491
1: 361 15751 -334084 5491
3: 361 -15751 -501126 5491
2: -361 17195 334084 5491
4: -361 -17195 501126 5491
2: -361 24565 359142 5491
4: -361 -24565 476068 5491
2: -361 27455 365296 5491
4: -361 -27455 469914 5491
2: -361 52309 390150 5491
4: -361 -52309 445060 5491
2: -361 58463 393040 5491
4: -361 -58463 442170 5491
1: 361 83521 -401854 5491
2: -361 83521 400410 5491
3: 361 -83521 -433356 5491
4: -361 -83521 434800 5491
1: 361 93347 -403512 5491
2: -361 93347 402220 5491
3: 361 -93347 -431698 5491
4: -361 -93347 432990 5491
1: 361 239581 -412114 5491
3: 361 -239581 -423096 5491
2: -361 261545 412114 5491
4: -361 -261545 423096 5491
1: 361 267767 -412692 5491
3: 361 -267767 -422518 5491
2: -361 292315 412692 5491
4: -361 -292315 422518 5491
2: -361 417605 414166 5491
4: -361 -417605 421044 5491
2: -361 466735 414528 5491
4: -361 -466735 420682 5491
2: -361 889253 415990 5491
4: -361 -889253 419220 5491
2: -361 993871 416160 5491
4: -361 -993871 419050 5491
4: -363 -710073 417316 5491
3: 369 -92055 -422518 5491
3: 374 -417605 -406125 5491
4: -376 -20995 466735 5491
2: -377 52003 373388 5491
3: 379 -171955 -405042 5491
2: -381 840123 394060 5491
1: 384 276165 -388127 5491
3: 384 -840123 -394060 5491
1: 391 4693 -127738 5491
1: 399 867 988380 5491
3: 399 -18411 -442170 5491
1: 399 27075 -334084 5491
1: 399 73695 -361760 5491
1: 402 55233 -353736 5491
3: 411 -44217 -392768 5491
1: 414 37905 -334084 5491
1: 418 6137 -176868 5491
2: -418 6137 157216 5491
1: 418 13991 -280041 5491
2: -418 15487 280041 5491
1: 424 30685 -319345 5491
2: -426 938961 352580 5491
1: 428 28033 -312987 5491
3: 428 -52003 -373388 5491
4: -428 -190247 358649 5491
3: 429 -938961 -352580 5491
1: 437 104329 -334662 5491
2: -437 104329 333506 5491
1: 437 237269 -340442 5491
2: -437 263857 340442 5491
1: 442 17423 -280041 5491
2: -442 19399 280041 5491
3: 442 -47291 -363562 5491
4: -453 -55233 353736 5491
3: 454 -510815 -334084 5491
1: 456 1989 186694 5491
4: -456 -14739 408595 5491
4: -456 -18411 393040 5491
3: 456 -236691 -334951 5491
4: -456 -264435 334951 5491
3: 456 -295659 -334084 5491
4: -456 -330315 334084 5491
1: 456 574821 -328814 5491
1: 456 718029 -329171 5491
3: 459 -66063 -343910 5491
2: -463 840769 324258 5491
4: -466 -106495 334084 5491
1: 474 195075 -312987 5491
2: -476 1805 -294780 5491
3: 476 -17347 -373388 5491
4: -476 -19475 373388 5491
2: -476 417605 314070 5491
2: -477 681207 314432 5491
2: -484 34561 280041 5491
3: 484 -640135 -312987 5491
3: 494 -13855 -373388 5491
4: -494 -15623 373388 5491
2: -514 211259 288439 5491
4: -526 -30685 319345 5491
1: 532 4913 -105621 5491
2: -532 4913 81073 5491
1: 534 382755 -280041 5491
2: -538 34391 251617 5491
4: -542 -28033 312987 5491
3: 542 -451877 -280041 5491
1: 544 417605 -275082 5491
3: 549 -250563 -277970 5491
2: -551 9025 167042 5491
2: -574 411179 260389 5491
1: 578 1007 532627 5491
2: -578 1159 -532627 5491
1: 578 19133 -219062 5491
3: 578 -19133 -302583 5491
2: -578 22021 219062 5491
4: -578 -22021 302583 5491
1: 578 83521 -251256 5491
2: -578 83521 249812 5491
3: 578 -83521 -270389 5491
4: -578 -83521 271833 5491
2: -582 1083 -584647 5491
3: 586 -34561 -280041 5491
1: 589 232645 -252586 5491
2: -589 268481 252586 5491
4: -594 -533919 255476 5491
3: 608 -54043 -261953 5491
4: -608 -116603 255476 5491
3: 608 -289883 -250563 5491
4: -608 -336091 250563 5491
3: 612 -14079 -299693 5491
1: 612 24909 -216172 5491
4: -612 -250563 249812 5491
1: 627 13617 -186694 5491
2: -627 15861 186694 5491
4: -629 -53789 255476 5491
2: -646 1805 -225998 5491
4: -646 -1805 692733 5491
2: -646 3971 24565 5491
4: -646 -3971 442170 5491
1: 646 16967 -191607 5491
3: 646 -16967 -275128 5491
2: -646 19855 191607 5491
4: -646 -19855 275128 5491
1: 646 83521 -224884 5491
2: -646 83521 223440 5491
3: 646 -83521 -241851 5491
4: -646 -83521 243295 5491
2: -646 417605 231382 5491
4: -646 -417605 235353 5491
2: -646 918731 232465 5491
4: -646 -918731 234270 5491
3: 652 -34391 -251617 5491
2: -662 13357 167042 5491
1: 663 16929 -186694 5491
2: -663 19893 186694 5491
4: -671 -1805 668168 5491
3: 684 -867 -988380 5491
3: 684 -1083 -835210 5491
3: 684 -2703 -466735 5491
3: 684 -250563 -223060 5491
3: 684 -312987 -222530 5491
3: 684 -781167 -221255 5491
3: 684 -975783 -221085 5491
1: 694 83521 -209380 5491
2: -694 83521 207936 5491
1: 703 79781 -206346 5491
3: 703 -374357 -216172 5491
2: -707 166753 208658 5491
2: -714 1539 -280041 5491
3: 714 -63897 -221085 5491
1: 716 334373 -208658 5491
2: -722 697 -864688 5491
2: -722 779 -751689 5491
1: 722 791 584647 5491
2: -722 943 -584647 5491
1: 722 1921 117912 5491
3: 722 -1921 -535517 5491
1: 722 2023 101439 5491
3: 722 -2023 -519044 5491
1: 722 2147 83521 5491
3: 722 -2147 -501126 5491
1: 722 2261 68782 5491
3: 722 -2261 -486387 5491
1: 722 4913 -81056 5491
2: -722 4913 56508 5491
3: 722 -4913 -336549 5491
4: -722 -4913 361097 5491
1: 722 5491 -94503 5491
2: -722 5491 72539 5491
3: 722 -5491 -323102 5491
4: -722 -5491 345066 5491
2: -722 6647 96237 5491
4: -722 -6647 321368 5491
2: -722 7429 108086 5491
4: -722 -7429 309519 5491
2: -722 11849 145656 5491
4: -722 -11849 271949 5491
2: -722 13243 152303 5491
4: -722 -13243 265302 5491
1: 722 13447 -162129 5491
3: 722 -13447 -255476 5491
1: 722 15029 -167042 5491
3: 722 -15029 -250563 5491
2: -722 16031 162129 5491
4: -722 -16031 255476 5491
2: -722 17917 167042 5491
4: -722 -17917 250563 5491
1: 722 32657 -189584 5491
3: 722 -32657 -228021 5491
1: 722 34391 -190553 5491
3: 722 -34391 -227052 5491
1: 722 36499 -191607 5491
3: 722 -36499 -225998 5491
1: 722 38437 -192474 5491
1: 722 83521 -201288 5491
2: -722 83521 199844 5491
3: 722 -83521 -216317 5491
4: -722 -83521 217761 5491
1: 722 93347 -202079 5491
2: -722 93347 200787 5491
3: 722 -93347 -215526 5491
4: -722 -93347 216818 5491
2: -722 112999 202181 5491
4: -722 -112999 215424 5491
2: -722 126293 202878 5491
4: -722 -126293 214727 5491
2: -722 201433 205088 5491
4: -722 -201433 212517 5491
2: -722 225131 205479 5491
4: -722 -225131 212126 5491
1: 722 228599 -206057 5491
3: 722 -228599 -211548 5491
1: 722 255493 -206346 5491
3: 722 -255493 -211259 5491
2: -722 272527 206057 5491
4: -722 -272527 211548 5491
2: -722 304589 206346 5491
4: -722 -304589 211259 5491
1: 722 555169 -207672 5491
3: 722 -555169 -209933 5491
1: 722 584647 -207729 5491
3: 722 -584647 -209876 5491
1: 722 620483 -207791 5491
3: 722 -620483 -209814 5491
1: 722 653429 -207842 5491
3: 722 -653429 -209763 5491
3: 729 -333795 -208658 5491
2: -731 76171 196520 5491
4: -738 -167331 208658 5491
2: -741 7803 109820 5491
3: 741 -14739 -244834 5491
3: 751 -83521 -207936 5491
4: -751 -83521 209380 5491
3: 779 -1445 -593028 5491
2: -779 26353 167042 5491
1: 796 208981 -186694 5491
2: -798 867 -598519 5491
4: -798 -18411 225998 5491
3: 798 -132651 -193154 5491
1: 799 584647 -187720 5491
2: -804 834309 186694 5491
1: 806 27797 -167042 5491
2: -811 378301 184110 5491
4: -811 -834955 186694 5491
3: 819 -208335 -186694 5491
2: -836 6137 73695 5491
4: -836 -55199 192185 5491
3: 861 -3249 -334084 5491
1: 867 1083 299404 5491
4: -867 -1197 702848 5491
4: -867 -3249 368764 5491
4: -867 -22743 201722 5491
4: -867 -751689 174724 5491
4: -874 -2023 483208 5491
1: 874 24565 -151810 5491
1: 874 104329 -167620 5491
2: -874 104329 166464 5491
1: 874 223975 -170221 5491
2: -874 277151 170221 5491
1: 874 951235 -171955 5491
1: 893 279053 -167042 5491
2: -893 346921 167042 5491
2: -896 417605 166782 5491
2: -896 507205 167042 5491
4: -909 -507927 167042 5491
3: 912 -18411 -191607 5491
3: 912 -278331 -167042 5491
4: -912 -347643 167042 5491
4: -921 -178695 167042 5491
2: -931 1805 -167042 5491
3: 931 -104329 -166464 5491
4: -931 -104329 167620 5491
3: 952 -16283 -186694 5491
4: -952 -20539 186694 5491
3: 969 -3249 -294780 5491
1: 969 16245 -127738 5491
2: -969 20577 127738 5491
2: -969 250563 153292 5491
3: 969 -751689 -156180 5491
3: 988 -12971 -186694 5491
4: -988 -16507 186694 5491
4: -998 -448001 152303 5491
3: 999 -27075 -167042 5491
4: -1007 -682907 150518 5491
1: 1024 417605 -146205 5491
2: -1026 1275 -280041 5491
4: -1026 -27075 167042 5491
2: -1026 56355 137275 5491
3: 1026 -162129 -149549 5491
3: 1034 -263891 -147390 5491
1: 1064 1805 83521 5491
4: -1064 -3179 307496 5491
1: 1064 417605 -140714 5491
2: -1067 141151 137564 5491
4: -1071 -79059 147390 5491
3: 1083 -753 -668168 5491
1: 1083 867 320212 5491
3: 1083 -969 -550256 5491
4: -1083 -981 668168 5491
4: -1083 -2601 338708 5491
2: -1083 2907 -39304 5491
1: 1083 12801 -108086 5491
3: 1083 -14307 -167042 5491
3: 1083 -14739 -166226 5491
1: 1083 16473 -115022 5491
2: -1083 16677 108086 5491
4: -1083 -18639 167042 5491
2: -1083 44217 127466 5491
4: -1083 -49419 149702 5491
3: 1083 -217617 -141032 5491
1: 1083 243219 -137564 5491
1: 1083 250563 -137612 5491
3: 1083 -280041 -140624 5491
4: -1083 -283509 141032 5491
2: -1083 316863 137564 5491
4: -1083 -751689 139892 5491
2: -1083 840123 138584 5491
4: -1098 -250563 139346 5491
3: 1118 -141151 -137564 5491
2: -1121 521645 133518 5491
1: 1128 7581 -83521 5491
4: -1143 -14079 167042 5491
4: -1152 -1083 584647 5491
1: 1156 361 892721 5491
3: 1156 -931 -527136 5491
4: -1156 -1235 527136 5491
2: -1156 1805 -141032 5491
3: 1156 -2527 -276573 5491
2: -1156 4693 26010 5491
1: 1156 17689 -109531 5491
2: -1156 23465 109531 5491
1: 1156 83521 -125989 5491
2: -1156 83521 124545 5491
2: -1156 417605 129238 5491
3: 1156 -584647 -131043 5491
3: 1159 -1805 -334084 5491
3: 1159 -215305 -131784 5491
4: -1159 -285821 131784 5491
1: 1166 879427 -128877 5491
1: 1173 250563 -127072 5491
1: 1178 214727 -126293 5491
2: -1178 286399 126293 5491
1: 1184 79781 -122825 5491
1: 1204 142477 -122740 5491
2: -1216 417605 122854 5491
3: 1224 -1083 -442170 5491
3: 1224 -250563 -124545 5491
3: 1254 -4335 -197676 5491
4: -1254 -9747 167042 5491
1: 1254 12495 -93347 5491
2: -1254 16983 93347 5491
3: 1254 -128877 -122825 5491
1: 1257 165699 -117912 5491
4: -1261 -142477 122740 5491
2: -1273 877591 117912 5491
4: -1286 -79781 122825 5491
1: 1292 361 781167 5491
3: 1292 -15523 -137564 5491
4: -1292 -21299 137564 5491
1: 1292 83521 -112803 5491
2: -1292 83521 111359 5491
4: -1308 -165699 117912 5491
2: -1311 250563 113240 5491
1: 1326 15447 -93347 5491
2: -1326 21375 93347 5491
3: 1349 -4913 -174420 5491
4: -1349 -4913 198968 5491
4: -1368 -867 598519 5491
4: -1368 -1083 501126 5491
4: -1368 -250563 111891 5491
4: -1368 -312987 111554 5491
2: -1378 82943 104329 5491
3: 1387 -6137 -157216 5491
4: -1387 -6137 176868 5491
1: 1388 83521 -105051 5491
2: -1388 83521 103607 5491
1: 1398 84099 -104329 5491
3: 1406 -361 -918731 5491
3: 1411 -26353 -117912 5491
1: 1444 289 877115 5491
3: 1444 -323 -982600 5491
3: 1444 -715 -501126 5491
3: 1444 -935 -407779 5491
4: -1444 -1019 501126 5491
1: 1444 1045 167042 5491
1: 1444 1105 152303 5491
3: 1444 -1235 -334084 5491
1: 1444 1445 91902 5491
3: 1444 -2431 -221085 5491
3: 1444 -3179 -193630 5491
1: 1444 3553 -24565 5491
1: 1444 3757 -28900 5491
3: 1444 -4199 -171955 5491
1: 1444 4913 -46665 5491
2: -1444 4913 22117 5491
3: 1444 -5491 -156060 5491
4: -1444 -5491 178024 5491
3: 1444 -12155 -127738 5491
1: 1444 13585 -83521 5491
3: 1444 -15895 -122247 5491
4: -1444 -17323 127738 5491
1: 1444 17765 -88434 5491
1: 1444 18785 -89301 5491
2: -1444 19361 83521 5491
3: 1444 -20995 -117912 5491
1: 1444 24565 -92854 5491
3: 1444 -27455 -114733 5491
3: 1444 -41327 -111265 5491
1: 1444 46189 -98260 5491
3: 1444 -54043 -109650 5491
1: 1444 60401 -99705 5491
1: 1444 63869 -99960 5491
3: 1444 -71383 -108375 5491
1: 1444 83521 -101005 5491
2: -1444 83521 99561 5491
3: 1444 -93347 -107440 5491
4: -1444 -93347 108732 5491
3: 1444 -206635 -105774 5491
1: 1444 230945 -103173 5491
3: 1444 -270215 -105451 5491
4: -1444 -294491 105774 5491
1: 1444 302005 -103462 5491
1: 1444 319345 -103513 5491
2: -1444 329137 103173 5491
3: 1444 -356915 -105196 5491
1: 1444 417605 -103722 5491
3: 1444 -466735 -105009 5491
3: 1444 -702559 -104805 5491
1: 1444 785213 -104040 5491
3: 1444 -918731 -104710 5491
4: -1482 -14739 128554 5491
3: 1482 -938961 -102017 5491
3: 1492 -82943 -104329 5491
1: 1496 22021 -88434 5491
3: 1502 -83521 -103607 5491
4: -1502 -83521 105051 5491
4: -1512 -84099 104329 5491
2: -1513 589 -560082 5491
4: -1532 -2527 250563 5491
3: 1539 -865317 -98260 5491
2: -1554 103683 93347 5491
1: 1574 104975 -93347 5491
2: -1581 250563 93860 5491
2: -1596 13005 65892 5491
3: 1596 -18411 -108086 5491
3: 1598 -1349 -280041 5491
2: -1654 47291 83521 5491
3: 1656 -103683 -93347 5491
2: -1666 1805 -108086 5491
2: -1672 53789 83521 5491
4: -1676 -104975 93347 5491
1: 1691 325261 -88434 5491
3: 1734 -855 -351424 5491
2: -1734 1083 -233223 5491
4: -1734 -1311 351424 5491
1: 1734 3249 -17340 5491
3: 1734 -16245 -100861 5491
4: -1734 -24909 100861 5491
2: -1734 250563 85557 5491
1: 1734 751689 -86640 5491
2: -1746 810645 85918 5491
1: 1748 104329 -84099 5491
2: -1748 104329 82943 5491
1: 1767 250563 -84436 5491
1: 1786 245119 -83521 5491
2: -1786 380855 83521 5491
1: 1786 584647 -84037 5491
4: -1819 -3211 186694 5491
2: -1819 584647 82308 5491
3: 1824 -7803 -109820 5491
3: 1824 -243675 -83521 5491
4: -1824 -382299 83521 5491
3: 1862 -1037 -280041 5491
3: 1862 -104329 -82943 5491
4: -1862 -104329 84099 5491
4: -1866 -751689 81225 5491
2: -1881 14739 58140 5491
3: 1904 -14155 -93347 5491
4: -1904 -22667 93347 5491
1: 1904 417605 -78698 5491
1: 1938 1083 103173 5491
2: -1938 3249 -19652 5491
1: 1938 14079 -63869 5491
2: -1938 22743 63869 5491
1: 1938 250563 -77007 5491
2: -1938 751689 77368 5491
4: -1956 -48735 83521 5491
2: -1957 493 -560082 5491
1: 1972 209 840123 5491
3: 1976 -11203 -93347 5491
4: -1976 -18275 93347 5491
3: 1994 -918731 -75810 5491
1: 2014 30685 -68782 5491
1: 2052 103173 -71706 5491
4: -2071 -2635 186694 5491
3: 2074 -1805 -171955 5491
2: -2139 250563 69312 5491
1: 2166 171 918731 5491
3: 2166 -639 -334084 5491
2: -2166 867 -264435 5491
4: -2166 -969 368475 5491
4: -2166 -1095 334084 5491
1: 2166 2601 -4624 5491
3: 2166 -2907 -127738 5491
4: -2166 -3723 147390 5491
4: -2166 -4335 136408 5491
2: -2166 4845 9826 5491
1: 2166 10863 -54043 5491
3: 2166 -12141 -83521 5491
4: -2166 -14739 89250 5491
2: -2166 16473 52020 5491
2: -2166 18615 54043 5491
4: -2166 -20805 83521 5491
3: 2166 -44217 -73423 5491
1: 2166 49419 -66181 5491
2: -2166 63291 65025 5491
4: -2166 -70737 73695 5491
2: -2166 73695 65671 5491
4: -2166 -82365 73117 5491
3: 2166 -184671 -70516 5491
1: 2166 206397 -68782 5491
2: -2166 250563 68445 5491
4: -2166 -280041 70635 5491
4: -2166 -316455 70516 5491
2: -2166 353685 68782 5491
1: 2166 751689 -69376 5491
3: 2166 -840123 -69802 5491
2: -2176 417605 68590 5491
3: 2196 -250563 -69312 5491
1: 2223 18411 -58956 5491
2: -2261 1805 -88434 5491
3: 2261 -13357 -78608 5491
4: -2261 -23465 78608 5491
2: -2261 417605 66006 5491
3: 2312 -779 -263568 5491
4: -2312 -1387 263568 5491
3: 2318 -180047 -65892 5491
4: -2318 -321079 65892 5491
1: 2324 153425 -63869 5491
2: -2346 250563 63175 5491
4: -2426 -153425 63869 5491
4: -2448 -1083 304606 5491
1: 2508 153 840123 5491
2: -2516 1045 -186694 5491
3: 2527 -323 -481474 5491
4: -2527 -323 854862 5491
1: 2527 601 167042 5491
2: -2527 1133 -167042 5491
4: -2527 -1751 206346 5491
4: -2527 -3179 140454 5491
1: 2527 4913 -31926 5491
2: -2527 4913 7378 5491
1: 2527 194123 -58956 5491
2: -2527 365959 58956 5491
4: -2527 -565573 60112 5491
1: 2533 242231 -58956 5491
2: -2533 457387 58956 5491
1: 2584 1805 14739 5491
3: 2584 -12635 -68782 5491
4: -2584 -24187 68782 5491
1: 2584 417605 -58026 5491
2: -2601 285 -823650 5491
3: 2601 -1083 -178602 5491
2: -2601 5415 11560 5491
3: 2601 -250563 -58482 5491
1: 2622 250563 -56981 5491
1: 2652 751689 -56677 5491
3: 2679 -13005 -65892 5491
2: -2679 312987 55488 5491
3: 2698 -4913 -81073 5491
4: -2698 -4913 105621 5491
1: 2698 67507 -54043 5491
3: 2736 -1083 -167042 5491
3: 2736 -312987 -55488 5491
3: 2774 -6137 -73695 5491
1: 2774 112999 -53295 5491
4: -2862 -7581 83521 5491
3: 2888 -323 -397953 5491
4: -2888 -323 771341 5491
3: 2888 -563 -250563 5491
4: -2888 -1171 250563 5491
3: 2888 -5491 -72539 5491
4: -2888 -5491 94503 5491
3: 2888 -9571 -63869 5491
4: -2888 -19907 63869 5491
3: 2888 -93347 -53397 5491
4: -2888 -93347 54689 5491
3: 2888 -162707 -52887 5491
4: -2888 -338419 52887 5491
4: -2907 -1083 265302 5491
4: -2907 -250563 52782 5491
1: 2924 45125 -49130 5491
4: -2926 -67915 54910 5491
3: 2964 -14739 -58140 5491
2: -2964 751689 50559 5491
2: -3051 791673 49130 5491
4: -3059 -201433 50388 5491
1: 3059 668933 -49130 5491
1: 3116 22253 -43928 5491
1: 3162 250563 -47291 5491
3: 3179 -133 -768740 5491
3: 3179 -1805 -100572 5491
3: 3179 -417605 -47652 5491
4: -3192 -18411 58956 5491
1: 3249 105 835210 5491
2: -3249 663 -275128 5491
4: -3249 -741 334084 5491
3: 3249 -867 -153170 5491
1: 3249 969 49130 5491
2: -3249 1581 -88434 5491
4: -3249 -1767 167042 5491
3: 3249 -1785 -98260 5491
4: -3249 -11271 65314 5491
2: -3249 12597 29478 5491
1: 3249 14739 -40120 5491
3: 3249 -16473 -52020 5491
4: -3249 -26877 54332 5491
2: -3249 30039 39304 5491
1: 3249 30345 -43350 5491
3: 3249 -33915 -49130 5491
2: -3249 191607 45288 5491
4: -3249 -214149 47396 5491
3: 3249 -250563 -46770 5491
1: 3249 280041 -46070 5491
2: -3249 456909 45934 5491
4: -3249 -510663 46818 5491
3: 3249 -515865 -46580 5491
1: 3249 576555 -46240 5491
1: 3281 361 206346 5491
2: -3281 361 -540430 5491
2: -3344 901 -186694 5491
2: -3366 37905 39304 5491
4: -3401 -42959 49130 5491
2: -3428 201433 42959 5491
2: -3451 209 -933470 5491
3: 3468 -627 -175712 5491
4: -3468 -1539 175712 5491
3: 3477 -144789 -43928 5491
4: -3477 -356337 43928 5491
2: -3496 24565 34884 5491
4: -3534 -128877 44217 5491
2: -3534 250563 41857 5491
1: 3536 133 560082 5491
3: 3542 -201433 -42959 5491
1: 3584 417605 -41876 5491
2: -3621 16245 29478 5491
4: -3641 -417605 41876 5491
1: 3667 361 167042 5491
2: -3667 361 -501126 5491
1: 3667 181781 -40698 5491
3: 3757 -361 -239292 5491
4: -3757 -361 573376 5491
1: 3762 14739 -35207 5491
2: -3781 337535 39304 5491
1: 3822 497097 -39304 5491
4: -3873 -497097 39304 5491
4: -3876 -5415 73695 5491
1: 3971 7633 -29478 5491
2: -3971 21845 29478 5491
2: -3971 27455 31212 5491
4: -3971 -74273 40460 5491
3: 3971 -93347 -38658 5491
4: -3971 -93347 39950 5491
4: -3971 -417605 38408 5491
2: -4046 1805 -64158 5491
2: -4066 584647 36765 5491
1: 4087 948209 -36822 5491
3: 4131 -399 -186694 5491
3: 4182 -3249 -54043 5491
3: 4199 -361 -196520 5491
4: -4199 -361 530604 5491
1: 4199 9025 -29478 5491
2: -4199 27797 29478 5491
2: -4233 751689 35378 5491
2: -4256 417605 34998 5491
1: 4278 250563 -35017 5491
1: 4332 57 918731 5491
3: 4332 -411 -167042 5491
4: -4332 -1323 167042 5491
2: -4332 3213 -19652 5491
4: -4332 -3591 83521 5491
4: -4332 -7803 57222 5491
2: -4332 8721 14739 5491
3: 4332 -14739 -38488 5491
1: 4332 16473 -31501 5491
3: 4332 -118779 -35258 5491
1: 4332 132753 -34391 5491
4: -4332 -382347 35258 5491
2: -4332 427329 34391 5491
2: -4332 928557 34612 5491
4: -4392 -250563 35017 5491
2: -4446 18411 24565 5491
1: 4484 85 560082 5491
1: 4484 521645 -33524 5491
3: 4522 -8303 -39304 5491
4: -4522 -28519 39304 5491
4: -4541 -521645 33524 5491
3: 4579 -24565 -34884 5491
3: 4624 -475 -131784 5491
4: -4624 -1691 131784 5491
1: 4624 417605 -32490 5491
3: 4636 -109531 -32946 5491
4: -4636 -391595 32946 5491
3: 4674 -51 -933470 5491
4: -4674 -3249 83521 5491
1: 4693 289 125426 5491
2: -4693 289 -542742 5491
3: 4693 -6341 -39304 5491
4: -4693 -23137 39304 5491
1: 4731 751689 -31806 5491
2: -4794 7581 9826 5491
1: 4864 417605 -30894 5491
3: 4896 -1083 -68782 5491
2: -4913 247 -622744 5491
4: -4913 -247 684114 5491
1: 4913 361 82314 5491
2: -4913 361 -416398 5491
3: 4913 -361 -143684 5491
4: -4913 -361 477768 5491
1: 4913 437 62662 5491
3: 4913 -437 -124032 5491
2: -4913 1729 -62662 5491
4: -4913 -1729 124032 5491
2: -4913 2527 -33184 5491
4: -4913 -2527 94554 5491
2: -4913 4693 -3706 5491
4: -4913 -4693 65076 5491
1: 4913 4913 -22382 5491
2: -4913 4913 -2166 5491
3: 4913 -4913 -38988 5491
4: -4913 -4913 63536 5491
1: 4913 8303 -25772 5491
3: 4913 -8303 -35598 5491
2: -4913 32851 25772 5491
4: -4913 -32851 35598 5491
2: -4913 34391 25992 5491
4: -4913 -34391 35378 5491
2: -4913 63869 28158 5491
4: -4913 -63869 33212 5491
1: 4913 93347 -30248 5491
2: -4913 93347 28956 5491
3: 4913 -93347 -31122 5491
4: -4913 -93347 32414 5491
1: 4913 112999 -30324 5491
3: 4913 -112999 -31046 5491
2: -4913 447083 30324 5491
4: -4913 -447083 31046 5491
2: -4913 653429 30438 5491
4: -4913 -653429 30932 5491
2: -4947 1083 -117912 5491
3: 4959 -255 -186694 5491
2: -4978 63869 27778 5491
4: -4997 -57511 32946 5491
2: -5016 276165 29478 5491
3: 5054 -85 -476561 5491
3: 5054 -323 -147390 5491
4: -5054 -323 520778 5491
1: 5054 335 83521 5491
2: -5054 1399 -83521 5491
1: 5054 4913 -22100 5491
2: -5054 4913 -2448 5491
3: 5054 -19363 -31790 5491
3: 5054 -27455 -31212 5491
1: 5054 108205 -29478 5491
1: 5054 417605 -29738 5491
2: -5054 451877 29478 5491
1: 5066 134653 -29478 5491
2: -5066 564965 29478 5491
1: 5111 34391 -28424 5491
3: 5168 -6859 -34391 5491
4: -5168 -29963 34391 5491
4: -5202 -1083 172822 5491
4: -5202 -250563 29602 5491
3: 5206 -67507 -29478 5491
4: -5304 -9747 44217 5491
1: 5358 312987 -28033 5491
4: -5472 -1083 167042 5491
4: -5472 -312987 28033 5491
1: 5491 361 56066 5491
2: -5491 361 -390150 5491
3: 5491 -361 -110976 5491
4: -5491 -361 445060 5491
2: -5491 1805 -56066 5491
4: -5491 -1805 110976 5491
1: 5491 83521 -27094 5491
2: -5491 83521 25650 5491
3: 5491 -83521 -27816 5491
4: -5491 -83521 29260 5491
2: -5491 417605 27094 5491
4: -5491 -417605 27816 5491
2: -5508 11913 14739 5491
1: 5776 37 668168 5491
1: 5776 133 167042 5491
4: -5776 -475 334084 5491
1: 5776 629 14739 5491
4: -5776 -1003 171955 5491
2: -5776 1445 -75140 5491
1: 5776 2261 -14739 5491
4: -5776 -8075 44217 5491
1: 5776 10693 -23698 5491
4: -5776 -17051 34680 5491
2: -5776 24565 20145 5491
1: 5776 38437 -25432 5491
2: -5776 95285 24565 5491
4: -5776 -137275 27166 5491
1: 5776 181781 -25959 5491
4: -5776 -289867 26605 5491
2: -5776 417605 25750 5491
1: 5776 653429 -26061 5491
3: 5814 -1083 -49130 5491
3: 5814 -250563 -26030 5491
2: -5871 39015 21964 5491
1: 5899 83521 -25270 5491
2: -5899 83521 23826 5491
4: -5928 -14739 35207 5491
1: 6124 398905 -24565 5491
1: 6134 712385 -24548 5491
1: 6137 247 58956 5491
3: 6137 -247 -108086 5491
2: -6137 1691 -58956 5491
4: -6137 -1691 108086 5491
1: 6137 83521 -24318 5491
2: -6137 83521 22874 5491
3: 6137 -83521 -24812 5491
4: -6137 -83521 26256 5491
4: -6191 -712385 24548 5491
4: -6194 -34391 28424 5491
4: -6226 -398905 24565 5491
3: 6289 -417605 -24016 5491
3: 6384 -18411 -24565 5491
4: -6426 -124545 24565 5491
2: -6474 751689 23104 5491
4: -6498 -867 180914 5491
2: -6498 969 -117912 5491
2: -6498 14739 13923 5491
4: -6498 -16473 31501 5491
4: -6498 -250563 23746 5491
2: -6498 280041 22712 5491
3: 6511 -2527 -29478 5491
3: 6531 -751689 -23104 5491
1: 6562 361 19652 5491
2: -6562 361 -353736 5491
1: 6593 83521 -22686 5491
2: -6593 83521 21242 5491
1: 6664 1805 -14739 5491
2: -6726 44217 19380 5491
3: 6859 -1615 -29478 5491
4: -6859 -38437 25432 5491
4: -6916 -270215 22287 5491
3: 6936 -171 -87856 5491
4: -6936 -1995 87856 5491
2: -6936 7581 4335 5491
3: 6954 -39015 -21964 5491
4: -6954 -462111 21964 5491
2: -6987 171 -746776 5491
4: -7106 -417605 21527 5491
1: 7327 19 373388 5491
2: -7334 361 -334084 5491
3: 7412 -19 -373388 5491
3: 7514 -361 -36125 5491
4: -7514 -361 370209 5491
4: -7581 -855 167042 5491
1: 7581 867 -13872 5491
1: 7581 22287 -19652 5491
2: -7581 49419 17340 5491
2: -7581 537795 19652 5491
1: 7599 27075 -19652 5491
2: -7599 672543 19652 5491
2: -7616 417605 19494 5491
2: -7622 988057 19652 5491
1: 7638 55233 -19652 5491
3: 7673 -988057 -19652 5491
3: 7676 -362083 -19652 5491
3: 7809 -44217 -19380 5491
2: -7942 131 -918731 5491
4: -7942 -221 574821 5491
1: 7942 527 -14739 5491
2: -7942 28951 14739 5491
3: 7942 -93347 -19006 5491
4: -7942 -93347 20298 5491
2: -8056 30685 14739 5491
2: -8094 938961 18496 5491
4: -8126 -3971 49130 5491
3: 8151 -938961 -18496 5491
3: 8177 -361 -19652 5491
4: -8177 -361 353736 5491
1: 8188 476561 -18411 5491
4: -8302 -476561 18411 5491
1: 8303 1 -501126 5491
1: 8303 323 -19652 5491
2: -8303 323 -353736 5491
3: 8303 -2023 -17918 5491
2: -8303 503149 17918 5491
3: 8303 -653429 -18156 5491
1: 8341 54043 -18088 5491
3: 8398 -361 -14739 5491
4: -8398 -361 348823 5491
2: -8398 37183 14739 5491
4: -8607 -55233 19652 5491
1: 8664 45 -83521 5491
4: -8664 -1779 83521 5491
1: 8664 13005 -17629 5491
4: -8664 -14739 25381 5491
3: 8664 -49419 -17340 5491
4: -8664 -514131 17629 5491
1: 8704 417605 -17328 5491
2: -8778 153 -746776 5491
1: 9044 1805 -19652 5491
4: -9044 -38627 19652 5491
1: 9044 417605 -16682 5491
4: -9139 -361 334084 5491
1: 9158 17 -373388 5491
1: 9248 133 -65892 5491
4: -9248 -2299 65892 5491
3: 9253 -17 373388 5491
1: 9272 31501 -16473 5491
4: -9333 -250563 16606 5491
2: -9386 133 -835210 5491
1: 9386 289 -41616 5491
2: -9386 289 -375700 5491
4: -9386 -595 206346 5491
2: -9386 1615 -54043 5491
1: 9386 2057 -19652 5491
2: -9386 15317 8670 5491
4: -9386 -31535 19652 5491
1: 9386 60401 -16184 5491
2: -9386 85595 14739 5491
4: -9386 -653429 16235 5491
4: -9424 -54043 18088 5491
2: -9486 5415 -4913 5491
2: -9554 107939 14739 5491
4: -9633 -153 746776 5491
4: -9792 -1083 117912 5491
1: 9826 11 -902139 5491
3: 9826 -11 871454 5491
1: 9826 19 -528751 5491
3: 9826 -19 498066 5491
2: -9826 125 -871454 5491
4: -9826 -125 902139 5491
1: 9826 209 -62016 5491
3: 9826 -209 31331 5491
1: 9826 361 -42364 5491
2: -9826 361 -291720 5491
3: 9826 -361 11679 5491
4: -9826 -361 322405 5491
2: -9826 475 -218025 5491
4: -9826 -475 248710 5491
2: -9826 1805 -46070 5491
4: -9826 -1805 76755 5491
2: -9826 2375 -31331 5491
4: -9826 -2375 62016 5491
1: 9826 3971 -17799 5491
3: 9826 -3971 -12886 5491
1: 9826 4913 -17328 5491
2: -9826 4913 -7220 5491
3: 9826 -4913 -13357 5491
4: -9826 -4913 37905 5491
2: -9826 9025 3060 5491
4: -9826 -9025 27625 5491
2: -9826 24565 10830 5491
4: -9826 -24565 19855 5491
2: -9826 45125 12886 5491
4: -9826 -45125 17799 5491
1: 9826 54043 -15523 5491
3: 9826 -54043 -15162 5491
1: 9826 93347 -15447 5491
2: -9826 93347 14155 5491
3: 9826 -93347 -15238 5491
4: -9826 -93347 16530 5491
2: -9826 122825 14440 5491
4: -9826 -122825 16245 5491
2: -9826 466735 15105 5491
4: -9826 -466735 15580 5491
2: -9826 614125 15162 5491
4: -9826 -614125 15523 5491
1: 9894 1083 -24565 5491
2: -9918 239343 14739 5491
3: 9994 -30685 -14739 5491
2: -10058 584647 14801 5491
3: 10108 -323 19652 5491
4: -10108 -323 353736 5491
1: 10108 4913 -17187 5491
2: -10108 4913 -7361 5491
3: 10108 -63631 -14739 5491
2: -10108 623713 14739 5491
1: 10108 967861 -14926 5491
2: -10114 656659 14739 5491
3: 10132 -80503 -14739 5491
2: -10132 780121 14739 5491
3: 10172 -584647 -14801 5491
3: 10216 -656659 -14739 5491
2: -10234 1007 -93347 5491
2: -10336 417605 14326 5491
3: 10404 -1083 -2890 5491
3: 10404 -250563 -14440 5491
3: 10431 -250563 -14402 5491
2: -10469 209 -501126 5491
4: -10469 -60401 16184 5491
1: 10469 258077 -14450 5491
3: 10693 -361 24276 5491
4: -10693 -361 309808 5491
1: 10982 361 -55488 5491
2: -10982 361 -278596 5491
3: 10982 -361 28033 5491
4: -10982 -361 306051 5491
2: -10982 2527 -28033 5491
4: -10982 -2527 55488 5491
1: 10982 83521 -13908 5491
2: -10982 83521 12464 5491
3: 10982 -83521 -13547 5491
4: -10982 -83521 14991 5491
2: -10982 584647 13547 5491
4: -10982 -584647 13908 5491
2: -11058 1083 -83521 5491
3: 11191 -289 41616 5491
4: -11191 -289 375700 5491
3: 11191 -89879 -13294 5491
2: -11191 591005 13294 5491
3: 11254 -417605 -13357 5491
4: -11438 -31501 16473 5491
2: -11571 73695 11628 5491
4: -11628 -1083 108086 5491
4: -11628 -250563 13376 5491
1: 11798 83521 -12996 5491
2: -11798 83521 11552 5491
4: -11913 -969 117912 5491
3: 11913 -6579 -9826 5491
2: -11913 36057 9826 5491
3: 11951 -361 39304 5491
4: -11951 -361 294780 5491
1: 12138 27 -730303 5491
4: -12138 -141 730303 5491
1: 12274 25 -805732 5491
3: 12274 -25 781167 5491
1: 12274 95 -221085 5491
3: 12274 -95 196520 5491
2: -12274 127 -781167 5491
4: -12274 -127 805732 5491
1: 12274 475 -54043 5491
3: 12274 -475 29478 5491
2: -12274 2413 -29478 5491
4: -12274 -2413 54043 5491
1: 12274 83521 -12520 5491
2: -12274 83521 11076 5491
3: 12274 -83521 -12045 5491
4: -12274 -83521 13489 5491
1: 12274 417605 -12330 5491
3: 12274 -417605 -12235 5491
2: -12578 730303 11849 5491
3: 12597 -9747 -9826 5491
2: -12597 46569 9826 5491
3: 12654 -73695 -11628 5491
3: 12692 -730303 -11849 5491
4: -12716 -551 192185 5491
3: 12767 -83521 -11552 5491
4: -12767 -83521 12996 5491
4: -12996 -255 397953 5491
2: -12996 285 -334084 5491
3: 12996 -867 13872 5491
1: 12996 969 -34391 5491
4: -12996 -7599 24565 5491
4: -12996 -73695 12937 5491
2: -12996 82365 10404 5491
3: 12996 -250563 -11512 5491
1: 12996 280041 -11679 5491
1: 13124 361 -73695 5491
2: -13124 361 -260389 5491
2: -13186 935 -93347 5491
1: 13186 83521 -11704 5491
2: -13186 83521 10260 5491
1: 13243 31 -746776 5491
3: 13357 -15827 -9826 5491
1: 13357 653429 -11322 5491
1: 13464 285 -93347 5491
3: 13547 -161551 -10982 5491
2: -13547 662677 10982 5491
3: 13753 -21299 -9826 5491
1: 13872 741 -43928 5491
1: 13908 172533 -10982 5491
4: -13908 -673659 10982 5491
3: 14079 -14739 -9010 5491
3: 14079 -82365 -10404 5491
4: -14079 -397953 10948 5491
1: 14161 41 -625974 5491
4: -14161 -155 625974 5491
2: -14161 1805 -42194 5491
3: 14269 -83521 -10260 5491
4: -14269 -83521 11704 5491
1: 14314 95 -280041 5491
1: 14484 57 -466735 5491
4: -14637 -3249 39304 5491
2: -14649 202521 9826 5491
1: 14668 361 -83521 5491
2: -14668 361 -250563 5491
1: 14739 45 -601426 5491
4: -14739 -159 601426 5491
3: 14739 -171 145350 5491
1: 14739 855 -41344 5491
2: -14739 1083 -76568 5491
4: -14739 -3021 41344 5491
3: 14739 -3249 -2040 5491
4: -14739 -14739 16606 5491
1: 14739 16245 -11866 5491
1: 14739 44217 -10830 5491
4: -14739 -57399 11866 5491
3: 14739 -221085 -10108 5491
4: -14739 -280041 10564 5491
2: -14739 781167 10108 5491
1: 14739 840123 -10260 5491
4: -14801 -1445 75140 5491
1: 14801 93347 -10472 5491
2: -14801 93347 9180 5491
2: -14858 4693 -9826 5491
3: 14994 -57 466735 5491
2: -15028 133 -691866 5491
2: -15162 867 -97393 5491
3: 15162 -235467 -9826 5491
2: -15162 795549 9826 5491
3: 15164 -95 280041 5491
3: 15198 -295659 -9826 5491
2: -15198 995277 9826 5491
3: 15238 -411179 -9826 5491
1: 15447 423453 -9826 5491
1: 15487 307933 -9826 5491
1: 15523 247741 -9826 5491
4: -15523 -807823 9826 5491
2: -15606 627 -137275 5491
3: 15884 -595 39304 5491
1: 15884 46529 -10115 5491
3: 15884 -93347 -9180 5491
4: -15884 -93347 10472 5491
1: 15884 631465 -9537 5491
3: 16014 -285 93347 5491
4: -16036 -214795 9826 5491
1: 16184 1805 -25721 5491
1: 16184 417605 -9386 5491
3: 16354 -361 73695 5491
4: -16354 -361 260389 5491
1: 16416 357 -93347 5491
1: 16473 1083 -36992 5491
4: -16473 -3249 36992 5491
1: 16473 250563 -9272 5491
4: -16473 -751689 9272 5491
1: 16606 323 -103173 5491
2: -16606 323 -270215 5491
2: -16606 24565 5406 5491
3: 16606 -254609 -8959 5491
2: -16606 755735 8959 5491
1: 16932 33573 -9826 5491
2: -16967 584647 8732 5491
1: 17024 417605 -8930 5491
3: 17119 -55 560082 5491
2: -17119 157 -560082 5491
2: -17328 117 -751689 5491
4: -17328 -2907 39304 5491
1: 17328 28101 -9826 5491
2: -17328 33813 6069 5491
4: -17328 -840123 8806 5491
2: -17366 187 -466735 5491
3: 17629 -1805 9248 5491
3: 17632 -211259 -8398 5491
1: 17746 119 -280041 5491
1: 18088 22021 -9826 5491
4: -18088 -58843 9826 5491
1: 18126 51 -653429 5491
3: 18207 -57 571064 5491
3: 18278 -361 83521 5491
4: -18278 -361 250563 5491
3: 18411 -63 520778 5491
2: -18411 165 -520778 5491
4: -18411 -285 314432 5491
4: -18411 -627 147390 5491
3: 18411 -1197 19652 5491
2: -18411 3135 -19652 5491
2: -18411 250563 7840 5491
3: 18411 -751689 -8144 5491
1: 18496 1349 -32946 5491
4: -18496 -3515 32946 5491
2: -18496 417605 7942 5491
3: 18666 -250563 -7942 5491
3: 18696 -51 653429 5491
1: 18772 289 -125137 5491
2: -18772 289 -292179 5491
1: 18772 18853 -9826 5491
4: -18772 -48331 9826 5491
4: -19074 -9747 16762 5491
3: 19076 -119 280041 5491
3: 19133 -8959 -4046 5491
2: -19133 236113 7514 5491
4: -19244 -1007 93347 5491
3: 19342 -820471 -7752 5491
4: -19456 -187 466735 5491
2: -19456 417605 7543 5491
2: -19494 6783 -4913 5491
3: 19494 -68493 -7225 5491
2: -19494 103173 6902 5491
3: 19584 -1083 24565 5491
3: 19652 -79 435727 5491
2: -19652 193 -435727 5491
1: 19652 361 -104703 5491
2: -19652 361 -229381 5491
1: 19652 1501 -31008 5491
4: -19652 -3667 31008 5491
1: 19652 4913 -14801 5491
2: -19652 4913 -9747 5491
3: 19652 -28519 -6443 5491
2: -19652 69673 6443 5491
3: 19652 -93347 -7296 5491
4: -19652 -93347 8588 5491
3: 19652 -388127 -7581 5491
2: -19652 948209 7581 5491
2: -19941 250563 7220 5491
3: 20216 -323 103173 5491
4: -20216 -323 270215 5491
2: -20216 417605 7254 5491
3: 20406 -357 93347 5491
2: -20519 199 -417316 5491
4: -20577 -171 501126 5491
4: -20808 -1083 84966 5491
4: -20808 -250563 7581 5491
4: -20862 -250563 7562 5491
2: -21261 132651 6460 5491
1: 21299 85 -442170 5491
3: 21386 -361 95659 5491
4: -21386 -361 238425 5491
4: -21888 -1083 83521 5491
1: 21964 361 -111265 5491
2: -21964 361 -222819 5491
1: 21964 1805 -27744 5491
4: -21964 -3971 27744 5491
1: 21964 83521 -7315 5491
2: -21964 83521 5871 5491
1: 21964 417605 -6954 5491
4: -21964 -918731 6954 5491
4: -22021 -3757 28900 5491
1: 22021 419339 -6936 5491
4: -22021 -920465 6936 5491
1: 22287 250563 -6916 5491
3: 22344 -132651 -6460 5491
3: 22382 -289 125137 5491
4: -22382 -289 292179 5491
2: -22382 4981 -9826 5491
4: -22382 -54043 8262 5491
3: 22382 -430321 -6647 5491
2: -22382 931447 6647 5491
3: 22743 -57 668168 5491
1: 22743 280041 -6766 5491
2: -22762 72539 5491 5491
3: 22814 -1805 14739 5491
1: 23104 417605 -6618 5491
3: 23256 -1083 29478 5491
3: 23256 -250563 -6327 5491
1: 23596 83521 -6859 5491
2: -23596 83521 5415 5491
4: -23636 -935 93347 5491
3: 23826 -969 34391 5491
3: 23826 -27897 -4913 5491
2: -23826 57375 4913 5491
2: -23826 148257 5780 5491
2: -23826 663255 6205 5491
3: 23902 -361 103173 5491
4: -23902 -361 230911 5491
1: 24548 101 -402866 5491
2: -24548 133 -599386 5491
4: -24548 -203 402866 5491
4: -24548 -551 152303 5491
3: 24548 -1919 14739 5491
2: -24548 3857 -14739 5491
1: 24548 83521 -6621 5491
2: -24548 83521 5177 5491
4: -24548 -584647 6279 5491
3: 24909 -148257 -5780 5491
2: -24909 250563 5732 5491
3: 24928 -72539 -5491 5491
4: -25143 -11913 12716 5491
3: 25194 -37905 -4913 5491
2: -25194 74727 4913 5491
3: 25534 -83521 -5415 5491
4: -25534 -83521 6859 5491
4: -25631 -85 943296 5491
3: 25631 -4913 2448 5491
4: -25631 -4913 22100 5491
1: 25721 3971 -16184 5491
4: -25891 -19855 9826 5491
4: -25992 -867 97393 5491
4: -25992 -250563 6117 5491
2: -26106 92055 4913 5491
1: 26372 83521 -6213 5491
2: -26372 83521 4769 5491
1: 26486 113 -373388 5491
4: -26486 -215 373388 5491
1: 26877 250563 -5776 5491
3: 27094 -573665 -5491 5491
2: -27166 584647 5415 5491
4: -27436 -1615 54043 5491
1: 27744 2565 -21964 5491
4: -27744 -4731 21964 5491
1: 27816 595629 -5491 5491
3: 28033 -2603 10982 5491
2: -28033 4769 -10982 5491
3: 28044 -92055 -4913 5491
4: -28158 -14739 10642 5491
1: 28322 139 -312987 5491
4: -28322 -253 312987 5491
4: -28519 -17119 9826 5491
3: 28538 -83521 -4769 5491
4: -28538 -83521 6213 5491
2: -29189 2527 -25432 5491
1: 29478 57 -767448 5491
1: 29478 147 -300713 5491
2: -29478 171 -446063 5491
4: -29478 -261 300713 5491
1: 29478 399 -114019 5491
1: 29478 1083 -45237 5491
1: 29478 2793 -20672 5491
2: -29478 3249 -18632 5491
4: -29478 -4959 20672 5491
1: 29478 7581 -10846 5491
3: 29478 -14739 -2166 5491
4: -29478 -44217 6859 5491
1: 29478 53067 -5933 5491
4: -29478 -94221 5933 5491
3: 29478 -103173 -4693 5491
3: 29478 -280041 -4959 5491
3: 29478 -722211 -5054 5491
4: -29478 -840123 5206 5491
4: -29602 -133 584647 5491
1: 29602 93347 -5559 5491
2: -29602 93347 4267 5491
2: -29602 164441 4624 5491
1: 29982 94503 -5491 5491
2: -30039 250563 4712 5491
2: -30324 153 -496213 5491
3: 30324 -1275 29478 5491
3: 30324 -750975 -4913 5491
3: 30396 -941127 -4913 5491
1: 30464 417605 -5054 5491
1: 30974 965675 -4913 5491
3: 31046 -2261 14739 5491
1: 31046 775523 -4913 5491
3: 31501 -8303 578 5491
1: 31654 1805 -29478 5491
3: 31722 -751689 -4693 5491
3: 31768 -93347 -4267 5491
4: -31768 -93347 5559 5491
4: -32148 -94503 5491 5491
4: -32851 -7225 15028 5491
2: -32946 1083 -65025 5491
1: 32946 3249 -18496 5491
4: -32946 -5415 18496 5491
2: -32946 250563 4275 5491
1: 32946 751689 -4636 5491
1: 33326 116603 -4913 5491
1: 33524 9025 -9537 5491
1: 33573 250563 -4672 5491
2: -33934 437 -167042 5491
3: 34238 -161 280041 5491
2: -34238 263 -280041 5491
1: 34391 181 -257754 5491
4: -34391 -295 257754 5491
4: -34391 -1121 71060 5491
2: -34391 1805 -37026 5491
1: 34391 4913 -13718 5491
2: -34391 4913 -10830 5491
3: 34391 -889253 -4332 5491
4: -35017 -142477 4828 5491
4: -35264 -116603 4913 5491
4: -35454 -751689 4351 5491
1: 35739 285 -167042 5491
2: -35739 14739 -816 5491
2: -35796 221085 3876 5491
1: 36176 62453 -4913 5491
4: -36176 -99275 4913 5491
2: -36176 417605 3990 5491
1: 36363 250563 -4332 5491
1: 36822 57 -825384 5491
2: -36822 171 -427431 5491
3: 36822 -177 260389 5491
2: -36822 279 -260389 5491
3: 36822 -3363 9826 5491
2: -36822 5301 -9826 5491
1: 36822 250563 -4281 5491
2: -36822 751689 3996 5491
3: 36879 -221085 -3876 5491
1: 36992 3781 -16473 5491
4: -36992 -5947 16473 5491
3: 37183 -80053 -3468 5491
4: -37332 -250563 4332 5491
1: 37544 52445 -4913 5491
4: -37544 -81923 4913 5491
1: 38266 1853 -29478 5491
4: -38266 -3553 24565 5491
1: 38627 584647 -3984 5491
3: 38964 -5415 4913 5491
2: -39304 133 -544578 5491
2: -39304 893 -77843 5491
1: 39304 1805 -30243 5491
1: 39304 4085 -15504 5491
4: -39304 -6251 15504 5491
3: 39304 -15523 -765 5491
1: 39304 24565 -5776 5491
3: 39304 -93347 -3325 5491
4: -39304 -93347 4617 5491
3: 39304 -211259 -3610 5491
2: -39304 653429 3724 5491
4: -39406 -1805 44217 5491
1: 39882 250563 -3971 5491
2: -40071 247095 3468 5491
2: -40641 250563 3420 5491
2: -40793 221 -324258 5491
3: 41038 -227 208658 5491
2: -41038 341 -208658 5491
3: 41154 -247095 -3468 5491
1: 41344 417605 -3762 5491
3: 41616 -1083 41038 5491
3: 41724 -250563 -3420 5491
1: 42483 237 -208658 5491
4: -42483 -351 208658 5491
1: 42959 417605 -3626 5491
4: -43231 -584647 3610 5491
3: 43681 -287 167042 5491
1: 43928 4693 -13872 5491
4: -43928 -6859 13872 5491
4: -44217 -1083 69462 5491
2: -44217 14739 -1444 5491
2: -44217 280041 3154 5491
4: -44506 -1387 54910 5491
2: -44574 250563 3097 5491
2: -45084 751689 3249 5491
4: -45486 -435 167042 5491
2: -45486 280041 3060 5491
1: 45543 7581 -9826 5491
4: -46208 -187 383214 5491
3: 46208 -571 83521 5491
4: -46512 -1083 68782 5491
3: 46569 -280041 -3060 5491
1: 47652 153 -329171 5491
4: -48374 -1717 44217 5491
1: 48374 18785 -5780 5491
2: -48374 289867 2873 5491
1: 49096 253 -201433 5491
4: -49096 -355 201433 5491
1: 49096 437 -117912 5491
2: -49096 1349 -49130 5491
2: -49096 417605 2902 5491
3: 49096 -918731 -3016 5491
3: 49419 -1083 43350 5491
3: 49419 -250563 -2850 5491
4: -49818 -873 83521 5491
1: 49818 250563 -3227 5491
1: 50388 751689 -3059 5491
3: 51262 -4913 7361 5491
4: -51262 -4913 17187 5491
3: 51357 -267 186694 5491
2: -51357 369 -186694 5491
4: -52326 -75 933470 5491
3: 52706 -151 334084 5491
3: 52706 -589 83521 5491
1: 52972 277 -186694 5491
4: -52972 -379 186694 5491
1: 53067 7293 -9826 5491
4: -53067 -132651 3366 5491
2: -53754 250563 2527 5491
3: 54043 -93347 -2242 5491
4: -54043 -93347 3534 5491
4: -55233 -250563 3006 5491
1: 55488 6213 -10982 5491
4: -55488 -8379 10982 5491
1: 55594 288133 -2890 5491
1: 55777 361 -145078 5491
2: -55777 361 -189006 5491
3: 56066 -6289 5491 5491
2: -56066 8455 -5491 5491
4: -56316 -855 83521 5491
3: 56316 -6783 4913 5491
3: 56316 -14739 816 5491
2: -56316 751689 2585 5491
1: 56644 1805 -31212 5491
2: -57494 3971 -14739 5491
3: 58843 -34391 -1054 5491
2: -58956 93 -736440 5491
1: 58956 513 -103683 5491
4: -58956 -5415 15249 5491
1: 58956 6669 -10336 5491
4: -58956 -8835 10336 5491
4: -58956 -14739 7220 5491
2: -58956 33573 510 5491
3: 58956 -132651 -2166 5491
1: 60078 250563 -2717 5491
4: -60401 -1805 40460 5491
4: -60401 -417605 2660 5491
3: 61009 -270215 -2278 5491
1: 61636 378301 -2584 5491
1: 61846 584647 -2527 5491
1: 62339 361 -147390 5491
4: -62719 -378301 2584 5491
1: 62814 73695 -3111 5491
1: 63869 55 -957372 5491
1: 63869 133 -397290 5491
3: 63869 -361 143140 5491
4: -63869 -361 190944 5491
1: 63869 27797 -4250 5491
3: 63869 -270215 -2166 5491
3: 63869 -653429 -2280 5491
2: -64736 417605 2166 5491
2: -65246 2527 -24565 5491
1: 65892 7581 -9248 5491
4: -65892 -9747 9248 5491
1: 66424 24565 -4420 5491
2: -67146 250563 1975 5491
4: -67507 -133 510952 5491
1: 67507 6973 -9826 5491
4: -67507 -8911 9826 5491
3: 67796 -918731 -2166 5491
2: -68096 417605 2052 5491
1: 68782 419 -128877 5491
4: -68782 -533 128877 5491
1: 68782 4913 -12996 5491
2: -68782 4913 -11552 5491
4: -68782 -63869 3249 5491
4: -68782 -201433 2527 5491
4: -68951 -18785 5780 5491
1: 68951 422807 -2312 5491
3: 69179 -417605 -2052 5491
2: -69649 1463 -43928 5491
4: -70034 -422807 2312 5491
1: 70856 19133 -4913 5491
4: -71094 -3249 22831 5491
3: 71383 -361 145656 5491
4: -71383 -361 188428 5491
1: 71478 14739 -5729 5491
1: 71961 751689 -2166 5491
2: -72726 250563 1805 5491
1: 73644 81 -663255 5491
2: -73644 741 -88434 5491
3: 73644 -7695 4913 5491
2: -73644 9633 -4913 5491
1: 73984 417605 -2166 5491
2: -74366 3995 -14739 5491
3: 74664 -250563 -1805 5491
2: -75088 133 -501126 5491
2: -76171 466735 1836 5491
1: 76874 1805 -31790 5491
1: 76874 417605 -2090 5491
3: 77254 -466735 -1836 5491
1: 78608 9253 -7752 5491
4: -78608 -11419 7752 5491
3: 79458 -3249 14739 5491
2: -80427 751689 1786 5491
4: -80617 -977687 1938 5491
2: -80631 5415 -10404 5491
1: 80864 17765 -4913 5491
1: 80864 417605 -1994 5491
3: 80864 -682907 -1785 5491
1: 81282 250563 -2071 5491
4: -81586 -88145 2601 5491
3: 82076 -511 104329 5491
2: -82076 625 -104329 5491
4: -83232 -1083 63002 5491
4: -83448 -250563 2071 5491
2: -83521 85 -777594 5491
4: -83521 -85 781204 5491
2: -83521 95 -695552 5491
4: -83521 -95 699162 5491
2: -83521 127 -519840 5491
4: -83521 -127 523450 5491
1: 83521 289 -189886 5491
2: -83521 289 -227430 5491
3: 83521 -289 186276 5491
4: -83521 -289 231040 5491
1: 83521 323 -170088 5491
2: -83521 323 -203300 5491
3: 83521 -323 166478 5491
4: -83521 -323 206910 5491
1: 83521 361 -152374 5491
2: -83521 361 -181710 5491
3: 83521 -361 148764 5491
4: -83521 -361 185320 5491
1: 83521 521 -106134 5491
3: 83521 -521 102524 5491
2: -83521 635 -102524 5491
4: -83521 -635 106134 5491
2: -83521 1445 -44042 5491
4: -83521 -1445 47652 5491
2: -83521 1615 -39216 5491
4: -83521 -1615 42826 5491
2: -83521 1805 -34898 5491
4: -83521 -1805 38508 5491
2: -83521 2159 -28880 5491
4: -83521 -2159 32490 5491
2: -83521 2413 -25650 5491
4: -83521 -2413 29260 5491
1: 83521 5491 -11704 5491
2: -83521 5491 -10260 5491
3: 83521 -5491 8094 5491
4: -83521 -5491 13870 5491
1: 83521 6137 -10662 5491
2: -83521 6137 -8990 5491
3: 83521 -6137 7052 5491
4: -83521 -6137 12600 5491
1: 83521 8857 -7942 5491
3: 83521 -8857 4332 5491
1: 83521 9899 -7296 5491
3: 83521 -9899 3686 5491
2: -83521 10795 -4332 5491
4: -83521 -10795 7942 5491
2: -83521 12065 -3686 5491
4: -83521 -12065 7296 5491
2: -83521 27455 -608 5491
4: -83521 -27455 4218 5491
2: -83521 30685 -354 5491
4: -83521 -30685 3964 5491
4: -83521 -36703 3610 5491
2: -83521 41021 190 5491
4: -83521 -41021 3420 5491
2: -83521 45847 360 5491
4: -83521 -45847 3250 5491
1: 83521 104329 -2326 5491
2: -83521 104329 1170 5491
3: 83521 -104329 -1284 5491
4: -83521 -104329 2440 5491
1: 83521 150569 -2166 5491
3: 83521 -150569 -1444 5491
1: 83521 168283 -2128 5491
3: 83521 -168283 -1482 5491
2: -83521 183515 1444 5491
4: -83521 -183515 2166 5491
1: 83521 188081 -2094 5491
3: 83521 -188081 -1516 5491
2: -83521 205105 1482 5491
4: -83521 -205105 2128 5491
2: -83521 229235 1516 5491
4: -83521 -229235 2094 5491
2: -83521 521645 1678 5491
4: -83521 -521645 1932 5491
2: -83521 697357 1710 5491
4: -83521 -697357 1900 5491
2: -83521 779399 1720 5491
4: -83521 -779399 1890 5491
1: 84099 1083 -52020 5491
1: 84966 531 -104329 5491
4: -84966 -645 104329 5491
2: -85196 85 -776254 5491
2: -85918 209 -314432 5491
2: -85918 1007 -63869 5491
4: -87001 -24565 4420 5491
4: -87723 -399 167042 5491
1: 87856 10469 -6936 5491
4: -87856 -12635 6936 5491
2: -87856 417605 1558 5491
3: 88434 -57 957695 5491
3: 88434 -111 490960 5491
3: 88434 -1083 48790 5491
3: 88434 -2109 24225 5491
1: 88434 14739 -5415 5491
3: 88434 -40071 -340 5491
1: 88434 280041 -1900 5491
1: 88434 545343 -1805 5491
1: 89889 751689 -1750 5491
1: 90972 280041 -1853 5491
1: 92191 29963 -3468 5491
2: -92416 417605 1474 5491
1: 92769 855 -65892 5491
2: -92777 62713 578 5491
3: 93024 -1083 49130 5491
4: -93138 -280041 1853 5491
1: 93347 361 -153918 5491
2: -93347 361 -180166 5491
3: 93347 -361 150688 5491
4: -93347 -361 183396 5491
1: 93347 4913 -12806 5491
2: -93347 4913 -11742 5491
3: 93347 -4913 9576 5491
4: -93347 -4913 14972 5491
1: 93347 11191 -6528 5491
3: 93347 -11191 3298 5491
2: -93347 13357 -3298 5491
4: -93347 -13357 6528 5491
1: 93347 152303 -1976 5491
3: 93347 -152303 -1254 5491
2: -93347 181781 1254 5491
4: -93347 -181781 1976 5491
2: -93993 1083 -58956 5491
1: 95304 2397 -24565 5491
1: 95551 584647 -1672 5491
3: 95659 -417605 -1444 5491
4: -96634 -584647 1672 5491
4: -98838 -1083 61846 5491
4: -98838 -250563 1786 5491
1: 100283 83521 -2166 5491
2: -100283 83521 722 5491
4: -100334 -19133 4913 5491
3: 100719 -165 334084 5491
1: 100861 231401 -1734 5491
4: -100861 -272555 1734 5491
3: 101802 -3417 14739 5491
4: -101802 -257499 1734 5491
4: -102017 -2071 32946 5491
3: 102714 -585 93347 5491
2: -102714 687 -93347 5491
1: 103173 657 -85918 5491
4: -103173 -771 85918 5491
2: -104006 139 -466735 5491
1: 104329 95 -586092 5491
3: 104329 -95 583202 5491
1: 104329 133 -419050 5491
3: 104329 -133 416160 5491
1: 104329 665 -84966 5491
3: 104329 -665 82076 5491
2: -104329 779 -82076 5491
4: -104329 -779 84966 5491
1: 104329 83521 -2110 5491
2: -104329 83521 666 5491
3: 104329 -83521 -780 5491
4: -104329 -83521 2224 5491
1: 104329 417605 -1578 5491
3: 104329 -417605 -1312 5491
1: 104329 584647 -1540 5491
3: 104329 -584647 -1350 5491
1: 105774 513 -109820 5491
1: 105944 605 -93347 5491
4: -105944 -707 93347 5491
2: -106352 4693 -12427 5491
1: 106856 653429 -1496 5491
4: -107939 -653429 1496 5491
4: -108086 -133 489345 5491
4: -108086 -1805 37349 5491
4: -108086 -3059 22610 5491
4: -108086 -41515 2958 5491
3: 108086 -93347 -798 5491
4: -108086 -93347 2090 5491
2: -108471 663255 1292 5491
3: 109531 -253061 -1156 5491
2: -109531 294215 1156 5491
3: 109554 -663255 -1292 5491
1: 110058 751689 -1444 5491
3: 110466 -57 977687 5491
4: -110466 -147 442170 5491
2: -110466 285 -225998 5491
4: -110466 -2793 24565 5491
3: 110466 -250563 -1142 5491
1: 110976 13509 -5491 5491
4: -110976 -15675 5491 5491
4: -111027 -751689 1444 5491
1: 111554 361 -156060 5491
2: -111554 361 -178024 5491
1: 112081 83521 -2014 5491
2: -112081 83521 570 5491
4: -112632 -14739 5729 5491
3: 112999 -551 100130 5491
1: 112999 24565 -3610 5491
1: 114444 285 -197676 5491
2: -117334 209 -307496 5491
4: -117686 -17765 4913 5491
4: -117912 -171 378556 5491
3: 117912 -627 88179 5491
1: 117912 14421 -5168 5491
3: 117912 -14739 2527 5491
4: -117912 -16587 5168 5491
1: 117912 338997 -1444 5491
2: -118047 1071 -58956 5491
1: 118779 171 -329460 5491
4: -119491 -417605 1416 5491
2: -120224 133 -483208 5491
2: -121296 741285 1156 5491
1: 121669 95 -593028 5491
2: -121856 417605 1083 5491
3: 122379 -741285 -1156 5491
2: -123006 751689 1140 5491
4: -123101 -1343 49130 5491
1: 123101 555169 -1326 5491
1: 123114 57 -988380 5491
3: 123794 -417605 -1083 5491
3: 124089 -751689 -1140 5491
1: 124678 361 -157216 5491
2: -124678 361 -176868 5491
1: 125267 83521 -1878 5491
2: -125267 83521 434 5491
3: 125989 -335 167042 5491
2: -126616 1805 -34391 5491
3: 127449 -57 988380 5491
3: 127738 -361 155091 5491
4: -127738 -361 178993 5491
4: -127794 -387 167042 5491
2: -127794 44217 -272 5491
3: 128894 -95 593028 5491
1: 129238 230911 -1411 5491
4: -130339 -133 483208 5491
1: 131784 16245 -4624 5491
2: -132651 3705 -16150 5491
3: 132651 -7581 6324 5491
4: -132651 -27075 3502 5491
4: -133229 -209 307496 5491
1: 135014 14915 -4913 5491
4: -135014 -16853 4913 5491
3: 135014 -417605 -981 5491
1: 136097 731 -78608 5491
1: 136097 90457 -1734 5491
3: 136119 -285 197676 5491
2: -137541 840123 1020 5491
1: 137564 1805 -32504 5491
1: 137564 3401 -17765 5491
1: 137564 4913 -12635 5491
2: -137564 4913 -11913 5491
1: 138624 158661 -1445 5491
3: 138624 -840123 -1020 5491
3: 139009 -361 156060 5491
4: -139009 -361 178024 5491
1: 139346 181781 -1394 5491
2: -141151 185 -343910 5491
4: -142477 -53789 2244 5491
3: 142766 -361 156349 5491
4: -142766 -361 177735 5491
1: 144704 417605 -1178 5491
3: 144789 -513 109820 5491
3: 147288 -123 461822 5491
1: 148371 171 -334084 5491
3: 148371 -44217 272 5491
1: 150461 918731 -1064 5491
2: -150537 459 -137564 5491
4: -151544 -918731 1064 5491
2: -151981 95 -668168 5491
4: -152303 -54043 2166 5491
3: 152881 -91 625974 5491
3: 155363 -361 157216 5491
4: -155363 -361 176868 5491
2: -155952 357 -176868 5491
2: -157216 229 -276165 5491
1: 157216 19589 -3876 5491
4: -157216 -21755 3876 5491
3: 157794 -855 65892 5491
3: 158661 -250563 -722 5491
4: -161006 -95 668168 5491
3: 164616 -171 334084 5491
2: -165376 417605 760 5491
1: 165699 195 -294780 5491
3: 165699 -1425 39304 5491
3: 166464 -1083 52020 5491
2: -166782 153 -412692 5491
1: 167042 119 -482657 5491
3: 167042 -119 480852 5491
1: 167042 133 -431946 5491
3: 167042 -133 430141 5491
1: 167042 157 -366054 5491
3: 167042 -157 364249 5491
1: 167042 289 -199272 5491
2: -167042 289 -218044 5491
3: 167042 -289 197467 5491
4: -167042 -289 219849 5491
1: 167042 323 -178391 5491
2: -167042 323 -194997 5491
3: 167042 -323 176586 5491
4: -167042 -323 196802 5491
1: 167042 361 -159708 5491
2: -167042 361 -174376 5491
3: 167042 -361 157903 5491
4: -167042 -361 176181 5491
1: 167042 1099 -53067 5491
3: 167042 -1099 51262 5491
2: -167042 1213 -51262 5491
4: -167042 -1213 53067 5491
1: 167042 2023 -29241 5491
3: 167042 -2023 27436 5491
1: 167042 2261 -26258 5491
3: 167042 -2261 24453 5491
1: 167042 2527 -23589 5491
3: 167042 -2527 21784 5491
1: 167042 2669 -22382 5491
3: 167042 -2669 20577 5491
1: 167042 2983 -20121 5491
3: 167042 -2983 18316 5491
1: 167042 5491 -11343 5491
2: -167042 5491 -10621 5491
3: 167042 -5491 9538 5491
4: -167042 -5491 12426 5491
1: 167042 6137 -10244 5491
2: -167042 6137 -9408 5491
3: 167042 -6137 8439 5491
4: -167042 -6137 11213 5491
1: 167042 18683 -3971 5491
3: 167042 -18683 2166 5491
2: -167042 20621 -2166 5491
4: -167042 -20621 3971 5491
1: 167042 20881 -3648 5491
3: 167042 -20881 1843 5491
2: -167042 23047 -1843 5491
4: -167042 -23047 3648 5491
1: 167042 38437 -2394 5491
3: 167042 -38437 589 5491
1: 167042 42959 -2237 5491
3: 167042 -42959 432 5491
1: 167042 45373 -2166 5491
3: 167042 -45373 361 5491
1: 167042 50711 -2033 5491
3: 167042 -50711 228 5491
1: 167042 56677 -1914 5491
3: 167042 -56677 109 5491
1: 167042 104329 -1452 5491
2: -167042 104329 296 5491
3: 167042 -104329 -353 5491
4: -167042 -104329 1509 5491
1: 167042 317611 -1083 5491
3: 167042 -317611 -722 5491
2: -167042 350557 722 5491
4: -167042 -350557 1083 5491
1: 167042 354977 -1064 5491
3: 167042 -354977 -741 5491
2: -167042 391799 741 5491
4: -167042 -391799 1064 5491
1: 167042 396739 -1047 5491
3: 167042 -396739 -758 5491
2: -167042 437893 758 5491
4: -167042 -437893 1047 5491
1: 167042 730303 -981 5491
3: 167042 -730303 -824 5491
3: 167042 -862087 -836 5491
1: 167042 963509 -962 5491
3: 167042 -963509 -843 5491
2: -168198 1083 -57511 5491
2: -168587 119 -530604 5491
2: -171836 417605 726 5491
1: 174952 535517 -969 5491
1: 175712 22021 -3468 5491
4: -175712 -24187 3468 5491
4: -176868 -1083 59126 5491
2: -176868 280041 627 5491
4: -177118 -535517 969 5491
4: -177327 -250563 1102 5491
3: 177612 -309519 -663 5491
4: -180914 -1463 43928 5491
4: -181222 -119 530604 5491
3: 181781 -361 158644 5491
4: -181781 -361 175440 5491
1: 181944 69 -835210 5491
3: 181944 -229755 -578 5491
4: -183027 -153 412692 5491
3: 185079 -5415 9826 5491
4: -186048 -1083 58956 5491
1: 186694 65 -887604 5491
3: 186694 -65 885989 5491
2: -186694 71 -885989 5491
4: -186694 -71 887604 5491
1: 186694 361 -160480 5491
2: -186694 361 -173604 5491
3: 186694 -361 158865 5491
4: -186694 -361 175219 5491
1: 186694 1805 -32742 5491
3: 186694 -1805 31127 5491
1: 186694 4693 -13090 5491
3: 186694 -4693 11475 5491
1: 186694 4913 -12540 5491
2: -186694 4913 -12008 5491
3: 186694 -4913 10925 5491
4: -186694 -4913 13623 5491
1: 186694 23465 -3264 5491
3: 186694 -23465 1649 5491
1: 186694 24565 -3154 5491
3: 186694 -24565 1539 5491
2: -186694 25631 -1649 5491
4: -186694 -25631 3264 5491
1: 186694 63869 -1710 5491
3: 186694 -63869 95 5491
1: 186694 319345 -988 5491
3: 186694 -319345 -627 5491
2: -186694 348823 627 5491
4: -186694 -348823 988 5491
1: 187986 1083 -54043 5491
1: 188428 817 -71383 5491
1: 189164 63869 -1700 5491
1: 190247 3059 -19652 5491
3: 191607 -9747 5134 5491
4: -191607 -14739 5054 5491
4: -193857 -357 176868 5491
3: 193919 -1805 31212 5491
3: 195301 -997339 -714 5491
1: 195364 185 -312987 5491
1: 195662 598519 -867 5491
2: -196384 133 -471648 5491
1: 196384 417605 -906 5491
3: 197676 -1083 52598 5491
3: 197676 -250563 -532 5491
4: -197828 -598519 867 5491
3: 198189 -250563 -530 5491
4: -199272 -459 137564 5491
1: 200566 83521 -1444 5491
2: -200716 260389 510 5491
3: 201433 -133 434112 5491
1: 201433 93347 -1368 5491
2: -201433 93347 76 5491
1: 201722 483379 -867 5491
4: -201722 -524533 867 5491
3: 203167 -361 159528 5491
4: -203167 -361 174556 5491
2: -204326 125 -501126 5491
1: 206346 1371 -42959 5491
4: -206346 -1485 42959 5491
1: 208658 73 -794172 5491
3: 208658 -73 792727 5491
2: -208658 79 -792727 5491
4: -208658 -79 794172 5491
1: 208658 1387 -42483 5491
3: 208658 -1387 41038 5491
2: -208658 1501 -41038 5491
4: -208658 -1501 42483 5491
1: 208658 83521 -1416 5491
2: -208658 83521 -28 5491
3: 208658 -83521 -29 5491
4: -208658 -83521 1473 5491
4: -209741 -63869 1700 5491
3: 213712 -731 78608 5491
4: -213826 -417605 855 5491
4: -215764 -6859 9826 5491
3: 216172 -93347 -76 5491
4: -216172 -93347 1368 5491
4: -217039 -83521 1444 5491
3: 219062 -526699 -578 5491
2: -219062 567853 578 5491
4: -220932 -250563 932 5491
4: -221374 -2527 25432 5491
3: 222819 -2565 21964 5491
1: 223108 361 -161551 5491
2: -223108 361 -172533 5491
1: 224162 83521 -1368 5491
2: -224162 83521 -76 5491
3: 225998 -137 423453 5491
1: 230911 437 -133722 5491
4: -231762 -1071 58956 5491
1: 231778 247 -236113 5491
3: 233206 -3781 14739 5491
3: 235011 -5559 9826 5491
3: 235824 -315 184110 5491
1: 235824 29925 -2584 5491
4: -235824 -32091 2584 5491
3: 235824 -840123 -570 5491
1: 240737 1609 -36822 5491
4: -240737 -1723 36822 5491
3: 242573 -83521 76 5491
4: -242573 -83521 1368 5491
2: -242592 741 -83521 5491
3: 242953 -152303 -238 5491
2: -245361 9747 -5780 5491
1: 246202 703 -83521 5491
3: 248829 -3249 17340 5491
1: 249356 361 -162129 5491
2: -249356 361 -171955 5491
1: 250534 83521 -1300 5491
2: -250534 83521 -144 5491
1: 250563 129 -452694 5491
2: -250563 153 -406486 5491
4: -250563 -171 364838 5491
3: 250563 -663 87362 5491
1: 250563 741 -79306 5491
1: 250563 867 -67868 5491
3: 250563 -969 59584 5491
1: 250563 1083 -54452 5491
1: 250563 1677 -35378 5491
4: -250563 -1791 35378 5491
3: 250563 -2193 25992 5491
1: 250563 2451 -24396 5491
2: -250563 2907 -20824 5491
4: -250563 -3249 19772 5491
1: 250563 11271 -5776 5491
3: 250563 -12597 4028 5491
1: 250563 14079 -4744 5491
1: 250563 16473 -4142 5491
3: 250563 -18411 2566 5491
3: 250563 -28509 1444 5491
2: -250563 30447 -1444 5491
1: 250563 31863 -2432 5491
4: -250563 -34029 2432 5491
1: 250563 37281 -2166 5491
3: 250563 -41667 798 5491
1: 250563 46569 -1854 5491
4: -250563 -49419 1862 5491
2: -250563 55233 -526 5491
1: 250563 214149 -874 5491
3: 250563 -239343 -358 5491
1: 250563 312987 -788 5491
1: 250563 484653 -722 5491
4: -250563 -517599 722 5491
3: 250563 -541671 -494 5491
2: -250563 578493 494 5491
1: 250563 605397 -698 5491
4: -250563 -646551 698 5491
1: 250563 708339 -684 5491
3: 250563 -791673 -528 5491
4: -250563 -938961 668 5491
1: 251617 1507 -39304 5491
4: -251617 -1609 39304 5491
2: -251978 447083 459 5491
1: 255476 1121 -52649 5491
2: -255476 9025 -6307 5491
1: 255949 175 -334084 5491
1: 258077 584647 -684 5491
1: 258944 417605 -722 5491
1: 263568 33573 -2312 5491
4: -263568 -35739 2312 5491
1: 264974 799 -73695 5491
4: -265696 -6715 9826 5491
4: -267903 -53067 1734 5491
3: 269348 -247 236113 5491
3: 271111 -83521 144 5491
4: -271111 -83521 1300 5491
4: -276284 -3971 16184 5491
3: 278018 -361 161551 5491
4: -278018 -361 172533 5491
4: -278103 -3249 19652 5491
1: 280041 99 -591736 5491
4: -280041 -105 591736 5491
2: -280041 1083 -56780 5491
3: 280041 -3249 17476 5491
4: -280041 -5415 12002 5491
2: -280041 7581 -7650 5491
4: -280041 -14739 4750 5491
1: 280041 35739 -2176 5491
4: -280041 -37905 2176 5491
1: 280041 44217 -1862 5491
2: -280041 73695 -304 5491
4: -280041 -103173 1140 5491
3: 280041 -486387 -418 5491
2: -280041 515865 418 5491
1: 283024 93925 -1156 5491
1: 284954 383 -153425 5491
2: -289522 247 -250563 5491
2: -295936 417605 361 5491
3: 296514 -7581 7225 5491
1: 302583 735357 -578 5491
4: -302583 -776511 578 5491
4: -303601 -93925 1156 5491
2: -307496 1805 -33813 5491
2: -307496 417605 342 5491
2: -309519 280041 266 5491
3: 310726 -361 162129 5491
4: -310726 -361 171955 5491
3: 312698 -817 71383 5491
1: 312987 111 -529448 5491
4: -312987 -117 529448 5491
1: 312987 2109 -28322 5491
4: -312987 -2223 28322 5491
1: 312987 250563 -716 5491
4: -312987 -751689 564 5491
2: -313276 32129 -1445 5491
2: -314432 133 -464797 5491
1: 314432 40261 -1938 5491
4: -314432 -42427 1938 5491
4: -317322 -250563 722 5491
1: 319124 133 -442170 5491
1: 322734 255 -230911 5491
2: -323456 417605 318 5491
4: -324258 -177 349809 5491
2: -324258 14079 -3927 5491
3: 325261 -1963 29478 5491
2: -325261 2065 -29478 5491
3: 331194 -5415 10404 5491
4: -332928 -1083 57511 5491
1: 334084 85 -692398 5491
3: 334084 -95 618659 5491
4: -334084 -103 600343 5491
3: 334084 -187 314070 5491
1: 334084 205 -287356 5491
1: 334084 209 -281865 5491
1: 334084 289 -203965 5491
2: -334084 289 -213351 5491
3: 334084 -323 181640 5491
4: -334084 -323 191748 5491
1: 334084 361 -163375 5491
2: -334084 361 -170709 5491
4: -334084 -391 158479 5491
2: -334084 437 -140942 5491
3: 334084 -451 129960 5491
1: 334084 697 -84835 5491
3: 334084 -779 75050 5491
3: 334084 -935 62453 5491
1: 334084 1045 -56734 5491
1: 334084 1445 -41154 5491
3: 334084 -1615 35967 5491
4: -334084 -1751 35739 5491
1: 334084 1805 -33036 5491
2: -334084 1957 -31122 5491
3: 334084 -2255 25631 5491
2: -334084 2369 -25631 5491
3: 334084 -3179 18050 5491
1: 334084 3485 -17328 5491
1: 334084 3553 -17005 5491
3: 334084 -3895 14649 5491
3: 334084 -3971 14360 5491
3: 334084 -5491 10260 5491
4: -334084 -5491 11704 5491
1: 334084 6137 -10035 5491
2: -334084 6137 -9617 5491
4: -334084 -6647 9747 5491
2: -334084 7429 -7866 5491
3: 334084 -7667 7220 5491
4: -334084 -8303 7893 5491
1: 334084 8569 -7315 5491
1: 334084 11849 -5415 5491
3: 334084 -13243 3990 5491
1: 334084 14801 -4425 5491
3: 334084 -15895 3249 5491
1: 334084 17765 -3762 5491
3: 334084 -19855 2511 5491
3: 334084 -27455 1691 5491
4: -334084 -29767 2527 5491
1: 334084 30685 -2368 5491
2: -334084 33269 -1406 5491
4: -334084 -37183 2113 5491
3: 334084 -38335 1083 5491
2: -334084 40273 -1083 5491
1: 334084 42845 -1824 5491
4: -334084 -45011 1824 5491
1: 334084 59245 -1444 5491
1: 334084 60401 -1425 5491
3: 334084 -66215 437 5491
3: 334084 -67507 420 5491
1: 334084 74005 -1246 5491
1: 334084 104329 -1015 5491
2: -334084 104329 -141 5491
2: -334084 126293 -38 5491
4: -334084 -141151 889 5491
1: 334084 145673 -855 5491
3: 334084 -162811 -90 5491
3: 334084 -225131 -190 5491
1: 334084 251617 -685 5491
3: 334084 -337535 -277 5491
1: 334084 521645 -564 5491
2: -334084 565573 342 5491
4: -334084 -632111 549 5491
3: 334084 -651695 -361 5491
2: -334084 684641 361 5491
1: 334084 728365 -532 5491
4: -334084 -765187 532 5491
3: 334084 -814055 -379 5491
2: -334084 855209 379 5491
4: -334951 -1805 34680 5491
4: -336452 -247 250563 5491
1: 339701 438413 -578 5491
1: 340784 85 -692733 5491
4: -345477 -3213 19652 5491
4: -345644 -28519 2601 5491
3: 348823 -2357 24548 5491
2: -348823 2471 -24548 5491
3: 348823 -4913 11552 5491
4: -348823 -4913 12996 5491
3: 349809 -171 343910 5491
1: 351424 45125 -1734 5491
4: -351424 -47291 1734 5491
1: 351424 417605 -570 5491
2: -353736 285 -216087 5491
2: -353736 501 -122740 5491
3: 353736 -1083 53958 5491
2: -353736 180861 85 5491
3: 354603 -141 417316 5491
3: 354654 -250563 -190 5491
2: -355946 209 -294780 5491
3: 358834 -85 692733 5491
4: -359917 -918731 486 5491
2: -363562 83 -742577 5491
3: 363562 -361 162843 5491
4: -363562 -361 171241 5491
3: 364344 -315 186694 5491
4: -365959 -331 186694 5491
1: 369664 417605 -549 5491
3: 372096 -1083 54043 5491
1: 373274 122825 -884 5491
4: -373388 -139 443802 5491
2: -373388 361 -170323 5491
1: 373388 4913 -12407 5491
2: -373388 4913 -12141 5491
3: 373388 -6859 8194 5491
3: 373388 -34391 1311 5491
1: 373388 48013 -1632 5491
4: -373388 -50179 1632 5491
4: -373388 -682907 494 5491
3: 376884 -255 230911 5491
4: -378301 -10165 6460 5491
2: -378879 250563 152 5491
3: 379772 -703 83521 5491
2: -380494 83 -741863 5491
1: 383078 211 -280041 5491
4: -383214 -387 159562 5491
3: 383214 -14739 3610 5491
4: -383382 -741 83521 5491
4: -385548 -123 501126 5491
4: -393851 -122825 884 5491
4: -395352 -1083 57222 5491
4: -395352 -250563 627 5491
4: -396378 -250563 626 5491
1: 401132 83521 -1083 5491
2: -401132 83521 -361 5491
1: 402866 93347 -1007 5491
2: -402866 93347 -285 5491
3: 406334 -361 163285 5491
4: -406334 -361 170799 5491
4: -417316 -95 647649 5491
1: 417316 149 -397086 5491
4: -417316 -155 397086 5491
2: -417316 589 -104040 5491
3: 417316 -2831 20519 5491
2: -417316 2945 -20519 5491
1: 417316 83521 -1069 5491
2: -417316 83521 -375 5491
2: -417316 417605 214 5491
1: 422518 61 -969646 5491
3: 422518 -16967 3128 5491
1: 423453 250563 -592 5491
4: -428868 -271371 578 5491
3: 432344 -93347 285 5491
4: -432344 -93347 1007 5491
4: -433466 -1805 34391 5491
3: 434078 -83521 361 5491
4: -434078 -83521 1083 5491
3: 434644 -799 73695 5491
3: 441864 -250563 -105 5491
2: -447083 2603 -23256 5491
1: 448324 83521 -1045 5491
2: -448324 83521 -399 5491
2: -451554 219 -280041 5491
4: -451996 -91 675070 5491
2: -451996 4693 -12750 5491
2: -451996 24565 -2166 5491
4: -456909 -1653 37468 5491
3: 461822 -26353 1921 5491
1: 471648 60933 -1292 5491
4: -471648 -63099 1292 5491
3: 476561 -61579 646 5491
2: -476561 63745 -646 5491
1: 481474 1805 -33150 5491
1: 481474 3275 -18411 5491
4: -481474 -3389 18411 5491
3: 485146 -83521 399 5491
4: -485146 -83521 1045 5491
1: 486387 14739 -4332 5491
2: -492456 16245 -3468 5491
4: -494836 -2527 24565 5491
3: 495924 -9747 5780 5491
1: 501068 83521 -1011 5491
2: -501068 83521 -433 5491
2: -501126 75 -816943 5491
4: -501126 -141 435005 5491
3: 501126 -153 387353 5491
1: 501126 171 -347149 5491
2: -501126 255 -240065 5491
4: -501126 -285 215365 5491
2: -501126 705 -86640 5491
2: -501126 867 -70395 5491
4: -501126 -969 63555 5491
2: -501126 1083 -56295 5491
4: -501126 -1275 48374 5491
2: -501126 1425 -42712 5491
2: -501126 2397 -25270 5491
1: 501126 2601 -23104 5491
4: -501126 -2679 23180 5491
3: 501126 -2907 20102 5491
1: 501126 3249 -18556 5491
1: 501126 3411 -17689 5491
4: -501126 -3525 17689 5491
4: -501126 -4335 14440 5491
2: -501126 4845 -12350 5491
4: -501126 -5415 11620 5491
4: -501126 -11985 5415 5491
2: -501126 13395 -4275 5491
2: -501126 16473 -3420 5491
4: -501126 -18411 3630 5491
2: -501126 21675 -2527 5491
4: -501126 -24225 2831 5491
2: -501126 27075 -1963 5491
4: -501126 -40749 1805 5491
2: -501126 45543 -1045 5491
1: 501126 49419 -1501 5491
4: -501126 -50901 1505 5491
3: 501126 -55233 773 5491
3: 501126 -57987 722 5491
2: -501126 59925 -722 5491
1: 501126 64809 -1216 5491
4: -501126 -66975 1216 5491
4: -501126 -82365 1045 5491
2: -501126 92055 -365 5491
4: -501126 -227715 570 5491
2: -501126 254505 60 5491
2: -501126 312987 105 5491
2: -501126 411825 152 5491
4: -501126 -460275 434 5491
4: -501126 -774231 380 5491
2: -501126 865317 230 5491
1: 501126 938961 -364 5491
1: 501126 985779 -361 5491
1: 503234 3065 -19652 5491
4: -503234 -3167 19652 5491
1: 506039 95665 -918 5491
1: 509371 2033 -29478 5491
1: 510663 250563 -532 5491
1: 510952 133 -446386 5491
4: -525691 -466735 418 5491
1: 527136 68229 -1156 5491
4: -527136 -70395 1156 5491
3: 532627 -68951 578 5491
2: -532627 71117 -578 5491
1: 533919 93 -638690 5491
3: 533919 -1995 29478 5491
4: -539274 -751689 361 5491
2: -542164 293 -208658 5491
3: 542222 -83521 433 5491
4: -542222 -83521 1011 5491
4: -553146 -200355 578 5491
2: -557192 10621 -5491 5491
2: -558467 6061 -9826 5491
1: 560082 201 -295868 5491
4: -560082 -207 295868 5491
1: 560082 1083 -55131 5491
2: -560082 3249 -18564 5491
3: 560082 -14739 3762 5491
4: -560082 -44217 1653 5491
1: 560082 72561 -1088 5491
4: -560082 -74727 1088 5491
3: 560082 -987513 -209 5491
2: -570741 250563 20 5491
3: 576878 -503 117912 5491
1: 576878 584647 -363 5491
2: -578816 417605 114 5491
2: -584647 209 -292334 5491
3: 584647 -323 183806 5491
4: -584647 -323 189582 5491
4: -584647 -3179 19494 5491
1: 584647 3989 -15162 5491
4: -584647 -4103 15162 5491
2: -584647 6341 -9386 5491
2: -584647 67507 -648 5491
3: 584647 -104329 312 5491
4: -584647 -104329 844 5491
4: -584647 -134653 712 5491
2: -587537 584647 152 5491
1: 587708 97393 -867 5491
1: 589152 6213 -9826 5491
4: -599386 -1805 34119 5491
3: 602718 -751689 -171 5491
1: 604299 1425 -41990 5491
3: 604314 -2397 24565 5491
3: 607478 -4693 12427 5491
1: 612102 11343 -5491 5491
3: 617576 -3971 14739 5491
1: 619038 280041 -456 5491
1: 625974 171 -348245 5491
1: 625974 225 -264724 5491
4: -625974 -231 264724 5491
2: -625974 399 -152881 5491
4: -625974 -627 97682 5491
3: 625974 -855 69360 5491
1: 625974 4275 -14161 5491
4: -625974 -4389 14161 5491
2: -625974 250563 -3 5491
1: 625974 751689 -320 5491
4: -628862 -97393 867 5491
1: 628864 81605 -969 5491
4: -628864 -83771 969 5491
4: -633777 -280041 456 5491
2: -639846 195 -312987 5491
2: -643093 109 -560082 5491
2: -643603 63869 -722 5491
1: 648516 228513 -493 5491
3: 650522 -3977 14739 5491
2: -650522 4079 -14739 5491
1: 653429 1805 -33218 5491
1: 653429 4913 -12350 5491
2: -653429 4913 -12198 5491
1: 653429 16967 -3740 5491
2: -660991 365 -167042 5491
4: -662796 -831 73695 5491
3: 668168 -323 184167 5491
4: -668168 -323 189221 5491
2: -668168 589 -103417 5491
2: -668168 2869 -21052 5491
3: 668168 -5491 10621 5491
4: -668168 -5491 11343 5491
2: -668168 10013 -5871 5491
2: -668168 48773 -1026 5491
1: 668168 86773 -912 5491
4: -668168 -88939 912 5491
2: -668168 170221 -133 5491
2: -668168 829141 152 5491
4: -673626 -751689 305 5491
1: 685508 39349 -1734 5491
4: -687344 -1387 44217 5491
1: 687344 417605 -362 5491
1: 690897 250563 -456 5491
3: 697646 -4771 12274 5491
2: -697646 4885 -12274 5491
3: 697646 -4913 11913 5491
4: -697646 -4913 12635 5491
2: -699669 76893 -578 5491
1: 702848 91333 -867 5491
4: -702848 -93499 867 5491
4: -707472 -1083 56542 5491
4: -709308 -250563 456 5491
1: 722211 4941 -12274 5491
4: -722211 -5055 12274 5491
2: -727124 653429 114 5491
1: 730303 4997 -12138 5491
4: -730303 -5111 12138 5491
2: -732564 11913 -4913 5491
3: 743019 -16245 3468 5491
1: 746776 269 -221901 5491
4: -746776 -275 221901 5491
2: -746776 1805 -33575 5491
4: -746776 -3971 15555 5491
2: -746776 24565 -2280 5491
4: -746776 -54043 1330 5491
1: 746776 97109 -816 5491
4: -746776 -99275 816 5491
1: 751689 105 -568214 5491
3: 751689 -867 68590 5491
1: 751689 969 -61750 5491
3: 751689 -1029 57760 5491
3: 751689 -1083 54870 5491
3: 751689 -1785 33212 5491
1: 751689 1995 -30096 5491
3: 751689 -16473 3420 5491
1: 751689 17493 -3610 5491
1: 751689 18411 -3440 5491
3: 751689 -19551 2850 5491
1: 751689 30345 -2166 5491
3: 751689 -33915 1558 5491
1: 751689 37905 -1774 5491
3: 751689 -312987 -10 5491
1: 751689 332367 -380 5491
3: 751689 -371469 -40 5491
1: 751689 576555 -304 5491
3: 751689 -644385 -108 5491
1: 757758 250563 -437 5491
4: -766428 -14739 4332 5491
2: -772179 250563 -48 5491
3: 773984 -3995 14739 5491
4: -776254 -32129 2091 5491
3: 776492 -71 840123 5491
2: -785536 417605 46 5491
3: 792756 -250563 48 5491
1: 793934 12635 -4913 5491
3: 795906 -237 251617 5491
1: 799254 899079 -255 5491
3: 802142 -125137 289 5491
2: -820471 155 -392768 5491
1: 825384 741 -80750 5491
4: -830297 -829 73644 5491
1: 834632 133 -449106 5491
1: 834632 301 -198543 5491
4: -834632 -307 198543 5491
4: -840123 -1083 56406 5491
2: -840123 14739 -3952 5491
1: 845614 22021 -2890 5491
2: -846906 250563 -65 5491
4: -854862 -11913 5287 5491
1: 854862 302157 -374 5491
2: -856596 751689 95 5491
1: 874514 3971 -15215 5491
1: 874514 196745 -476 5491
2: -898212 133209 -289 5491
3: 918023 -584647 -62 5491
4: -918731 -1805 33872 5491
1: 918731 6137 -9902 5491
2: -918731 6137 -9750 5491
4: -918731 -24377 2660 5491
2: -918731 27455 -2052 5491
1: 918731 107117 -722 5491
4: -918731 -109055 722 5491
2: -922716 11985 -4913 5491
2: -930002 15523 -3757 5491
1: 931736 27797 -2312 5491
2: -938961 69 -881450 5491
2: -938961 285 -213282 5491
2: -938961 1311 -46240 5491
3: 938961 -250563 78 5491
1: 943296 122949 -646 5491
4: -943296 -125115 646 5491
1: 948209 361 -165750 5491
2: -948209 361 -168334 5491
3: 953122 -124241 323 5491
2: -953122 126407 -323 5491
1: 957372 751689 -237 5491
1: 972774 285 -209950 5491
2: -972774 14739 -3971 5491
3: 975783 -5991 9826 5491
2: -975783 6093 -9826 5491
1: 984086 12563 -4913 5491
1: 986974 319345 -340 5491
1: 992426 2527 -23817 5491
1: 994194 1221 -49130 5491
