Command line:- ../do_t 244783 1000000
1: 4913 145079 -73304 244783
2: -4913 148225 -250954 244783
1: 9317 140777 540430 244783
1: 10648 143633 -200277 244783
2: -14641 155771 399976 244783
1: 18942 132651 791945 244783
2: -20706 163713 756602 244783
1: 24684 131769 481474 244783
1: 25872 131769 417605 244783
1: 27951 127449 693022 244783
2: -28798 161051 171955 244783
1: 29282 132923 171955 244783
2: -29282 155771 -184671 244783
1: 32487 131769 147390 244783
2: -33418 171955 610929 244783
2: -39809 152303 -518364 244783
2: -42592 150569 -623084 244783
2: -43554 155727 -378301 244783
1: 48552 131769 -202300 244783
2: -54043 171955 111804 244783
1: 54978 131769 -284954 244783
2: -58564 192269 584647 244783
2: -58956 162129 -260876 244783
1: 63888 127449 -225709 244783
1: 65219 112999 316404 244783
1: 65219 152303 -950708 244783
2: -65219 158389 -422518 244783
1: 69212 122825 -128282 244783
1: 69938 102487 685797 244783
1: 70609 102487 668168 244783
2: -72828 195657 413270 244783
1: 74256 131769 -447083 244783
1: 75718 102487 544187 244783
1: 78608 153769 -950334 244783
2: -78608 237545 950334 244783
1: 80223 131769 -481474 244783
1: 83521 96187 644204 244783
1: 83521 100793 450846 244783
1: 83521 102487 384104 244783
1: 83521 119119 -170368 244783
1: 83521 121121 -226842 244783
1: 83521 125783 -351384 244783
1: 83521 127897 -404866 244783
1: 83521 151151 -894432 244783
2: -83521 152831 -644204 244783
1: 83521 155771 -974292 244783
2: -83521 155771 -564344 244783
2: -83521 158389 -495726 244783
2: -83521 240163 894432 244783
2: -83521 244783 945252 244783
2: -83521 248897 988918 244783
1: 84084 131769 -501126 244783
2: -84966 250563 980947 244783
1: 87846 130977 -501126 244783
2: -87846 141933 -962948 244783
2: -87846 162129 -418166 244783
2: -87846 219351 580601 244783
2: -87846 250563 933107 244783
2: -88434 195657 232254 244783
2: -90321 250563 894432 244783
2: -95832 195657 167042 244783
1: 97104 143913 -769318 244783
2: -98868 221085 475167 244783
1: 100793 83521 819654 244783
1: 100793 102487 117912 244783
2: -100793 190333 49130 244783
2: -102102 250563 736043 244783
1: 102476 83521 782628 244783
1: 102487 79475 971040 244783
1: 102487 83521 782390 244783
1: 102487 100793 147390 244783
1: 102487 104125 49130 244783
1: 102487 116875 -275128 244783
1: 102487 122825 -403410 244783
1: 102487 148225 -835210 244783
1: 102487 155771 -936360 244783
2: -102487 155771 -602276 244783
2: -102487 207383 275128 244783
2: -102487 240737 642022 244783
1: 103173 131769 -576674 244783
1: 103173 140679 -724064 244783
2: -103173 162129 -465850 244783
2: -103173 250635 724064 244783
2: -105028 248897 687820 244783
1: 108086 102487 31059 244783
2: -108086 190333 3332 244783
2: -108086 240737 582978 244783
2: -108537 250563 664048 244783
1: 109123 102487 19652 244783
1: 109142 113135 -240737 244783
1: 112112 122825 -452540 244783
2: -112651 208369 209814 244783
1: 113288 83521 570999 244783
1: 114121 83521 556358 244783
2: -114954 250563 600281 244783
1: 115192 83521 537845 244783
1: 116039 83521 523446 244783
1: 117128 83521 505239 244783
1: 117128 100793 -19652 244783
2: -117128 240737 499545 244783
1: 117912 132825 -633556 244783
1: 117912 162129 -978285 244783
2: -117912 258489 633556 244783
2: -121091 288827 801108 244783
2: -123981 250563 521752 244783
1: 126616 121121 -486387 244783
2: -127743 307461 835210 244783
1: 127776 67881 962948 244783
1: 130424 83521 307461 244783
1: 130438 66521 972774 244783
1: 130438 83521 307274 244783
1: 130438 86989 203456 244783
1: 130438 121121 -501126 244783
2: -130438 139825 -972774 244783
1: 130438 158389 -923644 244783
2: -130438 158389 -589560 244783
1: 130438 161551 -950521 244783
2: -130438 171955 -361845 244783
2: -130438 230911 316965 244783
2: -130438 232925 334084 244783
2: -130438 312785 835210 244783
2: -130438 339575 950521 244783
1: 131769 66147 962948 244783
2: -131769 140199 -962948 244783
1: 132616 83521 278663 244783
1: 132651 103173 -204974 244783
2: -133672 248897 437257 244783
2: -135762 250563 434973 244783
1: 136367 157505 -909194 244783
2: -136367 343621 909194 244783
2: -136986 307461 752556 244783
1: 137564 122353 -543048 244783
2: -137564 240737 351384 244783
2: -137564 268961 543048 244783
2: -138138 250563 419265 244783
2: -138142 227843 244783 244783
1: 139298 65219 855151 244783
2: -139587 250563 409948 244783
1: 139876 83521 189728 244783
1: 141218 102487 -250563 244783
1: 142296 131769 -668168 244783
1: 142307 73205 481474 244783
2: -142477 240737 322102 244783
1: 143748 103173 -278817 244783
1: 147686 83521 103818 244783
2: -152303 171955 -409948 244783
1: 154154 145367 -804287 244783
2: -154154 355759 804287 244783
2: -154396 240737 258808 244783
1: 155771 83521 23958 244783
1: 155771 102487 -336396 244783
1: 157216 111881 -475167 244783
2: -157216 279433 475167 244783
2: -157542 297381 559504 244783
1: 157794 131769 -691866 244783
2: -157794 250563 307461 244783
1: 158389 65219 530604 244783
1: 158389 83521 -154 244783
1: 165044 163709 -918731 244783
2: -165044 431053 918731 244783
1: 167042 51799 978285 244783
1: 167042 65219 407935 244783
1: 167042 67865 322102 244783
1: 167042 70805 234256 244783
1: 167042 71995 200739 244783
1: 167042 73205 167776 244783
1: 167042 100793 -369050 244783
1: 167042 102487 -392595 244783
1: 167042 106645 -447216 244783
1: 167042 111265 -503118 244783
1: 167042 113135 -524447 244783
1: 167042 149303 -831875 244783
1: 167042 155771 -871805 244783
2: -167042 155771 -666831 244783
1: 167042 158389 -887040 244783
2: -167042 158389 -626164 244783
1: 167042 164815 -922383 244783
1: 167042 167585 -936782 244783
1: 167042 174845 -972356 244783
2: -167042 181153 -322102 244783
2: -167042 244783 227843 244783
2: -167042 248897 253722 244783
2: -167042 284669 447216 244783
2: -167042 439943 922383 244783
2: -167042 447337 936782 244783
2: -167706 195657 -167042 244783
2: -167739 250563 260876 244783
2: -168168 273105 384659 244783
2: -168198 259545 311542 244783
1: 175692 53805 722211 244783
2: -175692 152541 -722211 244783
1: 175692 162129 -899640 244783
1: 175692 182937 -991270 244783
2: -175692 200277 -143633 244783
2: -175934 230911 100793 244783
1: 179333 83521 -167706 244783
1: 181016 83521 -179487 244783
2: -181781 171941 -456654 244783
1: 182347 83521 -188650 244783
2: -183678 250563 196735 244783
2: -183799 248897 186694 244783
2: -184093 512435 927112 244783
1: 190333 65807 117912 244783
2: -190333 174097 -442170 244783
2: -190333 378301 646170 244783
1: 193501 63869 135762 244783
1: 194208 92169 -384659 244783
2: -194208 299145 384659 244783
2: -195092 424589 722211 244783
1: 195657 48195 648516 244783
2: -195657 158151 -648516 244783
2: -195657 250563 155408 244783
2: -195657 475167 805732 244783
2: -196504 240737 96679 244783
2: -197421 307461 402866 244783
2: -198254 400631 658053 244783
1: 201586 83521 -307582 244783
1: 201586 102487 -525691 244783
2: -201586 584647 907863 244783
2: -201773 512435 825384 244783
2: -202334 584647 903749 244783
2: -203643 195657 -245650 244783
1: 204952 83521 -326095 244783
1: 204974 46343 584647 244783
1: 204974 54043 293097 244783
1: 204974 71621 -137564 244783
1: 204974 83521 -326214 244783
1: 204974 100793 -520778 244783
1: 204974 110687 -604877 244783
1: 204974 155771 -852839 244783
2: -204974 397001 619038 244783
2: -204974 594473 898926 244783
2: -204974 613547 916419 244783
2: -204974 705551 987513 244783
1: 206346 43923 674611 244783
1: 206346 85701 -362032 244783
1: 206346 162129 -875798 244783
2: -206346 305613 362032 244783
2: -206346 397953 614922 244783
2: -208967 437257 678062 244783
2: -209814 250563 112651 244783
2: -210056 248897 103173 244783
2: -213444 163149 -594473 244783
2: -213486 250563 102487 244783
2: -213724 190333 -309519 244783
1: 214291 104329 -578578 244783
2: -214291 396797 578578 244783
2: -215622 617253 864688 244783
1: 216172 73205 -242403 244783
2: -216172 240737 42592 244783
2: -216172 717409 935136 244783
2: -216678 309519 339405 244783
1: 218246 102487 -574821 244783
1: 223608 67881 -206346 244783
2: -223608 751689 918610 244783
1: 225786 102459 -594473 244783
2: -225998 326095 361097 244783
1: 228242 83521 -439230 244783
1: 232078 83521 -455686 244783
1: 234256 34969 665567 244783
1: 234256 48841 113288 244783
1: 234256 100793 -604299 244783
1: 234256 140777 -795906 244783
2: -234256 594473 761362 244783
1: 234906 99099 -594473 244783
1: 235396 30613 918731 244783
1: 235824 69993 -316778 244783
1: 235824 131769 -763861 244783
2: -235824 321321 316778 244783
2: -238238 512435 663255 244783
1: 240737 33275 647020 244783
1: 240737 34391 585640 244783
1: 240737 46585 106590 244783
1: 240737 54043 -79860 244783
1: 240737 73205 -384710 244783
1: 240737 102487 -630360 244783
1: 240737 105875 -650012 244783
1: 240737 122825 -732050 244783
1: 240737 166375 -866184 244783
1: 240737 171955 -878460 244783
1: 240737 232925 -974270 244783
2: -240737 378301 444554 244783
2: -240737 509047 650012 244783
2: -240737 594473 735438 244783
2: -240737 799931 866184 244783
1: 242242 85255 -511819 244783
2: -242242 415871 511819 244783
2: -243338 717409 812090 244783
1: 244783 83521 -506506 244783
2: -244783 417605 506506 244783
2: -244783 717409 806310 244783
2: -245882 996919 918731 244783
2: -246211 847847 864688 244783
1: 247962 250563 -978285 244783
1: 248897 29645 717298 244783
1: 248897 61985 -284954 244783
1: 248897 83521 -521850 244783
1: 248897 97405 -619038 244783
1: 248897 136367 -786080 244783
2: -248897 322861 284954 244783
2: -248897 507353 619038 244783
2: -248897 584647 696332 244783
2: -248897 918731 880824 244783
2: -249018 588693 699380 244783
1: 250563 27489 833206 244783
1: 250563 42483 117128 244783
1: 250563 43923 74088 244783
1: 250563 62139 -298144 244783
1: 250563 67881 -374066 244783
1: 250563 96033 -614922 244783
1: 250563 104907 -664048 244783
2: -250563 142443 -878460 244783
2: -250563 159885 -652190 244783
2: -250563 187425 -380666 244783
2: -250563 200277 -279510 244783
2: -250563 227601 -102410 244783
2: -250563 266805 88330 244783
2: -250563 299475 209132 244783
2: -250563 329175 298144 244783
2: -250563 351747 355740 244783
2: -250563 412335 479160 244783
2: -250563 462825 557326 244783
2: -250563 508725 614922 244783
2: -250563 543609 652190 244783
2: -250563 586971 692340 244783
2: -250563 637245 732050 244783
2: -250563 658845 747250 244783
2: -250563 715275 782628 244783
2: -250563 724185 787710 244783
2: -250563 907137 869990 244783
1: 251719 62557 -311542 244783
1: 253253 77741 -489566 244783
2: -253253 423385 489566 244783
2: -254898 219615 -156349 244783
2: -255476 378301 400631 244783
1: 259182 219615 -928557 244783
2: -259336 717409 751689 244783
1: 260876 29869 486387 244783
1: 260876 83521 -563772 244783
1: 260876 158389 -840123 244783
2: -260876 158389 -673081 244783
2: -260876 176477 -486387 244783
2: -261118 512435 584647 244783
2: -262123 980947 849660 244783
1: 263538 29121 481474 244783
1: 263538 66759 -430899 244783
2: -263538 154275 -722211 244783
2: -263538 177225 -481474 244783
2: -263538 467313 523090 244783
2: -263538 810645 783020 244783
1: 265302 27951 517055 244783
1: 267036 131769 -780878 244783
2: -267036 834537 780878 244783
1: 267531 22491 864688 244783
1: 269467 102487 -687820 244783
1: 270193 240737 -930138 244783
1: 272734 64447 -454597 244783
2: -272734 436679 454597 244783
1: 273972 307461 -960925 244783
1: 275128 49049 -271524 244783
2: -275128 240737 -73205 244783
2: -275128 342265 271524 244783
2: -275128 594473 618310 244783
2: -275128 717409 698955 244783
2: -275128 845185 757911 244783
1: 277151 83521 -614922 244783
2: -278698 417605 409948 244783
1: 279174 250563 -922383 244783
1: 279752 83521 -622545 244783
2: -279752 717409 684641 244783
1: 281809 83521 -628474 244783
1: 283382 417605 -972356 244783
2: -283866 250563 -41503 244783
1: 284592 515865 -985303 244783
1: 284954 240737 -907742 244783
2: -284954 240737 -87846 244783
2: -289051 381997 324258 244783
1: 289688 830297 -995588 244783
1: 291599 584647 -974292 244783
2: -291599 584647 564344 244783
1: 292824 291489 -918731 244783
1: 295372 83521 -665500 244783
1: 299354 289867 -907137 244783
1: 299838 781167 -964733 244783
2: -302137 520421 481474 244783
1: 302379 131769 -795906 244783
2: -302379 250563 -68244 244783
2: -302379 307461 127738 244783
1: 302379 751689 -956626 244783
2: -303468 515865 473858 244783
1: 305762 326095 -906015 244783
1: 306629 557689 -934626 244783
1: 307461 17787 334084 244783
1: 307461 27489 -127738 244783
1: 307461 42483 -426564 244783
1: 307461 75999 -668168 244783
1: 307461 104907 -752556 244783
1: 307461 117453 -776254 244783
2: -307461 160083 -668168 244783
1: 307461 162129 -830858 244783
2: -307461 247401 -88434 244783
1: 307461 250563 -881524 244783
1: 307461 290037 -894166 244783
2: -307461 382347 286688 244783
1: 307461 448239 -922488 244783
1: 307461 692733 -940814 244783
2: -307461 858627 668168 244783
2: -307461 944163 695912 244783
1: 308792 240737 -876095 244783
2: -308792 240737 -119493 244783
1: 309519 195657 -853842 244783
1: 309519 722211 -937024 244783
1: 309876 83853 -702559 244783
2: -311304 751689 614922 244783
1: 311542 14641 499970 244783
1: 311542 73205 -669324 244783
1: 311542 83521 -705430 244783
1: 311542 102487 -752845 244783
1: 311542 417605 -910404 244783
1: 311542 512435 -919887 244783
1: 311542 584647 -925045 244783
2: -311542 584647 515097 244783
3: 311542 -584647 -998250 244783
2: -311542 893101 669324 244783
1: 312698 584647 -922383 244783
2: -312698 584647 512435 244783
2: -314432 493801 426734 244783
1: 314432 594473 -918995 244783
2: -314432 594473 515823 244783
1: 314908 717409 -923644 244783
2: -314908 717409 589560 244783
1: 315447 101745 -756602 244783
1: 316744 83521 -717409 244783
1: 316778 83521 -717486 244783
2: -316778 326095 152303 244783
2: -316778 417605 326172 244783
1: 316778 456533 -903992 244783
3: 316778 -456533 -987513 244783
2: -317373 570999 491300 244783
1: 320166 103173 -765204 244783
1: 320501 10241 769318 244783
1: 320771 65219 -668168 244783
3: 322168 -820471 -950334 244783
2: -324258 307461 92820 244783
1: 324258 395307 -883813 244783
2: -324258 427431 326095 244783
2: -324258 515865 428582 244783
3: 324258 -928557 -941017 244783
1: 325108 14641 137564 244783
1: 325992 337953 -874225 244783
3: 326859 -236313 -979132 244783
1: 327558 43923 -584647 244783
2: -328636 775973 584647 244783
3: 329868 -250563 -962313 244783
3: 330848 -996919 -918731 244783
2: -334081 349979 178024 244783
1: 334084 9317 377223 244783
1: 334084 11221 161051 244783
1: 334084 14161 -58564 244783
1: 334084 14641 -86044 244783
1: 334084 17633 -223608 244783
1: 334084 22253 -363363 244783
1: 334084 27709 -468391 244783
1: 334084 34969 -557326 244783
1: 334084 66181 -717409 244783
1: 334084 100793 -778998 244783
3: 334084 -123431 -992926 244783
1: 334084 158389 -821821 244783
2: -334084 158389 -691383 244783
2: -334084 178717 -510741 244783
1: 334084 190757 -834537 244783
3: 334084 -193963 -957957 244783
2: -334084 210749 -296813 244783
2: -334084 237797 -161051 244783
3: 334084 -244783 -945252 244783
1: 334084 248897 -849072 244783
2: -334084 248897 -113876 244783
2: -334084 280841 1078 244783
1: 334084 299761 -857164 244783
3: 334084 -304799 -935704 244783
2: -334084 331177 137214 244783
2: -334084 373681 223608 244783
3: 334084 -384659 -927619 244783
2: -334084 426853 307461 244783
3: 334084 -463267 -922383 244783
1: 334084 471053 -871563 244783
2: -334084 520421 413413 244783
2: -334084 587213 468391 244783
2: -334084 670769 521752 244783
1: 334084 717409 -880216 244783
2: -334084 717409 546132 244783
3: 334084 -727991 -913066 244783
1: 335412 195657 -835210 244783
1: 335412 339405 -859775 244783
1: 335478 250563 -847847 244783
1: 336532 137093 -810645 244783
1: 336743 14399 -137564 244783
2: -336743 184093 -471070 244783
2: -336743 702559 533120 244783
3: 338096 -584647 -903749 244783
1: 338198 9317 216172 244783
1: 338997 19965 -384846 244783
1: 338997 570999 -866320 244783
2: -338997 928557 614922 244783
1: 339864 35937 -613547 244783
2: -339864 930369 613547 244783
1: 341462 512435 -859775 244783
3: 342067 -417605 -896896 244783
1: 343398 42483 -677127 244783
2: -345066 551397 419628 244783
3: 347391 -67881 -962948 244783
3: 347391 -94503 -934626 244783
1: 347667 72765 -769318 244783
1: 348194 424589 -845036 244783
3: 349027 -918731 -865150 244783
3: 349384 -847847 -864688 244783
1: 349811 201433 -826914 244783
1: 350053 572509 -845614 244783
1: 350846 918731 -847847 244783
2: -350846 918731 586971 244783
1: 351384 20097 -584647 244783
3: 351384 -48807 -962948 244783
1: 351384 53361 -751689 244783
1: 351384 127449 -810356 244783
3: 351384 -129591 -894166 244783
2: -351384 162129 -658903 244783
2: -351384 224553 -238714 244783
2: -351384 267393 -63869 244783
3: 351384 -309519 -870009 244783
1: 351384 314721 -835499 244783
2: -351384 660297 481474 244783
1: 351384 751689 -845446 244783
2: -351384 914529 584647 244783
2: -351526 688127 496213 244783
3: 352002 -88935 -909194 244783
2: -352506 751689 524414 244783
1: 353736 3993 293216 244783
2: -353736 195657 -401302 244783
1: 353736 866481 -841687 244783
3: 354046 -384659 -857752 244783
1: 354046 438991 -836077 244783
1: 356587 717409 -835210 244783
2: -356587 717409 501126 244783
1: 357357 250563 -825220 244783
1: 358649 54043 -782628 244783
1: 358666 83521 -801262 244783
3: 359227 -584647 -838530 244783
3: 359366 -30613 -918731 244783
2: -360668 417605 251559 244783
3: 361828 -65219 -855151 244783
1: 362032 46585 -790993 244783
3: 362032 -584647 -830445 244783
2: -363363 250563 -137060 244783
1: 363562 46585 -798490 244783
1: 364694 83521 -811734 244783
2: -367598 171955 -578017 244783
1: 367598 248897 -815558 244783
2: -367598 248897 -147390 244783
1: 368137 14641 -835210 244783
3: 368676 -11271 -769318 244783
1: 370018 34391 -836451 244783
3: 371654 -288827 -801108 244783
3: 372372 -132651 -791945 244783
3: 372691 -83521 -782628 244783
3: 373527 -515865 -798116 244783
2: -375411 586971 394196 244783
2: -376278 871563 524535 244783
3: 376516 -584647 -790614 244783
3: 376761 -14739 -588302 244783
3: 378301 -4913 -74536 244783
3: 378301 -14641 -551208 244783
1: 378301 240737 -806586 244783
2: -378301 240737 -189002 244783
3: 378301 -240737 -777304 244783
2: -378301 329171 74536 244783
1: 378301 717409 -796858 244783
2: -378301 717409 462774 244783
3: 378301 -717409 -787032 244783
2: -378301 980947 551208 244783
3: 379456 -102487 -751689 244783
3: 380666 -4913 77469 244783
3: 380666 -34969 -665567 244783
3: 380666 -120197 -751689 244783
2: -380666 344267 103173 244783
1: 380666 378301 -798252 244783
2: -380666 378301 164696 244783
1: 380666 708917 -793016 244783
1: 381997 113135 -825384 244783
1: 382347 27951 -953700 244783
1: 383214 94017 -835142 244783
2: -383328 195657 -417605 244783
3: 384013 -9317 -216172 244783
2: -384454 336743 83521 244783
3: 384659 -9317 -194208 244783
1: 384659 65219 -862376 244783
3: 384659 -65219 -695334 244783
1: 384659 83521 -844074 244783
3: 384659 -83521 -713636 244783
2: -384659 400631 194208 244783
1: 384659 584647 -788172 244783
2: -384659 584647 378224 244783
3: 384659 -584647 -769538 244783
3: 387549 -307461 -752556 244783
3: 388127 -17545 -403172 244783
3: 388127 -54043 -652190 244783
2: -388127 632467 403172 244783
3: 388773 -43923 -619038 244783
3: 388892 -485815 -756602 244783
3: 390439 -30613 -534072 244783
3: 391314 -6783 324258 244783
3: 391314 -14739 -264044 244783
3: 391314 -27951 -501126 244783
1: 391314 67881 -874514 244783
3: 391314 -75867 -668168 244783
3: 391314 -103173 -693957 244783
1: 391314 115311 -829719 244783
2: -391314 213129 -324258 244783
1: 391314 250563 -795113 244783
3: 391314 -280041 -739211 244783
2: -391314 309519 15147 244783
1: 391314 475167 -781167 244783
3: 391314 -531069 -751689 244783
3: 392854 -717409 -751689 244783
2: -392931 746691 451996 244783
3: 394009 -600281 -746776 244783
1: 394842 307461 -786080 244783
2: -394944 834537 481474 244783
3: 395307 -6069 647360 244783
3: 395307 -30855 -481474 244783
3: 395307 -121737 -687820 244783
1: 395307 134385 -821338 244783
1: 395307 302379 -786080 244783
3: 395307 -333795 -732326 244783
1: 396508 270193 -788392 244783
3: 396627 -131769 -687820 244783
3: 396704 -102487 -668168 244783
3: 397103 -14641 -137564 244783
3: 397243 -348823 -728178 244783
1: 397749 43923 -962948 244783
3: 400554 -250563 -708092 244783
1: 400792 717409 -761515 244783
2: -400792 717409 427431 244783
3: 401438 -424589 -722211 244783
3: 401478 -67473 -594473 244783
1: 403053 802593 -756602 244783
1: 403172 73205 -889253 244783
1: 403172 83521 -871200 244783
3: 403172 -102487 -638690 244783
1: 403172 417605 -768713 244783
3: 403172 -584647 -724790 244783
3: 404838 -76593 -594473 244783
1: 407286 51909 -962948 244783
1: 407286 195657 -795906 244783
3: 407407 -248897 -687820 244783
1: 407528 717409 -751689 244783
2: -407528 717409 417605 244783
1: 408408 131769 -825384 244783
2: -409101 250563 -175208 244783
2: -409101 570999 334084 244783
3: 409948 -9163 633777 244783
3: 409948 -18887 -68782 244783
3: 409948 -54043 -499443 244783
3: 409948 -54439 -501126 244783
1: 409948 83521 -880516 244783
1: 409948 84133 -879427 244783
1: 409948 100793 -854862 244783
3: 409948 -155771 -650539 244783
2: -409948 174845 -568463 244783
2: -409948 197813 -417605 244783
1: 409948 207757 -790993 244783
1: 409948 240737 -782748 244783
2: -409948 240737 -212840 244783
3: 409948 -321079 -691866 244783
2: -409948 343145 68782 244783
2: -409948 417605 186823 244783
1: 409948 496213 -756007 244783
2: -409948 503965 280041 244783
1: 409948 594473 -751842 244783
2: -409948 594473 348670 244783
1: 409948 598829 -751689 244783
3: 409948 -918731 -717199 244783
4: -409948 -918731 978075 244783
3: 409948 -925463 -717298 244783
2: -409948 989065 501126 244783
1: 410179 322813 -769318 244783
1: 410718 570999 -751689 244783
3: 412692 -24255 -181016 244783
3: 412692 -59895 -505274 244783
2: -412692 162129 -670824 244783
1: 412692 266805 -775489 244783
2: -412692 415569 181016 244783
3: 412692 -486387 -698775 244783
1: 412692 658845 -746011 244783
1: 412776 633777 -746691 244783
4: -414197 -830297 995588 244783
3: 415998 -250563 -664048 244783
1: 416449 102487 -857752 244783
3: 416603 -65219 -501126 244783
1: 416603 653429 -740894 244783
2: -419628 131769 -991270 244783
1: 419628 307461 -762671 244783
2: -419628 751689 415030 244783
3: 420959 -14641 334084 244783
3: 421498 -102487 -560082 244783
3: 421927 -366163 -667590 244783
3: 422807 -417605 -670824 244783
3: 424589 -13651 481474 244783
3: 424589 -187187 -619038 244783
1: 424589 240737 -772922 244783
2: -424589 240737 -222666 244783
1: 424589 274261 -764694 244783
3: 424589 -432817 -668168 244783
3: 424732 -171955 -610929 244783
3: 425408 -102487 -544187 244783
1: 427431 353199 -748748 244783
3: 428162 -417605 -658845 244783
3: 428582 -41905 -289289 244783
1: 428582 326095 -751689 244783
2: -428582 543031 289289 244783
3: 429913 -81191 -481474 244783
3: 430661 -14641 510952 244783
1: 431188 238777 -769318 244783
3: 432344 -34391 -167706 244783
3: 432344 -102487 -516698 244783
1: 432344 201433 -782628 244783
1: 432344 240737 -767987 244783
2: -432344 240737 -227601 244783
1: 432344 600281 -723044 244783
1: 432344 717409 -718131 244783
2: -432344 717409 384047 244783
1: 435523 83521 -913066 244783
1: 435812 402325 -734349 244783
2: -437257 177023 -560252 244783
2: -438702 250563 -195657 244783
2: -438702 570999 297381 244783
3: 438746 -248897 -604299 244783
2: -439824 131769 -987513 244783
2: -439824 751689 388652 244783
3: 440561 -350557 -623084 244783
3: 444822 -59895 -324258 244783
3: 447083 -388127 -614922 244783
1: 447083 468391 -715836 244783
1: 450653 584647 -702768 244783
2: -450653 584647 292820 244783
3: 451418 -14641 863821 244783
3: 451996 -102487 -443394 244783
3: 453152 -102487 -439280 244783
3: 453871 -70217 -334084 244783
2: -453871 664979 334084 244783
1: 453992 580601 -699380 244783
1: 454597 512435 -704004 244783
4: -454839 -722211 958562 244783
1: 456484 83521 -937024 244783
3: 456533 -34391 25806 244783
2: -456533 786947 381480 244783
2: -456533 791945 383214 244783
3: 459921 -746691 -619038 244783
3: 461822 -776699 -617100 244783
1: 462462 131769 -835210 244783
2: -462462 250563 -210177 244783
2: -463386 395307 103173 244783
1: 464156 83521 -945252 244783
3: 464882 -584647 -601370 244783
3: 465003 -297381 -559504 244783
3: 465528 -515823 -594473 244783
3: 467313 -131769 -446216 244783
2: -467313 250563 -212960 244783
2: -467313 307461 -54910 244783
3: 467313 -751689 -606936 244783
3: 467313 -922383 -613258 244783
3: 468512 -15895 991270 244783
3: 468512 -21175 584647 244783
3: 468512 -34391 114240 244783
3: 468512 -45815 -73695 244783
3: 468512 -87703 -343910 244783
1: 468512 122825 -850493 244783
1: 468512 313225 -722211 244783
1: 468512 354025 -712674 244783
1: 468512 594473 -683060 244783
2: -468512 594473 279888 244783
4: -468512 -605591 992426 244783
1: 468512 677705 -677705 244783
1: 468512 902825 -668168 244783
3: 471648 -55671 -158389 244783
2: -471648 446985 158389 244783
4: -473977 -624239 972774 244783
3: 474334 -83521 -307461 244783
3: 475167 -195657 -491300 244783
1: 475167 250563 -739200 244783
4: -475167 -586971 992426 244783
2: -475167 751689 347886 244783
1: 475167 978285 -658342 244783
1: 475937 555169 -678810 244783
1: 476498 215033 -756602 244783
1: 476498 294151 -722211 244783
3: 477037 -717409 -589560 244783
4: -477037 -717409 923644 244783
3: 481474 -54043 -95832 244783
1: 481474 95711 -919479 244783
3: 481474 -95711 -325006 244783
1: 481474 102487 -899827 244783
3: 481474 -102487 -344658 244783
1: 481474 150403 -811393 244783
3: 481474 -150403 -433092 244783
1: 481474 378301 -697444 244783
2: -481474 378301 63888 244783
3: 481474 -378301 -547041 244783
1: 481474 555169 -673486 244783
3: 481474 -555169 -570999 244783
1: 481474 594473 -670098 244783
2: -481474 594473 266926 244783
3: 481474 -594473 -574387 244783
4: -481474 -594473 977559 244783
2: -481474 710633 325006 244783
4: -481474 -710633 919479 244783
3: 482306 -83521 -278663 244783
1: 483483 250563 -734712 244783
3: 484364 -918731 -586971 244783
4: -484364 -918731 847847 244783
1: 485331 80631 -979132 244783
4: -486178 -815269 874225 244783
1: 486387 219615 -749700 244783
3: 486387 -515865 -559020 244783
2: -486387 722211 324764 244783
1: 486676 717409 -656608 244783
2: -486676 717409 322524 244783
1: 487146 97167 -918731 244783
4: -487146 -691929 918731 244783
3: 487256 -584647 -564344 244783
4: -487256 -584647 974292 244783
2: -487509 307461 -68782 244783
1: 487872 280041 -719950 244783
1: 488971 118459 -864688 244783
1: 489192 751689 -652190 244783
1: 489566 83521 -970662 244783
3: 489566 -83521 -253253 244783
1: 489566 717409 -653718 244783
3: 489566 -717409 -570197 244783
3: 490182 -221085 -475167 244783
2: -491568 515865 203643 244783
1: 492107 512435 -668168 244783
3: 494802 -43923 98260 244783
1: 496213 112651 -880396 244783
3: 497794 -68453 -142477 244783
1: 497794 83521 -978334 244783
3: 497794 -83521 -225351 244783
1: 497794 107569 -894166 244783
3: 497794 -107569 -309519 244783
2: -497794 171941 -609212 244783
2: -497794 453299 142477 244783
1: 497794 584647 -655627 244783
2: -497794 584647 245679 244783
3: 497794 -584647 -548058 244783
4: -497794 -584647 958006 244783
2: -497794 712327 309519 244783
4: -497794 -712327 894166 244783
1: 497794 752983 -643603 244783
3: 497794 -752983 -560082 244783
1: 497794 918731 -636069 244783
2: -497794 918731 375193 244783
3: 497794 -918731 -567616 244783
4: -497794 -918731 828492 244783
3: 498134 -41261 162129 244783
1: 501039 899079 -633556 244783
3: 501126 -28611 521752 244783
3: 501126 -71379 -149072 244783
1: 501126 82467 -986271 244783
3: 501126 -83853 -215831 244783
3: 501126 -110313 -307461 244783
1: 501126 112167 -883421 244783
1: 501126 127449 -849178 244783
3: 501126 -129591 -350658 244783
1: 501126 131769 -840938 244783
1: 501126 173349 -782628 244783
3: 501126 -200277 -437899 244783
1: 501126 203643 -755139 244783
1: 501126 267903 -717409 244783
2: -501126 307461 -77504 244783
1: 501126 314721 -699622 244783
2: -501126 462693 149072 244783
2: -501126 475167 160853 244783
3: 501126 -499653 -533731 244783
3: 501126 -586971 -543268 244783
2: -501126 715071 307461 244783
4: -501126 -727089 883421 244783
2: -501126 734349 315084 244783
4: -501126 -746691 875924 244783
3: 501126 -772191 -556358 244783
1: 501126 785169 -638638 244783
3: 501126 -907137 -562529 244783
1: 501126 922383 -632569 244783
1: 505631 918731 -628232 244783
2: -505631 918731 367356 244783
2: -506506 596207 244783 244783
1: 508062 444675 -664411 244783
3: 509796 -250563 -453871 244783
4: -509894 -653429 903023 244783
4: -510952 -610687 923593 244783
2: -510972 307461 -83521 244783
1: 512736 751689 -629563 244783
1: 515823 395307 -668168 244783
1: 515823 710073 -629442 244783
1: 518466 250563 -717409 244783
3: 518518 -248897 -437257 244783
3: 520778 -594473 -515823 244783
4: -520778 -594473 918995 244783
1: 521752 83521 -999295 244783
3: 521752 -113135 -260389 244783
1: 521752 358649 -673200 244783
3: 521752 -485815 -501126 244783
3: 521752 -584647 -513480 244783
4: -521752 -584647 923428 244783
3: 522512 -584647 -512435 244783
4: -522512 -584647 922383 244783
3: 524447 -512435 -501126 244783
2: -525691 219373 -357918 244783
3: 527076 -44931 240737 244783
3: 527076 -250563 -423311 244783
2: -527076 251277 -240737 244783
1: 527076 467313 -646204 244783
2: -527076 561561 206346 244783
2: -527076 947121 353736 244783
3: 529452 -250563 -419265 244783
3: 530604 -43923 275723 244783
1: 530604 103173 -922383 244783
3: 531069 -44217 272272 244783
3: 531069 -586971 -501126 244783
3: 534072 -219615 -390439 244783
2: -535062 309519 -92939 244783
1: 538118 121121 -871046 244783
1: 538934 102487 -928557 244783
1: 540386 240737 -713966 244783
2: -540386 240737 -281622 244783
2: -541717 407779 59976 244783
3: 541717 -539495 -481474 244783
1: 542402 918995 -594473 244783
1: 543048 227601 -722211 244783
3: 545468 -102487 -167042 244783
3: 547077 -219615 -368186 244783
3: 547162 -417605 -453145 244783
3: 550256 -97559 -135762 244783
2: -550256 488873 135762 244783
1: 550256 594473 -611534 244783
2: -550256 594473 208362 244783
1: 551089 717409 -599386 244783
2: -551089 717409 265302 244783
2: -552279 131769 -971618 244783
1: 552279 250563 -702768 244783
1: 553938 751689 -594594 244783
2: -556358 191345 -501126 244783
1: 556358 314237 -668168 244783
4: -556358 -619157 859775 244783
2: -557396 600281 206346 244783
3: 559482 -273105 -384659 244783
3: 559504 -584647 -465003 244783
4: -559504 -584647 874951 244783
1: 560082 515865 -614922 244783
4: -560082 -586971 872916 244783
2: -561561 250563 -257488 244783
1: 562122 219615 -722211 244783
3: 564417 -231231 -349690 244783
1: 569908 240737 -702768 244783
2: -569908 240737 -292820 244783
1: 570999 250563 -695408 244783
3: 570999 -302379 -383214 244783
1: 574532 243089 -699380 244783
4: -574992 -427431 980441 244783
2: -577654 476561 107338 244783
3: 579734 -378301 -400631 244783
3: 581077 -417605 -409948 244783
1: 582624 195657 -740707 244783
1: 583198 584647 -589633 244783
2: -583198 584647 179685 244783
3: 584647 -29645 991232 244783
3: 584647 -34969 762300 244783
3: 584647 -35819 732050 244783
3: 584647 -40205 596288 244783
3: 584647 -45815 460526 244783
3: 584647 -57233 266420 244783
3: 584647 -62135 204974 244783
3: 584647 -65219 171050 244783
3: 584647 -70805 117128 244783
3: 584647 -73205 96488 244783
3: 584647 -88451 -8470 244783
1: 584647 100793 -954690 244783
3: 584647 -100793 -70180 244783
1: 584647 113135 -906444 244783
3: 584647 -113135 -118426 244783
1: 584647 115885 -897094 244783
3: 584647 -115885 -127776 244783
1: 584647 136697 -838530 244783
3: 584647 -136697 -186340 244783
1: 584647 155771 -798600 244783
2: -584647 155771 -740036 244783
1: 584647 174845 -767382 244783
3: 584647 -174845 -257488 244783
2: -584647 175967 -596288 244783
1: 584647 179095 -761332 244783
3: 584647 -179095 -263538 244783
1: 584647 248897 -691530 244783
2: -584647 248897 -271418 244783
3: 584647 -248897 -333340 244783
1: 584647 254947 -687280 244783
3: 584647 -254947 -337590 244783
2: -584647 271949 -204974 244783
1: 584647 286165 -668206 244783
3: 584647 -286165 -356664 244783
1: 584647 326095 -649132 244783
3: 584647 -326095 -375738 244783
3: 584647 -384659 -396550 244783
1: 584647 394009 -625570 244783
3: 584647 -394009 -399300 244783
1: 584647 442255 -613228 244783
3: 584647 -442255 -411642 244783
1: 584647 503965 -600886 244783
3: 584647 -503965 -423984 244783
2: -584647 507199 127776 244783
4: -584647 -507199 897094 244783
1: 584647 608923 -585640 244783
3: 584647 -608923 -439230 244783
1: 584647 629563 -583240 244783
3: 584647 -629563 -441630 244783
1: 584647 683485 -577654 244783
3: 584647 -683485 -447216 244783
1: 584647 717409 -574570 244783
2: -584647 717409 240486 244783
3: 584647 -717409 -450300 244783
4: -584647 -717409 784384 244783
1: 584647 778855 -569668 244783
3: 584647 -778855 -455202 244783
2: -584647 783853 263538 244783
4: -584647 -783853 761332 244783
1: 584647 972961 -558250 244783
3: 584647 -972961 -466620 244783
3: 584936 -102487 -76874 244783
3: 585354 -746691 -451996 244783
3: 586432 -102487 -73695 244783
3: 586971 -61761 216172 244783
2: -586971 268107 -216172 244783
4: -590843 -417605 972356 244783
3: 594473 -34391 828366 244783
3: 594473 -63869 213444 244783
1: 594473 102487 -951048 244783
3: 594473 -102487 -56882 244783
2: -594473 161051 -699720 244783
2: -594473 171955 -623392 244783
1: 594473 190333 -744702 244783
3: 594473 -190333 -263228 244783
1: 594473 240737 -694298 244783
2: -594473 240737 -301290 244783
3: 594473 -240737 -313632 244783
1: 594473 447083 -606452 244783
3: 594473 -447083 -401478 244783
1: 594473 717409 -567834 244783
3: 594473 -717409 -440096 244783
2: -594473 805255 263228 244783
4: -594473 -805255 744702 244783
3: 594762 -38115 699380 244783
1: 594762 922383 -553435 244783
3: 595629 -551397 -419628 244783
3: 600831 -43923 562394 244783
3: 601612 -584647 -418110 244783
4: -601612 -584647 828058 244783
4: -603064 -388127 993531 244783
1: 603092 479765 -594473 244783
2: -604299 480249 94622 244783
1: 604758 250563 -683287 244783
4: -604758 -395307 982600 244783
3: 604758 -483153 -397953 244783
1: 606452 470645 -594473 244783
3: 607068 -43923 584647 244783
3: 607138 -717409 -427431 244783
4: -607138 -717409 761515 244783
3: 607992 -309519 -339405 244783
3: 613088 -102487 -19652 244783
2: -613088 877129 270215 244783
2: -613836 866481 267036 244783
3: 614922 -33813 940695 244783
3: 614922 -37485 800819 244783
3: 614922 -53361 417605 244783
3: 614922 -82467 98260 244783
3: 614922 -92565 34391 244783
1: 614922 97461 -982600 244783
1: 614922 109395 -928557 244783
3: 614922 -127449 -108375 244783
3: 614922 -143055 -149702 244783
2: -614922 162129 -693294 244783
1: 614922 169065 -772786 244783
3: 614922 -221085 -268821 244783
1: 614922 240669 -687820 244783
2: -614922 250563 -276647 244783
1: 614922 266805 -668168 244783
3: 614922 -315315 -334084 244783
1: 614922 371943 -617015 244783
1: 614922 412335 -604299 244783
4: -614922 -433653 928557 244783
4: -614922 -467313 896767 244783
3: 614922 -486387 -387940 244783
3: 614922 -487305 -388127 244783
1: 614922 574821 -571200 244783
1: 614922 637245 -562972 244783
4: -614922 -670191 772786 244783
3: 614922 -693693 -417605 244783
4: -614922 -722211 752216 244783
3: 614922 -751689 -422975 244783
3: 617342 -717409 -417605 244783
4: -617342 -717409 751689 244783
1: 617463 746691 -550256 244783
2: -619038 191607 -512435 244783
2: -619038 195657 -491810 244783
4: -619038 -444675 913308 244783
2: -619038 722211 219615 244783
3: 622908 -42483 677127 244783
3: 623084 -102487 -578 244783
3: 623084 -336743 -334662 244783
3: 623084 -584647 -396638 244783
4: -623084 -584647 806586 244783
1: 623662 512435 -576555 244783
3: 625974 -586971 -394196 244783
3: 629442 -307461 -313565 244783
3: 629563 -100793 19652 244783
1: 629816 717409 -545343 244783
2: -629816 717409 211259 244783
3: 630894 -518721 -378301 244783
2: -632247 250563 -282172 244783
3: 633199 -65219 298826 244783
3: 633556 -49247 550256 244783
3: 633556 -65219 299693 244783
2: -633556 185009 -550256 244783
1: 634887 737205 -540430 244783
3: 637549 -240737 -258808 244783
2: -641784 131769 -962948 244783
1: 642873 250563 -671132 244783
3: 642906 -250563 -260876 244783
1: 643603 102487 -967708 244783
1: 644204 273581 -653429 244783
1: 647108 191029 -734349 244783
4: -647108 -692155 734349 244783
1: 648516 307461 -631057 244783
3: 648516 -722211 -389983 244783
1: 648516 869601 -521752 244783
4: -648516 -922383 665448 244783
3: 651406 -102487 50286 244783
4: -651406 -775973 701403 244783
4: -657237 -922383 658342 244783
2: -661521 751689 204974 244783
4: -661794 -633777 746691 244783
1: 666831 552279 -546788 244783
1: 668168 100793 -983972 244783
3: 668168 -102487 78358 244783
3: 668168 -160391 -111804 244783
2: -668168 173393 -622545 244783
3: 668168 -244783 -227843 244783
1: 668168 248897 -665273 244783
2: -668168 248897 -297675 244783
1: 668168 389521 -586971 244783
2: -668168 551705 111804 244783
1: 668168 717409 -523629 244783
2: -668168 717409 189545 244783
4: -668168 -778855 686796 244783
2: -668168 791945 213906 244783
3: 669977 -584647 -354530 244783
4: -669977 -584647 764478 244783
2: -670824 195657 -501126 244783
2: -671006 938383 248897 244783
2: -673486 134827 -928557 244783
1: 673486 263857 -651406 244783
1: 673486 389851 -584647 244783
3: 673486 -492107 -334084 244783
1: 681751 167629 -769318 244783
3: 682907 -512435 -330582 244783
2: -687918 663255 158389 244783
4: -689554 -661507 712096 244783
1: 691152 131769 -859775 244783
1: 691152 751689 -508200 244783
4: -696696 -899079 633556 244783
1: 697312 366025 -584647 244783
3: 698054 -918731 -367356 244783
4: -698054 -918731 628232 244783
2: -699958 280841 -222530 244783
3: 702768 -66759 430899 244783
4: -702768 -420903 859775 244783
4: -702768 -663255 701386 244783
1: 702768 764841 -501126 244783
3: 706027 -326095 -247962 244783
1: 707472 195657 -718080 244783
3: 708092 -99127 158950 244783
3: 708092 -384659 -273105 244783
4: -708092 -384659 896189 244783
1: 710362 563255 -524535 244783
1: 713174 717409 -501126 244783
2: -713174 717409 167042 244783
2: -714714 250563 -304799 244783
3: 714747 -722211 -338470 244783
2: -717298 468391 30855 244783
3: 717409 -54043 664938 244783
3: 717409 -63679 501126 244783
3: 717409 -83521 282864 244783
3: 717409 -98413 176868 244783
3: 717409 -100067 167042 244783
1: 717409 154649 -795906 244783
3: 717409 -154649 -39304 244783
2: -717409 166859 -668168 244783
2: -717409 197197 -501126 244783
1: 717409 239003 -662388 244783
3: 717409 -239003 -172822 244783
1: 717409 244783 -656608 244783
2: -717409 244783 -322524 244783
3: 717409 -244783 -178602 244783
2: -717409 257873 -284954 244783
2: -717409 289289 -208658 244783
2: -717409 304759 -176868 244783
2: -717409 309881 -167042 244783
1: 717409 378301 -572254 244783
2: -717409 378301 -61302 244783
3: 717409 -378301 -262956 244783
4: -717409 -378301 896512 244783
2: -717409 398531 -36992 244783
4: -717409 -398531 872202 244783
2: -717409 405229 -29478 244783
4: -717409 -447083 822834 244783
4: -717409 -454597 816136 244783
2: -717409 478907 39304 244783
4: -717409 -478907 795906 244783
1: 717409 584647 -517672 244783
2: -717409 584647 107724 244783
3: 717409 -584647 -317538 244783
4: -717409 -584647 727486 244783
1: 717409 594473 -516018 244783
2: -717409 594473 112846 244783
3: 717409 -594473 -319192 244783
4: -717409 -594473 722364 244783
2: -717409 626263 128316 244783
4: -717409 -626263 706894 244783
1: 717409 700469 -501126 244783
3: 717409 -700469 -334084 244783
2: -717409 702559 159732 244783
4: -717409 -702559 675478 244783
2: -717409 740129 172822 244783
4: -717409 -740129 662388 244783
1: 717409 918731 -481284 244783
2: -717409 918731 220408 244783
3: 717409 -918731 -353926 244783
4: -717409 -918731 614802 244783
2: -717409 967861 230418 244783
4: -717409 -967861 604792 244783
4: -718454 -584647 726726 244783
1: 720071 584647 -516516 244783
2: -720071 584647 106568 244783
3: 722211 -132651 29282 244783
2: -722211 162129 -700106 244783
1: 722211 297297 -612986 244783
2: -722211 307461 -173094 244783
1: 722211 395307 -563856 244783
3: 722211 -467181 -288728 244783
4: -722211 -912219 612986 244783
3: 722211 -928557 -351384 244783
1: 726726 250563 -648879 244783
1: 729267 658845 -501126 244783
1: 732037 305525 -604758 244783
4: -732037 -920447 604758 244783
1: 734349 250563 -647108 244783
4: -734349 -751689 647108 244783
2: -735196 248897 -314432 244783
3: 736043 -725543 -324258 244783
3: 737154 -43923 962948 244783
3: 737239 -717409 -322524 244783
4: -737239 -717409 656608 244783
2: -741863 165473 -678810 244783
3: 745382 -83521 326095 244783
3: 746691 -44649 962948 244783
2: -746691 131043 -962948 244783
1: 746691 198891 -707472 244783
2: -746691 250563 -312228 244783
3: 746691 -312543 -206346 244783
2: -746691 337953 -127738 244783
4: -746691 -583737 707472 244783
1: 746691 751689 -482258 244783
2: -746691 917301 206346 244783
1: 747201 250563 -644204 244783
3: 751689 -67881 504504 244783
2: -751689 176001 -614922 244783
2: -751689 195657 -513106 244783
4: -751689 -307461 978712 244783
3: 751689 -316659 -204974 244783
2: -751689 349503 -111804 244783
1: 751689 467313 -529738 244783
1: 751689 497607 -521752 244783
2: -751689 515823 52756 244783
4: -751689 -549219 723338 244783
3: 751689 -734349 -315084 244783
4: -751689 -810579 618618 244783
2: -751689 921417 204974 244783
3: 751982 -417605 -251559 244783
1: 752267 272855 -623084 244783
3: 753032 -584647 -292820 244783
4: -753032 -584647 702768 244783
2: -753423 307461 -182070 244783
1: 754677 212415 -686664 244783
3: 754677 -978285 -334084 244783
3: 756602 -73205 446607 244783
2: -756602 240737 -343398 244783
2: -756602 496213 37268 244783
4: -756602 -496213 754677 244783
2: -756602 717409 147866 244783
4: -756602 -717409 644079 244783
2: -756756 228021 -384659 244783
3: 756976 -102487 206346 244783
1: 758912 908905 -462825 244783
2: -759759 250563 -315084 244783
1: 760001 608923 -495924 244783
1: 761332 378301 -557515 244783
2: -761332 378301 -76041 244783
3: 761332 -778855 -313854 244783
4: -761453 -580601 699380 244783
4: -761754 -751689 629563 244783
4: -763752 -922383 584647 244783
1: 766428 131769 -864654 244783
3: 769318 -65219 571064 244783
3: 769318 -83521 360591 244783
1: 769318 214291 -681751 244783
3: 769318 -214291 -97104 244783
2: -769318 326095 -153459 244783
4: -769318 -326095 932314 244783
2: -769318 417605 -34496 244783
4: -769318 -417605 813351 244783
1: 769318 584647 -496573 244783
2: -769318 584647 86625 244783
3: 769318 -584647 -282282 244783
4: -769318 -584647 692230 244783
2: -769318 605605 97104 244783
4: -769318 -605605 681751 244783
2: -769318 847847 180625 244783
4: -769318 -847847 598230 244783
4: -771239 -480491 756602 244783
4: -772191 -570999 697646 244783
1: 773024 304073 -594473 244783
4: -775098 -307461 960925 244783
3: 775973 -410669 -232356 244783
3: 775973 -594473 -279888 244783
4: -775973 -594473 683060 244783
3: 776254 -54043 782628 244783
3: 776254 -342551 -201586 244783
2: -776254 957473 201586 244783
3: 777546 -834537 -309519 244783
3: 780878 -544379 -267036 244783
1: 782144 300713 -594473 244783
3: 782628 -116739 162129 244783
1: 782628 283509 -607189 244783
3: 782628 -309519 -177276 244783
2: -782628 323085 -162129 244783
2: -782628 515865 41514 244783
1: 782628 751689 -467434 244783
4: -782628 -784635 607189 244783
1: 785862 746691 -466735 244783
3: 789096 -191607 -45254 244783
2: -789684 307461 -191607 244783
2: -790614 302379 -201433 244783
2: -790636 424589 -34391 244783
3: 790856 -230911 -100793 244783
2: -790993 326095 -159324 244783
3: 793408 -102487 250563 244783
3: 801262 -50225 918731 244783
2: -801262 135191 -918731 244783
3: 804287 -102487 262990 244783
2: -805728 751689 139755 244783
3: 805732 -270215 -130438 244783
3: 806344 -102487 265302 244783
3: 806344 -584647 -259908 244783
4: -806344 -584647 669856 244783
4: -806888 -326095 906015 244783
1: 810117 219615 -668168 244783
3: 811426 -240737 -96679 244783
3: 814572 -139755 103173 244783
2: -814572 195657 -520778 244783
3: 814572 -250563 -105105 244783
1: 814572 578985 -481474 244783
3: 814814 -248897 -103173 244783
2: -815558 512435 28203 244783
4: -817003 -417605 782628 244783
3: 817234 -349979 -178024 244783
1: 818202 250563 -629805 244783
3: 818244 -250563 -102487 244783
3: 819896 -199903 -34391 244783
1: 819896 240737 -640271 244783
2: -819896 240737 -355317 244783
2: -819896 524161 34391 244783
3: 819896 -576191 -250563 244783
1: 819896 594473 -476714 244783
2: -819896 594473 73542 244783
3: 820743 -131769 137564 244783
3: 822558 -103173 278817 244783
2: -825384 131769 -951048 244783
1: 825384 162129 -773311 244783
3: 825384 -244167 -90508 244783
3: 825384 -602943 -252637 244783
2: -825384 635481 90508 244783
4: -827118 -337953 874225 244783
3: 833206 -65219 668168 244783
3: 834537 -257397 -98260 244783
1: 834537 515865 -489090 244783
3: 841192 -113135 240737 244783
3: 842996 -102487 304606 244783
2: -843591 227601 -400554 244783
3: 847637 -918731 -279510 244783
4: -847637 -918731 540386 244783
2: -847847 200981 -501126 244783
4: -847847 -305473 915552 244783
3: 847847 -328015 -146234 244783
2: -847847 829141 146234 244783
1: 849178 240737 -635358 244783
2: -849178 240737 -360230 244783
1: 849178 528649 -481474 244783
1: 851683 717409 -446794 244783
2: -851683 717409 112710 244783
1: 854502 221085 -659736 244783
1: 857164 184093 -721633 244783
3: 859826 -637549 -240737 244783
3: 863819 -378301 -164696 244783
4: -863819 -378301 798252 244783
3: 864399 -866481 -267036 244783
3: 864688 -102487 326298 244783
2: -864688 366025 -119952 244783
1: 865997 717409 -442170 244783
1: 867867 131769 -869890 244783
2: -867867 250563 -335412 244783
3: 869601 -75867 568106 244783
2: -869601 395307 -86632 244783
2: -870474 751689 117502 244783
1: 874514 172039 -746691 244783
4: -874514 -421057 746691 244783
2: -875908 417605 -65219 244783
1: 882453 250563 -618772 244783
3: 882882 -515865 -203643 244783
3: 883762 -512435 -202300 244783
4: -887586 -291489 918731 244783
1: 893101 425957 -501126 244783
4: -894166 -629563 603568 244783
1: 895279 424589 -501126 244783
1: 895818 338997 -543048 244783
1: 898807 512435 -471648 244783
2: -899079 642873 70686 244783
1: 901306 584647 -453871 244783
2: -901306 584647 43923 244783
3: 902418 -127449 225709 244783
3: 903992 -102487 362950 244783
3: 906304 -102487 365007 244783
3: 907137 -307461 -98260 244783
1: 907742 171955 -745059 244783
3: 907742 -437815 -167042 244783
1: 907742 503965 -471648 244783
2: -908327 190333 -554302 244783
4: -909678 -658845 584647 244783
3: 910404 -604299 -210749 244783
3: 912084 -922383 -250852 244783
4: -914276 -289867 907137 244783
3: 918731 -100283 391314 244783
3: 918731 -102487 375886 244783
2: -918731 233801 -391314 244783
1: 918731 248897 -615146 244783
2: -918731 248897 -347802 244783
3: 918731 -248897 -37044 244783
4: -918731 -248897 999992 244783
1: 918731 289051 -574992 244783
3: 918731 -289051 -77198 244783
2: -918731 673897 77198 244783
4: -918731 -673897 574992 244783
1: 918731 701981 -428582 244783
3: 918731 -701981 -223608 244783
1: 918731 717409 -426378 244783
2: -918731 717409 92294 244783
3: 918731 -717409 -225812 244783
4: -918731 -717409 559896 244783
4: -919842 -746691 550256 244783
3: 920024 -938383 -248897 244783
3: 922383 -219351 4046 244783
1: 922383 245157 -619038 244783
3: 922383 -250563 -36918 244783
4: -922383 -276573 930580 244783
1: 922383 280041 -582386 244783
4: -922383 -328251 835210 244783
1: 922383 409101 -501126 244783
1: 922383 467313 -479162 244783
3: 922383 -522291 -186694 244783
2: -922383 894795 137564 244783
3: 926541 -250563 -34606 244783
2: -928557 243573 -363902 244783
4: -929038 -326095 835210 244783
3: 929764 -584647 -198198 244783
4: -929764 -584647 608146 244783
2: -934362 430899 -66759 244783
2: -934626 131769 -946186 244783
1: 934626 307461 -557192 244783
2: -934626 751689 98494 244783
4: -936938 -402325 734349 244783
1: 937024 594473 -442323 244783
2: -937024 594473 39151 244783
3: 938383 -980947 -244902 244783
1: 941562 698775 -422807 244783
1: 946341 722211 -418132 244783
1: 950334 107811 -997339 244783
4: -950334 -243573 997339 244783
2: -950334 250563 -347809 244783
1: 953122 270215 -586971 244783
3: 954074 -717409 -211259 244783
4: -954074 -717409 545343 244783
3: 955658 -143633 200277 244783
3: 962948 -93347 483153 244783
3: 962948 -102487 412318 244783
3: 962948 -152303 175692 244783
3: 962948 -177023 107712 244783
4: -962948 -270215 923714 244783
3: 962948 -278179 -44591 244783
3: 962948 -288827 -54417 244783
2: -962948 350053 -161755 244783
1: 962948 378301 -507111 244783
2: -962948 378301 -126445 244783
3: 962948 -453871 -147764 244783
3: 962948 -498883 -162503 244783
1: 962948 594473 -435842 244783
2: -962948 594473 32670 244783
1: 962948 653429 -424589 244783
3: 962948 -783959 -216546 244783
4: -966306 -314721 835499 244783
4: -966306 -602217 584647 244783
2: -966306 907137 127738 244783
2: -966966 250563 -350053 244783
1: 968968 693889 -416449 244783
1: 970662 411825 -489566 244783
4: -970662 -912951 489566 244783
3: 972774 -307461 -65331 244783
1: 972774 722211 -411279 244783
1: 973352 717409 -411825 244783
2: -973352 717409 77741 244783
3: 974512 -584647 -179685 244783
4: -974512 -584647 589633 244783
1: 975018 307461 -550256 244783
2: -975443 417605 -87846 244783
4: -976954 -447083 675444 244783
4: -976954 -847847 501126 244783
2: -977109 250563 -351384 244783
1: 979132 417605 -485331 244783
1: 979132 717409 -410380 244783
3: 979216 -336743 -83521 244783
1: 991837 417605 -482790 244783
1: 993531 250563 -603064 244783
3: 995588 -73931 722211 244783
2: -995588 148225 -805732 244783
2: -995588 160325 -722211 244783
3: 995588 -278663 -29478 244783
2: -995588 314237 -221085 244783
1: 995588 329329 -530604 244783
2: -995588 417605 -91875 244783
1: 995588 517517 -447083 244783
3: 995588 -584647 -171542 244783
4: -995588 -584647 581490 244783
4: -995588 -714175 530604 244783
3: 995588 -918731 -218589 244783
4: -995588 -918731 479465 244783
2: -997339 240737 -380666 244783
1: 998228 896189 -384659 244783
3: 999306 -570999 -167042 244783
