Command line:- ../do_t 247 1000000
1: 1 169 -38266 247
2: -1 169 36822 247
3: 1 -169 -571824 247
4: -1 -169 573268 247
1: 1 247 -122512 247
2: -1 247 121524 247
3: 1 -247 -487578 247
4: -1 -247 488566 247
1: 1 361 -180154 247
2: -1 361 179478 247
3: 1 -361 -429936 247
4: -1 -361 430612 247
1: 1 739 -244036 247
3: 1 -739 -366054 247
2: -1 743 244036 247
4: -1 -743 366054 247
1: 1 3211 -291004 247
2: -1 3211 290928 247
3: 1 -3211 -319086 247
4: -1 -3211 319162 247
1: 1 4693 -295438 247
2: -1 4693 295386 247
3: 1 -4693 -314652 247
4: -1 -4693 314704 247
1: 1 9607 -300352 247
3: 1 -9607 -309738 247
2: -1 9659 300352 247
4: -1 -9659 309738 247
1: 1 14041 -301834 247
3: 1 -14041 -308256 247
2: -1 14117 301834 247
4: -1 -14117 308256 247
1: 1 61009 -304306 247
2: -1 61009 304302 247
3: 1 -61009 -305784 247
4: -1 -61009 305788 247
1: 1 124891 -304684 247
3: 1 -124891 -305406 247
2: -1 125567 304684 247
4: -1 -125567 305406 247
1: 1 182533 -304798 247
3: 1 -182533 -305292 247
2: -1 183521 304798 247
4: -1 -183521 305292 247
1: 1 266779 -304876 247
3: 1 -266779 -305214 247
2: -1 268223 304876 247
4: -1 -268223 305214 247
2: -2 65 -197106 247
4: -2 -65 502151 247
1: 2 67 183027 247
3: 2 -67 -488072 247
2: -2 95 -86697 247
4: -2 -95 391742 247
1: 2 143 4693 247
3: 2 -143 -309738 247
4: -2 -149 305045 247
1: 2 169 -19494 247
2: -2 169 18050 247
3: 2 -169 -285551 247
4: -2 -169 286995 247
1: 2 209 -44954 247
3: 2 -209 -260091 247
1: 2 247 -61503 247
2: -2 247 60515 247
3: 2 -247 -243542 247
4: -2 -247 244530 247
1: 2 361 -90246 247
2: -2 361 89570 247
3: 2 -361 -214799 247
4: -2 -361 215475 247
1: 2 737 -122018 247
3: 2 -737 -183027 247
2: -2 745 122018 247
4: -2 -745 183027 247
2: -2 845 125628 247
4: -2 -845 179417 247
1: 2 871 -126711 247
3: 2 -871 -178334 247
2: -2 1235 134121 247
4: -2 -1235 170924 247
1: 2 1273 -134862 247
3: 2 -1273 -170183 247
2: -2 1805 139932 247
4: -2 -1805 165113 247
1: 2 1859 -140429 247
3: 2 -1859 -164616 247
2: -2 1937 140790 247
4: -2 -1937 164255 247
1: 2 2717 -144248 247
3: 2 -2717 -160797 247
2: -2 2831 144495 247
4: -2 -2831 160550 247
1: 2 3211 -145521 247
2: -2 3211 145445 247
3: 2 -3211 -159524 247
4: -2 -3211 159600 247
1: 2 3971 -146861 247
3: 2 -3971 -158184 247
1: 2 4693 -147732 247
2: -2 4693 147680 247
3: 2 -4693 -157313 247
4: -2 -4693 157365 247
1: 2 9581 -150176 247
3: 2 -9581 -154869 247
2: -2 9685 150176 247
4: -2 -9685 154869 247
1: 2 11323 -150537 247
3: 2 -11323 -154508 247
1: 2 14003 -150917 247
3: 2 -14003 -154128 247
2: -2 14155 150917 247
4: -2 -14155 154128 247
2: -2 16055 151107 247
4: -2 -16055 153938 247
1: 2 16549 -151164 247
3: 2 -16549 -153881 247
2: -2 23465 151554 247
4: -2 -23465 153491 247
1: 2 24187 -151593 247
3: 2 -24187 -153452 247
2: -2 25181 151620 247
4: -2 -25181 153425 247
1: 2 35321 -151886 247
3: 2 -35321 -153159 247
2: -2 36803 151905 247
4: -2 -36803 153140 247
1: 2 51623 -152087 247
3: 2 -51623 -152958 247
2: -2 53789 152100 247
4: -2 -53789 152945 247
1: 2 61009 -152154 247
2: -2 61009 152150 247
3: 2 -61009 -152891 247
4: -2 -61009 152895 247
1: 2 124553 -152342 247
3: 2 -124553 -152703 247
2: -2 125905 152342 247
4: -2 -125905 152703 247
1: 2 182039 -152399 247
3: 2 -182039 -152646 247
2: -2 184015 152399 247
4: -2 -184015 152646 247
1: 2 215137 -152418 247
3: 2 -215137 -152627 247
1: 2 266057 -152438 247
3: 2 -266057 -152607 247
2: -2 268945 152438 247
4: -2 -268945 152607 247
2: -2 305045 152448 247
4: -2 -305045 152597 247
1: 2 314431 -152451 247
3: 2 -314431 -152594 247
2: -2 478439 152475 247
4: -2 -478439 152570 247
1: 2 671099 -152489 247
3: 2 -671099 -152556 247
2: -2 699257 152490 247
4: -2 -699257 152555 247
1: 3 21 610090 247
1: 3 39 281580 247
1: 3 57 160550 247
3: 3 -105 -244036 247
2: -3 117 -28158 247
2: -3 171 12844 247
3: 3 -195 -178334 247
1: 3 273 -46930 247
3: 3 -285 -154128 247
1: 3 399 -64220 247
1: 3 507 -72200 247
3: 3 -735 -122018 247
1: 3 741 -81510 247
4: -3 -747 122018 247
1: 3 1083 -87880 247
3: 3 -1365 -112632 247
2: -3 1521 91694 247
1: 3 1911 -93860 247
3: 3 -1995 -109174 247
2: -3 2223 94848 247
3: 3 -2535 -107578 247
1: 3 2793 -96330 247
2: -3 3249 97006 247
1: 3 3549 -97470 247
3: 3 -3705 -105716 247
1: 3 5187 -98800 247
3: 3 -5415 -104442 247
1: 3 7581 -99710 247
3: 3 -9555 -103246 247
1: 3 9633 -100130 247
4: -3 -9711 103246 247
3: 3 -13965 -102752 247
1: 3 14079 -100620 247
4: -3 -14193 102752 247
3: 3 -17745 -102524 247
1: 3 24843 -101080 247
3: 3 -25935 -102258 247
2: -3 28899 101156 247
1: 3 36309 -101270 247
3: 3 -37905 -102076 247
2: -3 42237 101322 247
3: 3 -48165 -101992 247
1: 3 53067 -101400 247
1: 3 67431 -101460 247
3: 3 -70395 -101894 247
1: 3 98553 -101530 247
3: 3 -124215 -101802 247
4: -3 -126243 101802 247
3: 3 -181545 -101764 247
1: 3 183027 -101600 247
4: -3 -184509 101764 247
3: 3 -265335 -101738 247
4: -3 -269667 101738 247
3: 3 -337155 -101726 247
1: 3 472017 -101650 247
3: 3 -492765 -101712 247
2: -3 549081 101654 247
1: 3 689871 -101660 247
3: 3 -915135 -101698 247
1: 4 13 783731 247
2: -4 13 -802503 247
3: 4 -19 -664677 247
4: -4 -19 677521 247
4: -4 -91 201799 247
4: -4 -107 183027 247
2: -4 133 -9633 247
1: 4 169 -10108 247
2: -4 169 8664 247
3: 4 -247 -121524 247
4: -4 -247 122512 247
1: 4 361 -45292 247
2: -4 361 44616 247
1: 4 733 -61009 247
2: -4 749 61009 247
4: -4 -1183 85918 247
4: -4 -1391 84474 247
2: -4 1729 69654 247
2: -4 2033 70642 247
4: -4 -2527 80782 247
3: 4 -3211 -79743 247
4: -4 -3211 79819 247
1: 4 4693 -73879 247
2: -4 4693 73827 247
1: 4 9529 -75088 247
2: -4 9737 75088 247
3: 4 -13927 -77064 247
4: -4 -14231 77064 247
4: -4 -18083 76893 247
2: -4 22477 75753 247
2: -4 26429 75829 247
4: -4 -32851 76609 247
4: -4 -38627 76557 247
1: 4 61009 -76078 247
2: -4 61009 76074 247
1: 4 123877 -76171 247
2: -4 126581 76171 247
3: 4 -181051 -76323 247
4: -4 -185003 76323 247
1: 4 264613 -76219 247
2: -4 270389 76219 247
2: -4 343577 76228 247
4: -4 -427063 76288 247
4: -4 -502151 76284 247
2: -6 39 -145483 247
2: -6 57 -83486 247
2: -6 507 35739 247
3: 6 -729 -61009 247
2: -6 741 40508 247
4: -6 -753 61009 247
2: -6 1083 43771 247
3: 6 -9477 -51623 247
2: -6 9633 50046 247
4: -6 -9789 51623 247
3: 6 -13851 -51376 247
2: -6 14079 50297 247
4: -6 -14307 51376 247
3: 6 -123201 -50901 247
4: -6 -127257 50901 247
3: 6 -180063 -50882 247
2: -6 183027 50799 247
4: -6 -185991 50882 247
3: 6 -263169 -50869 247
4: -6 -271833 50869 247
2: -7 95 -25688 247
1: 7 361 -26026 247
2: -7 361 25350 247
4: -7 -1235 48906 247
4: -7 -1963 46930 247
3: 7 -4693 -44928 247
4: -7 -4693 44980 247
2: -7 16055 43168 247
2: -7 25519 43320 247
1: 7 61009 -43474 247
2: -7 61009 43470 247
3: 7 -262447 -43602 247
4: -7 -272555 43602 247
1: 8 25 183027 247
1: 8 65 46930 247
3: 8 -95 -96330 247
1: 8 169 -5415 247
2: -8 169 3971 247
3: 8 -247 -60515 247
4: -8 -247 61503 247
1: 8 361 -22815 247
2: -8 361 22139 247
1: 8 377 -23465 247
3: 8 -551 -48165 247
1: 8 4225 -36822 247
3: 8 -6175 -39026 247
1: 8 9025 -37518 247
1: 8 9425 -37544 247
2: -8 9841 37544 247
3: 8 -13775 -38532 247
4: -8 -14383 38532 247
3: 8 -16055 -38475 247
1: 8 23465 -37895 247
1: 8 24505 -37905 247
3: 8 -35815 -38285 247
1: 8 52345 -38025 247
1: 8 61009 -38040 247
2: -8 61009 38036 247
3: 8 -93119 -38190 247
1: 8 136097 -38090 247
2: -9 33 -122018 247
3: 9 -39 -159562 247
4: -9 -507 44042 247
2: -9 627 25688 247
3: 9 -741 -40508 247
2: -9 897 28158 247
4: -9 -9633 34428 247
2: -9 11913 33462 247
3: 9 -14079 -34242 247
2: -9 17043 33592 247
3: 9 -122187 -33934 247
4: -9 -128271 33934 247
4: -9 -183027 33922 247
2: -9 323817 33878 247
3: 11 -19 -237614 247
4: -11 -19 250458 247
2: -11 91 -18772 247
2: -11 2071 25688 247
4: -11 -2527 29406 247
3: 11 -9347 -28158 247
4: -11 -9919 28158 247
1: 11 61009 -27666 247
2: -11 61009 27662 247
1: 11 259559 -27716 247
2: -11 275443 27716 247
2: -12 45 -61009 247
1: 12 57 38532 247
4: -12 -171 48165 247
2: -12 585 18772 247
1: 12 741 -20501 247
2: -12 1989 23465 247
4: -12 -2223 27170 247
2: -12 7605 24909 247
1: 12 9633 -25042 247
3: 12 -13623 -25688 247
4: -12 -14535 25688 247
2: -12 16245 25181 247
2: -12 25857 25270 247
4: -12 -28899 25555 247
2: -12 55233 25350 247
3: 12 -177099 -25441 247
4: -12 -188955 25441 247
2: -12 211185 25402 247
2: -12 718029 25415 247
1: 13 5 647634 247
3: 13 -5 -694564 247
1: 13 11 281580 247
3: 13 -11 -328510 247
1: 13 19 153140 247
2: -13 19 -165984 247
3: 13 -19 -200070 247
4: -13 -19 212914 247
1: 13 55 37544 247
3: 13 -55 -84474 247
2: -13 59 -37544 247
4: -13 -59 84474 247
1: 13 95 11856 247
3: 13 -95 -58786 247
1: 13 169 -3610 247
2: -13 169 2166 247
3: 13 -169 -43320 247
4: -13 -169 44764 247
1: 13 209 -7410 247
3: 13 -209 -39520 247
1: 13 361 -14170 247
2: -13 361 13494 247
3: 13 -361 -32760 247
4: -13 -361 33436 247
1: 13 845 -19494 247
3: 13 -845 -27436 247
1: 13 1045 -20254 247
3: 13 -1045 -26676 247
2: -13 1121 20254 247
4: -13 -1121 26676 247
1: 13 1805 -21606 247
3: 13 -1805 -25324 247
1: 13 1859 -21660 247
3: 13 -1859 -25270 247
1: 13 3211 -22420 247
2: -13 3211 22344 247
3: 13 -3211 -24510 247
4: -13 -3211 24586 247
1: 13 3971 -22620 247
3: 13 -3971 -24310 247
1: 13 9295 -23104 247
3: 13 -9295 -23826 247
2: -13 9971 23104 247
4: -13 -9971 23826 247
1: 13 16055 -23256 247
3: 13 -16055 -23674 247
1: 13 19855 -23296 247
3: 13 -19855 -23634 247
2: -13 21299 23296 247
4: -13 -21299 23634 247
1: 13 35321 -23370 247
3: 13 -35321 -23560 247
1: 13 61009 -23410 247
2: -13 61009 23406 247
3: 13 -61009 -23520 247
4: -13 -61009 23524 247
1: 13 176605 -23446 247
3: 13 -176605 -23484 247
2: -13 189449 23446 247
4: -13 -189449 23484 247
1: 13 305045 -23454 247
3: 13 -305045 -23476 247
1: 13 671099 -23460 247
3: 13 -671099 -23470 247
3: 14 -31 -122018 247
1: 14 361 -13182 247
2: -14 361 12506 247
1: 14 403 -14079 247
3: 14 -437 -28899 247
3: 14 -4693 -22451 247
4: -14 -4693 22503 247
3: 14 -5239 -22382 247
1: 14 5681 -21242 247
1: 14 61009 -21738 247
2: -14 61009 21734 247
3: 14 -73853 -21831 247
3: 14 -257393 -21801 247
4: -14 -277609 21801 247
1: 16 9217 -18772 247
2: -16 10049 18772 247
3: 16 -13471 -19266 247
4: -16 -14687 19266 247
1: 16 61009 -19021 247
2: -16 61009 19017 247
1: 17 19 115596 247
2: -17 19 -128440 247
2: -17 325 9386 247
3: 17 -1919 -19266 247
3: 17 -3211 -18734 247
4: -17 -3211 18810 247
4: -17 -9025 18252 247
4: -17 -26195 18050 247
1: 17 324311 -17936 247
2: -17 727415 17940 247
4: -18 -39 84474 247
1: 18 195 -4693 247
3: 18 -507 -21660 247
4: -18 -741 20501 247
4: -18 -1443 18772 247
1: 18 2679 -16055 247
4: -18 -3549 17689 247
1: 18 3705 -16302 247
3: 18 -9633 -17195 247
4: -18 -14079 17134 247
4: -18 -27417 17043 247
1: 18 50901 -16900 247
4: -18 -67431 16986 247
1: 18 70395 -16913 247
3: 18 -119145 -16967 247
4: -18 -131313 16967 247
3: 18 -183027 -16960 247
4: -18 -520923 16952 247
1: 19 13 157586 247
2: -19 13 -176358 247
3: 19 -13 -189696 247
4: -19 -13 208468 247
1: 19 37 44954 247
3: 19 -37 -77064 247
2: -19 41 -44954 247
4: -19 -41 77064 247
1: 19 169 -2698 247
2: -19 169 1254 247
3: 19 -169 -29412 247
4: -19 -169 30856 247
1: 19 361 -9802 247
2: -19 361 9126 247
3: 19 -361 -22308 247
4: -19 -361 22984 247
1: 19 481 -11362 247
3: 19 -481 -20748 247
2: -19 533 11362 247
4: -19 -533 20748 247
1: 19 4693 -15574 247
2: -19 4693 15522 247
3: 19 -4693 -16536 247
4: -19 -4693 16588 247
1: 19 6253 -15694 247
3: 19 -6253 -16416 247
2: -19 6929 15694 247
4: -19 -6929 16416 247
1: 19 13357 -15886 247
3: 19 -13357 -16224 247
2: -19 14801 15886 247
4: -19 -14801 16224 247
1: 19 61009 -16018 247
2: -19 61009 16014 247
3: 19 -61009 -16092 247
4: -19 -61009 16096 247
1: 19 173641 -16042 247
3: 19 -173641 -16068 247
2: -19 192413 16042 247
4: -19 -192413 16068 247
1: 21 39 37544 247
2: -21 126711 14508 247
3: 21 -252339 -14534 247
4: -21 -282663 14534 247
3: 22 -19 -115596 247
4: -22 -19 128440 247
3: 22 -41 -61009 247
2: -22 1235 12103 247
3: 22 -4199 -14326 247
3: 22 -9061 -14079 247
4: -22 -10205 14079 247
1: 22 61009 -13834 247
2: -22 61009 13830 247
1: 22 131651 -13851 247
1: 22 251617 -13858 247
2: -22 283385 13858 247
4: -22 -504127 13870 247
1: 23 4693 -12870 247
2: -23 4693 12818 247
1: 23 16055 -13148 247
1: 23 652327 -13260 247
1: 24 9 183027 247
2: -24 57 -22477 247
3: 24 -1287 -14079 247
1: 24 1521 -11552 247
1: 24 3249 -12168 247
2: -24 9633 12502 247
3: 24 -13167 -12844 247
4: -24 -14991 12844 247
1: 24 15561 -12597 247
3: 24 -464607 -12714 247
1: 24 549081 -12707 247
1: 26 19 73359 247
2: -26 19 -86203 247
3: 26 -19 -96824 247
4: -26 -19 109668 247
1: 26 53 18772 247
3: 26 -53 -42237 247
2: -26 61 -18772 247
4: -26 -61 42237 247
1: 26 169 -2166 247
2: -26 169 722 247
3: 26 -169 -21299 247
4: -26 -169 22743 247
1: 26 361 -7254 247
2: -26 361 6578 247
3: 26 -361 -16211 247
4: -26 -361 16887 247
1: 26 1007 -10127 247
3: 26 -1007 -13338 247
2: -26 1159 10127 247
4: -26 -1159 13338 247
1: 26 3211 -11229 247
2: -26 3211 11153 247
3: 26 -3211 -12236 247
4: -26 -3211 12312 247
1: 26 8957 -11552 247
3: 26 -8957 -11913 247
2: -26 10309 11552 247
4: -26 -10309 11913 247
1: 26 19133 -11648 247
3: 26 -19133 -11817 247
2: -26 22021 11648 247
4: -26 -22021 11817 247
1: 26 61009 -11706 247
2: -26 61009 11702 247
3: 26 -61009 -11759 247
4: -26 -61009 11763 247
1: 26 170183 -11723 247
3: 26 -170183 -11742 247
2: -26 195871 11723 247
4: -26 -195871 11742 247
4: -27 -3 610090 247
3: 27 -57 -38532 247
2: -27 915135 11296 247
1: 28 361 -6760 247
2: -28 361 6084 247
3: 28 -1235 -12103 247
1: 28 23153 -10830 247
1: 28 61009 -10870 247
2: -28 61009 10866 247
2: -29 11609 10374 247
2: -29 54587 10488 247
3: 31 -13 -112632 247
4: -31 -13 131404 247
1: 31 3211 -9424 247
2: -31 3211 9348 247
1: 31 35017 -9802 247
2: -32 65 -14079 247
4: -32 -95 25688 247
4: -32 -1183 10830 247
2: -32 1729 8645 247
4: -32 -2527 10140 247
1: 32 8801 -9386 247
2: -32 10465 9386 247
3: 32 -12863 -9633 247
4: -32 -15295 9633 247
2: -32 112385 9519 247
4: -32 -164255 9542 247
2: -33 3 -488072 247
3: 33 -8775 -9386 247
4: -33 -10491 9386 247
1: 34 19 54587 247
2: -34 19 -67431 247
3: 34 -3211 -9348 247
4: -34 -3211 9424 247
3: 36 -39 -37544 247
4: -36 -507 11191 247
3: 36 -14079 -8554 247
4: -36 -183027 8481 247
3: 37 -7163 -8398 247
1: 37 8303 -8112 247
1: 38 5 205504 247
3: 38 -5 -221559 247
1: 38 7 144495 247
3: 38 -7 -160550 247
1: 38 13 74100 247
2: -38 13 -92872 247
3: 38 -13 -90155 247
4: -38 -13 108927 247
1: 38 35 22477 247
3: 38 -35 -38532 247
2: -38 43 -22477 247
4: -38 -43 38532 247
1: 38 65 8398 247
3: 38 -65 -24453 247
1: 38 91 3705 247
3: 38 -91 -19760 247
1: 38 169 -1710 247
2: -38 169 266 247
3: 38 -169 -14345 247
4: -38 -169 15789 247
1: 38 361 -5070 247
2: -38 361 4394 247
3: 38 -361 -10985 247
4: -38 -361 11661 247
1: 38 455 -5681 247
3: 38 -455 -10374 247
2: -38 559 5681 247
4: -38 -559 10374 247
1: 38 845 -6764 247
3: 38 -845 -9291 247
1: 38 1183 -7125 247
3: 38 -1183 -8930 247
1: 38 1805 -7436 247
3: 38 -1805 -8619 247
1: 38 2527 -7605 247
3: 38 -2527 -8450 247
1: 38 4693 -7800 247
2: -38 4693 7748 247
3: 38 -4693 -8255 247
4: -38 -4693 8307 247
1: 38 5915 -7847 247
3: 38 -5915 -8208 247
2: -38 7267 7847 247
4: -38 -7267 8208 247
1: 38 12635 -7943 247
3: 38 -12635 -8112 247
2: -38 15523 7943 247
4: -38 -15523 8112 247
1: 38 23465 -7982 247
3: 38 -23465 -8073 247
1: 38 32851 -7995 247
3: 38 -32851 -8060 247
1: 38 61009 -8010 247
2: -38 61009 8006 247
3: 38 -61009 -8045 247
4: -38 -61009 8049 247
1: 38 164255 -8021 247
3: 38 -164255 -8034 247
2: -38 201799 8021 247
4: -38 -201799 8034 247
1: 38 305045 -8024 247
3: 38 -305045 -8031 247
1: 38 427063 -8025 247
3: 38 -427063 -8030 247
1: 39 3 337896 247
4: -39 -9 150176 247
3: 39 -51 -28158 247
1: 39 57 10374 247
4: -39 -63 28158 247
4: -39 -171 15314 247
1: 39 507 -5776 247
3: 39 -969 -8892 247
1: 39 1083 -6864 247
4: -39 -1197 8892 247
4: -39 -1521 8664 247
4: -39 -3249 8216 247
3: 39 -8619 -7942 247
1: 39 9633 -7714 247
4: -39 -10647 7942 247
3: 39 -18411 -7878 247
4: -39 -22743 7878 247
4: -39 -28899 7866 247
3: 39 -163761 -7828 247
1: 39 183027 -7816 247
4: -39 -202293 7828 247
4: -39 -549081 7824 247
1: 41 237899 -7436 247
2: -41 297103 7436 247
2: -42 39 -23465 247
3: 42 -171 -12844 247
2: -42 1425 6422 247
4: -42 -8151 7410 247
2: -42 27885 7220 247
3: 42 -28899 -7296 247
4: -42 -70395 7280 247
3: 42 -237177 -7267 247
2: -42 240825 7258 247
4: -42 -297825 7267 247
3: 43 -236455 -7098 247
4: -43 -298547 7098 247
3: 44 -19 -54587 247
4: -44 -19 67431 247
1: 44 61009 -6918 247
2: -44 61009 6914 247
1: 44 235733 -6929 247
2: -44 299269 6929 247
1: 46 1 854126 247
4: -46 -91 18772 247
2: -46 323 3211 247
1: 46 4693 -6448 247
2: -46 4693 6396 247
2: -46 8281 6498 247
1: 46 21299 -6591 247
4: -46 -29393 6669 247
4: -46 -427063 6634 247
1: 47 12293 -6422 247
2: -47 15865 6422 247
3: 47 -109343 -6498 247
4: -47 -141115 6498 247
3: 48 -15 -61009 247
4: -48 -351 9386 247
1: 48 9633 -6270 247
3: 48 -12255 -6422 247
4: -48 -15903 6422 247
3: 48 -915135 -6356 247
3: 49 -4693 -6396 247
4: -49 -4693 6448 247
1: 51 3249 -5746 247
1: 52 1 741494 247
2: -52 1 -985530 247
2: -52 5 -192413 247
3: 52 -7 -112632 247
3: 52 -19 -45201 247
4: -52 -19 58045 247
1: 52 49 9386 247
4: -52 -95 16302 247
1: 52 133 -247 247
1: 52 169 -1444 247
1: 52 361 -3796 247
2: -52 361 3120 247
3: 52 -931 -6669 247
3: 52 -1183 -6498 247
2: -52 1805 5317 247
2: -52 2197 5415 247
3: 52 -2527 -6162 247
3: 52 -3211 -6099 247
1: 52 8281 -5776 247
2: -52 10985 5776 247
1: 52 17689 -5824 247
1: 52 22477 -5833 247
4: -52 -41743 5890 247
1: 52 61009 -5854 247
3: 52 -157339 -5871 247
4: -52 -208715 5871 247
3: 52 -427063 -5868 247
2: -52 793117 5865 247
4: -53 -1463 6422 247
3: 54 -3 -244036 247
4: -54 -57 22477 247
1: 56 361 -3549 247
2: -56 361 2873 247
3: 56 -703 -6422 247
1: 56 61009 -5436 247
2: -56 61009 5432 247
3: 56 -118807 -5453 247
1: 57 3 218348 247
2: -57 9 -96330 247
3: 57 -33 -25688 247
1: 57 39 11856 247
4: -57 -45 25688 247
2: -57 117 -2470 247
3: 57 -429 -6916 247
1: 57 507 -4028 247
4: -57 -585 6916 247
1: 57 1083 -4732 247
2: -57 1521 4750 247
2: -57 3249 5070 247
3: 57 -5577 -5472 247
4: -57 -7605 5472 247
3: 57 -11913 -5408 247
1: 57 14079 -5304 247
4: -57 -16245 5408 247
2: -57 42237 5330 247
3: 57 -154869 -5356 247
1: 57 183027 -5348 247
4: -57 -211185 5356 247
2: -57 549081 5350 247
3: 58 -4225 -5415 247
3: 58 -117325 -5265 247
1: 59 285779 -5168 247
3: 61 -169 -8664 247
4: -61 -169 10108 247
3: 62 -13 -51623 247
4: -62 -13 70395 247
1: 62 3211 -4731 247
2: -62 3211 4655 247
4: -62 -42731 4940 247
4: -63 -507 6498 247
1: 63 5415 -4732 247
1: 64 7969 -4693 247
2: -64 11297 4693 247
1: 66 3 183027 247
1: 66 399 -3211 247
3: 66 -7917 -4693 247
4: -66 -11349 4693 247
4: -66 -42237 4641 247
3: 67 -361 -6084 247
4: -67 -361 6760 247
2: -67 845 3610 247
4: -67 -112385 4560 247
3: 68 -3211 -4655 247
4: -68 -3211 4731 247
1: 68 13585 -4446 247
1: 68 567853 -4485 247
2: -69 507 2888 247
4: -72 -39 23465 247
4: -72 -14079 4290 247
2: -72 63897 4225 247
3: 73 -382109 -4180 247
4: -74 -133 9633 247
2: -74 596011 4121 247
1: 76 1 468806 247
2: -76 1 -712842 247
1: 76 13 32357 247
2: -76 13 -51129 247
3: 76 -31 -19266 247
4: -76 -47 19266 247
1: 76 169 -1216 247
2: -76 169 -228 247
1: 76 361 -2704 247
2: -76 361 2028 247
3: 76 -403 -5187 247
4: -76 -611 5187 247
1: 76 4693 -3913 247
2: -76 4693 3861 247
3: 76 -5239 -4104 247
4: -76 -7943 4104 247
3: 76 -11191 -4056 247
4: -76 -16967 4056 247
1: 76 61009 -4006 247
2: -76 61009 4002 247
3: 76 -145483 -4017 247
4: -76 -220571 4017 247
1: 77 61009 -3954 247
2: -77 61009 3950 247
2: -78 3 -229957 247
1: 78 9 46930 247
3: 78 -45 -14079 247
2: -78 57 -8398 247
4: -78 -69 14079 247
1: 78 171 -1235 247
2: -78 507 2527 247
3: 78 -855 -4446 247
2: -78 1083 3263 247
4: -78 -1311 4446 247
1: 78 1521 -3610 247
1: 78 3249 -3770 247
3: 78 -7605 -3971 247
2: -78 9633 3838 247
4: -78 -11661 3971 247
3: 78 -16245 -3939 247
4: -78 -24909 3939 247
1: 78 28899 -3895 247
3: 78 -144495 -3914 247
2: -78 183027 3907 247
4: -78 -221559 3914 247
1: 78 549081 -3910 247
4: -79 -7657 3952 247
3: 79 -671099 -3862 247
4: -81 -1083 4394 247
4: -82 -65 14079 247
4: -82 -16055 3762 247
2: -82 44707 3705 247
1: 82 208297 -3718 247
2: -82 326705 3718 247
3: 86 -205409 -3549 247
4: -86 -329593 3549 247
4: -86 -671099 3548 247
2: -88 2489 3211 247
4: -88 -2527 3718 247
1: 88 61009 -3460 247
2: -88 61009 3456 247
1: 91 361 -2314 247
2: -91 361 1638 247
1: 91 15523 -3328 247
2: -91 25631 3328 247
1: 91 61009 -3346 247
2: -91 61009 3342 247
1: 92 1 366054 247
2: -92 1 -610090 247
1: 92 4693 -3237 247
2: -92 4693 3185 247
2: -92 868205 3315 247
1: 94 10507 -3211 247
2: -94 17651 3211 247
3: 94 -93457 -3249 247
4: -94 -157001 3249 247
3: 94 -427063 -3246 247
2: -96 9633 3116 247
3: 96 -10431 -3211 247
4: -96 -17727 3211 247
3: 98 -4693 -3185 247
4: -98 -4693 3237 247
3: 99 -9633 -3116 247
2: -101 10127 2964 247
4: -102 -2565 3211 247
2: -102 886977 2990 247
3: 103 -132145 -2964 247
4: -103 -233909 2964 247
1: 104 1 309738 247
2: -104 1 -553774 247
1: 104 41 4693 247
2: -104 73 -4693 247
1: 104 169 -1083 247
2: -104 169 -361 247
1: 104 361 -2067 247
2: -104 361 1391 247
1: 104 6929 -2888 247
2: -104 12337 2888 247
1: 104 14801 -2912 247
2: -104 26353 2912 247
1: 104 61009 -2928 247
2: -104 61009 2924 247
2: -107 613301 2850 247
4: -108 -3 183027 247
2: -108 154869 2821 247
3: 112 -143 -4693 247
1: 112 61009 -2719 247
2: -112 61009 2715 247
2: -114 3 -170183 247
3: 114 -27 -12844 247
2: -114 39 -10621 247
4: -114 -51 12844 247
3: 114 -351 -3458 247
2: -114 507 1653 247
4: -114 -663 3458 247
2: -114 1083 2197 247
3: 114 -4563 -2736 247
4: -114 -8619 2736 247
3: 114 -9747 -2704 247
2: -114 14079 2639 247
4: -114 -18411 2704 247
3: 114 -126711 -2678 247
2: -114 183027 2673 247
4: -114 -239343 2678 247
4: -117 -75 9386 247
4: -117 -507 3610 247
4: -117 -1425 2964 247
4: -117 -9633 2660 247
4: -117 -27075 2626 247
4: -117 -183027 2610 247
1: 118 23465 -2574 247
3: 122 -169 -3971 247
4: -122 -169 5415 247
2: -123 1083 2028 247
1: 123 24453 -2470 247
3: 124 -323 -3211 247
4: -124 -7267 2527 247
1: 124 79781 -2457 247
3: 126 -507 -2888 247
3: 129 -174363 -2366 247
4: -129 -360639 2366 247
2: -131 2873 2166 247
4: -132 -195 4693 247
1: 132 1521 -2166 247
1: 133 25 6422 247
2: -133 53 -6422 247
3: 133 -325 -2964 247
1: 133 361 -1690 247
2: -133 361 1014 247
4: -133 -689 2964 247
1: 133 4225 -2242 247
3: 133 -4693 -2340 247
4: -133 -4693 2392 247
2: -133 8957 2242 247
1: 133 61009 -2290 247
2: -133 61009 2286 247
3: 134 -361 -2873 247
4: -134 -361 3549 247
1: 136 215137 -2242 247
1: 138 507 -1805 247
1: 138 436449 -2210 247
2: -141 14079 2132 247
3: 141 -77571 -2166 247
4: -141 -172887 2166 247
4: -142 -9025 2197 247
3: 143 -19 -12350 247
4: -143 -19 25194 247
3: 143 -2527 -2210 247
3: 143 -5915 -2166 247
4: -143 -13351 2166 247
1: 143 61009 -2130 247
2: -143 61009 2126 247
4: -144 -399 3211 247
3: 144 -14079 -2132 247
4: -144 -689871 2119 247
4: -147 -28899 2090 247
4: -151 -53789 2028 247
1: 152 1 173394 247
2: -152 1 -417430 247
3: 152 -23 -9633 247
4: -152 -55 9633 247
2: -152 65 -4446 247
4: -152 -143 4940 247
1: 152 169 -969 247
2: -152 169 -475 247
1: 152 361 -1521 247
2: -152 361 845 247
3: 152 -3887 -2052 247
3: 152 -8303 -2028 247
4: -152 -9295 2052 247
4: -152 -19855 2028 247
2: -152 23465 1989 247
4: -152 -51623 2015 247
1: 152 61009 -2004 247
2: -152 61009 2000 247
1: 154 61009 -1978 247
2: -154 61009 1974 247
1: 156 57 988 247
3: 156 -627 -2223 247
4: -156 -1539 2223 247
1: 156 9633 -1938 247
3: 156 -105963 -1957 247
4: -156 -260091 1957 247
3: 162 -1083 -2028 247
1: 164 149093 -1859 247
2: -164 385909 1859 247
1: 168 13689 -1805 247
1: 169 1 143678 247
2: -169 1 -387714 247
3: 169 -1 -147288 247
4: -169 -1 391324 247
3: 169 -13 -12996 247
4: -169 -13 31768 247
1: 169 19 5852 247
2: -169 19 -18696 247
3: 169 -19 -9462 247
4: -169 -19 22306 247
1: 169 31 2888 247
3: 169 -31 -6498 247
2: -169 83 -2888 247
4: -169 -83 6498 247
1: 169 247 -1216 247
2: -169 247 228 247
3: 169 -247 -2394 247
4: -169 -247 3382 247
1: 169 361 -1402 247
2: -169 361 726 247
3: 169 -361 -2208 247
4: -169 -361 2884 247
1: 169 403 -1444 247
3: 169 -403 -2166 247
1: 169 589 -1558 247
3: 169 -589 -2052 247
2: -169 1079 1444 247
4: -169 -1079 2166 247
2: -169 1577 1558 247
4: -169 -1577 2052 247
1: 169 4693 -1774 247
2: -169 4693 1722 247
3: 169 -4693 -1836 247
4: -169 -4693 1888 247
1: 169 7657 -1786 247
3: 169 -7657 -1824 247
1: 169 11191 -1792 247
3: 169 -11191 -1818 247
2: -169 20501 1786 247
4: -169 -20501 1824 247
2: -169 29963 1792 247
4: -169 -29963 1818 247
1: 169 145483 -1804 247
3: 169 -145483 -1806 247
2: -169 389519 1804 247
4: -169 -389519 1806 247
3: 171 -39 -5434 247
4: -171 -507 2546 247
3: 171 -3549 -1824 247
3: 171 -14079 -1794 247
2: -172 8645 1729 247
1: 176 61009 -1731 247
2: -176 61009 1727 247
3: 178 -8645 -1729 247
1: 178 35321 -1710 247
4: -182 -17 23465 247
2: -182 95 -2223 247
1: 182 361 -1326 247
2: -182 361 650 247
4: -182 -2873 1805 247
1: 182 10469 -1664 247
2: -182 16055 1653 247
2: -182 30685 1664 247
1: 182 61009 -1674 247
2: -182 61009 1670 247
3: 183 -5415 -1690 247
2: -183 126711 1664 247
1: 184 1 122018 247
2: -184 1 -366054 247
4: -189 -3 122018 247
1: 192 9633 -1577 247
1: 198 5415 -1521 247
4: -198 -9633 1577 247
1: 199 1183 -1444 247
4: -199 -314431 1534 247
3: 206 -81263 -1482 247
4: -206 -284791 1482 247
4: -207 -40755 1482 247
1: 208 1 93860 247
2: -208 1 -337896 247
3: 208 -95 -2470 247
1: 208 4225 -1444 247
1: 208 9025 -1456 247
2: -208 15041 1444 247
2: -208 32129 1456 247
1: 208 61009 -1465 247
2: -208 61009 1461 247
1: 209 61009 -1458 247
2: -209 61009 1454 247
1: 211 53911 -1444 247
2: -211 196547 1444 247
3: 213 -7605 -1444 247
1: 213 42237 -1430 247
1: 218 1805 -1352 247
1: 221 19 2964 247
2: -221 19 -15808 247
3: 221 -3211 -1406 247
3: 223 -947245 -1368 247
3: 228 -15 -6422 247
4: -228 -63 6422 247
3: 228 -195 -1729 247
4: -228 -819 1729 247
3: 228 -2535 -1368 247
3: 228 -5415 -1352 247
4: -228 -10647 1368 247
4: -228 -22743 1352 247
3: 228 -70395 -1339 247
4: -228 -295659 1339 247
3: 228 -915135 -1338 247
3: 234 -21 -4693 247
4: -234 -93 4693 247
3: 234 -399 -1482 247
3: 234 -507 -1444 247
4: -234 -1767 1482 247
3: 234 -7581 -1313 247
3: 234 -9633 -1311 247
4: -234 -33573 1313 247
3: 234 -183027 -1304 247
2: -242 12103 1235 247
1: 243 48165 -1254 247
1: 246 1083 -1183 247
1: 247 1 59774 247
2: -247 1 -303810 247
3: 247 -1 -62244 247
4: -247 -1 306280 247
2: -247 5 -59774 247
4: -247 -5 62244 247
1: 247 169 -874 247
2: -247 169 -570 247
3: 247 -169 -1596 247
4: -247 -169 3040 247
1: 247 361 -1066 247
2: -247 361 390 247
3: 247 -361 -1404 247
4: -247 -361 2080 247
2: -247 845 874 247
4: -247 -845 1596 247
2: -247 1805 1066 247
4: -247 -1805 1404 247
1: 247 61009 -1234 247
2: -247 61009 1230 247
3: 247 -61009 -1236 247
4: -247 -61009 1240 247
2: -247 305045 1234 247
4: -247 -305045 1236 247
3: 248 -12103 -1235 247
2: -249 98553 1222 247
4: -252 -507 1805 247
4: -256 -1183 1444 247
4: -257 -1805 1352 247
3: 258 -81225 -1183 247
4: -258 -453777 1183 247
4: -262 -51623 1170 247
1: 266 11 3211 247
2: -266 67 -3211 247
3: 266 -143 -1482 247
1: 266 361 -1014 247
2: -266 361 338 247
4: -266 -871 1482 247
1: 266 1859 -1121 247
3: 266 -4693 -1157 247
4: -266 -4693 1209 247
2: -266 11323 1121 247
1: 266 61009 -1146 247
2: -266 61009 1142 247
1: 268 845 -1083 247
3: 277 -54587 -1102 247
1: 282 14079 -1079 247
3: 282 -29913 -1083 247
4: -282 -220545 1083 247
4: -284 -31603 1083 247
3: 286 -19 -2964 247
4: -286 -19 15808 247
3: 286 -2197 -1083 247
4: -286 -17069 1083 247
2: -286 61009 1062 247
4: -288 -14079 1079 247
2: -292 9025 1014 247
4: -292 -850915 1045 247
4: -296 -5239 1083 247
2: -298 427063 1023 247
1: 299 1 28158 247
2: -299 1 -272194 247
3: 301 -50179 -1014 247
4: -301 -484823 1014 247
1: 304 1 25688 247
2: -304 1 -269724 247
3: 304 -1183 -1026 247
3: 304 -2527 -1014 247
4: -304 -11999 1026 247
4: -304 -25631 1014 247
1: 304 61009 -1003 247
2: -304 61009 999 247
2: -306 30381 988 247
1: 308 61009 -990 247
2: -308 61009 986 247
3: 309 -30381 -988 247
4: -309 -335673 988 247
4: -312 -15 18772 247
2: -312 57 -3705 247
4: -312 -2535 1083 247
4: -312 -5415 1027 247
2: -312 9633 950 247
4: -312 -915135 978 247
2: -322 16055 931 247
4: -324 -1083 1183 247
4: -326 -933907 936 247
3: 328 -16055 -931 247
1: 338 1 10830 247
2: -338 1 -254866 247
3: 338 -1 -12635 247
4: -338 -1 256671 247
1: 338 5 1444 247
3: 338 -5 -3249 247
3: 338 -13 -1805 247
4: -338 -13 20577 247
1: 338 19 -285 247
2: -338 19 -12559 247
3: 338 -19 -1520 247
4: -338 -19 14364 247
1: 338 65 -722 247
3: 338 -65 -1083 247
1: 338 95 -779 247
3: 338 -95 -1026 247
2: -338 109 -1444 247
4: -338 -109 3249 247
1: 338 247 -855 247
2: -338 247 -133 247
3: 338 -247 -950 247
4: -338 -247 1938 247
1: 338 361 -870 247
2: -338 361 194 247
3: 338 -361 -935 247
4: -338 -361 1611 247
1: 338 1235 -893 247
3: 338 -1235 -912 247
2: -338 1417 722 247
4: -338 -1417 1083 247
1: 338 1805 -896 247
3: 338 -1805 -909 247
2: -338 2071 779 247
4: -338 -2071 1026 247
1: 338 4693 -900 247
2: -338 4693 848 247
3: 338 -4693 -905 247
4: -338 -4693 957 247
1: 338 23465 -902 247
3: 338 -23465 -903 247
2: -338 26923 893 247
4: -338 -26923 912 247
2: -338 39349 896 247
4: -338 -39349 909 247
2: -338 511537 902 247
4: -338 -511537 903 247
2: -342 15 -16055 247
4: -342 -39 7410 247
3: 342 -507 -912 247
2: -342 5415 845 247
4: -342 -12675 912 247
4: -342 -14079 910 247
3: 342 -183027 -892 247
1: 349 138073 -874 247
4: -351 -3 84474 247
3: 351 -57 -988 247
4: -351 -2109 988 247
4: -357 -70395 858 247
1: 361 1 2366 247
2: -361 1 -246402 247
3: 361 -1 -4056 247
4: -361 -1 248092 247
2: -361 7 -34476 247
4: -361 -7 36166 247
2: -361 11 -21632 247
4: -361 -11 23322 247
1: 361 13 -598 247
2: -361 13 -18174 247
3: 361 -13 -1092 247
4: -361 -13 19864 247
1: 361 19 -676 247
2: -361 19 -12168 247
3: 361 -19 -1014 247
4: -361 -19 13858 247
2: -361 77 -2366 247
4: -361 -77 4056 247
2: -361 91 -1872 247
4: -361 -91 3562 247
2: -361 133 -1014 247
4: -361 -133 2704 247
2: -361 143 -884 247
4: -361 -143 2574 247
1: 361 169 -826 247
2: -361 169 -618 247
3: 361 -169 -864 247
4: -361 -169 2308 247
2: -361 209 -338 247
4: -361 -209 2028 247
1: 361 247 -832 247
2: -361 247 -156 247
3: 361 -247 -858 247
4: -361 -247 1846 247
2: -361 1001 598 247
4: -361 -1001 1092 247
2: -361 1183 636 247
4: -361 -1183 1054 247
2: -361 1463 676 247
4: -361 -1463 1014 247
2: -361 1729 702 247
2: -361 1859 712 247
4: -361 -1859 978 247
2: -361 2717 754 247
4: -361 -2717 936 247
1: 361 3211 -844 247
2: -361 3211 768 247
3: 361 -3211 -846 247
4: -361 -3211 922 247
2: -361 13013 826 247
4: -361 -13013 864 247
2: -361 19019 832 247
4: -361 -19019 858 247
2: -361 22477 834 247
4: -361 -22477 856 247
2: -361 35321 838 247
4: -361 -35321 852 247
2: -361 247247 844 247
4: -361 -247247 846 247
4: -362 -105773 845 247
1: 364 361 -832 247
2: -364 361 156 247
2: -364 40793 832 247
1: 364 61009 -838 247
2: -364 61009 834 247
2: -368 1 -244036 247
4: -372 -9747 845 247
4: -373 -1 244036 247
2: -377 8303 780 247
1: 378 915135 -807 247
4: -382 -845 1083 247
2: -392 4225 722 247
1: 399 39 -988 247
4: -399 -1053 988 247
4: -403 -323 1482 247
1: 403 3211 -760 247
2: -403 3211 684 247
2: -408 3249 676 247
1: 412 20501 -741 247
4: -412 -386555 741 247
1: 416 1 -14079 247
2: -416 1 -229957 247
3: 416 -1183 -722 247
3: 416 -2527 -728 247
2: -416 20449 722 247
2: -416 43681 728 247
1: 418 61009 -730 247
2: -418 61009 726 247
3: 419 -455221 -728 247
3: 422 -17407 -722 247
2: -422 267865 722 247
1: 423 17745 -722 247
4: -423 -268203 722 247
2: -429 3 -75088 247
1: 429 1521 -722 247
4: -429 -20787 722 247
1: 437 1 -19266 247
2: -437 1 -224770 247
3: 437 -91 -494 247
2: -437 1105 494 247
1: 437 4693 -702 247
2: -437 4693 650 247
3: 437 -427063 -698 247
1: 442 19 -1729 247
2: -442 19 -11115 247
3: 442 -3211 -684 247
4: -442 -3211 760 247
4: -442 -9025 715 247
1: 446 484861 -684 247
3: 447 -3249 -676 247
3: 451 -58121 -676 247
2: -451 593123 676 247
2: -452 22477 665 247
4: -453 -4563 722 247
1: 456 9 -3211 247
4: -456 -87 3211 247
1: 456 1521 -684 247
1: 456 3249 -676 247
4: -456 -14703 684 247
4: -456 -31407 676 247
1: 456 549081 -669 247
3: 458 -22477 -665 247
1: 468 285 -741 247
4: -468 -507 1083 247
4: -468 -2451 741 247
4: -468 -183027 653 247
2: -472 23465 637 247
3: 472 -93119 -646 247
3: 478 -23465 -637 247
1: 494 1 -31122 247
2: -494 1 -212914 247
3: 494 -1 29887 247
4: -494 -1 214149 247
2: -494 7 -29887 247
4: -494 -7 31122 247
1: 494 169 -798 247
2: -494 169 -646 247
3: 494 -169 -437 247
4: -494 -169 1881 247
1: 494 361 -702 247
2: -494 361 26 247
3: 494 -361 -533 247
4: -494 -361 1209 247
2: -494 1183 437 247
4: -494 -1183 798 247
2: -494 2527 533 247
4: -494 -2527 702 247
1: 494 61009 -618 247
2: -494 61009 614 247
3: 494 -61009 -617 247
4: -494 -61009 621 247
2: -494 427063 617 247
4: -494 -427063 618 247
1: 507 3 -11552 247
1: 507 21 -2166 247
2: -507 27 -7220 247
1: 507 39 -1444 247
1: 507 57 -1178 247
4: -507 -135 2166 247
1: 507 273 -722 247
1: 507 399 -684 247
2: -507 513 190 247
1: 507 741 -646 247
1: 507 1083 -632 247
4: -507 -1755 722 247
4: -507 -2565 684 247
1: 507 5187 -608 247
2: -507 6669 570 247
1: 507 7581 -606 247
2: -507 9747 580 247
1: 507 14079 -604 247
4: -507 -33345 608 247
4: -507 -48735 606 247
1: 507 98553 -602 247
2: -507 126711 600 247
4: -507 -633555 602 247
4: -511 -201799 598 247
4: -513 -3 70642 247
1: 513 2535 -608 247
4: -513 -15717 608 247
1: 532 221 -741 247
1: 532 361 -676 247
1: 532 61009 -574 247
3: 533 -475 -494 247
2: -533 2641 494 247
3: 533 -16055 -570 247
4: -537 -105963 570 247
3: 572 -19 1729 247
4: -572 -19 11115 247
1: 572 61009 -534 247
2: -572 61009 530 247
3: 589 -13 2964 247
4: -589 -13 15808 247
1: 598 1 -46930 247
2: -598 1 -197106 247
1: 598 16055 -513 247
3: 598 -427063 -510 247
1: 602 167143 -507 247
4: -602 -702145 507 247
1: 608 1 -48165 247
2: -608 1 -195871 247
1: 608 65 -1235 247
1: 608 4225 -513 247
1: 608 9025 -507 247
4: -608 -17407 513 247
4: -608 -37183 507 247
1: 616 61009 -496 247
2: -616 61009 492 247
3: 617 -121771 -494 247
2: -617 487825 494 247
1: 618 122265 -494 247
4: -618 -488319 494 247
3: 619 -61009 -492 247
4: -619 -61009 496 247
2: -624 1521 361 247
2: -624 3249 429 247
1: 626 2527 -507 247
2: -627 3 -64220 247
4: -627 -195 1482 247
2: -658 1859 361 247
2: -662 32851 455 247
3: 663 -549081 -460 247
3: 668 -32851 -455 247
1: 676 1 -55594 247
2: -676 1 -188442 247
4: -676 -7 27436 247
3: 676 -19 2451 247
4: -676 -19 10393 247
4: -676 -23 8664 247
3: 676 -47 722 247
4: -676 -91 2527 247
2: -676 133 -969 247
2: -676 161 -722 247
3: 676 -247 -228 247
4: -676 -247 1216 247
4: -676 -299 1083 247
1: 676 361 -604 247
2: -676 361 -72 247
2: -676 437 19 247
3: 676 -611 -361 247
1: 676 893 -513 247
2: -676 1729 342 247
2: -676 2093 361 247
4: -676 -2527 526 247
4: -676 -3059 513 247
1: 676 4693 -463 247
2: -676 4693 411 247
2: -676 5681 418 247
4: -676 -8303 474 247
1: 676 11609 -456 247
3: 676 -16967 -448 247
4: -676 -32851 457 247
4: -676 -39767 456 247
2: -676 58121 448 247
4: -676 -107939 453 247
3: 676 -220571 -451 247
2: -676 755573 451 247
3: 684 -39 988 247
4: -684 -507 817 247
1: 684 5577 -456 247
3: 684 -14079 -442 247
4: -684 -18759 456 247
4: -684 -183027 447 247
2: -688 136097 442 247
3: 702 -3 18772 247
4: -702 -57 3705 247
1: 702 969 -494 247
2: -702 2535 361 247
4: -702 -3135 494 247
4: -704 -2527 507 247
1: 722 1 -59826 247
2: -722 1 -184210 247
3: 722 -1 58981 247
4: -722 -1 185055 247
2: -722 5 -36504 247
4: -722 -5 37349 247
1: 722 13 -4992 247
2: -722 13 -13780 247
3: 722 -13 4147 247
4: -722 -13 14625 247
1: 722 19 -3549 247
2: -722 19 -9295 247
3: 722 -19 2704 247
4: -722 -19 10140 247
2: -722 23 -7605 247
4: -722 -23 8450 247
1: 722 37 -2028 247
3: 722 -37 1183 247
2: -722 65 -2418 247
4: -722 -65 3263 247
2: -722 95 -1521 247
4: -722 -95 2366 247
2: -722 115 -1183 247
4: -722 -115 2028 247
1: 722 169 -774 247
2: -722 169 -670 247
3: 722 -169 -71 247
4: -722 -169 1515 247
1: 722 247 -663 247
2: -722 247 -325 247
3: 722 -247 -182 247
4: -722 -247 1170 247
2: -722 299 -195 247
4: -722 -299 1040 247
4: -722 -437 845 247
1: 722 481 -546 247
3: 722 -481 -299 247
1: 722 703 -507 247
3: 722 -703 -338 247
2: -722 845 204 247
4: -722 -845 641 247
2: -722 1235 273 247
4: -722 -1235 572 247
2: -722 1495 299 247
4: -722 -1495 546 247
2: -722 2185 338 247
4: -722 -2185 507 247
1: 722 3211 -441 247
2: -722 3211 365 247
3: 722 -3211 -404 247
4: -722 -3211 480 247
2: -722 3887 375 247
4: -722 -3887 470 247
2: -722 5681 390 247
4: -722 -5681 455 247
1: 722 6253 -432 247
3: 722 -6253 -413 247
1: 722 9139 -429 247
3: 722 -9139 -416 247
2: -722 16055 411 247
4: -722 -16055 434 247
2: -722 19435 413 247
4: -722 -19435 432 247
2: -722 28405 416 247
4: -722 -28405 429 247
2: -722 73853 420 247
4: -722 -73853 425 247
1: 722 118807 -423 247
3: 722 -118807 -422 247
2: -722 369265 422 247
4: -722 -369265 423 247
2: -726 3 -61009 247
1: 728 361 -585 247
2: -728 361 -91 247
3: 728 -19855 -416 247
1: 728 61009 -420 247
4: -732 -144495 418 247
1: 736 1 -61009 247
2: -736 1 -183027 247
1: 741 3 -20748 247
4: -741 -9 20748 247
1: 741 507 -532 247
1: 741 1083 -468 247
4: -741 -1521 532 247
4: -741 -3249 468 247
1: 741 183027 -412 247
4: -741 -549081 412 247
3: 746 -1 61009 247
4: -746 -1 183027 247
4: -756 -3 61009 247
3: 772 -1859 -361 247
1: 783 154869 -390 247
4: -793 -169 1444 247
2: -798 39 -4199 247
1: 798 585 -494 247
4: -798 -1599 494 247
1: 803 555503 -380 247
1: 806 3211 -399 247
2: -806 3211 323 247
4: -819 -507 722 247
2: -828 23829 361 247
4: -832 -95 2223 247
3: 832 -11999 -361 247
3: 832 -25631 -364 247
2: -832 31265 361 247
2: -832 66785 364 247
2: -834 37011 361 247
3: 836 -2527 -338 247
1: 836 61009 -366 247
2: -836 61009 362 247
3: 844 -160043 -361 247
2: -844 410501 361 247
1: 846 160719 -361 247
4: -846 -411177 361 247
4: -856 -37687 361 247
1: 858 3 -23465 247
1: 858 12675 -361 247
4: -858 -31941 361 247
4: -862 -24505 361 247
2: -869 13357 338 247
3: 871 -361 -156 247
4: -871 -361 832 247
1: 874 1 -70642 247
2: -874 1 -173394 247
3: 874 -689 -247 247
2: -874 1703 247 247
1: 874 4693 -364 247
2: -874 4693 312 247
3: 884 -3211 -323 247
4: -884 -3211 399 247
1: 893 1859 -380 247
3: 893 -19855 -338 247
2: -893 48013 338 247
3: 899 -54511 -338 247
3: 902 -383743 -338 247
2: -902 918745 338 247
1: 903 384465 -338 247
4: -903 -919467 338 247
1: 906 55233 -338 247
1: 912 20577 -338 247
4: -912 -22815 342 247
4: -912 -48735 338 247
1: 918 2535 -361 247
4: -927 -183027 330 247
3: 931 -4693 -312 247
4: -931 -4693 364 247
3: 962 -133 247 247
3: 962 -793117 -317 247
1: 969 3249 -338 247
1: 988 1 -76570 247
2: -988 1 -167466 247
1: 988 5 -15561 247
4: -988 -11 15561 247
1: 988 169 -760 247
2: -988 169 -684 247
1: 988 361 -520 247
2: -988 361 -156 247
1: 988 845 -399 247
1: 988 1805 -351 247
4: -988 -1859 399 247
4: -988 -3971 351 247
1: 988 61009 -310 247
2: -988 61009 306 247
1: 988 305045 -309 247
4: -988 -671099 309 247
1: 1001 61009 -306 247
2: -1001 61009 302 247
1: 1006 99541 -304 247
4: -1009 -99541 304 247
2: -1014 3 -55233 247
3: 1014 -9 8303 247
2: -1014 39 -3971 247
2: -1014 57 -2622 247
1: 1014 99 -1083 247
3: 1014 -117 361 247
3: 1014 -171 152 247
4: -1014 -213 1083 247
2: -1014 741 76 247
2: -1014 1083 147 247
1: 1014 1287 -361 247
1: 1014 1881 -342 247
3: 1014 -2223 -266 247
4: -1014 -2769 361 247
3: 1014 -3249 -277 247
4: -1014 -4047 342 247
2: -1014 14079 289 247
1: 1014 24453 -304 247
1: 1014 35739 -303 247
4: -1014 -52611 304 247
4: -1014 -76893 303 247
1: 1014 464607 -301 247
4: -1014 -999609 301 247
3: 1026 -3 25688 247
1: 1026 11661 -304 247
4: -1026 -24843 304 247
4: -1026 -98553 299 247
4: -1032 -2535 361 247
4: -1053 -1083 442 247
1: 1064 361 -507 247
2: -1064 361 -169 247
1: 1064 61009 -288 247
2: -1064 61009 284 247
2: -1066 17 -9386 247
3: 1066 -2033 -247 247
4: -1066 -2197 361 247
1: 1068 211185 -286 247
3: 1081 -427063 -282 247
1: 1083 3 -27040 247
2: -1083 9 -17914 247
3: 1083 -15 5070 247
1: 1083 39 -2340 247
1: 1083 57 -1690 247
1: 1083 75 -1352 247
2: -1083 117 -1118 247
4: -1083 -153 1352 247
2: -1083 171 -676 247
3: 1083 -195 130 247
1: 1083 507 -440 247
1: 1083 741 -390 247
1: 1083 975 -364 247
1: 1083 1425 -338 247
2: -1083 1521 174 247
4: -1083 -1989 364 247
2: -1083 2223 208 247
3: 1083 -2535 -250 247
4: -1083 -2907 338 247
3: 1083 -3705 -260 247
1: 1083 9633 -290 247
1: 1083 12675 -288 247
1: 1083 18525 -286 247
4: -1083 -25857 288 247
2: -1083 28899 276 247
4: -1083 -37791 286 247
3: 1083 -48165 -280 247
1: 1083 240825 -282 247
4: -1083 -491283 282 247
4: -1092 -171 1235 247
4: -1092 -28899 285 247
1: 1102 427063 -277 247
3: 1121 -13351 -266 247
2: -1121 26533 266 247
1: 1131 9 -9386 247
3: 1144 -2527 -234 247
1: 1144 61009 -268 247
2: -1144 61009 264 247
3: 1146 -452751 -266 247
1: 1157 35321 -266 247
3: 1159 -169 228 247
4: -1159 -169 1216 247
3: 1178 -13 6175 247
4: -1178 -13 12597 247
1: 1178 79781 -260 247
1: 1183 25 -3610 247
1: 1183 95 -1140 247
1: 1183 361 -490 247
2: -1183 361 -186 247
3: 1183 -1235 -190 247
3: 1183 -4693 -240 247
4: -1183 -4693 292 247
3: 1183 -45125 -256 247
2: -1183 86279 256 247
1: 1183 586625 -258 247
1: 1196 1 -84474 247
2: -1196 1 -159562 247
4: -1197 -507 570 247
4: -1222 -427063 250 247
3: 1228 -60515 -247 247
1: 1232 61009 -249 247
2: -1232 61009 245 247
3: 1234 -426569 -247 247
2: -1234 792623 247 247
1: 1236 427557 -247 247
4: -1236 -793611 247 247
3: 1238 -61009 -245 247
4: -1238 -61009 249 247
1: 1242 61503 -247 247
2: -1248 9633 228 247
1: 1254 3 -28899 247
4: -1273 -361 676 247
1: 1273 845 -342 247
2: -1274 11 -14079 247
2: -1287 5415 208 247
3: 1287 -9633 -228 247
2: -1292 325 -247 247
4: -1307 -258115 234 247
2: -1311 507 -76 247
1: 1313 52345 -234 247
4: -1313 -93499 234 247
2: -1326 3249 182 247
2: -1331 131651 228 247
3: 1334 -131651 -228 247
1: 1339 478439 -228 247
4: -1339 -844493 228 247
1: 1352 1 -88806 247
2: -1352 1 -155230 247
2: -1352 65 -2166 247
4: -1352 -95 1862 247
3: 1352 -151 361 247
3: 1352 -247 133 247
4: -1352 -247 855 247
2: -1352 265 -361 247
1: 1352 361 -471 247
2: -1352 361 -205 247
4: -1352 -1007 380 247
2: -1352 23465 219 247
1: 1352 37297 -228 247
3: 1352 -54511 -224 247
4: -1352 -65455 228 247
2: -1352 95665 224 247
2: -1352 248729 225 247
4: -1368 -39 4199 247
4: -1368 -14079 234 247
1: 1368 17745 -228 247
4: -1368 -30927 228 247
4: -1404 -3 51623 247
1: 1404 3021 -247 247
2: -1417 1805 130 247
1: 1444 1 -90922 247
2: -1444 1 -153114 247
1: 1444 13 -7189 247
2: -1444 13 -11583 247
3: 1444 -19 4563 247
4: -1444 -19 8281 247
1: 1444 113 -1014 247
1: 1444 169 -748 247
2: -1444 169 -696 247
4: -1444 -191 1014 247
3: 1444 -247 156 247
4: -1444 -247 832 247
1: 1444 1469 -273 247
3: 1444 -2147 -169 247
4: -1444 -2483 273 247
3: 1444 -3211 -183 247
4: -1444 -3211 259 247
2: -1444 3629 169 247
1: 1444 19097 -216 247
3: 1444 -27911 -208 247
4: -1444 -32279 216 247
2: -1444 47177 208 247
3: 1444 -362843 -211 247
2: -1444 613301 211 247
3: 1456 -60287 -208 247
1: 1456 61009 -211 247
2: -1456 61009 207 247
2: -1456 101441 208 247
1: 1463 61009 -210 247
2: -1463 61009 206 247
1: 1471 145483 -208 247
4: -1474 -145483 208 247
2: -1482 3 -50635 247
1: 1482 9 -10374 247
4: -1482 -15 10374 247
2: -1482 507 -95 247
2: -1482 1083 65 247
1: 1482 1521 -266 247
4: -1482 -2535 266 247
1: 1482 3249 -234 247
4: -1482 -5415 234 247
2: -1482 183027 205 247
1: 1482 549081 -206 247
4: -1482 -915135 206 247
3: 1508 -12635 -195 247
3: 1521 -39 2166 247
1: 1521 177 -722 247
4: -1521 -291 722 247
3: 1521 -741 -76 247
1: 1521 3363 -228 247
4: -1521 -5529 228 247
3: 1521 -14079 -194 247
1: 1521 63897 -202 247
4: -1521 -105051 202 247
4: -1539 -1083 338 247
1: 1543 305045 -198 247
3: 1558 -65 1235 247
3: 1558 -117325 -195 247
2: -1576 6137 169 247
3: 1586 -169 361 247
4: -1586 -169 1083 247
1: 1596 1677 -247 247
4: -1596 -2691 247 247
2: -1599 1083 52 247
1: 1608 317889 -190 247
4: -1612 -195871 190 247
3: 1654 -6137 -169 247
3: 1664 -71839 -182 247
2: -1664 112993 182 247
1: 1672 61009 -184 247
2: -1672 61009 180 247
2: -1674 661713 182 247
2: -1691 5239 152 247
1: 1729 11 -8892 247
4: -1729 -17 8892 247
1: 1729 361 -442 247
2: -1729 361 -234 247
1: 1729 1859 -228 247
4: -1729 -2873 228 247
1: 1729 61009 -178 247
2: -1729 61009 174 247
3: 1742 -361 91 247
4: -1742 -361 585 247
1: 1748 1 -96330 247
2: -1748 1 -147706 247
1: 1748 4693 -195 247
2: -1748 4693 143 247
3: 1786 -53789 -169 247
2: -1786 81947 169 247
1: 1794 507 -361 247
1: 1824 25857 -171 247
4: -1824 -39039 171 247
1: 1824 55233 -169 247
4: -1824 -83391 169 247
2: -1851 183027 164 247
3: 1854 -183027 -164 247
3: 1859 -19 4978 247
4: -1859 -19 7866 247
2: -1859 91 -1444 247
4: -1859 -2527 222 247
2: -1859 12103 152 247
3: 1862 -4693 -143 247
4: -1862 -4693 195 247
3: 1938 -15 6422 247
3: 1938 -70395 -156 247
2: -1946 192413 156 247
3: 1949 -192413 -156 247
1: 1956 7581 -169 247
1: 1957 783731 -156 247
1: 1976 1 -99294 247
2: -1976 1 -144742 247
2: -1976 169 -703 247
1: 1976 361 -429 247
2: -1989 105963 152 247
1: 2002 61009 -154 247
2: -2002 61009 150 247
2: -2028 9 -15884 247
3: 2028 -15 6498 247
3: 2028 -51 1805 247
1: 2028 57 -1900 247
2: -2028 117 -1083 247
3: 2028 -195 361 247
1: 2028 741 -285 247
2: -2028 3249 106 247
1: 2028 4845 -171 247
3: 2028 -5415 -132 247
4: -2028 -7011 171 247
3: 2028 -18411 -145 247
2: -2028 42237 147 247
1: 2028 62985 -152 247
3: 2028 -70395 -149 247
4: -2028 -91143 152 247
3: 2028 -239343 -150 247
4: -2033 -23 6422 247
4: -2034 -7581 169 247
4: -2052 -3 48165 247
1: 2052 29913 -152 247
4: -2052 -43095 152 247
1: 2054 13357 -156 247
1: 2093 16055 -152 247
3: 2106 -1083 -52 247
1: 2128 61009 -145 247
2: -2128 61009 141 247
4: -2132 -16055 152 247
2: -2166 3 -47489 247
1: 2166 27 -3887 247
2: -2166 39 -3523 247
2: -2166 57 -2366 247
1: 2166 189 -676 247
4: -2166 -267 676 247
1: 2166 351 -429 247
2: -2166 507 -141 247
1: 2166 513 -338 247
2: -2166 741 -52 247
1: 2166 2457 -182 247
4: -2166 -3471 182 247
1: 2166 3591 -169 247
1: 2166 4563 -163 247
4: -2166 -5073 169 247
1: 2166 6669 -156 247
2: -2166 9633 126 247
1: 2166 31941 -144 247
4: -2166 -45123 144 247
1: 2166 46683 -143 247
4: -2166 -65949 143 247
1: 2166 86697 -142 247
1: 2166 606879 -141 247
4: -2166 -857337 141 247
1: 2197 13 -7942 247
2: -2197 13 -10830 247
1: 2223 15 -6916 247
4: -2223 -21 6916 247
4: -2223 -507 418 247
1: 2223 5415 -156 247
4: -2223 -7581 156 247
4: -2223 -183027 138 247
2: -2242 23465 130 247
3: 2242 -33293 -133 247
2: -2242 46475 133 247
2: -2262 29241 130 247
2: -2272 112385 133 247
3: 2278 -112385 -133 247
1: 2288 61009 -135 247
2: -2288 61009 131 247
3: 2318 -169 475 247
4: -2318 -169 969 247
2: -2327 5 -28158 247
2: -2337 267501 130 247
4: -2352 -464607 130 247
1: 2366 361 -414 247
2: -2366 361 -262 247
3: 2366 -4693 -107 247
4: -2366 -4693 159 247
3: 2366 -110827 -128 247
2: -2366 151981 128 247
1: 2392 1 -103246 247
2: -2392 1 -140790 247
3: 2394 -507 76 247
1: 2418 855 -247 247
3: 2432 -31 3211 247
3: 2432 -1183 -38 247
4: -2457 -3 46930 247
2: -2457 915135 124 247
1: 2496 9633 -133 247
1: 2508 1521 -190 247
2: -2527 95 -1352 247
3: 2527 -227 338 247
2: -2527 305 -338 247
4: -2527 -1235 234 247
1: 2527 2951 -156 247
4: -2527 -3965 156 247
4: -2527 -15067 130 247
2: -2527 16055 112 247
3: 2527 -38363 -118 247
2: -2527 51545 118 247
2: -2527 195871 120 247
3: 2546 -361 169 247
4: -2546 -361 507 247
4: -2574 -9633 133 247
3: 2587 -11 9386 247
4: -2622 -45 3211 247
1: 2622 507 -323 247
4: -2622 -211185 117 247
1: 2626 125267 -117 247
4: -2626 -166421 117 247
4: -2652 -15 9386 247
2: -2679 14079 104 247
4: -2682 -529815 114 247
1: 2691 163761 -114 247
4: -2698 -221 741 247
1: 2704 1 -105412 247
2: -2704 1 -138624 247
4: -2704 -143 1083 247
2: -2704 209 -551 247
4: -2704 -559 361 247
2: -2704 817 -57 247
1: 2704 88673 -114 247
4: -2704 -116831 114 247
3: 2704 -129599 -112 247
2: -2704 170753 112 247
2: -2717 25 -5434 247
2: -2717 61009 110 247
3: 2736 -14079 -104 247
1: 2736 42081 -114 247
4: -2736 -55263 114 247
4: -2756 -41743 114 247
1: 2778 549081 -110 247
3: 2821 -793117 -108 247
1: 2831 427063 -108 247
1: 2873 19 -5700 247
2: -2873 19 -7144 247
1: 2873 665 -266 247
1: 2873 13585 -114 247
1: 2873 27797 -110 247
1: 2888 1 -106470 247
2: -2888 1 -137566 247
4: -2888 -7 19773 247
2: -2888 49 -2704 247
1: 2888 65 -1742 247
3: 2888 -95 1014 247
1: 2888 169 -735 247
2: -2888 169 -709 247
3: 2888 -247 325 247
4: -2888 -247 663 247
1: 2888 265 -507 247
4: -2888 -343 507 247
1: 2888 689 -260 247
4: -2888 -1183 222 247
2: -2888 1729 26 247
2: -2888 8281 89 247
4: -2888 -12103 117 247
3: 2888 -16055 -99 247
1: 2888 44785 -108 247
4: -2888 -57967 108 247
3: 2888 -65455 -104 247
2: -2888 84721 104 247
3: 2888 -170183 -105 247
3: 2912 -141151 -104 247
2: -2912 182305 104 247
1: 2926 61009 -106 247
2: -2926 61009 102 247
1: 2964 21 -5187 247
4: -2964 -27 5187 247
1: 2964 3549 -133 247
4: -2964 -4563 133 247
1: 2964 7581 -117 247
4: -2964 -9747 117 247
2: -3021 21 -6422 247
2: -3042 15 -9025 247
4: -3042 -39 3610 247
2: -3042 285 -380 247
1: 3042 411 -361 247
4: -3042 -525 361 247
4: -3042 -741 285 247
2: -3042 5415 75 247
1: 3042 7809 -114 247
4: -3042 -9975 114 247
4: -3042 -14079 110 247
2: -3042 25935 95 247
1: 3042 148371 -101 247
4: -3042 -189525 101 247
2: -3042 492765 100 247
1: 3097 6929 -114 247
1: 3116 17 -6422 247
2: -3182 157339 95 247
3: 3188 -157339 -95 247
1: 3198 1083 -195 247
3: 3198 -279357 -95 247
1: 3211 1 -108034 247
2: -3211 1 -136002 247
3: 3211 -1 107844 247
4: -3211 -1 136192 247
3: 3211 -13 8208 247
4: -3211 -13 10564 247
1: 3211 23 -4788 247
3: 3211 -23 4598 247
2: -3211 29 -4598 247
4: -3211 -29 4788 247
1: 3211 299 -456 247
3: 3211 -299 266 247
1: 3211 361 -394 247
2: -3211 361 -282 247
3: 3211 -361 204 247
4: -3211 -361 472 247
2: -3211 377 -266 247
4: -3211 -377 456 247
1: 3211 4693 -118 247
2: -3211 4693 66 247
3: 3211 -4693 -72 247
4: -3211 -4693 124 247
1: 3211 8303 -108 247
3: 3211 -8303 -82 247
2: -3211 10469 82 247
4: -3211 -10469 108 247
1: 3211 107939 -96 247
3: 3211 -107939 -94 247
2: -3211 136097 94 247
4: -3211 -136097 96 247
3: 3249 -39 2678 247
4: -3249 -507 362 247
3: 3249 -741 52 247
4: -3249 -9633 108 247
1: 3249 51207 -96 247
4: -3249 -64389 96 247
1: 3249 972933 -94 247
4: -3276 -507 361 247
2: -3322 164255 91 247
2: -3328 205409 91 247
1: 3344 61009 -93 247
2: -3344 61009 89 247
4: -3397 -671099 90 247
4: -3432 -855 247 247
1: 3458 25 -4446 247
4: -3458 -31 4446 247
1: 3458 361 -390 247
2: -3458 361 -286 247
1: 3458 4225 -114 247
4: -3458 -5239 114 247
1: 3458 61009 -90 247
2: -3458 61009 86 247
1: 3496 1 -109174 247
2: -3496 1 -134862 247
3: 3496 -427063 -87 247
1: 3549 39 -2888 247
4: -3549 -171 874 247
4: -3572 -14027 95 247
4: -3591 -3 44954 247
4: -3686 -7 19266 247
1: 3702 183027 -83 247
4: -3708 -183027 83 247
3: 3718 -19 5700 247
4: -3718 -19 7144 247
4: -3718 -481 361 247
1: 3718 1235 -171 247
4: -3718 -4199 114 247
2: -3718 13357 72 247
1: 3718 37183 -85 247
1: 3762 663 -247 247
2: -3783 28899 76 247
3: 3822 -28899 -76 247
1: 3874 427063 -79 247
1: 3887 1 -110466 247
2: -3887 1 -133570 247
1: 3887 4693 -102 247
2: -3887 4693 50 247
1: 3918 774345 -78 247
1: 3939 198189 -78 247
1: 3952 1 -110656 247
2: -3952 1 -133380 247
4: -3952 -1183 190 247
4: -3952 -2527 130 247
1: 3952 61009 -79 247
2: -3952 61009 75 247
3: 3971 -19 5746 247
4: -3971 -19 7098 247
1: 3971 93613 -78 247
4: -3971 -112879 78 247
2: -3996 394953 76 247
3: 3999 -394953 -76 247
2: -4004 61009 74 247
3: 4028 -5915 -57 247
1: 4047 42237 -78 247
2: -4056 57 -2261 247
1: 4056 81 -1444 247
1: 4056 29241 -79 247
1: 4056 140049 -76 247
4: -4056 -168207 76 247
1: 4104 66417 -76 247
4: -4104 -79599 76 247
4: -4212 -1083 195 247
4: -4251 -549081 72 247
4: -4277 -19855 78 247
2: -4332 45 -2873 247
1: 4332 57 -2028 247
4: -4332 -171 845 247
1: 4332 417 -338 247
4: -4332 -495 338 247
2: -4332 585 -156 247
1: 4332 741 -221 247
4: -4332 -2223 130 247
1: 4332 5421 -91 247
4: -4332 -6435 91 247
2: -4332 7605 53 247
1: 4332 9633 -82 247
2: -4332 24453 65 247
4: -4332 -28899 75 247
1: 4332 70473 -72 247
4: -4332 -83655 72 247
2: -4332 317889 70 247
1: 4394 13 -8664 247
2: -4394 13 -10108 247
1: 4446 33 -3458 247
3: 4446 -507 152 247
1: 4446 11913 -78 247
3: 4446 -183027 -68 247
4: -4563 -3 44042 247
3: 4563 -57 1900 247
1: 4563 12255 -76 247
4: -4563 -14421 76 247
2: -4563 154869 66 247
2: -4589 7 -18772 247
4: -4632 -915135 66 247
2: -4652 229957 65 247
3: 4658 -229957 -65 247
1: 4674 1083 -169 247
1: 4693 1 -112450 247
2: -4693 1 -131586 247
3: 4693 -1 112320 247
4: -4693 -1 131716 247
1: 4693 5 -22542 247
3: 4693 -5 22412 247
1: 4693 7 -16120 247
3: 4693 -7 15990 247
1: 4693 19 -5980 247
2: -4693 19 -6864 247
3: 4693 -19 5850 247
4: -4693 -19 6994 247
1: 4693 35 -3276 247
3: 4693 -35 3146 247
2: -4693 41 -3146 247
4: -4693 -41 3276 247
1: 4693 95 -1248 247
3: 4693 -95 1118 247
1: 4693 133 -910 247
3: 4693 -133 780 247
1: 4693 169 -730 247
2: -4693 169 -714 247
3: 4693 -169 600 247
4: -4693 -169 844 247
1: 4693 665 -234 247
3: 4693 -665 104 247
2: -4693 779 -104 247
4: -4693 -779 234 247
1: 4693 845 -198 247
3: 4693 -845 68 247
1: 4693 1183 -160 247
3: 4693 -1183 30 247
1: 4693 3211 -100 247
2: -4693 3211 24 247
3: 4693 -3211 -30 247
4: -4693 -3211 106 247
1: 4693 5915 -84 247
3: 4693 -5915 -46 247
2: -4693 6929 46 247
4: -4693 -6929 84 247
1: 4693 16055 -72 247
3: 4693 -16055 -58 247
1: 4693 22477 -70 247
3: 4693 -22477 -60 247
1: 4693 112385 -66 247
3: 4693 -112385 -64 247
2: -4693 131651 64 247
4: -4693 -131651 66 247
4: -4712 -502151 65 247
1: 4719 3 -37544 247
3: 4732 -143 722 247
1: 4732 361 -376 247
2: -4732 361 -300 247
4: -4732 -1235 171 247
3: 4732 -15067 -57 247
3: 4732 -242231 -64 247
2: -4732 283385 64 247
1: 4784 1 -112632 247
2: -4784 1 -131404 247
4: -4788 -507 323 247
3: 4849 -1 112632 247
4: -4849 -1 131404 247
4: -4862 -58121 65 247
4: -4902 -2535 114 247
3: 4914 -3 37544 247
2: -4959 5577 38 247
4: -5044 -7 18772 247
3: 5054 -17 6591 247
1: 5054 221 -572 247
3: 5054 -493 169 247
2: -5054 571 -169 247
3: 5054 -2873 -21 247
1: 5054 6409 -78 247
4: -5054 -7423 78 247
3: 5054 -83317 -59 247
2: -5054 96499 59 247
2: -5092 845 -95 247
1: 5122 6137 -78 247
4: -5187 -45 2964 247
1: 5187 6591 -76 247
4: -5187 -7605 76 247
3: 5239 -13 8664 247
4: -5239 -13 10108 247
1: 5239 2033 -114 247
3: 5239 -502151 -58 247
3: 5304 -221559 -57 247
1: 5358 14079 -65 247
1: 5392 266513 -57 247
4: -5398 -266513 57 247
1: 5408 1 -113715 247
2: -5408 1 -130321 247
3: 5408 -31 3610 247
1: 5408 65 -1805 247
3: 5408 -95 1140 247
4: -5408 -127 1083 247
2: -5408 1729 -19 247
4: -5408 -2527 108 247
1: 5408 2945 -95 247
3: 5408 -6175 -38 247
1: 5408 9025 -69 247
1: 5408 191425 -57 247
4: -5408 -219583 57 247
3: 5408 -279775 -56 247
2: -5408 320929 56 247
3: 5434 -41 2717 247
2: -5434 47 -2717 247
1: 5434 61009 -58 247
2: -5434 61009 54 247
4: -5472 -14079 65 247
1: 5472 90753 -57 247
4: -5472 -103935 57 247
2: -5577 3 -43320 247
4: -5577 -195 722 247
1: 5668 1805 -117 247
1: 5681 1 -114114 247
2: -5681 1 -129922 247
3: 5681 -7267 -38 247
2: -5681 8281 38 247
4: -5681 -427063 54 247
1: 5746 19 -6061 247
2: -5746 19 -6783 247
1: 5776 1 -114244 247
2: -5776 1 -129792 247
1: 5776 96161 -54 247
4: -5776 -109343 54 247
3: 5776 -140543 -52 247
2: -5776 159809 52 247
3: 5824 -302879 -52 247
2: -5824 344033 52 247
2: -5841 577239 52 247
3: 5844 -577239 -52 247
1: 5852 61009 -54 247
2: -5852 61009 50 247
1: 5876 22477 -57 247
4: -5954 -22477 57 247
4: -6004 -671099 51 247
3: 6084 -39 2888 247
3: 6084 -14079 -42 247
1: 6084 16701 -57 247
4: -6084 -18867 57 247
1: 6137 19 -6084 247
2: -6137 19 -6760 247
3: 6137 -3211 -14 247
4: -6137 -3211 90 247
4: -6137 -439907 50 247
4: -6156 -1083 169 247
2: -6172 305045 49 247
3: 6178 -305045 -49 247
1: 6289 32851 -52 247
4: -6346 -32851 52 247
1: 6422 1 -115026 247
2: -6422 1 -129010 247
3: 6422 -1 114931 247
4: -6422 -1 129105 247
2: -6422 5 -25764 247
4: -6422 -5 25859 247
1: 6422 7 -16473 247
3: 6422 -7 16378 247
2: -6422 11 -11685 247
4: -6422 -11 11780 247
3: 6422 -13 8797 247
4: -6422 -13 9975 247
1: 6422 49 -2394 247
3: 6422 -49 2299 247
2: -6422 55 -2299 247
4: -6422 -55 2394 247
2: -6422 65 -1938 247
4: -6422 -65 2033 247
1: 6422 91 -1311 247
3: 6422 -91 1216 247
2: -6422 143 -855 247
4: -6422 -143 950 247
1: 6422 361 -366 247
2: -6422 361 -310 247
3: 6422 -361 271 247
4: -6422 -361 405 247
1: 6422 637 -228 247
3: 6422 -637 133 247
2: -6422 715 -133 247
4: -6422 -715 228 247
2: -6422 1805 -24 247
4: -6422 -1805 119 247
1: 6422 2527 -93 247
3: 6422 -2527 -2 247
2: -6422 3971 15 247
4: -6422 -3971 80 247
1: 6422 4693 -72 247
2: -6422 4693 20 247
3: 6422 -4693 -23 247
4: -6422 -4693 75 247
1: 6422 17689 -54 247
3: 6422 -17689 -41 247
2: -6422 19855 41 247
4: -6422 -19855 54 247
2: -6422 23465 42 247
4: -6422 -23465 53 247
1: 6422 32851 -51 247
3: 6422 -32851 -44 247
2: -6422 51623 45 247
4: -6422 -51623 50 247
1: 6422 229957 -48 247
3: 6422 -229957 -47 247
2: -6422 258115 47 247
4: -6422 -258115 48 247
4: -6498 -39 3354 247
3: 6498 -129 845 247
1: 6498 195 -637 247
3: 6498 -507 180 247
4: -6498 -741 221 247
1: 6498 3705 -78 247
3: 6498 -9633 -35 247
1: 6498 109005 -48 247
4: -6498 -122187 48 247
2: -6591 15561 38 247
3: 6591 -408291 -46 247
1: 6612 9 -12844 247
4: -6669 -3 42978 247
1: 6669 18411 -52 247
4: -6669 -20577 52 247
4: -6682 -1805 117 247
2: -6802 5 -25688 247
1: 6897 3 -38532 247
1: 6916 53 -2223 247
4: -6916 -59 2223 247
1: 6916 361 -364 247
2: -6916 361 -312 247
1: 6916 8957 -57 247
4: -6916 -9971 57 247
1: 6916 61009 -46 247
2: -6916 61009 42 247
3: 6929 -19171 -38 247
2: -6929 21337 38 247
1: 6992 1 -115596 247
2: -6992 1 -128440 247
3: 7087 -1 115596 247
4: -7087 -1 128440 247
2: -7098 39 -3249 247
3: 7098 -45 2527 247
1: 7098 2223 -95 247
4: -7144 -427063 43 247
3: 7182 -3 38532 247
3: 7258 -845 95 247
2: -7267 475 -228 247
4: -7277 -5 25688 247
3: 7436 -19 6061 247
4: -7436 -19 6783 247
3: 7467 -9 12844 247
1: 7581 39 -3016 247
3: 7581 -8151 -26 247
1: 7581 9867 -52 247
4: -7581 -10881 52 247
2: -7592 9025 26 247
4: -7657 -793117 40 247
1: 7774 1 -116242 247
2: -7774 1 -127794 247
4: -7774 -91 1444 247
1: 7774 323 -399 247
1: 7774 4693 -64 247
2: -7774 4693 12 247
3: 7826 -118807 -38 247
3: 7847 -133003 -38 247
2: -7847 146185 38 247
2: -7878 27 -4693 247
1: 7878 416955 -39 247
4: -7878 -458109 39 247
1: 7882 389519 -39 247
4: -7888 -389519 39 247
1: 7904 1 -116337 247
2: -7904 1 -127699 247
2: -7917 240825 38 247
3: 7942 -19 6084 247
4: -7942 -19 6760 247
2: -7942 25 -5070 247
2: -7942 91 -1365 247
2: -7942 1235 -65 247
4: -7942 -1625 117 247
4: -7942 -5915 60 247
4: -7942 -80275 40 247
1: 7942 196859 -39 247
4: -7942 -216125 39 247
3: 7943 -287755 -38 247
2: -7943 315913 38 247
1: 8008 25 -4693 247
1: 8008 61009 -40 247
2: -8008 61009 36 247
3: 8047 -61009 -36 247
4: -8047 -61009 40 247
4: -8112 -2223 95 247
2: -8112 211185 37 247
1: 8112 294177 -38 247
4: -8112 -322335 38 247
2: -8138 2527 -13 247
4: -8138 -247247 38 247
2: -8151 3 -42484 247
1: 8151 1521 -114 247
1: 8208 139425 -38 247
4: -8208 -152607 38 247
1: 8229 125229 -38 247
2: -8281 11 -11552 247
3: 8281 -4693 -12 247
4: -8281 -4693 64 247
1: 8303 1 -116610 247
2: -8303 1 -127426 247
3: 8303 -10855 -26 247
2: -8303 11869 26 247
1: 8303 16055 -44 247
2: -8642 427063 35 247
3: 8648 -427063 -35 247
1: 8664 9 -13013 247
2: -8664 57 -2197 247
1: 8664 873 -169 247
4: -8664 -951 169 247
1: 8664 1521 -112 247
2: -8664 9633 22 247
1: 8664 147537 -36 247
4: -8664 -160719 36 247
1: 8788 13 -9025 247
2: -8788 13 -9747 247
3: 8788 -164255 -34 247
1: 8892 69 -1729 247
4: -8892 -75 1729 247
4: -8892 -507 285 247
1: 8892 24909 -39 247
4: -8892 -27075 39 247
4: -8892 -183027 35 247
2: -8957 12635 24 247
1: 8968 23465 -39 247
2: -9048 9 -14079 247
4: -9082 -23465 39 247
3: 9126 -3 38988 247
4: -9126 -57 2261 247
1: 9126 25593 -38 247
4: -9126 -27759 38 247
3: 9152 -2527 13 247
2: -9196 8957 19 247
1: 9308 5 -23465 247
1: 9386 1 -117234 247
2: -9386 1 -126802 247
3: 9386 -1 117169 247
4: -9386 -1 126867 247
1: 9386 19 -6201 247
2: -9386 19 -6643 247
3: 9386 -19 6136 247
4: -9386 -19 6708 247
1: 9386 73 -1638 247
3: 9386 -73 1573 247
2: -9386 79 -1573 247
4: -9386 -79 1638 247
1: 9386 169 -726 247
2: -9386 169 -718 247
3: 9386 -169 661 247
4: -9386 -169 783 247
1: 9386 1387 -117 247
3: 9386 -1387 52 247
2: -9386 1501 -52 247
4: -9386 -1501 117 247
1: 9386 3211 -69 247
2: -9386 3211 -7 247
3: 9386 -3211 4 247
4: -9386 -3211 72 247
1: 9386 12337 -42 247
3: 9386 -12337 -23 247
2: -9386 13351 23 247
4: -9386 -13351 42 247
1: 9386 234403 -33 247
3: 9386 -234403 -32 247
2: -9386 253669 32 247
4: -9386 -253669 33 247
2: -9438 3 -42237 247
1: 9464 361 -357 247
2: -9464 361 -319 247
4: -9464 -21983 38 247
3: 9464 -505039 -32 247
2: -9464 546193 32 247
1: 9568 1 -117325 247
2: -9568 1 -126711 247
1: 9633 3 -39140 247
3: 9633 -15 7790 247
1: 9633 39 -3040 247
1: 9633 75 -1596 247
4: -9633 -81 1596 247
3: 9633 -195 570 247
1: 9633 975 -152 247
4: -9633 -1053 152 247
1: 9633 1083 -140 247
3: 9633 -5415 -10 247
1: 9633 14079 -40 247
1: 9633 27075 -36 247
4: -9633 -29241 36 247
3: 9633 -70395 -30 247
1: 9633 351975 -32 247
4: -9633 -380133 32 247
3: 9698 -1 117325 247
4: -9698 -1 126711 247
4: -9747 -3 42250 247
3: 9747 -57 2028 247
1: 9747 166803 -32 247
4: -9747 -179985 32 247
3: 9789 -22743 -26 247
2: -9802 112993 30 247
4: -9828 -3 42237 247
3: 9958 -5 23465 247
1: 10108 25 -4732 247
3: 10108 -1235 65 247
1: 10108 4225 -58 247
1: 10108 13325 -39 247
4: -10108 -14339 39 247
3: 10108 -658255 -30 247
2: -10127 17 -7410 247
3: 10127 -28519 -26 247
2: -10127 30685 26 247
4: -10218 -9 14079 247
1: 10374 81 -1482 247
4: -10374 -87 1482 247
1: 10374 13689 -38 247
4: -10374 -14703 38 247
2: -10469 40261 26 247
3: 10478 -13 9025 247
4: -10478 -13 9747 247
1: 10564 37 -3211 247
1: 10608 3249 -65 247
3: 10647 -1767 38 247
1: 10647 12597 -38 247
3: 10816 -580127 -28 247
2: -10816 621281 28 247
4: -10868 -2527 78 247
1: 10868 61009 -30 247
4: -11096 -11999 38 247
2: -11141 91333 26 247
1: 11154 3 -39349 247
1: 11154 399 -323 247
3: 11191 -13 9048 247
4: -11191 -13 9724 247
3: 11191 -323 338 247
1: 11191 3211 -64 247
2: -11191 3211 -12 247
3: 11258 -25 4693 247
2: -11267 117325 26 247
3: 11323 -361 300 247
4: -11323 -361 376 247
1: 11362 1 -118066 247
2: -11362 1 -125970 247
3: 11362 -15041 -19 247
4: -11388 -27 4693 247
2: -11492 325 -361 247
3: 11492 -21299 -21 247
3: 11514 -239343 -26 247
1: 11552 1 -118131 247
2: -11552 1 -125905 247
2: -11552 65 -1911 247
4: -11552 -95 1352 247
4: -11552 -3263 65 247
1: 11552 198913 -27 247
4: -11552 -212095 27 247
3: 11552 -290719 -26 247
2: -11552 309985 26 247
4: -11622 -3249 65 247
3: 11648 -626335 -26 247
2: -11648 667489 26 247
2: -11666 849433 26 247
1: 11704 61009 -28 247
2: -11704 61009 24 247
3: 11761 -61009 -24 247
4: -11761 -61009 28 247
4: -11799 -858819 26 247
1: 11817 635721 -26 247
4: -11817 -676875 26 247
2: -11856 1521 -57 247
2: -11856 3249 -13 247
2: -11913 3 -41912 247
1: 11913 300105 -26 247
4: -11913 -319371 26 247
1: 11951 248729 -26 247
1: 12168 33 -3610 247
4: -12168 -39 3249 247
1: 12168 3705 -57 247
1: 12168 11913 -35 247
4: -12168 -14079 34 247
4: -12198 -126711 26 247
1: 12274 19 -6253 247
2: -12274 19 -6591 247
2: -12274 121 -1014 247
3: 12274 -2327 26 247
3: 12274 -3211 12 247
4: -12274 -3211 64 247
4: -12274 -20449 31 247
4: -12324 -100719 26 247
4: -12506 -133 969 247
4: -12597 -15 8398 247
3: 12597 -549081 -24 247
1: 12844 1 -118522 247
2: -12844 1 -125514 247
1: 12844 101 -1197 247
4: -12844 -107 1197 247
1: 12844 361 -352 247
2: -12844 361 -324 247
1: 12844 1313 -114 247
4: -12844 -1391 114 247
1: 12844 4693 -49 247
2: -12844 4693 -3 247
1: 12844 36461 -27 247
4: -12844 -38627 27 247
1: 12844 473993 -24 247
4: -12844 -502151 24 247
3: 12996 -39 3016 247
4: -12996 -399 338 247
4: -12996 -507 271 247
4: -12996 -49647 26 247
1: 12996 224601 -24 247
4: -12996 -237783 24 247
1: 13182 351 -361 247
4: -13182 -3705 57 247
3: 13338 -3 39520 247
1: 13338 37905 -26 247
4: -13338 -40071 26 247
1: 13338 915135 -23 247
1: 13623 7605 -38 247
1: 13676 32129 -26 247
4: -13689 -1083 138 247
2: -13794 3 -41743 247
1: 13832 361 -351 247
2: -13832 361 -325 247
1: 13832 61009 -24 247
2: -13832 61009 20 247
3: 13858 -65 1805 247
3: 13858 -475 228 247
3: 13858 -39425 -19 247
2: -13858 41591 19 247
3: 13858 -117325 -21 247
1: 13984 1 -118807 247
2: -13984 1 -125229 247
4: -14053 -427063 22 247
1: 14079 3 -39624 247
4: -14079 -9 13936 247
1: 14079 57 -2106 247
1: 14079 111 -1092 247
4: -14079 -171 754 247
1: 14079 507 -256 247
1: 14079 2109 -78 247
1: 14079 9633 -34 247
1: 14079 18759 -28 247
4: -14079 -19773 28 247
1: 14079 356421 -22 247
4: -14079 -375687 22 247
3: 14174 -1 118807 247
4: -14174 -1 125229 247
2: -14326 427063 21 247
4: -14364 -3 41743 247
3: 14404 -54587 -19 247
3: 14703 -159201 -20 247
4: -14872 -2527 70 247
2: -14872 82745 19 247
3: 15067 -169 684 247
4: -15067 -169 760 247
2: -15162 39 -3185 247
3: 15162 -171 676 247
1: 15162 20241 -26 247
4: -15162 -21255 26 247
3: 15162 -28899 -16 247
1: 15548 1 -119130 247
2: -15548 1 -124906 247
1: 15548 4693 -45 247
2: -15548 4693 -7 247
4: -15548 -28519 24 247
1: 15561 123 -988 247
4: -15561 -129 988 247
4: -15561 -507 266 247
3: 15694 -272597 -19 247
4: -15717 -211185 20 247
4: -15873 -18411 26 247
3: 15884 -19 6253 247
4: -15884 -19 6591 247
2: -15884 377 -312 247
4: -15884 -767 182 247
1: 15884 17537 -26 247
3: 15886 -209 551 247
3: 15886 -589589 -19 247
2: -15886 617747 19 247
3: 15928 -786695 -19 247
1: 16016 61009 -21 247
2: -16016 61009 17 247
3: 16094 -61009 -17 247
4: -16094 -61009 21 247
1: 16182 799539 -19 247
4: -16224 -1311 114 247
1: 16224 602433 -19 247
4: -16224 -630591 19 247
1: 16302 3 -39767 247
1: 16393 10469 -30 247
1: 16416 285441 -19 247
3: 16549 -361 312 247
4: -16549 -361 364 247
1: 16562 893 -152 247
3: 16562 -4693 7 247
4: -16562 -4693 45 247
1: 16606 1 -119314 247
2: -16606 1 -124722 247
3: 16606 -22217 -13 247
2: -16606 23231 13 247
2: -16967 73 -1690 247
4: -16967 -61685 20 247
2: -17043 507 -228 247
1: 17069 927409 -18 247
4: -17069 -968563 18 247
3: 17238 -15 7942 247
4: -17238 -117 1083 247
3: 17238 -70395 -16 247
4: -17238 -95589 19 247
3: 17328 -15 7943 247
2: -17328 81 -1521 247
1: 17328 273 -455 247
1: 17328 9633 -30 247
3: 17328 -25935 -13 247
1: 17328 301665 -18 247
4: -17328 -314847 18 247
3: 17594 -37 3211 247
4: -17613 -183027 18 247
1: 17706 67431 -19 247
2: -17914 551 -209 247
1: 18018 5415 -39 247
4: -18252 -3 41515 247
1: 18252 52269 -19 247
4: -18252 -54435 19 247
1: 18772 1 -119626 247
2: -18772 1 -124410 247
2: -18772 5 -24869 247
3: 18772 -19 6279 247
4: -18772 -19 6565 247
4: -18772 -31 4030 247
4: -18772 -95 1326 247
1: 18772 149 -819 247
4: -18772 -155 819 247
1: 18772 169 -724 247
2: -18772 169 -720 247
2: -18772 589 -195 247
2: -18772 845 -131 247
3: 18772 -2831 26 247
2: -18772 2945 -26 247
3: 18772 -3211 21 247
4: -18772 -3211 55 247
4: -18772 -5239 40 247
4: -18772 -16055 24 247
1: 18772 25181 -21 247
4: -18772 -26195 21 247
2: -18772 99541 15 247
3: 18772 -478439 -16 247
2: -18772 497705 16 247
1: 19019 61009 -18 247
2: -19019 61009 14 247
4: -19032 -5415 39 247
2: -19266 3 -41439 247
3: 19266 -9 13281 247
2: -19266 39 -3173 247
3: 19266 -117 1007 247
1: 19266 153 -798 247
4: -19266 -159 798 247
2: -19266 1083 -99 247
1: 19266 1989 -76 247
4: -19266 -2067 76 247
3: 19266 -3249 21 247
2: -19266 14079 7 247
1: 19266 55233 -18 247
4: -19266 -57399 18 247
1: 19266 718029 -16 247
4: -19266 -746187 16 247
3: 19494 -3 39884 247
4: -19494 -57 2197 247
3: 19494 -45201 -13 247
1: 19494 340197 -16 247
4: -19494 -353379 16 247
2: -19798 51623 13 247
1: 19912 2873 -57 247
3: 19912 -51623 -13 247
2: -19942 23465 10 247
4: -20007 -1083 130 247
4: -20216 -143 884 247
3: 20254 -58121 -13 247
2: -20254 60287 13 247
4: -20577 -11115 26 247
3: 20592 -66063 -13 247
1: 20748 165 -741 247
1: 20748 27885 -19 247
2: -20787 1083 -100 247
4: -20956 -323 399 247
3: 21299 -372307 -14 247
2: -21299 385489 14 247
3: 21463 -55 2166 247
1: 21489 9 -13338 247
3: 21606 -107217 -13 247
1: 21736 61009 -16 247
2: -21736 61009 12 247
4: -22002 -915135 14 247
3: 22021 -169 696 247
4: -22021 -169 748 247
4: -22078 -2873 57 247
3: 22382 -13 9217 247
4: -22382 -13 9555 247
1: 22382 3211 -51 247
2: -22382 3211 -25 247
1: 22477 179 -684 247
4: -22477 -185 684 247
1: 22477 361 -346 247
2: -22477 361 -330 247
3: 22477 -2327 38 247
2: -22477 2405 -38 247
3: 22477 -4693 12 247
4: -22477 -4693 40 247
3: 22646 -361 319 247
4: -22646 -361 357 247
1: 22724 1 -120042 247
2: -22724 1 -123994 247
4: -22743 -507 258 247
4: -22914 -21801 19 247
4: -22971 -9747 26 247
2: -23104 353 -338 247
4: -23104 -1183 118 247
3: 23104 -591071 -13 247
2: -23104 610337 13 247
3: 23142 -661713 -13 247
4: -23153 -893 152 247
3: 23322 -321 361 247
3: 23322 -11913 -3 247
1: 23408 61009 -15 247
2: -23408 61009 11 247
3: 23522 -61009 -11 247
4: -23522 -61009 15 247
1: 23788 680485 -13 247
1: 23826 3 -40053 247
1: 23826 609843 -13 247
4: -23826 -629109 13 247
2: -23829 14079 4 247
2: -24063 183027 12 247
3: 24102 -183027 -12 247
2: -24187 845 -134 247
4: -24336 -399 323 247
3: 24336 -14079 -4 247
4: -24548 -559 234 247
3: 24548 -3211 25 247
4: -24548 -3211 51 247
1: 24909 369 -338 247
2: -24909 507 -232 247
4: -25012 -355 361 247
2: -25137 915135 12 247
2: -25194 3249 -26 247
1: 25324 125989 -13 247
4: -25631 -221 572 247
1: 25688 1 -120270 247
2: -25688 1 -123766 247
1: 25688 41 -2945 247
1: 25688 65 -1862 247
1: 25688 361 -345 247
2: -25688 361 -331 247
1: 25688 2665 -57 247
4: -25688 -2743 57 247
1: 25688 14801 -20 247
1: 25688 23465 -17 247
1: 25688 962065 -12 247
4: -25688 -990223 12 247
4: -25992 -39 3185 247
1: 25992 455793 -12 247
4: -25992 -468975 12 247
2: -26026 2489 -38 247
1: 26338 84835 -13 247
4: -26676 -3 41249 247
1: 26676 76893 -13 247
4: -26676 -79059 13 247
2: -26702 85 -1444 247
4: -26702 -4655 38 247
4: -26702 -214795 12 247
3: 26714 -59 2028 247
1: 26923 1805 -78 247
1: 27018 70395 -13 247
4: -27132 -70395 13 247
3: 27378 -1083 100 247
1: 27436 63973 -13 247
2: -27664 61009 9 247
2: -28158 3 -41197 247
1: 28158 9 -13390 247
2: -28158 21 -5876 247
4: -28158 -33 3757 247
3: 28158 -45 2665 247
2: -28158 57 -2158 247
1: 28158 171 -715 247
1: 28158 225 -546 247
4: -28158 -231 546 247
2: -28158 399 -299 247
2: -28158 507 -233 247
4: -28158 -627 208 247
3: 28158 -855 130 247
1: 28158 1521 -90 247
2: -28158 3549 -24 247
1: 28158 4275 -39 247
4: -28158 -4389 39 247
4: -28158 -5577 33 247
3: 28158 -7605 5 247
2: -28158 9633 -2 247
1: 28158 28899 -15 247
1: 28158 38025 -14 247
4: -28158 -39039 14 247
2: -28158 67431 9 247
4: -28158 -105963 12 247
3: 28158 -144495 -10 247
1: 28158 722475 -11 247
4: -28158 -741741 11 247
2: -28392 1425 -76 247
3: 28899 -39 3078 247
1: 28899 231 -532 247
4: -28899 -237 532 247
3: 28899 -14079 -2 247
1: 28899 83391 -12 247
4: -28899 -85557 12 247
2: -29317 305045 10 247
2: -29406 9 -13718 247
1: 29602 17 -7098 247
4: -29602 -65 1911 247
1: 29602 181 -676 247
1: 29602 4199 -39 247
4: -29602 -16055 18 247
1: 29602 44707 -13 247
2: -29744 113 -1083 247
2: -29792 4225 -19 247
3: 29887 -239 494 247
2: -29887 245 -494 247
3: 30108 -915135 -10 247
3: 30134 -169 703 247
1: 30324 40989 -13 247
4: -30324 -42003 13 247
2: -30381 1083 -104 247
1: 30628 49 -2470 247
3: 30758 -325 361 247
1: 31096 1 -120574 247
2: -31096 1 -123462 247
3: 31096 -551 209 247
1: 31122 249 -494 247
4: -31122 -255 494 247
3: 31122 -507 228 247
2: -31122 5415 -13 247
4: -31434 -13281 19 247
1: 31603 346921 -10 247
4: -31616 -1183 114 247
4: -31768 -4199 39 247
4: -31772 -115 1083 247
3: 31863 -2535 38 247
4: -31941 -3 41154 247
3: 31958 -4225 19 247
2: -32129 35321 6 247
4: -32448 -351 361 247
1: 32851 263 -468 247
4: -32851 -269 468 247
1: 32851 44447 -12 247
4: -32851 -45461 12 247
3: 33098 -361 325 247
4: -33098 -361 351 247
1: 33098 845 -152 247
1: 33212 1 -120666 247
2: -33212 1 -123370 247
4: -33212 -91 1365 247
1: 34398 915135 -9 247
1: 34476 3249 -46 247
2: -34656 9633 -4 247
1: 34656 609921 -9 247
4: -34656 -623103 9 247
3: 34983 -1425 76 247
3: 35017 -7 17238 247
2: -35169 183027 8 247
3: 35226 -183027 -8 247
3: 35321 -283 418 247
2: -35321 289 -418 247
1: 35378 11 -10985 247
3: 35378 -871 130 247
4: -35739 -7059 26 247
3: 35739 -9633 4 247
2: -36166 27797 4 247
3: 36461 -377 312 247
3: 36504 -327 361 247
1: 36504 969 -133 247
2: -36803 427063 8 247
2: -36822 433485 8 247
2: -36842 1805 -60 247
1: 37518 11115 -19 247
2: -37518 943293 8 247
1: 37544 1 -120822 247
2: -37544 1 -123214 247
3: 37544 -7 17251 247
1: 37544 169 -723 247
2: -37544 169 -721 247
1: 37544 817 -156 247
3: 37544 -1183 94 247
3: 37544 -5719 13 247
2: -37544 5833 -13 247
1: 37544 138073 -9 247
3: 37544 -966511 -8 247
2: -37544 985777 8 247
1: 38038 61009 -10 247
2: -38038 61009 6 247
4: -38194 -349 361 247
2: -38532 9 -13680 247
2: -38532 117 -1045 247
1: 38532 309 -399 247
4: -38532 -315 399 247
2: -38532 3249 -30 247
1: 38532 4017 -38 247
4: -38532 -4095 38 247
2: -38532 42237 5 247
1: 38532 111549 -9 247
4: -38532 -113715 9 247
4: -38988 -3 41067 247
1: 38988 686985 -8 247
4: -38988 -700167 8 247
4: -39026 -671099 8 247
4: -39039 -661713 8 247
3: 40014 -1083 104 247
4: -40071 -317889 8 247
1: 40118 305045 -8 247
4: -40157 -305045 8 247
2: -40793 22477 2 247
2: -41154 298623 7 247
1: 41574 1083 -119 247
1: 41743 13 -9310 247
2: -41743 13 -9462 247
1: 42081 3933 -38 247
2: -42081 98553 6 247
1: 42237 339 -364 247
4: -42237 -345 364 247
4: -42237 -507 250 247
1: 42237 6441 -26 247
4: -42237 -6555 26 247
4: -42237 -9633 20 247
3: 42484 -671099 -7 247
1: 42598 455 -273 247
3: 42598 -751205 -7 247
2: -42598 764387 7 247
3: 43433 -1805 60 247
1: 43472 61009 -9 247
2: -43472 61009 5 247
3: 44042 -169 709 247
4: -44042 -169 735 247
2: -44042 6175 -13 247
1: 44213 5 -24206 247
2: -44954 361 -334 247
4: -44954 -367 342 247
4: -44954 -4693 33 247
2: -44954 4771 -19 247
1: 45448 1 -121030 247
2: -45448 1 -123006 247
4: -45448 -427063 7 247
3: 45486 -507 232 247
3: 46208 -6175 13 247
4: -46683 -3 41002 247
4: -47177 -845 152 247
4: -47652 -195 637 247
1: 47652 1521 -86 247
1: 47652 202293 -7 247
1: 47658 14079 -15 247
3: 47918 -7 17290 247
4: -47918 -3887 38 247
1: 48126 183027 -7 247
4: -48204 -183027 7 247
1: 48659 6137 -26 247
4: -48672 -14079 15 247
3: 49096 -37687 -3 247
4: -49686 -969 133 247
1: 49818 507 -245 247
1: 51376 1 -121144 247
2: -51376 1 -122892 247
3: 51376 -767 152 247
3: 51376 -2527 42 247
3: 51623 -19 6370 247
4: -51623 -19 6474 247
3: 51623 -415 286 247
2: -51623 421 -286 247
2: -51984 33 -3718 247
2: -51984 6513 -13 247
1: 51984 918177 -6 247
4: -51984 -931359 6 247
1: 52169 793117 -6 247
2: -52706 703 -169 247
1: 52782 549081 -6 247
1: 53067 1677 -78 247
4: -53067 -28899 10 247
1: 53742 21 -5776 247
4: -54756 -1083 119 247
1: 55068 16245 -13 247
2: -55432 17 -7220 247
4: -56082 -16245 13 247
1: 56316 57 -2132 247
1: 56316 453 -273 247
4: -56316 -459 273 247
2: -56316 513 -234 247
1: 56316 9633 -18 247
1: 56316 76557 -7 247
4: -56316 -77571 7 247
2: -56316 86697 4 247
3: 56563 -35 3458 247
4: -57798 -39 3154 247
1: 57798 195 -627 247
1: 57798 465 -266 247
4: -57798 -471 266 247
3: 57798 -1209 95 247
4: -57798 -14079 14 247
1: 57798 70395 -7 247
1: 57798 167865 -6 247
4: -57798 -170031 6 247
3: 57798 -436449 -5 247
4: -58482 -273 455 247
2: -58482 568347 5 247
1: 58786 15523 -13 247
2: -58812 657381 5 247
1: 59657 7 -17328 247
2: -59774 487 -247 247
3: 60287 -119 1014 247
2: -60502 5 -24548 247
2: -60762 99 -1235 247
1: 60762 1083 -117 247
1: 61009 1 -121282 247
2: -61009 1 -122754 247
3: 61009 -1 121272 247
4: -61009 -1 122764 247
2: -61009 7 -17532 247
4: -61009 -7 17542 247
3: 61009 -13 9324 247
4: -61009 -13 9448 247
1: 61009 19 -6388 247
2: -61009 19 -6456 247
3: 61009 -19 6378 247
4: -61009 -19 6466 247
2: -61009 71 -1724 247
4: -61009 -71 1734 247
2: -61009 91 -1344 247
4: -61009 -91 1354 247
2: -61009 133 -918 247
4: -61009 -133 928 247
1: 61009 247 -496 247
2: -61009 247 -492 247
3: 61009 -247 486 247
4: -61009 -247 502 247
1: 61009 491 -252 247
3: 61009 -491 242 247
2: -61009 497 -242 247
4: -61009 -497 252 247
2: -61009 923 -128 247
4: -61009 -923 138 247
2: -61009 1349 -86 247
4: -61009 -1349 96 247
2: -61009 1729 -66 247
1: 61009 6383 -24 247
3: 61009 -6383 14 247
2: -61009 6461 -14 247
4: -61009 -6461 24 247
1: 61009 9329 -18 247
3: 61009 -9329 8 247
2: -61009 9443 -8 247
4: -61009 -9443 18 247
2: -61009 17537 -2 247
4: -61009 -17537 12 247
1: 61009 121277 -6 247
3: 61009 -121277 -4 247
2: -61009 122759 4 247
4: -61009 -122759 6 247
1: 61347 3 -40432 247
1: 61902 8619 -19 247
1: 62192 1 -121296 247
2: -62192 1 -122740 247
1: 62244 501 -247 247
3: 63037 -1 121296 247
4: -63037 -1 122740 247
3: 63037 -11191 6 247
3: 63882 -3 40432 247
4: -64068 -8619 19 247
2: -64714 2873 -38 247
4: -64727 -5 24548 247
2: -65208 1521 -76 247
3: 65572 -7 17328 247
2: -65702 95 -1287 247
3: 65702 -437 273 247
1: 65702 529 -234 247
4: -65702 -535 234 247
4: -65702 -2033 65 247
2: -65702 16055 -3 247
3: 65702 -73853 -3 247
1: 65702 89401 -6 247
4: -65702 -90415 6 247
4: -65702 -343577 5 247
1: 66196 41 -2964 247
1: 66424 1 -121342 247
2: -66424 1 -122694 247
3: 66586 -167 722 247
2: -66924 219849 4 247
3: 66937 -3971 26 247
2: -67146 4017 -26 247
1: 67431 39 -3116 247
1: 67431 543 -228 247
4: -67431 -549 228 247
1: 67868 637 -195 247
1: 67868 240149 -5 247
3: 67938 -48735 -2 247
1: 68107 79781 -6 247
4: -68229 -3 40898 247
2: -68229 1131 -104 247
1: 69312 9633 -17 247
2: -69673 324311 4 247
4: -69797 -17 7220 247
1: 70338 183027 -5 247
4: -70452 -183027 5 247
2: -70642 25 -4902 247
3: 70642 -569 209 247
2: -70642 575 -209 247
4: -71383 -83 1482 247
4: -71478 -9633 17 247
3: 71487 -21 5776 247
4: -71839 -11 11154 247
2: -72228 549081 4 247
3: 72267 -549081 -4 247
2: -72371 31 -3952 247
3: 73112 -5239 19 247
2: -73177 727415 4 247
1: 73853 1 -121410 247
2: -73853 1 -122626 247
3: 73853 -91 1330 247
1: 73853 1105 -114 247
1: 73853 4693 -30 247
2: -73853 4693 -22 247
1: 75088 1 -121420 247
2: -75088 1 -122616 247
4: -75088 -47 2613 247
3: 75088 -95 1274 247
1: 75088 209 -585 247
3: 75088 -9295 9 247
1: 75088 20449 -10 247
4: -75088 -41743 7 247
1: 76076 61009 -6 247
2: -76076 61009 2 247
3: 76893 -7605 12 247
3: 77064 -351 342 247
1: 77064 8073 -19 247
2: -77064 20577 -2 247
3: 77064 -126711 -3 247
1: 77311 2527 -52 247
1: 78052 13357 -13 247
3: 79287 -1521 76 247
1: 79768 23465 -9 247
1: 79781 19 -6396 247
2: -79781 19 -6448 247
3: 79781 -3211 34 247
4: -79781 -3211 42 247
4: -80028 -1083 117 247
1: 80769 3549 -38 247
4: -80769 -549081 4 247
4: -80782 -23465 9 247
3: 80864 -703 169 247
1: 81586 103 -1183 247
1: 82099 427063 -4 247
4: -82156 -427063 4 247
1: 83486 13 -9348 247
2: -83486 13 -9424 247
4: -83752 -455 273 247
3: 84474 -507 236 247
1: 84474 681 -182 247
4: -84474 -687 182 247
3: 84474 -9633 9 247
1: 84474 12939 -13 247
4: -84474 -13053 13 247
3: 84838 -203965 -3 247
4: -86697 -3 40850 247
1: 86697 252339 -4 247
4: -86697 -254505 4 247
4: -86944 -2527 52 247
1: 87723 48165 -6 247
3: 88806 -1131 104 247
3: 88806 -279357 -3 247
1: 89661 3 -40508 247
1: 89908 25 -4864 247
2: -89908 221 -551 247
1: 89908 361 -340 247
2: -89908 361 -336 247
1: 89908 725 -171 247
4: -89908 -731 171 247
1: 89908 10469 -15 247
4: -89908 -201799 4 247
4: -90402 -5415 26 247
1: 90611 5369 -26 247
1: 90896 1 -121524 247
2: -90896 1 -122512 247
4: -90972 -507 245 247
1: 90972 12597 -13 247
3: 92131 -1 121524 247
4: -92131 -1 122512 247
3: 92872 -427063 -3 247
1: 93138 45 -2704 247
2: -93138 7527 -13 247
4: -93138 -12597 13 247
3: 93366 -3 40508 247
1: 93964 2261 -57 247
4: -93964 -8303 18 247
3: 94978 -14801 5 247
3: 95654 -642941 -3 247
1: 96748 845 -147 247
1: 97513 17689 -10 247
4: -98527 -85 1444 247
1: 98553 795 -156 247
4: -98553 -801 156 247
1: 98553 134355 -4 247
4: -98553 -135369 4 247
1: 98914 12259 -13 247
3: 99541 -13 9348 247
4: -99541 -13 9424 247
2: -100217 117325 2 247
1: 102752 1 -121581 247
2: -102752 1 -122455 247
2: -102752 65 -1881 247
4: -102752 -60287 5 247
3: 103246 -19 6396 247
4: -103246 -19 6448 247
3: 103246 -833 143 247
2: -103246 839 -143 247
1: 103246 20111 -9 247
4: -105222 -7605 19 247
4: -105412 -110695 4 247
1: 105794 2527 -51 247
2: -105963 3 -40812 247
4: -106134 -972933 3 247
4: -107146 -2261 57 247
4: -107198 -793117 3 247
2: -107692 1805 -65 247
1: 107939 1 -121602 247
2: -107939 1 -122434 247
3: 107939 -147199 -2 247
2: -107939 148213 2 247
4: -109022 -637 195 247
4: -109022 -55601 5 247
4: -109744 -555503 3 247
4: -110656 -31 3952 247
2: -111549 25857 -2 247
2: -111878 32851 -1 247
1: 112346 427063 -3 247
4: -112424 -427063 3 247
4: -112632 -15 8164 247
2: -112632 57 -2145 247
4: -112632 -2535 51 247
2: -112632 9633 -10 247
3: 112892 -32851 1 247
3: 114798 -185055 -2 247
2: -115102 55 -2223 247
3: 115596 -39 3116 247
1: 115596 933 -133 247
4: -115596 -939 133 247
3: 115596 -14079 6 247
1: 115596 336813 -3 247
4: -115596 -338979 3 247
2: -116242 16055 -5 247
3: 116831 -41 2964 247
2: -117117 5415 -20 247
1: 117268 305045 -3 247
4: -117382 -305045 3 247
3: 118408 -16055 5 247
1: 118769 1859 -68 247
4: -118976 -2527 51 247
1: 120213 15 -8112 247
1: 122018 1 -121650 247
2: -122018 1 -122386 247
3: 122018 -1 121645 247
4: -122018 -1 122391 247
1: 122018 5 -24332 247
3: 122018 -5 24327 247
3: 122018 -13 9355 247
4: -122018 -13 9417 247
1: 122018 19 -6405 247
2: -122018 19 -6439 247
3: 122018 -19 6400 247
4: -122018 -19 6444 247
1: 122018 65 -1874 247
3: 122018 -65 1869 247
1: 122018 95 -1283 247
3: 122018 -95 1278 247
1: 122018 197 -620 247
3: 122018 -197 615 247
1: 122018 247 -495 247
2: -122018 247 -493 247
3: 122018 -247 490 247
4: -122018 -247 498 247
1: 122018 985 -126 247
3: 122018 -985 121 247
2: -122018 991 -121 247
4: -122018 -991 126 247
1: 122018 1235 -101 247
3: 122018 -1235 96 247
1: 122018 2561 -50 247
3: 122018 -2561 45 247
1: 122018 3743 -35 247
3: 122018 -3743 30 247
1: 122018 12805 -12 247
3: 122018 -12805 7 247
2: -122018 12883 -7 247
4: -122018 -12883 12 247
1: 122018 18715 -9 247
3: 122018 -18715 4 247
2: -122018 18829 -4 247
4: -122018 -18829 9 247
1: 122018 48659 -5 247
1: 122018 243295 -3 247
3: 122018 -243295 -2 247
2: -122018 244777 2 247
4: -122018 -244777 3 247
2: -122694 3 -40793 247
3: 123708 -5415 20 247
1: 124384 1 -121657 247
2: -124384 1 -122379 247
1: 125628 9 -13520 247
3: 126074 -1 121657 247
4: -126074 -1 122379 247
4: -126711 -3 40794 247
3: 126711 -57 2132 247
3: 126711 -298623 -2 247
3: 126958 -1805 65 247
2: -127452 45 -2717 247
4: -127764 -3 40793 247
3: 128516 -325663 -2 247
4: -128778 -193857 3 247
1: 129238 5 -24336 247
1: 131043 3 -40560 247
1: 131404 1061 -117 247
4: -131404 -1067 117 247
1: 131404 179309 -3 247
4: -131404 -180323 3 247
3: 131651 -383743 -2 247
2: -131651 385909 2 247
1: 132848 1 -121680 247
2: -132848 1 -122356 247
3: 134653 -1 121680 247
4: -134653 -1 122356 247
2: -134862 39 -3135 247
1: 134862 1089 -114 247
4: -134862 -1095 114 247
4: -134862 -70395 4 247
3: 134862 -464607 -2 247
4: -136097 -1615 78 247
3: 136097 -504127 -2 247
3: 136458 -3 40560 247
4: -137902 -845 147 247
3: 138263 -5 24336 247
3: 138624 -606879 -2 247
4: -139346 -1859 68 247
1: 140068 11245 -13 247
3: 140439 -707199 -2 247
3: 141284 -2527 46 247
2: -141284 13357 -7 247
4: -141284 -145483 3 247
3: 141284 -764959 -2 247
3: 141873 -9 13520 247
2: -142272 33 -3705 247
2: -142956 23829 -3 247
3: 143013 -915135 -2 247
1: 143678 1183 -105 247
1: 143988 42237 -5 247
4: -145002 -42237 5 247
1: 145483 235 -520 247
1: 145483 3211 -40 247
2: -145483 3211 -36 247
1: 147212 29 -4199 247
3: 147288 -15 8112 247
1: 147706 1 -121714 247
2: -147706 1 -122322 247
1: 147706 4693 -28 247
2: -147706 4693 -24 247
1: 150176 1 -121719 247
2: -150176 1 -122317 247
4: -150748 -125267 3 247
2: -150917 637 -190 247
1: 152152 61009 -4 247
4: -152893 -61009 4 247
3: 154128 -15 8113 247
2: -154869 3 -40768 247
1: 154869 1521 -82 247
3: 156313 -4355 26 247
1: 157339 403 -304 247
3: 157339 -4693 24 247
4: -157339 -4693 28 247
1: 158479 2431 -52 247
2: -159536 337 -361 247
1: 159562 19 -6409 247
2: -159562 19 -6435 247
4: -159562 -185 663 247
2: -159562 665 -182 247
3: 159562 -3211 36 247
4: -159562 -3211 40 247
2: -159562 31265 -2 247
4: -159562 -112385 3 247
1: 161226 339 -361 247
1: 162032 17 -7163 247
1: 163761 189 -646 247
1: 163761 886977 -2 247
2: -164502 15 -8151 247
1: 164606 829217 -2 247
1: 166421 728897 -2 247
1: 166972 13 -9367 247
2: -166972 13 -9405 247
3: 167466 -123 988 247
1: 167504 241 -507 247
1: 168948 285 -429 247
4: -168948 -507 243 247
4: -168948 -1371 91 247
1: 168948 626145 -2 247
2: -169442 11 -11115 247
2: -170014 3971 -29 247
1: 170183 586625 -2 247
2: -171912 9 -13585 247
3: 173394 -3 40584 247
4: -173394 -98553 3 247
1: 173394 505761 -2 247
4: -173394 -507927 2 247
3: 174363 -45 2704 247
1: 176529 447681 -2 247
2: -176852 5 -24453 247
1: 178334 420641 -2 247
4: -179056 -2431 52 247
2: -179322 3 -40755 247
4: -179778 -5031 26 247
1: 179816 361 -339 247
2: -179816 361 -337 247
1: 181792 1 -121771 247
2: -181792 1 -122265 247
1: 183027 3 -40592 247
4: -183027 -27 4530 247
1: 183027 39 -3124 247
3: 183027 -51 2386 247
1: 183027 57 -2138 247
3: 183027 -87 1398 247
2: -183027 135 -904 247
2: -183027 297 -410 247
4: -183027 -351 350 247
4: -183027 -513 240 247
1: 183027 741 -166 247
3: 183027 -969 124 247
3: 183027 -1131 106 247
1: 183027 1479 -84 247
4: -183027 -1485 84 247
3: 183027 -1653 72 247
2: -183027 1755 -68 247
2: -183027 2565 -46 247
2: -183027 3861 -30 247
2: -183027 5643 -20 247
4: -183027 -6669 20 247
3: 183027 -12597 8 247
1: 183027 19227 -8 247
4: -183027 -19305 8 247
3: 183027 -21489 4 247
1: 183027 28101 -6 247
4: -183027 -28215 6 247
2: -183027 33345 -2 247
1: 183027 365313 -2 247
4: -183027 -366795 2 247
3: 183196 -3971 29 247
3: 184262 -1 121771 247
4: -184262 -1 122265 247
4: -184832 -1183 105 247
3: 186238 -455 266 247
3: 186238 -12635 8 247
4: -186276 -89739 3 247
4: -186732 -3 40755 247
1: 189164 2873 -44 247
4: -189202 -5 24453 247
4: -189449 -19133 8 247
1: 190247 307073 -2 247
3: 192413 -311 390 247
3: 192413 -16055 6 247
4: -194142 -9 13585 247
1: 194636 2197 -57 247
4: -196612 -11 11115 247
1: 197106 1593 -78 247
2: -197106 6591 -17 247
1: 197106 269217 -2 247
4: -197106 -270231 2 247
2: -197392 9025 -12 247
3: 199082 -13 9367 247
4: -199082 -13 9405 247
4: -201438 -49179 4 247
4: -201552 -15 8151 247
1: 201552 3249 -39 247
3: 201799 -4427 26 247
1: 202293 1635 -76 247
4: -202293 -1641 76 247
1: 202293 5415 -24 247
3: 203983 -9025 12 247
3: 204022 -17 7163 247
4: -204828 -239343 2 247
3: 206492 -19 6409 247
4: -206492 -19 6435 247
2: -206492 25 -4888 247
4: -206492 -80275 3 247
4: -209741 -2873 44 247
4: -210102 -1365 91 247
1: 211926 3 -40603 247
3: 215137 -361 336 247
4: -215137 -361 340 247
1: 215878 1 -121810 247
2: -215878 1 -122226 247
2: -215878 323 -377 247
1: 215878 16055 -9 247
3: 215878 -294905 -1 247
2: -215878 295919 1 247
2: -218348 2093 -57 247
2: -218348 27797 -3 247
3: 218842 -29 4199 247
4: -220714 -113 1083 247
4: -220818 -3249 39 247
4: -222794 -2197 57 247
4: -223782 -33 3705 247
2: -225264 1521 -79 247
4: -225264 -4959 26 247
1: 225264 9633 -14 247
3: 228874 -359 338 247
4: -228969 -183027 2 247
1: 229957 11 -11076 247
4: -230679 -363 338 247
4: -231192 -39 3135 247
4: -231192 -14079 10 247
1: 237107 170753 -2 247
2: -237614 533 -228 247
4: -238602 -45 2717 247
1: 240318 70395 -3 247
4: -241332 -70395 3 247
1: 244036 1 -121834 247
2: -244036 1 -122202 247
3: 244036 -19 6411 247
4: -244036 -19 6433 247
3: 244036 -247 492 247
4: -244036 -247 496 247
1: 244036 1973 -63 247
4: -244036 -1979 63 247
1: 244036 25649 -6 247
4: -244036 -25727 6 247
3: 244036 -37487 2 247
2: -244036 37601 -2 247
3: 244036 -487331 -1 247
2: -244036 488813 1 247
1: 244758 1911 -65 247
4: -250952 -55 2223 247
3: 253422 -3 40612 247
4: -253422 -57 2145 247
2: -253422 2535 -47 247
4: -253669 -43681 4 247
1: 254866 7 -17407 247
4: -254866 -67769 3 247
4: -257393 -7267 18 247
2: -258058 671099 1 247
3: 258172 -671099 -1 247
4: -260091 -111 1102 247
2: -262086 3 -40729 247
1: 262808 25 -4875 247
1: 262808 4225 -30 247
2: -262964 6061 -19 247
4: -263302 -65 1881 247
2: -263302 427 -285 247
3: 263302 -768569 -1 247
2: -263302 770735 1 247
4: -264252 -144495 2 247
1: 265696 1 -121849 247
2: -265696 1 -122187 247
1: 266344 6137 -21 247
3: 269306 -1 121849 247
4: -269306 -1 122187 247
1: 269724 2181 -57 247
4: -269724 -2187 57 247
1: 272194 589 -208 247
4: -272916 -3 40729 247
1: 275301 24909 -6 247
1: 276146 136097 -2 247
4: -279526 -6137 21 247
3: 280136 -7 17407 247
2: -282568 377 -323 247
4: -285912 -1911 65 247
3: 286273 -169 720 247
4: -286273 -169 724 247
2: -290966 3211 -37 247
1: 295074 6783 -19 247
1: 295412 1 -121866 247
2: -295412 1 -122170 247
1: 295412 4693 -27 247
2: -295412 4693 -25 247
4: -295659 -507 242 247
1: 295659 2391 -52 247
4: -295659 -2397 52 247
4: -297103 -181 676 247
1: 298623 124545 -2 247
4: -300352 -95 1287 247
3: 300352 -1183 102 247
1: 304304 61009 -3 247
2: -304304 61009 -1 247
3: 304684 -17407 6 247
4: -305292 -99 1235 247
3: 305786 -61009 1 247
4: -305786 -61009 3 247
1: 309738 3 -40625 247
3: 314678 -4693 25 247
4: -314678 -4693 27 247
3: 319124 -3211 37 247
2: -323817 507 -240 247
4: -327522 -117 1045 247
2: -329954 4901 -24 247
1: 330564 7581 -17 247
1: 330733 107 -1140 247
1: 331398 2535 -49 247
3: 333203 -931 130 247
1: 333203 112385 -2 247
2: -337896 5577 -21 247
2: -337896 42081 -2 247
4: -340366 -403 304 247
4: -343746 -7581 17 247
4: -346788 -3 40717 247
1: 346788 429 -285 247
3: 350531 -4901 24 247
1: 351918 915135 -1 247
4: -352032 -915135 1 247
4: -359632 -143 855 247
4: -359632 -19855 7 247
4: -361361 -17069 8 247
2: -366054 3 -40713 247
3: 366054 -9 13543 247
2: -366054 39 -3131 247
2: -366054 57 -2142 247
3: 366054 -63 1934 247
4: -366054 -69 1771 247
3: 366054 -117 1041 247
2: -366054 129 -946 247
3: 366054 -171 712 247
1: 366054 423 -289 247
2: -366054 741 -164 247
3: 366054 -819 148 247
4: -366054 -897 137 247
3: 366054 -1197 101 247
4: -366054 -1311 94 247
2: -366054 1677 -72 247
3: 366054 -2223 54 247
2: -366054 2451 -49 247
1: 366054 2961 -42 247
4: -366054 -2967 42 247
1: 366054 5499 -23 247
1: 366054 8037 -16 247
3: 366054 -15561 7 247
4: -366054 -17043 8 247
2: -366054 31863 -3 247
1: 366054 38493 -4 247
4: -366054 -38571 4 247
1: 366054 56259 -3 247
4: -366054 -56373 3 247
1: 366054 104481 -2 247
1: 366054 731367 -1 247
4: -366054 -732849 1 247
4: -372552 -2535 49 247
1: 373997 16967 -8 247
4: -378898 -1079 114 247
1: 378898 23465 -6 247
4: -380588 -16967 8 247
1: 382109 101441 -2 247
4: -386802 -165 741 247
3: 388531 -3143 38 247
2: -388531 3149 -38 247
2: -389519 779 -156 247
4: -394212 -171 715 247
1: 394212 3189 -39 247
4: -394212 -3195 39 247
4: -394212 -28899 5 247
1: 394212 538941 -1 247
4: -394212 -539955 1 247
3: 394953 -639 190 247
2: -394953 1083 -112 247
1: 397822 54587 -3 247
3: 398183 -11323 10 247
4: -399988 -54587 3 247
1: 404586 3273 -38 247
4: -404586 -3279 38 247
1: 408291 9 -13546 247
3: 409994 -337 361 247
4: -411684 -339 361 247
1: 416594 96161 -2 247
1: 417677 5239 -24 247
3: 420641 -533 228 247
1: 421648 3185 -39 247
4: -423852 -195 627 247
2: -425828 493 -247 247
1: 427063 95 -1284 247
3: 427063 -1235 98 247
1: 427063 3455 -36 247
4: -427063 -3461 36 247
1: 427063 13129 -10 247
3: 427063 -44915 2 247
2: -427063 44993 -2 247
1: 428298 495 -247 247
3: 430274 -361 337 247
4: -430274 -361 339 247
1: 431756 1 -121914 247
2: -431756 1 -122122 247
4: -441142 -209 585 247
1: 441142 1577 -78 247
3: 441142 -14027 8 247
3: 446329 -8303 14 247
2: -450528 9633 -12 247
2: -452751 14079 -8 247
3: 453416 -103 1183 247
4: -455221 -7 17446 247
4: -455221 -589 208 247
4: -455221 -36673 4 247
3: 455962 -221 551 247
2: -459004 10469 -11 247
3: 462384 -14079 8 247
4: -462802 -3185 39 247
3: 464607 -9633 12 247
1: 464607 90753 -2 247
3: 472186 -10469 11 247
1: 472188 3549 -35 247
1: 488072 1 -121926 247
2: -488072 1 -122110 247
4: -488072 -7 17445 247
2: -488072 65 -1878 247
4: -488072 -95 1286 247
2: -488072 113 -1080 247
3: 488072 -143 852 247
1: 488072 209 -584 247
3: 488072 -247 493 247
4: -488072 -247 495 247
3: 488072 -359 339 247
4: -488072 -455 269 247
2: -488072 665 -183 247
4: -488072 -791 155 247
2: -488072 1729 -70 247
2: -488072 7345 -16 247
4: -488072 -10735 12 247
4: -488072 -27911 5 247
1: 488072 51337 -3 247
4: -488072 -51415 3 247
3: 488072 -75031 1 247
2: -488072 75145 -1 247
1: 488072 88673 -2 247
2: -497458 551 -221 247
3: 497458 -5915 20 247
4: -506844 -3 40703 247
2: -510549 21 -5814 247
3: 510549 -3159 38 247
4: -513342 -3549 35 247
3: 520182 -1083 112 247
2: -526604 17 -7182 247
4: -526604 -3263 38 247
3: 527449 -47291 2 247
1: 530309 22477 -6 247
4: -535002 -285 429 247
1: 539448 585 -209 247
3: 549081 -39 3126 247
3: 549081 -741 164 247
1: 549081 4443 -28 247
4: -549081 -4449 28 247
1: 549081 84417 -2 247
4: -549081 -84531 2 247
2: -558714 9 -13566 247
3: 567853 -4595 26 247
2: -567853 4601 -26 247
3: 572546 -169 721 247
4: -572546 -169 723 247
3: 572546 -779 156 247
2: -576992 9025 -13 247
2: -579956 6253 -19 247
3: 581932 -323 377 247
4: -581932 -943 130 247
2: -581932 34645 -3 247
2: -585542 80275 -1 247
3: 587613 -5415 22 247
3: 587708 -80275 1 247
1: 590824 1 -121942 247
2: -590824 1 -122094 247
3: 591318 -507 240 247
1: 591318 627 -195 247
1: 591318 4785 -26 247
4: -591318 -4791 26 247
3: 596258 -9025 13 247
3: 597246 -9747 12 247
2: -598767 27075 -4 247
4: -600704 -31 3939 247
2: -603668 73 -1672 247
3: 605358 -27075 4 247
3: 605397 -213 572 247
4: -606879 -3 40698 247
3: 608114 -6253 19 247
1: 612066 6591 -19 247
2: -614783 2873 -42 247
4: -616512 -48735 3 247
4: -622934 -7 17442 247
1: 623922 9747 -13 247
2: -628862 845 -144 247
1: 635778 5415 -23 247
4: -640224 -6591 19 247
1: 642941 79937 -2 247
4: -643188 -9747 13 247
1: 647634 507 -241 247
2: -647634 9063 -13 247
3: 648622 -377 323 247
3: 671099 -19 6418 247
4: -671099 -19 6426 247
3: 671099 -5431 22 247
2: -671099 5437 -22 247
2: -689871 4617 -26 247
1: 694564 9709 -13 247
1: 699998 715 -171 247
1: 699998 1805 -68 247
4: -702506 -241 507 247
4: -703209 -27 4522 247
4: -712842 -429 285 247
1: 713336 4769 -26 247
1: 721968 211185 -1 247
4: -722982 -211185 1 247
2: -732108 9 -13564 247
3: 732108 -15 8130 247
1: 732108 57 -2140 247
2: -732108 117 -1043 247
3: 732108 -195 625 247
1: 732108 237 -515 247
1: 732108 741 -165 247
1: 732108 1425 -86 247
1: 732108 3081 -40 247
1: 732108 5925 -21 247
4: -732108 -5931 21 247
1: 732108 18525 -7 247
3: 732108 -22515 5 247
1: 732108 77025 -2 247
4: -732108 -77103 2 247
1: 751602 21801 -6 247
1: 755573 16055 -8 247
1: 764959 6929 -18 247
4: -769652 -16055 8 247
2: -777062 6295 -19 247
1: 789906 1083 -113 247
3: 791882 -493 247 247
1: 793117 13 -9382 247
2: -793117 13 -9390 247
4: -793117 -325 376 247
1: 793117 1703 -72 247
4: -794352 -495 247 247
1: 796328 1289 -95 247
4: -799539 -51 2394 247
1: 800698 5915 -21 247
1: 809172 6549 -19 247
1: 812214 18411 -7 247
4: -825227 -1805 68 247
4: -825396 -18411 7 247
4: -832494 -74727 2 247
4: -835354 -101 1209 247
1: 838071 357 -342 247
4: -838071 -33573 4 247
2: -840047 5 -24414 247
3: 841282 -51623 2 247
4: -841852 -5915 21 247
4: -847704 -63 1938 247
2: -854126 11 -11097 247
4: -854126 -17 7181 247
3: 854126 -31 3934 247
4: -854126 -143 854 247
2: -854126 221 -552 247
1: 854126 403 -303 247
4: -854126 -703 174 247
2: -854126 3553 -34 247
1: 854126 6913 -18 247
4: -854126 -6919 18 247
4: -854126 -46189 3 247
3: 854126 -89869 1 247
2: -854126 89947 -1 247
1: 863512 1 -121966 247
2: -863512 1 -122070 247
3: 863512 -551 221 247
1: 872898 855 -143 247
4: -886977 -3 40690 247
2: -895869 1599 -76 247
3: 896363 -845 144 247
4: -905502 -585 209 247
1: 905502 14079 -9 247
4: -905749 -1859 66 247
1: 914394 183027 -1 247
4: -915876 -183027 1 247
4: -924768 -14079 9 247
1: 927979 1073 -114 247
1: 929214 69 -1768 247
2: -937612 3185 -38 247
1: 953667 3237 -38 247
4: -957372 -15 8138 247
4: -957372 -627 195 247
1: 966758 313 -390 247
1: 976144 1 -121972 247
2: -976144 1 -122064 247
