Command line:- ../do_t 3971 1000000
2: -4 2489 829939 3971
1: 11 2299 246924 3971
2: -11 2299 -274360 3971
2: -11 2527 397100 3971
2: -18 2541 260642 3971
2: -19 2057 -672182 3971
1: 19 3025 -891670 3971
1: 22 2299 116603 3971
2: -22 2299 -144039 3971
2: -32 3509 781926 3971
2: -33 3249 627418 3971
1: 44 1805 555940 3971
1: 44 3025 -390963 3971
1: 44 4085 -754490 3971
2: -46 4655 829939 3971
1: 52 5929 -912247 3971
1: 54 6897 -960260 3971
2: -56 4477 651605 3971
1: 57 3267 -384104 3971
1: 57 6831 -905388 3971
2: -57 6963 905388 3971
2: -58 4807 679041 3971
1: 59 7315 -905388 3971
1: 62 6859 -834537 3971
2: -62 6859 825341 3971
2: -66 1815 -390963 3971
1: 66 2907 -226347 3971
2: -66 5415 663157 3971
2: -76 1397 -754490 3971
1: 76 6809 -679041 3971
2: -76 6985 679041 3971
1: 77 20311 -905388 3971
2: -77 20843 905388 3971
1: 81 131043 -955928 3971
2: -81 189525 960982 3971
2: -82 17651 829939 3971
1: 82 45859 -912247 3971
4: -84 -131043 955928 3971
3: 84 -555579 -942590 3971
2: -88 16093 761349 3971
2: -88 18997 781926 3971
2: -88 48013 850839 3971
2: -88 56677 857736 3971
3: 88 -129107 -912247 3971
4: -88 -132979 912247 3971
4: -88 -396739 901417 3971
3: 88 -480491 -900334 3971
3: 88 -665323 -899118 3971
4: -88 -829939 898567 3971
2: -91 24805 781926 3971
1: 92 75449 -830357 3971
2: -92 75449 829521 3971
4: -93 -751773 850516 3971
1: 94 222775 -829939 3971
2: -94 229919 829939 3971
3: 94 -402325 -843657 3971
2: -96 16245 698896 3971
3: 96 -222699 -829939 3971
4: -96 -229995 829939 3971
3: 98 -75449 -829521 3971
4: -98 -75449 830357 3971
2: -99 1083 -984808 3971
2: -99 20577 702658 3971
3: 99 -34485 -850516 3971
1: 99 128865 -781926 3971
2: -99 133221 781926 3971
2: -99 390963 791472 3971
3: 99 -655215 -799254 3971
4: -102 -32889 829939 3971
2: -102 83391 750519 3971
4: -102 -209451 781926 3971
2: -104 212629 749474 3971
1: 104 489269 -754490 3971
2: -108 6897 473271 3971
4: -108 -17727 829939 3971
3: 108 -83391 -750519 3971
1: 109 11495 -576156 3971
4: -111 -6897 960260 3971
3: 113 -866723 -699618 3971
2: -114 1089 -850516 3971
1: 114 1815 198911 3971
1: 114 6765 -452694 3971
2: -114 7029 452694 3971
1: 114 14883 -583015 3971
3: 114 -74415 -713336 3971
4: -114 -77319 713336 3971
3: 114 -390963 -695750 3971
4: -116 -7315 905388 3971
1: 117 390963 -669856 3971
2: -121 1045 -864234 3971
1: 121 1061 781926 3971
2: -121 1105 -781926 3971
2: -121 1235 -631028 3971
2: -121 1615 -329232 3971
2: -121 1805 -225986 3971
2: -121 2717 68590 3971
2: -121 3553 205770 3971
1: 121 3971 -268584 3971
2: -121 3971 252700 3971
2: -121 4199 274360 3971
2: -121 4693 314070 3971
4: -121 -4693 989140 3971
2: -121 6137 393490 3971
4: -121 -6137 909720 3971
1: 121 6859 -429856 3971
2: -121 6859 420660 3971
3: 121 -6859 -873354 3971
4: -121 -6859 882550 3971
1: 121 11671 -521284 3971
3: 121 -11671 -781926 3971
2: -121 12155 521284 3971
4: -121 -12155 781926 3971
2: -121 13585 535002 3971
4: -121 -13585 768208 3971
2: -121 17765 562438 3971
4: -121 -17765 740772 3971
4: -121 -19855 731386 3971
1: 121 20159 -576156 3971
3: 121 -20159 -727054 3971
2: -121 20995 576156 3971
4: -121 -20995 727054 3971
2: -121 23465 584098 3971
4: -121 -23465 719112 3971
2: -121 30685 599982 3971
4: -121 -30685 703228 3971
2: -121 34295 605416 3971
4: -121 -34295 697794 3971
2: -121 46189 617310 3971
4: -121 -46189 685900 3971
2: -121 51623 620920 3971
4: -121 -51623 682290 3971
2: -121 67507 628140 3971
1: 121 75449 -631446 3971
2: -121 75449 630610 3971
3: 121 -75449 -671764 3971
4: -121 -75449 672600 3971
2: -121 79781 631750 3971
4: -121 -79781 671460 3971
2: -121 89167 633840 3971
4: -121 -89167 669370 3971
2: -121 116603 638020 3971
4: -121 -116603 665190 3971
1: 121 130321 -639934 3971
2: -121 130321 639450 3971
3: 121 -130321 -663276 3971
4: -121 -130321 663760 3971
1: 121 221749 -644746 3971
3: 121 -221749 -658464 3971
2: -121 230945 644746 3971
4: -121 -230945 658464 3971
2: -121 258115 645468 3971
4: -121 -258115 657742 3971
2: -121 337535 646912 3971
4: -121 -337535 656298 3971
2: -121 377245 647406 3971
4: -121 -377245 655804 3971
1: 121 383021 -647634 3971
3: 121 -383021 -655576 3971
2: -121 398905 647634 3971
4: -121 -398905 655576 3971
2: -121 445835 648052 3971
4: -121 -445835 655158 3971
2: -121 583015 648888 3971
4: -121 -583015 654322 3971
2: -121 651605 649174 3971
4: -121 -651605 654036 3971
2: -121 877591 649800 3971
4: -121 -877591 653410 3971
4: -121 -980837 653220 3971
2: -126 20577 551760 3971
3: 128 -6859 -825341 3971
4: -128 -6859 834537 3971
3: 129 -16245 -698896 3971
3: 131 -829939 -603554 3971
4: -131 -829939 603630 3971
4: -132 -9747 746548 3971
1: 132 20121 -528143 3971
2: -132 21033 528143 3971
3: 132 -131043 -607924 3971
3: 132 -390963 -600864 3971
3: 134 -742577 -590235 3971
2: -136 218405 573268 3971
3: 137 -37183 -611534 3971
3: 138 -107217 -583737 3971
3: 139 -218405 -573268 3971
1: 141 226347 -553432 3971
1: 142 115159 -544027 3971
3: 143 -16093 -631028 3971
1: 143 43681 -522006 3971
2: -143 43681 520562 3971
1: 143 381577 -547998 3971
2: -143 400349 547998 3971
4: -144 -4731 829939 3971
4: -144 -226347 553432 3971
4: -148 -115159 544027 3971
2: -148 151981 524172 3971
4: -151 -629945 524172 3971
1: 152 1573 246924 3971
3: 152 -73931 -535002 3971
4: -152 -77803 535002 3971
1: 154 20045 -452694 3971
1: 154 76171 -496375 3971
3: 154 -127655 -521284 3971
4: -154 -134431 521284 3971
2: -154 480491 509371 3971
3: 154 -485089 -514425 3971
3: 154 -651605 -513799 3971
2: -154 692759 510169 3971
2: -158 48013 473594 3971
3: 159 -20577 -551760 3971
2: -162 131043 477603 3971
1: 164 16093 -411540 3971
4: -166 -11495 576156 3971
3: 168 -131043 -477603 3971
1: 171 2541 -41154 3971
1: 171 6699 -301796 3971
2: -171 7095 301796 3971
3: 171 -10527 -562438 3971
1: 171 390963 -458348 3971
3: 172 -4807 -679041 3971
3: 173 -98857 -466412 3971
1: 174 5445 -260642 3971
3: 176 -2299 -898529 3971
4: -176 -2299 925965 3971
3: 176 -6859 -598994 3971
4: -176 -6859 608190 3971
2: -176 218405 442947 3971
2: -176 512677 445835 3971
2: -176 651605 446292 3971
1: 178 567853 -441142 3971
4: -181 -886255 436810 3971
4: -186 -2565 829939 3971
3: 188 -29051 -452694 3971
1: 196 101441 -393129 3971
1: 198 1083 448723 3971
1: 198 20577 -353628 3971
1: 198 126687 -390963 3971
2: -198 135399 390963 3971
1: 198 390963 -395857 3971
3: 199 -563255 -397822 3971
2: -203 223003 384104 3971
4: -206 -3509 651605 3971
1: 206 71269 -370386 3971
4: -206 -116603 390830 3971
2: -207 390963 378488 3971
1: 209 1331 274360 3971
1: 209 6655 -246924 3971
3: 209 -6655 -507566 3971
2: -209 7139 246924 3971
4: -209 -7139 507566 3971
1: 209 130321 -370590 3971
2: -209 130321 370106 3971
3: 209 -130321 -383900 3971
4: -209 -130321 384384 3971
1: 209 651605 -375914 3971
3: 209 -651605 -378576 3971
4: -212 -671099 373274 3971
3: 216 -32307 -390963 3971
4: -221 -16093 411540 3971
2: -221 34295 331056 3971
3: 222 -6897 -473271 3971
3: 226 -18997 -390963 3971
1: 228 6633 -226347 3971
2: -228 7161 226347 3971
3: 228 -72963 -356668 3971
4: -228 -78771 356668 3971
4: -228 -390963 347996 3971
1: 231 19779 -301796 3971
2: -231 21375 301796 3971
3: 231 -131043 -347282 3971
2: -231 308655 338580 3971
4: -231 -517275 342950 3971
1: 234 21945 -301796 3971
2: -234 390963 334807 3971
2: -236 377245 331892 3971
3: 239 -377245 -331892 3971
2: -242 931 -541861 3971
1: 242 1039 390963 3971
2: -242 1127 -390963 3971
4: -242 -1463 877952 3971
2: -242 1771 -130321 3971
4: -242 -1771 781926 3971
2: -242 2527 6137 3971
4: -242 -2527 645468 3971
2: -242 3059 61731 3971
4: -242 -3059 589874 3971
1: 242 3971 -138263 3971
2: -242 3971 122379 3971
3: 242 -3971 -513342 3971
4: -242 -3971 529226 3971
2: -242 4807 157757 3971
4: -242 -4807 493848 3971
1: 242 6859 -217227 3971
2: -242 6859 208031 3971
3: 242 -6859 -434378 3971
4: -242 -6859 443574 3971
2: -242 8303 228513 3971
4: -242 -8303 423092 3971
2: -242 10241 246924 3971
4: -242 -10241 404681 3971
1: 242 11429 -260642 3971
3: 242 -11429 -390963 3971
2: -242 12397 260642 3971
4: -242 -12397 390963 3971
2: -242 17689 280136 3971
4: -242 -17689 371469 3971
1: 242 19741 -288078 3971
3: 242 -19741 -363527 3971
2: -242 21413 288078 3971
4: -242 -21413 363527 3971
2: -242 27797 296742 3971
4: -242 -27797 354863 3971
4: -242 -33649 349809 3971
2: -242 48013 308978 3971
4: -242 -48013 342627 3971
2: -242 58121 311904 3971
4: -242 -58121 339701 3971
1: 242 75449 -315932 3971
2: -242 75449 315096 3971
3: 242 -75449 -335673 3971
4: -242 -75449 336509 3971
2: -242 91333 316958 3971
4: -242 -91333 334647 3971
1: 242 130321 -320088 3971
2: -242 130321 319604 3971
3: 242 -130321 -331517 3971
4: -242 -130321 332001 3971
2: -242 157757 320682 3971
4: -242 -157757 330923 3971
4: -242 -194579 329954 3971
1: 242 217151 -322373 3971
3: 242 -217151 -329232 3971
2: -242 235543 322373 3971
4: -242 -235543 329232 3971
2: -242 336091 323399 3971
4: -242 -336091 328206 3971
1: 242 375079 -323817 3971
3: 242 -375079 -327788 3971
2: -242 406847 323817 3971
4: -242 -406847 327788 3971
2: -242 528143 324273 3971
4: -242 -528143 327332 3971
2: -242 639331 324539 3971
4: -242 -639331 327066 3971
2: -242 912247 324917 3971
4: -242 -912247 326688 3971
3: 247 -72721 -329232 3971
4: -247 -79013 329232 3971
3: 248 -194579 -321651 3971
1: 252 20577 -278179 3971
1: 253 1159 301796 3971
1: 253 374357 -309738 3971
2: -253 407569 309738 3971
3: 254 -34295 -331056 3971
1: 256 316597 -305767 3971
2: -257 152779 301796 3971
3: 262 -829939 -301758 3971
4: -262 -829939 301834 3971
4: -263 -371393 301796 3971
4: -264 -1083 984808 3971
2: -264 1653 -150898 3971
4: -264 -131043 304323 3971
2: -264 200013 294937 3971
4: -264 -390963 300553 3971
2: -264 596733 297407 3971
1: 266 599 829939 3971
2: -266 655 -829939 3971
4: -266 -15851 342950 3971
4: -266 -651605 297539 3971
2: -281 651605 279510 3971
2: -282 226347 276507 3971
2: -286 34295 255607 3971
1: 286 43681 -261364 3971
2: -286 43681 259920 3971
1: 286 372191 -273999 3971
2: -286 409735 273999 3971
2: -286 521873 274360 3971
2: -288 14421 226347 3971
3: 288 -226347 -276507 3971
4: -291 -21945 301796 3971
1: 293 87001 -262086 3971
1: 297 6897 -178334 3971
1: 297 53067 -254144 3971
1: 297 124509 -260642 3971
2: -297 137577 260642 3971
4: -303 -347643 262086 3971
3: 304 -4235 -397822 3971
3: 304 -71995 -267501 3971
4: -304 -79739 267501 3971
1: 304 651605 -258456 3971
3: 308 -2299 -507566 3971
4: -308 -2299 535002 3971
1: 308 19513 -226347 3971
2: -308 21641 226347 3971
3: 308 -124267 -260642 3971
4: -308 -137819 260642 3971
2: -312 250173 250173 3971
4: -318 -20577 278179 3971
3: 318 -250173 -250173 3971
2: -318 613833 246924 3971
3: 319 -1805 -555940 3971
3: 319 -43681 -259920 3971
4: -319 -43681 261364 3971
2: -329 29887 219488 3971
1: 341 6859 -155496 3971
2: -341 6859 146300 3971
4: -341 -82669 238260 3971
1: 342 6501 -150898 3971
2: -342 7293 150898 3971
2: -342 390963 229053 3971
3: 344 -171475 -232199 3971
1: 346 335027 -226347 3971
3: 352 -6859 -297198 3971
4: -352 -6859 306394 3971
2: -352 212629 221331 3971
3: 356 -101783 -226347 3971
2: -356 182305 218405 3971
2: -361 605 -693842 3971
2: -361 847 -433200 3971
4: -361 -847 870010 3971
1: 361 3751 -88084 3971
3: 361 -3751 -348726 3971
2: -361 4235 88084 3971
4: -361 -4235 348726 3971
1: 361 130321 -214654 3971
2: -361 130321 214170 3971
3: 361 -130321 -222156 3971
4: -361 -130321 222640 3971
2: -361 651605 217558 3971
4: -361 -651605 219252 3971
2: -361 912247 217800 3971
4: -361 -912247 219010 3971
2: -363 627 -658464 3971
1: 363 1017 260642 3971
4: -363 -1083 724166 3971
2: -363 1149 -260642 3971
1: 363 1881 41154 3971
3: 363 -3249 -366776 3971
3: 363 -11187 -260642 3971
2: -363 11913 171114 3971
4: -363 -12639 260642 3971
1: 363 19323 -192052 3971
4: -363 -20577 243884 3971
2: -363 21831 192052 3971
1: 363 35739 -203604 3971
3: 363 -61731 -225074 3971
3: 363 -212553 -219488 3971
2: -363 226347 214776 3971
4: -363 -240141 219488 3971
1: 363 367137 -215878 3971
4: -363 -390963 218606 3971
2: -363 414789 215878 3971
1: 363 679041 -216486 3971
3: 367 -847 -781926 3971
2: -368 1573 -130321 3971
3: 374 -2527 -397100 3971
3: 374 -16093 -240065 3971
1: 374 34295 -197087 3971
3: 374 -198911 -213180 3971
1: 374 218405 -208658 3971
4: -378 -843657 209209 3971
2: -381 448305 205770 3971
2: -382 305767 204687 3971
1: 384 34485 -192052 3971
3: 386 -29887 -219488 3971
3: 388 -305767 -204687 3971
4: -396 -1995 452694 3971
2: -396 20577 174515 3971
4: -396 -75867 205770 3971
4: -396 -720195 199804 3971
1: 399 1089 205770 3971
3: 402 -14421 -226347 3971
2: -402 321651 194579 3971
1: 404 605 521284 3971
3: 408 -321651 -194579 3971
2: -411 61731 183920 3971
1: 414 390963 -189365 3971
1: 418 6413 -123462 3971
3: 418 -6413 -253783 3971
2: -418 7381 123462 3971
4: -418 -7381 253783 3971
1: 418 130321 -185416 3971
2: -418 130321 184932 3971
3: 418 -130321 -191829 3971
4: -418 -130321 192313 3971
1: 429 362805 -182666 3971
2: -429 419121 182666 3971
3: 431 -5203 -260642 3971
1: 436 65341 -174724 3971
2: -438 20691 157757 3971
4: -441 -34485 192052 3971
1: 443 130321 -174966 3971
2: -443 130321 174482 3971
3: 444 -61731 -183920 3971
3: 444 -517275 -178334 3971
3: 456 -579 -829939 3971
4: -456 -675 829939 3971
4: -456 -3267 308655 3971
3: 456 -70059 -178334 3971
4: -456 -81675 178334 3971
3: 456 -390963 -173877 3971
2: -459 267501 170126 3971
1: 462 18981 -150898 3971
2: -462 22173 150898 3971
1: 462 62073 -164616 3971
4: -462 -131043 174002 3971
1: 466 9559 -130321 3971
4: -469 -65341 174724 3971
4: -473 -3173 301796 3971
1: 484 361 824885 3971
2: -484 361 -999609 3971
3: 484 -995 -521284 3971
1: 484 1045 178334 3971
4: -484 -1171 521284 3971
1: 484 1805 34656 3971
1: 484 3781 -68590 3971
3: 484 -3971 -252700 3971
4: -484 -3971 268584 3971
3: 484 -6859 -214890 3971
4: -484 -6859 224086 3971
1: 484 10945 -130321 3971
2: -484 12881 130321 3971
1: 484 18905 -144039 3971
3: 484 -19855 -180861 3971
2: -484 22249 144039 3971
3: 484 -34295 -173299 3971
3: 484 -41591 -171475 3971
3: 484 -71839 -167865 3971
1: 484 75449 -158175 3971
2: -484 75449 157339 3971
1: 484 130321 -160165 3971
2: -484 130321 159681 3971
3: 484 -207955 -164616 3971
4: -484 -244739 164616 3971
3: 484 -359195 -163894 3971
1: 484 377245 -161956 3971
4: -484 -422731 163894 3971
1: 484 651605 -162354 3971
1: 484 790229 -162450 3971
2: -492 393129 159201 3971
2: -494 1067 -226347 3971
1: 494 2783 -34295 3971
3: 494 -69575 -164616 3971
4: -494 -82159 164616 3971
3: 498 -393129 -159201 3971
2: -506 9025 111188 3971
1: 506 357751 -154869 3971
2: -506 424175 154869 3971
2: -507 87153 150898 3971
1: 513 363 768208 3971
1: 516 174933 -150898 3971
1: 521 829939 -150936 3971
2: -521 829939 150860 3971
2: -522 399 -829939 3971
3: 524 -829939 -150860 3971
4: -524 -829939 150936 3971
3: 528 -1083 -448723 3971
1: 528 17061 -130321 3971
1: 528 50901 -142956 3971
3: 529 -174515 -150898 3971
4: -538 -87571 150898 3971
1: 542 323 829939 3971
1: 549 48279 -137180 3971
3: 552 -20691 -157757 3971
2: -572 43681 129599 3971
3: 583 -18563 -150898 3971
4: -583 -22591 150898 3971
4: -587 -2783 260642 3971
1: 588 1089 130321 3971
4: -589 -1573 356668 3971
1: 594 363 651605 3971
2: -594 6897 82308 3971
1: 594 117975 -130321 3971
2: -594 144111 130321 3971
1: 594 267501 -131670 3971
1: 598 185251 -130321 3971
4: -606 -48279 137180 3971
3: 612 -184767 -130321 3971
3: 616 -2299 -246924 3971
4: -616 -2299 274360 3971
3: 616 -117491 -130321 3971
4: -616 -144595 130321 3971
3: 627 -363 -864234 3971
2: -627 1089 -178334 3971
1: 627 6171 -82308 3971
2: -627 7623 82308 3971
3: 627 -390963 -126434 3971
3: 638 -43681 -129599 3971
2: -646 16819 102885 3971
2: -662 528143 118503 3971
3: 668 -528143 -118503 3971
1: 671 11191 -95304 3971
3: 679 -605 -521284 3971
3: 681 -390963 -116402 3971
1: 682 6859 -80047 3971
2: -682 6859 70851 3971
3: 682 -16577 -130321 3971
4: -682 -39083 123462 3971
1: 684 6105 -75449 3971
2: -684 7689 75449 3971
4: -688 -544027 115159 3971
2: -693 20577 99066 3971
2: -696 102885 110352 3971
3: 703 -6083 -150898 3971
4: -703 -7711 150898 3971
3: 704 -6859 -146300 3971
4: -704 -6859 155496 3971
2: -704 62453 107217 3971
3: 712 -323 -829939 3971
1: 722 319 607563 3971
3: 722 -319 -825968 3971
2: -722 407 -607563 3971
4: -722 -407 825968 3971
1: 722 3509 -44042 3971
3: 722 -3509 -174363 3971
2: -722 4477 44042 3971
4: -722 -4477 174363 3971
1: 722 130321 -107448 3971
2: -722 130321 106964 3971
3: 722 -130321 -110957 3971
4: -722 -130321 111441 3971
4: -723 -420717 109744 3971
1: 726 627 253783 3971
1: 726 951 130321 3971
3: 726 -1083 -318402 3971
2: -726 1215 -130321 3971
4: -726 -4617 171475 3971
3: 726 -10461 -130321 3971
1: 726 11913 -89528 3971
4: -726 -13365 130321 3971
1: 726 18069 -96026 3971
3: 726 -20577 -119643 3971
2: -726 23085 96026 3971
2: -726 50787 102885 3971
4: -726 -87723 111910 3971
3: 726 -198759 -109744 3971
1: 726 226347 -107597 3971
4: -726 -253935 109744 3971
1: 726 343311 -107939 3971
3: 726 -390963 -109182 3971
2: -726 438615 107939 3971
2: -726 964953 108300 3971
3: 729 -102885 -110352 3971
4: -732 -399 829939 3971
2: -732 583737 107217 3971
3: 737 -500707 -107426 3971
3: 738 -583737 -107217 3971
4: -741 -363 891670 3971
3: 741 -66429 -109744 3971
4: -741 -85305 109744 3971
3: 744 -9075 -130321 3971
1: 759 341145 -103246 3971
2: -781 12635 79420 3971
1: 818 549461 -96026 3971
2: -836 605 -329232 3971
3: 836 -847 -322373 3971
2: -836 1573 -68590 3971
1: 836 5929 -61731 3971
2: -836 7865 61731 3971
1: 836 130321 -92829 3971
2: -836 130321 92345 3971
2: -836 651605 93918 3971
3: 836 -912247 -94523 3971
1: 847 361 433922 3971
2: -847 361 -608646 3971
1: 847 17651 -82308 3971
2: -847 23503 82308 3971
3: 847 -75449 -95608 3971
4: -847 -75449 96444 3971
2: -852 679041 92169 3971
4: -858 -363 781926 3971
4: -858 -144039 93632 3971
1: 858 334647 -91333 3971
2: -858 447279 91333 3971
3: 869 -9025 -111188 3971
1: 886 130321 -87604 3971
2: -886 130321 87120 3971
2: -891 131043 86640 3971
4: -893 -1133 301796 3971
1: 899 521645 -87362 3971
4: -902 -198911 88616 3971
3: 906 -520923 -87362 3971
4: -912 -363 740772 3971
3: 912 -64251 -89167 3971
4: -912 -87483 89167 3971
1: 918 363 390963 3971
3: 919 -130321 -87120 3971
4: -919 -130321 87604 3971
2: -924 1089 -130321 3971
1: 924 17385 -75449 3971
2: -924 23769 75449 3971
3: 924 -131043 -86640 3971
1: 934 80465 -82308 3971
2: -942 750519 83391 3971
3: 948 -750519 -83391 3971
3: 968 -907 -260642 3971
4: -968 -1259 260642 3971
3: 968 -3971 -122379 3971
4: -968 -3971 138263 3971
3: 968 -6859 -105146 3971
4: -968 -6859 114342 3971
3: 968 -189563 -82308 3971
4: -968 -263131 82308 3971
3: 968 -327427 -81947 3971
4: -968 -454499 81947 3971
1: 969 12705 -68590 3971
2: -978 43263 75449 3971
2: -979 567853 80142 3971
3: 988 -63283 -82308 3971
4: -988 -88451 82308 3971
4: -991 -80465 82308 3971
1: 998 44099 -75449 3971
2: -1026 363 -514425 3971
4: -1034 -11191 95304 3971
1: 1042 829939 -75487 3971
2: -1042 829939 75411 3971
3: 1048 -829939 -75411 3971
4: -1048 -829939 75487 3971
4: -1056 -363 651605 3971
2: -1056 34485 68590 3971
3: 1067 -305767 -74366 3971
1: 1083 297 405042 3971
4: -1083 -363 637526 3971
2: -1083 429 -405042 3971
3: 1083 -3267 -116242 3971
4: -1083 -4719 116242 3971
4: -1083 -390963 73326 3971
1: 1089 165 781926 3971
2: -1089 399 -438976 3971
4: -1089 -627 397822 3971
1: 1089 1083 57760 3971
1: 1089 3135 -27436 3971
2: -1089 3477 13718 3971
2: -1089 7581 45486 3971
4: -1089 -11913 89528 3971
1: 1089 20577 -65550 3971
1: 1089 36993 -68590 3971
1: 1089 59565 -70034 3971
2: -1089 66063 69312 3971
2: -1089 144039 70984 3971
4: -1089 -226347 73302 3971
1: 1089 390963 -72040 3971
1: 1089 702867 -72200 3971
3: 1092 -43263 -75449 3971
2: -1111 605 -260642 3971
4: -1112 -44099 75449 3971
1: 1124 651605 -69938 3971
2: -1141 383933 68590 3971
3: 1144 -12635 -79420 3971
1: 1144 402325 -68590 3971
2: -1152 917301 68229 3971
3: 1158 -917301 -68229 3971
3: 1166 -16549 -75449 3971
4: -1166 -24605 75449 3971
3: 1177 -28519 -71478 3971
1: 1188 6897 -48013 3971
1: 1199 11495 -54872 3971
2: -1208 52877 61731 3971
3: 1221 -6897 -82308 3971
3: 1232 -2299 -116603 3971
4: -1232 -2299 144039 3971
2: -1243 116603 61864 3971
3: 1248 -363 -390963 3971
4: -1254 -363 562438 3971
3: 1254 -1089 -171475 3971
1: 1254 5445 -41154 3971
2: -1254 8349 41154 3971
4: -1254 -390963 63338 3971
1: 1273 319 301796 3971
3: 1276 -703 -226347 3971
2: -1287 390963 60808 3971
3: 1294 -651605 -61105 3971
3: 1309 -1235 -150898 3971
2: -1314 761349 59774 3971
3: 1322 -52877 -61731 3971
1: 1331 6061 -41154 3971
2: -1331 19855 50540 3971
1: 1353 513 150898 3971
4: -1362 -390963 58322 3971
3: 1364 -60287 -59565 3971
2: -1366 692759 57475 3971
1: 1386 20577 -51832 3971
4: -1386 -34485 61731 3971
3: 1406 -5269 -75449 3971
4: -1406 -8525 75449 3971
3: 1408 -6859 -70851 3971
4: -1408 -6859 80047 3971
3: 1441 -829939 -54834 3971
4: -1441 -829939 54910 3971
1: 1444 121 759905 3971
3: 1444 -275 -412984 3971
4: -1444 -451 412984 3971
1: 1444 605 108300 3971
1: 1444 3025 -22021 3971
2: -1444 4961 22021 3971
1: 1444 130321 -53845 3971
2: -1444 130321 53361 3971
1: 1444 651605 -54450 3971
1: 1452 117 781926 3971
4: -1452 -1083 202882 3971
1: 1452 1197 27436 3971
3: 1452 -1287 -130321 3971
1: 1452 3249 -24187 3971
2: -1452 11913 40793 3971
3: 1452 -13167 -61731 3971
1: 1452 15561 -48013 3971
2: -1452 25593 48013 3971
3: 1452 -35739 -57038 3971
1: 1452 42237 -51984 3971
3: 1452 -171171 -54872 3971
4: -1452 -281523 54872 3971
4: -1452 -390963 54712 3971
1: 1452 432117 -54074 3971
3: 1452 -464607 -54511 3971
3: 1482 -363 -315514 3971
3: 1482 -56991 -54872 3971
4: -1482 -94743 54872 3971
2: -1496 218405 51984 3971
1: 1518 291327 -51623 3971
2: -1518 490599 51623 3971
3: 1529 -218405 -51984 3971
4: -1558 -13673 61731 3971
1: 1573 209 370386 3971
2: -1573 209 -672182 3971
2: -1573 703 -164616 3971
2: -1573 146927 49096 3971
1: 1573 287717 -49818 3971
2: -1573 494209 49818 3971
3: 1578 -1089 -130321 3971
1: 1694 95 788785 3971
1: 1694 361 173280 3971
2: -1694 361 -348004 3971
4: -1694 -2033 116603 3971
4: -1694 -4693 76893 3971
3: 1694 -5225 -61731 3971
1: 1694 6479 -34295 3971
1: 1694 14725 -41154 3971
3: 1694 -19855 -50540 3971
2: -1694 26429 41154 3971
1: 1694 55955 -45125 3971
3: 1694 -75449 -47595 3971
4: -1694 -75449 48431 3971
3: 1694 -171475 -47006 3971
1: 1694 212629 -46170 3971
2: -1694 424897 46208 3971
3: 1694 -651605 -46665 3971
3: 1716 -363 -260642 3971
4: -1749 -20577 51832 3971
2: -1762 129599 43681 3971
1: 1772 130321 -43923 3971
2: -1772 130321 43439 3971
4: -1798 -1573 130321 3971
3: 1824 -363 -240065 3971
2: -1824 693 -150898 3971
4: -1826 -11495 54872 3971
3: 1828 -129599 -43681 3971
3: 1838 -130321 -43439 3971
4: -1838 -130321 43923 3971
3: 1848 -171 -452694 3971
1: 1881 4719 -27436 3971
2: -1881 9075 27436 3971
2: -1881 390963 41580 3971
2: -1897 319561 41154 3971
1: 1911 641421 -41154 3971
1: 1914 102885 -40546 3971
1: 1919 605 68590 3971
2: -1936 133 -925965 3971
3: 1936 -187 -390963 3971
3: 1936 -731 -130321 3971
4: -1936 -779 205770 3971
2: -1936 1045 -82308 3971
4: -1936 -1435 130321 3971
3: 1936 -6859 -50274 3971
4: -1936 -6859 59470 3971
3: 1936 -8987 -48013 3971
4: -1936 -12635 50901 3971
2: -1936 27797 36100 3971
2: -1936 74005 38988 3971
3: 1936 -116603 -41287 3971
3: 1936 -152779 -41154 3971
4: -1936 -162811 41515 3971
4: -1936 -299915 41154 3971
2: -1936 651605 40528 3971
3: 1969 -57475 -41154 3971
3: 1976 -50699 -41154 3971
4: -1976 -101035 41154 3971
4: -2046 -105051 39710 3971
4: -2057 -589 246924 3971
4: -2057 -186637 38988 3971
2: -2121 308655 36784 3971
4: -2123 -29887 41154 3971
3: 2134 -605 -130321 3971
3: 2154 -308655 -36784 3971
1: 2166 231 202521 3971
3: 2166 -363 -188442 3971
2: -2166 495 -202521 3971
2: -2166 1089 -72200 3971
3: 2166 -2541 -58121 3971
4: -2166 -5445 58121 3971
3: 2166 -390963 -36542 3971
3: 2178 -627 -123462 3971
4: -2178 -969 157757 3971
2: -2178 1083 -72561 3971
3: 2178 -11913 -40793 3971
4: -2178 -18411 42598 3971
2: -2178 20577 30476 3971
3: 2178 -226347 -36442 3971
4: -2178 -349809 36537 3971
2: -2178 390963 35899 3971
1: 2223 390963 -35332 3971
1: 2244 62073 -34295 3971
1: 2277 390963 -34496 3971
1: 2294 673607 -34295 3971
1: 2299 55 877952 3971
3: 2299 -55 -946542 3971
1: 2299 77 617310 3971
3: 2299 -77 -685900 3971
1: 2299 385 96026 3971
3: 2299 -385 -164616 3971
2: -2299 869 -96026 3971
4: -2299 -869 164616 3971
1: 2299 130321 -33910 3971
2: -2299 130321 33426 3971
3: 2299 -130321 -34680 3971
4: -2299 -130321 35164 3971
1: 2299 651605 -34218 3971
3: 2299 -651605 -34372 3971
1: 2299 912247 -34240 3971
3: 2299 -912247 -34350 3971
1: 2354 898529 -33440 3971
1: 2376 33573 -31768 3971
4: -2398 -931 150898 3971
2: -2409 20691 27436 3971
2: -2431 34295 29260 3971
1: 2432 53 829939 3971
2: -2438 706477 32186 3971
4: -2442 -6897 48013 3971
3: 2442 -61731 -33022 3971
2: -2451 1815 -27436 3971
3: 2497 -227069 -31768 3971
4: -2497 -554857 31768 3971
1: 2508 3993 -20577 3971
2: -2508 9801 20577 3971
3: 2508 -390963 -31548 3971
3: 2519 -857375 -31350 3971
4: -2527 -5687 49818 3971
2: -2541 627 -137180 3971
2: -2541 5415 11552 3971
3: 2541 -9747 -35378 3971
1: 2541 11799 -27436 3971
2: -2541 29355 27436 3971
1: 2574 390963 -30525 3971
4: -2622 -129 829939 3971
2: -2691 390963 29040 3971
2: -2706 393129 28880 3971
3: 2724 -390963 -29040 3971
4: -2739 -33573 31768 3971
3: 2739 -393129 -28880 3971
2: -2772 20577 23617 3971
4: -2783 -1463 96026 3971
1: 2783 75449 -27854 3971
2: -2783 75449 27018 3971
1: 2783 208297 -28158 3971
2: -2783 573629 28158 3971
3: 2794 -34295 -29260 3971
1: 2827 121 260642 3971
2: -2827 121 -781926 3971
2: -2838 282777 27436 3971
1: 2859 241395 -27436 3971
3: 2869 -275 -150898 3971
3: 2882 -829939 -27398 3971
4: -2882 -829939 27474 3971
3: 2888 -187 -206492 3971
4: -2888 -539 206492 3971
4: -2904 -171 589874 3971
1: 2904 285 89167 3971
3: 2904 -1083 -57760 3971
4: -2904 -61731 28709 3971
1: 2904 102885 -26828 3971
3: 2904 -115995 -27436 3971
4: -2904 -336699 27436 3971
3: 2904 -390963 -27235 3971
1: 2904 440781 -27075 3971
4: -2916 -241395 27436 3971
4: -2926 -605 185193 3971
4: -2926 -651605 27093 3971
4: -2964 -363 288078 3971
3: 2964 -38115 -27436 3971
4: -2964 -113619 27436 3971
2: -3036 285 -301796 3971
3: 3036 -20691 -27436 3971
2: -3091 651605 25366 3971
3: 3116 -143 -226347 3971
3: 3146 -77 -390963 3971
1: 3146 209 109744 3971
2: -3146 209 -411540 3971
2: -3146 34295 22401 3971
1: 3146 184471 -24909 3971
3: 3146 -500707 -25118 3971
2: -3146 597455 24909 3971
3: 3167 -912247 -24926 3971
2: -3168 85557 23826 3971
1: 3249 165 135014 3971
2: -3249 561 -135014 3971
1: 3249 390963 -24200 3971
2: -3267 741 -96026 3971
4: -3267 -26961 27436 3971
1: 3289 175085 -23826 3971
2: -3289 606841 23826 3971
2: -3311 95 -905388 3971
1: 3344 651605 -23540 3971
1: 3388 361 42959 3971
2: -3388 361 -217683 3971
1: 3388 8873 -20577 3971
2: -3388 32281 20577 3971
4: -3432 -363 260642 3971
2: -3476 48013 20900 3971
3: 3498 -20577 -23617 3971
3: 3509 -1805 -34656 3971
1: 3553 23 905388 3971
2: -3553 91 -905388 3971
4: -3586 -95 905388 3971
1: 3608 16093 -20577 3971
4: -3686 -605 157757 3971
2: -3738 158631 20577 3971
3: 3751 -209 -109744 3971
4: -3751 -209 411540 3971
1: 3751 6859 -18316 3971
2: -3751 6859 9120 3971
4: -3751 -127433 21660 3971
1: 3762 2541 -13718 3971
2: -3762 11253 13718 3971
1: 3762 390963 -20911 3971
1: 3828 889713 -20577 3971
3: 3839 -48013 -20900 3971
3: 3852 -158631 -20577 3971
4: -3861 -285 301796 3971
3: 3872 -6859 -22838 3971
4: -3872 -6859 32034 3971
3: 3872 -79211 -20577 3971
4: -3872 -373483 20577 3971
2: -3933 390963 19844 3971
3: 3952 -25531 -20577 3971
4: -3952 -126203 20577 3971
1: 3971 121 110466 3971
2: -3971 121 -631750 3971
3: 3971 -121 -150176 3971
4: -3971 -121 671460 3971
2: -3971 605 -110466 3971
4: -3971 -605 150176 3971
1: 3971 130321 -19734 3971
2: -3971 130321 19250 3971
3: 3971 -130321 -19976 3971
4: -3971 -130321 20460 3971
2: -3971 651605 19734 3971
4: -3971 -651605 19976 3971
4: -4047 -9801 27436 3971
1: 4114 34295 -18753 3971
4: -4332 -363 224542 3971
1: 4356 57 185193 3971
4: -4356 -627 137180 3971
2: -4356 1425 -34295 3971
1: 4356 20577 -17537 3971
4: -4356 -226347 18430 3971
2: -4356 514425 17955 3971
2: -4446 390963 17545 3971
2: -4477 133 -535002 3971
2: -4484 18997 13718 3971
2: -4496 651605 17424 3971
2: -4521 655215 17328 3971
3: 4529 -651605 -17424 3971
2: -4554 390963 17127 3971
3: 4554 -655215 -17328 3971
3: 4598 -11 -864234 3971
1: 4598 13 699618 3971
3: 4598 -13 -733913 3971
2: -4598 101 -699618 3971
4: -4598 -101 733913 3971
1: 4598 143 48013 3971
3: 4598 -143 -82308 3971
2: -4598 1111 -48013 3971
4: -4598 -1111 82308 3971
1: 4598 130321 -17076 3971
2: -4598 130321 16592 3971
3: 4598 -130321 -17219 3971
4: -4598 -130321 17703 3971
2: -4631 63175 15884 3971
2: -4642 779 -75449 3971
3: 4693 -77 -127072 3971
4: -4693 -649 127072 3971
1: 4719 81225 -16606 3971
2: -4719 700701 16606 3971
4: -4788 -87 829939 3971
4: -4862 -16093 20577 3971
1: 4873 130321 -16126 3971
2: -4873 130321 15642 3971
1: 4883 121 41154 3971
2: -4883 121 -562438 3971
4: -4961 -1045 82308 3971
3: 4994 -63175 -15884 3971
4: -5016 -363 205770 3971
4: -5016 -390963 15895 3971
1: 5054 11 496375 3971
3: 5054 -605 -24909 3971
4: -5054 -7381 24909 3971
3: 5054 -651605 -15609 3971
1: 5073 33 150898 3971
1: 5082 627 -6859 3971
1: 5082 3021 -13718 3971
2: -5082 38133 13718 3971
3: 5082 -631389 -15523 3971
3: 5168 -11 -452694 3971
3: 5203 -544027 -15162 3971
2: -5324 61237 13718 3971
1: 5324 456665 -14801 3971
1: 5339 651605 -14762 3971
1: 5382 390963 -14641 3971
4: -5448 -390963 14641 3971
1: 5566 25631 -14079 3971
1: 5566 75449 -14136 3971
2: -5566 75449 13300 3971
2: -5566 756295 14079 3971
1: 5567 4961 -13718 3971
2: -5567 146773 13718 3971
2: -5643 363 -164616 3971
2: -5654 121 -521284 3971
1: 5687 10241 -13718 3971
2: -5687 442453 13718 3971
2: -5709 696597 13718 3971
1: 5731 829939 -13756 3971
2: -5731 829939 13680 3971
1: 5742 89661 -13718 3971
1: 5747 963281 -13718 3971
3: 5748 -958683 -13718 3971
3: 5753 -85063 -13718 3971
3: 5764 -829939 -13680 3971
4: -5764 -829939 13756 3971
3: 5776 -11 -103246 3971
4: -5776 -715 103246 3971
2: -5776 1573 -27075 3971
2: -5776 651605 13552 3971
4: -5786 -701195 13718 3971
2: -5808 69 -912247 3971
4: -5808 -1083 72561 3971
3: 5808 -5643 -13718 3971
4: -5808 -447051 13718 3971
3: 5928 -363 -13718 3971
4: -5928 -151371 13718 3971
3: 5929 -75449 -13300 3971
4: -5929 -75449 14136 3971
4: -6118 -451 150898 3971
3: 6137 -11 71478 3971
2: -6137 737 -71478 3971
4: -6171 -65835 13718 3971
4: -6171 -432117 12920 3971
4: -6259 -121 521284 3971
1: 6292 209 -20577 3971
2: -6292 209 -281219 3971
2: -6292 6137 2527 3971
1: 6413 1577 -13718 3971
4: -6413 -42731 13718 3971
3: 6498 -33 67507 3971
2: -6498 759 -67507 3971
2: -6498 390963 11979 3971
3: 6534 -5415 -11552 3971
3: 6578 -40793 -11913 3971
2: -6578 822719 11913 3971
1: 6732 57 -75449 3971
1: 6842 19 -226347 3971
1: 6859 5 -841434 3971
3: 6859 -5 818444 3971
1: 6859 11 -388740 3971
3: 6859 -11 365750 3971
1: 6859 55 -86944 3971
3: 6859 -55 63954 3971
2: -6859 71 -818444 3971
4: -6859 -71 841434 3971
1: 6859 121 -45790 3971
2: -6859 121 -475494 3971
3: 6859 -121 22800 3971
4: -6859 -121 498484 3971
1: 6859 605 -18354 3971
3: 6859 -605 -4636 3971
2: -6859 781 -63954 3971
4: -6859 -781 86944 3971
1: 6859 6859 -12100 3971
2: -6859 6859 2904 3971
3: 6859 -6859 -10890 3971
4: -6859 -6859 20086 3971
2: -6859 8591 4636 3971
4: -6859 -8591 18354 3971
1: 6859 34295 -11616 3971
3: 6859 -34295 -11374 3971
1: 6859 75449 -11550 3971
2: -6859 75449 10714 3971
3: 6859 -75449 -11440 3971
4: -6859 -75449 12276 3971
1: 6859 377245 -11506 3971
3: 6859 -377245 -11484 3971
2: -6859 486989 11374 3971
4: -6859 -486989 11616 3971
1: 6859 829939 -11500 3971
2: -6859 829939 11424 3971
3: 6859 -829939 -11490 3971
4: -6859 -829939 11566 3971
3: 6897 -9 466412 3971
1: 6897 99 -54872 3971
2: -6897 123 -466412 3971
4: -6897 -1353 54872 3971
4: -6897 -390963 11582 3971
3: 6952 -19 226347 3971
4: -7011 -23595 13718 3971
3: 7062 -57 75449 3971
2: -7106 125 -452694 3971
1: 7139 377245 -11058 3971
2: -7381 99275 10108 3971
4: -7381 -385187 10830 3971
4: -7491 -390963 10670 3971
3: 7502 -209 20577 3971
4: -7502 -209 281219 3971
1: 7502 6859 -11457 3971
2: -7502 6859 2261 3971
3: 7524 -1815 -6859 3971
2: -7524 15609 6859 3971
1: 7581 1089 -16606 3971
4: -7581 -9075 16606 3971
1: 7623 20577 -10678 3971
2: -7638 3267 -6859 3971
2: -7676 605 -82308 3971
1: 7733 2057 -13718 3971
4: -7733 -15851 13718 3971
3: 7744 -11 651605 3971
3: 7744 -6859 -9120 3971
4: -7744 -6859 18316 3971
3: 7744 -99275 -10108 3971
3: 7744 -445835 -10165 3971
1: 7866 390963 -10043 3971
1: 7942 121 -75088 3971
2: -7942 121 -446196 3971
3: 7942 -121 55233 3971
4: -7942 -121 466051 3971
2: -7942 847 -55233 3971
4: -7942 -847 75088 3971
1: 7942 130321 -9988 3971
2: -7942 130321 9504 3971
3: 7942 -130321 -9867 3971
4: -7942 -130321 10351 3971
2: -7942 912247 9867 3971
4: -7942 -912247 9988 3971
4: -7986 -3135 27436 3971
3: 7986 -679041 -9861 3971
3: 8151 -363 13718 3971
3: 8228 -11 781926 3971
3: 8228 -2527 -6137 3971
1: 8303 1573 -15162 3971
4: -8303 -9559 15162 3971
1: 8349 285 -41154 3971
3: 8349 -157035 -9386 3971
2: -8349 938961 9386 3971
1: 8417 130321 -9438 3971
2: -8417 130321 8954 3971
3: 8664 -363 18050 3971
3: 8664 -390963 -9075 3971
2: -8712 381 -130321 3971
3: 8712 -627 6859 3971
2: -8712 137541 8664 3971
3: 8712 -226347 -9006 3971
2: -8721 363 -137180 3971
4: -9152 -779 75449 3971
3: 9196 -31 349809 3971
4: -9196 -55 953401 3971
2: -9196 145 -349809 3971
4: -9196 -319 171475 3971
1: 9196 341 -41154 3971
4: -9196 -1595 41154 3971
1: 9196 130321 -8659 3971
2: -9196 130321 8175 3971
2: -9196 651605 8494 3971
1: 9317 980837 -8474 3971
4: -9386 -935 63536 3971
4: -9438 -3249 24187 3971
3: 9438 -228513 -8303 3971
3: 9559 -19 617310 3971
2: -9559 48013 7182 3971
4: -9559 -123101 8664 3971
2: -9576 165 -301796 3971
2: -9658 39083 6859 3971
1: 9746 130321 -8184 3971
2: -9746 130321 7700 3971
1: 9747 363 -41876 3971
1: 9766 121 -109744 3971
2: -9766 121 -411540 3971
3: 9867 -256671 -7942 3971
1: 9922 103 -130321 3971
1: 9988 264613 -7942 3971
3: 10032 -363 27436 3971
2: -10051 55 -905388 3971
2: -10098 363 -130321 3971
3: 10109 -130321 -7700 3971
4: -10109 -130321 8184 3971
3: 10164 -171 68590 3971
3: 10164 -14535 -6859 3971
2: -10164 55689 6859 3971
4: -10406 -77 651605 3971
2: -10406 95 -514425 3971
4: -10406 -8075 13718 3971
2: -10406 138985 7220 3971
4: -10406 -171475 7866 3971
4: -10469 -1573 38988 3971
4: -10526 -55 905388 3971
3: 10659 -45 301796 3971
2: -10659 159 -301796 3971
3: 10769 -138985 -7220 3971
3: 10811 -121 109744 3971
4: -10811 -121 411540 3971
3: 10912 -39083 -6859 3971
4: -11001 -165 301796 3971
1: 11132 75449 -7277 3971
2: -11132 75449 6441 3971
3: 11134 -65945 -6859 3971
2: -11134 217679 6859 3971
1: 11172 1089 -20577 3971
1: 11286 363 -48013 3971
1: 11308 121 -130321 3971
2: -11308 121 -390963 3971
2: -11328 475893 6859 3971
3: 11374 -205865 -6859 3971
2: -11374 658559 6859 3971
3: 11442 -475893 -6859 3971
2: -11462 829939 6821 3971
3: 11528 -829939 -6821 3971
1: 11548 485089 -6859 3971
1: 11552 341 -51623 3971
4: -11552 -1067 51623 3971
3: 11616 -53067 -6498 3971
1: 11616 215061 -6859 3971
4: -11616 -667755 6859 3971
4: -11662 -485089 6859 3971
4: -11856 -363 137180 3971
1: 11856 75141 -6859 3971
4: -11856 -226875 6859 3971
3: 11858 -75449 -6441 3971
4: -11858 -75449 7277 3971
2: -11858 313709 6498 3971
3: 11913 -363 36822 3971
2: -11913 1089 -36822 3971
3: 11913 -390963 -6578 3971
1: 12078 48279 -6859 3971
3: 12274 -385 35739 3971
2: -12274 1111 -35739 3971
1: 12364 651605 -6402 3971
4: -12463 -116603 6726 3971
3: 12518 -121 130321 3971
4: -12518 -121 390963 3971
4: -12716 -665323 6270 3971
1: 12826 23731 -6859 3971
4: -12826 -64885 6859 3971
2: -12881 171475 5852 3971
4: -12901 -605 82308 3971
3: 12939 -390963 -6050 3971
4: -12996 -1815 31407 3971
4: -13189 -59 781926 3971
3: 13244 -171475 -5852 3971
2: -13262 847 -48013 3971
4: -13332 -48279 6859 3971
3: 13431 -61731 -5586 3971
1: 13718 43 -420717 3971
3: 13718 -43 409222 3971
2: -13718 109 -409222 3971
4: -13718 -109 420717 3971
1: 13718 121 -153216 3971
2: -13718 121 -368068 3971
3: 13718 -121 141721 3971
4: -13718 -121 379563 3971
1: 13718 473 -43472 3971
3: 13718 -473 31977 3971
2: -13718 1199 -31977 3971
4: -13718 -1199 43472 3971
1: 13718 5203 -9177 3971
3: 13718 -5203 -2318 3971
1: 13718 6859 -8349 3971
2: -13718 6859 -847 3971
3: 13718 -6859 -3146 3971
4: -13718 -6859 12342 3971
2: -13718 13189 2318 3971
4: -13718 -13189 9177 3971
1: 13718 75449 -5984 3971
2: -13718 75449 5148 3971
3: 13718 -75449 -5511 3971
4: -13718 -75449 6347 3971
1: 13718 294937 -5808 3971
3: 13718 -294937 -5687 3971
2: -13718 747631 5687 3971
4: -13718 -747631 5808 3971
1: 13718 829939 -5769 3971
2: -13718 829939 5693 3971
3: 13718 -829939 -5726 3971
4: -13718 -829939 5802 3971
4: -13728 -363 130321 3971
1: 13794 33 -548720 3971
3: 13794 -75 233206 3971
3: 13794 -165 102885 3971
2: -13794 189 -233206 3971
4: -13794 -297 157757 3971
1: 13794 825 -27436 3971
4: -13794 -2079 27436 3971
3: 13794 -390963 -5670 3971
4: -14079 -363 129238 3971
1: 14157 390963 -5616 3971
3: 14212 -79 226347 3971
2: -14212 193 -226347 3971
3: 14234 -651605 -5511 3971
3: 14278 -6137 -2527 3971
3: 14982 -390963 -5214 3971
1: 15004 118769 -5415 3971
1: 15162 6171 -8303 3971
4: -15162 -14157 8303 3971
2: -15246 165 -260642 3971
2: -15246 20577 3040 3971
1: 15466 11011 -6859 3971
4: -15466 -24805 6859 3971
3: 15488 -6859 -2261 3971
4: -15488 -6859 11457 3971
4: -15523 -77 571824 3971
1: 15851 77 -260642 3971
1: 15884 121 -167865 3971
1: 15884 605 -37544 3971
4: -15884 -1331 37544 3971
1: 15884 130321 -5115 3971
2: -15884 130321 4631 3971
1: 15884 651605 -4994 3971
2: -15922 539 -75449 3971
1: 16016 212629 -5016 3971
3: 16093 -1067 13718 3971
2: -16093 2321 -13718 3971
2: -16214 319 -130321 3971
4: -16302 -363 123462 3971
4: -16379 -212629 5016 3971
2: -16606 55 -774345 3971
1: 16606 7139 -7581 3971
4: -16606 -15125 7581 3971
3: 16698 -705033 -4693 3971
1: 16834 130321 -4840 3971
2: -16834 130321 4356 3971
1: 17061 226347 -4712 3971
4: -17328 -363 121296 3971
1: 17424 165 -130321 3971
4: -17424 -226347 4712 3971
1: 17442 363 -61731 3971
3: 17461 -130321 -4356 3971
4: -17461 -130321 4840 3971
2: -17556 1089 -34295 3971
3: 17594 -25 829939 3971
4: -17784 -51 829939 3971
1: 17908 8569 -6859 3971
1: 18012 297 -75449 3971
2: -18106 240065 4180 3971
4: -18126 -1815 27436 3971
2: -18282 122379 3971 3971
1: 18392 77 -281219 3971
3: 18392 -187 109744 3971
1: 18392 1309 -20577 3971
4: -18392 -2563 20577 3971
3: 18411 -759 23826 3971
2: -18411 1485 -23826 3971
3: 18469 -240065 -4180 3971
2: -18513 57 -727054 3971
1: 18772 781 -31768 3971
4: -18772 -1507 31768 3971
2: -18876 105 -390963 3971
4: -18876 -144039 4465 3971
3: 19008 -122379 -3971 3971
3: 19239 -20577 -3040 3971
1: 19492 130321 -4213 3971
2: -19492 130321 3729 3971
2: -19494 363 -109383 3971
1: 19532 121 -185193 3971
2: -19532 121 -336091 3971
4: -19646 -4235 13718 3971
1: 19722 99 -226347 3971
3: 19734 -904305 -3971 3971
2: -19912 77 -528143 3971
1: 19976 920189 -3971 3971
4: -20064 -363 116603 3971
3: 20218 -130321 -3729 3971
4: -20218 -130321 4213 3971
1: 20292 33 -679041 3971
4: -20328 -555579 3952 3971
2: -20548 541861 3762 3971
1: 20577 81 -280478 3971
4: -20577 -147 280478 3971
2: -20577 231 -172216 3971
4: -20577 -363 115862 3971
3: 20577 -891 21318 3971
2: -20577 1617 -21318 3971
4: -20577 -2541 19836 3971
1: 20577 9801 -6118 3971
4: -20577 -17787 6118 3971
4: -20577 -20577 5808 3971
4: -20577 -144039 4114 3971
2: -20577 226347 3652 3971
1: 20577 555579 -3872 3971
2: -20691 561 -68590 3971
1: 20691 390963 -3868 3971
1: 20702 138263 -3971 3971
3: 20862 -33 679041 3971
1: 21109 605 -41154 3971
4: -21242 -77 528143 3971
3: 21318 -147 150898 3971
2: -21318 261 -150898 3971
2: -21356 651605 3630 3971
4: -21428 -138263 3971 3971
3: 21432 -99 226347 3971
3: 21622 -121 185193 3971
4: -21622 -121 336091 3971
2: -21736 53 -754490 3971
1: 22021 89 -262086 3971
4: -22021 -155 262086 3971
3: 22021 -10769 -1444 3971
2: -22021 18755 1444 3971
1: 22363 157 -150898 3971
4: -22363 -271 150898 3971
3: 22382 -1573 11191 3971
1: 22506 969 -27436 3971
4: -22506 -373635 3610 3971
3: 22869 -843657 -3420 3971
3: 23142 -297 75449 3971
2: -23232 1653 -20577 3971
3: 23474 -445835 -3306 3971
3: 23712 -363 61731 3971
4: -23826 -363 111910 3971
3: 23826 -1089 18411 3971
2: -23826 1815 -18411 3971
4: -23826 -390963 3410 3971
2: -24453 390963 3124 3971
4: -24586 -651605 3267 3971
1: 24909 12705 -5054 3971
2: -25047 390963 3048 3971
4: -25232 -539 75449 3971
2: -25773 679041 3002 3971
4: -25878 -390963 3146 3971
2: -26741 34295 1824 3971
4: -26983 -1007 41154 3971
2: -27346 665 -54872 3971
4: -27436 -55 700777 3971
1: 27436 77 -323532 3971
3: 27436 -119 204611 3971
1: 27436 121 -206929 3971
2: -27436 121 -314355 3971
2: -27436 185 -204611 3971
3: 27436 -187 129162 3971
4: -27436 -407 97185 3971
2: -27436 605 -60572 3971
3: 27436 -847 26277 3971
1: 27436 1309 -21736 3971
4: -27436 -2035 21736 3971
1: 27436 2057 -14877 3971
2: -27436 4477 -5700 3971
3: 27436 -6859 726 3971
4: -27436 -6859 8470 3971
3: 27436 -14399 -1159 3971
2: -27436 22385 1159 3971
4: -27436 -34295 3993 3971
1: 27436 48013 -3388 3971
1: 27436 75449 -3201 3971
2: -27436 75449 2365 3971
3: 27436 -116603 -2662 3971
4: -27436 -253783 3025 3971
2: -27436 377245 2772 3971
3: 27436 -528143 -2827 3971
1: 27436 816221 -2904 3971
3: 27436 -829939 -2844 3971
4: -27436 -829939 2920 3971
3: 27588 -99 246924 3971
3: 27588 -207 116603 3971
2: -27588 321 -116603 3971
1: 27588 2277 -13718 3971
4: -27588 -3531 13718 3971
4: -27588 -390963 2956 3971
4: -27892 -847 48013 3971
1: 27951 369303 -2888 3971
3: 28158 -363 65702 3971
4: -28314 -369303 2888 3971
2: -28314 390963 2687 3971
2: -28556 377245 2660 3971
3: 28919 -377245 -2660 3971
1: 29601 390963 -2728 3971
4: -29887 -77 493848 3971
4: -29964 -390963 2728 3971
3: 29982 -1089 20577 3971
1: 30492 20577 -3819 3971
1: 30628 5929 -6859 3971
3: 30734 -34295 -1824 3971
4: -31702 -8569 6859 3971
1: 31768 1573 -18772 3971
3: 32129 -145 174724 3971
2: -32129 211 -174724 3971
4: -32186 -73 514425 3971
3: 32186 -2761 6859 3971
2: -32186 4015 -6859 3971
4: -32186 -651605 2507 3971
1: 32307 33 -781926 3971
3: 32604 -363 68590 3971
3: 32756 -31 829939 3971
1: 32791 323 -82308 3971
4: -32946 -45 829939 3971
1: 33668 130321 -2541 3971
2: -33668 130321 2057 3971
2: -34001 651605 2262 3971
3: 34122 -99 260642 3971
2: -34122 226347 2147 3971
3: 34656 -363 69673 3971
4: -34727 -143 260642 3971
3: 34848 -226347 -2147 3971
3: 34922 -130321 -2057 3971
4: -34922 -130321 2541 3971
3: 35739 -1815 12274 3971
2: -35739 2541 -12274 3971
2: -35739 390963 2112 3971
2: -35816 133 -274360 3971
3: 35937 -941127 -2166 3971
2: -36421 95 -384104 3971
2: -36461 605 -58482 3971
1: 36542 24187 -3249 3971
1: 36542 569297 -2204 3971
3: 36784 -59 445835 3971
1: 36784 651605 -2184 3971
2: -36822 2607 -11913 3971
1: 37026 57 -466412 3971
1: 37544 1925 -15884 3971
4: -37544 -2651 15884 3971
4: -38478 -20577 3819 3971
3: 38841 -57 466412 3971
3: 39083 -317 82308 3971
2: -39083 431 -82308 3971
4: -39446 -95 384104 3971
4: -40051 -133 274360 3971
2: -40051 528143 1900 3971
3: 40414 -528143 -1900 3971
4: -40546 -605 61731 3971
1: 41154 33 -819280 3971
3: 41154 -39 689700 3971
4: -41154 -99 366586 3971
3: 41154 -165 161557 3971
1: 41154 195 -140239 3971
4: -41154 -261 140239 3971
3: 41154 -363 72390 3971
1: 41154 429 -64790 3971
2: -41154 1089 -31236 3971
1: 41154 1815 -16777 3971
3: 41154 -2145 10659 3971
2: -41154 2871 -10659 3971
3: 41154 -4719 3800 3971
3: 41154 -20577 -605 3971
1: 41154 23595 -3059 3971
4: -41154 -31581 3059 3971
2: -41154 61731 1331 3971
1: 41154 102885 -2178 3971
1: 41154 226347 -2035 3971
3: 41154 -267501 -1815 3971
4: -41154 -679041 1969 3971
3: 41382 -33 816221 3971
2: -41382 390963 1813 3971
1: 41503 101441 -2166 3971
4: -41866 -322373 1995 3971
1: 42237 390963 -1936 3971
3: 42636 -351 75449 3971
2: -42636 465 -75449 3971
3: 43076 -323 82308 3971
1: 43263 390963 -1892 3971
2: -43681 55 -649800 3971
4: -43681 -55 653410 3971
2: -43681 275 -128516 3971
4: -43681 -275 132126 3971
2: -43681 130321 1530 3971
4: -43681 -130321 2080 3971
2: -43681 651605 1750 3971
4: -43681 -651605 1860 3971
1: 44042 211 -131043 3971
4: -44042 -277 131043 3971
3: 44042 -25531 -722 3971
2: -44042 33517 722 3971
4: -44528 -24187 3249 3971
1: 44726 371 -75449 3971
4: -44726 -485 75449 3971
1: 44764 473 -59565 3971
2: -45486 165 -214434 3971
2: -45738 39 -912247 3971
1: 47069 788785 -1710 3971
3: 47652 -363 74366 3971
3: 47652 -390963 -1584 3971
4: -48013 -143 249546 3971
2: -48013 2783 -11096 3971
1: 48013 28193 -2622 3971
4: -48013 -36179 2622 3971
3: 48013 -75449 -1276 3971
4: -48013 -75449 2112 3971
2: -48013 980837 1606 3971
1: 48279 81 -342950 3971
1: 48411 637887 -1672 3971
4: -48521 -665 54872 3971
4: -48774 -637887 1672 3971
3: 48792 -3267 6859 3971
1: 48906 390963 -1683 3971
2: -49456 651605 1540 3971
1: 49818 29403 -2527 3971
4: -49818 -37389 2527 3971
3: 49819 -651605 -1540 3971
1: 50094 390963 -1645 3971
4: -50901 -99 357390 3971
2: -51129 390963 1452 3971
1: 51623 2783 -11552 3971
4: -51623 -3509 11552 3971
3: 51756 -390963 -1452 3971
1: 51984 165 -170753 3971
3: 52272 -434283 -1444 3971
2: -52706 3025 -10108 3971
2: -52756 694925 1444 3971
3: 53119 -694925 -1444 3971
3: 53361 -969 27436 3971
1: 53603 130321 -1686 3971
2: -53603 130321 1202 3971
1: 53713 121 -233206 3971
2: -53713 121 -288078 3971
1: 54872 2981 -10868 3971
4: -54872 -3707 10868 3971
3: 54872 -6859 2662 3971
4: -54872 -6859 6534 3971
3: 54872 -829939 -1403 3971
4: -54872 -829939 1479 3971
2: -55176 45 -775067 3971
1: 55176 5181 -6859 3971
4: -55176 -6435 6859 3971
3: 55176 -390963 -1357 3971
3: 55233 -3003 7942 3971
2: -55233 3729 -7942 3971
3: 55594 -605 45125 3971
3: 55594 -651605 -1375 3971
4: -56316 -363 97470 3971
1: 58121 34969 -2166 3971
4: -58121 -42955 2166 3971
2: -58322 551 -61731 3971
1: 58729 651605 -1386 3971
2: -59048 4237 -6859 3971
2: -59202 390963 1243 3971
3: 59774 -103 274360 3971
3: 59928 -390963 -1243 3971
1: 61446 1089 -27436 3971
2: -61731 75 -459800 3971
4: -61731 -1815 20330 3971
3: 61731 -3399 7106 3971
2: -61731 4125 -7106 3971
1: 61731 20577 -2662 3971
4: -61731 -226347 1430 3971
2: -61731 514425 1210 3971
2: -62073 93 -370386 3971
1: 62814 5445 -6498 3971
1: 63536 3509 -9386 3971
4: -63536 -4235 9386 3971
2: -63536 651605 1188 3971
1: 64009 55 -521284 3971
2: -64258 389 -87362 3971
3: 64372 -143 198911 3971
1: 64372 473 -61731 3971
4: -64614 -267501 1349 3971
4: -65208 -363 96026 3971
4: -65341 -79 436810 3971
1: 66063 333 -87362 3971
3: 67034 -55 521284 3971
4: -67146 -891 39710 3971
3: 67507 -3751 6498 3971
2: -67507 4477 -6498 3971
2: -68002 42959 361 3971
2: -68002 448723 1083 3971
3: 68728 -448723 -1083 3971
2: -69311 912247 1100 3971
3: 69674 -912247 -1100 3971
2: -69696 709365 1083 3971
3: 70034 -605 46569 3971
2: -70422 171 -198911 3971
1: 70906 87001 -1444 3971
3: 70906 -336091 -1026 3971
3: 71478 -3993 6137 3971
2: -71478 4719 -6137 3971
1: 71478 390963 -1177 3971
4: -71782 -5929 6859 3971
2: -74052 57 -596733 3971
2: -74727 390963 968 3971
4: -74899 -87001 1444 3971
1: 75088 4213 -7942 3971
4: -75088 -4939 7942 3971
1: 75449 35 -830984 3971
3: 75449 -35 828894 3971
2: -75449 41 -828894 3971
4: -75449 -41 830984 3971
1: 75449 121 -241110 3971
2: -75449 121 -280174 3971
3: 75449 -121 239020 3971
4: -75449 -121 282264 3971
1: 75449 605 -49058 3971
3: 75449 -605 46968 3971
1: 75449 847 -35340 3971
3: 75449 -847 33250 3971
1: 75449 4235 -7904 3971
3: 75449 -4235 5814 3971
2: -75449 4961 -5814 3971
4: -75449 -4961 7904 3971
1: 75449 6859 -5280 3971
2: -75449 6859 -3916 3971
3: 75449 -6859 3190 3971
4: -75449 -6859 6006 3971
1: 75449 34295 -1892 3971
3: 75449 -34295 -198 3971
1: 75449 48013 -1650 3971
3: 75449 -48013 -440 3971
1: 75449 240065 -1166 3971
3: 75449 -240065 -924 3971
2: -75449 281219 924 3971
4: -75449 -281219 1166 3971
1: 75449 829939 -1080 3971
2: -75449 829939 1004 3971
3: 75449 -829939 -1010 3971
4: -75449 -829939 1086 3971
3: 75988 -42959 -361 3971
4: -76171 -65 524172 3971
2: -76472 48013 323 3971
4: -76703 -113 301796 3971
4: -76703 -847 41154 3971
2: -76912 1573 -20577 3971
4: -77682 -57 596733 3971
4: -78166 -385 89167 3971
3: 78166 -691 41154 3971
2: -78166 805 -41154 3971
4: -80256 -75 452694 3971
4: -80344 -333203 1083 3971
4: -81312 -171 198911 3971
1: 82038 4959 -6859 3971
4: -82308 -363 94126 3971
3: 82308 -61731 -484 3971
1: 82308 679041 -1001 3971
3: 82401 -390963 -882 3971
1: 82764 165 -178334 3971
2: -84216 102885 608 3971
2: -84436 605 -54872 3971
3: 84458 -48013 -323 3971
2: -84474 390963 847 3971
1: 85424 651605 -968 3971
4: -86051 -651605 968 3971
3: 86394 -45 651605 3971
2: -86526 390963 825 3971
4: -87001 -12463 3610 3971
1: 87362 41 -717668 3971
3: 87362 -41 715863 3971
2: -87362 47 -715863 3971
4: -87362 -47 717668 3971
1: 87362 451 -66063 3971
3: 87362 -451 64258 3971
2: -87362 517 -64258 3971
4: -87362 -517 66063 3971
1: 87362 130321 -1128 3971
2: -87362 130321 644 3971
3: 87362 -130321 -677 3971
4: -87362 -130321 1161 3971
3: 88084 -55055 -361 3971
2: -88084 63041 361 3971
3: 88209 -102885 -608 3971
3: 88814 -898529 -855 3971
1: 89167 5071 -6688 3971
4: -89167 -5797 6688 3971
2: -89167 212629 726 3971
2: -89903 216961 722 3971
2: -90024 432117 798 3971
4: -91718 -43 781926 3971
1: 92587 130321 -1078 3971
2: -92587 130321 594 3971
1: 92777 121 -244758 3971
2: -92777 121 -276526 3971
4: -93412 -551 61731 3971
3: 94259 -143 205770 3971
4: -95304 -363 93138 3971
4: -95304 -390963 913 3971
1: 95931 363 -82308 3971
4: -96026 -605 56183 3971
2: -96026 1243 -26125 3971
1: 96026 60379 -1311 3971
4: -96026 -68365 1311 3971
3: 96026 -75449 -429 3971
4: -96026 -75449 1265 3971
1: 96387 33 -897446 3971
3: 98857 -77 384104 3971
1: 99462 61731 -1273 3971
3: 100551 -477603 -722 3971
2: -101441 651605 726 3971
2: -101574 147 -226347 3971
1: 102258 390963 -847 3971
1: 103246 5929 -5776 3971
4: -103246 -6655 5776 3971
4: -103512 -390963 847 3971
1: 105754 55 -541861 3971
1: 107206 130321 -964 3971
2: -107206 130321 480 3971
2: -107217 363 -90972 3971
1: 107426 121 -246924 3971
2: -107426 121 -274360 3971
4: -107448 -61731 1273 3971
1: 109744 6325 -5434 3971
3: 109744 -6859 3630 3971
4: -109744 -6859 5566 3971
4: -109744 -7051 5434 3971
3: 109744 -13915 1425 3971
3: 110466 -6369 3971 3971
2: -110466 7095 -3971 3971
1: 111188 53 -563882 3971
4: -111188 -59 563882 3971
3: 111199 -130321 -480 3971
4: -111199 -130321 964 3971
2: -111549 1023 -31768 3971
1: 112271 3751 -8664 3971
3: 112632 -363 81586 3971
4: -113256 -51 651605 3971
4: -115881 -3267 10830 3971
1: 116242 73931 -1083 3971
4: -116242 -81917 1083 3971
3: 116603 -6743 3762 3971
2: -116603 7469 -3762 3971
4: -116603 -665323 726 3971
2: -117128 253 -130321 3971
3: 117249 -1065 27436 3971
2: -117249 1179 -27436 3971
1: 117612 72561 -1083 3971
2: -117722 775067 627 3971
1: 117854 564965 -722 3971
1: 118338 231 -130321 3971
3: 118448 -775067 -627 3971
3: 118921 -121 246924 3971
4: -118921 -121 274360 3971
4: -123101 -1573 21660 3971
3: 123462 -33 908941 3971
3: 123462 -7161 3553 3971
2: -123462 7887 -3553 3971
1: 123462 11253 -3306 3971
2: -123462 20577 -968 3971
1: 123462 144039 -847 3971
3: 123462 -226347 -506 3971
4: -125598 -72561 1083 3971
1: 125989 847 -36100 3971
1: 126808 77 -390963 3971
1: 127072 7381 -4693 3971
4: -127072 -8107 4693 3971
4: -128502 -1653 20577 3971
4: -128502 -304323 722 3971
3: 128516 -679 43681 3971
2: -128516 745 -43681 3971
1: 129228 33 -912247 3971
1: 130321 53 -568458 3971
3: 130321 -53 567248 3971
2: -130321 55 -599016 3971
4: -130321 -55 600226 3971
2: -130321 95 -346544 3971
4: -130321 -95 347754 3971
1: 130321 121 -249334 3971
2: -130321 121 -271950 3971
3: 130321 -121 248124 3971
4: -130321 -121 273160 3971
1: 130321 143 -211068 3971
3: 130321 -143 209858 3971
2: -130321 151 -217800 3971
4: -130321 -151 219010 3971
1: 130321 209 -144606 3971
2: -130321 209 -157190 3971
3: 130321 -209 143396 3971
4: -130321 -209 158400 3971
1: 130321 247 -122452 3971
3: 130321 -247 121242 3971
1: 130321 361 -83974 3971
2: -130321 361 -90750 3971
1: 130321 583 -52228 3971
3: 130321 -583 51018 3971
2: -130321 605 -53906 3971
4: -130321 -605 55116 3971
1: 130321 689 -44286 3971
3: 130321 -689 43076 3971
2: -130321 755 -43076 3971
4: -130321 -755 44286 3971
1: 130321 1007 -30492 3971
3: 130321 -1007 29282 3971
2: -130321 1045 -30954 3971
4: -130321 -1045 32164 3971
1: 130321 1573 -19738 3971
3: 130321 -1573 18528 3971
2: -130321 1661 -19250 3971
4: -130321 -1661 20460 3971
2: -130321 1805 -17666 3971
4: -130321 -1805 18876 3971
1: 130321 2299 -13696 3971
2: -130321 2299 -13740 3971
3: 130321 -2299 12486 3971
4: -130321 -2299 14950 3971
1: 130321 2717 -11682 3971
3: 130321 -2717 10472 3971
2: -130321 2869 -10890 3971
4: -130321 -2869 12100 3971
1: 130321 3971 -8184 3971
2: -130321 3971 -7700 3971
3: 130321 -3971 6974 3971
4: -130321 -3971 8910 3971
1: 130321 4693 -7018 3971
3: 130321 -4693 5808 3971
1: 130321 6413 -5298 3971
3: 130321 -6413 4088 3971
1: 130321 7579 -4576 3971
3: 130321 -7579 3366 3971
2: -130321 8305 -3366 3971
4: -130321 -8305 4576 3971
1: 130321 11077 -3322 3971
3: 130321 -11077 2112 3971
2: -130321 11495 -2264 3971
4: -130321 -11495 3474 3971
1: 130321 13091 -2904 3971
3: 130321 -13091 1694 3971
2: -130321 14345 -1694 3971
4: -130321 -14345 2904 3971
2: -130321 18271 -1200 3971
4: -130321 -18271 2410 3971
1: 130321 19133 -2178 3971
3: 130321 -19133 968 3971
2: -130321 19855 -1056 3971
4: -130321 -19855 2266 3971
1: 130321 29887 -1612 3971
3: 130321 -29887 402 3971
2: -130321 31559 -440 3971
4: -130321 -31559 1650 3971
1: 130321 43681 -1294 3971
2: -130321 43681 -150 3971
3: 130321 -43681 84 3971
4: -130321 -43681 1360 3971
1: 130321 51623 -1188 3971
3: 130321 -51623 -22 3971
4: -130321 -54511 1210 3971
1: 130321 83369 -966 3971
3: 130321 -83369 -244 3971
2: -130321 91355 244 3971
4: -130321 -91355 966 3971
1: 130321 121847 -852 3971
3: 130321 -121847 -358 3971
1: 130321 144001 -814 3971
3: 130321 -144001 -396 3971
2: -130321 157795 396 3971
4: -130321 -157795 814 3971
1: 130321 210463 -748 3971
3: 130321 -210463 -462 3971
2: -130321 218405 454 3971
4: -130321 -218405 756 3971
1: 130321 248729 -726 3971
3: 130321 -248729 -484 3971
2: -130321 272555 484 3971
4: -130321 -272555 726 3971
2: -130321 347149 510 3971
4: -130321 -347149 700 3971
1: 130321 567853 -658 3971
3: 130321 -567853 -552 3971
2: -130321 599621 550 3971
4: -130321 -599621 660 3971
3: 130416 -363 82308 3971
2: -131043 33 -998526 3971
3: 131043 -63 477242 3971
2: -131043 69 -477242 3971
1: 131043 99 -304684 3971
1: 131043 693 -44042 3971
4: -131043 -759 44042 3971
4: -131043 -390963 686 3971
1: 132126 699 -43681 3971
4: -132126 -765 43681 3971
3: 132858 -33 912247 3971
2: -133342 341 -96026 3971
3: 135014 -7865 3249 3971
2: -135014 8591 -3249 3971
3: 135278 -77 390963 3971
1: 136004 651605 -626 3971
4: -141911 -605 54872 3971
4: -142329 -390963 638 3971
3: 143748 -231 130321 3971
3: 144039 -45 671308 3971
1: 144039 1089 -28310 3971
1: 144039 92565 -874 3971
4: -144039 -100551 874 3971
4: -144837 -1221 27436 3971
4: -144958 -253 130321 3971
1: 145844 605 -50540 3971
3: 147136 -2123 13718 3971
3: 148732 -1243 23826 3971
1: 149454 390963 -605 3971
1: 150176 8789 -3971 3971
4: -150176 -9515 3971 3971
1: 150898 73 -415492 3971
3: 150898 -73 414447 3971
2: -150898 79 -414447 3971
4: -150898 -79 415492 3971
1: 150898 121 -250876 3971
2: -150898 121 -270408 3971
3: 150898 -121 249831 3971
4: -150898 -121 271453 3971
1: 150898 6859 -4939 3971
2: -150898 6859 -4257 3971
3: 150898 -6859 3894 3971
4: -150898 -6859 5302 3971
1: 150898 8833 -3952 3971
3: 150898 -8833 2907 3971
2: -150898 9559 -2907 3971
4: -150898 -9559 3952 3971
1: 150898 500707 -583 3971
3: 150898 -500707 -462 3971
2: -150898 541861 462 3971
4: -150898 -541861 583 3971
1: 150898 829939 -559 3971
2: -150898 829939 483 3971
3: 150898 -829939 -486 3971
4: -150898 -829939 562 3971
1: 151734 495 -61731 3971
2: -151981 4235 -7220 3971
3: 154869 -363 83030 3971
3: 156332 -1439 20577 3971
2: -156332 1553 -20577 3971
3: 156574 -651605 -457 3971
1: 157757 75449 -902 3971
2: -157757 75449 66 3971
1: 157757 101761 -798 3971
4: -157757 -109747 798 3971
4: -158631 -2475 13718 3971
1: 159923 130321 -726 3971
2: -159923 130321 242 3971
1: 163894 385 -79420 3971
2: -164616 189 -172425 3971
3: 164616 -363 83258 3971
2: -164616 1485 -21527 3971
2: -164616 22869 -950 3971
4: -164802 -390963 562 3971
3: 164901 -1089 27436 3971
2: -165699 363 -89528 3971
2: -167504 341 -95304 3971
2: -170731 125 -260642 3971
1: 171336 117 -260642 3971
1: 172919 275 -111188 3971
1: 174363 112893 -722 3971
4: -174363 -120879 722 3971
3: 174724 -55 553413 3971
2: -174724 77 -423092 3971
1: 174724 85 -358834 3971
4: -174724 -91 358834 3971
4: -174724 -143 228513 3971
3: 174724 -187 162450 3971
3: 174724 -935 32129 3971
2: -174724 1001 -32129 3971
1: 174724 130321 -685 3971
2: -174724 130321 201 3971
1: 174724 651605 -498 3971
4: -174724 -912247 487 3971
1: 178334 10505 -3344 3971
4: -178334 -11231 3344 3971
1: 178334 34295 -1331 3971
2: -184404 249 -130321 3971
1: 185174 130321 -660 3971
2: -185174 130321 176 3971
1: 185193 363 -84512 3971
3: 185383 -101 301796 3971
1: 185554 121 -252700 3971
2: -185554 121 -268584 3971
1: 185614 235 -130321 3971
1: 189164 77 -397100 3971
4: -189164 -5687 6137 3971
3: 190608 -363 83752 3971
1: 190969 55 -555940 3971
2: -191422 116603 133 3971
2: -191862 363 -89167 3971
3: 192071 -130321 -176 3971
4: -192071 -130321 660 3971
2: -192774 33 -984808 3971
4: -198189 -33 984808 3971
2: -198968 4477 -6859 3971
3: 199408 -116603 -133 3971
3: 199994 -55 555940 3971
4: -200013 -297 109744 3971
3: 201799 -77 397100 3971
3: 202521 -11979 2166 3971
2: -202521 12705 -2166 3971
3: 205409 -121 252700 3971
4: -205409 -121 268584 3971
1: 206492 12221 -2888 3971
4: -206492 -12947 2888 3971
2: -209209 781 -41154 3971
3: 210782 -4237 6859 3971
1: 212268 1089 -28519 3971
1: 212629 2519 -12540 3971
1: 212629 6859 -4840 3971
2: -212629 6859 -4356 3971
2: -212629 20933 -1178 3971
1: 214412 130321 -603 3971
2: -214412 130321 119 3971
1: 214434 363 -84835 3971
1: 214852 121 -253783 3971
2: -214852 121 -267501 3971
2: -216106 935 -34295 3971
3: 218044 -275 111188 3971
3: 219488 -6859 4114 3971
4: -219488 -6859 5082 3971
1: 219488 13013 -2717 3971
4: -219488 -13739 2717 3971
1: 221958 4719 -6859 3971
1: 222376 109 -281941 3971
4: -222376 -115 281941 3971
3: 222398 -130321 -119 3971
4: -222398 -130321 603 3971
2: -222642 39 -829939 3971
1: 222832 37 -829939 3971
4: -223459 -341 95304 3971
4: -225264 -363 89528 3971
3: 226347 -111 276298 3971
2: -226347 117 -276298 3971
3: 226347 -363 84246 3971
2: -226347 1089 -29374 3971
3: 226347 -13431 1938 3971
2: -226347 14157 -1938 3971
3: 226347 -20577 1144 3971
2: -226347 61731 -176 3971
3: 226347 -761349 -308 3971
2: -226347 802503 308 3971
3: 227069 -385 79420 3971
3: 229862 -37 829939 3971
4: -230052 -39 829939 3971
3: 233206 -13849 1881 3971
2: -233206 14575 -1881 3971
2: -233206 34295 -605 3971
4: -233772 -4959 6859 3971
3: 234498 -2187 13718 3971
2: -234498 2301 -13718 3971
2: -234916 651605 286 3971
3: 237842 -121 253783 3971
4: -237842 -121 267501 3971
2: -239096 469 -68590 3971
1: 239438 912247 -363 3971
4: -240692 -912247 363 3971
3: 245119 -605 50540 3971
3: 245841 -390963 -242 3971
1: 245993 2297 -13718 3971
4: -245993 -2411 13718 3971
1: 246924 165 -186846 3971
3: 246924 -267 114950 3971
1: 246924 20577 -1815 3971
4: -246924 -226347 462 3971
1: 248368 869 -35739 3971
2: -260642 77 -418638 3971
4: -260642 -77 419243 3971
1: 260642 83 -371591 3971
3: 260642 -83 370986 3971
1: 260642 121 -254988 3971
2: -260642 121 -266296 3971
3: 260642 -121 254383 3971
4: -260642 -121 266901 3971
2: -260642 133 -242242 3971
4: -260642 -133 242847 3971
1: 260642 187 -165099 3971
3: 260642 -187 164494 3971
1: 260642 209 -147752 3971
2: -260642 209 -154044 3971
3: 260642 -209 147147 3971
4: -260642 -209 154649 3971
2: -260642 211 -152581 3971
4: -260642 -211 153186 3971
1: 260642 323 -95711 3971
3: 260642 -323 95106 3971
1: 260642 361 -85668 3971
2: -260642 361 -89056 3971
2: -260642 847 -37783 3971
4: -260642 -847 38388 3971
1: 260642 913 -34056 3971
3: 260642 -913 33451 3971
1: 260642 1411 -22143 3971
3: 260642 -1411 21538 3971
2: -260642 1463 -21747 3971
4: -260642 -1463 22352 3971
2: -260642 1477 -21538 3971
4: -260642 -1477 22143 3971
1: 260642 1577 -19844 3971
3: 260642 -1577 19239 3971
1: 260642 2057 -15284 3971
3: 260642 -2057 14679 3971
1: 260642 2299 -13707 3971
2: -260642 2299 -13729 3971
3: 260642 -2299 13102 3971
4: -260642 -2299 14334 3971
2: -260642 2321 -13596 3971
4: -260642 -2321 14201 3971
2: -260642 2527 -12463 3971
4: -260642 -2527 13068 3971
1: 260642 3553 -8976 3971
3: 260642 -3553 8371 3971
1: 260642 3971 -8063 3971
2: -260642 3971 -7821 3971
3: 260642 -3971 7458 3971
4: -260642 -3971 8426 3971
2: -260642 4009 -7744 3971
4: -260642 -4009 8349 3971
1: 260642 6137 -5324 3971
3: 260642 -6137 4719 3971
1: 260642 10043 -3371 3971
3: 260642 -10043 2766 3971
1: 260642 15521 -2288 3971
3: 260642 -15521 1683 3971
2: -260642 16093 -1702 3971
4: -260642 -16093 2307 3971
2: -260642 16247 -1683 3971
4: -260642 -16247 2288 3971
1: 260642 17347 -2079 3971
3: 260642 -17347 1474 3971
2: -260642 25531 -961 3971
4: -260642 -25531 1566 3971
1: 260642 26809 -1452 3971
3: 260642 -26809 847 3971
2: -260642 27797 -858 3971
2: -260642 28063 -847 3971
4: -260642 -28063 1452 3971
1: 260642 29963 -1331 3971
3: 260642 -29963 726 3971
1: 260642 39083 -1091 3971
3: 260642 -39083 486 3971
1: 260642 43681 -1008 3971
2: -260642 43681 -436 3971
3: 260642 -43681 403 3971
4: -260642 -43681 1041 3971
2: -260642 44099 -429 3971
4: -260642 -44099 1034 3971
1: 260642 67507 -759 3971
3: 260642 -67507 154 3971
2: -260642 76171 -121 3971
4: -260642 -76171 726 3971
1: 260642 170731 -483 3971
3: 260642 -170731 -122 3971
2: -260642 178717 122 3971
4: -260642 -178717 483 3971
1: 260642 190817 -464 3971
3: 260642 -190817 -141 3971
1: 260642 294899 -407 3971
3: 260642 -294899 -198 3971
2: -260642 305767 197 3971
4: -260642 -305767 408 3971
2: -260642 308693 198 3971
4: -260642 -308693 407 3971
1: 260642 329593 -396 3971
2: -260642 485089 236 3971
4: -260642 -485089 369 3971
1: 260642 509371 -363 3971
3: 260642 -509371 -242 3971
2: -260642 533197 242 3971
4: -260642 -533197 363 3971
1: 260642 742577 -344 3971
3: 260642 -742577 -261 3971
2: -260642 837881 264 3971
4: -260642 -837881 341 3971
4: -260832 -363 89167 3971
1: 262086 33 -934268 3971
3: 262086 -129 238621 3971
2: -262086 135 -238621 3971
2: -262086 297 -108300 3971
1: 262086 1419 -22021 3971
4: -262086 -1485 22021 3971
3: 262086 -390963 -222 3971
3: 264974 -847 36100 3971
4: -267501 -363 89110 3971
1: 268983 390963 -372 3971
4: -270446 -651605 341 3971
4: -279414 -1023 31768 3971
3: 281219 -61 505780 3971
1: 281941 139 -222376 3971
4: -281941 -145 222376 3971
4: -282663 -123 262086 3971
1: 282663 26499 -1444 3971
2: -283404 213 -150898 3971
1: 284449 205 -150898 3971
3: 284658 -390963 -198 3971
1: 288078 189123 -437 3971
4: -288078 -197109 437 3971
1: 301796 121 -255759 3971
2: -301796 121 -265525 3971
1: 301796 149 -207746 3971
4: -301796 -155 207746 3971
2: -301796 605 -52896 3971
4: -301796 -3751 8835 3971
3: 301796 -6859 4246 3971
4: -301796 -6859 4950 3971
1: 301796 18029 -1976 3971
4: -301796 -18755 1976 3971
4: -301796 -34295 1199 3971
2: -301796 212629 110 3971
3: 301796 -829939 -224 3971
4: -301796 -829939 300 3971
1: 305767 151 -205048 3971
4: -305767 -157 205048 3971
4: -309738 -363 88806 3971
3: 314792 -59 524172 3971
1: 315514 55 -562837 3971
2: -315514 1573 -20178 3971
1: 315514 75449 -660 3971
2: -315514 75449 -176 3971
1: 315514 207515 -399 3971
4: -315514 -215501 399 3971
3: 315514 -240065 -121 3971
2: -316236 105 -305767 3971
1: 319846 130321 -484 3971
2: -325611 390963 160 3971
4: -329232 -363 88692 3971
3: 329604 -390963 -160 3971
1: 331398 363 -85557 3971
4: -331759 -130321 484 3971
2: -333564 1089 -29241 3971
1: 335236 137 -226347 3971
3: 336091 -75449 176 3971
4: -336091 -75449 660 3971
1: 348726 229779 -361 3971
4: -348726 -237765 361 3971
1: 349448 173 -179417 3971
4: -349448 -179 179417 3971
3: 349809 -20955 1254 3971
2: -349809 21681 -1254 3971
2: -354167 41 -781926 3971
2: -356668 5929 -5187 3971
1: 356668 21373 -1672 3971
4: -356668 -22099 1672 3971
1: 360822 217683 -361 3971
4: -368808 -217683 361 3971
3: 370139 -451 68590 3971
1: 370348 130321 -451 3971
2: -370348 130321 -33 3971
2: -370386 363 -88065 3971
1: 371108 121 -256671 3971
2: -371108 121 -264613 3971
3: 372438 -501 61731 3971
1: 374718 99 -313709 3971
4: -375782 -1573 20577 3971
4: -376884 -36663 1083 3971
3: 378367 -119 260642 3971
4: -378972 -123 260642 3971
4: -381216 -363 88445 3971
3: 384142 -130321 33 3971
4: -384142 -130321 451 3971
1: 385548 33 -941127 3971
2: -390963 33 -970046 3971
4: -390963 -57 561924 3971
3: 390963 -297 104368 3971
4: -390963 -363 88406 3971
1: 390963 513 -60742 3971
2: -390963 627 -50864 3971
4: -390963 -1083 29766 3971
1: 390963 2133 -14762 3971
4: -390963 -2199 14762 3971
1: 390963 3267 -9708 3971
3: 390963 -5643 5302 3971
4: -390963 -6897 4844 3971
1: 390963 9747 -3388 3971
2: -390963 11913 -2486 3971
3: 390963 -23463 1122 3971
2: -390963 24189 -1122 3971
1: 390963 40527 -968 3971
4: -390963 -41781 968 3971
1: 390963 62073 -702 3971
3: 390963 -107217 88 3971
4: -390963 -131043 446 3971
1: 390963 258093 -322 3971
4: -390963 -266079 322 3971
3: 390963 -445797 -132 3971
2: -390963 459591 132 3971
1: 390963 770013 -242 3971
4: -390963 -793839 242 3971
4: -393129 -33 970368 3971
1: 393129 165 -188442 3971
3: 393129 -429 72200 3971
1: 393129 390963 -280 3971
3: 396378 -33 941127 3971
1: 397822 167 -186219 3971
3: 397822 -1573 19551 3971
2: -401071 605 -52706 3971
2: -404681 377245 110 3971
3: 405042 -24321 1083 3971
2: -405042 25047 -1083 3971
1: 405764 651605 -242 3971
3: 407208 -99 313709 3971
3: 409013 -3509 8664 3971
3: 410818 -121 256671 3971
4: -410818 -121 264613 3971
1: 412984 24805 -1444 3971
4: -412984 -25531 1444 3971
1: 418399 2285 -13794 3971
4: -418399 -2351 13794 3971
3: 418399 -276485 -76 3971
2: -418399 284471 76 3971
1: 425258 101 -308066 3971
1: 425258 6859 -4719 3971
2: -425258 6859 -4477 3971
1: 432117 20577 -1694 3971
2: -438976 3509 -8930 3971
3: 438976 -6859 4356 3971
4: -438976 -6859 4840 3971
3: 443669 -3025 10108 3971
3: 450528 -363 85557 3971
1: 452694 45 -691790 3971
3: 452694 -225 138149 3971
3: 452694 -1089 28405 3971
2: -452694 3993 -7828 3971
1: 452694 5445 -5890 3971
4: -452694 -20577 1727 3971
3: 452694 -27225 969 3971
2: -452694 27951 -969 3971
3: 452694 -61731 330 3971
4: -452694 -144039 396 3971
1: 452694 308655 -275 3971
2: -455221 365 -87362 3971
1: 457026 357 -87362 3971
2: -463163 13673 -2166 3971
2: -464607 390963 88 3971
3: 467134 -651605 -121 3971
3: 468996 -4431 6859 3971
2: -468996 4545 -6859 3971
1: 473271 313269 -266 3971
4: -473271 -321255 266 3971
2: -475893 390963 84 3971
4: -491682 -390963 242 3971
1: 491986 4651 -6859 3971
4: -491986 -4765 6859 3971
1: 492404 5929 -5415 3971
1: 493848 1749 -17974 3971
3: 493848 -226347 -22 3971
4: -503234 -3751 8664 3971
1: 512259 1815 -17328 3971
3: 521284 -55 566709 3971
3: 521284 -95 328031 3971
1: 521284 121 -257815 3971
2: -521284 121 -263469 3971
4: -521284 -127 251317 3971
1: 521284 209 -149325 3971
2: -521284 209 -152471 3971
2: -521284 253 -125928 3971
1: 521284 361 -86515 3971
2: -521284 361 -88209 3971
2: -521284 437 -72842 3971
3: 521284 -571 54450 3971
1: 521284 605 -51684 3971
1: 521284 1045 -29986 3971
2: -521284 1397 -22682 3971
1: 521284 1805 -17424 3971
3: 521284 -2299 13410 3971
4: -521284 -2299 14026 3971
2: -521284 2413 -13068 3971
4: -521284 -2783 11613 3971
3: 521284 -2855 10769 3971
2: -521284 2921 -10769 3971
3: 521284 -3971 7700 3971
4: -521284 -3971 8184 3971
4: -521284 -4807 6787 3971
1: 521284 6281 -5115 3971
4: -521284 -8303 3993 3971
1: 521284 10849 -3025 3971
3: 521284 -11495 2561 3971
4: -521284 -15367 2227 3971
3: 521284 -19855 1419 3971
4: -521284 -26543 1353 3971
1: 521284 31405 -1144 3971
4: -521284 -32131 1144 3971
1: 521284 43681 -865 3971
2: -521284 43681 -579 3971
4: -521284 -45847 847 3971
2: -521284 52877 -452 3971
1: 521284 54245 -726 3971
4: -521284 -55499 726 3971
3: 521284 -69091 300 3971
2: -521284 91333 -198 3971
3: 521284 -119339 110 3971
1: 521284 218405 -294 3971
2: -521284 291973 42 3971
3: 521284 -345455 -61 3971
2: -521284 353441 61 3971
2: -521284 504317 88 3971
3: 521284 -596695 -99 3971
2: -521284 610489 99 3971
2: -524172 33 -966397 3971
3: 524172 -99 314792 3971
4: -524172 -390963 232 3971
1: 528143 263 -118712 3971
4: -528143 -269 118712 3971
3: 533558 -869 35739 3971
3: 535002 -363 85766 3971
4: -535002 -9801 3401 3971
2: -537966 390963 65 3971
3: 542944 -4235 7220 3971
2: -544016 651605 96 3971
3: 548009 -651605 -96 3971
3: 549081 -51 611534 3971
1: 556358 253 -123462 3971
4: -560956 -155 205770 3971
1: 562419 390963 -220 3971
1: 563882 281 -111188 3971
4: -563882 -287 111188 3971
4: -569316 -390963 220 3971
3: 569658 -1089 28519 3971
4: -576156 -9075 3648 3971
2: -593484 81 -393129 3971
4: -596733 -57717 684 3971
3: 603592 -43 726066 3971
1: 603592 301 -103873 3971
4: -603592 -307 103873 3971
3: 603592 -5203 5871 3971
3: 603592 -6859 4422 3971
4: -603592 -6859 4774 3971
1: 603592 36421 -988 3971
4: -603592 -37147 988 3971
1: 603592 48013 -781 3971
3: 603592 -829939 -93 3971
4: -603592 -829939 169 3971
1: 604428 69 -452694 3971
3: 607563 -36663 722 3971
2: -607563 37389 -722 3971
3: 610451 -3349 9196 3971
2: -610451 3415 -9196 3971
1: 611534 305 -102524 3971
4: -611534 -311 102524 3971
3: 611534 -651605 -81 3971
1: 613833 33 -946542 3971
3: 619476 -363 85918 3971
4: -627627 -129 246924 3971
1: 631028 75449 -539 3971
2: -631028 75449 -297 3971
1: 639692 130321 -363 3971
2: -639692 130321 -121 3971
2: -641421 1155 -27436 3971
4: -644746 -1133 28215 3971
4: -644746 -4235 7638 3971
1: 646019 651605 -170 3971
3: 648318 -99 315514 3971
1: 651222 390963 -201 3971
3: 651662 -4477 6859 3971
3: 658464 -363 85975 3971
4: -659208 -390963 201 3971
4: -661903 -912247 154 3971
3: 663518 -130321 121 3971
4: -663518 -130321 363 3971
3: 665684 -26015 1083 3971
3: 672182 -75449 297 3971
4: -672182 -75449 539 3971
4: -674652 -4719 6859 3971
3: 676533 -207 150898 3971
4: -677578 -211 150898 3971
2: -679041 20577 -1430 3971
3: 679041 -41019 646 3971
2: -679041 41745 -646 3971
1: 692759 605 -51794 3971
2: -698896 651605 64 3971
3: 699618 -42273 627 3971
2: -699618 42999 -627 3971
2: -702284 61 -521284 3971
1: 713336 43109 -836 3971
4: -713336 -43835 836 3971
1: 727054 517 -60610 3971
1: 727776 11253 -2888 3971
2: -737884 38357 -722 3971
4: -738606 -9075 3610 3971
4: -739189 -61 521284 3971
2: -740278 193 -164616 3971
4: -740772 -231 137731 3971
4: -740772 -71511 551 3971
2: -761349 429 -73986 3971
1: 766172 459553 -171 3971
4: -774158 -459553 171 3971
1: 781926 33 -948508 3971
4: -781926 -45 706277 3971
3: 781926 -57 548977 3971
4: -781926 -99 321090 3971
2: -781926 171 -185735 3971
3: 781926 -363 86118 3971
2: -781926 495 -64097 3971
1: 781926 627 -50017 3971
4: -781926 -855 37268 3971
2: -781926 873 -36300 3971
3: 781926 -1083 28798 3971
2: -781926 1089 -29080 3971
4: -781926 -1881 16995 3971
2: -781926 3249 -9680 3971
1: 781926 4299 -7381 3971
4: -781926 -4365 7381 3971
4: -781926 -5445 5937 3971
3: 781926 -6897 4437 3971
2: -781926 9405 -3278 3971
4: -781926 -9603 3410 3971
1: 781926 11913 -2728 3971
4: -781926 -16245 2057 3971
2: -781926 16587 -1815 3971
2: -781926 20691 -1435 3971
4: -781926 -35739 990 3971
3: 781926 -47289 561 3971
2: -781926 48015 -561 3971
1: 781926 81681 -484 3971
4: -781926 -82935 484 3971
4: -781926 -103455 408 3971
2: -781926 105633 -200 3971
3: 781926 -131043 138 3971
2: -781926 178695 -77 3971
4: -781926 -182457 275 3971
2: -781926 393129 20 3971
1: 781926 520179 -161 3971
4: -781926 -528165 161 3971
3: 781926 -898491 -66 3971
2: -781926 912285 66 3971
3: 786258 -33 948347 3971
1: 795644 75625 -513 3971
3: 818748 -2607 11913 3971
3: 820743 -759 41154 3971
1: 821997 390963 -176 3971
1: 825968 49973 -722 3971
4: -825968 -50699 722 3971
1: 829939 55 -569392 3971
3: 829939 -55 569202 3971
1: 829939 83 -377340 3971
3: 829939 -83 377150 3971
1: 829939 415 -75544 3971
3: 829939 -415 75354 3971
2: -829939 421 -75354 3971
4: -829939 -421 75544 3971
1: 829939 913 -34390 3971
3: 829939 -913 34200 3971
1: 829939 4565 -6954 3971
3: 829939 -4565 6764 3971
2: -829939 4631 -6764 3971
4: -829939 -4631 6954 3971
1: 829939 6859 -4660 3971
2: -829939 6859 -4536 3971
3: 829939 -6859 4470 3971
4: -829939 -6859 4726 3971
1: 829939 34295 -1008 3971
3: 829939 -34295 818 3971
1: 829939 75449 -510 3971
2: -829939 75449 -326 3971
3: 829939 -75449 320 3971
4: -829939 -75449 516 3971
1: 829939 377245 -178 3971
3: 829939 -377245 -12 3971
1: 829939 569297 -150 3971
3: 829939 -569297 -40 3971
1: 836798 4603 -6897 3971
4: -836798 -4669 6897 3971
3: 836798 -556963 -38 3971
2: -836798 564949 38 3971
1: 843657 6171 -5168 3971
4: -850516 -10439 3135 3971
2: -864234 20577 -1452 3971
3: 877952 -6859 4477 3971
4: -877952 -6859 4719 3971
2: -884811 1815 -17404 3971
1: 892012 1529 -20577 3971
2: -892392 7821 -3971 3971
1: 898529 26015 -1292 3971
3: 898529 -829939 -50 3971
4: -898529 -829939 126 3971
3: 905388 -363 86222 3971
4: -905388 -3267 9804 3971
1: 912247 361 -86878 3971
2: -912247 361 -87846 3971
3: 912247 -2299 13542 3971
4: -912247 -2299 13894 3971
3: 912247 -95399 242 3971
2: -912247 96653 -242 3971
1: 912247 607541 -138 3971
4: -912247 -615527 138 3971
3: 917301 -297 105412 3971
1: 929214 390963 -165 3971
1: 932102 8063 -3971 3971
1: 939664 651605 -132 3971
1: 946542 630531 -133 3971
4: -946542 -638517 133 3971
4: -946561 -651605 132 3971
1: 951786 390963 -163 3971
1: 956289 49005 -722 3971
4: -967119 -99 320606 3971
1: 967119 226347 -220 3971
2: -973978 7381 -4218 3971
1: 980837 59411 -608 3971
4: -980837 -60137 608 3971
4: -987696 -226347 220 3971
1: 987696 761349 -121 3971
