Command line:- ../do_t 229957 1000000
1: 1372 136819 854126 229957
1: 1911 136857 356668 229957
1: 3211 135583 672182 229957
2: -3211 138131 -672182 229957
1: 3549 136857 -164616 229957
2: -4802 141037 445835 229957
1: 6422 134309 336091 229957
2: -6422 139405 -336091 229957
2: -7942 140777 -88445 229957
1: 8918 130321 929565 229957
1: 8957 130321 921984 229957
1: 9386 130321 842751 229957
1: 9646 130321 798161 229957
1: 12103 130321 471380 229957
1: 12103 132055 178334 229957
2: -12103 141659 -178334 229957
1: 13034 130321 379743 229957
1: 13034 138229 -802503 229957
1: 13091 130321 374556 229957
1: 14098 130321 289835 229957
2: -14406 144039 38532 229957
1: 16562 130321 125979 229957
1: 17689 130321 66248 229957
1: 17836 123823 840047 229957
1: 17914 130321 55223 229957
1: 18179 130321 42588 229957
2: -20577 138915 -674310 229957
1: 22477 130321 -120736 229957
2: -22477 156065 685900 229957
1: 22743 122451 610090 229957
1: 24206 127253 89167 229957
1: 24206 130321 -170079 229957
2: -24206 146461 -89167 229957
1: 24843 136857 -685900 229957
1: 26182 130321 -218491 229957
1: 28812 128271 -130321 229957
1: 28812 138567 -802503 229957
1: 31213 112385 987696 229957
1: 31213 130321 -314080 229957
1: 31213 131005 -356668 229957
2: -31213 157073 356668 229957
2: -31213 157339 370386 229957
1: 33761 130321 -351624 229957
2: -34827 173901 960260 229957
1: 35378 130321 -372645 229957
1: 36358 130321 -384475 229957
1: 38266 130321 -405769 229957
2: -39102 173901 788785 229957
1: 40033 110695 672182 229957
2: -40033 139763 -672182 229957
1: 41154 117117 241129 229957
2: -41154 144039 -463736 229957
2: -41154 173901 719131 229957
2: -42598 133679 -990584 229957
2: -42731 175273 713336 229957
1: 44954 130321 -466137 229957
1: 45619 108667 589874 229957
1: 45619 130321 -471172 229957
2: -45619 141791 -589874 229957
2: -46306 157757 45619 229957
1: 46982 102557 912247 229957
1: 47138 116603 121030 229957
1: 48013 112847 288990 229957
2: -48363 173901 521284 229957
1: 48906 122451 -178334 229957
1: 49343 130321 -496860 229957
1: 50179 102557 788424 229957
2: -50901 173901 464968 229957
2: -51262 156065 -79781 229957
2: -52822 140777 -651605 229957
2: -57624 183027 551608 229957
1: 57967 110789 164616 229957
1: 57967 116603 -71022 229957
1: 57967 123823 -332842 229957
1: 57967 130321 -543676 229957
2: -57967 149891 -342950 229957
2: -57967 157757 -98420 229957
1: 61009 130321 -557032 229957
1: 62426 117971 -178334 229957
1: 62426 130321 -562809 229957
2: -62426 157339 -150898 229957
2: -62426 170107 178334 229957
1: 62699 130321 -563892 229957
1: 62814 93639 863512 229957
1: 65702 130321 -575211 229957
1: 67431 93639 727054 229957
1: 67522 130321 -581581 229957
1: 71344 145171 -912247 229957
2: -71344 220883 912247 229957
2: -74366 190463 424536 229957
2: -75449 140777 -681492 229957
2: -77077 228095 891670 229957
1: 80066 96161 336091 229957
2: -80066 154297 -336091 229957
1: 82308 93639 391495 229957
1: 82308 144039 -869505 229957
2: -82992 237699 891670 229957
1: 84721 130321 -628264 229957
2: -84721 130321 -994812 229957
2: -85176 148371 -495292 229957
2: -87269 157757 -290472 229957
1: 89167 128947 -612598 229957
2: -89167 218855 612598 229957
2: -89167 240065 820456 229957
2: -89167 253783 936390 229957
1: 89908 141659 -823080 229957
2: -90246 132741 -912247 229957
1: 90896 91091 336091 229957
1: 91238 92105 294937 229957
1: 91238 128947 -617310 229957
1: 91238 130321 -641355 229957
2: -91238 130321 -981721 229957
2: -91238 158353 -294937 229957
1: 91637 130321 -642096 229957
2: -91637 130321 -980980 229957
1: 93639 144039 -853138 229957
2: -93639 204687 403598 229957
2: -93639 260091 919106 229957
1: 96026 89167 321048 229957
1: 98686 130321 -654199 229957
2: -98686 130321 -968877 229957
1: 99372 93639 130321 229957
2: -102752 248675 720195 229957
2: -107016 183027 30324 229957
1: 107653 89167 158270 229957
2: -111202 144761 -619115 229957
2: -115596 147147 -576156 229957
2: -115596 215943 336091 229957
1: 115934 84721 185193 229957
1: 115934 123823 -593484 229957
1: 115934 130321 -677607 229957
2: -115934 130321 -945469 229957
1: 120393 97755 -178334 229957
2: -122018 130321 -938791 229957
1: 122018 156065 -928853 229957
2: -123462 178017 -112385 229957
1: 123823 111475 -441142 229957
1: 123823 130321 -686140 229957
2: -123823 130321 -936936 229957
2: -123823 236327 441142 229957
1: 124852 91903 -89167 229957
1: 124852 116779 -521284 229957
1: 124852 157339 -932824 229957
2: -124852 157339 -411540 229957
2: -124852 171475 -203034 229957
2: -124852 196175 89167 229957
2: -124852 249275 521284 229957
1: 125398 130321 -687715 229957
2: -125398 130321 -935361 229957
1: 127253 130321 -689520 229957
2: -127253 130321 -933556 229957
1: 130321 57967 975758 229957
1: 130321 58261 960596 229957
1: 130321 61009 825944 229957
1: 130321 69629 472524 229957
1: 130321 70889 428064 229957
1: 130321 73283 347802 229957
1: 130321 84721 26936 229957
1: 130321 93119 -158466 229957
1: 130321 98441 -259584 229957
1: 130321 103607 -347802 229957
1: 130321 108199 -419146 229957
1: 130321 123823 -622258 229957
2: -130321 129017 -960596 229957
1: 130321 129311 -681954 229957
1: 130321 131651 -705894 229957
1: 130321 136097 -749112 229957
1: 130321 157339 -921886 229957
2: -130321 157339 -422478 229957
1: 130321 158137 -927472 229957
2: -130321 229957 351624 229957
2: -130321 239603 419146 229957
2: -130321 350189 927472 229957
2: -132202 156065 -445835 229957
1: 132496 107939 -424536 229957
1: 133931 130321 -695604 229957
2: -133931 130321 -927472 229957
2: -134456 336091 844493 229957
2: -134862 266511 548720 229957
2: -134862 390963 998130 229957
2: -136857 131859 -891670 229957
2: -136857 244881 411540 229957
2: -136857 372645 932824 229957
2: -138229 281219 598234 229957
2: -139783 405769 987696 229957
2: -140101 170471 -260642 229957
1: 144039 93639 -260338 229957
2: -147098 218491 178334 229957
2: -147147 371469 844740 229957
2: -147212 289835 576156 229957
2: -148862 171665 -267501 229957
2: -149058 226347 225302 229957
2: -150234 390963 868322 229957
2: -150898 182819 -148694 229957
1: 154128 105987 -480130 229957
1: 155116 57967 528143 229957
1: 156156 61731 377986 229957
2: -156408 390963 823368 229957
1: 157339 74431 13718 229957
1: 157339 130321 -712852 229957
2: -157339 130321 -910224 229957
2: -157339 199283 -13718 229957
1: 157677 64827 260642 229957
2: -157757 354809 726180 229957
2: -158118 390963 811538 229957
2: -159152 171475 -292201 229957
2: -159432 390963 802620 229957
2: -160524 221559 144039 229957
1: 161994 93639 -356668 229957
2: -165669 267501 377416 229957
2: -165669 472017 905388 229957
1: 169442 57967 329232 229957
1: 169442 130321 -719901 229957
2: -169442 130321 -903175 229957
2: -169442 289835 452694 229957
1: 170183 130321 -720300 229957
2: -170183 130321 -902776 229957
2: -172872 337155 589874 229957
1: 174724 159367 -866761 229957
2: -174724 486551 866761 229957
1: 175273 80275 -233206 229957
1: 176168 75803 -164255 229957
2: -177674 624169 989729 229957
1: 178334 48013 575211 229957
1: 178334 57967 221844 229957
1: 178334 83993 -306299 229957
1: 178334 170471 -903032 229957
2: -178334 263809 306299 229957
2: -178334 336091 559286 229957
2: -178334 405769 717839 229957
2: -178334 535423 903032 229957
1: 178703 189449 -960260 229957
2: -179417 156065 -506844 229957
1: 181104 61731 89908 229957
2: -182182 228095 109744 229957
1: 182819 61009 90972 229957
1: 183027 93639 -445474 229957
2: -183027 200655 -75810 229957
1: 183274 130321 -726817 229957
2: -183274 130321 -896259 229957
2: -185193 315861 469224 229957
1: 186004 180139 -919828 229957
2: -186004 601787 919828 229957
1: 187278 41895 713336 229957
1: 187278 53235 260642 229957
1: 187278 92169 -445835 229957
1: 187278 113715 -628862 229957
1: 187278 117117 -651605 229957
2: -187278 144039 -674804 229957
1: 187278 144495 -795644 229957
2: -187278 183027 -230318 229957
2: -187278 390963 643058 229957
2: -187278 472017 775067 229957
1: 190463 119795 -672182 229957
2: -190463 415207 672182 229957
2: -191282 405769 651605 229957
1: 192052 89167 -432523 229957
2: -192052 171475 -347802 229957
2: -192052 445835 713440 229957
2: -192052 583015 869505 229957
2: -194012 445835 703836 229957
1: 195871 75803 -288078 229957
1: 196882 61009 -39349 229957
2: -196882 445835 690118 229957
2: -197106 390963 597506 229957
1: 198744 64827 -130321 229957
2: -198744 390963 590352 229957
1: 198911 39641 629356 229957
2: -198911 147637 -629356 229957
2: -199283 270907 260642 229957
2: -199283 665323 892658 229957
2: -204687 468195 685178 229957
1: 205842 93639 -521284 229957
2: -208544 182819 -267501 229957
2: -208887 507585 713336 229957
1: 212268 93639 -539695 229957
1: 213689 48013 115596 229957
2: -213689 261079 178334 229957
1: 214032 183027 -881923 229957
1: 215306 89167 -513912 229957
1: 215404 57967 -130321 229957
2: -215517 159705 -495292 229957
1: 215878 91091 -530670 229957
2: -218491 336091 398658 229957
2: -219488 488579 647976 229957
1: 220571 62699 -247646 229957
2: -220571 285103 247646 229957
2: -222313 793117 849072 229957
2: -222404 593047 733913 229957
1: 225694 212629 -908713 229957
1: 226708 57967 -214795 229957
1: 228683 34295 411502 229957
1: 229957 130321 -744016 229957
2: -229957 130321 -879060 229957
2: -229957 405769 498180 229957
2: -229957 651605 744016 229957
1: 231868 25631 871815 229957
1: 231868 34295 363489 229957
1: 231868 123823 -723805 229957
2: -231868 123823 -984447 229957
1: 231868 128155 -737884 229957
2: -231868 653771 737884 229957
2: -233016 390963 463736 229957
1: 236327 130321 -745836 229957
2: -236327 130321 -877240 229957
2: -239757 414219 480130 229957
2: -240426 307671 262808 229957
2: -243698 866761 790229 229957
1: 244036 27391 512981 229957
1: 244036 103243 -659908 229957
2: -244036 159887 -512981 229957
2: -244036 602651 659908 229957
2: -244036 912247 803649 229957
1: 244397 191051 -854126 229957
1: 244902 67431 -438976 229957
2: -244902 722475 727054 229957
1: 246563 486031 -985530 229957
2: -247303 190463 -260642 229957
1: 247416 410571 -967119 229957
1: 247646 49049 -220571 229957
1: 247646 57967 -350892 229957
1: 247646 130321 -748839 229957
2: -247646 130321 -874237 229957
2: -247646 298753 220571 229957
1: 248729 130321 -749112 229957
2: -248729 130321 -873964 229957
2: -248729 637637 667128 229957
1: 249704 50531 -260642 229957
2: -249704 157339 -541861 229957
2: -249704 315523 260642 229957
2: -249704 673987 685178 229957
2: -250211 654199 672182 229957
1: 250458 28665 336091 229957
2: -253783 256907 70642 229957
1: 253783 624169 -980980 229957
2: -253783 624169 642096 229957
2: -253783 967603 783978 229957
1: 254163 173901 -823080 229957
1: 254163 390963 -943670 229957
2: -254163 521703 562438 229957
1: 254506 130321 -750529 229957
2: -254506 130321 -872547 229957
1: 254866 317863 -919828 229957
2: -256074 356421 336091 229957
1: 256711 45619 -233206 229957
2: -257754 280917 145483 229957
1: 258908 912247 -982695 229957
2: -258908 912247 750827 229957
1: 259077 390963 -930902 229957
1: 259597 405769 -932824 229957
2: -259597 405769 411540 229957
1: 260598 334425 -912247 229957
1: 260642 17689 919191 229957
1: 260642 22477 507297 229957
1: 260642 22883 480298 229957
1: 260642 31213 81393 229957
1: 260642 32851 26754 229957
1: 260642 42497 -209573 229957
1: 260642 45619 -264654 229957
1: 260642 57967 -424368 229957
1: 260642 61009 -453789 229957
1: 260642 62111 -463736 229957
1: 260642 78923 -581042 229957
1: 260642 84721 -610701 229957
1: 260642 115349 -717899 229957
1: 260642 123823 -738192 229957
2: -260642 123823 -970060 229957
2: -260642 132055 -846352 229957
2: -260642 133133 -831285 229957
2: -260642 138985 -753571 229957
2: -260642 146461 -663325 229957
2: -260642 154147 -579670 229957
2: -260642 156065 -560079 229957
1: 260642 157339 -797034 229957
2: -260642 157339 -547330 229957
1: 260642 160181 -800891 229957
2: -260642 164255 -481572 229957
2: -260642 164395 -480298 229957
2: -260642 165737 -468195 229957
1: 260642 168587 -811538 229957
2: -260642 176605 -376957 229957
2: -260642 194285 -250341 229957
2: -260642 194579 -248430 229957
2: -260642 195871 -240100 229957
2: -260642 228095 -62868 229957
1: 260642 229957 -865683 229957
2: -260642 229957 -54145 229957
2: -260642 230153 -53235 229957
2: -260642 245245 12467 229957
2: -260642 247247 20580 229957
2: -260642 258115 62426 229957
2: -260642 271999 111020 229957
2: -260642 283955 149058 229957
2: -260642 286273 156065 229957
2: -260642 289835 166614 229957
1: 260642 297479 -899444 229957
2: -260642 305045 208887 229957
2: -260642 305305 209573 229957
2: -260642 343343 298740 229957
2: -260642 358435 328874 229957
2: -260642 360815 333396 229957
2: -260642 361361 334425 229957
2: -260642 397537 396305 229957
1: 260642 405769 -930129 229957
2: -260642 405769 408845 229957
2: -260642 423605 434343 229957
1: 260642 427063 -934332 229957
2: -260642 427063 439040 229957
2: -260642 427427 439530 229957
1: 260642 434777 -935753 229957
2: -260642 446215 463736 229957
2: -260642 455455 474908 229957
2: -260642 501809 524745 229957
2: -260642 505141 527975 229957
2: -260642 527345 548457 229957
1: 260642 552461 -952511 229957
2: -260642 566995 581042 229957
1: 260642 593047 -956748 229957
2: -260642 593047 600080 229957
2: -260642 619115 617526 229957
2: -260642 624701 621075 229957
2: -260642 637637 629055 229957
2: -260642 665665 645281 229957
2: -260642 671099 648270 229957
2: -260642 732305 678873 229957
2: -260642 738283 681590 229957
2: -260642 770735 695604 229957
2: -260642 786695 702072 229957
2: -260642 793793 704865 229957
1: 260642 807443 -972062 229957
2: -260642 828685 717899 229957
1: 260642 866761 -974961 229957
2: -260642 866761 730925 229957
2: -260642 931931 750750 229957
2: -260642 972895 761852 229957
2: -260642 979355 763518 229957
1: 261709 19513 713336 229957
1: 263978 363527 -912380 229957
1: 266511 24843 260642 229957
1: 267501 20577 499408 229957
1: 267501 24843 243922 229957
1: 267501 144039 -775866 229957
1: 267501 173901 -812364 229957
2: -267501 432117 428064 229957
2: -267501 521703 524286 229957
1: 267696 252339 -866761 229957
1: 267862 130321 -753571 229957
2: -267862 130321 -869505 229957
2: -268541 333739 260642 229957
1: 269724 93639 -665323 229957
1: 269724 390963 -904834 229957
1: 273028 496015 -912247 229957
1: 273638 41405 -300713 229957
1: 273714 74529 -596733 229957
2: -273714 390963 354562 229957
2: -275576 967603 713336 229957
1: 276526 912247 -927472 229957
2: -276526 912247 695604 229957
3: 278516 -624169 -989729 229957
1: 278859 20577 269724 229957
1: 278859 298623 -864234 229957
2: -279006 390963 342706 229957
1: 279006 549081 -902139 229957
1: 279566 405769 -884811 229957
2: -279566 405769 363527 229957
1: 280231 23491 96026 229957
2: -280231 226967 -96026 229957
3: 280371 -512259 -990584 229957
2: -280917 720195 614042 229957
2: -280917 915135 683734 229957
2: -280917 993111 703950 229957
1: 281219 847553 -911924 229957
3: 283822 -405769 -987696 229957
2: -288002 492205 445835 229957
1: 288078 21609 48165 229957
1: 288078 61731 -579670 229957
2: -288078 267501 49049 229957
1: 288078 280917 -843505 229957
3: 288078 -308655 -985439 229957
1: 288078 802503 -891800 229957
2: -290472 390963 318500 229957
2: -292201 343343 233206 229957
2: -292922 596011 516230 229957
1: 293384 45619 -493848 229957
1: 294294 371469 -849433 229957
2: -296088 390963 307328 229957
2: -296742 841113 619115 229957
1: 297724 281219 -828438 229957
1: 298376 753571 -864234 229957
1: 300468 390963 -839930 229957
1: 301154 645107 -854126 229957
1: 301796 40391 -501809 229957
3: 301796 -405769 -913349 229957
2: -301796 605527 501809 229957
3: 302328 -173901 -960260 229957
1: 302518 31213 -398905 229957
3: 302526 -472017 -905388 229957
2: -303212 619115 506844 229957
1: 303524 8303 866761 229957
3: 305368 -530621 -891670 229957
3: 306642 -264147 -912247 229957
1: 308014 980837 -845481 229957
1: 308308 228095 -802503 229957
1: 309729 7581 732108 229957
1: 311444 6859 809172 229957
2: -312312 633555 495292 229957
1: 312816 390963 -817453 229957
2: -312988 827659 576156 229957
3: 313404 -679041 -859313 229957
3: 314002 -130321 -921984 229957
1: 314678 12005 6859 229957
1: 314678 31213 -514425 229957
1: 314678 130321 -762195 229957
2: -314678 130321 -860881 229957
3: 314678 -130321 -918260 229957
1: 314678 156065 -775067 229957
3: 314678 -156065 -905388 229957
2: -314678 261709 -6859 229957
1: 314678 651605 -824621 229957
3: 314678 -651605 -855834 229957
3: 315952 -793117 -849072 229957
1: 316236 390963 -811538 229957
2: -316589 215137 -192052 229957
3: 316589 -610451 -850668 229957
3: 317889 -390963 -854756 229957
3: 317961 -397461 -854126 229957
3: 318402 -93639 -924521 229957
3: 318402 -390963 -852943 229957
3: 318647 -130321 -896714 229957
1: 318864 390963 -807079 229957
3: 319072 -102557 -912247 229957
1: 319333 455455 -809362 229957
3: 321048 -371469 -844740 229957
3: 321734 -336091 -844493 229957
1: 322373 11375 -169442 229957
2: -322373 336427 169442 229957
1: 322373 857375 -811538 229957
3: 323456 -530621 -830661 229957
2: -323687 651605 481572 229957
1: 325507 22021 -525616 229957
2: -325507 759905 525616 229957
3: 327028 -69629 -891670 229957
2: -327522 280917 34295 229957
3: 327522 -628719 -816221 229957
1: 327788 22295 -558467 229957
3: 328149 -93639 -863512 229957
1: 329232 7203 -102752 229957
2: -329232 126243 -912380 229957
3: 329232 -387933 -816088 229957
3: 329232 -596733 -811538 229957
3: 329966 -123823 -840047 229957
1: 331338 267501 -781755 229957
1: 331338 472017 -788785 229957
3: 331338 -959595 -802503 229957
3: 331436 -905177 -802503 229957
3: 333333 -390963 -802620 229957
3: 335369 -130321 -811538 229957
3: 335426 -405769 -795644 229957
3: 335972 -866761 -790229 229957
1: 336091 2401 372476 229957
1: 336091 6859 -380926 229957
1: 336091 31213 -697528 229957
3: 336091 -31213 -875862 229957
1: 336091 89167 -755482 229957
3: 336091 -89167 -817908 229957
2: -336091 184877 -372476 229957
2: -336091 218491 -194142 229957
1: 336091 405769 -779836 229957
3: 336091 -405769 -793554 229957
2: -336091 980837 568204 229957
2: -337708 478439 336091 229957
3: 338156 -130321 -798161 229957
1: 338884 57967 -747631 229957
3: 338884 -130321 -794703 229957
3: 339521 -116603 -793212 229957
3: 339521 -530621 -781926 229957
1: 340366 130321 -765919 229957
2: -340366 130321 -857157 229957
1: 340366 164983 -768208 229957
3: 340704 -223293 -781926 229957
3: 340784 -102557 -788424 229957
1: 340942 4693 -511537 229957
3: 340942 -192829 -781926 229957
2: -340942 671099 458470 229957
3: 342394 -8303 -866761 229957
1: 343343 3211 -617310 229957
3: 343343 -17689 -797810 229957
3: 343343 -41405 -781926 229957
3: 343343 -240065 -772122 229957
1: 343343 427063 -768930 229957
2: -343343 427063 273638 229957
3: 344029 -6859 -809172 229957
1: 345401 130321 -766584 229957
2: -345401 130321 -856492 229957
3: 345744 -7581 -732108 229957
3: 346788 -13377 -720195 229957
1: 347802 40131 -781926 229957
1: 347802 42237 -780843 229957
1: 347802 58653 -775067 229957
1: 347802 61731 -774326 229957
2: -347802 149205 -651605 229957
2: -347802 157035 -581210 229957
2: -347802 254163 -68590 229957
2: -347802 267501 -27265 229957
2: -347802 334425 130321 229957
2: -347802 351975 161728 229957
2: -347802 371469 193135 229957
2: -347802 390963 221410 229957
2: -347802 488775 329232 229957
2: -347802 514425 350721 229957
1: 347802 762489 -761349 229957
1: 347802 802503 -761292 229957
1: 349999 14063 -864234 229957
3: 350892 -3549 -247646 229957
3: 351182 -912247 -750827 229957
4: -351182 -912247 982695 229957
1: 355348 20995 -891670 229957
1: 355348 63175 -793117 229957
1: 355348 116603 -770640 229957
3: 356083 -23465 -601426 229957
1: 356083 84035 -781926 229957
3: 356668 -2401 707655 229957
3: 356668 -8281 -321195 229957
3: 356668 -12005 -451516 229957
1: 356668 34295 -842751 229957
3: 356668 -41405 -657286 229957
3: 356668 -48013 -668850 229957
1: 356668 57967 -801325 229957
3: 356668 -240065 -726817 229957
1: 356668 289835 -753312 229957
1: 356668 336091 -751660 229957
2: -356668 336091 122304 229957
3: 356668 -405769 -732735 229957
2: -356668 753571 465234 229957
3: 357266 -593047 -733913 229957
1: 357749 88387 -781926 229957
3: 359632 -31213 -596733 229957
2: -359632 391363 205770 229957
3: 359632 -530621 -727054 229957
3: 359917 -370097 -722722 229957
3: 361361 -405769 -719834 229957
3: 362843 -92365 -672182 229957
4: -363527 -780325 991458 229957
3: 364952 -50869 -610451 229957
1: 364952 356083 -740772 229957
1: 366054 40131 -874342 229957
1: 366054 280917 -744021 229957
2: -366054 390963 196882 229957
2: -367353 226347 -186238 229957
2: -367353 446667 260642 229957
3: 367913 -445835 -703836 229957
2: -369512 152635 -624169 229957
3: 370386 -267501 -686686 229957
1: 370386 338541 -735319 229957
1: 371469 173901 -755212 229957
1: 371469 390963 -731094 229957
3: 372008 -30685 -459914 229957
2: -372008 812611 459914 229957
1: 373828 229235 -742938 229957
1: 374556 53067 -863512 229957
1: 374556 67431 -829939 229957
1: 374556 86583 -802503 229957
1: 374556 110019 -781926 229957
1: 374556 144039 -763971 229957
1: 374556 183027 -751602 229957
1: 374556 235011 -741494 229957
1: 374556 298623 -733913 229957
1: 374556 390963 -727298 229957
1: 374556 637887 -719017 229957
1: 374718 56595 -854126 229957
3: 375079 -912247 -695604 229957
4: -375079 -912247 927472 229957
2: -375856 552083 336091 229957
3: 376614 -20577 -269724 229957
1: 376922 88837 -802503 229957
1: 377606 214123 -742938 229957
3: 377741 -330733 -672182 229957
1: 378404 912247 -708981 229957
2: -378404 912247 477113 229957
1: 378651 390963 -722358 229957
1: 379411 405769 -720556 229957
2: -379411 405769 199272 229957
3: 379886 -57967 -528143 229957
3: 380926 -27911 -336091 229957
2: -380926 562913 336091 229957
3: 381759 -22743 -244036 229957
2: -383292 468195 260642 229957
3: 384104 -31213 -342836 229957
3: 384104 -212629 -637637 229957
1: 384104 967603 -699504 229957
3: 384826 -8281 636804 229957
3: 385187 -405769 -659186 229957
3: 388388 -405769 -651605 229957
3: 389158 -405769 -649800 229957
1: 389207 593047 -699618 229957
2: -389207 593047 342950 229957
3: 390963 -8619 768320 229957
3: 390963 -9555 626808 229957
3: 390963 -12597 312130 229957
3: 390963 -13965 215306 229957
3: 390963 -17493 35490 229957
3: 390963 -17745 25382 229957
3: 390963 -25935 -196196 229957
3: 390963 -32487 -293020 229957
3: 390963 -36015 -330564 229957
3: 390963 -37905 -347802 229957
1: 390963 43095 -965202 229957
3: 390963 -47481 -414050 229957
3: 390963 -48165 -417774 229957
1: 390963 53067 -910910 229957
3: 390963 -60333 -469910 229957
1: 390963 62985 -873964 229957
3: 390963 -66885 -490126 229957
1: 390963 67431 -860930 229957
3: 390963 -70395 -499408 229957
1: 390963 87465 -818636 229957
3: 390963 -88179 -535080 229957
1: 390963 92055 -811538 229957
1: 390963 93639 -809250 229957
3: 390963 -97755 -548912 229957
1: 390963 98553 -802620 229957
3: 390963 -122451 -574600 229957
3: 390963 -124215 -576044 229957
3: 390963 -128877 -579670 229957
1: 390963 136857 -767260 229957
1: 390963 162435 -752934 229957
3: 390963 -163761 -600250 229957
1: 390963 173901 -747880 229957
3: 390963 -181545 -607698 229957
1: 390963 183027 -744310 229957
3: 390963 -227409 -621530 229957
1: 390963 237405 -728728 229957
3: 390963 -239343 -624260 229957
1: 390963 254163 -725270 229957
1: 390963 301665 -717556 229957
3: 390963 -332367 -638820 229957
3: 390963 -337155 -639352 229957
1: 390963 371469 -709800 229957
3: 390963 -422331 -646800 229957
1: 390963 440895 -704522 229957
3: 390963 -468195 -649688 229957
1: 390963 472017 -702660 229957
3: 390963 -492765 -651014 229957
1: 390963 612255 -696618 229957
3: 390963 -617253 -656110 229957
1: 390963 644385 -695604 229957
3: 390963 -684285 -658086 229957
4: -390963 -689013 965202 229957
1: 390963 689871 -694330 229957
1: 390963 818805 -691488 229957
4: -390963 -842751 912496 229957
3: 390963 -869505 -661962 229957
4: -390963 -886977 900718 229957
3: 390963 -902139 -662480 229957
3: 390963 -915135 -662676 229957
3: 392756 -31213 -260642 229957
1: 394212 390963 -704522 229957
1: 397488 390963 -700945 229957
3: 397488 -684285 -644746 229957
3: 397822 -14357 314678 229957
2: -397822 201635 -314678 229957
3: 397822 -624169 -642096 229957
4: -397822 -624169 980980 229957
3: 397826 -541861 -638666 229957
3: 398658 -36015 -267501 229957
1: 401492 775067 -677768 229957
3: 404586 -93639 -486989 229957
2: -404586 122451 -946542 229957
1: 404586 165669 -747631 229957
3: 404586 -390963 -613627 229957
1: 405042 280917 -708643 229957
3: 405769 -12103 658464 229957
3: 405769 -17381 260642 229957
3: 405769 -17689 244758 229957
3: 405769 -25403 -27436 229957
1: 405769 47177 -987696 229957
3: 405769 -47177 -315514 229957
1: 405769 48013 -981844 229957
3: 405769 -48013 -321366 229957
1: 405769 68951 -881562 229957
3: 405769 -68951 -421648 229957
3: 405769 -89167 -473784 229957
1: 405769 121667 -781926 229957
3: 405769 -121667 -521284 229957
1: 405769 130321 -773272 229957
2: -405769 130321 -849804 229957
3: 405769 -130321 -529938 229957
1: 405769 177821 -740772 229957
3: 405769 -177821 -562438 229957
2: -405769 214487 -260642 229957
1: 405769 229957 -720556 229957
2: -405769 229957 -199272 229957
3: 405769 -229957 -582654 229957
2: -405769 313481 27436 229957
1: 405769 330239 -699618 229957
3: 405769 -330239 -603592 229957
3: 405769 -336091 -604428 229957
1: 405769 482657 -684456 229957
3: 405769 -482657 -618754 229957
2: -405769 582179 315514 229957
4: -405769 -582179 987696 229957
1: 405769 624169 -677008 229957
2: -405769 624169 338124 229957
3: 405769 -624169 -626202 229957
4: -405769 -624169 965086 229957
2: -405769 850877 421648 229957
4: -405769 -850877 881562 229957
1: 405769 896363 -669294 229957
3: 405769 -896363 -633916 229957
1: 405769 912247 -668986 229957
2: -405769 912247 437118 229957
3: 405769 -912247 -634224 229957
4: -405769 -912247 866092 229957
3: 406798 -623675 -624169 229957
2: -406847 530621 281580 229957
2: -407778 390963 149058 229957
4: -408856 -980837 845481 229957
1: 408954 645411 -672182 229957
3: 410228 -14801 492765 229957
3: 414219 -122451 -493848 229957
3: 414713 -289835 -576156 229957
3: 418399 -13013 795074 229957
2: -418782 802503 391020 229957
3: 419482 -31213 -28158 229957
3: 419832 -173901 -521284 229957
4: -421148 -530309 990584 229957
1: 421148 804335 -651605 229957
2: -422331 525819 260642 229957
1: 423852 407043 -672182 229957
3: 424242 -390963 -572663 229957
2: -424536 390963 132496 229957
1: 426702 288561 -689871 229957
3: 427063 -31213 32490 229957
1: 427063 130321 -775180 229957
2: -427063 130321 -847896 229957
3: 427063 -130321 -463050 229957
1: 427063 156065 -749436 229957
3: 427063 -156065 -488794 229957
1: 427063 651605 -650328 229957
3: 427063 -651605 -587902 229957
1: 427378 305045 -685539 229957
3: 428064 -58653 -267501 229957
2: -430312 289835 -42959 229957
1: 430612 89167 -850003 229957
2: -432117 295323 -32110 229957
2: -432744 390963 124852 229957
1: 435366 84669 -866761 229957
4: -435366 -730587 866761 229957
3: 436982 -15827 802503 229957
1: 436982 336091 -671346 229957
2: -436982 336091 41990 229957
1: 437171 175273 -732108 229957
1: 438048 468195 -651605 229957
3: 438217 -827659 -576156 229957
1: 438893 130321 -776160 229957
2: -438893 130321 -846916 229957
1: 439698 93639 -844740 229957
1: 440412 962559 -624169 229957
3: 441142 -48503 -123823 229957
2: -441142 396305 123823 229957
3: 441441 -390963 -539812 229957
3: 441784 -16549 802503 229957
3: 441784 -48013 -115596 229957
3: 441864 -173901 -464968 229957
2: -443352 722475 336091 229957
3: 444106 -91091 -336091 229957
3: 447174 -267501 -500878 229957
2: -452694 280917 -79287 229957
3: 454138 -22295 558467 229957
3: 454818 -473271 -527345 229957
3: 454818 -915135 -553413 229957
3: 455221 -405769 -517674 229957
2: -455962 156065 -610451 229957
3: 458926 -130321 -374556 229957
1: 459553 107315 -821142 229957
3: 459553 -336091 -496860 229957
4: -459553 -753233 821142 229957
1: 459914 130321 -777777 229957
2: -459914 130321 -845299 229957
3: 459914 -130321 -372008 229957
1: 459914 405769 -640053 229957
3: 459914 -405769 -509732 229957
1: 463736 92131 -864234 229957
1: 463736 127939 -781926 229957
3: 463736 -134653 -368942 229957
4: -463736 -627133 864234 229957
4: -463736 -870877 781926 229957
2: -463736 916579 368942 229957
3: 464607 -390963 -499408 229957
3: 465329 -190463 -424536 229957
1: 466032 390963 -637637 229957
4: -466284 -549081 902139 229957
2: -466412 129311 -855855 229957
3: 470106 -136857 -356668 229957
1: 472017 390963 -632982 229957
1: 472017 655473 -603592 229957
2: -472017 842751 342950 229957
3: 472654 -61009 -90972 229957
1: 472654 130321 -778687 229957
2: -472654 130321 -844389 229957
2: -473271 267501 -124852 229957
3: 474369 -61731 -89908 229957
2: -475076 141659 -732108 229957
3: 475398 -263055 -445835 229957
1: 475398 538251 -610090 229957
3: 475566 -94221 -247646 229957
3: 477113 -619115 -506844 229957
3: 477204 -21609 802503 229957
3: 477799 -916487 -521284 229957
4: -478101 -679041 821142 229957
4: -478686 -415233 990584 229957
3: 479408 -31213 398905 229957
3: 480298 -45619 102885 229957
3: 480298 -79781 -176890 229957
1: 480298 171475 -724318 229957
3: 482258 -22295 802503 229957
2: -485002 240065 -208715 229957
4: -485002 -489155 915135 229957
3: 486213 -633555 -495292 229957
3: 487179 -390963 -463736 229957
3: 488072 -31213 451972 229957
3: 488072 -146461 -329954 229957
4: -488072 -651605 818741 229957
2: -488072 852355 329954 229957
3: 488794 -273371 -427063 229957
2: -489804 299991 -61009 229957
3: 490238 -405769 -462080 229957
4: -490238 -405769 983364 229957
4: -493487 -651605 811538 229957
3: 493848 -88725 -175959 229957
1: 493848 147147 -752115 229957
1: 493848 720195 -579670 229957
3: 494228 -130321 -289835 229957
1: 494606 921557 -569297 229957
1: 494949 170031 -722722 229957
4: -494949 -951957 722722 229957
1: 495292 75803 -957372 229957
3: 495292 -130321 -287469 229957
2: -495292 289835 -85196 229957
1: 495292 985439 -566409 229957
2: -496587 925965 338884 229957
1: 497458 130321 -780325 229957
2: -497458 130321 -842751 229957
3: 497588 -651605 -481572 229957
4: -497874 -410571 967119 229957
3: 499408 -22477 925965 229957
3: 499408 -41405 260642 229957
3: 499408 -48013 151905 229957
3: 499408 -81965 -130321 229957
3: 499408 -88445 -159562 229957
1: 499408 90307 -891670 229957
3: 499408 -175085 -342589 229957
2: -499408 194579 -389519 229957
2: -499408 224371 -267501 229957
2: -499408 448019 130321 229957
2: -499408 957011 342589 229957
4: -500346 -390963 985439 229957
2: -501809 140777 -740772 229957
3: 507566 -62699 19551 229957
1: 507566 116603 -811538 229957
1: 507566 624169 -575211 229957
2: -507566 624169 236327 229957
3: 508288 -41405 300713 229957
2: -508326 173901 -500707 229957
2: -508326 390963 66066 229957
3: 509012 -61009 39349 229957
3: 509732 -581581 -459914 229957
2: -512981 232897 -244036 229957
3: 513266 -912247 -477113 229957
4: -513266 -912247 708981 229957
2: -518154 390963 59682 229957
1: 518518 196745 -689871 229957
4: -518518 -978671 689871 229957
3: 518616 -267501 -377416 229957
1: 518616 902139 -549081 229957
1: 519194 405769 -596733 229957
2: -519194 405769 75449 229957
3: 521284 -31213 639054 229957
3: 521284 -47873 240149 229957
3: 521284 -61009 79233 229957
3: 521284 -84721 -84903 229957
1: 521284 88907 -909636 229957
1: 521284 123823 -796159 229957
2: -521284 123823 -912093 229957
3: 521284 -129941 -231868 229957
1: 521284 157339 -734608 229957
2: -521284 157339 -609756 229957
3: 521284 -165113 -290521 229957
3: 521284 -229957 -351624 229957
2: -521284 235151 -240149 229957
1: 521284 241319 -655473 229957
1: 521284 335111 -613977 229957
3: 521284 -352697 -405769 229957
3: 521284 -405769 -419037 229957
4: -521284 -405769 940321 229957
1: 521284 427063 -590989 229957
2: -521284 427063 95697 229957
4: -521284 -436709 909636 229957
1: 521284 593047 -567541 229957
2: -521284 593047 210873 229957
3: 521284 -622349 -449722 229957
2: -521284 638267 231868 229957
2: -521284 811031 290521 229957
3: 521284 -866761 -465933 229957
4: -521284 -866761 709969 229957
1: 521284 909587 -546546 229957
1: 521703 137085 -768208 229957
4: -521703 -371469 979754 229957
4: -521703 -390963 956172 229957
4: -521703 -672087 768208 229957
4: -522046 -637637 781926 229957
1: 523418 246233 -651605 229957
1: 525819 390963 -595894 229957
3: 527098 -405769 -411540 229957
4: -527098 -405769 932824 229957
3: 527534 -57967 130321 229957
3: 527618 -377245 -404054 229957
3: 528143 -89167 -89180 229957
3: 528143 -405769 -410210 229957
4: -528143 -405769 931494 229957
3: 528143 -994555 -463736 229957
2: -529984 281219 -121961 229957
3: 532038 -727503 -445835 229957
3: 532532 -405769 -404681 229957
4: -532532 -405769 925965 229957
3: 533026 -31213 699618 229957
3: 534394 -164983 -267501 229957
1: 535002 95823 -886312 229957
2: -535002 144039 -713440 229957
2: -535002 173901 -506065 229957
2: -535002 180075 -471770 229957
1: 535002 194481 -687401 229957
4: -535002 -443625 886312 229957
2: -535002 514425 156065 229957
1: 535002 555579 -561834 229957
2: -535002 621075 214130 229957
1: 535002 670761 -550221 229957
4: -535002 -720195 735735 229957
4: -535002 -869505 694260 229957
4: -535002 -900375 687401 229957
4: -536484 -968877 672182 229957
3: 539448 -108045 -137180 229957
2: -539448 390963 46648 229957
4: -540911 -771407 713336 229957
3: 543998 -857375 -440895 229957
1: 545272 775523 -535002 229957
1: 546546 228513 -654493 229957
2: -546546 280917 -130321 229957
3: 547428 -102921 -102885 229957
1: 547428 390963 -583050 229957
4: -549081 -390963 921984 229957
3: 549442 -637637 -419482 229957
1: 550264 967603 -521284 229957
1: 553052 912247 -521703 229957
2: -553052 912247 289835 229957
1: 553413 390963 -579670 229957
3: 555218 -57967 214795 229957
3: 557032 -194389 -267501 229957
1: 558012 390963 -577122 229957
3: 558649 -35321 672182 229957
1: 558714 93639 -905388 229957
3: 560462 -78247 48013 229957
2: -560462 328705 -48013 229957
3: 561834 -390963 -366171 229957
4: -561834 -553413 779038 229957
1: 561834 634011 -535002 229957
1: 561834 805623 -521284 229957
4: -561834 -876603 665323 229957
1: 562438 445835 -561834 229957
1: 565383 612255 -535002 229957
3: 567644 -405769 -363527 229957
4: -567644 -405769 884811 229957
4: -567853 -933989 647634 229957
3: 569297 -31213 870922 229957
2: -571389 267501 -171304 229957
2: -572572 228095 -281219 229957
4: -575393 -775067 677768 229957
4: -575757 -390963 891800 229957
1: 576156 93639 -912171 229957
1: 576156 439383 -555503 229957
2: -577486 232897 -267501 229957
1: 580944 390963 -565019 229957
3: 581042 -89167 26923 229957
3: 583219 -45619 493848 229957
1: 583443 102885 -873392 229957
2: -583443 804669 244036 229957
4: -586937 -363527 912380 229957
4: -587951 -866761 643302 229957
1: 589874 488579 -538118 229957
3: 591318 -390963 -334425 229957
3: 591773 -130321 -108290 229957
1: 592176 390963 -559433 229957
3: 592683 -802503 -391020 229957
3: 593047 -48503 466412 229957
1: 593047 130321 -785356 229957
2: -593047 130321 -837720 229957
3: 593047 -130321 -106314 229957
2: -593047 183365 -466412 229957
2: -593047 256711 -205770 229957
3: 593047 -339521 -315514 229957
2: -593047 651605 189124 229957
4: -593047 -651605 702546 229957
1: 593047 912247 -494338 229957
2: -593047 912247 262470 229957
3: 593047 -912247 -397332 229957
4: -593047 -912247 629200 229957
1: 596232 194883 -672182 229957
4: -596232 -729885 672182 229957
1: 597849 482391 -535002 229957
2: -600936 390963 14196 229957
1: 601133 651605 -509012 229957
1: 603288 468195 -535002 229957
4: -603592 -360493 899080 229957
3: 604513 -294215 -283024 229957
4: -605052 -472017 788785 229957
3: 605758 -75803 164255 229957
4: -606424 -706477 670852 229957
3: 611422 -478439 -336091 229957
1: 612794 303601 -583737 229957
2: -612794 967603 260642 229957
2: -615342 217683 -328510 229957
3: 619047 -390963 -307328 229957
3: 620046 -390963 -306397 229957
2: -620438 319333 -89167 229957
4: -620487 -384465 854126 229957
3: 624169 -40817 735566 229957
1: 624169 116603 -829374 229957
3: 624169 -116603 -17836 229957
2: -624169 141659 -735566 229957
2: -624169 404681 17836 229957
4: -624169 -404681 829374 229957
1: 624169 405769 -540208 229957
2: -624169 405769 18924 229957
3: 624169 -405769 -307002 229957
4: -624169 -405769 828286 229957
3: 626314 -552083 -336091 229957
4: -626652 -334425 912247 229957
3: 628004 -130321 -55223 229957
2: -628719 173901 -521284 229957
1: 629356 112847 -843657 229957
3: 629356 -130321 -53361 229957
2: -629356 218491 -329232 229957
4: -629356 -386561 843657 229957
3: 631028 -48013 579670 229957
3: 631028 -201929 -181545 229957
3: 631389 -307671 -262808 229957
3: 634543 -804335 -356668 229957
4: -635778 -390963 833147 229957
3: 637294 -130321 -42588 229957
1: 637637 84721 -987696 229957
3: 637637 -89167 129808 229957
3: 637637 -315217 -260642 229957
1: 637637 331759 -560994 229957
1: 638248 147875 -742938 229957
4: -638248 -495677 742938 229957
1: 638666 401947 -535002 229957
1: 641459 130321 -787332 229957
2: -641459 130321 -835744 229957
3: 642096 -173901 -130321 229957
4: -642096 -371469 849433 229957
1: 643468 786695 -473271 229957
3: 644746 -51793 539448 229957
3: 644746 -151151 -84721 229957
2: -644746 498953 84721 229957
3: 645183 -390963 -283920 229957
1: 645183 869505 -466412 229957
4: -645829 -317863 919828 229957
1: 647634 309729 -567853 229957
3: 651014 -346921 -262808 229957
3: 662676 -679041 -324311 229957
3: 665323 -405769 -271890 229957
4: -665323 -405769 793174 229957
4: -666666 -390963 807079 229957
1: 669487 405769 -521284 229957
3: 669879 -144039 -38532 229957
1: 669916 99127 -912247 229957
3: 670488 -925965 -338884 229957
4: -670852 -405769 788785 229957
1: 671099 333739 -547998 229957
1: 672182 88837 -972933 229957
3: 672182 -88837 186238 229957
1: 672182 89167 -970788 229957
3: 672182 -89167 184093 229957
2: -672182 156065 -632073 229957
2: -672182 157757 -621075 229957
1: 672182 253783 -596232 229957
3: 672182 -253783 -190463 229957
2: -672182 276115 -186238 229957
4: -672182 -276115 972933 229957
1: 672182 405769 -520239 229957
2: -672182 405769 -1045 229957
3: 672182 -405769 -266456 229957
4: -672182 -405769 787740 229957
2: -672182 445835 34398 229957
4: -672182 -445835 752297 229957
2: -672182 717899 170430 229957
4: -672182 -717899 616265 229957
2: -672182 788785 190463 229957
4: -672182 -788785 596232 229957
3: 675298 -651605 -312130 229957
3: 675792 -173901 -93499 229957
1: 677768 289835 -569297 229957
3: 677768 -637637 -308655 229957
3: 677768 -651605 -310401 229957
2: -679042 445835 31654 229957
3: 679679 -405769 -260642 229957
4: -679679 -405769 781926 229957
4: -682227 -488775 713336 229957
2: -683012 379015 -32851 229957
3: 685178 -289835 -204687 229957
3: 686686 -73283 333203 229957
1: 686686 93499 -947986 229957
1: 686686 387353 -520923 229957
1: 686686 427063 -508288 229957
2: -686686 427063 12996 229957
4: -686686 -541861 678262 229957
2: -686686 921557 212629 229957
1: 689871 390963 -518518 229957
1: 690802 130321 -789061 229957
2: -690802 130321 -834015 229957
1: 691488 720195 -455962 229957
1: 691488 835107 -445835 229957
3: 692224 -157757 -45619 229957
1: 692759 94423 -944034 229957
4: -692759 -281701 944034 229957
1: 695604 254163 -589874 229957
1: 695604 271947 -576156 229957
1: 695604 377643 -521284 229957
1: 695604 390963 -516474 229957
4: -695604 -806949 576156 229957
2: -698691 432117 12844 229957
2: -699257 289835 -166782 229957
1: 699618 178815 -677768 229957
4: -699618 -526617 677768 229957
3: 699618 -943593 -321100 229957
1: 699998 986125 -432117 229957
1: 703209 390963 -513814 229957
4: -705894 -902139 549081 229957
1: 708786 918897 -432117 229957
2: -709137 869505 192052 229957
3: 713097 -67431 438976 229957
3: 713336 -48013 766948 229957
1: 713336 185731 -664734 229957
2: -713336 281219 -187278 229957
1: 713336 336091 -533169 229957
2: -713336 336091 -96187 229957
3: 713336 -376957 -225758 229957
4: -713336 -533533 664734 229957
4: -713336 -637637 616721 229957
4: -713697 -869505 550886 229957
3: 715498 -980837 -313690 229957
4: -716053 -316589 864234 229957
3: 717899 -48013 776074 229957
3: 718928 -690365 -288078 229957
3: 722722 -405769 -229596 229957
1: 723387 137397 -768208 229957
4: -723387 -387855 768208 229957
3: 727054 -240149 -132202 229957
1: 729904 139763 -761349 229957
4: -729904 -390221 761349 229957
3: 732108 -66885 475076 229957
3: 732108 -79233 344755 229957
1: 732108 93639 -958455 229957
1: 732108 390963 -504210 229957
1: 732108 735735 -437171 229957
2: -732108 842751 176529 229957
4: -733291 -967603 521284 229957
2: -733913 356083 -76342 229957
4: -737162 -902629 530670 229957
2: -740772 124215 -890967 229957
4: -740772 -267501 936390 229957
4: -742252 -486989 674310 229957
2: -742938 173901 -534641 229957
1: 742938 200655 -638248 229957
2: -742938 390963 -40222 229957
3: 742938 -521703 -247285 229957
4: -742938 -548457 638248 229957
3: 749112 -68229 483379 229957
2: -749112 183027 -490960 229957
2: -749112 390963 -42120 229957
1: 749436 768663 -427063 229957
3: 750158 -912247 -289835 229957
4: -750158 -912247 521703 229957
1: 753571 89167 -994042 229957
2: -757302 390963 -44590 229957
1: 758822 405769 -490599 229957
2: -758822 405769 -30685 229957
2: -761852 250895 -265335 229957
3: 762489 -173901 -13718 229957
4: -762489 -390963 739648 229957
1: 763518 92055 -976144 229957
3: 764712 -741909 -267501 229957
4: -765282 -280917 891670 229957
1: 768208 160867 -706420 229957
2: -769288 717899 130321 229957
3: 770374 -405769 -199272 229957
4: -770374 -405769 720556 229957
1: 773682 185193 -658217 229957
3: 775523 -84175 356668 229957
2: -775523 219037 -356668 229957
3: 775866 -226347 -81263 229957
3: 775866 -394953 -192052 229957
3: 775866 -801591 -267501 229957
1: 777777 490599 -459914 229957
4: -778316 -405769 715863 229957
1: 778414 593047 -438976 229957
2: -778414 593047 82308 229957
3: 781926 -58653 669578 229957
3: 781926 -74529 454916 229957
3: 781926 -108927 204477 229957
1: 781926 118629 -836381 229957
2: -781926 136857 -775541 229957
3: 781926 -159201 33124 229957
2: -781926 173901 -538307 229957
2: -781926 183027 -494606 229957
3: 781926 -202293 -45962 229957
1: 781926 220311 -606424 229957
2: -781926 254163 -261534 229957
3: 781926 -280917 -127738 229957
3: 781926 -295659 -138229 229957
4: -781926 -305907 836381 229957
1: 781926 321993 -521703 229957
2: -781926 371469 -72163 229957
1: 781926 409149 -482601 229957
3: 781926 -410571 -194181 229957
2: -781926 472017 15239 229957
3: 781926 -521703 -224847 229957
3: 781926 -549081 -230496 229957
4: -781926 -568113 606424 229957
1: 781926 597987 -436982 229957
2: -781926 689871 117208 229957
3: 781926 -762489 -260624 229957
4: -781926 -830319 521703 229957
1: 781926 830403 -409318 229957
1: 781926 873981 -405769 229957
1: 787528 445835 -469053 229957
3: 787878 -390963 -183505 229957
2: -788424 390963 -53508 229957
3: 789868 -140777 88445 229957
1: 789906 176547 -672182 229957
4: -789906 -450261 672182 229957
3: 795644 -122353 157339 229957
2: -795644 309631 -157339 229957
3: 795644 -624169 -236327 229957
4: -795644 -624169 575211 229957
4: -799533 -390963 717912 229957
3: 802503 -46137 977550 229957
3: 802503 -144039 89180 229957
4: -804102 -468195 651605 229957
3: 811538 -48013 940690 229957
3: 811538 -60515 679041 229957
3: 811538 -71785 521284 229957
3: 811538 -72371 514425 229957
3: 811538 -88445 361722 229957
3: 811538 -89167 356155 229957
1: 811538 105773 -900695 229957
3: 811538 -105773 249090 229957
1: 811538 130321 -792405 229957
2: -811538 130321 -830671 229957
3: 811538 -130321 140800 229957
1: 811538 133315 -781926 229957
3: 811538 -133315 130321 229957
1: 811538 164255 -696008 229957
3: 811538 -164255 44403 229957
2: -811538 177919 -521284 229957
1: 811538 186641 -651605 229957
1: 811538 194845 -637887 229957
3: 811538 -194845 -13718 229957
1: 811538 229957 -590235 229957
2: -811538 229957 -329593 229957
3: 811538 -229957 -61370 229957
4: -811538 -229957 981198 229957
1: 811538 240065 -579101 229957
3: 811538 -240065 -72504 229957
1: 811538 272783 -548720 229957
3: 811538 -272783 -102885 229957
2: -811538 330421 -130321 229957
4: -811538 -330421 781926 229957
3: 811538 -336091 -144875 229957
4: -811538 -336091 774231 229957
1: 811538 361855 -493848 229957
3: 811538 -361855 -157757 229957
1: 811538 445835 -462194 229957
3: 811538 -445835 -189411 229957
2: -811538 482923 13718 229957
4: -811538 -482923 637887 229957
3: 811538 -506597 -205770 229957
1: 811538 528865 -440781 229957
3: 811538 -528865 -210824 229957
1: 811538 624169 -423225 229957
2: -811538 624169 84341 229957
3: 811538 -624169 -228380 229957
4: -811538 -624169 567264 229957
1: 811538 651605 -419123 229957
3: 811538 -651605 -232482 229957
1: 811538 740411 -407930 229957
3: 811538 -740411 -243675 229957
2: -811538 896857 157757 229957
4: -811538 -896857 493848 229957
1: 811538 912247 -392460 229957
2: -811538 912247 160592 229957
3: 811538 -912247 -259145 229957
4: -811538 -912247 491013 229957
1: 811538 933205 -390963 229957
3: 811538 -933205 -260642 229957
1: 813939 606879 -425258 229957
1: 815556 390963 -480298 229957
2: -819819 323817 -141512 229957
3: 819819 -390963 -165816 229957
3: 821142 -59241 713336 229957
1: 821142 93093 -980837 229957
4: -821142 -227955 980837 229957
3: 821142 -390963 -165113 229957
2: -821142 592683 68590 229957
1: 821522 985439 -384104 229957
2: -821636 717899 112632 229957
1: 826728 174915 -672182 229957
4: -826728 -425373 672182 229957
3: 829939 -89167 374556 229957
3: 829939 -454103 -182476 229957
3: 833188 -156065 79781 229957
4: -841491 -390963 695604 229957
3: 842751 -53067 863512 229957
3: 846279 -93639 356668 229957
1: 851669 280231 -535002 229957
1: 852098 780325 -390963 229957
1: 852943 866761 -382660 229957
2: -852943 866761 138624 229957
3: 854126 -74431 537529 229957
1: 854126 130321 -793359 229957
2: -854126 130321 -829717 229957
3: 854126 -130321 174244 229957
2: -854126 175273 -537529 229957
1: 854126 967603 -374718 229957
3: 854126 -967603 -244397 229957
3: 864234 -93639 372723 229957
2: -864234 226347 -347802 229957
2: -864234 596733 57967 229957
3: 864899 -130321 182182 229957
4: -865046 -898529 470288 229957
1: 865488 390963 -468195 229957
2: -865956 410571 -54872 229957
3: 866761 -69797 607202 229957
1: 866761 130321 -793624 229957
2: -866761 130321 -829452 229957
3: 866761 -130321 183534 229957
2: -866761 162071 -607202 229957
1: 866761 488579 -435366 229957
3: 866761 -488579 -174724 229957
1: 866761 912247 -374842 229957
2: -866761 912247 142974 229957
3: 866761 -912247 -235248 229957
4: -866761 -912247 467116 229957
1: 870428 276115 -535002 229957
3: 873054 -136857 164616 229957
1: 873964 336091 -493012 229957
2: -873964 336091 -136344 229957
3: 876603 -468195 -164616 229957
1: 877786 130321 -793849 229957
2: -877786 130321 -829227 229957
2: -879814 940849 144039 229957
4: -882882 -390963 675675 229957
2: -882882 869505 130321 229957
2: -884884 840047 123823 229957
4: -893172 -211185 990223 229957
4: -894348 -267501 843486 229957
1: 894348 473271 -432915 229957
3: 896363 -112847 281580 229957
1: 896714 849433 -371469 229957
3: 904761 -390963 -124852 229957
2: -905177 171475 -559702 229957
3: 905388 -601965 -183274 229957
3: 910442 -405769 -128516 229957
4: -910442 -405769 649800 229957
3: 912247 -61009 788214 229957
3: 912247 -75881 576926 229957
1: 912247 110903 -882882 229957
3: 912247 -110903 303212 229957
2: -912247 156065 -644072 229957
1: 912247 162089 -695604 229957
3: 912247 -162089 115934 229957
2: -912247 168155 -576926 229957
2: -912247 228095 -349154 229957
4: -912247 -228095 928824 229957
2: -912247 245765 -303212 229957
4: -912247 -245765 882882 229957
2: -912247 305045 -187964 229957
4: -912247 -305045 767634 229957
2: -912247 359195 -115934 229957
4: -912247 -359195 695604 229957
1: 912247 405769 -451924 229957
2: -912247 405769 -69360 229957
3: 912247 -405769 -127746 229957
4: -912247 -405769 649030 229957
2: -912247 477799 -15210 229957
4: -912247 -477799 594880 229957
1: 912247 593047 -400738 229957
2: -912247 593047 44070 229957
3: 912247 -593047 -178932 229957
4: -912247 -593047 535600 229957
2: -912247 638989 61740 229957
4: -912247 -638989 517930 229957
1: 912247 866761 -365716 229957
2: -912247 866761 121680 229957
3: 912247 -866761 -213954 229957
4: -912247 -866761 457990 229957
2: -912247 933907 133770 229957
4: -912247 -933907 445900 229957
4: -913614 -252339 866761 229957
4: -917182 -786695 473271 229957
3: 917852 -130321 218491 229957
2: -918897 173901 -548720 229957
3: 919106 -336091 -91091 229957
4: -919106 -336091 720447 229957
1: 919106 537589 -410571 229957
4: -919106 -664391 506597 229957
1: 919191 650883 -389158 229957
1: 919583 912247 -359970 229957
2: -919583 912247 128102 229957
3: 919828 -130321 219765 229957
3: 919828 -405769 -124545 229957
4: -919828 -405769 645829 229957
3: 919828 -651605 -186004 229957
1: 923013 915135 -358834 229957
4: -924092 -651605 509012 229957
4: -924882 -468195 596011 229957
1: 926786 528143 -411008 229957
1: 927472 451763 -432117 229957
1: 927472 627347 -390963 229957
3: 927472 -660269 -184471 229957
4: -927472 -986765 432117 229957
4: -929214 -390963 655473 229957
1: 932568 410571 -445835 229957
1: 932824 296387 -508326 229957
4: -932824 -644189 508326 229957
1: 937517 130321 -794976 229957
2: -937517 130321 -828100 229957
2: -937612 160867 -617310 229957
4: -937762 -651605 503958 229957
3: 938448 -173901 102885 229957
3: 939683 -779597 -195510 229957
1: 944034 237699 -562438 229957
3: 944034 -280917 -41154 229957
2: -944034 390963 -89278 229957
4: -944034 -511413 562438 229957
2: -946162 651605 57967 229957
1: 946542 267501 -530621 229957
2: -946542 911547 121030 229957
4: -951482 -289835 775067 229957
3: 955598 -63175 793117 229957
2: -955598 511537 -4693 229957
1: 957372 308763 -495292 229957
4: -957372 -656565 495292 229957
4: -957866 -328937 713336 229957
1: 957999 838929 -356668 229957
4: -959244 -918897 432117 229957
1: 964516 224939 -576156 229957
4: -964516 -475397 576156 229957
4: -965202 -835107 445835 229957
2: -967119 173901 -551684 229957
3: 967119 -432117 -115934 229957
1: 967603 260015 -535002 229957
3: 967603 -300713 -46930 229957
4: -967603 -793117 454138 229957
2: -968734 637637 48013 229957
1: 970004 696787 -370386 229957
2: -970004 896363 112632 229957
1: 971033 289835 -507566 229957
4: -972426 -280917 781926 229957
1: 973978 156065 -709137 229957
4: -974358 -390963 637637 229957
3: 976144 -645869 -164977 229957
1: 976521 390963 -445718 229957
2: -976521 549081 10108 229957
3: 976638 -869505 -192052 229957
1: 978481 405769 -438976 229957
2: -978481 405769 -82308 229957
3: 980476 -405769 -100719 229957
4: -980476 -405769 622003 229957
4: -980837 -240065 865046 229957
3: 980837 -405769 -100586 229957
4: -980837 -405769 621870 229957
1: 980837 650671 -374946 229957
2: -981617 583015 24206 229957
3: 987696 -173901 128079 229957
1: 989898 731025 -361361 229957
1: 990584 325507 -478686 229957
4: -990584 -673309 478686 229957
1: 992446 256907 -535002 229957
4: -993377 -405769 617310 229957
