Command line:- ../do_t 785213 1000000
2: -28158 486387 899470 785213
1: 35321 454597 461244 785213
2: -37752 491283 840123 785213
2: -48642 497097 830297 785213
1: 49096 448019 486387 785213
1: 51376 447083 468996 785213
1: 54043 447083 309738 785213
2: -54043 497705 568480 785213
1: 61009 454597 -875092 785213
2: -61009 499681 419628 785213
2: -69938 504127 439280 785213
2: -83521 493493 -825968 785213
2: -83521 499681 -358644 785213
2: -83521 508079 257374 785213
2: -85918 492349 -958035 785213
1: 98553 439569 -559504 785213
2: -98553 524535 834054 785213
2: -101728 516971 302005 785213
2: -105963 507195 -362406 785213
2: -111078 529815 746776 785213
2: -112632 499851 -894166 785213
2: -119548 537251 878560 785213
1: 120802 417605 317889 785213
1: 120802 427063 -254320 785213
1: 122018 407779 900966 785213
1: 122018 432497 -594473 785213
2: -122018 508079 -589560 785213
1: 128894 427063 -419628 785213
1: 131043 413559 293046 785213
1: 145483 410839 108086 785213
2: -152592 552123 730303 785213
1: 159562 417605 -476619 785213
1: 165308 388531 790704 785213
1: 165308 427063 -963237 785213
2: -166296 512259 -918731 785213
1: 167042 388531 749550 785213
1: 167042 398905 250107 785213
2: -167042 521873 -568347 785213
2: -167042 537251 -23826 785213
2: -167042 551837 464607 785213
2: -167042 567853 972023 785213
1: 173162 417605 -671099 785213
2: -174724 537251 -123692 785213
2: -174724 559559 584647 785213
1: 178334 388531 501126 785213
1: 179322 422331 -933470 785213
1: 182666 401999 -165308 785213
2: -186694 567853 641121 785213
2: -189618 517275 -933470 785213
2: -206346 574431 540056 785213
1: 206492 384659 150280 785213
1: 209814 408291 -758914 785213
2: -209814 549081 -159817 785213
1: 211926 393129 -250563 785213
2: -211926 570741 378301 785213
2: -215878 588115 743886 785213
2: -218348 528143 -810645 785213
2: -218348 584647 632225 785213
1: 220704 410091 -927979 785213
1: 231192 401115 -746776 785213
1: 233206 388531 -363562 785213
2: -239096 537251 -708339 785213
2: -239343 552123 -343910 785213
2: -242554 584647 358644 785213
1: 250563 384813 -444752 785213
1: 250563 393129 -695604 785213
2: -254144 619723 918731 785213
1: 255476 388531 -608532 785213
2: -255697 567853 -117912 785213
1: 262086 378879 -390728 785213
2: -263549 594473 352716 785213
1: 279752 362843 -109820 785213
2: -280041 549081 -682924 785213
2: -282931 567853 -315588 785213
2: -285779 567853 -334084 785213
2: -301158 586245 -93347 785213
2: -305767 600457 117912 785213
2: -308256 607563 216172 785213
1: 309738 351747 -127738 785213
2: -309738 629187 540430 785213
2: -311467 594473 -20672 785213
1: 314432 375947 -797810 785213
2: -316217 567853 -510952 785213
1: 317889 312987 960058 785213
2: -319124 633919 535517 785213
2: -324258 633555 491062 785213
1: 327522 321651 540430 785213
2: -329802 549081 -918731 785213
2: -330902 567853 -584647 785213
2: -331916 584647 -305767 785213
2: -334084 664411 828438 785213
2: -334084 671099 912142 785213
1: 345059 347633 -373388 785213
2: -345644 671099 820182 785213
2: -347633 681967 933470 785213
2: -349448 588115 -341887 785213
2: -349448 594035 -250563 785213
2: -360646 594473 -300713 785213
1: 366054 303297 594473 785213
1: 368082 312987 291890 785213
1: 368082 351975 -668168 785213
2: -373388 671099 622710 785213
2: -373388 702559 964535 785213
2: -378488 671099 589560 785213
2: -380133 586245 -510952 785213
2: -385187 594473 -413712 785213
2: -386308 671099 540430 785213
1: 388531 311831 98838 785213
1: 388531 329593 -334084 785213
2: -388531 702559 858534 785213
2: -389519 653429 320892 785213
1: 391248 312987 41327 785213
2: -391742 710809 918731 785213
1: 405042 279357 810645 785213
1: 405042 306735 58956 785213
1: 406802 305045 83521 785213
1: 408291 280041 748748 785213
2: -412984 664411 315588 785213
2: -417316 584647 -674817 785213
2: -423016 671099 334084 785213
2: -427063 564995 -983246 785213
2: -427063 702559 622710 785213
2: -427856 671099 309519 785213
1: 432212 337535 -830297 785213
1: 432344 329171 -671099 785213
2: -437257 567853 -970632 785213
1: 450262 305045 -314721 785213
2: -451996 671099 194854 785213
1: 454597 305045 -350268 785213
2: -454597 671099 183226 785213
2: -455221 594473 -669188 785213
2: -457776 627627 -285532 785213
1: 464607 250563 919490 785213
1: 471276 250563 836836 785213
2: -472736 596011 -702559 785213
2: -476561 594473 -732108 785213
2: -478192 671099 83521 785213
1: 483626 244783 856596 785213
2: -488072 664411 -18496 785213
2: -488072 756371 751689 785213
2: -488072 779779 918731 785213
1: 488433 314721 -781456 785213
2: -490776 607563 -619038 785213
1: 491283 250563 602338 785213
2: -491283 774345 864688 785213
1: 501126 239343 805376 785213
2: -501126 718029 397969 785213
1: 505172 305767 -732615 785213
2: -505172 671099 -19074 785213
2: -508079 671099 -29478 785213
2: -510952 671099 -39644 785213
2: -512259 722007 383214 785213
1: 518757 306735 -835210 785213
2: -518947 742577 510952 785213
1: 524172 247095 341887 785213
1: 524172 276471 -319345 785213
2: -527098 594473 -860795 785213
1: 535517 229235 695266 785213
1: 537966 250563 123006 785213
1: 540254 227069 702559 785213
1: 543609 250563 70642 785213
1: 545688 250563 51623 785213
1: 547162 258115 -127738 785213
1: 549081 214149 979132 785213
1: 549219 260091 -186694 785213
2: -549461 830297 941868 785213
2: -554268 655215 -319345 785213
2: -559504 671099 -195653 785213
1: 560082 211185 935935 785213
2: -562419 734349 285532 785213
2: -567853 600457 -884340 785213
2: -567853 738361 294780 785213
2: -567853 817003 788970 785213
2: -567853 825227 835210 785213
2: -567853 830297 863260 785213
1: 568854 250563 -150898 785213
2: -571064 671099 -228888 785213
1: 572572 258115 -334084 785213
2: -572572 702559 18411 785213
2: -573903 774345 510952 785213
2: -578864 671099 -250563 785213
1: 584647 202787 896610 785213
1: 584647 258115 -425854 785213
2: -584647 600457 -917928 785213
1: 586092 268983 -631465 785213
2: -588126 633777 -600457 785213
2: -594473 605891 -881790 785213
2: -594473 671099 -292230 785213
2: -594473 702559 -46930 785213
2: -594473 716053 51680 785213
2: -594473 830297 758100 785213
1: 600457 218405 294780 785213
1: 606879 202521 648516 785213
2: -607563 645411 -540430 785213
2: -611534 600457 -967861 785213
2: -611534 702559 -94588 785213
2: -613301 742577 176868 785213
2: -615043 671099 -343910 785213
2: -619476 606879 -918731 785213
2: -624624 840123 699941 785213
2: -625328 671099 -368475 785213
1: 627627 257499 -713830 785213
1: 629442 250563 -610090 785213
1: 629442 273999 -976820 785213
1: 634524 239343 -447083 785213
1: 635778 267501 -918731 785213
2: -649363 830297 568480 785213
2: -653429 702559 -201058 785213
2: -657514 918731 942058 785213
1: 661804 244783 -730303 785213
2: -664411 671099 -454886 785213
2: -668168 657475 -567853 785213
2: -668168 664411 -513760 785213
2: -668168 671099 -462660 785213
2: -668168 715715 -146205 785213
2: -668168 790075 301796 785213
2: -668168 803803 375440 785213
2: -668168 821275 465608 785213
2: -668168 887315 774345 785213
2: -668168 922355 920205 785213
2: -668168 927979 942590 785213
1: 668933 215501 -255476 785213
2: -671099 664411 -519622 785213
1: 673634 240737 -742577 785213
2: -675906 912951 856596 785213
2: -687401 671099 -501126 785213
1: 688788 250563 -981552 785213
2: -691288 671099 -508640 785213
1: 691548 191607 67507 785213
2: -698896 927979 842724 785213
2: -702559 653429 -662948 785213
2: -702559 793117 226644 785213
2: -710138 742577 -73695 785213
2: -720434 682907 -478686 785213
1: 721292 195415 -280041 785213
2: -724064 918731 732108 785213
1: 726693 163761 432344 785213
2: -732108 692835 -432344 785213
2: -741234 895641 594473 785213
1: 742577 157339 442170 785213
1: 742577 176605 -58956 785213
2: -742577 812383 225998 785213
2: -746776 671099 -607376 785213
1: 751689 214149 -836836 785213
2: -751894 830297 288439 785213
2: -756976 671099 -623951 785213
2: -757796 730303 -244783 785213
1: 764478 162129 79781 785213
1: 766139 209209 -856596 785213
2: -766428 840123 298870 785213
2: -769318 918731 610090 785213
2: -772616 671099 -648516 785213
1: 777062 143429 466735 785213
1: 777062 187561 -576555 785213
1: 777062 206635 -889542 785213
2: -777062 702559 -448324 785213
1: 781167 178695 -442442 785213
2: -781456 918731 579766 785213
1: 786258 138567 510952 785213
2: -786258 775965 -48841 785213
2: -786258 998283 835210 785213
1: 787202 138985 486387 785213
2: -791934 938961 626263 785213
2: -803998 837881 206635 785213
2: -804287 671099 -695334 785213
2: -809248 918731 513760 785213
2: -823548 655215 -830297 785213
2: -825968 664411 -770185 785213
2: -825968 927979 508640 785213
1: 830297 146927 -200090 785213
1: 830297 149435 -259046 785213
1: 830297 173641 -740520 785213
1: 830297 181781 -873620 785213
2: -830297 702559 -532114 785213
1: 833976 183027 -918731 785213
1: 834632 149435 -300560 785213
2: -834632 918731 457314 785213
1: 835354 109681 918731 785213
1: 836043 154869 -432344 785213
2: -839256 953667 565573 785213
2: -840123 774345 -155584 785213
2: -840378 915135 432344 785213
1: 841282 122825 351747 785213
1: 842724 183027 -979132 785213
2: -846032 671099 -751689 785213
2: -854126 702559 -566236 785213
2: -857736 708339 -537251 785213
1: 858858 123981 104329 785213
2: -859826 918731 404586 785213
2: -864688 825227 35530 785213
1: 866932 143143 -466735 785213
2: -873392 918731 377454 785213
2: -876147 751689 -327184 785213
2: -879138 774345 -219351 785213
1: 879307 93347 978690 785213
1: 889713 94809 746776 785213
2: -898909 671099 -815558 785213
1: 899028 131043 -510952 785213
2: -899756 877591 181781 785213
2: -899756 918731 327066 785213
2: -903992 671099 -821304 785213
1: 907478 104329 123981 785213
1: 909194 83521 971451 785213
2: -909194 671099 -827118 785213
1: 918731 104329 -22308 785213
2: -918731 664411 -879814 785213
2: -918731 742577 -433992 785213
2: -918731 927979 323114 785213
1: 925782 117249 -466735 785213
1: 927979 83521 652916 785213
2: -927979 918731 276298 785213
1: 929214 104907 -172822 785213
1: 940654 123101 -751689 785213
2: -944034 718029 -594473 785213
1: 945098 83521 373659 785213
2: -949069 830297 -80036 785213
2: -950456 829939 -83521 785213
1: 957372 105963 -540430 785213
1: 958958 83521 154869 785213
1: 960982 79475 293046 785213
2: -960982 918731 220714 785213
1: 976144 62491 918731 785213
1: 976144 86411 -209814 785213
2: -976144 664411 -937227 785213
2: -976144 918731 196438 785213
2: -982566 917301 181781 785213
1: 985303 83521 -244036 785213
1: 991692 92055 -594473 785213
1: 999362 61009 524535 785213
1: 999362 83521 -448305 785213
