Command line:- ../do_t 5831 1000000
1: 17 3757 -705894 5831
1: 17 3871 -979608 5831
2: -48 4641 857157 5831
2: -51 3087 -466480 5831
2: -68 2989 -448987 5831
2: -68 4913 705894 5831
1: 84 2601 672280 5831
2: -98 5491 617057 5831
1: 98 6001 -734706 5831
2: -98 6137 734706 5831
1: 102 7119 -857157 5831
2: -102 7287 857157 5831
2: -108 6069 655473 5831
1: 119 8381 -840350 5831
1: 122 2303 693889 5831
1: 124 12005 -977109 5831
2: -126 11271 924385 5831
2: -132 2601 -470596 5831
1: 136 2401 543116 5831
2: -136 2401 -599760 5831
2: -136 10241 816340 5831
1: 136 14161 -945994 5831
2: -136 14161 936390 5831
1: 139 10115 -806736 5831
1: 147 5967 -489804 5831
2: -147 6171 489804 5831
2: -147 9537 725102 5831
1: 153 7077 -571438 5831
2: -153 7329 571438 5831
1: 168 2193 571438 5831
1: 171 50421 -926534 5831
2: -176 434945 957999 5831
1: 177 170799 -941192 5831
1: 182 41599 -857157 5831
2: -182 43367 857157 5831
1: 182 117649 -906882 5831
2: -182 117649 905726 5831
2: -183 857157 925106 5831
3: 184 -46991 -991270 5831
2: -186 127449 888370 5831
1: 187 6517 -431494 5831
1: 187 15317 -705894 5831
3: 187 -99127 -940506 5831
4: -187 -99127 941878 5831
1: 187 127253 -884646 5831
2: -191 448987 882980 5831
2: -192 51153 823543 5831
4: -192 -252399 897974 5831
2: -192 424977 877982 5831
1: 194 16807 -697935 5831
2: -194 16807 689843 5831
3: 194 -448987 -882980 5831
1: 196 5933 -367353 5831
2: -196 6205 367353 5831
2: -196 21097 720300 5831
1: 196 100861 -837949 5831
2: -196 105485 837949 5831
1: 196 117649 -842146 5831
2: -196 117649 840990 5831
2: -196 588245 862087 5831
3: 198 -35547 -941192 5831
4: -198 -91581 892143 5831
1: 199 631463 -849660 5831
1: 201 472311 -839664 5831
4: -202 -193613 857157 5831
3: 202 -938791 -844662 5831
2: -204 3969 81634 5831
1: 204 5145 -279888 5831
2: -204 23409 705894 5831
1: 204 30345 -739508 5831
3: 204 -42483 -900375 5831
1: 204 49245 -775523 5831
2: -204 51597 775523 5831
3: 204 -68943 -874650 5831
2: -204 194481 818006 5831
1: 204 252105 -822052 5831
1: 204 290445 -823543 5831
2: -204 304317 823543 5831
3: 204 -352947 -841415 5831
3: 204 -406623 -840350 5831
1: 208 117649 -793594 5831
2: -208 117649 792438 5831
2: -211 495635 799876 5831
4: -212 -52003 857157 5831
2: -212 323449 793016 5831
3: 212 -985439 -804678 5831
2: -213 558747 793016 5831
3: 214 -495635 -799876 5831
2: -221 1715 -839664 5831
1: 221 4913 -235298 5831
1: 221 117649 -746946 5831
2: -221 117649 745790 5831
4: -221 -506611 774690 5831
4: -221 -693889 773220 5831
1: 221 991613 -766598 5831
1: 224 117649 -736950 5831
2: -224 117649 735794 5831
4: -226 -12005 977109 5831
2: -226 154105 734706 5831
3: 231 -703137 -739508 5831
4: -231 -741285 739508 5831
2: -234 42483 665077 5831
1: 238 3179 50421 5831
1: 238 3757 -67228 5831
1: 238 41327 -655473 5831
3: 238 -41327 -773122 5831
2: -238 43639 655473 5831
4: -238 -43639 773122 5831
1: 238 117649 -693634 5831
2: -238 117649 692478 5831
3: 238 -117649 -734961 5831
4: -238 -117649 736117 5831
1: 242 285719 -694127 5831
2: -242 285719 693651 5831
4: -243 -399687 705894 5831
3: 244 -258655 -705894 5831
1: 244 833245 -693889 5831
2: -244 881069 693889 5831
2: -246 4335 117649 5831
3: 246 -833049 -693889 5831
4: -246 -881265 693889 5831
3: 248 -285719 -693651 5831
4: -248 -285719 694127 5831
4: -251 -85255 705894 5831
3: 254 -62135 -705894 5831
3: 258 -297381 -666449 5831
3: 259 -140165 -672280 5831
1: 262 28441 -571438 5831
4: -266 -7225 957999 5831
4: -266 -588245 643025 5831
1: 272 2401 257397 5831
2: -272 2401 -314041 5831
1: 272 14161 -475398 5831
2: -272 14161 465794 5831
1: 272 117649 -607002 5831
2: -272 117649 605846 5831
1: 272 693889 -621957 5831
2: -272 693889 621761 5831
1: 273 41157 -571438 5831
2: -273 43809 571438 5831
3: 276 -42483 -665077 5831
3: 284 -50575 -638666 5831
1: 284 195653 -588245 5831
4: -286 -10115 806736 5831
2: -288 113169 571438 5831
1: 289 1393 840350 5831
1: 289 1715 572124 5831
1: 289 2401 240590 5831
2: -289 2401 -297234 5831
1: 289 4165 -110446 5831
1: 289 5831 -246960 5831
2: -289 5831 223636 5831
3: 289 -5831 -929530 5831
4: -289 -5831 952854 5831
1: 289 6965 -302526 5831
3: 289 -6965 -873964 5831
2: -289 7441 302526 5831
4: -289 -7441 873964 5831
1: 289 9751 -384160 5831
3: 289 -9751 -792330 5831
1: 289 12005 -422478 5831
3: 289 -12005 -754012 5831
1: 289 16807 -469840 5831
2: -289 16807 461748 5831
3: 289 -16807 -706650 5831
4: -289 -16807 714742 5831
1: 289 16915 -470596 5831
3: 289 -16915 -705894 5831
2: -289 18071 470596 5831
4: -289 -18071 705894 5831
1: 289 23681 -504210 5831
3: 289 -23681 -672280 5831
1: 289 29155 -519988 5831
3: 289 -29155 -656502 5831
1: 289 40817 -539490 5831
2: -289 40817 536158 5831
3: 289 -40817 -637000 5831
4: -289 -40817 640332 5831
1: 289 48755 -547428 5831
3: 289 -48755 -629062 5831
2: -289 52087 547428 5831
4: -289 -52087 629062 5831
1: 289 68257 -559090 5831
3: 289 -68257 -617400 5831
1: 289 84035 -564564 5831
3: 289 -84035 -611926 5831
1: 289 117649 -571330 5831
2: -289 117649 570174 5831
3: 289 -117649 -605160 5831
4: -289 -117649 606316 5831
3: 289 -118405 -605052 5831
4: -289 -126497 605052 5831
1: 289 165767 -576240 5831
3: 289 -165767 -600250 5831
1: 289 204085 -578494 5831
3: 289 -204085 -597996 5831
1: 289 285719 -581280 5831
2: -289 285719 580804 5831
3: 289 -285719 -595210 5831
4: -289 -285719 595686 5831
1: 289 341285 -582414 5831
3: 289 -341285 -594076 5831
2: -289 364609 582414 5831
4: -289 -364609 594076 5831
1: 289 477799 -584080 5831
3: 289 -477799 -592410 5831
1: 289 588245 -584862 5831
3: 289 -588245 -591628 5831
1: 289 828835 -585844 5831
3: 289 -828835 -590646 5831
2: -289 885479 585844 5831
4: -289 -885479 590646 5831
3: 292 -156751 -594762 5831
2: -294 2601 -225694 5831
1: 294 4335 -127253 5831
1: 294 5865 -244902 5831
2: -294 6273 244902 5831
1: 294 19941 -480200 5831
3: 294 -99705 -597849 5831
4: -294 -106641 597849 5831
3: 294 -352947 -583780 5831
3: 296 -16807 -689843 5831
4: -296 -16807 697935 5831
1: 296 693889 -571536 5831
2: -296 693889 571340 5831
4: -299 -78547 594762 5831
3: 299 -693889 -571340 5831
4: -299 -693889 571536 5831
1: 306 6951 -285719 5831
2: -306 7455 285719 5831
4: -306 -30345 621859 5831
4: -306 -36015 611422 5831
1: 306 42483 -511413 5831
1: 306 50421 -518364 5831
4: -306 -61557 588245 5831
4: -306 -73059 583100 5831
2: -306 297381 548800 5831
2: -306 352947 549865 5831
2: -307 45619 509796 5831
4: -307 -113407 571438 5831
3: 308 -696779 -554631 5831
4: -308 -747643 554631 5831
3: 319 -84035 -554302 5831
1: 322 23987 -453789 5831
3: 322 -40919 -571438 5831
4: -322 -44047 571438 5831
1: 323 48559 -489804 5831
2: -323 52283 489804 5831
2: -323 232897 518126 5831
3: 324 -212415 -533022 5831
1: 329 139009 -504210 5831
2: -332 390677 507297 5831
3: 333 -28203 -571438 5831
2: -334 26411 438991 5831
1: 337 115787 -489804 5831
3: 338 -390677 -507297 5831
3: 342 -4641 -857157 5831
2: -342 50421 461244 5831
2: -343 15317 377986 5831
4: -343 -15317 613284 5831
2: -343 117649 480318 5831
4: -343 -117649 510952 5831
1: 348 467313 -485002 5831
1: 357 40749 -436982 5831
2: -357 44217 436982 5831
3: 357 -352947 -480726 5831
3: 358 -45619 -509796 5831
4: -358 -115787 489804 5831
1: 364 117649 -453730 5831
2: -364 117649 452574 5831
1: 366 857157 -462672 5831
4: -369 -857157 462672 5831
4: -373 -6647 705894 5831
3: 374 -9653 -612255 5831
3: 374 -10115 -605052 5831
3: 374 -84035 -472668 5831
3: 374 -99127 -469910 5831
4: -374 -99127 471282 5831
4: -374 -410669 458591 5831
2: -374 523957 451388 5831
4: -378 -4029 857157 5831
4: -378 -9537 621859 5831
1: 381 892143 -444528 5831
4: -384 -892143 444528 5831
2: -391 50575 403368 5831
2: -391 608923 432180 5831
3: 391 -693889 -436884 5831
4: -391 -693889 437080 5831
3: 392 -8959 -595448 5831
1: 392 117649 -421362 5831
2: -392 117649 420206 5831
3: 393 -50421 -461244 5831
4: -396 -23667 495635 5831
3: 402 -6069 -655473 5831
2: -402 58653 396508 5831
1: 404 70805 -400967 5831
1: 408 2601 117649 5831
1: 408 21609 -352359 5831
1: 408 127449 -405769 5831
2: -411 277389 408170 5831
1: 416 117649 -397086 5831
2: -416 117649 395930 5831
2: -432 507297 390677 5831
3: 436 -26411 -438991 5831
2: -438 13923 285719 5831
3: 438 -507297 -390677 5831
1: 441 5763 -163268 5831
2: -441 6375 163268 5831
3: 441 -97971 -398566 5831
4: -441 -108375 398566 5831
2: -441 352947 381480 5831
3: 442 -6839 -571438 5831
4: -442 -7567 571438 5831
4: -442 -16121 472311 5831
2: -442 55223 359023 5831
2: -442 95081 369754 5831
1: 442 117649 -373762 5831
2: -442 117649 372606 5831
4: -442 -325703 388962 5831
3: 442 -693889 -386463 5831
4: -442 -693889 386659 5831
2: -444 9537 235298 5831
4: -446 -70805 400967 5831
1: 448 117649 -368764 5831
2: -448 117649 367608 5831
3: 453 -58653 -396508 5831
3: 454 -588245 -376567 5831
1: 458 14399 -285719 5831
1: 459 6069 -168070 5831
1: 459 7203 -199920 5831
1: 462 2601 100842 5831
3: 462 -684063 -369754 5831
4: -462 -760359 369754 5831
1: 474 36015 -325703 5831
2: -476 1445 -554631 5831
4: -476 -8959 504210 5831
3: 476 -40171 -386561 5831
4: -476 -44795 386561 5831
1: 476 117649 -347106 5831
2: -476 117649 345950 5831
2: -476 588245 354909 5831
3: 491 -3179 -705894 5831
3: 493 -2023 -907578 5831
4: -493 -2023 974806 5831
4: -511 -33235 369754 5831
1: 524 39445 -297381 5831
1: 526 689087 -321657 5831
1: 527 2023 201684 5831
2: -527 2023 -268912 5831
2: -532 69649 302526 5831
2: -542 184093 307328 5831
1: 544 9457 -204085 5831
1: 544 14161 -240100 5831
2: -544 14161 230496 5831
1: 544 117649 -303790 5831
2: -544 117649 302634 5831
4: -546 -2601 756315 5831
1: 546 39831 -285719 5831
2: -546 45135 285719 5831
4: -561 -10731 408170 5831
2: -561 212415 297724 5831
3: 563 -184093 -307328 5831
1: 564 30345 -268912 5831
1: 568 510041 -297381 5831
4: -576 -36015 325703 5831
3: 576 -431151 -297381 5831
1: 578 833 859558 5831
1: 578 961 705894 5831
2: -578 1097 -705894 5831
1: 578 1519 338541 5831
3: 578 -1519 -926786 5831
1: 578 2401 106134 5831
2: -578 2401 -162778 5831
3: 578 -2401 -694379 5831
4: -578 -2401 751023 5831
1: 578 3689 -33614 5831
3: 578 -3689 -554631 5831
1: 578 5831 -129311 5831
2: -578 5831 105987 5831
3: 578 -5831 -458934 5831
4: -578 -5831 482258 5831
1: 578 6727 -151263 5831
3: 578 -6727 -436982 5831
2: -578 7679 151263 5831
4: -578 -7679 436982 5831
1: 578 10633 -203742 5831
3: 578 -10633 -384503 5831
1: 578 16337 -235298 5831
3: 578 -16337 -352947 5831
1: 578 16807 -236943 5831
2: -578 16807 228851 5831
3: 578 -16807 -351302 5831
4: -578 -16807 359394 5831
2: -578 18649 235298 5831
4: -578 -18649 352947 5831
1: 578 25823 -256907 5831
3: 578 -25823 -331338 5831
1: 578 40817 -270578 5831
2: -578 40817 267246 5831
3: 578 -40817 -317667 5831
4: -578 -40817 320999 5831
1: 578 47089 -273714 5831
3: 578 -47089 -314531 5831
2: -578 53753 273714 5831
4: -578 -53753 314531 5831
1: 578 74431 -281211 5831
3: 578 -74431 -307034 5831
3: 578 -114359 -302526 5831
1: 578 117649 -285954 5831
2: -578 117649 284798 5831
3: 578 -117649 -302291 5831
4: -578 -117649 303447 5831
4: -578 -130543 302526 5831
1: 578 180761 -288806 5831
3: 578 -180761 -299439 5831
1: 578 285719 -290759 5831
2: -578 285719 290283 5831
3: 578 -285719 -297486 5831
4: -578 -285719 297962 5831
1: 578 329623 -291207 5831
3: 578 -329623 -297038 5831
2: -578 376271 291207 5831
4: -578 -376271 297038 5831
1: 578 521017 -292278 5831
3: 578 -521017 -295967 5831
1: 578 800513 -292922 5831
3: 578 -800513 -295323 5831
2: -578 913801 292922 5831
4: -578 -913801 295323 5831
1: 586 5491 -117649 5831
1: 588 5661 -122451 5831
2: -588 6477 122451 5831
4: -588 -352947 292179 5831
3: 592 -2303 -693889 5831
1: 592 693889 -285817 5831
2: -592 693889 285621 5831
3: 598 -693889 -285621 5831
4: -598 -693889 285817 5831
1: 604 1445 352947 5831
1: 612 1029 600593 5831
3: 612 -4263 -489804 5831
2: -612 50421 257159 5831
1: 612 297381 -274743 5831
3: 612 -554631 -279412 5831
2: -618 18207 218491 5831
4: -626 -39445 297381 5831
3: 629 -16807 -322490 5831
4: -629 -16807 330582 5831
1: 629 693889 -269010 5831
2: -629 693889 268814 5831
1: 637 117649 -259522 5831
2: -637 117649 258366 5831
3: 644 -39355 -285719 5831
4: -644 -45611 285719 5831
4: -646 -1715 839664 5831
1: 646 46697 -244902 5831
4: -646 -171955 268912 5831
4: -646 -588245 264843 5831
1: 662 775523 -255731 5831
3: 663 -7203 -371518 5831
1: 664 732305 -254898 5831
4: -668 -775523 255731 5831
4: -672 -59823 268912 5831
1: 684 50421 -232645 5831
1: 686 799 752199 5831
2: -686 935 -752199 5831
2: -686 1445 -399252 5831
4: -686 -1445 894887 5831
2: -686 3179 -46305 5831
4: -686 -3179 541940 5831
1: 686 13583 -188993 5831
3: 686 -13583 -306642 5831
2: -686 15895 188993 5831
4: -686 -15895 306642 5831
1: 686 117649 -241026 5831
2: -686 117649 239870 5831
3: 686 -117649 -254609 5831
4: -686 -117649 255765 5831
2: -686 588245 246228 5831
4: -686 -588245 249407 5831
1: 697 99127 -235984 5831
2: -697 99127 234612 5831
3: 699 -462315 -244902 5831
4: -711 -30345 268912 5831
3: 714 -7803 -336140 5831
1: 714 39015 -218491 5831
2: -714 45951 218491 5831
4: -714 -352947 240652 5831
1: 727 103243 -226576 5831
1: 728 117649 -227154 5831
2: -728 117649 225998 5831
3: 731 -2401 -543116 5831
4: -731 -2401 599760 5831
3: 731 -272527 -235298 5831
4: -731 -322235 235298 5831
3: 732 -13923 -285719 5831
2: -732 857157 231217 5831
3: 738 -857157 -231217 5831
3: 748 -99127 -234612 5831
4: -748 -99127 235984 5831
4: -752 -14399 285719 5831
3: 752 -78319 -235298 5831
1: 754 55223 -212415 5831
4: -763 -2431 571438 5831
1: 774 867 588245 5831
4: -778 -103243 226576 5831
2: -781 523957 216090 5831
4: -782 -141659 223244 5831
3: 782 -693889 -218393 5831
4: -782 -693889 218589 5831
1: 784 1105 408170 5831
1: 784 18785 -180075 5831
1: 784 117649 -210970 5831
2: -784 117649 209814 5831
4: -786 -50421 232645 5831
1: 788 22253 -184877 5831
1: 814 139111 -204085 5831
4: -816 -3087 466480 5831
4: -816 -18207 252105 5831
4: -816 -151263 213605 5831
4: -816 -892143 209230 5831
1: 832 117649 -198832 5831
2: -832 117649 197676 5831
1: 833 5491 -86436 5831
3: 833 -5491 -321734 5831
2: -833 6647 86436 5831
4: -833 -6647 321734 5831
1: 833 117649 -198594 5831
2: -833 117649 197438 5831
3: 833 -117649 -209576 5831
4: -833 -117649 210732 5831
1: 846 235641 -198254 5831
3: 847 -652273 -201684 5831
4: -847 -792149 201684 5831
3: 854 -11849 -252105 5831
4: -856 -55223 212415 5831
4: -856 -139111 204085 5831
2: -867 663 -941192 5831
1: 867 927 470596 5831
4: -867 -1029 928844 5831
3: 867 -1071 -773122 5831
2: -867 1131 -470596 5831
4: -867 -1479 705894 5831
4: -867 -1911 590646 5831
2: -867 2499 -105644 5831
1: 867 3087 4116 5831
2: -867 4263 19208 5831
2: -867 4641 33614 5831
1: 867 6489 -100842 5831
4: -867 -7203 300762 5831
3: 867 -7497 -278516 5831
2: -867 7917 100842 5831
4: -867 -10353 268912 5831
4: -867 -13377 252448 5831
3: 867 -15759 -235298 5831
2: -867 17493 152978 5831
4: -867 -19227 235298 5831
1: 867 21609 -167482 5831
2: -867 29841 170814 5831
2: -867 32487 172872 5831
1: 867 45423 -182476 5831
4: -867 -50421 211036 5831
3: 867 -52479 -207858 5831
2: -867 55419 182476 5831
4: -867 -72471 206486 5831
4: -867 -93639 204134 5831
3: 867 -110313 -201684 5831
4: -867 -134589 201684 5831
1: 867 151263 -191996 5831
2: -867 208887 192472 5831
2: -867 227409 192766 5831
1: 867 317961 -194138 5831
4: -867 -352947 198218 5831
3: 867 -367353 -197764 5831
2: -867 387933 194138 5831
4: -867 -507297 197568 5831
4: -867 -655473 197232 5831
3: 867 -772191 -196882 5831
2: -867 857157 195202 5831
4: -867 -942123 196882 5831
4: -868 -1139 857157 5831
3: 869 -234955 -198254 5831
1: 882 867 506611 5831
1: 882 5457 -81634 5831
2: -882 6681 81634 5831
3: 882 -92769 -199283 5831
4: -882 -113577 199283 5831
1: 882 352947 -191029 5831
3: 883 -117649 -197676 5831
4: -883 -117649 198832 5831
3: 884 -6475 -285719 5831
4: -884 -7931 285719 5831
3: 884 -10115 -252105 5831
1: 884 117649 -187170 5831
2: -884 117649 186014 5831
1: 896 117649 -184671 5831
2: -896 117649 183515 5831
4: -897 -2601 470596 5831
3: 901 -14161 -230496 5831
4: -901 -14161 240100 5831
3: 912 -18207 -218491 5831
2: -918 6069 67228 5831
2: -918 7203 85799 5831
3: 924 -645915 -184877 5831
4: -924 -798507 184877 5831
4: -931 -588245 183804 5831
2: -951 637245 177674 5831
1: 952 117649 -173842 5831
2: -952 117649 172686 5831
2: -958 26299 151263 5831
1: 959 7225 -100842 5831
3: 966 -2601 -386561 5831
1: 969 44835 -163268 5831
2: -969 56007 163268 5831
1: 969 212415 -172872 5831
2: -972 136857 169932 5831
3: 986 -2023 -436982 5831
4: -986 -2023 504210 5831
1: 986 4067 -40817 5831
4: -986 -84035 180404 5831
2: -991 192185 168070 5831
4: -1003 -12691 221578 5831
3: 1023 -136857 -169932 5831
1: 1029 765 501466 5831
4: -1029 -867 910322 5831
2: -1029 969 -501466 5831
1: 1029 2601 30870 5831
3: 1029 -13005 -204428 5831
4: -1029 -16473 204428 5831
4: -1029 -352947 167042 5831
1: 1032 347361 -163268 5831
2: -1034 74431 155771 5831
4: -1036 -161551 168070 5831
4: -1053 -347361 163268 5831
1: 1054 2023 84035 5831
2: -1054 2023 -151263 5831
1: 1054 12005 -119952 5831
3: 1054 -434581 -162435 5831
1: 1071 867 403368 5831
4: -1071 -4335 302526 5831
1: 1071 352947 -157352 5831
2: -1077 151263 153748 5831
4: -1082 -22253 184877 5831
2: -1088 14161 112847 5831
1: 1088 117649 -152184 5831
2: -1088 117649 151028 5831
3: 1122 -1029 -600593 5831
2: -1127 527 -979608 5831
3: 1128 -151263 -153748 5831
3: 1134 -25143 -168070 5831
3: 1136 -74431 -155771 5831
3: 1156 -799 -705894 5831
1: 1156 833 388962 5831
2: -1156 833 -552230 5831
1: 1156 893 352947 5831
3: 1156 -931 -626661 5831
2: -1156 1165 -352947 5831
4: -1156 -1631 504210 5831
4: -1156 -1715 486717 5831
1: 1156 2261 50421 5831
3: 1156 -2303 -340942 5831
1: 1156 2401 38906 5831
2: -1156 2401 -95550 5831
2: -1156 4165 7203 5831
1: 1156 5593 -67228 5831
3: 1156 -5831 -223636 5831
4: -1156 -5831 246960 5831
3: 1156 -6251 -218491 5831
1: 1156 6517 -78547 5831
4: -1156 -8155 218491 5831
2: -1156 11417 96040 5831
2: -1156 12005 98539 5831
1: 1156 15181 -117649 5831
3: 1156 -15827 -175273 5831
1: 1156 16121 -119364 5831
3: 1156 -16807 -173628 5831
4: -1156 -16807 181720 5831
2: -1156 19805 117649 5831
4: -1156 -27727 168070 5831
4: -1156 -29155 167041 5831
3: 1156 -39151 -158466 5831
1: 1156 40817 -136122 5831
2: -1156 40817 132790 5831
1: 1156 43757 -136857 5831
3: 1156 -45619 -156849 5831
2: -1156 57085 136857 5831
4: -1156 -79919 154350 5831
4: -1156 -84035 153993 5831
3: 1156 -106267 -151263 5831
1: 1156 110789 -143031 5831
3: 1156 -112847 -151018 5831
1: 1156 117649 -143266 5831
2: -1156 117649 142110 5831
4: -1156 -138635 151263 5831
2: -1156 194089 144060 5831
2: -1156 204085 144207 5831
1: 1156 274057 -145432 5831
3: 1156 -285719 -148624 5831
4: -1156 -285719 149100 5831
3: 1156 -306299 -148519 5831
1: 1156 319333 -145663 5831
4: -1156 -399595 148519 5831
2: -1156 559433 146020 5831
2: -1156 588245 146071 5831
1: 1156 743869 -146461 5831
3: 1156 -775523 -147637 5831
1: 1156 789929 -146496 5831
2: -1156 970445 146461 5831
4: -1173 -42483 158466 5831
1: 1174 84035 -139587 5831
2: -1176 23409 120050 5831
2: -1186 328937 141610 5831
3: 1224 -4335 -235298 5831
3: 1224 -60711 -145775 5831
3: 1252 -26299 -151263 5831
4: -1258 -749 857157 5831
3: 1258 -16807 -159222 5831
4: -1258 -16807 167314 5831
2: -1258 30923 117649 5831
1: 1258 693889 -134554 5831
2: -1258 693889 134358 5831
3: 1274 -17629 -156065 5831
1: 1274 117649 -130050 5831
2: -1274 117649 128894 5831
4: -1276 -84035 139587 5831
3: 1284 -867 -588245 5831
1: 1292 42973 -122451 5831
2: -1292 57869 122451 5831
4: -1299 -352947 132362 5831
4: -1309 -3757 268912 5831
1: 1326 441 734706 5831
4: -1326 -7203 199920 5831
4: -1326 -569037 129115 5831
2: -1336 53465 117649 5831
2: -1364 230741 122451 5831
3: 1372 -731 -623917 5831
4: -1372 -1003 623917 5831
3: 1372 -12427 -153321 5831
4: -1372 -17051 153321 5831
1: 1372 117649 -120802 5831
2: -1372 117649 119646 5831
1: 1394 99127 -118335 5831
2: -1394 99127 116963 5831
3: 1406 -230741 -122451 5831
3: 1428 -867 -521017 5831
2: -1428 2601 -67228 5831
3: 1428 -352947 -120037 5831
2: -1434 534939 117649 5831
2: -1442 697 -571438 5831
3: 1454 -1445 -352947 5831
1: 1456 117649 -113866 5831
2: -1456 117649 112710 5831
3: 1462 -2401 -257397 5831
4: -1462 -2401 314041 5831
3: 1462 -247673 -117649 5831
4: -1462 -347089 117649 5831
1: 1479 15435 -93296 5831
3: 1496 -99127 -116963 5831
4: -1496 -99127 118335 5831
4: -1513 -3479 244902 5831
2: -1513 240737 110446 5831
1: 1547 34969 -100842 5831
2: -1547 49997 100842 5831
1: 1547 117649 -107202 5831
2: -1547 117649 106046 5831
1: 1568 117649 -105774 5831
2: -1568 117649 104618 5831
4: -1581 -583443 108290 5831
3: 1589 -588245 -107508 5831
1: 1598 9947 -75803 5831
1: 1598 410669 -105644 5831
2: -1617 2601 -62426 5831
2: -1632 1617 -163268 5831
4: -1632 -32079 117649 5831
4: -1632 -266511 105791 5831
2: -1632 467313 103243 5831
2: -1642 159817 100842 5831
1: 1649 16807 -85680 5831
2: -1649 16807 77588 5831
1: 1652 289 907578 5831
2: -1654 116963 99127 5831
1: 1664 117649 -99705 5831
2: -1664 117649 98549 5831
2: -1666 1445 -192080 5831
4: -1666 -1445 396165 5831
1: 1666 4913 -43218 5831
3: 1666 -4913 -160867 5831
2: -1666 7225 43218 5831
4: -1666 -7225 160867 5831
1: 1666 117649 -99586 5831
2: -1666 117649 98430 5831
3: 1666 -117649 -104499 5831
4: -1666 -117649 105655 5831
2: -1666 588245 101320 5831
4: -1666 -588245 102765 5831
1: 1671 321657 -100842 5831
1: 1674 118335 -99127 5831
3: 1694 -582335 -100842 5831
4: -1694 -862087 100842 5831
1: 1734 357 672280 5831
3: 1734 -525 -621859 5831
3: 1734 -561 -588245 5831
1: 1734 735 276115 5831
1: 1734 825 235298 5831
3: 1734 -1029 -365295 5831
3: 1734 -1155 -336140 5831
2: -1734 1233 -235298 5831
1: 1734 1275 117649 5831
1: 1734 1617 72030 5831
3: 1734 -1785 -252105 5831
1: 1734 2499 12005 5831
4: -1734 -3087 231182 5831
3: 1734 -3675 -172872 5831
3: 1734 -3927 -168070 5831
1: 1734 5145 -44590 5831
1: 1734 5775 -50421 5831
3: 1734 -7203 -136220 5831
2: -1734 7497 43218 5831
3: 1734 -8085 -132055 5831
2: -1734 8631 50421 5831
1: 1734 8925 -67228 5831
1: 1734 11319 -73745 5831
3: 1734 -12495 -120050 5831
3: 1734 -14025 -117649 5831
1: 1734 17493 -82320 5831
1: 1734 19635 -84035 5831
4: -1734 -20961 117649 5831
4: -1734 -21609 117061 5831
3: 1734 -25725 -108731 5831
3: 1734 -27489 -108045 5831
1: 1734 36015 -90405 5831
1: 1734 40425 -91238 5831
3: 1734 -50421 -103495 5831
2: -1734 52479 90209 5831
3: 1734 -56595 -102900 5831
2: -1734 60417 91238 5831
1: 1734 62475 -93639 5831
1: 1734 79233 -94570 5831
3: 1734 -87465 -101185 5831
3: 1734 -98175 -100842 5831
1: 1734 137445 -96040 5831
4: -1734 -146727 100842 5831
4: -1734 -151263 100758 5831
3: 1734 -180075 -99568 5831
3: 1734 -192423 -99470 5831
1: 1734 252105 -96950 5831
1: 1734 282975 -97069 5831
3: 1734 -352947 -98820 5831
2: -1734 367353 96922 5831
3: 1734 -396165 -98735 5831
2: -1734 422919 97069 5831
1: 1734 437325 -97412 5831
1: 1734 554631 -97545 5831
3: 1734 -612255 -98490 5831
3: 1734 -687225 -98441 5831
1: 1734 857157 -97720 5831
1: 1734 962115 -97755 5831
3: 1756 -116963 -99127 5831
3: 1764 -4335 -158466 5831
1: 1764 4845 -40817 5831
2: -1764 7293 40817 5831
3: 1766 -117649 -98549 5831
4: -1766 -117649 99705 5831
1: 1768 117649 -93874 5831
2: -1768 117649 92718 5831
4: -1776 -118335 99127 5831
3: 1802 -14161 -112847 5831
3: 1819 -495635 -93982 5831
1: 1836 6069 -50421 5831
1: 1904 289 756315 5831
1: 1904 117649 -87210 5831
2: -1904 117649 86054 5831
3: 1911 -2601 -182476 5831
4: -1921 -12005 119952 5831
3: 1938 -18207 -100842 5831
1: 1938 39249 -81634 5831
2: -1938 61593 81634 5831
3: 1972 -2023 -201684 5831
4: -1972 -2023 268912 5831
4: -1972 -4459 169099 5831
1: 1974 111843 -84035 5831
2: -1989 42483 76832 5831
1: 1991 549829 -84966 5831
1: 2006 289 705894 5831
4: -2006 -1127 408170 5831
2: -2006 511819 84035 5831
4: -2016 -4335 168070 5831
1: 2023 1921 33614 5831
3: 2023 -1921 -201684 5831
2: -2023 3077 -33614 5831
4: -2023 -3077 201684 5831
1: 2023 117649 -82114 5831
2: -2023 117649 80958 5831
3: 2023 -117649 -85956 5831
4: -2023 -117649 87112 5831
3: 2037 -459 -571438 5831
1: 2058 663 250733 5831
3: 2058 -867 -337512 5831
4: -2058 -2601 219863 5831
3: 2058 -11271 -102214 5831
3: 2058 -352947 -83232 5831
3: 2091 -1323 -244902 5831
1: 2114 1445 67228 5831
2: -2131 588245 79186 5831
2: -2142 867 -319333 5831
2: -2142 352947 78387 5831
1: 2156 269 693889 5831
2: -2156 445 -693889 5831
1: 2176 117649 -76381 5831
2: -2176 117649 75225 5831
3: 2193 -297381 -78204 5831
3: 2227 -37583 -81634 5831
4: -2227 -63259 81634 5831
1: 2244 21609 -66640 5831
3: 2247 -867 -302526 5831
4: -2261 -588245 75752 5831
1: 2296 28033 -67228 5831
2: -2302 319333 72828 5831
2: -2303 3179 -28812 5831
3: 2304 -4335 -117649 5831
3: 2312 -343 -625289 5831
1: 2312 833 153664 5831
2: -2312 833 -316932 5831
1: 2312 2401 5292 5831
2: -2312 2401 -61936 5831
3: 2312 -5831 -105987 5831
4: -2312 -5831 129311 5831
3: 2312 -16807 -84791 5831
4: -2312 -16807 92883 5831
1: 2312 40817 -68894 5831
2: -2312 40817 65562 5831
1: 2312 117649 -71922 5831
2: -2312 117649 70766 5831
3: 2312 -285719 -74193 5831
4: -2312 -285719 74669 5831
4: -2346 -15435 93296 5831
3: 2346 -42483 -76832 5831
3: 2353 -319333 -72828 5831
1: 2364 165669 -70805 5831
1: 2394 47685 -67228 5831
3: 2397 -151263 -72114 5831
1: 2401 289 551054 5831
3: 2401 -289 -692664 5831
1: 2401 629 214914 5831
3: 2401 -629 -356524 5831
2: -2401 1105 -214914 5831
4: -2401 -1105 356524 5831
2: -2401 1445 -147686 5831
4: -2401 -1445 289296 5831
2: -2401 3757 -13230 5831
4: -2401 -3757 154840 5831
1: 2401 10693 -53998 5831
3: 2401 -10693 -87612 5831
1: 2401 16807 -60112 5831
2: -2401 16807 52020 5831
3: 2401 -16807 -81498 5831
4: -2401 -16807 89590 5831
2: -2401 18785 53998 5831
4: -2401 -18785 87612 5831
2: -2401 84035 67048 5831
4: -2401 -84035 74562 5831
2: -2401 218491 69360 5831
4: -2401 -218491 72250 5831
1: 2401 285719 -70176 5831
2: -2401 285719 69700 5831
3: 2401 -285719 -71434 5831
4: -2401 -285719 71910 5831
1: 2401 621859 -70516 5831
3: 2401 -621859 -71094 5831
4: -2431 -10115 100842 5831
2: -2434 119357 67228 5831
1: 2448 273 571438 5831
1: 2448 78897 -67228 5831
4: -2466 -165669 70805 5831
1: 2482 135541 -67228 5831
3: 2499 -867 -264110 5831
1: 2499 4335 -28812 5831
2: -2499 7803 28812 5831
3: 2499 -352947 -68510 5831
3: 2516 -16807 -77588 5831
4: -2516 -16807 85680 5831
1: 2516 693889 -67326 5831
2: -2516 693889 67130 5831
3: 2541 -512397 -67228 5831
4: -2541 -932025 67228 5831
2: -2547 352947 65892 5831
3: 2548 -391 -489804 5831
1: 2548 117649 -65314 5831
2: -2548 117649 64158 5831
2: -2567 539 -489804 5831
3: 2581 -119357 -67228 5831
3: 2598 -352947 -65892 5831
2: -2601 1029 -222950 5831
2: -2601 1785 -100842 5831
3: 2601 -2499 -129654 5831
1: 2601 5061 -33614 5831
2: -2601 9345 33614 5831
4: -2601 -17493 82320 5831
4: -2601 -36015 73598 5831
1: 2601 50421 -62174 5831
3: 2601 -86037 -67228 5831
4: -2601 -91581 68600 5831
4: -2601 -158865 67228 5831
2: -2601 352947 64520 5831
2: -2601 612255 64876 5831
3: 2601 -857157 -65548 5831
2: -2604 19941 50421 5831
4: -2644 -5491 117649 5831
2: -2644 184877 62713 5831
3: 2646 -249 -693889 5831
4: -2646 -465 693889 5831
3: 2652 -7203 -85799 5831
2: -2709 867 -268912 5831
3: 2737 -29189 -67228 5831
4: -2737 -55777 67228 5831
1: 2744 289 452760 5831
2: -2744 289 -923356 5831
2: -2744 117649 59534 5831
3: 2744 -823543 -62135 5831
3: 2746 -184877 -62713 5831
3: 2754 -212415 -62426 5831
2: -2771 92953 58310 5831
4: -2856 -11271 84035 5831
1: 2891 289 417774 5831
2: -2891 289 -888370 5831
2: -2907 50421 53074 5831
1: 2912 117649 -57222 5831
2: -2912 117649 56066 5831
2: -2967 410571 56644 5831
3: 3018 -410571 -56644 5831
4: -3043 -511 571438 5831
4: -3043 -45619 61642 5831
2: -3087 867 -245588 5831
2: -3087 352947 54332 5831
1: 3094 27455 -50421 5831
2: -3094 57511 50421 5831
1: 3094 117649 -53890 5831
2: -3094 117649 52734 5831
4: -3111 -21609 66640 5831
1: 3136 117649 -53176 5831
2: -3136 117649 52020 5831
1: 3162 127449 -52822 5831
2: -3168 78897 50421 5831
4: -3179 -391 705894 5831
3: 3179 -655 -235298 5831
2: -3179 1127 -172872 5831
4: -3179 -1403 235298 5831
3: 3179 -6419 -72030 5831
1: 3179 29155 -49392 5831
3: 3179 -84035 -54894 5831
1: 3179 285719 -53060 5831
2: -3179 285719 52584 5831
4: -3179 -355691 54194 5831
3: 3234 -765 -204085 5831
3: 3283 -3791 -81634 5831
4: -3283 -8347 81634 5831
4: -3298 -3757 117649 5831
1: 3298 16807 -44863 5831
2: -3298 16807 36771 5831
2: -3298 220507 50421 5831
1: 3304 289 336140 5831
2: -3304 289 -806736 5831
1: 3332 289 331338 5831
2: -3332 289 -801934 5831
1: 3332 3757 -21609 5831
2: -3332 8381 21609 5831
1: 3332 117649 -50082 5831
2: -3332 117649 48926 5831
2: -3366 180075 49147 5831
4: -3381 -2601 144060 5831
3: 3388 -442459 -50421 5831
3: 3417 -6069 -67228 5831
1: 3434 70805 -48020 5831
3: 3462 -78897 -50421 5831
2: -3468 357 -621859 5831
1: 3468 621 117649 5831
3: 3468 -1323 -127253 5831
2: -3468 1437 -117649 5831
1: 3468 3213 -16807 5831
4: -3468 -7203 82271 5831
2: -3468 17493 35329 5831
1: 3468 30429 -45619 5831
3: 3468 -64827 -50617 5831
2: -3468 70413 45619 5831
3: 3468 -73899 -50421 5831
1: 3468 157437 -48363 5831
4: -3468 -171003 50421 5831
4: -3468 -352947 49699 5831
2: -3468 857157 48741 5831
4: -3502 -539 489804 5831
1: 3536 117649 -47226 5831
2: -3536 117649 46070 5831
4: -3584 -78319 50421 5831
1: 3624 252105 -46529 5831
4: -3638 -62713 50421 5831
4: -3726 -252105 46529 5831
3: 3757 -833 -153664 5831
4: -3757 -833 316932 5831
3: 3757 -4109 -67228 5831
4: -3757 -10297 67228 5831
1: 3757 117649 -44482 5831
2: -3757 117649 43326 5831
4: -3791 -70805 48020 5831
1: 3791 890771 -44744 5831
1: 3808 117649 -43894 5831
2: -3808 117649 42738 5831
3: 3859 -588245 -44200 5831
1: 3876 28077 -40817 5831
2: -3876 72765 40817 5831
3: 3899 -289 -336140 5831
4: -3899 -289 806736 5831
3: 3944 -2023 -84035 5831
4: -3944 -2023 151263 5831
4: -3961 -5635 81634 5831
1: 3974 276115 -42483 5831
1: 4012 289 235298 5831
2: -4012 289 -705894 5831
1: 4029 36015 -39984 5831
1: 4046 79 957999 5831
2: -4046 215 -957999 5831
2: -4046 731 -252105 5831
4: -4046 -731 336140 5831
1: 4046 1343 16807 5831
3: 4046 -1343 -100842 5831
2: -4046 3655 -16807 5831
4: -4046 -3655 100842 5831
1: 4046 117649 -41346 5831
2: -4046 117649 40190 5831
3: 4046 -117649 -42689 5831
4: -4046 -117649 43845 5831
2: -4046 588245 41652 5831
4: -4046 -588245 42383 5831
4: -4063 -155771 43218 5831
3: 4067 -55199 -43218 5831
4: -4067 -151147 43218 5831
4: -4076 -276115 42483 5831
4: -4116 -255 874650 5831
4: -4116 -867 286405 5831
3: 4116 -7803 -51107 5831
4: -4116 -21675 51107 5831
4: -4116 -352947 41905 5831
2: -4134 692223 40817 5831
4: -4148 -259 857157 5831
1: 4154 695555 -40817 5831
3: 4176 -692223 -40817 5831
4: -4196 -695555 40817 5831
1: 4298 11849 -33614 5831
2: -4347 37281 33614 5831
4: -4386 -297381 39445 5831
4: -4437 -1617 163268 5831
3: 4454 -24745 -40817 5831
4: -4454 -76097 40817 5831
1: 4459 117649 -37570 5831
4: -4494 -867 268912 5831
1: 4522 71 857157 5831
2: -4522 223 -857157 5831
1: 4624 97 588245 5831
1: 4624 833 36015 5831
2: -4624 833 -199283 5831
4: -4624 -847 268912 5831
1: 4624 2401 -11515 5831
2: -4624 2401 -45129 5831
4: -4624 -2431 117649 5831
1: 4624 4753 -24010 5831
4: -4624 -7007 64827 5831
4: -4624 -14399 50421 5831
1: 4624 40817 -35280 5831
2: -4624 40817 31948 5831
4: -4624 -41503 41503 5831
1: 4624 80801 -36015 5831
1: 4624 117649 -36250 5831
2: -4624 117649 35094 5831
4: -4624 -119119 38416 5831
1: 4624 232897 -36505 5831
4: -4624 -343343 37338 5831
4: -4624 -705551 37044 5831
1: 4641 19941 -33614 5831
2: -4641 65025 33614 5831
2: -4726 10115 16807 5831
1: 4794 735 40817 5831
1: 4794 30345 -33614 5831
1: 4802 289 157878 5831
2: -4802 289 -628474 5831
3: 4802 -289 -228683 5831
4: -4802 -289 699279 5831
1: 4802 391 107457 5831
3: 4802 -391 -178262 5831
2: -4802 1343 -107457 5831
4: -4802 -1343 178262 5831
1: 4802 6647 -26999 5831
3: 4802 -6647 -43806 5831
1: 4802 16807 -32079 5831
2: -4802 16807 23987 5831
3: 4802 -16807 -38726 5831
4: -4802 -16807 46818 5831
2: -4802 22831 26999 5831
4: -4802 -22831 43806 5831
1: 4802 285719 -35207 5831
2: -4802 285719 34731 5831
3: 4802 -285719 -35598 5831
4: -4802 -285719 36074 5831
1: 4802 386561 -35258 5831
3: 4802 -386561 -35547 5831
2: -4811 111265 33614 5831
1: 4811 158809 -34986 5831
2: -4811 547085 34986 5831
4: -4896 -36015 39984 5831
1: 4913 9163 -28812 5831
1: 4913 53669 -33614 5831
2: -4913 191233 33614 5831
2: -4949 12427 19208 5831
4: -4998 -867 249704 5831
1: 4998 2601 -14406 5831
2: -4998 9537 14406 5831
4: -4998 -352947 34544 5831
3: 5032 -16807 -36771 5831
4: -5032 -16807 44863 5831
1: 5032 693889 -33712 5831
2: -5032 693889 33516 5831
1: 5033 306629 -33614 5831
1: 5042 483497 -33614 5831
1: 5049 880005 -33614 5831
2: -5066 780325 33320 5831
3: 5066 -875959 -33614 5831
3: 5073 -479451 -33614 5831
3: 5082 -302583 -33614 5831
3: 5083 -693889 -33516 5831
4: -5083 -693889 33712 5831
3: 5089 -1445 -67228 5831
1: 5094 352947 -33235 5831
1: 5096 117649 -32946 5831
2: -5096 117649 31790 5831
4: -5196 -352947 33235 5831
3: 5202 -51 -941192 5831
1: 5202 1029 12348 5831
4: -5202 -2499 105644 5831
1: 5202 2919 -16807 5831
2: -5202 11487 16807 5831
3: 5202 -17493 -35329 5831
3: 5202 -49623 -33614 5831
2: -5202 50421 29064 5831
4: -5202 -195279 33614 5831
1: 5202 352947 -32549 5831
4: -5202 -857157 32893 5831
1: 5242 722701 -32368 5831
1: 5287 88837 -31654 5831
4: -5293 -722701 32368 5831
4: -5304 -115311 33614 5831
3: 5321 -26299 -33614 5831
1: 5418 867 16807 5831
4: -5457 -867 235298 5831
3: 5474 -15895 -33614 5831
4: -5474 -69071 33614 5831
1: 5488 289 108731 5831
2: -5488 289 -579327 5831
1: 5488 117649 -30634 5831
2: -5488 117649 29478 5831
3: 5491 -119 -369754 5831
4: -5491 -1715 133770 5831
1: 5491 18767 -28812 5831
3: 5491 -40817 -31948 5831
4: -5491 -40817 35280 5831
2: -5491 82075 28812 5831
4: -5491 -588245 31260 5831
1: 5508 914781 -30821 5831
1: 5584 386561 -30345 5831
1: 5644 245 122451 5831
1: 5661 871563 -29988 5831
4: -5686 -386561 30345 5831
4: -5768 -41327 33614 5831
1: 5782 289 91238 5831
2: -5782 289 -561834 5831
1: 5814 147 204085 5831
1: 5814 50421 -28560 5831
3: 5817 -7803 -33614 5831
1: 5824 117649 -28900 5831
2: -5824 117649 27744 5831
1: 5831 289 88494 5831
2: -5831 289 -559090 5831
3: 5831 -289 -146804 5831
4: -5831 -289 617400 5831
2: -5831 1445 -88494 5831
4: -5831 -1445 146804 5831
1: 5831 117649 -28866 5831
2: -5831 117649 27710 5831
3: 5831 -117649 -29444 5831
4: -5831 -117649 30600 5831
2: -5831 588245 28866 5831
4: -5831 -588245 29444 5831
1: 5984 49 612255 5831
1: 6069 45 638666 5831
1: 6069 153 168070 5831
2: -6069 249 -638666 5831
3: 6069 -765 -67228 5831
4: -6069 -4233 67228 5831
4: -6069 -352947 28482 5831
4: -6076 -15895 38416 5831
2: -6118 527 -285719 5831
3: 6154 -49 -612255 5831
3: 6174 -51 -583100 5831
1: 6174 867 5145 5831
1: 6174 352947 -27455 5831
3: 6181 -117649 -27744 5831
4: -6181 -117649 28900 5831
1: 6188 117649 -27234 5831
2: -6188 117649 26078 5831
1: 6272 117649 -26877 5831
2: -6272 117649 25721 5831
3: 6324 -147 -204085 5831
1: 6358 49 494606 5831
3: 6358 -281 -117649 5831
4: -6358 -1777 117649 5831
1: 6358 285719 -26649 5831
2: -6358 285719 26173 5831
2: -6477 892143 26068 5831
3: 6494 -245 -122451 5831
2: -6494 55909 23324 5831
1: 6517 3757 -19894 5831
2: -6517 25721 19894 5831
3: 6528 -892143 -26068 5831
3: 6566 -1513 -40817 5831
4: -6566 -10625 40817 5831
1: 6608 289 50421 5831
2: -6608 289 -521017 5831
1: 6647 343 37044 5831
2: -6647 343 -433552 5831
3: 6647 -31213 -26264 5831
1: 6647 110789 -25382 5831
1: 6664 289 48020 5831
2: -6664 289 -518616 5831
1: 6664 117649 -25330 5831
2: -6664 117649 24174 5831
4: -6681 -50421 28560 5831
1: 6783 33 571438 5831
2: -6783 261 -571438 5831
4: -6834 -6069 50421 5831
4: -6851 -881167 24990 5831
1: 6868 31213 -24157 5831
2: -6936 441 -324135 5831
4: -6936 -1071 168070 5831
4: -6936 -2583 84035 5831
2: -6936 21609 17395 5831
4: -6936 -52479 27440 5831
4: -6936 -126567 25725 5831
2: -6936 307377 24010 5831
2: -6957 957999 24276 5831
3: 7008 -957999 -24276 5831
1: 7021 289 33614 5831
2: -7021 289 -504210 5831
1: 7072 117649 -23902 5831
2: -7072 117649 22746 5831
3: 7089 -552279 -24010 5831
1: 7098 51 285719 5831
1: 7168 17 857157 5831
1: 7174 495635 -23667 5831
1: 7203 153 71638 5831
4: -7203 -867 197274 5831
2: -7203 1581 -71638 5831
3: 7203 -2601 -29204 5831
4: -7203 -26877 29204 5831
4: -7203 -50421 26588 5831
3: 7203 -151263 -23698 5831
2: -7203 857157 23426 5831
3: 7238 -17 -857157 5831
4: -7276 -495635 23667 5831
3: 7308 -51 -285719 5831
3: 7344 -735 -40817 5831
3: 7361 -55909 -23324 5831
4: -7361 -649985 23324 5831
3: 7378 -23 -571438 5831
4: -7378 -271 571438 5831
1: 7399 1445 -14406 5831
1: 7497 867 -9604 5831
2: -7497 11271 9604 5831
1: 7497 352947 -22644 5831
3: 7514 -833 -36015 5831
4: -7514 -833 199283 5831
3: 7514 -1015 -33614 5831
1: 7514 1715 -16121 5831
4: -7514 -13391 33614 5831
3: 7514 -69629 -22785 5831
1: 7514 117649 -22530 5831
2: -7514 117649 21374 5831
3: 7514 -845495 -22638 5831
2: -7544 521017 22253 5831
3: 7546 -17 -658903 5831
3: 7546 -823543 -22542 5831
1: 7548 338541 -22491 5831
1: 7616 117649 -22236 5831
2: -7616 117649 21080 5831
3: 7646 -521017 -22253 5831
3: 7798 -289 -50421 5831
4: -7798 -289 521017 5831
1: 7803 21 369754 5831
2: -7803 561 -235298 5831
2: -7803 7203 1764 5831
4: -7803 -8673 38416 5831
3: 7803 -122451 -21854 5831
1: 7803 266511 -21756 5831
2: -7854 2601 -33614 5831
2: -7888 35329 17493 5831
2: -8024 289 -470596 5831
3: 8092 -11 -521017 5831
1: 8092 17 302526 5831
3: 8092 -187 -50421 5831
4: -8092 -283 521017 5831
4: -8092 -4811 50421 5831
1: 8092 117649 -20962 5831
2: -8092 117649 19806 5831
3: 8134 -7225 -21609 5831
4: -8134 -199121 21609 5831
2: -8232 2601 -33271 5831
4: -8281 -40171 24010 5831
4: -8288 -527 285719 5831
1: 8381 7 403368 5831
4: -8381 -4459 51450 5831
4: -8381 -84035 21938 5831
2: -8381 129115 19208 5831
1: 8524 588245 -19941 5831
4: -8602 -31213 24157 5831
4: -8626 -588245 19941 5831
1: 8918 117649 -19074 5831
2: -8918 117649 17918 5831
1: 8959 12005 -19110 5831
3: 8959 -285719 -18970 5831
4: -8959 -285719 19446 5831
3: 8988 -867 -16807 5831
2: -9044 3757 -16807 5831
4: -9093 -352947 19074 5831
1: 9248 17 -235298 5831
1: 9248 49 -93639 5831
4: -9248 -8687 33614 5831
4: -9248 -25039 23667 5831
1: 9248 40817 -18473 5831
2: -9248 40817 15141 5831
1: 9248 117649 -18414 5831
2: -9248 117649 17258 5831
3: 9282 -2601 -16807 5831
2: -9282 87567 16807 5831
4: -9469 -289 470596 5831
1: 9537 357 -33614 5831
3: 9537 -1029 -12348 5831
1: 9537 542283 -17836 5831
1: 9604 17 -374850 5831
1: 9604 85 -89131 5831
1: 9604 289 -38710 5831
2: -9604 289 -431886 5831
1: 9604 1445 -21903 5831
4: -9604 -1819 89131 5831
3: 9604 -16807 -17340 5831
4: -9604 -16807 25432 5831
4: -9604 -30923 21903 5831
3: 9604 -84035 -17629 5831
3: 9604 -285719 -17680 5831
4: -9604 -285719 18156 5831
3: 9622 -35329 -17493 5831
2: -9622 741223 17493 5831
3: 9724 -10115 -16807 5831
2: -9798 236691 16807 5831
3: 9826 -15113 -16807 5831
4: -9826 -19159 24010 5831
2: -9826 260015 16807 5831
2: -9947 31501 13034 5831
2: -9962 217 -571438 5831
1: 9979 84035 -17136 5831
3: 9996 -867 -7203 5831
2: -9996 13005 7203 5831
3: 9996 -352947 -16983 5831
1: 10064 693889 -16905 5831
2: -10064 693889 16709 5831
3: 10066 -108953 -16807 5831
3: 10092 -236691 -16807 5831
3: 10098 -321657 -16807 5831
1: 10132 329749 -16807 5831
1: 10138 244783 -16807 5831
1: 10164 117045 -16807 5831
3: 10166 -693889 -16709 5831
4: -10166 -693889 16905 5831
1: 10192 117649 -16762 5831
2: -10192 117649 15606 5831
4: -10302 -453789 16779 5831
3: 10404 -15 705894 5831
2: -10404 1029 -105301 5831
3: 10404 -2499 -12005 5831
1: 10404 13377 -17150 5831
1: 10404 23205 -16807 5831
1: 10404 50421 -16555 5831
1: 10404 87465 -16464 5831
4: -10404 -268107 16807 5831
3: 10404 -468195 -16317 5831
4: -10432 -244783 16807 5831
1: 10506 18207 -16807 5831
1: 10557 21 -571438 5831
3: 10693 -16807 -15162 5831
4: -10693 -16807 23254 5831
3: 10693 -549829 -15876 5831
1: 10829 117649 -15810 5831
2: -10829 117649 14654 5831
4: -10846 -84035 17136 5831
1: 10948 10693 -16807 5831
4: -10948 -95659 16807 5831
1: 10976 17 -828002 5831
1: 10976 117649 -15606 5831
2: -10976 117649 14450 5831
3: 10982 -119 100842 5831
2: -10982 1477 -67228 5831
4: -10982 -9163 28812 5831
3: 10982 -12887 -14406 5831
3: 10982 -40817 -15141 5831
4: -10982 -40817 18473 5831
2: -10982 113729 14406 5831
2: -10982 506611 15239 5831
1: 11242 8959 -16807 5831
4: -11271 -7203 31850 5831
3: 11271 -22491 -14406 5831
4: -11271 -87465 16464 5831
3: 11322 -727503 -14994 5831
1: 11564 289 -72030 5831
2: -11564 289 -398566 5831
2: -11628 50421 12257 5831
1: 11648 117649 -14739 5831
2: -11648 117649 13583 5831
1: 11662 289 -73402 5831
2: -11662 289 -397194 5831
3: 11662 -289 44247 5831
4: -11662 -289 426349 5831
1: 11662 117649 -14722 5831
3: 11662 -117649 -14433 5831
2: -11662 823543 14433 5831
4: -11662 -823543 14722 5831
2: -11696 920465 14406 5831
1: 11832 467313 -14406 5831
1: 11849 304045 -14406 5831
2: -11884 818741 14161 5831
3: 11986 -818741 -14161 5831
1: 12024 828345 -14161 5831
4: -12126 -828345 14161 5831
1: 12138 51 -386561 5831
3: 12138 -57 319333 5831
2: -12138 351 -319333 5831
4: -12138 -459 268912 5831
1: 12138 969 -33614 5831
4: -12138 -5967 33614 5831
3: 12138 -352947 -13952 5831
1: 12201 40749 -14406 5831
4: -12201 -247095 14406 5831
1: 12299 85 -244902 5831
3: 12362 -117649 -13583 5831
4: -12362 -117649 14739 5831
1: 12376 117649 -13906 5831
2: -12376 117649 12750 5831
3: 12427 -2401 -5292 5831
4: -12427 -2401 61936 5831
1: 12716 49 -446586 5831
4: -12716 -8575 26754 5831
4: -12716 -84035 14735 5831
2: -12716 84133 12005 5831
3: 12789 -51 408170 5831
1: 12936 2601 -21609 5831
1: 12954 108045 -13328 5831
3: 13034 -7225 -9947 5831
2: -13034 36703 9947 5831
3: 13034 -588245 -13005 5831
4: -13124 -4067 40817 5831
2: -13158 867 -117649 5831
1: 13294 343 -80605 5831
2: -13294 343 -315903 5831
3: 13294 -4165 -7203 5831
1: 13328 289 -93639 5831
2: -13328 289 -376957 5831
1: 13328 117649 -12954 5831
2: -13328 117649 11798 5831
3: 13362 -50421 -12257 5831
3: 13524 -255 81634 5831
3: 13566 -81 285719 5831
2: -13566 375 -285719 5831
4: -13583 -59143 14406 5831
4: -13583 -215747 13034 5831
4: -13821 -108045 13328 5831
3: 13872 -63 386561 5831
3: 13872 -3087 -4116 5831
3: 13872 -151263 -12089 5831
1: 14042 289 -100842 5831
2: -14042 289 -369754 5831
1: 14144 117649 -12240 5831
2: -14144 117649 11084 5831
2: -14161 187 -576240 5831
4: -14161 -187 600250 5831
1: 14161 221 -129654 5831
3: 14161 -221 105644 5831
2: -14161 935 -105644 5831
4: -14161 -935 129654 5831
1: 14161 117649 -12226 5831
2: -14161 117649 11070 5831
3: 14161 -117649 -11784 5831
4: -14161 -117649 12940 5831
2: -14161 588245 11818 5831
4: -14161 -588245 12192 5831
1: 14406 33 -821338 5831
1: 14406 51 -535619 5831
4: -14406 -135 821338 5831
4: -14406 -459 249900 5831
3: 14406 -561 35819 5831
3: 14406 -867 19012 5831
2: -14406 2295 -35819 5831
2: -14406 7803 -2205 5831
1: 14406 9537 -14602 5831
4: -14406 -39015 14602 5831
3: 14406 -50421 -11271 5831
2: -14406 453789 11560 5831
1: 14406 554631 -11849 5831
1: 14406 857157 -11832 5831
3: 14433 -229467 -11662 5831
2: -14433 935361 11662 5831
1: 14722 241129 -11662 5831
4: -14722 -947023 11662 5831
1: 14739 122451 -11760 5831
2: -14749 2329 -34986 5831
1: 14749 823543 -11560 5831
1: 14756 101 -285719 5831
4: -14756 -395 285719 5831
2: -14994 867 -112847 5831
3: 14994 -4335 -4802 5831
2: -14994 16473 4802 5831
2: -14994 352947 11033 5831
3: 15011 -117649 -11084 5831
4: -15011 -117649 12240 5831
1: 15028 5173 -16807 5831
4: -15028 -19579 16807 5831
1: 15028 117649 -11554 5831
2: -15028 117649 10398 5831
1: 15232 117649 -11407 5831
2: -15232 117649 10251 5831
2: -15317 149 -705894 5831
2: -15317 868819 10976 5831
4: -15504 -18207 16807 5831
1: 15606 7203 -15043 5831
2: -15606 12495 2401 5831
4: -15606 -122451 11760 5831
3: 15729 -867 24010 5831
1: 16048 289 -117649 5831
2: -16048 289 -352947 5831
1: 16184 425 -84035 5831
1: 16184 117649 -10770 5831
2: -16184 117649 9614 5831
1: 16388 69629 -10829 5831
4: -16422 -2601 50421 5831
3: 16473 -44541 -9604 5831
2: -16473 145383 9604 5831
1: 16762 4879 -16807 5831
1: 16762 55223 -10731 5831
1: 16807 47 -704004 5831
3: 16807 -47 683774 5831
2: -16807 149 -683774 5831
4: -16807 -149 704004 5831
1: 16807 289 -122962 5831
2: -16807 289 -347634 5831
3: 16807 -289 102732 5831
4: -16807 -289 367864 5831
1: 16807 799 -50932 5831
3: 16807 -799 30702 5831
1: 16807 2401 -23698 5831
2: -16807 2401 -32946 5831
3: 16807 -2401 3468 5831
4: -16807 -2401 53176 5831
2: -16807 2533 -30702 5831
4: -16807 -2533 50932 5831
1: 16807 13583 -12516 5831
3: 16807 -13583 -7714 5831
1: 16807 40817 -10914 5831
2: -16807 40817 7582 5831
3: 16807 -40817 -9316 5831
4: -16807 -40817 12648 5831
2: -16807 43061 7714 5831
4: -16807 -43061 12516 5831
1: 16807 112847 -10404 5831
3: 16807 -112847 -9826 5831
2: -16807 357749 9826 5831
4: -16807 -357749 10404 5831
1: 16807 693889 -10162 5831
2: -16807 693889 9966 5831
3: 16807 -693889 -10068 5831
4: -16807 -693889 10264 5831
3: 17101 -98549 -9604 5831
2: -17101 304895 9604 5831
4: -17136 -4335 33614 5831
3: 17493 -867 29498 5831
2: -17493 2601 -29498 5831
3: 17493 -352947 -9622 5831
2: -17629 107 -941192 5831
1: 17629 595 -67228 5831
3: 17629 -870485 -9604 5831
4: -17689 -1411 81634 5831
2: -17829 352947 9248 5831
1: 17836 117649 -9826 5831
2: -17836 117649 8670 5831
1: 17884 354025 -9604 5831
3: 17918 -581 50421 5831
1: 17918 75803 -9947 5831
3: 17918 -285719 -9366 5831
4: -17918 -285719 9842 5831
1: 17969 1445 -33614 5831
4: -18122 -69629 10829 5831
3: 18186 -352947 -9248 5831
2: -18207 352947 9052 5831
4: -18241 -354025 9604 5831
1: 18309 151263 -9520 5831
4: -18326 -3757 36015 5831
3: 18496 -1519 14406 5831
1: 18496 117649 -9496 5831
2: -18496 117649 8340 5831
2: -18836 991613 8925 5831
3: 18938 -289 117649 5831
4: -18938 -289 352947 5831
2: -18963 867 -105644 5831
2: -19074 357 -268912 5831
4: -19074 -1029 105301 5831
1: 19074 11907 -12005 5831
4: -19176 -151263 9520 5831
1: 19208 289 -137004 5831
2: -19208 289 -333592 5831
3: 19208 -16807 -6647 5831
4: -19208 -16807 14739 5831
3: 19208 -285719 -8721 5831
4: -19208 -285719 9197 5831
1: 19567 319333 -8806 5831
4: -19652 -75803 9947 5831
1: 19894 65 -594762 5831
4: -19894 -167 594762 5831
3: 19894 -18785 -6517 5831
2: -19894 48263 6517 5831
1: 20237 289 -142002 5831
2: -20237 289 -328594 5831
3: 20264 -650671 -8330 5831
1: 20384 117649 -8670 5831
2: -20384 117649 7514 5831
1: 20519 119 -336140 5831
2: -20519 119 -806736 5831
2: -20808 1281 -67228 5831
2: -20808 2793 -26411 5831
1: 20808 6321 -14406 5831
1: 20808 27489 -9604 5831
3: 20808 -554631 -8099 5831
2: -21168 561 -163268 5831
3: 21386 -16807 -5558 5831
4: -21386 -16807 13650 5831
1: 21609 255 -166600 5831
2: -21609 867 -102312 5831
3: 21609 -4335 1470 5831
1: 21609 50421 -8670 5831
3: 21609 -857157 -7820 5831
1: 21658 117649 -8194 5831
2: -21658 117649 7038 5831
4: -21828 -867 117649 5831
2: -21952 117649 6936 5831
3: 21964 -119 336140 5831
4: -21964 -119 806736 5831
3: 21964 -1715 16121 5831
3: 21964 -76195 -7203 5831
2: -21964 177037 7203 5831
3: 22083 -352947 -7582 5831
2: -22246 1955 -40817 5831
4: -22246 -588245 7803 5831
1: 22542 51 -823543 5831
2: -22542 441 -206486 5831
3: 22542 -7203 -1764 5831
1: 23128 289 -153664 5831
2: -23128 289 -316932 5831
1: 23324 289 -154350 5831
2: -23324 289 -316246 5831
1: 23324 1445 -36701 5831
4: -23324 -3179 36701 5831
1: 23324 117649 -7650 5831
2: -23324 117649 6494 5831
1: 23324 588245 -7361 5831
4: -23409 -357 268912 5831
1: 23409 25725 -8918 5831
2: -23863 187 -489804 5831
1: 24208 240737 -7203 5831
4: -24276 -111 840350 5831
4: -24276 -255 369754 5831
1: 24276 4437 -16807 5831
4: -24276 -9435 16807 5831
4: -24276 -352947 7265 5831
1: 24402 184671 -7203 5831
4: -24402 -391017 7203 5831
4: -24696 -663 145775 5831
4: -24696 -4335 28126 5831
1: 24752 117649 -7242 5831
2: -24752 117649 6086 5831
3: 24854 -595 67228 5831
3: 24854 -2401 11515 5831
4: -24854 -2401 45129 5831
1: 24854 204085 -7056 5831
4: -24922 -240737 7203 5831
2: -25398 105987 5831 5831
1: 25432 49 -917182 5831
1: 25432 51793 -7546 5831
4: -25648 -8959 16807 5831
4: -25721 -204085 7056 5831
4: -26166 -16473 12005 5831
1: 26299 117649 -6850 5831
2: -26299 117649 5694 5831
4: -26411 -84035 7514 5831
1: 26411 285719 -6596 5831
2: -26411 285719 6120 5831
4: -26558 -187 489804 5831
4: -26607 -11271 14406 5831
2: -26656 4913 -12005 5831
1: 26656 117649 -6766 5831
2: -26656 117649 5610 5831
1: 26754 51 -903805 5831
4: -26877 -147 619458 5831
3: 26877 -9261 -1372 5831
4: -26877 -27489 9604 5831
1: 27166 77 -605052 5831
4: -27166 -22295 10290 5831
3: 27293 -289 153664 5831
4: -27293 -289 316932 5831
1: 27489 2601 -24010 5831
3: 27744 -12495 -2401 5831
2: -27744 67473 4802 5831
1: 28033 16807 -8848 5831
2: -28033 16807 756 5831
1: 28084 289 -168070 5831
2: -28084 289 -302526 5831
3: 28224 -4335 4802 5831
1: 28288 117649 -6409 5831
2: -28288 117649 5253 5831
3: 28322 -47 994014 5831
2: -28322 89 -994014 5831
1: 28322 799 -64827 5831
3: 28322 -799 52822 5831
2: -28322 1513 -52822 5831
4: -28322 -1513 64827 5831
1: 28322 117649 -6402 5831
2: -28322 117649 5246 5831
3: 28322 -117649 -5603 5831
4: -28322 -117649 6759 5831
3: 28611 -295323 -5782 5831
1: 28812 117 -410669 5831
4: -28812 -219 410669 5831
4: -28812 -867 108143 5831
1: 28812 2601 -24108 5831
1: 28812 33813 -7301 5831
4: -28812 -63291 7301 5831
2: -28812 857157 5797 5831
3: 28866 -811881 -5831 5831
1: 29189 31213 -7350 5831
4: -29253 -561 163268 5831
1: 29274 4335 -16807 5831
1: 29444 835205 -5831 5831
1: 29478 1071 -50421 5831
2: -29478 122451 5047 5831
3: 29498 -2057 17493 5831
2: -29498 3791 -17493 5831
2: -29596 1445 -55223 5831
1: 29834 588245 -5780 5831
1: 29841 123 -396508 5831
4: -29841 -225 396508 5831
2: -29988 93 -938791 5831
3: 29988 -14739 -2401 5831
2: -29988 26877 2401 5831
3: 30022 -117649 -5253 5831
4: -30022 -117649 6409 5831
3: 30056 -391 117649 5831
1: 30056 117649 -6066 5831
2: -30056 117649 4910 5831
4: -30056 -132055 6321 5831
4: -30191 -588245 5780 5831
1: 30576 1377 -40817 5831
1: 30804 252105 -5712 5831
3: 31212 -122451 -5047 5831
3: 31213 -131 368186 5831
2: -31213 233 -368186 5831
4: -31458 -867 105644 5831
3: 31654 -588245 -5287 5831
4: -31671 -252105 5712 5831
1: 32079 262395 -5488 5831
1: 32368 117649 -5674 5831
2: -32368 117649 4518 5831
4: -32487 -2601 38416 5831
4: -32912 -129311 5831 5831
4: -32946 -765 117649 5831
3: 32946 -139503 -4802 5831
2: -32946 240345 4802 5831
4: -32946 -262395 5488 5831
3: 33271 -3757 8232 5831
3: 33388 -535423 -4998 5831
3: 33524 -84035 -4473 5831
1: 33614 85 -596904 5831
3: 33614 -85 586789 5831
1: 33614 145 -352002 5831
3: 33614 -145 341887 5831
2: -33614 221 -382704 5831
4: -33614 -221 392819 5831
2: -33614 247 -341887 5831
4: -33614 -247 352002 5831
1: 33614 289 -179130 5831
2: -33614 289 -291466 5831
3: 33614 -289 169015 5831
4: -33614 -289 301581 5831
2: -33614 323 -260253 5831
4: -33614 -323 270368 5831
1: 33614 493 -107100 5831
3: 33614 -493 96985 5831
1: 33614 1445 -39872 5831
3: 33614 -1445 29757 5831
1: 33614 2401 -26010 5831
2: -33614 2401 -30634 5831
3: 33614 -2401 15895 5831
4: -33614 -2401 40749 5831
1: 33614 2465 -25466 5831
3: 33614 -2465 15351 5831
2: -33614 3757 -17752 5831
4: -33614 -3757 27867 5831
2: -33614 4199 -15351 5831
4: -33614 -4199 25466 5831
2: -33614 5491 -10549 5831
4: -33614 -5491 20664 5831
1: 33614 8381 -11060 5831
3: 33614 -8381 945 5831
1: 33614 12005 -9248 5831
3: 33614 -12005 -867 5831
2: -33614 31213 2312 5831
4: -33614 -31213 7803 5831
1: 33614 40817 -6290 5831
2: -33614 40817 2958 5831
3: 33614 -40817 -3825 5831
4: -33614 -40817 7157 5831
1: 33614 41905 -6258 5831
3: 33614 -41905 -3857 5831
2: -33614 45619 3179 5831
4: -33614 -45619 6936 5831
1: 33614 69629 -5780 5831
3: 33614 -69629 -4335 5831
2: -33614 71383 3857 5831
4: -33614 -71383 6258 5831
1: 33614 204085 -5304 5831
3: 33614 -204085 -4811 5831
1: 33614 348145 -5202 5831
3: 33614 -348145 -4913 5831
2: -33614 530621 4896 5831
4: -33614 -530621 5219 5831
2: -33614 593047 4913 5831
4: -33614 -593047 5202 5831
1: 33614 693889 -5130 5831
2: -33614 693889 4934 5831
3: 33614 -693889 -4985 5831
4: -33614 -693889 5181 5831
2: -33614 775523 4947 5831
4: -33614 -775523 5168 5831
3: 34102 -376957 -4851 5831
3: 34202 -300271 -4802 5831
2: -34202 506617 4802 5831
2: -34391 493 -168070 5831
1: 34969 285719 -5040 5831
2: -34969 285719 4564 5831
4: -34986 -867 102900 5831
3: 34986 -2601 14749 5831
2: -34986 4335 -14749 5831
4: -34986 -352947 5100 5831
1: 35658 352947 -4913 5831
1: 35672 117649 -5202 5831
2: -35836 12005 -2303 5831
3: 35836 -285719 -4564 5831
4: -35836 -285719 5040 5831
4: -36372 -352947 4913 5831
2: -36414 1173 -67228 5831
1: 36414 352947 -4815 5831
1: 36603 328593 -4802 5831
4: -36603 -534939 4802 5831
1: 36701 2771 -23324 5831
4: -36701 -4505 23324 5831
1: 36703 717899 -4704 5831
1: 36992 117649 -5037 5831
2: -36992 117649 3881 5831
1: 37859 167825 -4802 5831
4: -37859 -268667 4802 5831
1: 37926 867 -64827 5831
1: 38148 357 -151263 5831
2: -38148 21609 588 5831
4: -38199 -867 100842 5831
3: 38318 -71 734706 5831
2: -38318 113 -734706 5831
1: 38416 289 -186151 5831
2: -38416 289 -284445 5831
4: -38416 -420175 4624 5831
2: -38416 924385 4335 5831
3: 38437 -499 100842 5831
2: -38437 793 -100842 5831
4: -38743 -621859 4522 5831
1: 38759 425 -128282 5831
2: -38998 287 -285719 5831
1: 39788 181 -297381 5831
4: -39788 -283 297381 5831
1: 40188 189 -285719 5831
1: 40474 289 -188650 5831
2: -40474 289 -281946 5831
1: 40749 735 -76832 5831
4: -40749 -151263 4718 5831
1: 40768 117649 -4624 5831
2: -40768 117649 3468 5831
1: 40817 289 -189042 5831
3: 40817 -289 180712 5831
1: 40817 3179 -20972 5831
3: 40817 -3179 12642 5831
2: -40817 4913 -12642 5831
4: -40817 -4913 20972 5831
1: 40817 16807 -7344 5831
2: -40817 16807 -748 5831
3: 40817 -16807 -986 5831
4: -40817 -16807 9078 5831
1: 40817 184877 -4454 5831
3: 40817 -184877 -3876 5831
1: 41038 119 -453789 5831
2: -41038 119 -689087 5831
1: 41038 169099 -4459 5831
4: -41327 -2107 43218 5831
4: -41616 -36015 6370 5831
1: 41718 63 -857157 5831
1: 42189 4335 -16464 5831
2: -42194 637 -124852 5831
3: 42483 -81 662676 5831
2: -42483 123 -662676 5831
1: 42483 1377 -43218 5831
4: -42483 -2091 43218 5831
4: -42483 -352947 4234 5831
3: 42772 -16807 -756 5831
4: -42772 -16807 8848 5831
4: -42772 -169099 4459 5831
2: -43061 161 -504210 5831
4: -43061 -95795 4802 5831
1: 43218 867 -66493 5831
2: -43218 50421 2312 5831
4: -43218 -857157 4029 5831
3: 43248 -63 857157 5831
3: 43267 -117649 -3468 5831
4: -43267 -117649 4624 5831
1: 43299 352947 -4080 5831
1: 43316 117649 -4386 5831
2: -43316 117649 3230 5831
1: 43512 9537 -9604 5831
1: 43806 459 -122451 5831
1: 43904 117649 -4335 5831
2: -43904 117649 3179 5831
3: 43928 -119 453789 5831
4: -43928 -119 689087 5831
4: -44166 -352947 4080 5831
3: 44247 -3519 11662 5831
2: -44247 5253 -11662 5831
3: 44778 -189 285719 5831
2: -44786 391 -204085 5831
4: -45084 -7203 15043 5831
1: 45084 367353 -3920 5831
2: -45276 2601 -27440 5831
1: 45374 6647 -12005 5831
3: 45619 -62135 -2842 5831
2: -45619 91613 2842 5831
2: -45662 415373 3528 5831
3: 45662 -722701 -3647 5831
4: -45951 -367353 3920 5831
4: -45968 -287 285719 5831
1: 46053 867 -67228 5831
1: 46256 289 -194481 5831
2: -46256 289 -276115 5831
1: 46648 289 -194824 5831
2: -46648 289 -275772 5831
1: 46648 117649 -4114 5831
2: -46648 117649 2958 5831
3: 46818 -357 151263 5831
2: -46991 7225 -7546 5831
2: -47677 823543 3468 5831
1: 47974 245 -230496 5831
3: 47974 -121765 -3087 5831
2: -48059 391363 3332 5831
4: -48118 -3179 28812 5831
1: 48216 153 -367353 5831
4: -48263 -775523 3626 5831
2: -48552 153 -521017 5831
3: 48926 -391363 -3332 5831
1: 49147 289 -196882 5831
2: -49147 289 -273714 5831
2: -49196 85 -938791 5831
1: 49419 147 -384160 5831
1: 49419 50421 -4550 5831
1: 49504 117649 -3910 5831
2: -49504 117649 2754 5831
3: 49708 -79 705894 5831
1: 49708 27097 -5488 5831
1: 50421 243 -234668 5831
4: -50421 -255 316302 5831
4: -50421 -345 234668 5831
4: -50421 -867 95410 5831
4: -50421 -1173 71400 5831
3: 50421 -4131 10234 5831
2: -50421 4335 -15036 5831
2: -50421 5865 -10234 5831
4: -50421 -7203 14450 5831
2: -50421 19941 -630 5831
2: -50421 36015 1156 5831
1: 50421 70227 -4172 5831
4: -50421 -99705 4172 5831
2: -50421 122451 2720 5831
2: -50421 165669 2890 5831
1: 50421 583443 -3468 5831
4: -50421 -612255 3502 5831
4: -50421 -828345 3468 5831
1: 51107 71383 -4116 5831
4: -51107 -100861 4116 5831
4: -51442 -97 823543 5831
4: -52122 -93 857157 5831
1: 52479 867 -68600 5831
1: 52479 352947 -3400 5831
1: 52598 117649 -3714 5831
2: -52598 117649 2558 5831
3: 52626 -153 367353 5831
1: 52822 285719 -3417 5831
2: -52822 285719 2941 5831
3: 52887 -21609 -588 5831
2: -52887 857157 3122 5831
2: -53176 16121 -1715 5831
2: -53176 521017 3045 5831
1: 53278 218491 -3451 5831
1: 53312 117649 -3672 5831
2: -53312 117649 2516 5831
3: 53754 -147 384160 5831
4: -54026 -588245 3281 5831
1: 54194 15317 -6860 5831
3: 54586 -289 194481 5831
4: -54586 -289 276115 5831
4: -55012 -218491 3451 5831
3: 55199 -245 230496 5831
4: -55488 -687 117649 5831
3: 55488 -1071 50421 5831
2: -55488 1617 -45619 5831
1: 55811 32657 -4802 5831
4: -55811 -44795 4802 5831
3: 55909 -935 58310 5831
4: -56056 -391 204085 5831
1: 56066 16807 -6447 5831
2: -56066 16807 -1645 5831
1: 56168 289 -201684 5831
2: -56168 289 -268912 5831
1: 56644 85 -679483 5831
3: 56644 -115 497007 5831
2: -56644 157 -497007 5831
3: 56644 -391 144060 5831
3: 56644 -1955 26411 5831
2: -56644 2669 -26411 5831
1: 56644 117649 -3490 5831
2: -56644 117649 2334 5831
1: 56644 588245 -3099 5831
3: 57036 -459 122451 5831
3: 57477 -117 489804 5831
2: -57477 159 -489804 5831
3: 57477 -2601 19208 5831
2: -57624 153 -508963 5831
3: 57624 -255 223244 5831
1: 57624 969 -62475 5831
4: -57624 -151263 3468 5831
1: 57624 252105 -3179 5831
3: 57624 -957999 -2890 5831
2: -57967 389 -198254 5831
4: -58996 -79 991270 5831
1: 59534 60025 -3822 5831
1: 59682 297 -198254 5831
1: 60112 117649 -3322 5831
2: -60112 117649 2166 5831
2: -60418 247303 2499 5831
4: -60979 -637 124852 5831
3: 61268 -621859 -2681 5831
2: -62034 7803 -7203 5831
3: 62152 -247303 -2499 5831
3: 62424 -735 76832 5831
3: 62426 -313 184093 5831
2: -62426 415 -184093 5831
1: 62713 907 -67228 5831
4: -62713 -1201 67228 5831
3: 62916 -867 64827 5831
4: -63651 -352947 2890 5831
2: -64447 109 -705894 5831
4: -64447 -27097 5488 5831
2: -64736 1105 -67228 5831
4: -64736 -1615 50421 5831
1: 64736 117649 -3126 5831
2: -64736 117649 1970 5831
2: -64827 561 -134946 5831
3: 65314 -12005 2303 5831
3: 65892 -329427 -2401 5831
2: -65892 430269 2401 5831
3: 66181 -1631 33614 5831
3: 66283 -289 201684 5831
4: -66283 -289 268912 5831
3: 67048 -123823 -2058 5831
3: 67228 -187 313803 5831
1: 67228 289 -207214 5831
2: -67228 289 -263382 5831
1: 67228 341 -176001 5831
4: -67228 -443 176001 5831
3: 67228 -527 109718 5831
1: 67228 2401 -27166 5831
2: -67228 2401 -29478 5831
3: 67228 -3179 16079 5831
1: 67228 5797 -12733 5831
4: -67228 -7531 12733 5831
3: 67228 -8959 4074 5831
3: 67228 -26411 -289 5831
1: 67228 40817 -3978 5831
2: -67228 40817 646 5831
3: 67228 -74431 -1734 5831
1: 67228 98549 -3129 5831
4: -67228 -128027 3129 5831
3: 67228 -448987 -2397 5831
1: 67228 693889 -2614 5831
2: -67228 693889 2418 5831
1: 67228 818741 -2601 5831
2: -67558 665567 2401 5831
3: 68272 -665567 -2401 5831
3: 68404 -703715 -2401 5831
2: -68404 910061 2401 5831
1: 69629 355 -169932 5831
4: -69629 -457 169932 5831
3: 69629 -84035 -1734 5831
3: 69629 -102595 -1862 5831
2: -69629 132073 1862 5831
1: 69938 1127 -55223 5831
1: 69938 285719 -2639 5831
2: -69938 285719 2163 5831
3: 69972 -867 66199 5831
2: -70227 136857 1862 5831
3: 70266 -1377 40817 5831
1: 70516 8281 -9604 5831
4: -71094 -93 823543 5831
2: -71094 2121 -33614 5831
4: -71246 -1445 55223 5831
1: 71344 117649 -2890 5831
2: -71344 117649 1734 5831
3: 71672 -285719 -2163 5831
4: -71672 -285719 2639 5831
2: -71876 1445 -50421 5831
1: 72454 588245 -2448 5831
1: 72539 85 -705894 5831
1: 73206 760359 -2401 5831
4: -73206 -966705 2401 5831
4: -73321 -588245 2448 5831
1: 73338 722211 -2401 5831
1: 73402 6409 -11662 5831
4: -73402 -8143 11662 5831
4: -74052 -722211 2401 5831
4: -74431 -85 896308 5831
3: 74431 -285719 -2074 5831
4: -74431 -285719 2550 5831
1: 74562 609 -100842 5831
1: 75429 612255 -2352 5831
2: -75718 931 -79233 5831
1: 75718 386071 -2401 5831
4: -75718 -486913 2401 5831
1: 75803 117649 -2754 5831
2: -75803 117649 1598 5831
1: 76007 689087 -2324 5831
4: -76296 -2415 33614 5831
4: -76296 -612255 2352 5831
3: 76398 -867 67228 5831
3: 76636 -163 367353 5831
2: -76636 205 -367353 5831
3: 76874 -1145 50421 5831
2: -76874 1439 -50421 5831
3: 76874 -588245 -2109 5831
4: -77861 -588245 2312 5831
2: -78302 3179 -21609 5831
4: -78596 -1955 40817 5831
4: -79233 -453789 2312 5831
3: 79764 -255 235298 5831
4: -80342 -1561 50421 5831
1: 80948 289 -211974 5831
2: -80948 289 -258622 5831
4: -81209 -323 235298 5831
1: 81209 1925 -33614 5831
3: 81498 -3213 16807 5831
1: 81536 117649 -2601 5831
2: -81536 117649 1445 5831
1: 81634 289 -212170 5831
2: -81634 289 -258426 5831
3: 81634 -289 208005 5831
4: -81634 -289 262591 5831
1: 81634 1445 -44100 5831
3: 81634 -1445 39935 5831
1: 81634 7225 -10486 5831
3: 81634 -7225 6321 5831
2: -81634 8959 -6321 5831
4: -81634 -8959 10486 5831
1: 81634 16807 -5695 5831
2: -81634 16807 -2397 5831
3: 81634 -16807 1530 5831
4: -81634 -16807 6562 5831
1: 81634 84035 -2805 5831
3: 81634 -84035 -1360 5831
1: 81634 420175 -2227 5831
3: 81634 -420175 -1938 5831
2: -81634 521017 1938 5831
4: -81634 -521017 2227 5831
3: 81977 -17629 1372 5831
3: 82654 -16121 1715 5831
2: -82663 221 -338198 5831
4: -84966 -153 492205 5831
3: 84966 -183 331338 5831
2: -84966 225 -331338 5831
2: -84966 765 -96040 5831
1: 84966 3111 -21609 5831
4: -84966 -3825 21609 5831
3: 84966 -352947 -1828 5831
1: 85544 65 -941192 5831
3: 85544 -16807 1645 5831
4: -85544 -16807 6447 5831
4: -86436 -1887 41650 5831
1: 86436 50421 -3179 5831
3: 86534 -117649 -1445 5831
4: -86534 -117649 2601 5831
2: -86598 352947 1751 5831
1: 86632 4913 -14406 5831
1: 86632 117649 -2482 5831
2: -86632 117649 1326 5831
2: -87278 539 -136857 5831
3: 87906 -2601 21609 5831
3: 88332 -352947 -1751 5831
3: 88494 -7905 5831 5831
3: 88837 -16807 1734 5831
4: -88837 -16807 6358 5831
1: 91238 3757 -18228 5831
3: 91238 -139009 -1421 5831
2: -91238 168487 1421 5831
3: 91902 -63 974806 5831
2: -92106 867 -84035 5831
4: -92191 -84035 2730 5831
1: 93279 756315 -1904 5831
1: 93296 289 -215061 5831
2: -93296 289 -255535 5831
1: 93296 117649 -2346 5831
3: 93639 -756315 -1734 5831
4: -93933 -9537 9604 5831
3: 93982 -823543 -1734 5831
4: -94146 -756315 1904 5831
3: 94214 -689773 -1715 5831
3: 94792 -9359 4802 5831
1: 98294 289 -216090 5831
2: -98294 289 -254506 5831
2: -98838 147 -501809 5831
2: -98838 50421 252 5831
1: 99008 117649 -2244 5831
2: -99008 117649 1088 5831
4: -99029 -23987 4802 5831
1: 99127 527 -119364 5831
3: 99127 -527 115934 5831
2: -99127 629 -115934 5831
4: -99127 -629 119364 5831
1: 99127 117649 -2242 5831
2: -99127 117649 1086 5831
3: 99127 -117649 -1188 5831
4: -99127 -117649 2344 5831
4: -100842 -153 484687 5831
1: 100842 537 -117334 5831
4: -100842 -639 117334 5831
3: 100842 -867 69944 5831
2: -100842 2601 -26726 5831
3: 100842 -7203 6936 5831
3: 100842 -9129 5117 5831
2: -100842 10863 -5117 5831
2: -100842 21609 -1734 5831
1: 100842 122451 -2193 5831
1: 100842 155193 -2086 5831
4: -100842 -184671 2086 5831
4: -100842 -367353 1887 5831
4: -101728 -4879 16807 5831
1: 102214 157505 -2058 5831
4: -102214 -186983 2058 5831
4: -102306 -93639 2450 5831
2: -102884 3997 -16807 5831
3: 103243 -9367 4998 5831
2: -103243 11101 -4998 5831
2: -103586 1445 -49392 5831
1: 104419 588245 -1734 5831
2: -104958 867 -83349 5831
2: -104958 352947 1411 5831
3: 105077 -117649 -1088 5831
4: -105077 -117649 2244 5831
1: 105196 117649 -2146 5831
2: -105196 117649 990 5831
4: -105644 -391 189924 5831
3: 105644 -84035 -867 5831
1: 105774 857157 -1680 5831
1: 106624 117649 -2125 5831
2: -106624 117649 969 5831
4: -106641 -857157 1680 5831
4: -107508 -147 501809 5831
3: 110103 -867 70658 5831
1: 111622 71383 -2401 5831
4: -111622 -83521 2401 5831
1: 112336 289 -218491 5831
2: -112336 289 -252105 5831
1: 113288 117649 -2034 5831
2: -113288 117649 878 5831
3: 113577 -50421 -252 5831
1: 113866 69139 -2401 5831
2: -114954 297 -244902 5831
3: 115311 -1791 33614 5831
2: -115311 2085 -33614 5831
3: 115934 -625 99127 5831
2: -115934 727 -99127 5831
2: -117649 77 -947342 5831
4: -117649 -77 950232 5831
1: 117649 85 -741982 5831
3: 117649 -85 739092 5831
1: 117649 119 -530400 5831
2: -117649 119 -612476 5831
3: 117649 -119 527510 5831
4: -117649 -119 615366 5831
1: 117649 127 -497080 5831
3: 117649 -127 494190 5831
2: -117649 187 -389232 5831
4: -117649 -187 392122 5831
1: 117649 245 -258366 5831
3: 117649 -245 255476 5831
1: 117649 289 -219250 5831
2: -117649 289 -251346 5831
3: 117649 -289 216360 5831
4: -117649 -289 254236 5831
1: 117649 343 -184960 5831
2: -117649 343 -211548 5831
2: -117649 469 -154326 5831
4: -117649 -469 157216 5831
2: -117649 539 -134096 5831
4: -117649 -539 136986 5831
1: 117649 595 -107236 5831
3: 117649 -595 104346 5831
1: 117649 635 -100572 5831
3: 117649 -635 97682 5831
2: -117649 737 -97682 5831
4: -117649 -737 100572 5831
1: 117649 833 -77010 5831
2: -117649 833 -86258 5831
3: 117649 -833 74120 5831
4: -117649 -833 89148 5831
1: 117649 889 -72250 5831
3: 117649 -889 69360 5831
2: -117649 1139 -62696 5831
4: -117649 -1139 65586 5831
2: -117649 1309 -54366 5831
4: -117649 -1309 57256 5831
1: 117649 1445 -45006 5831
3: 117649 -1445 42116 5831
1: 117649 1715 -38148 5831
3: 117649 -1715 35258 5831
1: 117649 2023 -32560 5831
2: -117649 2023 -34668 5831
3: 117649 -2023 29670 5831
4: -117649 -2023 37558 5831
1: 117649 2159 -30600 5831
3: 117649 -2159 27710 5831
2: -117649 3179 -21536 5831
4: -117649 -3179 24426 5831
2: -117649 3283 -20808 5831
4: -117649 -3283 23698 5831
2: -117649 3773 -17918 5831
4: -117649 -3773 20808 5831
1: 117649 4165 -16558 5831
3: 117649 -4165 13668 5831
1: 117649 4445 -15606 5831
3: 117649 -4445 12716 5831
2: -117649 5159 -12716 5831
4: -117649 -5159 15606 5831
1: 117649 5831 -12240 5831
2: -117649 5831 -11084 5831
3: 117649 -5831 9350 5831
4: -117649 -5831 13974 5831
1: 117649 6223 -11560 5831
3: 117649 -6223 8670 5831
2: -117649 7973 -7718 5831
4: -117649 -7973 10608 5831
2: -117649 9163 -6528 5831
4: -117649 -9163 9418 5831
1: 117649 10115 -7668 5831
3: 117649 -10115 4778 5831
1: 117649 10795 -7276 5831
3: 117649 -10795 4386 5831
2: -117649 12529 -4386 5831
4: -117649 -12529 7276 5831
1: 117649 14161 -5890 5831
2: -117649 14161 -3714 5831
3: 117649 -14161 3000 5831
4: -117649 -14161 6604 5831
1: 117649 15113 -5610 5831
3: 117649 -15113 2720 5831
2: -117649 19363 -2328 5831
4: -117649 -19363 5218 5831
2: -117649 22253 -1838 5831
4: -117649 -22253 4728 5831
2: -117649 22981 -1734 5831
4: -117649 -22981 4624 5831
1: 117649 29155 -3604 5831
1: 117649 31115 -3468 5831
3: 117649 -31115 578 5831
2: -117649 36113 -578 5831
4: -117649 -36113 3468 5831
1: 117649 36703 -3160 5831
3: 117649 -36703 270 5831
1: 117649 43561 -2890 5831
2: -117649 55811 136 5831
4: -117649 -55811 2754 5831
2: -117649 64141 306 5831
4: -117649 -64141 2584 5831
1: 117649 70805 -2334 5831
3: 117649 -70805 -556 5831
1: 117649 75565 -2278 5831
3: 117649 -75565 -612 5831
2: -117649 87703 612 5831
4: -117649 -87703 2278 5831
1: 117649 99127 -2080 5831
2: -117649 99127 708 5831
3: 117649 -99127 -810 5831
4: -117649 -99127 2182 5831
1: 117649 105791 -2040 5831
3: 117649 -105791 -850 5831
2: -117649 135541 906 5831
4: -117649 -135541 1984 5831
2: -117649 155771 976 5831
4: -117649 -155771 1914 5831
1: 117649 183515 -1788 5831
3: 117649 -183515 -1102 5831
2: -117649 212993 1102 5831
4: -117649 -212993 1788 5831
1: 117649 217805 -1734 5831
3: 117649 -217805 -1156 5831
2: -117649 252791 1156 5831
4: -117649 -252791 1734 5831
1: 117649 256921 -1690 5831
3: 117649 -256921 -1200 5831
2: -117649 390677 1258 5831
4: -117649 -390677 1632 5831
1: 117649 495635 -1572 5831
3: 117649 -495635 -1318 5831
1: 117649 528955 -1564 5831
3: 117649 -528955 -1326 5831
2: -117649 613921 1326 5831
4: -117649 -613921 1564 5831
1: 117649 740537 -1530 5831
3: 117649 -740537 -1360 5831
2: -117649 948787 1368 5831
4: -117649 -948787 1522 5831
3: 118201 -950453 -1372 5831
4: -119068 -539 136857 5831
1: 119364 645 -99127 5831
4: -119364 -747 99127 5831
1: 119918 487403 -1547 5831
1: 120224 117649 -1950 5831
2: -120224 117649 794 5831
4: -121091 -111475 2058 5831
4: -121652 -487403 1547 5831
3: 122451 -867 71442 5831
4: -122451 -2601 29400 5831
3: 122451 -11271 4214 5831
2: -122451 13005 -4214 5831
3: 122451 -50421 -136 5831
4: -122451 -151263 1870 5831
3: 122451 -655473 -1292 5831
2: -122451 756315 1292 5831
1: 123114 4095 -16807 5831
1: 123137 8381 -8918 5831
2: -124803 352947 1156 5831
1: 125426 1961 -33614 5831
4: -125426 -2255 33614 5831
4: -126004 -69139 2401 5831
3: 127302 -352947 -1156 5831
1: 127449 255 -249704 5831
3: 127449 -285 220892 5831
2: -127449 327 -220892 5831
1: 127449 4845 -14406 5831
4: -127449 -5559 14406 5831
2: -127449 352947 1128 5831
2: -129183 64827 196 5831
1: 129472 117649 -1852 5831
2: -129472 117649 696 5831
3: 129654 -40749 245 5831
4: -130628 -931 79233 5831
1: 130628 530621 -1421 5831
4: -131206 -588245 1419 5831
4: -132362 -530621 1421 5831
3: 132398 -1751 34986 5831
3: 132566 -289 218491 5831
4: -132566 -289 252105 5831
2: -132741 867 -82320 5831
3: 134232 -111 571438 5831
4: -134456 -167 434945 5831
1: 134456 289 -221256 5831
2: -134456 289 -249340 5831
1: 134456 2401 -27744 5831
2: -134456 2401 -28900 5831
4: -134456 -2839 26775 5831
1: 134456 40817 -2822 5831
2: -134456 40817 -510 5831
4: -134456 -48263 2765 5831
4: -134456 -400967 1445 5831
1: 134456 693889 -1356 5831
2: -134456 693889 1160 5831
4: -134827 -127 571438 5831
3: 136408 -1127 55223 5831
2: -137886 765 -93296 5831
1: 139258 761 -84966 5831
4: -139258 -863 84966 5831
3: 139258 -219929 -931 5831
2: -139258 249407 931 5831
4: -139876 -461335 1372 5831
1: 139944 2601 -25725 5831
1: 141659 289 -221970 5831
2: -141659 289 -248626 5831
2: -142188 153 -470596 5831
1: 142688 117649 -1734 5831
2: -142688 117649 578 5831
3: 143922 -64827 -196 5831
2: -144211 305 -235298 5831
4: -146216 -6647 12005 5831
4: -146804 -15419 5831 5831
3: 147101 -136171 -686 5831
4: -147679 -239 302526 5831
2: -147968 600593 1029 5831
3: 148862 -285719 -918 5831
4: -148862 -285719 1394 5831
4: -150858 -1617 45619 5831
2: -151263 867 -81844 5831
2: -151606 117649 510 5831
4: -152796 -867 84035 5831
1: 153321 243627 -1372 5831
1: 153664 1105 -59143 5831
3: 154581 -352947 -918 5831
4: -155193 -153 470596 5831
3: 155771 -6001 9604 5831
2: -155771 6715 -9604 5831
1: 158466 2601 -25774 5831
1: 160684 385 -168070 5831
1: 160684 156065 -1470 5831
4: -160867 -722701 1156 5831
3: 161553 -81 793016 5831
1: 161896 289 -223636 5831
2: -161896 289 -246960 5831
3: 162876 -7803 7203 5831
1: 163268 289 -223734 5831
2: -163268 289 -246862 5831
1: 163268 15317 -5243 5831
3: 163268 -16807 2788 5831
4: -163268 -16807 5304 5831
4: -163268 -17051 5243 5831
3: 163268 -890771 -969 5831
2: -163268 991613 969 5831
2: -163611 255 -279888 5831
4: -165597 -18963 4802 5831
3: 165669 -255 251566 5831
2: -168756 153 -466480 5831
1: 169932 153 -422576 5831
3: 169932 -387 165669 5831
2: -169932 429 -165669 5831
4: -169932 -352947 1203 5831
2: -172186 85 -839664 5831
3: 172431 -393 163268 5831
2: -172431 435 -163268 5831
3: 172872 -554631 -867 5831
4: -173026 -1445 50421 5831
3: 173264 -79 816340 5831
1: 173264 117649 -1530 5831
2: -173264 117649 374 5831
4: -173689 -8281 9604 5831
1: 176579 77 -840350 5831
3: 177674 -16807 2890 5831
4: -177674 -16807 5202 5831
2: -182988 741909 833 5831
1: 184093 117649 -1474 5831
2: -184093 117649 318 5831
4: -184191 -153 466480 5831
3: 184722 -741909 -833 5831
3: 184877 -3757 16324 5831
3: 184877 -22831 1918 5831
3: 184877 -31213 1156 5831
3: 184877 -189679 -578 5831
4: -185538 -2793 26411 5831
1: 186592 117649 -1462 5831
2: -186592 117649 306 5831
4: -187278 -2601 28273 5831
3: 188993 -303739 -686 5831
2: -188993 333217 686 5831
4: -189091 -588245 1020 5831
4: -189336 -255 279888 5831
3: 189584 -175 369754 5831
1: 189679 60979 -1960 5831
3: 191051 -289 223636 5831
4: -191051 -289 246960 5831
4: -192763 -362551 1078 5831
4: -193341 -180075 1274 5831
4: -193732 -83 857157 5831
4: -194481 -252105 1156 5831
4: -196231 -265 268912 5831
1: 196588 289 -225694 5831
1: 197676 50421 -2149 5831
1: 198016 117649 -1411 5831
2: -198016 117649 255 5831
3: 198254 -65 999159 5831
2: -198254 71 -999159 5831
1: 198254 85 -765576 5831
1: 198254 221 -294980 5831
3: 198254 -221 293265 5831
1: 198254 1105 -59682 5831
3: 198254 -1105 57967 5831
2: -198254 1207 -57967 5831
4: -198254 -1207 59682 5831
1: 198254 117649 -1410 5831
2: -198254 117649 254 5831
3: 198254 -117649 -305 5831
4: -198254 -117649 1461 5831
1: 198254 588245 -968 5831
3: 198254 -588245 -747 5831
1: 198832 10241 -7203 5831
3: 200277 -1887 33614 5831
1: 200998 5491 -12691 5831
1: 201684 153 -426020 5831
4: -201684 -867 82677 5831
1: 201684 1125 -58667 5831
4: -201684 -1227 58667 5831
1: 201684 3825 -17850 5831
4: -201684 -7203 10693 5831
1: 201684 13005 -5845 5831
1: 201684 108045 -1445 5831
1: 201684 325125 -1043 5831
4: -201684 -354603 1043 5831
1: 201684 367353 -1020 5831
1: 202878 340599 -1029 5831
4: -204428 -359227 1029 5831
4: -206486 -251 283220 5831
3: 206486 -19601 2499 5831
2: -206486 21335 -2499 5831
2: -208369 697 -100842 5831
1: 208887 1167 -56644 5831
4: -208887 -1269 56644 5831
1: 209236 549829 -931 5831
4: -209916 -4335 17150 5831
3: 210154 -117649 -255 5831
4: -210154 -117649 1411 5831
4: -210392 -2159 33614 5831
1: 210392 117649 -1362 5831
2: -210392 117649 206 5831
2: -211548 857157 721 5831
1: 212126 809137 -882 5831
3: 213282 -857157 -721 5831
2: -214438 2057 -33614 5831
4: -215061 -765 93296 5831
4: -216776 -76007 1715 5831
4: -217039 -707 100842 5831
3: 218484 -1275 50421 5831
3: 218491 -1223 52598 5831
2: -218491 1325 -52598 5831
3: 218491 -693889 -684 5831
4: -218491 -693889 880 5831
2: -219912 2601 -26411 5831
4: -220206 -867 82320 5831
2: -220796 842065 686 5831
1: 223448 905177 -833 5831
1: 224553 1989 -33614 5831
1: 225008 28033 -3087 5831
4: -225182 -905177 833 5831
1: 225694 3179 -21315 5831
2: -226576 113 -624260 5831
2: -226576 1921 -36015 5831
1: 226576 117649 -1306 5831
2: -226576 117649 150 5831
4: -227154 -50421 2149 5831
3: 229908 -531 122451 5831
2: -229908 573 -122451 5831
3: 230622 -3729 16807 5831
2: -230622 4023 -16807 5831
1: 231574 107 -612255 5831
1: 232897 16807 -4624 5831
2: -232897 16807 -3468 5831
4: -233801 -218491 1050 5831
1: 235298 119 -550919 5831
2: -235298 119 -591957 5831
3: 235298 -119 549474 5831
4: -235298 -119 593402 5831
1: 235298 289 -227274 5831
2: -235298 289 -243322 5831
3: 235298 -289 225829 5831
4: -235298 -289 244767 5831
1: 235298 343 -191607 5831
2: -235298 343 -204901 5831
1: 235298 833 -79322 5831
2: -235298 833 -83946 5831
3: 235298 -833 77877 5831
4: -235298 -833 85391 5831
1: 235298 1321 -50286 5831
3: 235298 -1321 48841 5831
2: -235298 1423 -48841 5831
4: -235298 -1423 50286 5831
1: 235298 2023 -33087 5831
2: -235298 2023 -34141 5831
3: 235298 -2023 31642 5831
4: -235298 -2023 35586 5831
1: 235298 5831 -11951 5831
2: -235298 5831 -11373 5831
3: 235298 -5831 10506 5831
4: -235298 -5831 12818 5831
1: 235298 9247 -7803 5831
3: 235298 -9247 6358 5831
2: -235298 9961 -6358 5831
4: -235298 -9961 7803 5831
1: 235298 14161 -5346 5831
2: -235298 14161 -4258 5831
3: 235298 -14161 3901 5831
4: -235298 -14161 5703 5831
1: 235298 22457 -3638 5831
3: 235298 -22457 2193 5831
2: -235298 24191 -2193 5831
4: -235298 -24191 3638 5831
1: 235298 64729 -1734 5831
3: 235298 -64729 289 5831
2: -235298 69727 -289 5831
4: -235298 -69727 1734 5831
1: 235298 99127 -1383 5831
2: -235298 99127 11 5831
3: 235298 -99127 -62 5831
4: -235298 -99127 1434 5831
1: 235298 157199 -1139 5831
3: 235298 -157199 -306 5831
2: -235298 169337 306 5831
4: -235298 -169337 1139 5831
1: 235298 381769 -894 5831
3: 235298 -381769 -551 5831
2: -235298 411247 551 5831
4: -235298 -411247 894 5831
1: 235298 453103 -867 5831
3: 235298 -453103 -578 5831
2: -235298 488089 578 5831
4: -235298 -488089 867 5831
3: 238714 -773 84035 5831
3: 239904 -4335 14406 5831
1: 240448 117649 -1264 5831
2: -240448 117649 108 5831
3: 244559 -15895 3430 5831
3: 244902 -81 808843 5831
2: -244902 87 -808843 5831
4: -244902 -867 81928 5831
3: 244902 -23409 2107 5831
2: -244902 25143 -2107 5831
4: -244902 -50421 2091 5831
4: -249361 -1445 49392 5831
1: 249606 352947 -867 5831
1: 249696 561 -117649 5831
3: 250733 -23987 2058 5831
2: -250733 25721 -2058 5831
1: 250852 4069 -16807 5831
4: -250852 -4363 16807 5831
2: -251566 1445 -48020 5831
1: 253589 588245 -782 5831
3: 253946 -3757 16807 5831
4: -254604 -352947 867 5831
3: 254898 -591 110446 5831
2: -254898 633 -110446 5831
1: 254898 10047 -7203 5831
4: -254898 -10761 7203 5831
1: 254898 352947 -853 5831
3: 255187 -117649 -108 5831
4: -255187 -117649 1264 5831
4: -256564 -823543 748 5831
1: 256907 24599 -3332 5831
4: -256907 -26333 3332 5831
2: -256921 95 -739508 5831
1: 258944 145 -453789 5831
1: 258944 117649 -1215 5831
2: -258944 117649 59 5831
1: 259233 987 -67228 5831
1: 261834 252105 -910 5831
1: 265482 867 -76489 5831
1: 268912 289 -228277 5831
2: -268912 289 -242319 5831
1: 268912 2401 -28033 5831
2: -268912 2401 -28611 5831
1: 268912 40817 -2244 5831
2: -268912 40817 -1088 5831
1: 268912 693889 -727 5831
2: -268912 693889 531 5831
3: 269059 -588245 -520 5831
3: 273714 -309 212415 5831
4: -274176 -4335 16807 5831
1: 278516 1573 -42483 5831
4: -278516 -1675 42483 5831
4: -278516 -84035 1445 5831
3: 279202 -83 793016 5831
1: 281486 187 -352947 5831
1: 283318 289 -228634 5831
2: -283318 289 -241962 5831
1: 285376 117649 -1156 5831
1: 285719 95 -694484 5831
3: 285719 -95 693294 5831
2: -285719 101 -693294 5831
4: -285719 -101 694484 5831
1: 285719 289 -228690 5831
2: -285719 289 -241906 5831
3: 285719 -289 227500 5831
4: -285719 -289 243096 5831
1: 285719 1445 -46214 5831
3: 285719 -1445 45024 5831
1: 285719 2401 -28050 5831
2: -285719 2401 -28594 5831
3: 285719 -2401 26860 5831
4: -285719 -2401 29784 5831
1: 285719 5491 -12600 5831
3: 285719 -5491 11410 5831
1: 285719 12005 -6086 5831
3: 285719 -12005 4896 5831
1: 285719 27455 -2996 5831
3: 285719 -27455 1806 5831
2: -285719 29189 -1806 5831
4: -285719 -29189 2996 5831
1: 285719 45619 -2040 5831
3: 285719 -45619 850 5831
1: 285719 228095 -884 5831
3: 285719 -228095 -306 5831
2: -285719 242501 306 5831
4: -285719 -242501 884 5831
1: 285719 693889 -690 5831
2: -285719 693889 494 5831
3: 285719 -693889 -500 5831
4: -285719 -693889 696 5831
2: -286944 23409 -2401 5831
3: 289289 -391 168070 5831
2: -289492 629 -110789 5831
2: -290156 85 -823543 5831
1: 290521 285719 -816 5831
2: -290521 285719 340 5831
3: 297381 -99 666106 5831
3: 297381 -153 430808 5831
4: -297381 -255 275086 5831
1: 297381 1683 -39788 5831
3: 297724 -285719 -340 5831
4: -297724 -285719 816 5831
2: -302526 255 -273819 5831
2: -302526 363 -192185 5831
1: 302526 867 -76727 5831
4: -302526 -4335 16702 5831
4: -302526 -6171 11900 5831
4: -302526 -79233 1445 5831
2: -302526 104907 -105 5831
4: -302869 -117649 1156 5831
1: 303093 352947 -748 5831
1: 303212 117649 -1122 5831
2: -303212 117649 -34 5831
4: -304606 -85 823543 5831
1: 306642 501993 -686 5831
4: -306642 -531471 686 5831
4: -307671 -2601 27440 5831
4: -309162 -352947 748 5831
3: 309729 -29835 1666 5831
2: -309729 31569 -1666 5831
2: -311253 151263 84 5831
3: 311542 -12359 4802 5831
2: -311542 13073 -4802 5831
3: 313276 -187 352947 5831
2: -314531 145 -481474 5831
2: -315588 4029 -16807 5831
3: 316246 -2771 23324 5831
3: 319333 -40817 1088 5831
4: -319333 -40817 2244 5831
3: 319333 -523379 -406 5831
2: -319333 552857 406 5831
2: -320362 323 -215747 5831
1: 322371 867 -76832 5831
1: 323792 289 -229467 5831
2: -323792 289 -241129 5831
2: -324836 80605 -343 5831
3: 325703 -761 86436 5831
2: -325703 803 -86436 5831
3: 325992 -151263 -84 5831
1: 326536 289 -229516 5831
2: -326536 289 -241080 5831
4: -326536 -6647 11025 5831
3: 326536 -16807 3417 5831
4: -326536 -16807 4675 5831
2: -326536 386561 340 5831
1: 327148 329 -201684 5831
3: 331338 -2601 24941 5831
2: -334373 259 -268912 5831
1: 335818 4063 -16807 5831
2: -339286 84035 -329 5831
3: 339864 -255 259308 5831
3: 339864 -2703 24010 5831
1: 340942 2533 -26656 5831
1: 344029 289 -229810 5831
2: -344029 289 -240786 5831
3: 344862 -807 81634 5831
2: -344862 849 -81634 5831
3: 345066 -561 117649 5831
4: -345744 -159 438991 5831
3: 345744 -4335 14798 5831
4: -345744 -45951 2009 5831
1: 346528 117649 -1054 5831
2: -346528 117649 -102 5831
4: -347361 -171 408170 5831
1: 348534 334425 -686 5831
1: 349027 817 -81634 5831
4: -349027 -859 81634 5831
4: -352947 -111 628286 5831
4: -352947 -147 474538 5831
3: 352947 -153 432956 5831
2: -352947 357 -194718 5831
4: -352947 -399 175134 5831
1: 352947 441 -150858 5831
4: -352947 -777 90168 5831
4: -352947 -867 80858 5831
2: -352947 969 -71434 5831
4: -352947 -1029 68204 5831
3: 352947 -1071 61438 5831
2: -352947 1887 -36448 5831
1: 352947 2007 -33524 5831
4: -352947 -2109 33524 5831
2: -352947 2499 -27404 5831
1: 352947 2601 -25978 5831
4: -352947 -2793 25432 5831
1: 352947 3087 -21964 5831
4: -352947 -5439 13294 5831
4: -352947 -6069 11964 5831
2: -352947 6783 -9792 5831
3: 352947 -7497 8364 5831
2: -352947 13209 -4794 5831
1: 352947 14049 -5202 5831
4: -352947 -14763 5202 5831
4: -352947 -16473 4712 5831
2: -352947 17493 -3502 5831
1: 352947 18207 -4124 5831
4: -352947 -32079 2654 5831
3: 352947 -34119 1462 5831
2: -352947 35853 -1462 5831
4: -352947 -38073 2312 5831
4: -352947 -42483 2122 5831
2: -352947 47481 -986 5831
3: 352947 -52479 782 5831
2: -352947 92463 -272 5831
1: 352947 98343 -1156 5831
4: -352947 -103341 1156 5831
4: -352947 -115311 1086 5831
1: 352947 127449 -1002 5831
4: -352947 -224553 792 5831
3: 352947 -238833 -204 5831
2: -352947 250971 204 5831
4: -352947 -297381 716 5831
2: -352947 332367 272 5831
1: 352947 580023 -596 5831
4: -352947 -609501 596 5831
2: -352947 647241 374 5831
1: 352947 688401 -578 5831
4: -352947 -723387 578 5831
4: -352947 -807177 568 5831
1: 352947 892143 -556 5831
3: 354314 -80605 343 5831
3: 355348 -16807 3468 5831
4: -355348 -16807 4624 5831
1: 357749 588115 -588 5831
4: -357749 -617593 588 5831
2: -362551 1445 -47726 5831
1: 367353 867 -77028 5831
2: -367353 50421 -918 5831
2: -368186 181 -384160 5831
1: 368186 117649 -1026 5831
2: -368186 117649 -130 5831
3: 368764 -84035 329 5831
1: 373184 117649 -1020 5831
2: -373184 117649 -136 5831
4: -375411 -352947 650 5831
2: -375683 71 -979608 5831
3: 377986 -622217 -343 5831
2: -377986 651695 343 5831
3: 382102 -289 229467 5831
4: -382102 -289 241129 5831
1: 382347 15249 -4802 5831
4: -382347 -15963 4802 5831
4: -385532 -323 215747 5831
3: 386561 -693889 -344 5831
4: -386561 -693889 540 5831
3: 387786 -23409 2401 5831
4: -387838 -259 268912 5831
1: 392173 189679 -784 5831
1: 393176 289 -230496 5831
2: -393176 289 -240100 5831
3: 395063 -329 201684 5831
4: -395136 -4335 16464 5831
4: -396508 -139 500437 5831
3: 396508 -323 205457 5831
4: -396508 -2363 29841 5831
2: -396508 117649 -162 5831
3: 396508 -823543 -348 5831
4: -398566 -7225 10045 5831
3: 399252 -59823 686 5831
1: 403368 177 -376278 5831
3: 403368 -11271 5481 5831
1: 403368 51153 -1722 5831
3: 403368 -93639 289 5831
1: 403368 424977 -578 5831
4: -405178 -10241 7203 5831
3: 405769 -2315 28322 5831
2: -405769 2417 -28322 5831
4: -406912 -189679 784 5831
2: -410571 489 -141610 5831
1: 410571 50421 -1734 5831
3: 410914 -335 198254 5831
4: -412629 -351 198254 5831
4: -416402 -629 110789 5831
2: -417676 588245 289 5831
1: 417774 2385 -28322 5831
4: -417774 -2487 28322 5831
1: 420784 117649 -970 5831
2: -420784 117649 -186 5831
3: 422576 -127 523957 5831
3: 422674 -588245 -289 5831
1: 428554 33235 -2401 5831
2: -430808 233 -297381 5831
3: 430899 -165 403368 5831
4: -436982 -391 177786 5831
3: 436982 -2497 26299 5831
2: -436982 2599 -26299 5831
4: -436982 -32657 2513 5831
2: -436982 55223 -867 5831
3: 436982 -693889 -293 5831
4: -436982 -693889 489 5831
1: 439383 23409 -3234 5831
2: -439383 857157 306 5831
1: 439726 103751 -1029 5831
3: 440412 -867 76489 5831
2: -440436 1365 -50421 5831
4: -441784 -71 977109 5831
4: -445557 -352947 578 5831
4: -446216 -420175 546 5831
1: 446586 19941 -3724 5831
2: -446586 756315 289 5831
1: 453152 117649 -942 5831
2: -453152 117649 -214 5831
4: -453789 -87 797062 5831
2: -453789 7203 -9248 5831
3: 453789 -122451 170 5831
3: 453789 -149991 70 5831
2: -454597 866761 294 5831
1: 455161 39593 -2058 5831
1: 456484 7225 -9604 5831
4: -458354 -105301 1029 5831
4: -459221 -588245 488 5831
2: -460666 112847 -245 5831
3: 462978 -987 67228 5831
3: 463981 -289 230496 5831
4: -463981 -289 240100 5831
3: 465794 -3757 17395 5831
1: 465794 16807 -4335 5831
2: -465794 16807 -3757 5831
2: -470596 85 -814521 5831
4: -470596 -91 761515 5831
3: 470596 -119 560456 5831
4: -470596 -119 582420 5831
4: -470596 -215 322524 5831
2: -470596 221 -313055 5831
2: -470596 245 -282353 5831
1: 470596 289 -231286 5831
2: -470596 289 -239310 5831
2: -470596 301 -229755 5831
4: -470596 -455 152592 5831
4: -470596 -559 124270 5831
4: -470596 -595 116773 5831
2: -470596 637 -108375 5831
4: -470596 -731 95115 5831
1: 470596 833 -80478 5831
2: -470596 833 -82790 5831
2: -470596 1105 -62322 5831
2: -470596 1445 -47573 5831
2: -470596 1505 -45662 5831
4: -470596 -1547 45135 5831
4: -470596 -1715 40749 5831
3: 470596 -2023 32628 5831
4: -470596 -2023 34600 5831
4: -470596 -2107 33235 5831
1: 470596 2693 -25143 5831
4: -470596 -2795 25143 5831
2: -470596 3185 -21386 5831
4: -470596 -3655 19312 5831
2: -470596 3757 -18075 5831
2: -470596 3913 -17340 5831
2: -470596 4165 -16269 5831
4: -470596 -4459 15895 5831
2: -470596 5117 -13175 5831
3: 470596 -5831 11084 5831
4: -470596 -5831 12240 5831
4: -470596 -7735 9316 5831
4: -470596 -9503 7650 5831
4: -470596 -10115 7209 5831
4: -470596 -10535 6936 5831
2: -470596 10829 -6035 5831
4: -470596 -12427 5935 5831
1: 470596 14161 -5074 5831
2: -470596 14161 -4530 5831
2: -470596 14749 -4335 5831
2: -470596 18785 -3326 5831
3: 470596 -18851 3179 5831
2: -470596 19565 -3179 5831
4: -470596 -22295 3468 5831
2: -470596 25585 -2346 5831
4: -470596 -26299 2995 5831
4: -470596 -27391 2890 5831
4: -470596 -35819 2295 5831
1: 470596 45781 -1819 5831
4: -470596 -47515 1819 5831
2: -470596 54145 -918 5831
4: -470596 -62135 1476 5831
2: -470596 66521 -680 5831
2: -470596 70805 -617 5831
2: -470596 73745 -578 5831
4: -470596 -75803 1275 5831
2: -470596 86989 -435 5831
3: 470596 -99127 312 5831
4: -470596 -99127 1060 5831
4: -470596 -131495 888 5831
1: 470596 131957 -867 5831
4: -470596 -136955 867 5831
4: -470596 -161551 790 5831
4: -470596 -179095 748 5831
2: -470596 184093 -15 5831
2: -470596 250733 85 5831
3: 470596 -320467 -153 5831
2: -470596 332605 153 5831
4: -470596 -379015 544 5831
2: -470596 434945 202 5831
4: -470596 -465647 510 5831
4: -470596 -495635 501 5831
4: -470596 -608923 475 5831
1: 470596 778277 -447 5831
4: -470596 -807755 447 5831
2: -470596 920465 286 5831
3: 470596 -923699 -289 5831
2: -470596 958685 289 5831
1: 479514 13005 -5488 5831
1: 480896 117649 -921 5831
2: -480896 117649 -235 5831
3: 481474 -85 785127 5831
4: -481474 -1819 38416 5831
1: 487403 2791 -24276 5831
4: -487403 -2893 24276 5831
3: 487403 -806599 -266 5831
2: -487403 836077 266 5831
1: 487543 221 -302526 5831
3: 489804 -867 76685 5831
2: -489804 2601 -26264 5831
1: 489804 9537 -7350 5831
1: 489804 252105 -612 5831
3: 490144 -112847 245 5831
4: -496791 -468195 490 5831
1: 497658 153 -436982 5831
3: 501466 -48841 1029 5831
2: -501466 823543 255 5831
2: -502418 121 -571438 5831
1: 503013 117 -571438 5831
3: 506328 -957999 -266 5831
3: 509796 -1203 55223 5831
2: -509796 1245 -55223 5831
3: 510374 -117649 235 5831
4: -510374 -117649 921 5831
1: 510384 225 -297381 5831
1: 513814 50065 -1666 5831
4: -513814 -51799 1666 5831
2: -523418 30923 -1911 5831
4: -529396 -33235 2401 5831
3: 534786 -867 76832 5831
4: -536962 -589 117649 5831
1: 537824 40817 -1955 5831
2: -537824 40817 -1377 5831
1: 538118 527 -127253 5831
4: -548233 -187 369754 5831
2: -553146 819 -84035 5831
3: 554302 -173 386561 5831
2: -554631 2601 -26250 5831
2: -554631 21609 -2890 5831
1: 566636 289 -231966 5831
2: -566636 289 -238630 5831
1: 570752 117649 -867 5831
2: -570752 117649 -289 5831
1: 571438 193 -347242 5831
3: 571438 -193 346647 5831
2: -571438 199 -346647 5831
4: -571438 -199 347242 5831
1: 571438 289 -231994 5831
2: -571438 289 -238602 5831
3: 571438 -289 231399 5831
4: -571438 -289 239197 5831
1: 571438 2401 -28186 5831
2: -571438 2401 -28458 5831
3: 571438 -2401 27591 5831
4: -571438 -2401 29053 5831
1: 571438 55777 -1498 5831
3: 571438 -55777 903 5831
2: -571438 57511 -903 5831
4: -571438 -57511 1498 5831
1: 571438 463393 -442 5831
3: 571438 -463393 -153 5831
2: -571438 477799 153 5831
4: -571438 -477799 442 5831
1: 571438 693889 -394 5831
2: -571438 693889 198 5831
3: 571438 -693889 -201 5831
4: -571438 -693889 397 5831
1: 581042 285719 -527 5831
2: -581042 285719 51 5831
1: 590646 153 -438158 5831
2: -590646 4335 -15631 5831
1: 590646 75429 -1176 5831
2: -594762 153 -450702 5831
3: 594762 -201 333053 5831
2: -594762 207 -333053 5831
1: 594762 3417 -19894 5831
4: -594762 -3519 19894 5831
3: 594762 -352947 -96 5831
4: -595448 -271 254898 5831
3: 595448 -285719 -51 5831
4: -595448 -285719 527 5831
2: -602651 85 -811342 5831
4: -605591 -1445 48020 5831
3: 605738 -117649 289 5831
4: -605738 -117649 867 5831
2: -606186 352947 85 5831
1: 606424 117649 -850 5831
2: -606424 117649 -306 5831
1: 615859 588245 -390 5831
3: 618324 -352947 -85 5831
3: 619038 -663 100842 5831
3: 619458 -60537 833 5831
2: -619458 62271 -833 5831
1: 621859 693889 -370 5831
2: -621859 693889 174 5831
3: 623084 -25075 2401 5831
2: -623084 25789 -2401 5831
1: 623917 60979 -1372 5831
2: -628286 455 -151263 5831
1: 636412 137 -489804 5831
2: -638666 755 -91035 5831
4: -638666 -7225 9807 5831
3: 638666 -40817 1377 5831
4: -638666 -40817 1955 5831
2: -644742 867 -79233 5831
3: 649094 -95 705894 5831
3: 651406 -1543 43218 5831
2: -651406 1585 -43218 5831
2: -653072 289 -238189 5831
1: 653072 4913 -13916 5831
3: 655473 -2601 25536 5831
4: -655473 -7203 9826 5831
1: 655473 367353 -442 5831
2: -657186 315 -218491 5831
2: -657874 86411 -539 5831
2: -659498 1021 -67228 5831
2: -661232 25921 -2401 5831
2: -665856 273 -252105 5831
2: -677082 1581 -43316 5831
1: 686664 655473 -350 5831
1: 688058 289 -232554 5831
2: -688058 289 -238042 5831
4: -689087 -90457 1008 5831
3: 689724 -1635 40817 5831
2: -689724 1677 -40817 5831
2: -693056 337 -204085 5831
1: 693056 117649 -816 5831
2: -693056 117649 -340 5831
1: 693889 85 -790174 5831
1: 693889 235 -285964 5831
3: 693889 -235 285474 5831
2: -693889 241 -285474 5831
4: -693889 -241 285964 5831
1: 693889 799 -84280 5831
3: 693889 -799 83790 5831
1: 693889 3995 -17052 5831
3: 693889 -3995 16562 5831
2: -693889 4097 -16562 5831
4: -693889 -4097 17052 5831
1: 693889 16807 -4240 5831
2: -693889 16807 -3852 5831
3: 693889 -16807 3750 5831
4: -693889 -16807 4342 5831
1: 693889 84035 -1044 5831
3: 693889 -84035 554 5831
1: 693889 285719 -480 5831
2: -693889 285719 4 5831
3: 693889 -285719 -10 5831
4: -693889 -285719 486 5831
1: 693889 789929 -330 5831
3: 693889 -789929 -160 5831
1: 698054 1655 -40817 5831
4: -698054 -1697 40817 5831
2: -698691 108375 -392 5831
2: -700536 105 -655473 5831
2: -703426 91 -756315 5831
1: 705894 105 -639846 5831
3: 705894 -147 456620 5831
2: -705894 153 -449718 5831
3: 705894 -255 263126 5831
1: 705894 357 -188360 5831
4: -705894 -441 156349 5831
1: 705894 735 -91613 5831
3: 705894 -813 82365 5831
3: 705894 -867 77220 5831
3: 705894 -1029 65025 5831
2: -705894 1071 -64039 5831
3: 705894 -1785 37383 5831
1: 705894 2499 -27115 5831
4: -705894 -2601 26709 5831
4: -705894 -3087 22542 5831
1: 705894 4065 -16762 5831
4: -705894 -4167 16762 5831
1: 705894 4335 -15733 5831
1: 705894 5145 -13294 5831
3: 705894 -5691 11560 5831
3: 705894 -6069 10825 5831
2: -705894 7497 -8942 5831
3: 705894 -12495 5134 5831
1: 705894 13821 -5100 5831
1: 705894 17493 -4080 5831
4: -705894 -18207 4022 5831
1: 705894 28455 -2601 5831
4: -705894 -29169 2601 5831
1: 705894 30345 -2454 5831
3: 705894 -39837 1445 5831
3: 705894 -42483 1340 5831
3: 705894 -69105 731 5831
2: -705894 70839 -731 5831
3: 705894 -87465 527 5831
1: 705894 96747 -935 5831
4: -705894 -127449 781 5831
1: 705894 199185 -578 5831
4: -705894 -204183 578 5831
1: 705894 212415 -557 5831
3: 705894 -234957 45 5831
3: 705894 -297381 -15 5831
3: 705894 -483735 -102 5831
2: -705894 495873 102 5831
1: 705894 677229 -340 5831
4: -705894 -892143 318 5831
3: 710696 -16807 3757 5831
4: -710696 -16807 4335 5831
4: -722701 -853 80920 5831
3: 722701 -2401 27744 5831
4: -722701 -2401 28900 5831
3: 722701 -70771 714 5831
2: -722701 72505 -714 5831
2: -722701 204085 -102 5831
1: 725788 113 -594762 5831
1: 725788 10693 -6517 5831
1: 729904 2465 -27489 5831
4: -734706 -14739 4900 5831
1: 734706 50421 -1564 5831
3: 735392 -3791 17493 5831
3: 735539 -117649 340 5831
4: -735539 -117649 816 5831
2: -736083 352947 36 5831
1: 736372 117649 -802 5831
2: -736372 117649 -354 5831
4: -740996 -91 756315 5831
1: 742441 1003 -67228 5831
4: -743886 -105 655473 5831
1: 746368 117649 -799 5831
3: 750822 -352947 -36 5831
3: 752199 -73695 686 5831
2: -752199 75429 -686 5831
3: 753914 -395 169932 5831
4: -758716 -258655 490 5831
1: 764694 561 -120050 5831
1: 764694 30855 -2401 5831
4: -764694 -31569 2401 5831
3: 765919 -84035 578 5831
1: 769692 2601 -26068 5831
3: 770721 -867 77322 5831
3: 773122 -693889 -123 5831
4: -773122 -693889 319 5831
4: -778566 -273 252105 5831
2: -782726 15691 -4165 5831
1: 786352 289 -232897 5831
2: -786352 289 -237699 5831
4: -787236 -315 218491 5831
2: -793016 425 -161553 5831
4: -793016 -935 73745 5831
1: 793016 117649 -786 5831
2: -793016 117649 -370 5831
2: -794388 11373 -5831 5831
1: 801934 53465 -1470 5831
1: 802842 30723 -2401 5831
4: -806736 -255 269773 5831
4: -806736 -612255 323 5831
3: 811538 -4681 14161 5831
2: -811538 4783 -14161 5831
4: -816136 -455 151263 5831
1: 818159 780325 -294 5831
2: -821142 50421 -1156 5831
3: 823543 -343 195942 5831
4: -823543 -343 200566 5831
4: -823543 -72373 1156 5831
2: -823543 134113 -306 5831
1: 825944 953 -70805 5831
4: -832461 -13005 5488 5831
2: -832902 99 -693889 5831
1: 833392 97 -693889 5831
1: 835548 4821 -14161 5831
4: -835548 -4923 14161 5831
3: 838978 -29767 2058 5831
1: 841568 117649 -774 5831
2: -841568 117649 -382 5831
1: 849954 756315 -289 5831
1: 852698 11951 -5831 5831
3: 857157 -291 231098 5831
2: -857157 297 -231098 5831
3: 857157 -867 77434 5831
3: 857157 -7203 9146 5831
4: -857157 -7803 9002 5831
4: -857157 -64827 1258 5831
3: 857157 -84099 602 5831
2: -857157 85833 -602 5831
3: 857157 -698691 -102 5831
2: -857157 713097 102 5831
3: 867578 -25921 2401 5831
1: 878766 857157 -272 5831
2: -880481 1445 -47334 5831
3: 880922 -97 693889 5831
4: -881412 -99 693889 5831
4: -885969 -857157 272 5831
4: -891276 -819 84035 5831
2: -892143 352947 -4 5831
4: -894887 -138431 686 5831
3: 897974 -84035 612 5831
3: 906304 -431 156065 5831
1: 906304 117649 -760 5831
2: -906304 117649 -396 5831
4: -906892 -5491 12691 5831
2: -907578 6987 -9639 5831
1: 907578 7203 -9537 5831
4: -907578 -122451 748 5831
3: 927962 -289 232897 5831
4: -927962 -289 237699 5831
2: -929187 867 -78988 5831
3: 934626 -171 393764 5831
3: 941192 -119 565947 5831
4: -941192 -119 576929 5831
4: -941192 -191 359516 5831
1: 941192 289 -233292 5831
2: -941192 289 -237304 5831
1: 941192 833 -81056 5831
2: -941192 833 -82212 5831
2: -941192 1337 -51153 5831
3: 941192 -2023 33121 5831
4: -941192 -2023 34107 5831
4: -941192 -3247 21318 5831
3: 941192 -5831 11373 5831
4: -941192 -5831 11951 5831
4: -941192 -9359 7514 5831
1: 941192 14161 -4938 5831
2: -941192 14161 -4666 5831
2: -941192 22729 -2839 5831
4: -941192 -55199 1424 5831
2: -941192 65513 -867 5831
3: 941192 -99127 499 5831
4: -941192 -99127 873 5831
4: -941192 -159103 612 5831
2: -941192 386393 3 5831
3: 943593 -50421 1156 5831
2: -948498 453789 28 5831
3: 957999 -1107 60690 5831
1: 962948 493 -136857 5831
3: 963237 -453789 -28 5831
2: -964971 255 -268912 5831
1: 974806 5633 -12138 5831
4: -974806 -5735 12138 5831
3: 977109 -255 264110 5831
3: 977109 -2325 28812 5831
2: -977109 2367 -28812 5831
3: 979608 -151263 272 5831
1: 991613 289 -233394 5831
2: -991613 289 -237202 5831
