Command line:- ../do_t 34969 1000000
1: 1292 17303 864688 34969
1: 1331 17303 835210 34969
1: 1331 18785 406912 34969
1: 1331 22627 -442170 34969
2: -1331 22627 225998 34969
1: 1331 24565 -769692 34969
2: -1564 18755 -594473 34969
2: -1734 19965 -302005 34969
2: -2159 33275 972774 34969
1: 2662 13991 972774 34969
2: -2662 15487 -972774 34969
1: 2662 22627 -275128 34969
2: -2662 22627 58956 34969
1: 2882 14641 751689 34969
1: 3179 14641 665856 34969
2: -3179 14641 -999940 34969
2: -3267 14739 -958562 34969
1: 3383 30613 -648516 34969
1: 3468 43923 -976531 34969
1: 3751 24565 -337348 34969
1: 3993 13617 648516 34969
2: -3993 15861 -648516 34969
2: -4029 43923 736950 34969
1: 4114 14641 476561 34969
1: 4356 13515 594473 34969
2: -4356 15963 -594473 34969
1: 4454 14641 427431 34969
2: -4454 14641 -761515 34969
1: 4913 14641 371892 34969
2: -4913 14641 -705976 34969
1: 4913 34391 -556358 34969
1: 4913 39809 -650012 34969
2: -4913 48037 650012 34969
1: 4913 54043 -806586 34969
2: -4913 54043 716078 34969
1: 4913 62557 -866184 34969
1: 4964 49247 -756602 34969
1: 5016 73695 -905080 34969
1: 5214 43923 -668168 34969
2: -5313 132651 950334 34969
1: 5324 13243 486387 34969
2: -5324 16235 -486387 34969
1: 5324 22627 -191607 34969
2: -5324 22627 -24565 34969
1: 5324 54571 -751689 34969
2: -5324 55199 667590 34969
1: 5324 93347 -916487 34969
2: -5324 113135 913818 34969
1: 5491 17303 95370 34969
1: 5559 131769 -943296 34969
2: -5566 39593 454597 34969
1: 5898 163713 -918731 34969
1: 5951 83521 -798600 34969
2: -5951 83521 740036 34969
1: 5981 712385 -995588 34969
1: 6001 918731 -998250 34969
2: -6001 918731 992926 34969
1: 6094 248897 -928557 34969
2: -6094 248897 908905 34969
2: -6171 43923 461822 34969
2: -6171 250563 898062 34969
1: 6171 658845 -962948 34969
2: -6171 834537 962948 34969
1: 6248 152303 -859826 34969
2: -6321 751689 937024 34969
4: -6344 -712385 995588 34969
1: 6358 14641 249407 34969
2: -6358 14641 -583491 34969
1: 6358 83521 -749353 34969
2: -6358 83521 690789 34969
1: 6358 424589 -919887 34969
2: -6358 541717 919887 34969
2: -6413 584647 915002 34969
1: 6534 14739 230384 34969
2: -6534 219615 835210 34969
3: 6684 -751689 -937024 34969
1: 6776 43639 -524535 34969
2: -6798 163863 769318 34969
2: -6834 59895 540430 34969
1: 6936 59895 -613547 34969
1: 6936 922383 -864110 34969
3: 7018 -217039 -944163 34969
4: -7018 -284087 944163 34969
1: 7139 525691 -826914 34969
3: 7216 -248897 -908905 34969
4: -7216 -248897 928557 34969
1: 7344 10527 594473 34969
2: -7344 219615 741863 34969
2: -7514 73205 547077 34969
1: 7524 337263 -769318 34969
2: -7623 746691 776254 34969
4: -7632 -163713 918731 34969
3: 7684 -83521 -966306 34969
4: -7832 -555169 814572 34969
1: 7854 131769 -673081 34969
1: 7854 751689 -760001 34969
1: 7882 476561 -746691 34969
1: 7986 12495 324258 34969
2: -7986 16983 -324258 34969
1: 7986 19965 -83521 34969
2: -7986 35937 250563 34969
1: 7986 42483 -445060 34969
1: 7986 67881 -564995 34969
1: 7986 73695 -580822 34969
3: 7986 -103173 -897600 34969
2: -7986 132651 626076 34969
1: 7986 139755 -668168 34969
3: 7986 -195657 -835210 34969
3: 7986 -212415 -829719 34969
1: 7986 250563 -711260 34969
4: -7986 -288711 829719 34969
3: 7986 -339405 -805732 34969
1: 7986 475167 -736950 34969
1: 7986 515865 -739211 34969
4: -7986 -610929 795906 34969
3: 7986 -722211 -784465 34969
1: 7986 978285 -751689 34969
1: 8058 43923 -451996 34969
3: 8092 -408617 -788392 34969
4: -8092 -557689 788392 34969
3: 8228 -83521 -900482 34969
4: -8228 -83521 959046 34969
1: 8228 629563 -722211 34969
2: -8228 863819 722211 34969
3: 8371 -330905 -769318 34969
3: 8558 -336743 -751689 34969
1: 8602 584647 -689458 34969
4: -8608 -476561 746691 34969
2: -8646 338997 656183 34969
4: -8679 -131769 835210 34969
2: -8789 417605 654852 34969
3: 8959 -400631 -712096 34969
3: 8959 -584647 -702768 34969
4: -9009 -73695 905080 34969
4: -9097 -170221 769318 34969
1: 9197 83521 -527076 34969
2: -9197 83521 468512 34969
4: -9214 -417605 702768 34969
3: 9248 -397969 -689843 34969
4: -9248 -568337 689843 34969
2: -9262 102487 501126 34969
3: 9317 -520421 -677994 34969
3: 9317 -949003 -668168 34969
4: -9438 -456909 682924 34969
1: 9503 453871 -619038 34969
2: -9537 43923 279174 34969
2: -9537 250563 577654 34969
1: 9537 395307 -613258 34969
2: -9537 570999 613258 34969
2: -9559 11849 -699380 34969
1: 9691 122825 -543048 34969
2: -9702 746691 609212 34969
3: 9713 -278179 -668168 34969
2: -9752 584647 600281 34969
4: -9801 -250563 685828 34969
1: 9826 6655 972026 34969
1: 9826 7139 863940 34969
1: 9826 14641 102425 34969
2: -9826 14641 -436509 34969
1: 9826 24565 -190333 34969
1: 9826 35695 -325006 34969
3: 9826 -35695 -919479 34969
2: -9826 52151 325006 34969
4: -9826 -52151 919479 34969
1: 9826 54043 -425920 34969
2: -9826 54043 335412 34969
3: 9826 -54043 -818565 34969
4: -9826 -54043 909073 34969
1: 9826 73205 -477309 34969
3: 9826 -73205 -767176 34969
1: 9826 78529 -487135 34969
3: 9826 -78529 -757350 34969
1: 9826 270215 -582978 34969
3: 9826 -270215 -661507 34969
1: 9826 289867 -585640 34969
3: 9826 -289867 -658845 34969
1: 9826 392645 -595221 34969
3: 9826 -392645 -649264 34969
2: -9826 573661 595221 34969
4: -9826 -573661 649264 34969
1: 9826 594473 -604395 34969
2: -9826 594473 596167 34969
3: 9826 -594473 -640090 34969
4: -9826 -594473 648318 34969
1: 9826 863819 -609960 34969
3: 9826 -863819 -634525 34969
1: 9911 584647 -598950 34969
3: 9922 -248897 -658342 34969
4: -9922 -248897 677994 34969
1: 9933 751689 -601612 34969
3: 9944 -83521 -740036 34969
4: -9944 -83521 798600 34969
1: 9996 604395 -594473 34969
2: -9996 888987 594473 34969
2: -10164 59823 349690 34969
3: 10263 -746691 -609212 34969
4: -10404 -115797 715275 34969
2: -10428 43923 250563 34969
3: 10478 -584647 -600281 34969
4: -10527 -300849 629442 34969
3: 10574 -596167 -594473 34969
4: -10574 -897215 594473 34969
1: 10591 262207 -540430 34969
3: 10593 -869601 -588302 34969
2: -10648 34391 152779 34969
3: 10648 -83521 -689172 34969
4: -10648 -83521 747736 34969
2: -10648 198319 501126 34969
2: -10648 584647 549417 34969
3: 10648 -919721 -584647 34969
2: -10692 77163 384659 34969
2: -10923 250563 503118 34969
1: 11271 834537 -531760 34969
1: 11286 219615 -501126 34969
2: -11374 417605 504691 34969
2: -11869 73205 334084 34969
1: 11902 83521 -413941 34969
2: -11902 83521 355377 34969
4: -11924 -417605 544379 34969
1: 11979 11373 216172 34969
2: -11979 18105 -216172 34969
4: -11979 -73695 688908 34969
3: 11979 -193341 -553146 34969
4: -11979 -307785 553146 34969
2: -11979 339405 471648 34969
1: 11979 890439 -501126 34969
1: 12002 918731 -500456 34969
2: -12002 918731 495132 34969
1: 12342 43923 -314432 34969
2: -12342 131769 397953 34969
1: 12342 250563 -463672 34969
1: 12342 570999 -481474 34969
2: -12342 751689 478313 34969
2: -12342 922383 481474 34969
2: -12376 38599 162129 34969
3: 12563 -918731 -495132 34969
4: -12563 -918731 500456 34969
3: 12716 -73205 -585225 34969
3: 12716 -83521 -572330 34969
4: -12716 -83521 630894 34969
3: 12716 -366025 -501704 34969
3: 12716 -417605 -499125 34969
4: -12716 -600281 501704 34969
2: -12826 63869 281809 34969
2: -13068 14739 -364089 34969
1: 13112 89879 -384659 34969
3: 13294 -14641 -951966 34969
2: -13294 46585 200277 34969
2: -13294 584647 439230 34969
3: 13447 -17303 -864688 34969
1: 13651 417605 -431244 34969
3: 13673 -83521 -530222 34969
4: -13673 -83521 588786 34969
4: -13684 -122825 543048 34969
2: -13728 309519 407286 34969
2: -13794 73695 283866 34969
4: -13872 -35937 766139 34969
2: -14036 34391 98736 34969
1: 14246 41261 -270215 34969
1: 14314 102487 -363562 34969
4: -14399 -73205 579734 34969
4: -14399 -417605 451814 34969
1: 14399 541717 -412692 34969
2: -14399 951665 412692 34969
1: 14641 4675 933470 34969
1: 14641 4913 868020 34969
1: 14641 6875 501126 34969
1: 14641 7225 456620 34969
1: 14641 10285 196520 34969
1: 14641 10625 176868 34969
2: -14641 12199 -501126 34969
3: 14641 -15125 -835210 34969
1: 14641 15895 -20230 34969
3: 14641 -15895 -814980 34969
2: -14641 18853 -176868 34969
1: 14641 23375 -147390 34969
3: 14641 -23375 -687820 34969
1: 14641 24565 -160480 34969
3: 14641 -24565 -674730 34969
1: 14641 34969 -236980 34969
2: -14641 34969 97104 34969
3: 14641 -34969 -598230 34969
4: -14641 -34969 738106 34969
1: 14641 36125 -242760 34969
3: 14641 -36125 -592450 34969
1: 14641 51425 -294780 34969
1: 14641 54043 -300730 34969
2: -14641 54043 210222 34969
3: 14641 -54043 -534480 34969
4: -14641 -54043 624988 34969
1: 14641 75625 -334084 34969
3: 14641 -75625 -501126 34969
1: 14641 79475 -338130 34969
3: 14641 -79475 -497080 34969
1: 14641 83521 -341980 34969
2: -14641 83521 283416 34969
3: 14641 -83521 -493230 34969
4: -14641 -83521 551794 34969
1: 14641 116875 -363562 34969
3: 14641 -116875 -471648 34969
1: 14641 122825 -366180 34969
3: 14641 -122825 -469030 34969
2: -14641 134189 334084 34969
4: -14641 -134189 501126 34969
3: 14641 -174845 -453730 34969
1: 14641 180625 -382636 34969
3: 14641 -180625 -452574 34969
2: -14641 207383 363562 34969
4: -14641 -207383 471648 34969
1: 14641 257125 -393040 34969
3: 14641 -257125 -442170 34969
1: 14641 270215 -394230 34969
3: 14641 -270215 -440980 34969
2: -14641 320501 382636 34969
4: -14641 -320501 452574 34969
1: 14641 397375 -401710 34969
3: 14641 -397375 -433500 34969
1: 14641 417605 -402480 34969
3: 14641 -417605 -432730 34969
1: 14641 594473 -406980 34969
2: -14641 594473 398752 34969
1: 14641 614125 -407320 34969
3: 14641 -614125 -427890 34969
1: 14641 874225 -410380 34969
3: 14641 -874225 -424830 34969
1: 14641 918731 -410730 34969
2: -14641 918731 405406 34969
3: 14641 -918731 -424480 34969
4: -14641 -918731 429804 34969
2: -14739 11253 -575960 34969
3: 14739 -11979 -937244 34969
2: -14739 19965 -143616 34969
3: 14739 -31581 -612986 34969
2: -14739 43923 160990 34969
3: 14739 -44217 -556358 34969
4: -14739 -56265 612986 34969
2: -14739 73695 263538 34969
4: -14739 -123783 504900 34969
1: 14739 131769 -367336 34969
2: -14739 162129 346060 34969
4: -14739 -219615 465596 34969
1: 14739 347391 -396814 34969
4: -14739 -456909 439230 34969
1: 14739 486387 -401962 34969
2: -14739 618915 396814 34969
4: -14739 -810645 428582 34969
4: -14751 -43923 668168 34969
4: -15147 -250563 447216 34969
1: 15246 746691 -393040 34969
2: -15317 584647 380666 34969
3: 15368 -83521 -468512 34969
4: -15368 -83521 527076 34969
1: 15488 13583 34969 34969
1: 15521 73205 -314432 34969
1: 15609 6069 559504 34969
2: -15609 751689 377520 34969
2: -15851 14641 -334084 34969
1: 15972 10251 162129 34969
2: -15972 11271 -546788 34969
1: 15972 11979 83521 34969
2: -15972 19227 -162129 34969
4: -15972 -51909 584647 34969
2: -15972 250563 340989 34969
2: -15972 427431 358292 34969
3: 15972 -751689 -390236 34969
2: -16116 43923 142477 34969
2: -16184 11495 -524535 34969
3: 16184 -334081 -394196 34969
4: -16184 -632225 394196 34969
3: 16192 -14641 -751689 34969
3: 16456 -14641 -736950 34969
3: 16456 -83521 -435600 34969
4: -16456 -83521 494164 34969
1: 16456 102487 -319345 34969
1: 16456 584647 -362395 34969
3: 16541 -73205 -442170 34969
1: 16819 4913 691152 34969
4: -16819 -73205 501126 34969
2: -16881 250563 322102 34969
4: -17051 -190333 410958 34969
3: 17061 -44217 -473110 34969
3: 17204 -14641 -697646 34969
1: 17303 23987 -146234 34969
1: 17303 384659 -340442 34969
2: -17303 384659 327726 34969
3: 17303 -584647 -361856 34969
4: -17666 -299693 378488 34969
1: 17666 417605 -334565 34969
3: 17918 -318109 -356048 34969
4: -17918 -648197 356048 34969
1: 18019 893101 -334084 34969
4: -18122 -30613 648516 34969
1: 18394 83521 -278179 34969
2: -18394 83521 219615 34969
3: 18496 -14641 -637245 34969
4: -18496 -14641 971329 34969
2: -18634 7225 -963237 34969
3: 18634 -17303 -584647 34969
1: 18634 57233 -250563 34969
1: 18634 63869 -258621 34969
2: -18634 67915 190740 34969
2: -18634 113135 245650 34969
3: 18634 -211259 -349129 34969
4: -18634 -417605 350460 34969
3: 18634 -744029 -334084 34969
3: 18678 -77163 -384659 34969
4: -18886 -893101 334084 34969
1: 19074 43923 -223108 34969
4: -19074 -131769 390150 34969
1: 19074 250563 -303468 34969
1: 19074 307461 -306629 34969
2: -19074 658845 306629 34969
4: -19074 -751689 332750 34969
3: 19193 -744029 -324258 34969
1: 19404 746691 -309519 34969
4: -19482 -866481 324258 34969
3: 19602 -250563 -328273 34969
3: 19652 -14641 -589934 34969
4: -19652 -14641 924018 34969
1: 19652 27467 -162503 34969
1: 19652 54043 -235587 34969
2: -19652 54043 145079 34969
2: -19652 60379 162503 34969
3: 19652 -302137 -324632 34969
3: 19652 -594473 -317988 34969
4: -19652 -594473 326216 34969
4: -19652 -664169 324632 34969
1: 19788 922383 -304606 34969
4: -19844 -248897 343910 34969
3: 19888 -83521 -355377 34969
4: -19888 -83521 413941 34969
3: 19932 -397953 -316778 34969
1: 19941 658845 -300560 34969
1: 20086 73205 -250563 34969
4: -20086 -535517 320892 34969
1: 20196 219615 -284954 34969
4: -20526 -746691 309519 34969
3: 21054 -149991 -314721 34969
4: -21054 -351135 314721 34969
4: -21098 -89879 384659 34969
3: 21131 -83521 -332750 34969
4: -21131 -83521 391314 34969
3: 21216 -99825 -324258 34969
1: 21296 6655 250563 34969
2: -21296 70543 167042 34969
3: 21296 -83521 -329945 34969
4: -21296 -83521 388509 34969
1: 21296 113135 -255476 34969
1: 21386 6655 247962 34969
3: 21406 -73205 -334084 34969
1: 21846 250563 -266200 34969
3: 22066 -190333 -294780 34969
3: 22134 -10527 -594473 34969
3: 22253 -278179 -286688 34969
4: -22253 -688127 286688 34969
3: 22264 -14641 -501126 34969
4: -22264 -14641 835210 34969
4: -22264 -319345 300322 34969
1: 22627 38599 -186694 34969
3: 22627 -38599 -353736 34969
1: 22627 83521 -231616 34969
2: -22627 83521 173052 34969
3: 22627 -83521 -308814 34969
4: -22627 -83521 367378 34969
2: -22627 97163 186694 34969
4: -22627 -97163 353736 34969
4: -22797 -43923 451996 34969
1: 22831 24805 -139876 34969
2: -22831 63041 139876 34969
3: 22916 -925045 -270215 34969
4: -23409 -139755 317900 34969
4: -23409 -250563 292820 34969
1: 23938 600281 -250563 34969
1: 23958 8007 108086 34969
2: -23958 21471 -108086 34969
3: 23958 -136119 -276573 34969
4: -23958 -365007 276573 34969
1: 23958 626901 -250563 34969
1: 24004 918731 -251559 34969
2: -24004 918731 246235 34969
2: -24079 112999 185130 34969
1: 24276 4719 349690 34969
1: 24497 14641 -58956 34969
2: -24497 14641 -275128 34969
2: -24684 43923 73695 34969
2: -24684 250563 217195 34969
1: 24684 395307 -240737 34969
3: 24794 -688127 -250563 34969
1: 24888 91839 -216172 34969
3: 24926 -7735 -594473 34969
4: -24926 -21743 594473 34969
3: 24926 -512435 -250563 34969
3: 25024 -14641 -427431 34969
4: -25024 -14641 761515 34969
3: 25126 -918731 -246235 34969
4: -25126 -918731 251559 34969
3: 25432 -14641 -417894 34969
4: -25432 -14641 751978 34969
4: -25432 -83521 330088 34969
2: -25432 102487 167331 34969
2: -25432 584647 227601 34969
4: -25432 -717409 250852 34969
4: -25672 -600281 250563 34969
4: -25839 -250563 266200 34969
2: -25894 181781 195415 34969
4: -25894 -512435 250563 34969
3: 26588 -14641 -392462 34969
4: -26588 -14641 726546 34969
1: 26741 73205 -196520 34969
4: -26741 -584647 241032 34969
2: -26818 584647 215622 34969
3: 26826 -131769 -245650 34969
2: -26877 11979 -375122 34969
3: 27104 -4913 -691152 34969
1: 27166 417605 -219615 34969
3: 27346 -83521 -250470 34969
4: -27346 -83521 309034 34969
2: -27489 751689 212960 34969
4: -27914 -18755 594473 34969
1: 27951 23409 -127160 34969
3: 28314 -6069 -559504 34969
4: -28314 -73695 310607 34969
4: -28556 -190333 250563 34969
3: 28611 -43923 -260100 34969
1: 28677 43923 -167042 34969
1: 28798 336743 -206346 34969
1: 29282 2057 732037 34969
1: 29282 3179 399976 34969
3: 29282 -3179 -817581 34969
1: 29282 4213 250563 34969
3: 29282 -4213 -668168 34969
1: 29282 4913 185113 34969
3: 29282 -4913 -602718 34969
1: 29282 6511 88434 34969
3: 29282 -6511 -506039 34969
2: -29282 14399 -265302 34969
4: -29282 -14399 682907 34969
2: -29282 14861 -250563 34969
4: -29282 -14861 668168 34969
2: -29282 22253 -97971 34969
4: -29282 -22253 515576 34969
2: -29282 22967 -88434 34969
4: -29282 -22967 506039 34969
2: -29282 23353 -83521 34969
4: -29282 -23353 501126 34969
2: -29282 34391 10302 34969
4: -29282 -34391 407303 34969
1: 29282 34969 -153459 34969
2: -29282 34969 13583 34969
3: 29282 -34969 -264146 34969
4: -29282 -34969 404022 34969
2: -29282 36091 19652 34969
4: -29282 -36091 397953 34969
1: 29282 46343 -167042 34969
3: 29282 -46343 -250563 34969
1: 29282 54043 -172992 34969
2: -29282 54043 82484 34969
3: 29282 -54043 -244613 34969
4: -29282 -54043 335121 34969
2: -29282 55777 86411 34969
4: -29282 -55777 331194 34969
1: 29282 71621 -181781 34969
3: 29282 -71621 -235824 34969
1: 29282 83521 -185631 34969
2: -29282 83521 127067 34969
3: 29282 -83521 -231974 34969
4: -29282 -83521 290538 34969
1: 29282 110687 -191318 34969
3: 29282 -110687 -226287 34969
2: -29282 163471 167042 34969
4: -29282 -163471 250563 34969
2: -29282 244783 180914 34969
4: -29282 -244783 236691 34969
2: -29282 252637 181781 34969
4: -29282 -252637 235824 34969
2: -29282 378301 190757 34969
4: -29282 -378301 226848 34969
2: -29282 390439 191318 34969
4: -29282 -390439 226287 34969
2: -29282 397001 191607 34969
4: -29282 -397001 225998 34969
2: -29282 584647 197126 34969
4: -29282 -584647 220479 34969
1: 29282 594473 -205547 34969
2: -29282 594473 197319 34969
2: -29282 613547 197676 34969
4: -29282 -613547 219929 34969
1: 29282 787831 -206346 34969
3: 29282 -787831 -211259 34969
1: 29282 918731 -206696 34969
2: -29282 918731 201372 34969
3: 29282 -918731 -210909 34969
4: -29282 -918731 216233 34969
2: -29282 948209 201603 34969
4: -29282 -948209 216002 34969
1: 29478 1749 882453 34969
3: 29478 -3993 -684794 34969
2: -29478 6237 -882453 34969
4: -29478 -9801 900966 34969
3: 29478 -14739 -336743 34969
3: 29478 -19239 -306493 34969
1: 29478 43923 -164016 34969
4: -29478 -68607 306493 34969
2: -29478 107811 144364 34969
1: 29478 162129 -195657 34969
1: 29478 211629 -198407 34969
2: -29478 397953 190333 34969
2: -29478 754677 198407 34969
1: 29478 781167 -204974 34969
3: 29502 -43923 -250563 34969
1: 30056 453871 -199410 34969
3: 30294 -250563 -208967 34969
2: -30492 746691 191607 34969
3: 30613 -93347 -218416 34969
2: -30702 751689 190333 34969
3: 30736 -83521 -219615 34969
4: -30736 -83521 278179 34969
3: 31581 -99705 -209814 34969
4: -31581 -401421 209814 34969
1: 31702 14641 -83521 34969
2: -31702 14641 -250563 34969
3: 31944 -3993 -584647 34969
4: -31944 -44217 337535 34969
2: -31944 59895 83521 34969
2: -31944 80631 111265 34969
1: 32164 453871 -186694 34969
4: -32249 -417605 204974 34969
3: 32368 -185009 -197098 34969
4: -32368 -781297 197098 34969
3: 32657 -83521 -204974 34969
4: -32657 -83521 263538 34969
3: 32791 -417605 -189970 34969
3: 32912 -14641 -284954 34969
4: -32912 -14641 619038 34969
3: 32912 -83521 -203159 34969
4: -32912 -83521 261723 34969
1: 33066 368475 -181016 34969
1: 33517 248897 -176868 34969
2: -33517 248897 157216 34969
1: 33524 1331 855151 34969
1: 33638 4913 96679 34969
1: 33762 250563 -175692 34969
1: 33813 1419 769318 34969
2: -33813 6567 -769318 34969
4: -34364 -11849 699380 34969
1: 34391 1331 787270 34969
1: 34391 3025 246840 34969
3: 34391 -4913 -439230 34969
3: 34391 -73205 -195330 34969
3: 34391 -166375 -185504 34969
1: 34391 270215 -173030 34969
1: 34391 614125 -175692 34969
4: -34391 -799931 185504 34969
3: 34408 -14641 -265302 34969
4: -34408 -14641 599386 34969
1: 34606 1445 696201 34969
1: 34606 384659 -173400 34969
2: -34606 384659 160684 34969
2: -34884 219615 147390 34969
1: 34969 14641 -91324 34969
2: -34969 14641 -242760 34969
3: 34969 -14641 -258366 34969
4: -34969 -14641 592450 34969
2: -34969 73205 91324 34969
4: -34969 -73205 258366 34969
1: 34969 83521 -160204 34969
2: -34969 83521 101640 34969
3: 34969 -83521 -189486 34969
4: -34969 -83521 248050 34969
2: -34969 417605 160204 34969
4: -34969 -417605 189486 34969
2: -35211 922383 167042 34969
3: 35836 -153065 -178024 34969
4: -35836 -813241 178024 34969
1: 35882 336743 -167042 34969
1: 35937 14739 -93874 34969
3: 35937 -67881 -186694 34969
3: 35937 -78897 -184382 34969
1: 35937 363363 -167042 34969
4: -35937 -422229 184382 34969
1: 36686 73205 -152303 34969
3: 36762 -751689 -167706 34969
4: -37026 -43923 299693 34969
4: -37059 -368475 181016 34969
1: 37268 1331 584647 34969
3: 37268 -4913 -366894 34969
3: 37268 -334081 -167042 34969
3: 37281 -3993 -413270 34969
3: 37323 -307461 -167042 34969
3: 37389 -14739 -230384 34969
1: 37741 417605 -159720 34969
1: 37859 14641 -97104 34969
2: -37859 14641 -236980 34969
4: -37994 -951665 167042 34969
2: -38148 43923 28033 34969
2: -38148 250563 137093 34969
1: 38599 1331 501126 34969
2: -38599 34391 -9350 34969
3: 38599 -66181 -171666 34969
3: 38599 -384659 -160684 34969
4: -38599 -384659 173400 34969
4: -38599 -434945 171666 34969
1: 39304 847 810458 34969
3: 39304 -1001 -972961 34969
3: 39304 -4913 -322102 34969
2: -39304 6655 -702372 34969
4: -39304 -6985 972961 34969
3: 39304 -14641 -211446 34969
4: -39304 -14641 545530 34969
2: -39304 15367 -215985 34969
1: 39304 17303 -108273 34969
1: 39304 34391 -131769 34969
1: 39304 102487 -147577 34969
3: 39304 -121121 -162316 34969
2: -39304 270215 134431 34969
3: 39304 -594473 -156937 34969
4: -39304 -594473 165165 34969
2: -39304 623951 146410 34969
1: 39304 702559 -154396 34969
4: -39304 -845185 162316 34969
4: -39593 -65219 241604 34969
4: -39627 -91839 216172 34969
3: 39688 -248897 -157216 34969
4: -39688 -248897 176868 34969
4: -39933 -250563 175692 34969
1: 40051 59245 -139876 34969
3: 40171 -73205 -162418 34969
1: 41261 24565 -121176 34969
1: 41261 837199 -147390 34969
3: 41327 -584647 -149072 34969
1: 41446 584647 -146410 34969
2: -41616 27951 -50864 34969
4: -41734 -417605 159720 34969
3: 41854 -38599 -162129 34969
2: -42194 417605 131769 34969
3: 42262 -83521 -151734 34969
4: -42262 -83521 210298 34969
3: 42592 -4913 -258808 34969
3: 43061 -7865 -209814 34969
4: -43061 -79981 209814 34969
1: 43197 131769 -137564 34969
1: 43197 751689 -140844 34969
2: -43692 250563 118459 34969
4: -43724 -41261 270215 34969
4: -43758 -307461 157216 34969
1: 43923 561 707472 34969
1: 43923 867 408646 34969
1: 43923 1551 167042 34969
1: 43923 2397 58956 34969
2: -43923 5049 -923644 34969
2: -43923 7803 -548522 34969
3: 43923 -9537 -189006 34969
3: 43923 -14739 -171428 34969
3: 43923 -17061 -167042 34969
2: -43923 17523 -167042 34969
3: 43923 -26367 -157216 34969
2: -43923 27081 -58956 34969
3: 43923 -40749 -150858 34969
4: -43923 -55539 235824 34969
4: -43923 -85833 201722 34969
1: 43923 104907 -134674 34969
4: -43923 -132651 179656 34969
1: 43923 162129 -136272 34969
4: -43923 -192753 167042 34969
1: 43923 250563 -137306 34969
1: 43923 290037 -137564 34969
4: -43923 -297891 157216 34969
1: 43923 448239 -138142 34969
4: -43923 -460377 150858 34969
1: 43923 692733 -138516 34969
2: -43962 834537 132651 34969
1: 44217 627 588302 34969
2: -44217 7359 -588302 34969
3: 44217 -43923 -148648 34969
3: 44217 -162129 -141086 34969
3: 44217 -834537 -138822 34969
1: 44319 43923 -127738 34969
3: 44506 -73205 -143344 34969
3: 44506 -417605 -138424 34969
4: -44506 -893101 143344 34969
3: 44528 -14641 -167042 34969
4: -44528 -14641 501126 34969
3: 45177 -928557 -135762 34969
1: 45254 1331 157216 34969
3: 45254 -1331 -427431 34969
2: -45254 6655 -658342 34969
4: -45254 -6655 928557 34969
1: 45254 9317 -93347 34969
3: 45254 -9317 -176868 34969
2: -45254 25289 -73695 34969
4: -45254 -25289 343910 34969
1: 45254 83521 -130449 34969
2: -45254 83521 71885 34969
3: 45254 -83521 -139766 34969
4: -45254 -83521 198330 34969
2: -45254 126445 93347 34969
4: -45254 -126445 176868 34969
2: -45254 417605 122463 34969
4: -45254 -417605 147752 34969
1: 45254 584647 -134442 34969
3: 45254 -584647 -135773 34969
3: 45594 -43923 -142477 34969
1: 45662 5687 -69938 34969
2: -45662 82159 69938 34969
4: -46222 -67337 209814 34969
3: 46818 -250563 -131769 34969
1: 46948 447083 -129591 34969
3: 47311 -14641 -147390 34969
4: -47311 -14641 481474 34969
4: -47674 -24565 337348 34969
1: 47916 1275 54043 34969
2: -47916 28203 -54043 34969
1: 47916 368475 -126973 34969
2: -47974 73205 57511 34969
1: 48246 751689 -126445 34969
1: 48642 44217 -121363 34969
4: -48763 -584647 134068 34969
2: -48909 299475 108086 34969
1: 48994 14641 -112999 34969
2: -48994 14641 -221085 34969
4: -49247 -201433 149226 34969
4: -49368 -751689 130559 34969
3: 49708 -209 -769318 34969
4: -49708 -7777 769318 34969
2: -50358 131769 83521 34969
2: -50578 17303 -167042 34969
3: 50864 -14641 -125426 34969
4: -50864 -14641 459510 34969
3: 50864 -83521 -121121 34969
4: -50864 -83521 179685 34969
4: -50864 -951665 125426 34969
2: -51304 584647 110715 34969
3: 51678 -250563 -118459 34969
4: -51909 -99825 167042 34969
3: 51909 -203643 -117912 34969
3: 51986 -73205 -117912 34969
3: 53176 -14641 -112710 34969
4: -53176 -14641 446794 34969
1: 54043 4913 -127776 34969
2: -54043 4913 -867812 34969
3: 54043 -4913 -98494 34969
1: 54043 14641 -118048 34969
2: -54043 14641 -216036 34969
3: 54043 -14641 -108222 34969
4: -54043 -14641 442306 34969
2: -54043 329171 98494 34969
4: -54043 -329171 127776 34969
2: -54043 980947 108222 34969
4: -54043 -980947 118048 34969
3: 54208 -4913 -96679 34969
1: 54571 2023 -158950 34969
3: 54692 -83521 -110594 34969
4: -54692 -83521 169158 34969
2: -55539 219615 88434 34969
2: -55777 142417 76296 34969
4: -55902 -203643 132651 34969
3: 55902 -280041 -108834 34969
3: 56423 -621577 -108086 34969
1: 56712 666831 -108086 34969
4: -57222 -43923 213571 34969
3: 57596 -73205 -103173 34969
3: 57596 -417605 -105633 34969
3: 57959 -34391 -98736 34969
4: -58378 -863819 110109 34969
3: 58564 -289 778566 34969
1: 58564 1111 -334084 34969
3: 58564 -1717 44217 34969
3: 58564 -2057 19652 34969
1: 58564 3179 -184671 34969
3: 58564 -4913 -52462 34969
2: -58564 6239 -638690 34969
4: -58564 -10285 555169 34969
3: 58564 -12221 -83521 34969
2: -58564 15895 -187272 34969
1: 58564 18887 -117912 34969
4: -58564 -20185 334084 34969
4: -58564 -24565 293131 34969
3: 58564 -29189 -95659 34969
2: -58564 31195 -44217 34969
3: 58564 -34969 -97104 34969
4: -58564 -34969 236980 34969
1: 58564 54043 -109123 34969
2: -58564 54043 18615 34969
4: -58564 -68629 171955 34969
3: 58564 -83521 -101346 34969
4: -58564 -83521 159910 34969
2: -58564 106063 60690 34969
4: -58564 -174845 130917 34969
3: 58564 -207757 -103173 34969
2: -58564 222035 83521 34969
2: -58564 270215 87244 34969
1: 58564 321079 -105196 34969
4: -58564 -343145 117912 34969
4: -58564 -417605 115503 34969
3: 58564 -496213 -103887 34969
2: -58564 530315 95659 34969
2: -58564 754919 98260 34969
1: 58564 918731 -104679 34969
2: -58564 918731 99355 34969
1: 58667 1331 -298826 34969
3: 58956 -1089 143990 34969
1: 58956 11979 -126225 34969
2: -58956 43923 -1513 34969
3: 58956 -131769 -101660 34969
3: 58956 -221085 -102487 34969
2: -59483 190333 78608 34969
1: 61226 493 -810645 34969
2: -62424 219615 77452 34969
1: 62713 94501 -101728 34969
2: -62986 682907 90508 34969
1: 63162 51153 -104907 34969
4: -63162 -552279 104907 34969
3: 63869 -869 407286 34969
2: -63869 8855 -407286 34969
4: -63869 -30613 241230 34969
1: 63869 54043 -103818 34969
2: -63869 54043 13310 34969
2: -63869 73205 34884 34969
2: -63869 564995 87846 34969
3: 63888 -35937 -83521 34969
4: -64226 -344729 108086 34969
2: -65098 424589 83521 34969
3: 65314 -83521 -87846 34969
4: -65314 -83521 146410 34969
1: 65461 83521 -99220 34969
2: -65461 83521 40656 34969
3: 65824 -14641 -58956 34969
4: -65824 -14641 393040 34969
4: -66164 -73205 152303 34969
2: -66606 115797 54043 34969
3: 66979 -682907 -90508 34969
1: 67034 248897 -93347 34969
2: -67034 248897 73695 34969
3: 67276 -73205 -83521 34969
2: -67524 250563 73205 34969
3: 67626 -1155 384659 34969
2: -67626 9141 -384659 34969
3: 67881 -3993 49130 34969
4: -67881 -11979 451996 34969
1: 67881 19965 -117912 34969
4: -67881 -155727 117912 34969
1: 67881 250563 -92290 34969
2: -67881 751689 84304 34969
3: 67966 -366025 -88434 34969
1: 68493 43923 -102306 34969
1: 68782 1331 -525096 34969
3: 68782 -4913 29282 34969
4: -68782 -4913 966306 34969
1: 68782 150403 -92752 34969
3: 68782 -555169 -87846 34969
3: 68816 -14641 -49130 34969
4: -68816 -14641 383214 34969
1: 69212 384659 -89879 34969
2: -69212 384659 77163 34969
3: 69432 -131769 -83521 34969
2: -69454 951665 83521 34969
1: 69649 9317 -152592 34969
1: 69938 14641 -129183 34969
2: -69938 14641 -204901 34969
3: 69938 -14641 -45662 34969
4: -69938 -14641 379746 34969
1: 69938 83521 -94743 34969
2: -69938 83521 36179 34969
3: 69938 -83521 -80102 34969
4: -69938 -83521 138666 34969
2: -69938 102487 45662 34969
4: -69938 -102487 129183 34969
2: -69938 584647 80102 34969
4: -69938 -584647 94743 34969
3: 70543 -22627 -58956 34969
4: -70543 -22627 275128 34969
1: 70543 63869 -96492 34969
1: 71672 177023 -89012 34969
3: 71874 -867 677127 34969
1: 71874 3993 -250563 34969
2: -71874 14739 -201960 34969
4: -71874 -67881 147390 34969
1: 71874 92769 -92191 34969
3: 71874 -427251 -83521 34969
4: -71874 -593895 92191 34969
3: 72358 -13583 -34969 34969
3: 72358 -688127 -83521 34969
3: 73117 -14641 -36414 34969
4: -73117 -14641 370498 34969
4: -73406 -980947 87567 34969
3: 74222 -190333 -78608 34969
3: 74536 -4913 65450 34969
4: -74536 -4913 930138 34969
3: 74536 -21097 -47685 34969
1: 74536 113135 -88434 34969
1: 74536 485815 -83521 34969
4: -74778 -14739 364089 34969
3: 75361 -584647 -79860 34969
1: 75718 14641 -132073 34969
2: -75718 14641 -202011 34969
2: -75867 67881 19652 34969
4: -76956 -456909 88451 34969
1: 76978 190333 -83521 34969
1: 77198 1331 -668168 34969
1: 77198 118201 -85833 34969
3: 77198 -384659 -77163 34969
4: -77198 -384659 89879 34969
4: -77198 -619327 85833 34969
4: -78319 -417605 87846 34969
3: 78608 -4913 87846 34969
4: -78608 -4913 907742 34969
3: 78608 -14641 -22202 34969
4: -78608 -14641 356286 34969
1: 78608 240911 -81158 34969
1: 79134 131769 -83521 34969
2: -79222 437257 67881 34969
1: 79288 584647 -78529 34969
3: 79376 -248897 -73695 34969
4: -79376 -248897 93347 34969
4: -79618 -17051 314721 34969
3: 79866 -250563 -73205 34969
3: 80102 -132073 -69938 34969
2: -80102 633199 69938 34969
3: 81191 -7225 44506 34969
4: -81312 -483153 83521 34969
3: 81906 -922383 -73695 34969
2: -82522 6647 -527714 34969
1: 82522 94501 -83521 34969
3: 82522 -584647 -72567 34969
2: -82654 73205 19363 34969
3: 83521 -935 899756 34969
1: 83521 1331 -756690 34969
3: 83521 -1331 610280 34969
1: 83521 1445 -702768 34969
3: 83521 -1445 556358 34969
1: 83521 2057 -515460 34969
3: 83521 -2057 369050 34969
1: 83521 2365 -457864 34969
3: 83521 -2365 311454 34969
1: 83521 3179 -359370 34969
3: 83521 -3179 212960 34969
1: 83521 3655 -322102 34969
3: 83521 -3655 175692 34969
1: 83521 5203 -248050 34969
3: 83521 -5203 101640 34969
1: 83521 6655 -209902 34969
3: 83521 -6655 63492 34969
1: 83521 8041 -186340 34969
3: 83521 -8041 39930 34969
1: 83521 10285 -161656 34969
3: 83521 -10285 15246 34969
2: -83521 10351 -311454 34969
4: -83521 -10351 457864 34969
1: 83521 12427 -146410 34969
1: 83521 14641 -135340 34969
2: -83521 14641 -198744 34969
3: 83521 -14641 -11070 34969
4: -83521 -14641 345154 34969
1: 83521 15895 -130438 34969
3: 83521 -15895 -15972 34969
2: -83521 15997 -175692 34969
4: -83521 -15997 322102 34969
1: 83521 22627 -113410 34969
2: -83521 22627 -102762 34969
3: 83521 -22627 -33000 34969
4: -83521 -22627 249172 34969
1: 83521 26015 -108174 34969
3: 83521 -26015 -38236 34969
1: 83521 34969 -99220 34969
2: -83521 34969 -40656 34969
3: 83521 -34969 -47190 34969
4: -83521 -34969 187066 34969
1: 83521 40205 -95832 34969
3: 83521 -40205 -50578 34969
1: 83521 57233 -89100 34969
3: 83521 -57233 -57310 34969
1: 83521 62135 -87846 34969
3: 83521 -62135 -58564 34969
1: 83521 73205 -85632 34969
3: 83521 -73205 -60778 34969
1: 83521 88451 -83490 34969
3: 83521 -88451 -62920 34969
1: 83521 113135 -81246 34969
3: 83521 -113135 -65164 34969
2: -83521 113861 38236 34969
4: -83521 -113861 108174 34969
1: 83521 136697 -79860 34969
3: 83521 -136697 -66550 34969
1: 83521 174845 -78408 34969
3: 83521 -174845 -68002 34969
2: -83521 175967 50578 34969
4: -83521 -175967 95832 34969
1: 83521 248897 -76860 34969
2: -83521 248897 57208 34969
3: 83521 -248897 -69550 34969
4: -83521 -248897 89202 34969
2: -83521 271949 58564 34969
4: -83521 -271949 87846 34969
1: 83521 286165 -76384 34969
3: 83521 -286165 -70026 34969
1: 83521 384659 -75570 34969
2: -83521 384659 62854 34969
3: 83521 -384659 -70840 34969
4: -83521 -384659 83556 34969
1: 83521 442255 -75262 34969
3: 83521 -442255 -71148 34969
1: 83521 629563 -74650 34969
3: 83521 -629563 -71760 34969
1: 83521 683485 -74536 34969
3: 83521 -683485 -71874 34969
1: 83521 972961 -74140 34969
3: 83521 -972961 -72270 34969
4: -83974 -59245 139876 34969
3: 84524 -83521 -61226 34969
4: -84524 -83521 119790 34969
1: 84966 751689 -73205 34969
3: 85184 -4913 119493 34969
4: -85184 -4913 876095 34969
2: -85184 50575 -6358 34969
4: -85184 -319345 84150 34969
2: -85544 6655 -521356 34969
2: -86031 103173 32912 34969
1: 86122 28193 -104907 34969
4: -86122 -116039 104907 34969
3: 86394 -483153 -68782 34969
3: 86411 -688127 -69360 34969
3: 87208 -437257 -67881 34969
3: 87846 -1089 835210 34969
1: 87846 1287 -835210 34969
3: 87846 -1683 515865 34969
1: 87846 1989 -564995 34969
3: 87846 -2601 309230 34969
1: 87846 5445 -250563 34969
3: 87846 -6435 83521 34969
1: 87846 8415 -186694 34969
4: -87846 -9537 479162 34969
3: 87846 -9945 29478 34969
1: 87846 13005 -145367 34969
4: -87846 -14739 334611 34969
1: 87846 18513 -122825 34969
3: 87846 -21879 -24565 34969
2: -87846 25509 -83521 34969
1: 87846 28611 -104040 34969
3: 87846 -33813 -40460 34969
2: -87846 39423 -29478 34969
1: 87846 44217 -91885 34969
1: 87846 70785 -83521 34969
3: 87846 -92565 -58956 34969
2: -87846 104907 32368 34969
1: 87846 109395 -78608 34969
3: 87846 -143055 -62713 34969
2: -87846 162129 45509 34969
1: 87846 169065 -75429 34969
3: 87846 -221085 -65144 34969
1: 87846 240669 -73695 34969
2: -87846 250563 54012 34969
4: -87846 -280599 83521 34969
3: 87846 -314721 -66470 34969
1: 87846 371943 -72250 34969
4: -87846 -433653 78608 34969
3: 87846 -486387 -67575 34969
1: 87846 574821 -71315 34969
4: -87846 -670191 75429 34969
3: 87846 -751689 -68290 34969
3: 88434 -2739 294151 34969
4: -88434 -4719 894795 34969
2: -88434 10725 -294151 34969
4: -88434 -43923 157845 34969
2: -88434 99825 30107 34969
4: -88434 -162129 93170 34969
4: -88434 -259545 84150 34969
2: -88434 368475 58564 34969
4: -88434 -958035 73205 34969
2: -88638 43923 -19652 34969
1: 89012 336743 -71672 34969
4: -89056 -14641 334084 34969
1: 90508 1331 -840123 34969
1: 90508 49247 -88434 34969
3: 90508 -83521 -55242 34969
4: -90508 -83521 113806 34969
4: -90508 -185009 88434 34969
3: 91324 -32549 -34969 34969
2: -91324 120395 34969 34969
4: -91839 -8109 540430 34969
2: -91839 13005 -228888 34969
1: 91839 475167 -68782 34969
1: 93636 75867 -79475 34969
2: -94503 131769 35836 34969
3: 94622 -14641 9826 34969
1: 94743 202011 -69938 34969
4: -94743 -703137 69938 34969
2: -95659 4961 -699380 34969
4: -95832 -37281 165308 34969
1: 95931 219615 -68782 34969
4: -96052 -190333 83521 34969
3: 96084 -115797 -54043 34969
2: -96679 417605 54208 34969
3: 97614 -307461 -58956 34969
2: -98494 6655 -501126 34969
1: 98549 424589 -64736 34969
4: -98821 -541717 68782 34969
1: 99416 3575 -384659 34969
4: -99416 -11561 384659 34969
3: 100793 -688127 -58956 34969
3: 101156 -791945 -58956 34969
1: 101167 83521 -74536 34969
2: -101167 83521 15972 34969
4: -101354 -417605 69212 34969
1: 101439 3993 -356048 34969
3: 101728 -14641 20808 34969
4: -101728 -14641 313276 34969
1: 101728 453871 -62713 34969
1: 102017 918731 -61226 34969
2: -102017 918731 55902 34969
3: 102487 -2057 520778 34969
1: 102487 3179 -435234 34969
3: 102487 -4913 183362 34969
4: -102487 -4913 812226 34969
2: -102487 26741 -78608 34969
4: -102487 -41327 149124 34969
2: -102487 63869 1768 34969
4: -102487 -405229 68782 34969
2: -102487 626263 53754 34969
4: -102487 -967861 63478 34969
3: 103173 -35937 -25806 34969
1: 104907 43923 -86122 34969
4: -104907 -131769 86122 34969
1: 104907 250563 -63162 34969
4: -104907 -751689 63162 34969
3: 106352 -14641 27166 34969
4: -106352 -14641 306918 34969
1: 106722 746691 -58956 34969
2: -106964 453871 49130 34969
1: 107151 658845 -58956 34969
1: 107457 751689 -58564 34969
3: 107811 -250563 -51700 34969
1: 108086 4913 -312785 34969
2: -108086 4913 -682803 34969
3: 108086 -4913 199650 34969
4: -108086 -4913 795938 34969
1: 108086 14641 -142545 34969
2: -108086 14641 -191539 34969
3: 108086 -14641 29410 34969
4: -108086 -14641 304674 34969
1: 108086 24565 -107811 34969
3: 108086 -24565 -5324 34969
1: 108086 34391 -93170 34969
3: 108086 -34391 -19965 34969
1: 108086 73205 -73763 34969
3: 108086 -73205 -39372 34969
1: 108086 102487 -68850 34969
3: 108086 -102487 -44285 34969
1: 108086 171955 -63888 34969
3: 108086 -171955 -49247 34969
2: -108086 496213 49247 34969
4: -108086 -496213 63888 34969
1: 108086 512435 -59024 34969
3: 108086 -512435 -54111 34969
3: 109384 -83521 -40656 34969
4: -109384 -83521 99220 34969
1: 110109 2541 -559504 34969
1: 110908 336743 -58956 34969
2: -111804 156927 31790 34969
4: -112893 -746691 58956 34969
3: 112999 -14641 35394 34969
4: -112999 -14641 298690 34969
4: -113628 -751689 58564 34969
4: -114444 -307461 65025 34969
4: -114466 -118459 83521 34969
1: 114708 43923 -83521 34969
1: 115797 302583 -57222 34969
4: -115797 -803709 57222 34969
4: -116467 -584647 58564 34969
2: -116654 417605 43923 34969
3: 117128 -2057 604299 34969
3: 117128 -4913 222666 34969
4: -117128 -4913 772922 34969
1: 117128 11759 -167042 34969
4: -117128 -30833 167042 34969
3: 117128 -34969 -13583 34969
4: -117128 -34969 153459 34969
3: 117128 -83521 -36032 34969
4: -117128 -83521 94596 34969
1: 117128 199903 -58956 34969
4: -117128 -524161 58956 34969
3: 117912 -3993 288167 34969
4: -117912 -44217 131769 34969
4: -118459 -555169 57970 34969
3: 119391 -658845 -49130 34969
1: 120153 250563 -56386 34969
4: -121363 -190333 68782 34969
2: -122452 584647 43956 34969
2: -122536 584647 43923 34969
1: 123783 11979 -167042 34969
2: -125114 417605 40557 34969
1: 125426 672155 -50864 34969
4: -125647 -336743 58956 34969
4: -126582 -21417 209814 34969
4: -127534 -584647 53845 34969
3: 127738 -5731 203643 34969
2: -127738 13717 -203643 34969
2: -127738 38599 -41514 34969
1: 127738 54043 -74536 34969
2: -127738 54043 -15972 34969
3: 128996 -417605 -43923 34969
1: 129183 64251 -69938 34969
4: -129183 -152097 69938 34969
3: 129954 -103173 -32912 34969
1: 130186 206305 -54043 34969
3: 130628 -83521 -29282 34969
4: -130628 -83521 87846 34969
1: 130922 83521 -64251 34969
2: -130922 83521 5687 34969
4: -131164 -417605 54813 34969
4: -131648 -14641 280041 34969
2: -131769 4785 -668168 34969
4: -131769 -6069 609790 34969
1: 131769 6171 -284954 34969
3: 131769 -6897 167042 34969
2: -131769 9537 -312120 34969
2: -131769 19635 -127738 34969
1: 131769 19941 -120224 34969
3: 131769 -22287 19652 34969
2: -131769 25143 -89590 34969
4: -131769 -30855 157216 34969
2: -131769 51765 -19652 34969
4: -131769 -81345 88434 34969
2: -131769 103173 13260 34969
3: 131769 -104907 -32368 34969
1: 131769 117249 -58956 34969
4: -131769 -162129 67490 34969
4: -131769 -333795 56644 34969
3: 131769 -338997 -42058 34969
1: 131769 378879 -50286 34969
4: -131769 -427431 54400 34969
2: -131769 524535 39882 34969
4: -131769 -880005 50286 34969
2: -132651 3993 -808588 34969
1: 132651 14739 -146410 34969
1: 132651 147741 -56100 34969
1: 132651 810645 -47916 34969
2: -133518 131769 19941 34969
2: -133518 751689 41261 34969
4: -135762 -3993 894166 34969
1: 135762 107811 -58956 34969
4: -135762 -243573 58956 34969
2: -135762 250563 31504 34969
4: -136488 -44217 121363 34969
2: -136986 43923 -32368 34969
1: 137093 23783 -108086 34969
4: -137093 -53261 108086 34969
3: 137564 -4913 263538 34969
4: -137564 -4913 732050 34969
2: -137564 31823 -61710 34969
4: -137564 -73205 90593 34969
2: -137564 270215 31944 34969
1: 137564 783959 -46376 34969
3: 137632 -14641 58956 34969
4: -137632 -14641 275128 34969
2: -138424 10727 -270215 34969
1: 138424 38599 -83521 34969
3: 139876 -14641 60690 34969
3: 139876 -73205 -22831 34969
3: 139876 -83521 -25410 34969
4: -139876 -83521 83974 34969
2: -139876 161051 22831 34969
3: 139876 -417605 -40051 34969
3: 140454 -2541 559504 34969
3: 141086 -22627 24565 34969
4: -141086 -22627 191607 34969
2: -141086 584647 37598 34969
1: 142477 34391 -87846 34969
1: 143748 14739 -147917 34969
3: 143748 -67881 -19652 34969
3: 146234 -14641 65314 34969
4: -146234 -14641 268770 34969
3: 147543 -131769 -29478 34969
1: 147741 203643 -49130 34969
3: 149072 -4913 281622 34969
4: -149072 -4913 713966 34969
3: 149124 -3993 356048 34969
1: 150161 417605 -44528 34969
3: 150403 -83521 -21582 34969
4: -150403 -83521 80146 34969
2: -150569 374011 31790 34969
4: -151008 -51153 104907 34969
2: -151734 7803 -381480 34969
1: 151734 67881 -63869 34969
1: 152303 919721 -41888 34969
3: 154396 -1685 918731 34969
2: -154396 3419 -918731 34969
4: -154904 -4961 699380 34969
1: 156349 83521 -58564 34969
3: 157216 -3025 499851 34969
3: 157216 -4913 292820 34969
4: -157216 -4913 702768 34969
3: 157216 -14641 72420 34969
4: -157216 -14641 261664 34969
1: 157216 964975 -40579 34969
4: -158389 -54571 98260 34969
4: -158389 -417605 46398 34969
4: -159664 -206305 54043 34969
3: 160204 -514709 -34969 34969
4: -160684 -73205 82365 34969
1: 161051 174845 -47396 34969
3: 161051 -594473 -35190 34969
4: -161051 -594473 43418 34969
3: 162129 -14739 74536 34969
1: 162129 43923 -75378 34969
2: -162129 132651 13310 34969
1: 162129 338997 -42592 34969
4: -162129 -395307 45900 34969
4: -162129 -663255 42592 34969
4: -162382 -70543 83521 34969
3: 162382 -112999 -23001 34969
4: -165019 -6655 521356 34969
3: 166617 -250563 -30008 34969
1: 167042 2057 -852203 34969
3: 167042 -2057 778998 34969
1: 167042 2431 -726726 34969
3: 167042 -2431 653521 34969
1: 167042 3179 -564344 34969
2: -167042 3179 -974292 34969
3: 167042 -3179 491139 34969
2: -167042 3689 -834537 34969
4: -167042 -3689 907742 34969
2: -167042 3751 -820138 34969
4: -167042 -3751 893343 34969
1: 167042 3757 -483153 34969
3: 167042 -3757 409948 34969
2: -167042 5797 -517759 34969
4: -167042 -5797 590964 34969
2: -167042 5929 -505417 34969
4: -167042 -5929 578622 34969
1: 167042 7381 -263901 34969
3: 167042 -7381 190696 34969
1: 167042 8723 -228932 34969
3: 167042 -8723 155727 34969
2: -167042 8959 -322102 34969
4: -167042 -8959 395307 34969
2: -167042 9163 -314116 34969
4: -167042 -9163 387321 34969
2: -167042 9317 -308319 34969
4: -167042 -9317 381524 34969
1: 167042 11407 -183678 34969
3: 167042 -11407 110473 34969
1: 167042 13481 -161051 34969
3: 167042 -13481 87846 34969
2: -167042 14161 -190333 34969
4: -167042 -14161 263538 34969
2: -167042 14399 -186582 34969
4: -167042 -14399 259787 34969
1: 167042 14641 -151191 34969
2: -167042 14641 -182893 34969
3: 167042 -14641 77986 34969
4: -167042 -14641 256098 34969
2: -167042 16709 -155727 34969
4: -167042 -16709 228932 34969
1: 167042 17303 -133562 34969
3: 167042 -17303 60357 34969
1: 167042 17629 -131769 34969
3: 167042 -17629 58564 34969
2: -167042 22253 -107811 34969
1: 167042 22627 -110748 34969
2: -167042 22627 -105424 34969
3: 167042 -22627 37543 34969
4: -167042 -22627 178629 34969
2: -167042 25823 -87846 34969
4: -167042 -25823 161051 34969
2: -167042 26257 -85789 34969
4: -167042 -26257 158994 34969
1: 167042 26741 -99341 34969
3: 167042 -26741 26136 34969
1: 167042 34969 -84579 34969
2: -167042 34969 -55297 34969
3: 167042 -34969 11374 34969
4: -167042 -34969 128502 34969
2: -167042 40579 -42592 34969
4: -167042 -40579 115797 34969
2: -167042 41261 -41283 34969
4: -167042 -41261 114488 34969
1: 167042 41327 -77198 34969
3: 167042 -41327 3993 34969
2: -167042 62713 -14641 34969
4: -167042 -62713 87846 34969
2: -167042 63767 -13794 34969
4: -167042 -63767 86999 34969
2: -167042 65219 -12672 34969
4: -167042 -65219 85877 34969
1: 167042 81191 -57266 34969
3: 167042 -81191 -15939 34969
1: 167042 95953 -54087 34969
3: 167042 -95953 -19118 34969
2: -167042 98549 3993 34969
4: -167042 -98549 69212 34969
2: -167042 100793 4719 34969
4: -167042 -100793 68486 34969
2: -167042 102487 5246 34969
4: -167042 -102487 67959 34969
1: 167042 125477 -49973 34969
3: 167042 -125477 -23232 34969
1: 167042 148291 -47916 34969
3: 167042 -148291 -25289 34969
2: -167042 155771 15972 34969
4: -167042 -155771 57233 34969
2: -167042 158389 16313 34969
4: -167042 -158389 56892 34969
2: -167042 183799 19118 34969
4: -167042 -183799 54087 34969
1: 167042 190333 -45417 34969
3: 167042 -190333 -27788 34969
3: 167042 -193919 -27951 34969
1: 167042 229177 -43923 34969
3: 167042 -229177 -29282 34969
2: -167042 244783 23474 34969
4: -167042 -244783 49731 34969
1: 167042 248897 -43343 34969
2: -167042 248897 23691 34969
3: 167042 -248897 -29862 34969
4: -167042 -248897 49514 34969
2: -167042 284053 25289 34969
4: -167042 -284053 47916 34969
2: -167042 288827 25476 34969
4: -167042 -288827 47729 34969
1: 167042 294151 -42306 34969
3: 167042 -294151 -30899 34969
1: 167042 384659 -40964 34969
2: -167042 384659 28248 34969
3: 167042 -384659 -32241 34969
4: -167042 -384659 44957 34969
2: -167042 438991 29282 34969
4: -167042 -438991 43923 34969
2: -167042 446369 29403 34969
4: -167042 -446369 43802 34969
2: -167042 453871 29522 34969
4: -167042 -453871 43683 34969
1: 167042 454597 -40293 34969
2: -167042 689843 31944 34969
4: -167042 -689843 41261 34969
2: -167042 701437 32021 34969
4: -167042 -701437 41184 34969
2: -167042 717409 32123 34969
4: -167042 -717409 41082 34969
1: 167042 893101 -38481 34969
3: 167042 -893101 -34724 34969
1: 167706 1905 -918731 34969
4: -167706 -3639 918731 34969
3: 167706 -73695 -13651 34969
2: -168861 751689 31944 34969
2: -169037 8891 -324258 34969
3: 169048 -83521 -15972 34969
4: -169048 -83521 74536 34969
1: 170731 73205 -58956 34969
1: 171666 219615 -43350 34969
4: -171699 -3993 835210 34969
3: 175692 -3201 501126 34969
1: 175692 3927 -471648 34969
3: 175692 -9537 145078 34969
4: -175692 -18513 206346 34969
3: 175692 -34629 14739 34969
1: 175692 35211 -83521 34969
3: 175692 -43197 4913 34969
4: -175692 -44217 106624 34969
2: -175692 64107 -14739 34969
1: 175692 84099 -55199 34969
3: 175692 -103173 -18173 34969
1: 175692 104907 -51153 34969
1: 175692 250563 -41647 34969
1: 175692 380919 -39304 34969
2: -175692 486387 28271 34969
4: -175692 -705177 39304 34969
3: 175692 -925089 -32946 34969
1: 176868 14883 -150161 34969
1: 176868 27951 -96118 34969
3: 176868 -162129 -23958 34969
4: -176868 -338997 43923 34969
1: 177276 43923 -73695 34969
3: 178112 -14641 83521 34969
4: -178112 -14641 250563 34969
3: 180914 -9317 152592 34969
1: 181016 6655 -294780 34969
3: 181016 -83521 -12980 34969
4: -181016 -83521 71544 34969
1: 181016 166375 -44217 34969
4: -181016 -302137 44217 34969
1: 181781 6655 -295086 34969
3: 181951 -73205 -9826 34969
3: 182347 -429913 -29478 34969
1: 185009 4913 -389708 34969
2: -185009 4913 -605880 34969
1: 185691 250563 -39930 34969
1: 188881 201433 -41140 34969
3: 189244 -14641 88434 34969
4: -189244 -14641 245650 34969
1: 189244 584647 -35332 34969
1: 189486 654585 -34969 34969
1: 190333 54043 -64906 34969
2: -190333 54043 -25602 34969
1: 190333 136697 -45084 34969
3: 191607 -10593 135762 34969
2: -191607 18579 -135762 34969
2: -191664 4335 -686664 34969
1: 194326 417605 -35739 34969
3: 197098 -584647 -27951 34969
1: 200566 54571 -63580 34969
1: 201433 594473 -33396 34969
2: -201433 594473 25168 34969
3: 202191 -751689 -27830 34969
1: 202334 83521 -51909 34969
2: -202334 83521 -6655 34969
2: -202878 3993 -740707 34969
3: 203456 -14641 93925 34969
4: -203456 -14641 240159 34969
1: 203643 195657 -39304 34969
4: -203643 -331419 39304 34969
1: 204034 918731 -31944 34969
2: -204034 918731 26620 34969
3: 204974 -2057 854862 34969
1: 204974 2521 -751689 34969
1: 204974 3179 -602276 34969
2: -204974 3179 -936360 34969
4: -204974 -4255 751689 34969
3: 204974 -4913 340578 34969
4: -204974 -4913 655010 34969
4: -204974 -13915 250563 34969
2: -204974 21505 -112999 34969
4: -204974 -22385 167042 34969
4: -204974 -33235 122247 34969
2: -204974 34595 -58956 34969
4: -204974 -53465 87278 34969
4: -204974 -159137 49130 34969
4: -204974 -174845 47396 34969
2: -204974 245939 17340 34969
2: -204974 270215 18462 34969
4: -204974 -417605 37184 34969
2: -204974 804287 26010 34969
1: 206346 19965 -120989 34969
3: 206346 -25773 41140 34969
4: -206346 -486387 35937 34969
1: 207636 39015 -76296 34969
2: -209814 43923 -40460 34969
1: 209814 131769 -43061 34969
4: -209814 -219615 43061 34969
2: -209814 250563 16940 34969
1: 209814 751689 -31581 34969
1: 211259 12089 -181016 34969
4: -211259 -20075 181016 34969
3: 212704 -14641 97104 34969
4: -212704 -14641 236980 34969
2: -213444 746691 24565 34969
3: 213571 -918731 -26620 34969
4: -213571 -918731 31944 34969
4: -215622 -250563 40491 34969
3: 216172 -4913 348722 34969
4: -216172 -4913 646866 34969
3: 216172 -14641 98226 34969
4: -216172 -14641 235858 34969
4: -216172 -63869 75867 34969
4: -216172 -190333 44251 34969
1: 216172 506039 -31944 34969
4: -216172 -830297 31944 34969
1: 218042 584647 -31218 34969
3: 218768 -83521 -5687 34969
4: -218768 -83521 64251 34969
1: 222277 158389 -39304 34969
4: -224939 -584647 32340 34969
3: 225786 -746691 -24565 34969
3: 225998 -14641 101218 34969
4: -225998 -14641 232866 34969
4: -225998 -688127 31433 34969
1: 231594 855729 -28611 34969
3: 232441 -83521 -3630 34969
4: -232441 -83521 62194 34969
4: -232804 -201433 41140 34969
3: 234256 -4913 360230 34969
4: -234256 -4913 635358 34969
2: -234256 14399 -181781 34969
1: 234256 33055 -83521 34969
4: -234256 -52129 83521 34969
3: 234256 -83521 -3375 34969
4: -234256 -83521 61939 34969
2: -234256 244783 13872 34969
1: 234256 561935 -29478 34969
4: -234256 -886193 29478 34969
2: -235824 3135 -927707 34969
4: -235824 -12705 261239 34969
2: -235824 73695 -14641 34969
2: -240306 250563 13552 34969
1: 248897 2101 -943296 34969
3: 248897 -2101 894166 34969
2: -248897 3223 -894166 34969
4: -248897 -3223 943296 34969
3: 248897 -23111 58956 34969
2: -248897 35453 -58956 34969
1: 248897 83521 -47676 34969
2: -248897 83521 -10888 34969
3: 248897 -83521 -1454 34969
4: -248897 -83521 60018 34969
1: 248897 918731 -26666 34969
2: -248897 918731 21342 34969
3: 248897 -918731 -22464 34969
4: -248897 -918731 27788 34969
3: 249407 -62557 6358 34969
3: 250563 -3993 459866 34969
3: 250563 -6171 288948 34969
3: 250563 -9537 178354 34969
4: -250563 -11979 271304 34969
3: 250563 -15081 103818 34969
4: -250563 -18513 184162 34969
2: -250563 23067 -103818 34969
3: 250563 -23307 58564 34969
4: -250563 -28611 127776 34969
2: -250563 35649 -58564 34969
1: 250563 43923 -68426 34969
1: 250563 67881 -52888 34969
1: 250563 104907 -42834 34969
2: -250563 131769 1956 34969
1: 250563 165891 -36058 34969
2: -250563 203643 9878 34969
4: -250563 -253737 36058 34969
1: 250563 256377 -31944 34969
2: -250563 314721 15004 34969
4: -250563 -392139 31944 34969
1: 250563 396219 -29282 34969
4: -250563 -606033 29282 34969
3: 250563 -746691 -21812 34969
3: 250767 -43923 19652 34969
1: 255476 54043 -59895 34969
2: -255476 54043 -30613 34969
3: 257499 -250563 -15972 34969
4: -257499 -570999 28900 34969
1: 258366 172425 -34969 34969
4: -258366 -260271 34969 34969
4: -261256 -83521 58564 34969
1: 263538 3489 -584647 34969
4: -263538 -5223 584647 34969
2: -263538 6171 -451996 34969
1: 263538 9537 -228599 34969
3: 263538 -59313 9826 34969
2: -263538 88791 -9826 34969
4: -263538 -104907 51153 34969
3: 263538 -162129 -11118 34969
1: 265302 3993 -514437 34969
2: -265302 14739 -175692 34969
1: 265353 751689 -25652 34969
1: 267531 44217 -67320 34969
2: -268862 32657 -66759 34969
1: 269467 14641 -157216 34969
2: -269467 14641 -176868 34969
3: 271524 -3993 471648 34969
2: -271524 11979 -221085 34969
1: 271524 250563 -30393 34969
1: 271524 283503 -29478 34969
4: -271524 -419265 29478 34969
4: -271524 -751689 26400 34969
1: 273972 43923 -67337 34969
1: 274186 62305 -54043 34969
4: -274186 -91783 54043 34969
3: 275128 -4913 380666 34969
4: -275128 -4913 614922 34969
1: 275128 336743 -28101 34969
3: 275264 -14641 112999 34969
4: -275264 -14641 221085 34969
1: 277332 153459 -34969 34969
3: 278179 -3179 602276 34969
4: -278179 -3179 936360 34969
4: -278179 -10285 304606 34969
1: 278179 53669 -58956 34969
3: 278179 -244783 -13872 34969
1: 278179 447083 -26418 34969
3: 279752 -14641 113866 34969
4: -279752 -14641 220218 34969
3: 279752 -83521 1936 34969
4: -279752 -83521 56628 34969
3: 280041 -83853 1870 34969
2: -283526 424589 14739 34969
1: 283866 658845 -24565 34969
3: 284229 -250563 -13552 34969
2: -284376 3663 -769318 34969
1: 286977 250563 -29282 34969
4: -287496 -67881 63869 34969
3: 287496 -515865 -17391 34969
3: 289867 -54043 15972 34969
4: -289867 -54043 74536 34969
4: -290158 -158389 39304 34969
4: -291489 -4335 686664 34969
4: -291489 -339405 29478 34969
3: 292179 -27951 50864 34969
3: 292468 -14641 116178 34969
4: -292468 -14641 217906 34969
2: -292468 584647 15972 34969
2: -296514 219615 7514 34969
2: -296813 72539 -19074 34969
4: -297092 -78529 57222 34969
3: 298144 -4913 389708 34969
4: -298144 -4913 605880 34969
2: -298144 113135 -4913 34969
4: -298248 -3993 740707 34969
1: 298826 417605 -25289 34969
1: 300271 2695 -769318 34969
3: 300806 -83521 3850 34969
4: -300806 -83521 54714 34969
1: 304096 453871 -24565 34969
1: 304606 24565 -102487 34969
1: 307461 4215 -501126 34969
4: -307461 -5949 501126 34969
1: 307461 47685 -62424 34969
3: 307461 -243627 -11560 34969
4: -307461 -486387 25772 34969
2: -308792 34391 -63393 34969
4: -309519 -73695 58564 34969
1: 311831 73205 -47396 34969
1: 312698 83521 -43923 34969
2: -312698 83521 -14641 34969
3: 313004 -424589 -14739 34969
3: 313276 -417605 -14641 34969
3: 314432 -4913 395307 34969
4: -314432 -4913 600281 34969
3: 314432 -14641 119731 34969
4: -314432 -14641 214353 34969
4: -314721 -43923 84388 34969
1: 314908 102487 -39304 34969
2: -322102 84337 -14739 34969
2: -322102 310607 9826 34969
3: 322102 -594473 -15538 34969
4: -322102 -594473 23766 34969
4: -324258 -14739 211629 34969
2: -324258 43923 -45832 34969
1: 324258 44217 -65219 34969
3: 324258 -131769 -3298 34969
1: 324258 840123 -21296 34969
4: -324522 -43923 83521 34969
4: -324764 -712385 22814 34969
3: 330088 -6001 324258 34969
2: -331194 658845 14161 34969
4: -331419 -7803 381480 34969
4: -333234 -250563 29645 34969
3: 333234 -570999 -14739 34969
4: -333574 -453871 24565 34969
3: 334084 -2057 983972 34969
4: -334084 -3025 953722 34969
1: 334084 3179 -666831 34969
2: -334084 3179 -871805 34969
2: -334084 4675 -586971 34969
4: -334084 -5885 499125 34969
2: -334084 6655 -406890 34969
4: -334084 -7225 409948 34969
2: -334084 9095 -292820 34969
4: -334084 -10285 293425 34969
2: -334084 12947 -200255 34969
3: 334084 -14641 122514 34969
4: -334084 -14641 211570 34969
2: -334084 15895 -159720 34969
4: -334084 -20009 159720 34969
1: 334084 21439 -114466 34969
1: 334084 22627 -109417 34969
2: -334084 22627 -106755 34969
4: -334084 -29425 114466 34969
2: -334084 30923 -73205 34969
3: 334084 -33133 43923 34969
2: -334084 33275 -66737 34969
3: 334084 -34969 40656 34969
4: -334084 -34969 99220 34969
2: -334084 45475 -43923 34969
4: -334084 -51425 73326 34969
2: -334084 64735 -25410 34969
4: -334084 -73205 56955 34969
2: -334084 79475 -17303 34969
4: -334084 -100045 46585 34969
2: -334084 113135 -6710 34969
4: -334084 -142417 38170 34969
4: -334084 -174845 34485 34969
2: -334084 220099 5445 34969
3: 334084 -235829 -9559 34969
3: 334084 -248897 -10018 34969
4: -334084 -248897 29670 34969
2: -334084 323675 9559 34969
4: -334084 -340153 26620 34969
1: 334084 364463 -23958 34969
4: -334084 -366025 26032 34969
1: 334084 384659 -23661 34969
2: -334084 384659 10945 34969
4: -334084 -500225 23958 34969
3: 334084 -563261 -14641 34969
2: -334084 565675 13299 34969
4: -334084 -712085 22275 34969
2: -334084 773075 14641 34969
4: -334084 -874225 21538 34969
3: 334662 -371349 -12716 34969
3: 336743 -23749 68782 34969
2: -336743 265591 7514 34969
2: -336743 584647 13322 34969
2: -336974 584647 13310 34969
3: 338096 -83521 6655 34969
4: -338096 -83521 51909 34969
3: 343398 -3993 501126 34969
1: 343398 6069 -359227 34969
3: 347633 -584647 -14036 34969
3: 348823 -2051 995588 34969
2: -348823 2777 -995588 34969
4: -351384 -9537 312120 34969
2: -351384 30855 -73695 34969
4: -351384 -49929 73695 34969
2: -351384 73695 -20740 34969
3: 351384 -166617 -4913 34969
4: -351384 -238425 29189 34969
2: -351384 385815 10115 34969
3: 351384 -397953 -12172 34969
1: 351384 923967 -19652 34969
4: -353736 -162129 34606 34969
4: -354739 -417605 23958 34969
3: 359227 -83521 7986 34969
4: -359227 -83521 50578 34969
3: 360701 -417605 -11946 34969
3: 362032 -57233 19652 34969
3: 362032 -83521 8151 34969
4: -362032 -83521 50413 34969
4: -365178 -153459 34969 34969
1: 370018 4913 -443751 34969
2: -370018 4913 -551837 34969
2: -371382 250563 5324 34969
4: -372317 -863819 19652 34969
3: 378301 -4913 412610 34969
4: -378301 -4913 582978 34969
3: 378301 -73205 12614 34969
1: 378301 201433 -26620 34969
3: 378488 -14641 127738 34969
4: -378488 -14641 206346 34969
3: 380666 -2975 692733 34969
1: 380666 8959 -251430 34969
1: 380666 10285 -221085 34969
3: 380666 -18445 98260 34969
3: 380666 -21175 83521 34969
1: 380666 54043 -55080 34969
2: -380666 54043 -35428 34969
1: 380666 63767 -49130 34969
3: 380666 -111265 2890 34969
3: 380666 -223975 -6647 34969
3: 380666 -584647 -12455 34969
3: 380666 -689843 -13005 34969
4: -381997 -211259 29172 34969
4: -383214 -5445 526592 34969
3: 383214 -25179 67881 34969
2: -383214 33165 -67881 34969
2: -383328 27951 -83521 34969
2: -384659 6655 -401710 34969
4: -384659 -6655 433500 34969
1: 384659 25289 -99416 34969
3: 384659 -25289 67626 34969
2: -384659 33275 -67626 34969
4: -384659 -33275 99416 34969
1: 384659 83521 -41184 34969
2: -384659 83521 -17380 34969
3: 384659 -83521 9394 34969
4: -384659 -83521 49170 34969
2: -384659 417605 9240 34969
4: -384659 -417605 22550 34969
3: 387549 -43923 32368 34969
3: 388127 -281083 -8228 34969
2: -388127 368929 8228 34969
4: -391314 -13005 228888 34969
2: -391314 751689 11935 34969
4: -391391 -688127 19652 34969
1: 393976 6655 -334084 34969
2: -395307 14739 -172482 34969
2: -396638 3757 -721633 34969
4: -402866 -30613 105468 34969
1: 402866 58685 -51425 34969
1: 402866 594473 -18755 34969
2: -402866 594473 10527 34969
1: 403546 73205 -44217 34969
1: 407286 459195 -19652 34969
4: -407286 -594957 19652 34969
2: -407779 73205 -22712 34969
1: 408068 918731 -17303 34969
2: -408068 918731 11979 34969
4: -408221 -190333 29478 34969
2: -409802 55297 -34969 34969
1: 409948 3179 -685797 34969
2: -409948 3179 -852839 34969
3: 409948 -4913 419186 34969
4: -409948 -4913 576402 34969
4: -411279 -14739 201960 34969
4: -412692 -147741 33473 34969
1: 413941 4063 -540430 34969
3: 413941 -122825 2618 34969
1: 415151 417605 -19844 34969
1: 416449 14641 -160684 34969
2: -416449 14641 -173400 34969
3: 418761 -259545 -6358 34969
1: 419628 43923 -63291 34969
1: 419628 250563 -23111 34969
1: 422518 28171 -90508 34969
4: -422518 -36157 90508 34969
4: -422518 -93347 43923 34969
3: 424589 -6151 334084 34969
2: -424589 7885 -334084 34969
4: -424589 -15895 187272 34969
3: 425408 -14641 132073 34969
4: -425408 -14641 202011 34969
3: 427142 -918731 -11979 34969
4: -427142 -918731 17303 34969
3: 429913 -488477 -9826 34969
2: -429913 624239 9826 34969
3: 432344 -4913 423258 34969
4: -432344 -4913 572330 34969
3: 432344 -14641 132634 34969
4: -432344 -14641 201450 34969
3: 433906 -113135 4913 34969
3: 437899 -520421 -9826 34969
3: 439263 -250563 -5324 34969
2: -439472 230911 2057 34969
3: 441881 -73205 15606 34969
4: -451129 -54571 63580 34969
3: 451996 -14641 134130 34969
4: -451996 -14641 199954 34969
1: 453871 24565 -101524 34969
4: -456042 -131769 34102 34969
1: 456909 11979 -194106 34969
4: -459074 -417605 19844 34969
2: -464134 417605 6655 34969
3: 464882 -83521 12826 34969
4: -464882 -83521 45738 34969
2: -467181 3993 -668168 34969
1: 467313 751689 -15972 34969
3: 468512 -4913 429012 34969
4: -468512 -4913 566576 34969
2: -468512 22831 -106063 34969
1: 468512 41327 -65603 34969
1: 468512 47311 -58956 34969
3: 468512 -152881 1156 34969
2: -468512 346511 5202 34969
2: -471648 155727 -4488 34969
4: -475167 -35937 88434 34969
4: -477037 -102487 39304 34969
1: 480612 250563 -21417 34969
1: 481474 2969 -746691 34969
4: -481474 -3695 746691 34969
2: -481474 270215 2662 34969
4: -483153 -6171 451996 34969
1: 483153 129591 -29478 34969
4: -486387 -43923 74256 34969
1: 486387 191607 -23958 34969
3: 486387 -307461 -5474 34969
2: -486676 102487 -13872 34969
2: -487509 43923 -49130 34969
3: 489566 -73205 17340 34969
3: 489566 -417605 -7260 34969
1: 497794 4763 -471648 34969
3: 497794 -4763 447083 34969
2: -497794 5885 -447083 34969
4: -497794 -5885 471648 34969
2: -497794 12947 -196520 34969
4: -497794 -12947 221085 34969
3: 497794 -52393 29478 34969
2: -497794 64735 -29478 34969
1: 497794 83521 -38479 34969
2: -497794 83521 -20085 34969
3: 497794 -83521 13914 34969
4: -497794 -83521 44650 34969
2: -497794 417605 5809 34969
4: -497794 -417605 18756 34969
1: 497794 918731 -14664 34969
2: -497794 918731 9340 34969
3: 497794 -918731 -9901 34969
4: -497794 -918731 15225 34969
1: 501126 2295 -966306 34969
1: 501126 3105 -717409 34969
1: 501126 3267 -682440 34969
4: -501126 -3831 717409 34969
4: -501126 -3993 688798 34969
1: 501126 5049 -445885 34969
4: -501126 -6171 449999 34969
1: 501126 6831 -332750 34969
1: 501126 7803 -292820 34969
4: -501126 -9537 295482 34969
1: 501126 10557 -219615 34969
3: 501126 -16335 121847 34969
3: 501126 -25245 74536 34969
3: 501126 -34155 51909 34969
3: 501126 -35937 48730 34969
3: 501126 -39015 43923 34969
2: -501126 42141 -51909 34969
2: -501126 43923 -49308 34969
3: 501126 -52785 29282 34969
3: 501126 -55539 27225 34969
2: -501126 65127 -29282 34969
2: -501126 67881 -27599 34969
3: 501126 -75141 16940 34969
3: 501126 -85833 13310 34969
2: -501126 104907 -13552 34969
3: 501126 -116127 6655 34969
1: 501126 179685 -24387 34969
1: 501126 277695 -20086 34969
1: 501126 375705 -18029 34969
1: 501126 395307 -17740 34969
1: 501126 429165 -17303 34969
4: -501126 -463551 18029 34969
1: 501126 580635 -15972 34969
1: 501126 610929 -15785 34969
4: -501126 -716397 15972 34969
4: -501126 -746691 15819 34969
1: 501126 826551 -14850 34969
1: 501126 897345 -14641 34969
1: 501126 944163 -14520 34969
4: -501534 -43923 73695 34969
4: -510374 -278179 21675 34969
1: 510952 820471 -14641 34969
4: -511104 -23409 127160 34969
4: -513766 -938383 14773 34969
1: 520421 46585 -58956 34969
1: 520421 584647 -15510 34969
1: 521934 751689 -14641 34969
3: 522512 -83521 14641 34969
4: -522512 -83521 43923 34969
4: -524414 -24565 121176 34969
1: 527076 4335 -519622 34969
1: 527076 6171 -368475 34969
4: -527076 -11253 250563 34969
4: -527076 -37389 83521 34969
3: 527076 -133365 4913 34969
4: -527076 -162129 28186 34969
2: -527076 162843 -4913 34969
3: 527318 -230911 -2057 34969
2: -527714 73205 -25143 34969
1: 529738 30613 -83521 34969
1: 529738 112999 -31042 34969
1: 530604 14739 -161051 34969
2: -530604 219615 -714 34969
4: -537251 -584647 15972 34969
2: -538934 14641 -171955 34969
4: -541717 -73117 47974 34969
4: -543048 -3993 682907 34969
1: 543048 634887 -14739 34969
4: -543048 -770649 14739 34969
2: -545343 162129 -5324 34969
3: 550256 -4913 439230 34969
4: -550256 -4913 556358 34969
3: 556358 -3179 685797 34969
4: -556358 -3179 852839 34969
2: -556358 3509 -751689 34969
4: -556358 -713779 14739 34969
3: 559504 -14641 140454 34969
4: -559504 -14641 193630 34969
3: 559504 -83521 15609 34969
4: -559504 -83521 42955 34969
4: -562394 -73205 47396 34969
1: 562892 289867 -18513 34969
4: -568458 -250563 21417 34969
4: -569668 -3757 721633 34969
4: -570999 -5445 501126 34969
4: -570999 -28611 104040 34969
3: 571846 -73205 19652 34969
3: 574821 -39765 45254 34969
2: -574821 47751 -45254 34969
1: 574838 541717 -14739 34969
4: -579734 -33275 90695 34969
3: 579734 -54043 30613 34969
4: -579734 -54043 59895 34969
3: 580074 -395307 -4913 34969
1: 584647 3179 -710754 34969
2: -584647 3179 -827882 34969
1: 584647 3683 -614922 34969
4: -584647 -4409 614922 34969
1: 584647 38599 -68134 34969
3: 584647 -59653 26862 34969
1: 584647 92191 -34606 34969
1: 584647 169037 -23628 34969
3: 584647 -261239 -1936 34969
1: 584647 403733 -15972 34969
3: 584936 -14641 141610 34969
4: -584936 -14641 192474 34969
4: -587248 -28193 104907 34969
4: -588302 -584647 14949 34969
2: -589996 4403 -594473 34969
2: -589996 584647 5808 34969
1: 594473 4913 -464156 34969
2: -594473 4913 -531432 34969
3: 594473 -4913 443586 34969
4: -594473 -4913 552002 34969
1: 594473 14641 -162588 34969
2: -594473 14641 -171496 34969
3: 594473 -14641 142018 34969
4: -594473 -14641 192066 34969
1: 594473 152303 -24926 34969
3: 594473 -152303 4356 34969
2: -594473 181781 -4356 34969
4: -594473 -181781 24926 34969
1: 594473 453871 -15198 34969
3: 594473 -453871 -5372 34969
2: -594473 541717 5372 34969
4: -594473 -541717 15198 34969
3: 596288 -4913 443751 34969
4: -596288 -4913 551837 34969
1: 600281 523379 -14450 34969
1: 600281 594473 -13940 34969
2: -600281 594473 5712 34969
3: 601612 -83521 16566 34969
4: -601612 -83521 41998 34969
1: 606936 73695 -40392 34969
1: 610566 3825 -594473 34969
1: 610929 3993 -569908 34969
1: 614922 9297 -250563 34969
4: -614922 -11031 250563 34969
1: 614922 314721 -17051 34969
1: 614922 751689 -12919 34969
3: 622908 -6069 359227 34969
4: -624954 -751689 13310 34969
2: -633556 38599 -58956 34969
1: 633556 150403 -24565 34969
3: 633556 -417605 -4279 34969
4: -633777 -3993 672826 34969
3: 633919 -584647 -5808 34969
1: 640713 235587 -19074 34969
1: 641542 9317 -250563 34969
1: 643603 14641 -162928 34969
2: -643603 14641 -171156 34969
2: -644204 28435 -83521 34969
4: -644204 -503965 14739 34969
3: 644204 -594473 -5712 34969
4: -644204 -594473 13940 34969
1: 648516 43923 -60605 34969
4: -648516 -44217 69212 34969
1: 648516 73695 -39930 34969
2: -648516 922383 6562 34969
4: -650738 -289867 18513 34969
3: 668168 -14641 144778 34969
4: -668168 -14641 189306 34969
3: 668168 -34969 55297 34969
4: -668168 -34969 84579 34969
1: 668168 46871 -57233 34969
4: -668168 -54857 57233 34969
3: 668168 -248897 -96 34969
4: -668168 -248897 19748 34969
1: 668168 796807 -11979 34969
4: -668168 -932569 11979 34969
2: -673486 10153 -250563 34969
1: 673486 34901 -73695 34969
2: -673486 225709 -2601 34969
3: 677994 -443223 -3927 34969
1: 682907 4913 -468512 34969
2: -682907 4913 -527076 34969
4: -686796 -3993 668168 34969
4: -690789 -39015 76296 34969
3: 697646 -4465 497794 34969
2: -697646 5191 -497794 34969
2: -702559 73205 -27200 34969
3: 702768 -9537 228599 34969
4: -702768 -189873 22542 34969
4: -702768 -314721 17051 34969
3: 707472 -162129 5324 34969
4: -717298 -92081 37026 34969
4: -717409 -4675 569908 34969
2: -717409 8653 -294780 34969
3: 717409 -59653 29478 34969
2: -717409 270215 -1190 34969
3: 718454 -83521 18634 34969
4: -718454 -83521 39930 34969
1: 720071 83521 -35640 34969
2: -720071 83521 -22924 34969
1: 722211 4635 -497794 34969
4: -722211 -5361 497794 34969
2: -727124 6655 -385594 34969
1: 727124 24563 -100793 34969
4: -727124 -190333 22185 34969
4: -727804 -73205 44217 34969
3: 730719 -5151 432344 34969
1: 732037 569063 -12342 34969
4: -732037 -656909 12342 34969
2: -734349 131769 -11560 34969
2: -734349 751689 4840 34969
3: 737239 -102487 13872 34969
1: 742764 250563 -17303 34969
3: 746691 -3267 687820 34969
1: 746691 7425 -314432 34969
4: -746691 -8547 314432 34969
2: -746691 13431 -186694 34969
1: 746691 16335 -147390 34969
3: 746691 -81675 19652 34969
2: -746691 94017 -19652 34969
2: -746691 250563 -2258 34969
4: -750684 -44217 67320 34969
4: -751689 -6069 439230 34969
1: 751689 6171 -376794 34969
2: -751689 9537 -266200 34969
4: -751689 -18921 146410 34969
2: -751689 19635 -125114 34969
2: -751689 27951 -85470 34969
2: -751689 29733 -79860 34969
4: -751689 -30855 92928 34969
4: -751689 -43923 67700 34969
3: 751689 -53229 34606 34969
2: -751689 61215 -34606 34969
4: -751689 -96195 35332 34969
3: 751689 -104907 13552 34969
4: -751689 -333795 15972 34969
4: -751689 -475167 13640 34969
4: -751689 -505461 13310 34969
2: -751689 524535 3146 34969
2: -751689 746691 4630 34969
1: 751689 904893 -10648 34969
4: -752862 -395307 14739 34969
2: -753423 43923 -51442 34969
3: 756602 -4913 455202 34969
4: -756602 -4913 540386 34969
3: 756976 -14641 147390 34969
4: -756976 -14641 186694 34969
1: 759492 84579 -34969 34969
3: 760001 -6655 334084 34969
1: 761332 54043 -50167 34969
2: -761332 54043 -40341 34969
1: 762663 484653 -12716 34969
1: 769318 54571 -49708 34969
3: 769318 -54571 33813 34969
2: -769318 62557 -33813 34969
4: -769318 -62557 49708 34969
1: 769318 83521 -35233 34969
2: -769318 83521 -23331 34969
3: 769318 -83521 19338 34969
4: -769318 -83521 39226 34969
4: -775098 -43923 67337 34969
3: 776254 -606089 -4114 34969
2: -776254 693935 4114 34969
3: 785502 -2937 769318 34969
2: -789888 922383 4913 34969
1: 790614 14739 -162656 34969
1: 790614 30129 -83521 34969
4: -790614 -47685 62424 34969
1: 790614 325941 -14739 34969
3: 790614 -734349 -4624 34969
2: -790993 597619 3366 34969
4: -801397 -3421 769318 34969
3: 804287 -14641 148546 34969
4: -804287 -14641 185538 34969
2: -804287 584647 3146 34969
1: 814572 986271 -9826 34969
1: 819896 3655 -633777 34969
3: 819896 -4913 458490 34969
4: -819896 -4913 537098 34969
1: 819896 270215 -15929 34969
3: 819896 -733193 -4335 34969
2: -820182 751689 3993 34969
2: -821049 570999 2890 34969
3: 822558 -14739 147917 34969
2: -825384 147015 -10285 34969
1: 832898 14641 -163863 34969
2: -832898 14641 -170221 34969
2: -837199 6655 -383214 34969
3: 839256 -131769 10115 34969
3: 839256 -751689 -4235 34969
1: 845036 60335 -45254 34969
4: -845036 -68321 45254 34969
3: 849178 -13169 167042 34969
2: -849178 14903 -167042 34969
3: 849178 -26741 78608 34969
2: -849178 34391 -68306 34969
3: 849178 -189431 4913 34969
1: 856086 131769 -24565 34969
4: -861509 -417605 13310 34969
2: -863819 12155 -206346 34969
3: 863819 -54043 35428 34969
4: -863819 -54043 55080 34969
3: 864688 -4913 460526 34969
4: -864688 -4913 535062 34969
3: 864688 -14641 149838 34969
4: -864688 -14641 184246 34969
1: 865997 102487 -29478 34969
4: -878526 -250563 17303 34969
3: 882816 -3825 594473 34969
1: 883784 294151 -14739 34969
2: -888624 219615 -4913 34969
1: 893101 2779 -835210 34969
1: 894166 2563 -905080 34969
1: 899079 3267 -711722 34969
4: -903386 -4403 594473 34969
3: 903992 -14641 150586 34969
4: -903992 -14641 183498 34969
3: 907742 -25531 83521 34969
1: 907742 329171 -13736 34969
3: 909194 -584647 -2783 34969
3: 910928 -55297 34969 34969
1: 911812 584647 -10648 34969
2: -918731 3757 -681472 34969
4: -918731 -3757 694782 34969
1: 918731 9265 -255552 34969
3: 918731 -9265 242242 34969
2: -918731 10387 -242242 34969
4: -918731 -10387 255552 34969
2: -918731 13583 -183678 34969
4: -918731 -13583 196988 34969
1: 918731 14641 -164160 34969
2: -918731 14641 -169924 34969
3: 918731 -14641 150850 34969
4: -918731 -14641 183234 34969
1: 918731 31501 -79860 34969
3: 918731 -31501 66550 34969
1: 918731 73205 -38156 34969
3: 918731 -73205 24846 34969
1: 918731 157505 -21296 34969
3: 918731 -157505 7986 34969
2: -918731 176579 -7986 34969
4: -918731 -176579 21296 34969
2: -918731 190333 -6928 34969
4: -918731 -190333 20238 34969
1: 918731 248897 -15920 34969
2: -918731 248897 -3732 34969
3: 918731 -248897 2610 34969
4: -918731 -248897 17042 34969
2: -918731 688127 2898 34969
4: -918731 -688127 10412 34969
1: 922383 14379 -167042 34969
2: -922383 14883 -167042 34969
4: -922383 -16113 167042 34969
4: -922383 -808401 9826 34969
3: 927707 -30613 68782 34969
3: 929764 -83521 21054 34969
4: -929764 -83521 37510 34969
1: 934362 3993 -584647 34969
3: 937024 -4913 463403 34969
4: -937024 -4913 532185 34969
2: -950334 19965 -122825 34969
4: -962676 -307461 14739 34969
3: 966306 -6171 368475 34969
3: 967861 -24565 87846 34969
3: 972774 -43923 46393 34969
4: -972774 -73695 41261 34969
1: 975018 43923 -58956 34969
4: -979693 -584647 10648 34969
2: -980947 5491 -462978 34969
1: 987513 44217 -58564 34969
1: 987602 63869 -42449 34969
1: 995588 10087 -235824 34969
4: -995588 -11209 235824 34969
1: 995588 15851 -152303 34969
3: 995588 -83521 21598 34969
4: -995588 -83521 36966 34969
3: 995588 -110957 14739 34969
2: -995588 123299 -14739 34969
1: 995588 584647 -10104 34969
1: 995588 918731 -8663 34969
2: -995588 918731 3339 34969
