Command line:- ../do_t 123823 1000000
1: 2744 75449 -834176 123823
2: -4802 75449 -161994 123823
1: 4802 76171 -796005 123823
2: -6498 73059 -619115 123823
2: -6859 75449 -235298 123823
2: -7203 81225 530670 123823
2: -13718 75803 -293265 123823
2: -13718 84035 282891 123823
2: -13718 89167 588245 123823
2: -14014 94943 866761 123823
1: 16807 71117 -227430 123823
1: 18772 60025 459914 123823
1: 20577 62769 195510 123823
2: -26068 117649 823080 123823
2: -27097 117649 781926 123823
1: 27436 48013 890771 123823
2: -27436 117649 769044 123823
2: -28519 117649 729942 123823
1: 28812 50421 651605 123823
1: 29841 61731 26068 123823
2: -30968 117649 651605 123823
2: -33271 130321 755286 123823
1: 33614 45619 761349 123823
2: -33614 130321 745178 123823
1: 33957 102885 -925414 123823
2: -35017 130321 705894 123823
2: -35378 117649 537890 123823
2: -35378 130321 696290 123823
2: -36822 151263 856653 123823
2: -38024 130321 631463 123823
1: 41154 61731 -117649 123823
2: -41154 144039 689087 123823
1: 41876 39053 866761 123823
2: -41876 61789 -866761 123823
1: 42028 117649 -932824 123823
2: -42028 117649 411540 123823
2: -43218 96387 88445 123823
1: 45619 130321 -957754 123823
2: -45619 130321 487158 123823
1: 48013 117649 -849034 123823
2: -48013 117649 327750 123823
1: 50421 136857 -919106 123823
2: -50421 194481 781926 123823
1: 51262 84035 -538251 123823
1: 51604 130321 -873964 123823
2: -51604 130321 403368 123823
1: 52136 117649 -802503 123823
2: -52136 117649 281219 123823
1: 52136 130321 -867447 123823
2: -52136 130321 396851 123823
1: 54194 117649 -781926 123823
2: -54194 117649 260642 123823
1: 54872 60025 -178752 123823
1: 54872 117649 -775485 123823
2: -54872 117649 254201 123823
2: -54872 294937 941192 123823
1: 56677 31213 884450 123823
1: 57038 117649 -755934 123823
2: -57038 117649 234650 123823
1: 62034 165699 -866761 123823
1: 62814 50421 -30324 123823
2: -65562 267501 729904 123823
1: 66542 130321 -730590 123823
2: -66542 130321 259994 123823
2: -67228 60025 -781926 123823
1: 67228 130321 -725536 123823
2: -67228 130321 254940 123823
2: -67228 404681 855190 123823
2: -67228 651605 963235 123823
1: 70034 130321 -705894 123823
2: -70034 130321 235298 123823
1: 70217 281219 -912380 123823
2: -70658 89167 -162925 123823
1: 70756 117649 -659908 123823
2: -70756 117649 138624 123823
1: 70756 130321 -701092 123823
2: -70756 130321 230496 123823
1: 73549 117649 -644746 123823
2: -73549 117649 123462 123823
2: -74366 314531 689871 123823
1: 74431 184877 -781926 123823
1: 75264 185193 -775523 123823
1: 75922 857375 -957999 123823
1: 75962 651605 -941192 123823
1: 77178 352947 -871093 123823
1: 81634 219127 -760627 123823
2: -81634 562799 760627 123823
1: 82308 20577 941192 123823
1: 82308 50421 -167181 123823
2: -82308 713097 791350 123823
2: -82308 925965 823543 123823
1: 83334 390963 -823543 123823
1: 84056 117649 -596733 123823
2: -84056 117649 75449 123823
3: 86436 -390963 -977011 123823
4: -86436 -957999 987696 123823
3: 88084 -912247 -907578 123823
4: -88084 -912247 974806 123823
2: -88494 390963 623231 123823
1: 89167 48013 -168070 123823
1: 90307 130321 -600250 123823
2: -90307 130321 129654 123823
4: -90328 -857375 957999 123823
3: 90972 -352947 -933185 123823
3: 90972 -390963 -924385 123823
2: -91238 84035 -267501 123823
1: 91238 130321 -596526 123823
2: -91238 130321 125930 123823
2: -91238 285719 514425 123823
1: 91238 487403 -775067 123823
3: 91238 -487403 -905388 123823
2: -91238 651605 697368 123823
4: -91238 -651605 983087 123823
1: 91777 588245 -781926 123823
2: -93138 390963 588245 123823
1: 94962 390963 -732305 123823
4: -95513 -651605 941192 123823
1: 96026 117649 -554838 123823
2: -96026 117649 33554 123823
1: 96026 486989 -739508 123823
3: 96026 -486989 -857157 123823
2: -99519 352947 521284 123823
1: 100358 722701 -727776 123823
1: 100842 16245 828856 123823
1: 100842 35739 -37905 123823
1: 100842 108045 -521284 123823
2: -100842 136857 123462 123823
3: 100842 -178695 -904666 123823
1: 100842 237699 -651605 123823
1: 100842 308655 -676571 123823
2: -100842 390963 537313 123823
3: 100842 -410571 -823080 123823
4: -100842 -603231 904666 123823
1: 100842 679041 -722190 123823
3: 101479 -130321 -950796 123823
1: 103208 130321 -554631 123823
2: -103208 130321 84035 123823
1: 103243 173641 -601426 123823
2: -103243 608285 601426 123823
3: 103243 -621859 -781926 123823
2: -106134 352947 483379 123823
2: -106134 390963 506611 123823
2: -107457 390963 499408 123823
2: -107578 156065 176890 123823
1: 108388 117649 -521284 123823
1: 112847 319333 -617310 123823
2: -112847 319333 425258 123823
1: 114076 117649 -508288 123823
2: -114076 117649 -12996 123823
3: 114856 -94943 -866761 123823
2: -115248 185193 232750 123823
3: 115983 -267501 -729904 123823
4: -116603 -420175 846678 123823
2: -116603 804335 558600 123823
4: -117306 -352947 877952 123823
4: -117306 -390963 856128 123823
1: 117649 17689 351614 123823
1: 117649 19453 260642 123823
1: 117649 48013 -281998 123823
2: -117649 48013 -995334 123823
1: 117649 52801 -315514 123823
3: 117649 -52801 -987696 123823
2: -117649 56791 -740772 123823
2: -117649 73283 -427424 123823
2: -117649 86681 -260642 123823
1: 117649 123823 -508288 123823
2: -117649 123823 12996 123823
3: 117649 -123823 -794922 123823
1: 117649 130321 -515434 123823
2: -117649 130321 44838 123823
3: 117649 -130321 -787776 123823
1: 117649 136171 -521284 123823
3: 117649 -136171 -781926 123823
1: 117649 143317 -527782 123823
3: 117649 -143317 -775428 123823
2: -117649 154147 138624 123823
2: -117649 188993 233206 123823
2: -117649 198911 254068 123823
2: -117649 235277 315514 123823
4: -117649 -235277 987696 123823
1: 117649 336091 -598804 123823
2: -117649 336091 416328 123823
3: 117649 -336091 -704406 123823
4: -117649 -336091 886882 123823
1: 117649 369607 -603592 123823
3: 117649 -369607 -699618 123823
2: -117649 397537 452694 123823
4: -117649 -397537 850516 123823
2: -117649 418399 462612 123823
4: -117649 -418399 840598 123823
2: -117649 512981 497458 123823
4: -117649 -512981 805752 123823
2: -117649 606767 521284 123823
4: -117649 -606767 781926 123823
2: -117649 638609 527782 123823
4: -117649 -638609 775428 123823
1: 117649 912247 -632152 123823
2: -117649 912247 564924 123823
3: 117649 -912247 -671058 123823
4: -117649 -912247 738286 123823
4: -118332 -352947 871093 123823
1: 120099 390963 -595448 123823
4: -120638 -281219 912380 123823
3: 121562 -651605 -655473 123823
4: -122436 -390963 823543 123823
1: 122451 151263 -521284 123823
2: -122451 390963 428652 123823
3: 122794 -132487 -742938 123823
1: 123462 23667 32585 123823
3: 123462 -50421 -927675 123823
1: 123462 102885 -470596 123823
4: -123462 -352947 838508 123823
1: 123462 473271 -588245 123823
3: 123462 -828345 -639597 123823
1: 123823 117649 -488794 123823
2: -123823 117649 -32490 123823
3: 123823 -117649 -749436 123823
1: 123823 130321 -501466 123823
2: -123823 130321 30870 123823
3: 123823 -130321 -736764 123823
2: -123823 588245 488794 123823
4: -123823 -588245 749436 123823
2: -123823 651605 501466 123823
4: -123823 -651605 736764 123823
3: 124906 -115591 -742938 123823
4: -124906 -590303 742938 123823
2: -125628 50421 -897085 123823
4: -127253 -420175 781926 123823
1: 127596 20577 78204 123823
2: -128877 390963 403368 123823
1: 130321 15043 278516 123823
1: 130321 16807 187544 123823
1: 130321 17689 148862 123823
1: 130321 40831 -268912 123823
3: 130321 -40831 -907578 123823
1: 130321 45619 -302428 123823
3: 130321 -45619 -874062 123823
2: -130321 85799 -278516 123823
2: -130321 95893 -187278 123823
1: 130321 105301 -464422 123823
3: 130321 -105301 -712068 123823
2: -130321 110789 -83006 123823
1: 130321 110827 -470596 123823
3: 130321 -110827 -705894 123823
1: 130321 117649 -477418 123823
2: -130321 117649 -43866 123823
3: 130321 -117649 -699072 123823
1: 130321 123823 -482944 123823
2: -130321 123823 -12348 123823
3: 130321 -123823 -693546 123823
2: -130321 232883 268912 123823
4: -130321 -232883 907578 123823
2: -130321 247303 287532 123823
4: -130321 -247303 888958 123823
2: -130321 260281 302526 123823
4: -130321 -260281 873964 123823
2: -130321 285719 327964 123823
4: -130321 -285719 848526 123823
1: 130321 285817 -542626 123823
3: 130321 -285817 -633864 123823
2: -130321 300713 340942 123823
4: -130321 -300713 835548 123823
1: 130321 319333 -547414 123823
2: -130321 319333 355362 123823
3: 130321 -319333 -629076 123823
4: -130321 -319333 821128 123823
2: -130321 600593 464422 123823
4: -130321 -600593 712068 123823
2: -130321 632111 470596 123823
4: -130321 -632111 705894 123823
2: -130321 671251 477456 123823
4: -130321 -671251 699034 123823
1: 130321 737107 -570556 123823
3: 130321 -737107 -605934 123823
2: -130321 775523 492352 123823
4: -130321 -775523 684138 123823
1: 130321 775789 -571438 123823
3: 130321 -775789 -605052 123823
1: 130321 866761 -573202 123823
2: -130321 866761 502446 123823
4: -131043 -324135 813694 123823
1: 133084 130321 -482944 123823
2: -133084 130321 12348 123823
3: 134456 -55223 -781926 123823
3: 134456 -89167 -701309 123823
1: 134456 130321 -480417 123823
2: -134456 130321 9821 123823
3: 134456 -593047 -589874 123823
1: 134456 866761 -556662 123823
2: -134456 866761 485906 123823
1: 136857 50421 -342950 123823
2: -136857 151263 82308 123823
3: 136857 -252105 -603592 123823
1: 136857 390963 -532140 123823
3: 137102 -117649 -651605 123823
1: 138624 21609 -70756 123823
3: 138866 -130321 -631463 123823
1: 140068 130321 -470596 123823
1: 141512 117649 -460275 123823
2: -141512 117649 -61009 123823
1: 141512 130321 -468195 123823
2: -141512 130321 -2401 123823
2: -142348 588245 418399 123823
1: 144039 20577 -100842 123823
2: -144039 61731 -605052 123823
3: 144039 -226347 -571438 123823
1: 144039 352947 -507072 123823
1: 147098 117649 -452694 123823
2: -147098 117649 -68590 123823
2: -147288 885969 442225 123823
3: 150577 -588245 -521284 123823
3: 150898 -48013 -655473 123823
4: -150898 -588245 624321 123823
1: 151259 16807 -90972 123823
3: 151263 -20577 -846412 123823
2: -151263 102885 -157206 123823
2: -151263 141873 25270 123823
3: 151263 -390963 -524678 123823
3: 151263 -482601 -521284 123823
3: 152586 -352947 -521284 123823
3: 153664 -285719 -521284 123823
3: 157878 -390963 -499408 123823
3: 159201 -352947 -496014 123823
3: 159201 -390963 -494606 123823
1: 160181 6859 234612 123823
4: -160867 -322373 681492 123823
4: -162876 -165699 866761 123823
3: 164616 -151263 -491701 123823
3: 164616 -802503 -470596 123823
3: 164977 -651605 -470596 123823
3: 165338 -271313 -477603 123823
3: 165669 -802503 -467362 123823
1: 168756 3249 495292 123823
3: 169442 -130321 -475055 123823
4: -169442 -130321 945651 123823
3: 172186 -541861 -449673 123823
2: -172872 349809 261611 123823
3: 172872 -957999 -445835 123823
4: -176106 -185193 775523 123823
3: 176168 -912247 -436982 123823
4: -176168 -912247 504210 123823
1: 176529 7203 -212268 123823
3: 178334 -2401 -959861 123823
1: 178334 48013 -403368 123823
2: -178334 48013 -873964 123823
3: 178334 -689087 -431718 123823
1: 180614 130321 -417774 123823
2: -180614 130321 -52822 123823
2: -182248 732305 336091 123823
3: 182476 -16807 -452694 123823
1: 182476 130321 -415912 123823
2: -182476 130321 -54684 123823
4: -182666 -376957 583737 123823
3: 183502 -588245 -418399 123823
3: 184191 -3249 -495292 123823
4: -184191 -778677 495292 123823
3: 184877 -361 -808640 123823
1: 184877 45619 -411540 123823
2: -184877 45619 -932824 123823
3: 184877 -651605 -414876 123823
3: 185193 -7203 -426398 123823
4: -185193 -144039 840350 123823
3: 186067 -117649 -411540 123823
4: -186067 -117649 932824 123823
1: 186984 349809 -410571 123823
4: -187278 -252105 651605 123823
1: 187359 3087 -495292 123823
4: -187359 -708981 495292 123823
3: 188461 -130321 -403368 123823
4: -188461 -130321 873964 123823
1: 189164 2401 -636804 123823
1: 190022 34295 -423605 123823
3: 192052 -6859 -252105 123823
3: 192052 -34295 -369754 123823
1: 192052 117649 -407740 123823
2: -192052 117649 -113544 123823
2: -192052 157757 16807 123823
1: 192052 588245 -400881 123823
3: 192766 -6859 -234612 123823
1: 195301 890771 -394212 123823
1: 195902 651605 -393764 123823
3: 198911 -3577 182476 123823
2: -198911 104419 -182476 123823
3: 198911 -336091 -379358 123823
4: -198911 -336091 561834 123823
1: 199038 352947 -390963 123823
3: 199283 -16807 -260642 123823
1: 199633 117649 -402154 123823
2: -199633 117649 -119130 123823
1: 201684 20577 -497952 123823
1: 201684 33573 -452333 123823
1: 201684 136857 -397822 123823
1: 201684 223293 -390963 123823
4: -201684 -815499 452333 123823
3: 201799 -2401 636804 123823
2: -202521 151263 -10108 123823
3: 202958 -130321 -357749 123823
4: -202958 -130321 828345 123823
3: 203604 -3087 495292 123823
2: -204428 117325 -123823 123823
3: 206486 -43681 -300713 123823
2: -206486 825607 300713 123823
4: -207081 -352947 535002 123823
3: 208297 -84035 -328510 123823
3: 208544 -823543 -363527 123823
2: -208887 50421 -781926 123823
4: -211288 -167143 707560 123823
1: 213712 521017 -366415 123823
4: -214263 -390963 504210 123823
3: 214434 -7203 212268 123823
1: 214914 390963 -367353 123823
1: 216776 117649 -390963 123823
2: -216776 117649 -130321 123823
3: 218491 -130321 -315588 123823
4: -218491 -130321 786184 123823
1: 218766 8967 -866761 123823
4: -218766 -109809 866761 123823
4: -219488 -154007 716870 123823
3: 219488 -285719 -332766 123823
2: -221654 621859 255227 123823
1: 223293 20577 -593978 123823
3: 223402 -732305 -336091 123823
3: 225351 -20577 -78204 123823
1: 225694 319333 -356668 123823
2: -225694 319333 164616 123823
1: 226347 151263 -375060 123823
1: 228152 117649 -384465 123823
2: -228152 117649 -136819 123823
3: 229957 -130321 -288120 123823
4: -229957 -130321 758716 123823
1: 232788 914781 -336091 123823
1: 232897 130321 -376810 123823
2: -232897 130321 -93786 123823
3: 234612 -352947 -308655 123823
3: 234612 -390963 -310415 123823
3: 235298 -5491 850516 123823
3: 235298 -5831 781926 123823
3: 235298 -6137 726693 123823
3: 235298 -6517 665323 123823
3: 235298 -6859 615904 123823
1: 235298 14161 -781926 123823
3: 235298 -14161 130321 123823
1: 235298 15827 -733913 123823
3: 235298 -15827 82308 123823
1: 235298 17689 -690954 123823
3: 235298 -17689 39349 123823
1: 235298 38437 -493848 123823
3: 235298 -38437 -157757 123823
1: 235298 42959 -476159 123823
3: 235298 -42959 -175446 123823
2: -235298 46645 -850516 123823
1: 235298 48013 -460332 123823
2: -235298 48013 -817000 123823
3: 235298 -48013 -191273 123823
2: -235298 65303 -514425 123823
2: -235298 88445 -294576 123823
4: -235298 -88445 946181 123823
1: 235298 99127 -390963 123823
3: 235298 -99127 -260642 123823
1: 235298 104329 -387714 123823
3: 235298 -104329 -263891 123823
3: 235298 -110789 -267501 123823
1: 235298 116603 -381197 123823
3: 235298 -116603 -270408 123823
2: -235298 120295 -130321 123823
4: -235298 -120295 781926 123823
1: 235298 123823 -377967 123823
2: -235298 123823 -117325 123823
3: 235298 -123823 -273638 123823
4: -235298 -123823 768930 123823
1: 235298 130321 -375366 123823
2: -235298 130321 -95230 123823
3: 235298 -130321 -276239 123823
4: -235298 -130321 746835 123823
4: -235298 -168413 651605 123823
2: -235298 177251 16245 123823
4: -235298 -177251 635360 123823
2: -235298 240065 97242 123823
4: -235298 -240065 554363 123823
1: 235298 269059 -349809 123823
3: 235298 -269059 -301796 123823
1: 235298 300713 -347282 123823
3: 235298 -300713 -304323 123823
2: -235298 326515 157757 123823
4: -235298 -326515 493848 123823
1: 235298 336091 -345021 123823
2: -235298 336091 162545 123823
3: 235298 -336091 -306584 123823
4: -235298 -336091 489060 123823
2: -235298 457121 205770 123823
4: -235298 -457121 445835 123823
2: -235298 619115 237177 123823
2: -235298 651605 241596 123823
4: -235298 -651605 410009 123823
1: 235298 730303 -334647 123823
3: 235298 -730303 -316958 123823
1: 235298 816221 -333716 123823
3: 235298 -816221 -317889 123823
2: -235298 842065 260642 123823
4: -235298 -842065 390963 123823
2: -235298 886255 263891 123823
4: -235298 -886255 387714 123823
1: 235298 912247 -332883 123823
2: -235298 912247 265655 123823
3: 235298 -912247 -318722 123823
4: -235298 -912247 385950 123823
3: 237699 -957999 -315514 123823
3: 239704 -16807 90972 123823
2: -240198 390963 180075 123823
4: -240443 -128155 742938 123823
1: 241472 23465 -619115 123823
3: 244397 -111475 -247646 123823
2: -244397 817369 247646 123823
1: 244902 390963 -331975 123823
1: 245119 130321 -369754 123823
2: -245119 130321 -100842 123823
1: 245588 125989 -371469 123823
4: -245588 -907915 371469 123823
4: -246323 -651605 393764 123823
2: -246924 338541 151753 123823
3: 246924 -352947 -288933 123823
2: -246924 857157 247779 123823
1: 247646 117649 -374718 123823
3: 247646 -117649 -244397 123823
1: 247646 130321 -368382 123823
2: -247646 130321 -102214 123823
3: 247646 -130321 -250733 123823
4: -247646 -130321 721329 123823
2: -247646 823543 244397 123823
4: -247646 -823543 374718 123823
1: 248007 828345 -318402 123823
3: 248332 -500707 -293265 123823
1: 249812 121765 -371469 123823
3: 250733 -136819 -247646 123823
2: -250733 918745 247646 123823
3: 252339 -21609 70756 123823
1: 253783 336091 -326536 123823
2: -253783 336091 144060 123823
3: 260642 -7885 823543 123823
3: 260642 -11039 504210 123823
3: 260642 -12005 439971 123823
1: 260642 12635 -991613 123823
3: 260642 -12635 403368 123823
1: 260642 16807 -818475 123823
3: 260642 -16807 230230 123823
1: 260642 17689 -792330 123823
3: 260642 -17689 204085 123823
1: 260642 20335 -727503 123823
3: 260642 -20335 139258 123823
1: 260642 28469 -603680 123823
3: 260642 -28469 15435 123823
1: 260642 29963 -588245 123823
1: 260642 32585 -564578 123823
3: 260642 -32585 -23667 123823
1: 260642 45619 -487305 123823
2: -260642 45619 -857059 123823
3: 260642 -45619 -100940 123823
2: -260642 46987 -823543 123823
1: 260642 55195 -453789 123823
3: 260642 -55195 -134456 123823
1: 260642 77273 -408170 123823
3: 260642 -77273 -180075 123823
1: 260642 84035 -398993 123823
3: 260642 -84035 -189252 123823
1: 260642 88445 -393764 123823
3: 260642 -88445 -194481 123823
1: 260642 117649 -369030 123823
2: -260642 117649 -152254 123823
3: 260642 -117649 -219215 123823
4: -260642 -117649 740499 123823
2: -260642 121177 -139258 123823
4: -260642 -121177 727503 123823
1: 260642 123823 -365295 123823
2: -260642 123823 -129997 123823
3: 260642 -123823 -222950 123823
4: -260642 -123823 718242 123823
1: 260642 142345 -356034 123823
3: 260642 -142345 -232211 123823
1: 260642 149815 -352947 123823
3: 260642 -149815 -235298 123823
1: 260642 199283 -338345 123823
3: 260642 -199283 -249900 123823
1: 260642 209741 -336140 123823
3: 260642 -209741 -252105 123823
1: 260642 228095 -332759 123823
3: 260642 -228095 -255486 123823
1: 260642 319333 -321720 123823
2: -260642 319333 129668 123823
3: 260642 -319333 -266525 123823
4: -260642 -319333 458577 123823
2: -260642 328909 134456 123823
4: -260642 -328909 453789 123823
1: 260642 386365 -316932 123823
3: 260642 -386365 -271313 123823
1: 260642 540911 -310415 123823
3: 260642 -540911 -277830 123823
1: 260642 588245 -309104 123823
3: 260642 -588245 -279141 123823
1: 260642 619115 -308357 123823
3: 260642 -619115 -279888 123823
2: -260642 848239 232211 123823
4: -260642 -848239 356034 123823
1: 260642 866761 -304290 123823
2: -260642 866761 233534 123823
2: -260642 892753 235298 123823
4: -260642 -892753 352947 123823
1: 260642 996415 -302967 123823
3: 260642 -996415 -285278 123823
3: 261709 -130321 -224616 123823
4: -261709 -130321 695212 123823
1: 265867 651605 -302526 123823
1: 266168 130321 -359121 123823
2: -266168 130321 -111475 123823
3: 268912 -34295 -8512 123823
1: 268912 35017 -555940 123823
2: -268912 75449 -402059 123823
2: -268912 87001 -310821 123823
1: 268912 866761 -296020 123823
2: -268912 866761 225264 123823
2: -270123 352947 137180 123823
2: -273714 50421 -740772 123823
2: -273714 390963 148421 123823
1: 273714 453789 -301796 123823
4: -273942 -914781 336091 123823
3: 275443 -130321 -201684 123823
4: -275443 -130321 672280 123823
1: 280136 130321 -352947 123823
2: -280136 130321 -117649 123823
3: 280574 -823543 -260642 123823
3: 285719 -75449 -126084 123823
3: 285719 -210463 -217322 123823
3: 285719 -501809 -246924 123823
2: -285719 992389 217322 123823
4: -287826 -349809 410571 123823
4: -288078 -102885 756315 123823
2: -288078 352947 123215 123823
2: -288078 514425 168070 123823
1: 288078 555579 -285719 123823
1: 290966 184877 -323456 123823
2: -291669 390963 134456 123823
1: 294196 117649 -356668 123823
2: -294196 117649 -164616 123823
2: -295323 92055 -283024 123823
3: 297724 -12407 672182 123823
2: -297724 53561 -672182 123823
1: 299269 912247 -268912 123823
2: -299269 912247 201684 123823
4: -301796 -500707 352947 123823
1: 302518 16807 -957733 123823
4: -302526 -79059 879396 123823
4: -302526 -93639 781926 123823
4: -302526 -390963 379988 123823
4: -305172 -352947 390963 123823
1: 309729 390963 -278908 123823
3: 313502 -651605 -225351 123823
4: -315756 -390963 367353 123823
4: -316958 -588245 324539 123823
4: -318402 -352947 378328 123823
2: -319333 74431 -411540 123823
4: -319333 -74431 891670 123823
1: 319333 98441 -370386 123823
3: 319333 -98441 -109744 123823
1: 319333 130321 -338506 123823
2: -319333 130321 -132090 123823
3: 319333 -130321 -141624 123823
4: -319333 -130321 612220 123823
2: -319333 372155 109744 123823
4: -319333 -372155 370386 123823
2: -319333 651605 165634 123823
4: -319333 -651605 314496 123823
3: 323106 -61731 -26068 123823
1: 325983 390963 -268912 123823
3: 328149 -50421 30324 123823
2: -332367 390963 108388 123823
1: 336091 116603 -345744 123823
3: 336091 -116603 -110446 123823
1: 336091 117649 -344698 123823
2: -336091 117649 -176586 123823
3: 336091 -117649 -111492 123823
4: -336091 -117649 632776 123823
2: -336091 404681 110446 123823
4: -336091 -404681 345744 123823
1: 340942 84035 -390963 123823
4: -340942 -253783 411502 123823
3: 352336 -912247 -201684 123823
4: -352336 -912247 268912 123823
3: 352947 -13965 823080 123823
1: 352947 20577 -923210 123823
1: 352947 25725 -781926 123823
3: 352947 -25935 342950 123823
1: 352947 27075 -753768 123823
1: 352947 36309 -617310 123823
3: 352947 -37905 166060 123823
1: 352947 47775 -521284 123823
1: 352947 53067 -490960 123823
4: -352947 -61731 975346 123823
1: 352947 69825 -425258 123823
3: 352947 -70395 -10830 123823
3: 352947 -97755 -68590 123823
1: 352947 98553 -364610 123823
3: 352947 -102885 -76000 123823
1: 352947 129675 -329232 123823
1: 352947 144039 -318060 123823
4: -352947 -153909 521284 123823
4: -352947 -159201 511176 123823
3: 352947 -181545 -137180 123823
1: 352947 189525 -293854 123823
1: 352947 254163 -274360 123823
3: 352947 -265335 -162450 123823
1: 352947 267501 -271510 123823
1: 352947 334425 -260642 123823
1: 352947 351975 -258476 123823
1: 352947 371469 -256310 123823
1: 352947 390963 -254360 123823
4: -352947 -417753 329232 123823
4: -352947 -432117 325508 123823
1: 352947 488775 -246924 123823
3: 352947 -492765 -187720 123823
1: 352947 514425 -245442 123823
1: 352947 689871 -238260 123823
3: 352947 -720195 -197030 123823
1: 352947 907725 -233206 123823
4: -355691 -75449 834176 123823
1: 356668 48013 -521017 123823
2: -356668 48013 -756315 123823
1: 361228 130321 -326536 123823
2: -361228 130321 -144060 123823
3: 362551 -319333 -164616 123823
4: -362551 -319333 356668 123823
3: 364952 -16807 685900 123823
1: 364952 130321 -325605 123823
2: -364952 130321 -144991 123823
1: 364952 924385 -226347 123823
2: -367108 588245 130321 123823
1: 368382 384465 -247646 123823
1: 369754 45619 -541861 123823
2: -369754 45619 -802503 123823
2: -369754 98441 -260642 123823
3: 369754 -198911 -130606 123823
1: 369754 253783 -267463 123823
3: 370386 -144039 -100842 123823
1: 371469 352947 -249812 123823
1: 371469 390963 -245588 123823
3: 372134 -117649 -75449 123823
4: -372134 -117649 596733 123823
1: 374718 359121 -247646 123823
3: 376922 -130321 -84035 123823
4: -376922 -130321 554631 123823
2: -384104 75449 -403368 123823
1: 384104 117649 -334191 123823
2: -384104 117649 -187093 123823
3: 385187 -218491 -126350 123823
3: 386561 -45619 150898 123823
4: -386561 -486989 291536 123823
1: 388962 252105 -260642 123823
4: -389158 -588245 273999 123823
4: -389158 -651605 266511 123823
1: 390963 21603 -941192 123823
2: -390963 41895 -883568 123823
1: 390963 50421 -515326 123823
1: 390963 53067 -499408 123823
1: 390963 55713 -485002 123823
4: -390963 -58653 967260 123823
4: -390963 -60705 941192 123823
2: -390963 84987 -336140 123823
2: -390963 108045 -222558 123823
2: -390963 113715 -201684 123823
1: 390963 136857 -313698 123823
1: 390963 151221 -302526 123823
4: -390963 -151263 495110 123823
4: -390963 -156555 485002 123823
4: -390963 -159201 480200 123823
2: -390963 219177 -10290 123823
2: -390963 293265 41846 123823
1: 390963 352947 -241688 123823
1: 390963 371469 -239414 123823
1: 390963 389991 -237356 123823
1: 390963 410457 -235298 123823
4: -390963 -410571 306250 123823
4: -390963 -424935 302526 123823
2: -390963 594909 120050 123823
2: -390963 756315 136276 123823
2: -390963 796005 139258 123823
1: 390963 957999 -212884 123823
3: 397822 -57575 91238 123823
2: -397822 158417 -91238 123823
3: 397822 -336091 -144060 123823
4: -397822 -336091 326536 123823
3: 398566 -16807 781926 123823
1: 398566 26353 -813694 123823
1: 399266 117649 -331398 123823
2: -399266 117649 -189886 123823
2: -403368 136857 -137180 123823
3: 410571 -390963 -143766 123823
3: 414162 -352947 -137180 123823
1: 417774 50421 -521284 123823
3: 425467 -651605 -153664 123823
3: 428526 -390963 -134456 123823
1: 429779 513703 -212268 123823
3: 432117 -20577 672280 123823
3: 432117 -352947 -127870 123823
3: 436982 -130321 -40145 123823
4: -436982 -130321 510741 123823
3: 439383 -31407 389158 123823
1: 451388 319333 -226347 123823
2: -451388 319333 34295 123823
3: 452694 -29841 436639 123823
3: 452694 -349809 -117649 123823
1: 458591 294937 -229026 123823
3: 459914 -130321 -26411 123823
4: -459914 -130321 497007 123823
2: -461678 171475 -84721 123823
3: 464422 -23465 619115 123823
1: 465794 130321 -306054 123823
2: -465794 130321 -164542 123823
3: 466412 -746711 -139650 123823
3: 470596 -20083 761349 123823
1: 470596 27797 -830661 123823
3: 470596 -31559 425258 123823
2: -470596 40033 -905388 123823
1: 470596 48013 -549499 123823
2: -470596 48013 -727833 123823
1: 470596 51793 -521284 123823
3: 470596 -54511 177612 123823
2: -470596 72713 -425258 123823
1: 470596 75449 -408918 123823
1: 470596 81389 -390963 123823
4: -470596 -82859 679041 123823
2: -470596 108661 -230679 123823
3: 470596 -123823 -12996 123823
4: -470596 -123823 508288 123823
1: 470596 130321 -305332 123823
2: -470596 130321 -165264 123823
1: 470596 140581 -294937 123823
4: -470596 -187523 390963 123823
3: 470596 -194579 -67507 123823
1: 470596 220913 -246924 123823
4: -470596 -224903 353058 123823
4: -470596 -280231 315514 123823
2: -470596 294937 17898 123823
3: 470596 -336091 -107673 123823
4: -470596 -336091 290149 123823
1: 470596 381577 -211546 123823
4: -470596 -508991 246924 123823
3: 470596 -528143 -127756 123823
3: 470596 -569723 -130321 123823
2: -470596 580013 89167 123823
1: 470596 599621 -193857 123823
4: -470596 -610451 232959 123823
4: -470596 -760627 219127 123823
3: 470596 -912247 -142554 123823
4: -470596 -912247 209782 123823
3: 473242 -588245 -130321 123823
2: -473271 144039 -134456 123823
2: -475398 102885 -253232 123823
4: -475398 -957999 205770 123823
3: 479408 -16807 957733 123823
4: -479857 -117649 521284 123823
2: -483379 809137 106134 123823
3: 486031 -130321 -12348 123823
4: -486031 -130321 482944 123823
4: -487403 -228095 342950 123823
3: 488794 -575897 -123823 123823
1: 490147 486989 -195510 123823
1: 490238 130321 -302526 123823
2: -490238 130321 -168070 123823
1: 495292 117649 -317680 123823
2: -495292 117649 -203604 123823
1: 495292 130321 -301840 123823
2: -495292 130321 -168756 123823
1: 495292 588245 -187359 123823
1: 495292 651605 -184191 123823
2: -498218 588245 82308 123823
1: 499408 404681 -201096 123823
3: 505039 -117649 12996 123823
4: -505039 -117649 508288 123823
1: 506122 170471 -265335 123823
1: 507566 336091 -208887 123823
2: -507566 336091 26411 123823
4: -511537 -130321 470596 123823
1: 514843 117649 -315514 123823
2: -514843 117649 -205770 123823
3: 515872 -34295 423605 123823
3: 521017 -37145 384104 123823
2: -521017 78299 -384104 123823
3: 521284 -19019 890771 123823
3: 521284 -26411 600299 123823
1: 521284 27797 -857157 123823
1: 521284 31213 -779443 123823
3: 521284 -32851 453789 123823
1: 521284 35321 -705894 123823
3: 521284 -45619 285621 123823
1: 521284 49049 -549486 123823
3: 521284 -51623 235298 123823
3: 521284 -57967 193452 123823
1: 521284 61009 -470596 123823
3: 521284 -71687 128282 123823
4: -521284 -74423 705894 123823
1: 521284 84721 -380044 123823
3: 521284 -91091 69629 123823
1: 521284 117649 -314836 123823
2: -521284 117649 -206448 123823
3: 521284 -123823 12348 123823
4: -521284 -123823 482944 123823
1: 521284 133133 -295323 123823
3: 521284 -157339 -21609 123823
1: 521284 184877 -253827 123823
2: -521284 191933 -69629 123823
3: 521284 -218491 -56721 123823
1: 521284 229957 -232897 123823
3: 521284 -247247 -67228 123823
1: 521284 319333 -208873 123823
2: -521284 319333 16821 123823
3: 521284 -343343 -89572 123823
1: 521284 361361 -201684 123823
1: 521284 405769 -195706 123823
3: 521284 -427063 -100842 123823
1: 521284 501809 -186396 123823
2: -521284 520961 67228 123823
3: 521284 -593047 -113778 123823
1: 521284 637637 -178017 123823
3: 521284 -671099 -117649 123823
1: 521284 866761 -169834 123823
2: -521284 866761 99078 123823
3: 521284 -931931 -125881 123823
3: 523418 -130321 5341 123823
4: -523418 -130321 465255 123823
1: 525819 37677 -672182 123823
4: -525819 -78831 672182 123823
4: -528143 -588245 215612 123823
4: -534051 -352947 260642 123823
3: 535002 -18963 912380 123823
2: -535002 871563 95893 123823
1: 537824 866761 -165699 123823
2: -537824 866761 94943 123823
1: 540246 352947 -198911 123823
1: 541861 117649 -312778 123823
2: -541861 117649 -208506 123823
1: 547428 50421 -541861 123823
4: -547428 -151263 411540 123823
3: 550886 -130321 16807 123823
4: -550886 -130321 453789 123823
4: -552573 -390963 243530 123823
4: -562077 -352947 251978 123823
2: -562438 240065 -33614 123823
3: 571438 -811889 -108661 123823
4: -576156 -61731 789929 123823
4: -581571 -390963 235298 123823
1: 583338 390963 -184877 123823
1: 588392 117649 -308655 123823
2: -588392 117649 -212629 123823
3: 593047 -130321 32340 123823
4: -593047 -130321 438256 123823
3: 593484 -151263 10108 123823
3: 595448 -45391 336091 123823
2: -595448 86545 -336091 123823
2: -596733 50421 -668990 123823
1: 596733 61731 -470596 123823
1: 598538 912247 -151263 123823
2: -598538 912247 84035 123823
1: 603592 158809 -260680 123823
3: 605052 -390963 -72345 123823
1: 605052 684285 -157757 123823
1: 610451 62083 -469224 123823
2: -619458 390963 21805 123823
4: -631028 -171475 352947 123823
1: 632149 130321 -287434 123823
2: -632149 130321 -183162 123823
3: 636804 -352947 -58843 123823
3: 636804 -390963 -64827 123823
2: -638666 55223 -596733 123823
4: -638666 -55223 836798 123823
1: 638666 130321 -286902 123823
2: -638666 130321 -183694 123823
3: 638666 -130321 46837 123823
4: -638666 -130321 423759 123823
1: 638666 333739 -185193 123823
3: 638666 -333739 -54872 123823
2: -638666 607453 54872 123823
4: -638666 -607453 185193 123823
3: 642257 -588245 -82308 123823
3: 650522 -420175 -65702 123823
2: -651966 390963 16807 123823
4: -655473 -308655 244454 123823
4: -656298 -50421 897085 123823
1: 658464 185193 -235298 123823
1: 664734 390963 -171843 123823
1: 665077 34295 -759696 123823
1: 672182 34295 -761117 123823
3: 672182 -34295 533022 123823
1: 672182 75449 -408170 123823
3: 672182 -75449 180075 123823
1: 672182 117649 -302670 123823
2: -672182 117649 -218614 123823
3: 672182 -117649 74575 123823
4: -672182 -117649 446709 123823
1: 672182 377245 -172872 123823
3: 672182 -377245 -55223 123823
1: 672182 588245 -151772 123823
3: 672182 -588245 -76323 123823
2: -672182 665323 55223 123823
4: -672182 -665323 172872 123823
2: -676153 588245 46930 123823
4: -681929 -184877 323456 123823
1: 685657 651605 -146118 123823
1: 692759 137641 -273714 123823
4: -692759 -238483 273714 123823
2: -693889 157757 -135926 123823
2: -699618 151263 -146965 123823
4: -699618 -308655 235298 123823
2: -703493 116603 -223440 123823
3: 704672 -912247 -84035 123823
4: -704672 -912247 151263 123823
2: -705894 53067 -621281 123823
1: 705894 57627 -500707 123823
1: 705894 58653 -493848 123823
1: 705894 61731 -474639 123823
4: -705894 -98781 500707 123823
2: -705894 144039 -160303 123823
1: 705894 148617 -260642 123823
1: 705894 159201 -250534 123823
4: -705894 -254751 260642 123823
2: -705894 371469 4332 123823
2: -705894 390963 9531 123823
1: 705894 403389 -164616 123823
1: 705894 432117 -160892 123823
4: -705894 -691467 164616 123823
3: 710353 -130321 65856 123823
4: -710353 -130321 404740 123823
3: 713336 -189679 12103 123823
1: 722456 130321 -280917 123823
2: -722456 130321 -189679 123823
1: 725102 30685 -849072 123823
3: 725102 -319333 -34295 123823
4: -725102 -319333 226347 123823
2: -733191 352947 -4332 123823
4: -739508 -389519 202160 123823
4: -740772 -144039 369754 123823
2: -742938 352947 -5415 123823
2: -742938 390963 5145 123823
2: -752199 390963 4116 123823
3: 773122 -45619 411540 123823
4: -773122 -45619 932824 123823
3: 773122 -171475 36708 123823
4: -775428 -73059 619115 123823
4: -775523 -991613 137180 123823
3: 776552 -89167 162925 123823
2: -781926 50421 -654584 123823
2: -781926 53067 -617057 123823
1: 781926 58653 -496664 123823
1: 781926 62757 -470596 123823
4: -781926 -101859 470596 123823
2: -781926 136857 -179242 123823
1: 781926 151263 -252609 123823
1: 781926 159201 -244902 123823
1: 781926 161847 -242501 123823
4: -781926 -262689 242501 123823
2: -781926 352947 -9477 123823
2: -781926 371469 -4116 123823
1: 781926 410571 -154987 123823
1: 781926 439299 -151263 123823
4: -781926 -713013 151263 123823
2: -781926 957999 58429 123823
3: 787528 -115159 106134 123823
3: 795644 -165571 45619 123823
2: -795644 266413 -45619 123823
3: 795644 -336091 -26411 123823
4: -795644 -336091 208887 123823
1: 798532 117649 -296020 123823
2: -798532 117649 -225264 123823
1: 806736 136857 -267501 123823
4: -809362 -621859 155344 123823
2: -813939 957999 54872 123823
4: -817418 -588245 157757 123823
3: 821142 -50421 377245 123823
4: -821142 -390963 189532 123823
4: -823543 -71687 617310 123823
4: -823543 -619115 153786 123823
4: -828324 -352947 198911 123823
3: 829939 -48013 403368 123823
4: -829939 -48013 873964 123823
4: -833188 -84035 538251 123823
2: -835548 50421 -651605 123823
4: -836798 -75449 588245 123823
1: 840693 390963 -152292 123823
1: 845152 277609 -176890 123823
1: 850516 871093 -117649 123823
4: -857052 -390963 184877 123823
2: -857157 390963 -5992 123823
4: -864234 -352947 194256 123823
1: 866761 130321 -273322 123823
2: -866761 130321 -197274 123823
3: 866761 -130321 96432 123823
4: -866761 -130321 374164 123823
1: 866761 184877 -218766 123823
3: 866761 -184877 41876 123823
2: -866761 285719 -41876 123823
4: -866761 -285719 218766 123823
3: 877952 -22295 997101 123823
2: -902139 390963 -9604 123823
1: 905388 27909 -957999 123823
4: -905388 -42315 957999 123823
4: -907578 -514425 156275 123823
3: 910322 -117325 123823 123823
1: 912247 41515 -672280 123823
3: 912247 -41515 504210 123823
1: 912247 117649 -291610 123823
2: -912247 117649 -229674 123823
3: 912247 -117649 123540 123823
4: -912247 -117649 397744 123823
1: 912247 207575 -201684 123823
3: 912247 -207575 33614 123823
2: -912247 313709 -33614 123823
4: -912247 -313709 201684 123823
1: 912247 588245 -125550 123823
3: 912247 -588245 -42520 123823
3: 919106 -81977 215061 123823
1: 919106 285719 -169043 123823
2: -928853 780325 35378 123823
1: 931588 130321 -270676 123823
2: -931588 130321 -199920 123823
1: 935712 252105 -179417 123823
1: 941192 32585 -836798 123823
3: 941192 -34295 636234 123823
1: 941192 43169 -651605 123823
3: 941192 -83695 212629 123823
3: 941192 -123823 117325 123823
4: -941192 -123823 377967 123823
2: -941192 124849 -212629 123823
1: 941192 130321 -270315 123823
2: -941192 130321 -200281 123823
1: 941192 240065 -183977 123823
1: 941192 318041 -158840 123823
1: 941192 585865 -123462 123823
4: -941192 -873943 123462 123823
3: 941192 -912247 -54470 123823
4: -941192 -912247 121698 123823
1: 946542 144039 -252105 123823
3: 950796 -957999 -54872 123823
4: -957999 -64827 644746 123823
1: 957999 390963 -143248 123823
1: 957999 569037 -123462 123823
4: -957999 -842751 123462 123823
3: 959714 -117649 130321 123823
4: -959714 -117649 390963 123823
3: 972062 -130321 111475 123823
4: -972062 -130321 359121 123823
2: -973978 84035 -355775 123823
2: -974806 459553 -798 123823
3: 974806 -733913 -44821 123823
4: -979608 -308655 196441 123823
1: 980476 130321 -268912 123823
2: -980476 130321 -201684 123823
1: 990584 117649 -289161 123823
2: -990584 117649 -232123 123823
1: 990584 130321 -268569 123823
2: -991613 228095 -82308 123823
