Command line:- ../do_t 2023 1000000
1: 4 1309 -378301 2023
1: 4 1421 -751689 2023
1: 6 1071 447083 2023
2: -7 1343 275128 2023
1: 7 1445 -473382 2023
1: 12 1785 -550256 2023
2: -12 2601 906304 2023
2: -13 2597 835210 2023
1: 14 833 658342 2023
2: -14 833 -677994 2023
1: 14 863 584647 2023
2: -14 871 -584647 2023
2: -14 1139 -103173 2023
2: -14 3283 918731 2023
2: -14 3757 987224 2023
1: 16 833 574821 2023
2: -16 833 -594473 2023
1: 16 4913 -964614 2023
2: -16 4913 961282 2023
1: 17 2485 -619038 2023
2: -17 2513 619038 2023
1: 17 3479 -786080 2023
2: -18 735 -751689 2023
2: -18 9537 991270 2023
1: 21 867 380324 2023
1: 21 1029 167042 2023
1: 21 2091 -412692 2023
2: -21 7497 815558 2023
2: -21 14841 894166 2023
2: -21 44217 947478 2023
4: -21 -127449 983756 2023
1: 21 250563 -969724 2023
4: -21 -252297 979132 2023
1: 21 297381 -970462 2023
1: 21 604299 -972468 2023
1: 21 717213 -972774 2023
2: -21 727209 972774 2023
4: -21 -751689 975996 2023
1: 22 10115 -819315 2023
1: 22 11809 -835210 2023
3: 22 -34391 -962710 2023
4: -22 -34391 963186 2023
1: 22 716975 -928557 2023
2: -22 727447 928557 2023
1: 23 38437 -861798 2023
1: 23 91613 -877982 2023
3: 23 -240737 -894132 2023
4: -23 -240737 894200 2023
1: 26 22253 -744464 2023
1: 26 26803 -751689 2023
3: 26 -158083 -793016 2023
3: 26 -240737 -790959 2023
4: -26 -240737 791027 2023
1: 27 2499 -393040 2023
4: -27 -42483 779722 2023
4: -27 -136119 764694 2023
2: -27 191607 753032 2023
1: 27 715785 -756602 2023
2: -27 728637 756602 2023
1: 28 833 324258 2023
2: -28 1445 111265 2023
2: -28 2125 309519 2023
1: 28 4913 -551922 2023
2: -28 4913 548590 2023
4: -28 -5831 884340 2023
2: -28 7225 606900 2023
4: -28 -8575 835210 2023
1: 28 14161 -668746 2023
3: 28 -14603 -790993 2023
2: -28 24565 694365 2023
4: -28 -29155 761515 2023
2: -28 36125 706027 2023
3: 28 -42091 -751689 2023
4: -28 -42875 751689 2023
1: 28 83521 -720286 2023
2: -28 83521 720090 2023
4: -28 -99127 739840 2023
2: -28 122825 723520 2023
4: -28 -145775 736950 2023
1: 28 240737 -727158 2023
3: 28 -248251 -734349 2023
2: -28 417605 728665 2023
4: -28 -495635 732615 2023
2: -28 614125 729351 2023
3: 28 -715547 -732037 2023
4: -28 -728875 732037 2023
4: -29 -22253 744464 2023
4: -29 -463981 707472 2023
1: 32 4913 -483140 2023
2: -32 4913 479808 2023
1: 32 14161 -585225 2023
2: -32 14161 584069 2023
1: 32 347089 -637245 2023
3: 33 -2601 -906304 2023
1: 33 7497 -520778 2023
2: -33 73695 609756 2023
4: -33 -212415 623662 2023
1: 33 714357 -619038 2023
2: -33 730065 619038 2023
2: -34 931 -191607 2023
1: 34 2471 -309519 2023
3: 34 -2471 -894166 2023
2: -34 2527 309519 2023
4: -34 -2527 894166 2023
1: 34 17297 -560082 2023
3: 34 -17297 -643603 2023
2: -34 17689 560082 2023
4: -34 -17689 643603 2023
1: 34 83521 -593194 2023
2: -34 83521 592998 2023
3: 34 -83521 -610491 2023
4: -34 -83521 610687 2023
1: 34 584647 -600607 2023
2: -34 584647 600579 2023
3: 34 -584647 -603078 2023
4: -34 -584647 603106 2023
4: -36 -4539 722211 2023
4: -36 -8211 653429 2023
3: 36 -41979 -584647 2023
4: -36 -42987 584647 2023
1: 36 103173 -561799 2023
4: -36 -250563 571193 2023
1: 37 9265 -481474 2023
3: 37 -15895 -594762 2023
1: 37 240737 -550290 2023
2: -37 240737 550222 2023
3: 38 -14161 -584069 2023
4: -38 -14161 585225 2023
3: 38 -54859 -550256 2023
1: 38 447083 -537047 2023
3: 39 -2499 -776254 2023
2: -39 127449 519622 2023
1: 41 34391 -481712 2023
2: -41 34391 481236 2023
3: 41 -293363 -501126 2023
4: -41 -301399 501126 2023
1: 42 441 835210 2023
1: 42 765 275128 2023
2: -42 867 -204323 2023
3: 42 -2205 -751689 2023
4: -42 -2499 727124 2023
1: 42 2601 -262990 2023
3: 42 -2907 -687820 2023
3: 42 -7497 -564995 2023
1: 42 8379 -417605 2023
3: 42 -13005 -532049 2023
1: 42 14535 -447083 2023
4: -42 -14739 527884 2023
2: -42 14943 447083 2023
1: 42 37485 -471648 2023
3: 42 -41895 -501126 2023
2: -42 42483 473093 2023
4: -42 -43071 501126 2023
3: 42 -44217 -500395 2023
1: 42 49419 -475405 2023
1: 42 127449 -482630 2023
3: 42 -142443 -491300 2023
1: 42 221085 -484568 2023
3: 42 -247095 -489566 2023
2: -42 250563 484813 2023
4: -42 -254031 489566 2023
3: 42 -637245 -488121 2023
1: 42 712215 -486387 2023
4: -42 -722211 488036 2023
2: -42 732207 486387 2023
1: 42 751689 -486430 2023
3: 42 -840123 -487900 2023
2: -43 70805 467602 2023
3: 43 -101711 -481474 2023
4: -43 -104635 481474 2023
3: 43 -948209 -476476 2023
4: -44 -2227 722211 2023
3: 44 -34391 -481236 2023
4: -44 -34391 481712 2023
2: -46 4949 334084 2023
1: 46 16541 -412692 2023
1: 46 211259 -442323 2023
3: 46 -240737 -447049 2023
4: -46 -240737 447117 2023
1: 48 561 481474 2023
3: 48 -9231 -481474 2023
4: -48 -18207 455175 2023
1: 48 27489 -407779 2023
2: -48 60417 417605 2023
1: 48 162129 -423164 2023
2: -48 356337 424830 2023
3: 48 -452319 -427431 2023
1: 49 853 167042 2023
2: -49 881 -167042 2023
1: 49 2023 -171088 2023
2: -49 2023 162996 2023
3: 49 -2023 -664122 2023
4: -49 -2023 672214 2023
1: 49 4913 -316098 2023
2: -49 4913 312766 2023
3: 49 -4913 -519112 2023
4: -49 -4913 522444 2023
1: 49 5971 -334084 2023
3: 49 -5971 -501126 2023
2: -49 6167 334084 2023
4: -49 -6167 501126 2023
1: 49 14501 -383214 2023
3: 49 -14501 -451996 2023
2: -49 14977 383214 2023
4: -49 -14977 451996 2023
1: 49 34391 -403104 2023
2: -49 34391 402628 2023
3: 49 -34391 -432106 2023
4: -49 -34391 432582 2023
1: 49 83521 -411634 2023
2: -49 83521 411438 2023
3: 49 -83521 -423576 2023
4: -49 -83521 423772 2023
3: 49 -101507 -422518 2023
4: -49 -104839 422518 2023
1: 49 246517 -415582 2023
3: 49 -246517 -419628 2023
2: -49 254609 415582 2023
4: -49 -254609 419628 2023
3: 49 -584647 -418458 2023
4: -49 -584647 418486 2023
1: 51 351 962948 2023
2: -51 363 -962948 2023
1: 51 1323 -39304 2023
4: -51 -1617 707472 2023
1: 51 2457 -206346 2023
2: -51 2541 206346 2023
1: 51 17199 -373388 2023
2: -51 17787 373388 2023
2: -51 250563 399252 2023
1: 52 993769 -393040 2023
3: 53 -4913 -479808 2023
4: -53 -4913 483140 2023
2: -53 11305 343910 2023
1: 53 25721 -368186 2023
2: -54 2499 191607 2023
2: -54 10437 334084 2023
3: 54 -42483 -389572 2023
2: -54 176001 376278 2023
1: 54 709359 -378301 2023
2: -54 735063 378301 2023
1: 56 833 157216 2023
2: -56 833 -176868 2023
3: 56 -1127 -751689 2023
1: 56 4913 -276794 2023
2: -56 4913 273462 2023
3: 56 -6647 -430899 2023
1: 56 14161 -334662 2023
2: -56 14161 333506 2023
3: 56 -19159 -388127 2023
1: 56 83521 -360192 2023
2: -56 83521 359996 2023
3: 56 -112999 -369257 2023
1: 56 240737 -363596 2023
2: -56 240737 363528 2023
3: 56 -325703 -366741 2023
1: 57 73695 -353192 2023
4: -58 -357493 354025 2023
4: -59 -46529 356048 2023
3: 61 -90457 -339864 2023
1: 61 291403 -334084 2023
2: -61 303359 334084 2023
1: 62 4165 -235824 2023
1: 62 8381 -283220 2023
2: -62 468979 329171 2023
4: -63 -867 788970 2023
2: -63 14739 297500 2023
3: 63 -41601 -334084 2023
4: -63 -43365 334084 2023
4: -63 -250563 326410 2023
1: 63 707217 -324258 2023
2: -63 737205 324258 2023
1: 64 4913 -242403 2023
2: -64 4913 239071 2023
4: -66 -574821 310709 2023
1: 66 706503 -309519 2023
2: -66 737919 309519 2023
1: 68 349 722211 2023
2: -68 365 -722211 2023
3: 68 -2443 -447083 2023
4: -68 -2555 447083 2023
2: -68 3577 196520 2023
1: 68 17101 -280041 2023
2: -68 17885 280041 2023
1: 68 83521 -296646 2023
2: -68 83521 296450 2023
2: -68 417605 300027 2023
3: 68 -584647 -301532 2023
4: -68 -584647 301560 2023
1: 69 441 501126 2023
4: -69 -14739 321538 2023
1: 72 30345 -273105 2023
2: -72 38913 275128 2023
4: -72 -115311 287266 2023
1: 72 342465 -283220 2023
2: -73 67235 275128 2023
1: 74 240737 -275162 2023
2: -74 240737 275094 2023
1: 76 80801 -265302 2023
3: 77 -1105 -550256 2023
1: 77 3185 -167042 2023
1: 77 3757 -182070 2023
3: 77 -10829 -294780 2023
2: -77 99127 262412 2023
3: 77 -244205 -267036 2023
1: 77 703885 -265302 2023
2: -77 740537 265302 2023
1: 77 830297 -265370 2023
4: -78 -2499 393040 2023
4: -78 -30345 273105 2023
4: -78 -368475 263228 2023
1: 78 397953 -261562 2023
4: -78 -503727 262990 2023
1: 79 74273 -254898 2023
1: 81 722211 -252212 2023
1: 82 34391 -240975 2023
2: -82 34391 240499 2023
3: 82 -289345 -250563 2023
4: -82 -305417 250563 2023
4: -83 -8381 283220 2023
3: 84 -843 -584647 2023
4: -84 -891 584647 2023
3: 84 -2499 -358649 2023
2: -84 3969 167042 2023
3: 84 -14739 -263109 2023
2: -84 23409 230622 2023
3: 84 -41307 -250563 2023
4: -84 -43659 250563 2023
3: 84 -243627 -244783 2023
4: -84 -257499 244783 2023
3: 84 -722211 -244001 2023
3: 86 -833 -574821 2023
4: -86 -833 594473 2023
2: -86 9401 206346 2023
3: 86 -100249 -240737 2023
4: -86 -106097 240737 2023
3: 88 -34391 -240499 2023
4: -88 -34391 240975 2023
1: 88 143633 -230622 2023
1: 89 83521 -226674 2023
2: -89 83521 226478 2023
1: 91 14297 -206346 2023
2: -91 15181 206346 2023
3: 91 -24157 -235824 2023
1: 91 142477 -223006 2023
3: 91 -240737 -225964 2023
4: -91 -240737 226032 2023
3: 92 -918731 -222705 2023
1: 93 18921 -206346 2023
3: 96 -1071 -447083 2023
3: 96 -309519 -213962 2023
1: 98 289 639846 2023
2: -98 289 -696490 2023
2: -98 595 -230911 2023
4: -98 -595 648516 2023
1: 98 839 83521 2023
3: 98 -839 -501126 2023
2: -98 895 -83521 2023
4: -98 -895 501126 2023
4: -98 -1253 417605 2023
2: -98 1445 27744 2023
4: -98 -1445 389861 2023
1: 98 2023 -87567 2023
2: -98 2023 79475 2023
3: 98 -2023 -330038 2023
4: -98 -2023 338130 2023
2: -98 3043 122825 2023
4: -98 -3043 294780 2023
1: 98 4913 -158882 2023
2: -98 4913 155550 2023
3: 98 -4913 -258723 2023
4: -98 -4913 262055 2023
1: 98 5873 -167042 2023
3: 98 -5873 -250563 2023
2: -98 6265 167042 2023
4: -98 -6265 250563 2023
2: -98 10115 182937 2023
1: 98 14263 -191607 2023
3: 98 -14263 -225998 2023
2: -98 15215 191607 2023
4: -98 -15215 225998 2023
2: -98 21301 196520 2023
4: -98 -21301 221085 2023
2: -98 24565 198152 2023
4: -98 -24565 219453 2023
1: 98 34391 -201671 2023
2: -98 34391 201195 2023
3: 98 -34391 -215934 2023
4: -98 -34391 216410 2023
2: -98 51731 203745 2023
4: -98 -51731 213860 2023
1: 98 83521 -205866 2023
2: -98 83521 205670 2023
3: 98 -83521 -211739 2023
4: -98 -83521 211935 2023
3: 98 -99841 -211259 2023
4: -98 -106505 211259 2023
2: -98 171955 207281 2023
4: -98 -171955 210324 2023
1: 98 242471 -207791 2023
3: 98 -242471 -209814 2023
2: -98 258655 207791 2023
4: -98 -258655 209814 2023
2: -98 362117 208080 2023
4: -98 -362117 209525 2023
2: -98 417605 208176 2023
4: -98 -417605 209429 2023
3: 98 -584647 -209222 2023
4: -98 -584647 209250 2023
2: -98 879427 208505 2023
4: -98 -879427 209100 2023
3: 99 -250563 -207662 2023
1: 99 698649 -206346 2023
2: -99 745773 206346 2023
1: 102 345 481474 2023
2: -102 369 -481474 2023
4: -102 -441 771341 2023
3: 102 -483 -687820 2023
3: 102 -735 -520778 2023
1: 102 2415 -103173 2023
2: -102 2583 103173 2023
3: 102 -3381 -270215 2023
1: 102 16905 -186694 2023
2: -102 18081 186694 2023
1: 102 250563 -199675 2023
4: -102 -751689 200949 2023
1: 103 637 167042 2023
2: -103 20825 186694 2023
1: 103 584647 -198268 2023
2: -103 584647 198240 2023
4: -106 -1309 378301 2023
3: 106 -4913 -239071 2023
4: -106 -4913 242403 2023
3: 107 -171955 -192542 2023
4: -108 -42483 195075 2023
1: 112 289 556325 2023
2: -112 289 -612969 2023
4: -112 -527 619038 2023
1: 112 833 73695 2023
2: -112 833 -93347 2023
4: -112 -1519 334084 2023
1: 112 4913 -139230 2023
2: -112 4913 135898 2023
4: -112 -8959 208369 2023
1: 112 14161 -167620 2023
2: -112 14161 166464 2023
4: -112 -25823 191607 2023
1: 112 83521 -180145 2023
2: -112 83521 179949 2023
4: -112 -152303 184212 2023
1: 112 240737 -181815 2023
2: -112 240737 181747 2023
4: -112 -438991 183226 2023
4: -113 -4165 235824 2023
3: 114 -486387 -179928 2023
3: 116 -1547 -309519 2023
1: 116 22001 -167042 2023
2: -117 14739 159936 2023
2: -117 28077 167042 2023
2: -118 150059 171955 2023
4: -118 -319345 174097 2023
1: 119 2401 -88434 2023
3: 119 -2401 -255476 2023
2: -119 2597 88434 2023
4: -119 -2597 255476 2023
1: 119 83521 -169554 2023
2: -119 83521 169358 2023
3: 119 -83521 -174356 2023
4: -119 -83521 174552 2023
2: -122 7021 137564 2023
1: 122 50575 -163863 2023
1: 122 285425 -167042 2023
2: -122 309337 167042 2023
3: 123 -285327 -167042 2023
4: -123 -309435 167042 2023
3: 126 -867 -380324 2023
2: -126 2193 68782 2023
1: 126 14739 -149583 2023
4: -126 -37281 167909 2023
3: 126 -40719 -167042 2023
4: -126 -44247 167042 2023
3: 126 -250563 -163156 2023
2: -126 633777 162078 2023
1: 126 692223 -162129 2023
2: -126 752199 162129 2023
4: -128 -28175 167042 2023
4: -128 -50575 163863 2023
3: 129 -21903 -167042 2023
3: 129 -103173 -160412 2023
2: -129 142443 157216 2023
1: 132 54621 -151725 2023
3: 133 -14161 -166464 2023
4: -133 -14161 167620 2023
1: 136 217 653429 2023
3: 136 -1519 -265302 2023
1: 136 83521 -148372 2023
2: -136 83521 148176 2023
3: 136 -584647 -150759 2023
4: -136 -584647 150787 2023
3: 137 -299693 -149940 2023
3: 138 -14739 -159936 2023
4: -138 -54621 151725 2023
1: 142 920465 -143922 2023
4: -143 -7595 167042 2023
2: -144 4641 103173 2023
3: 146 -260389 -140777 2023
1: 147 165 835210 2023
3: 147 -231 -835210 2023
1: 147 255 491300 2023
3: 147 -357 -589560 2023
1: 147 525 167042 2023
1: 147 561 147390 2023
3: 147 -825 -334084 2023
1: 147 867 46240 2023
4: -147 -909 334084 2023
4: -147 -1071 304606 2023
3: 147 -1275 -265302 2023
1: 147 1785 -49130 2023
2: -147 2601 71094 2023
3: 147 -2805 -196520 2023
1: 147 3927 -98260 2023
3: 147 -4335 -176290 2023
3: 147 -5775 -167042 2023
1: 147 6069 -112710 2023
4: -147 -6363 167042 2023
3: 147 -8925 -157216 2023
3: 147 -9537 -156060 2023
1: 147 14025 -127738 2023
3: 147 -14739 -150110 2023
2: -147 15453 127738 2023
3: 147 -19635 -147390 2023
1: 147 21675 -131784 2023
3: 147 -30345 -144500 2023
4: -147 -44217 143208 2023
1: 147 47685 -135830 2023
1: 147 73695 -137020 2023
3: 147 -103173 -140760 2023
1: 147 151725 -138142 2023
1: 147 162129 -138210 2023
3: 147 -238425 -139876 2023
1: 147 250563 -138560 2023
4: -147 -262701 139876 2023
4: -147 -309519 139774 2023
1: 147 333795 -138720 2023
3: 147 -368475 -139638 2023
1: 147 515865 -138890 2023
2: -147 751689 138966 2023
3: 147 -810645 -139400 2023
1: 148 240737 -137598 2023
2: -148 240737 137530 2023
3: 149 -686749 -137564 2023
4: -149 -757673 137564 2023
2: -153 735 -98260 2023
1: 153 2373 -68782 2023
2: -153 2625 68782 2023
3: 153 -250563 -134358 2023
3: 154 -237847 -133518 2023
4: -154 -263279 133518 2023
1: 154 685559 -132651 2023
2: -154 758863 132651 2023
2: -156 153 -962948 2023
3: 156 -2499 -191607 2023
4: -161 -4067 167042 2023
3: 161 -13957 -137564 2023
4: -161 -15521 137564 2023
3: 161 -240737 -127704 2023
4: -161 -240737 127772 2023
4: -161 -918731 127274 2023
3: 162 -73695 -128282 2023
2: -162 722211 126089 2023
4: -167 -269059 123114 2023
1: 168 153 790993 2023
4: -168 -735 334084 2023
3: 168 -3087 -167042 2023
4: -168 -3111 171955 2023
4: -168 -4335 157794 2023
1: 168 44217 -118643 2023
4: -168 -152439 122825 2023
4: -168 -212415 122536 2023
3: 168 -892143 -121958 2023
4: -168 -899079 121975 2023
1: 172 70805 -117045 2023
2: -173 245 -501126 2023
3: 173 -7021 -137564 2023
2: -174 564417 117334 2023
4: -178 -70805 117045 2023
1: 178 83521 -113386 2023
2: -178 83521 113190 2023
3: 181 -584647 -113274 2023
4: -181 -584647 113302 2023
3: 182 -289 -556325 2023
4: -182 -289 612969 2023
1: 182 13855 -103173 2023
2: -182 15623 103173 2023
3: 182 -240737 -112965 2023
4: -182 -240737 113033 2023
2: -184 11849 99127 2023
4: -186 -47481 112999 2023
3: 187 -335 -481474 2023
4: -187 -379 481474 2023
3: 187 -3283 -147390 2023
1: 189 2499 -58956 2023
4: -189 -42483 111554 2023
1: 189 677229 -108086 2023
2: -189 767193 108086 2023
1: 191 155771 -106352 2023
1: 194 52003 -103173 2023
4: -194 -155771 106352 2023
2: -196 221 -506039 2023
1: 196 289 305762 2023
2: -196 289 -362406 2023
2: -196 497 -167042 2023
3: 196 -811 -250563 2023
4: -196 -923 250563 2023
4: -196 -1207 216172 2023
4: -196 -1547 191607 2023
3: 196 -2023 -162996 2023
4: -196 -2023 171088 2023
2: -196 3757 68493 2023
1: 196 4913 -80274 2023
2: -196 4913 76942 2023
1: 196 5677 -83521 2023
2: -196 6461 83521 2023
2: -196 8449 88434 2023
3: 196 -13787 -112999 2023
4: -196 -15691 112999 2023
4: -196 -20519 110976 2023
4: -196 -26299 109531 2023
3: 196 -34391 -107848 2023
4: -196 -34391 108324 2023
2: -196 63869 102289 2023
1: 196 83521 -102982 2023
2: -196 83521 102786 2023
2: -196 143633 103462 2023
3: 196 -234379 -104907 2023
4: -196 -266747 104907 2023
4: -196 -348823 104788 2023
4: -196 -447083 104703 2023
3: 196 -584647 -104604 2023
4: -196 -584647 104632 2023
4: -198 -250563 103880 2023
1: 198 675087 -103173 2023
2: -198 769335 103173 2023
4: -201 -153 962948 2023
1: 202 24565 -96628 2023
3: 202 -61285 -103173 2023
2: -203 425 -206346 2023
4: -203 -122825 101864 2023
1: 204 333 240737 2023
2: -204 381 -240737 2023
1: 204 441 157216 2023
1: 204 16317 -93347 2023
2: -204 18669 93347 2023
1: 204 751689 -100156 2023
1: 206 584647 -99141 2023
2: -206 584647 99113 2023
2: -212 86989 95081 2023
3: 217 -99127 -95370 2023
3: 217 -564995 -94486 2023
3: 218 -86989 -95081 2023
3: 221 -2317 -137564 2023
4: -221 -2681 137564 2023
1: 222 91035 -91035 2023
4: -223 -24565 96628 2023
1: 224 4913 -70448 2023
2: -224 4913 67116 2023
1: 224 14161 -84099 2023
2: -224 40817 88434 2023
3: 226 -11849 -99127 2023
4: -228 -91035 91035 2023
3: 231 -231489 -89012 2023
4: -231 -269637 89012 2023
1: 231 667233 -88434 2023
2: -231 777189 88434 2023
2: -232 95081 86989 2023
1: 234 14739 -80801 2023
1: 236 55777 -84966 2023
1: 237 12495 -78608 2023
2: -238 245 -373388 2023
4: -238 -245 545343 2023
2: -238 539 -122825 2023
4: -238 -539 294780 2023
1: 238 2303 -44217 2023
3: 238 -2303 -127738 2023
2: -238 2695 44217 2023
4: -238 -2695 127738 2023
1: 238 83521 -84826 2023
2: -238 83521 84630 2023
3: 238 -83521 -87129 2023
4: -238 -83521 87325 2023
2: -238 417605 85708 2023
4: -238 -417605 86247 2023
2: -238 918731 85855 2023
4: -238 -918731 86100 2023
4: -243 -147 835210 2023
1: 244 273469 -83521 2023
2: -244 321293 83521 2023
4: -244 -407779 84133 2023
3: 246 -4641 -103173 2023
3: 246 -273273 -83521 2023
4: -246 -321489 83521 2023
4: -252 -867 204323 2023
3: 252 -12495 -88434 2023
3: 252 -38955 -83521 2023
4: -252 -46011 83521 2023
4: -252 -250563 81627 2023
4: -258 -103173 80325 2023
1: 259 240737 -78642 2023
2: -259 240737 78574 2023
2: -262 323 -240737 2023
2: -264 7497 63869 2023
2: -266 697 -68782 2023
4: -266 -1127 167042 2023
4: -266 -14161 84099 2023
4: -266 -112999 77826 2023
4: -267 -430899 76874 2023
3: 272 -175 -550256 2023
1: 272 3185 -49130 2023
1: 272 83521 -74235 2023
2: -272 83521 74039 2023
3: 273 -2499 -108086 2023
1: 273 13413 -68782 2023
4: -276 -14739 80801 2023
1: 282 255 240737 2023
1: 286 28441 -68782 2023
3: 287 -771341 -71400 2023
4: -288 -12495 78608 2023
2: -288 384081 70805 2023
1: 289 133 513842 2023
3: 289 -133 -655452 2023
2: -289 161 -513842 2023
4: -289 -161 655452 2023
1: 289 931 12716 2023
3: 289 -931 -154326 2023
2: -289 1127 -12716 2023
4: -289 -1127 154326 2023
1: 289 83521 -69874 2023
2: -289 83521 69678 2023
3: 289 -83521 -71736 2023
4: -289 -83521 71932 2023
1: 289 584647 -70672 2023
2: -289 584647 70644 2023
3: 289 -584647 -70938 2023
4: -289 -584647 70966 2023
1: 294 189 334084 2023
4: -294 -357 329171 2023
3: 294 -459 -235824 2023
3: 294 -783 -167042 2023
2: -294 867 -37281 2023
4: -294 -951 167042 2023
3: 294 -3213 -93347 2023
3: 294 -5481 -83521 2023
2: -294 6069 54332 2023
4: -294 -6657 83521 2023
1: 294 7803 -59823 2023
1: 294 13311 -63869 2023
4: -294 -14739 75888 2023
2: -294 16167 63869 2023
1: 294 54621 -68204 2023
4: -294 -103173 70499 2023
3: 294 -132651 -70176 2023
3: 294 -226287 -69938 2023
2: -294 250563 69231 2023
4: -294 -274839 69938 2023
3: 294 -928557 -69683 2023
1: 296 240737 -68816 2023
2: -296 240737 68748 2023
1: 297 651525 -68782 2023
2: -297 792897 68782 2023
3: 298 -651287 -68782 2023
4: -298 -793135 68782 2023
3: 299 -240737 -68748 2023
4: -299 -240737 68816 2023
3: 301 -833 -157216 2023
4: -301 -833 176868 2023
1: 306 2247 -34391 2023
2: -306 2751 34391 2023
4: -306 -250563 67228 2023
3: 308 -225131 -66759 2023
4: -308 -275995 66759 2023
3: 309 -28203 -68782 2023
1: 312 127449 -65025 2023
4: -318 -127449 65025 2023
3: 322 -1445 -111265 2023
3: 322 -13175 -68782 2023
3: 322 -240737 -63835 2023
1: 323 203 275128 2023
1: 323 15631 -58956 2023
2: -323 19355 58956 2023
2: -329 25823 58956 2023
1: 332 85 722211 2023
1: 334 9163 -54043 2023
3: 343 -119 -599386 2023
4: -343 -119 736950 2023
4: -343 -10115 67626 2023
1: 343 91511 -58956 2023
2: -343 114835 58956 2023
1: 343 584647 -59548 2023
2: -343 584647 59520 2023
4: -348 -735 167042 2023
2: -348 162129 58310 2023
4: -348 -512295 58956 2023
1: 352 41905 -56644 2023
1: 356 83521 -56742 2023
2: -356 83521 56546 2023
2: -357 147 -471648 2023
3: 357 -441 -196520 2023
1: 357 2205 -29478 2023
2: -357 2793 29478 2023
2: -357 250563 57008 2023
3: 357 -751689 -57400 2023
3: 362 -584647 -56630 2023
4: -362 -584647 56658 2023
3: 366 -7497 -63869 2023
3: 371 -4913 -67116 2023
4: -371 -4913 70448 2023
2: -372 44217 53312 2023
1: 372 151725 -54621 2023
4: -373 -41905 56644 2023
3: 374 -313 -240737 2023
4: -374 -401 240737 2023
4: -378 -255 343910 2023
3: 378 -1173 -103173 2023
2: -378 2499 24565 2023
4: -378 -11271 60690 2023
3: 378 -42483 -55488 2023
1: 378 632247 -54043 2023
2: -378 812175 54043 2023
1: 381 147 334084 2023
3: 382 -85 -722211 2023
2: -392 89 -751689 2023
3: 392 -151 -417605 2023
1: 392 289 138720 2023
2: -392 289 -195364 2023
4: -392 -623 167042 2023
2: -392 1513 4913 2023
3: 392 -2023 -79475 2023
4: -392 -2023 87567 2023
3: 392 -2567 -73695 2023
1: 392 4913 -40970 2023
2: -392 4913 37638 2023
4: -392 -10591 58956 2023
1: 392 17969 -49130 2023
2: -392 25721 49419 2023
3: 392 -34391 -53805 2023
4: -392 -34391 54281 2023
3: 392 -43639 -53465 2023
1: 392 83521 -51540 2023
2: -392 83521 51344 2023
1: 392 305473 -52020 2023
2: -392 437257 52037 2023
3: 392 -584647 -52295 2023
4: -392 -584647 52323 2023
3: 392 -741863 -52275 2023
3: 393 -44217 -53312 2023
3: 396 -250563 -51891 2023
1: 401 325703 -50864 2023
1: 402 163863 -50575 2023
1: 403 653429 -50694 2023
2: -404 10829 44217 2023
4: -404 -325703 50864 2023
4: -408 -567 171955 2023
2: -413 164101 49130 2023
3: 417 -872151 -49130 2023
3: 422 -79135 -49130 2023
1: 422 171955 -48195 2023
4: -428 -171955 48195 2023
3: 432 -255 -240737 2023
4: -436 -9163 54043 2023
1: 441 357 88434 2023
3: 441 -399 -167042 2023
4: -441 -867 120802 2023
3: 441 -6069 -54332 2023
1: 441 6783 -39304 2023
2: -441 14739 42024 2023
3: 441 -115311 -46818 2023
4: -441 -250563 46658 2023
1: 442 49 933470 2023
3: 442 -2135 -68782 2023
4: -442 -2863 68782 2023
4: -447 -722211 45866 2023
1: 448 49 918731 2023
1: 448 4913 -36057 2023
2: -448 4913 32725 2023
4: -452 -323 240737 2023
1: 462 73695 -43673 2023
4: -462 -288711 44506 2023
1: 462 612255 -44217 2023
2: -462 832167 44217 2023
1: 464 28033 -42483 2023
1: 466 378301 -43792 2023
4: -469 -2431 68782 2023
1: 476 49 854862 2023
3: 476 -2107 -63869 2023
4: -476 -2891 63869 2023
1: 476 83521 -42462 2023
2: -476 83521 42266 2023
4: -483 -14739 46410 2023
3: 486 -147 -334084 2023
1: 498 807177 -41038 2023
3: 506 -10829 -44217 2023
4: -506 -28033 42483 2023
4: -518 -5831 49130 2023
1: 518 240737 -39338 2023
1: 519 322371 -39304 2023
1: 522 212415 -39015 2023
4: -528 -212415 39015 2023
3: 532 -3179 -50575 2023
1: 532 18785 -36414 2023
3: 532 -45815 -39304 2023
2: -534 13923 34391 2023
1: 539 391 58956 2023
3: 539 -8959 -42194 2023
3: 539 -34391 -39066 2023
4: -539 -34391 39542 2023
3: 539 -206057 -38148 2023
4: -539 -295069 38148 2023
3: 539 -790993 -38012 2023
1: 544 49 727124 2023
1: 546 153 206346 2023
4: -546 -2499 58956 2023
1: 546 12087 -34391 2023
2: -546 17391 34391 2023
3: 546 -751689 -37527 2023
2: -552 441 -83521 2023
1: 554 14399 -34391 2023
1: 567 722211 -36040 2023
3: 574 -49 -751689 2023
1: 574 10693 -32368 2023
1: 578 49 674526 2023
3: 578 -49 -745331 2023
2: -578 175 -256921 2023
4: -578 -175 327726 2023
2: -578 245 -173400 2023
4: -578 -245 244205 2023
2: -578 1225 -6358 2023
4: -578 -1225 77163 2023
2: -578 83521 34790 2023
4: -578 -83521 36015 2023
2: -578 417605 35280 2023
4: -578 -417605 35525 2023
2: -578 584647 35315 2023
4: -578 -584647 35490 2023
3: 587 -270215 -34986 2023
3: 588 -51 -702559 2023
4: -588 -63 835210 2023
2: -588 153 -294780 2023
3: 588 -699 -83521 2023
4: -588 -1035 83521 2023
4: -588 -3519 49130 2023
4: -588 -5355 44217 2023
1: 588 6069 -29189 2023
2: -588 13005 30923 2023
3: 588 -14739 -37111 2023
4: -588 -18207 37570 2023
2: -588 44217 33660 2023
3: 588 -202011 -34969 2023
4: -588 -299115 34969 2023
2: -588 418761 34680 2023
1: 592 240737 -34425 2023
2: -592 240737 34357 2023
1: 594 580839 -34391 2023
2: -594 863583 34391 2023
3: 596 -580363 -34391 2023
4: -596 -864059 34391 2023
3: 598 -240737 -34357 2023
4: -598 -240737 34425 2023
3: 602 -833 -73695 2023
4: -602 -833 93347 2023
1: 602 70805 -33524 2023
1: 612 105 275128 2023
4: -612 -1911 58956 2023
3: 612 -250563 -33565 2023
4: -623 -70805 33524 2023
1: 623 83521 -32466 2023
2: -623 83521 32270 2023
1: 631 511819 -32368 2023
4: -634 -511819 32368 2023
3: 636 -13923 -34391 2023
3: 637 -289 -138720 2023
4: -637 -289 195364 2023
1: 637 595 19652 2023
1: 637 11645 -29478 2023
2: -637 17833 29478 2023
3: 644 -11611 -34391 2023
4: -644 -17867 34391 2023
1: 646 13769 -29478 2023
2: -646 21217 29478 2023
3: 651 -51 -619038 2023
4: -656 -14399 34391 2023
2: -658 60979 30345 2023
4: -678 -273105 30345 2023
1: 686 77 334084 2023
3: 686 -119 -265302 2023
4: -686 -119 402866 2023
1: 686 79849 -29478 2023
3: 686 -123403 -30056 2023
2: -686 126497 29478 2023
3: 686 -378301 -29903 2023
1: 686 584647 -29781 2023
2: -686 584647 29753 2023
1: 692 245 83521 2023
3: 693 -250563 -29638 2023
1: 693 557277 -29478 2023
2: -693 887145 29478 2023
3: 697 -49 -589560 2023
4: -697 -49 923644 2023
4: -702 -132447 29478 2023
3: 704 -65807 -29478 2023
1: 707 24565 -27846 2023
1: 712 83521 -28420 2023
2: -712 83521 28224 2023
1: 714 39 653429 2023
1: 714 147 152303 2023
1: 714 1911 -14739 2023
2: -714 3087 14739 2023
1: 714 250563 -28553 2023
2: -714 751689 28602 2023
2: -716 166753 28322 2023
4: -721 -10693 32368 2023
3: 724 -584647 -28308 2023
4: -724 -584647 28336 2023
1: 728 49 501126 2023
2: -728 49 -835210 2023
2: -728 7225 22253 2023
4: -729 -167331 28322 2023
3: 733 -83521 -28224 2023
4: -733 -83521 28420 2023
3: 742 -4913 -32725 2023
4: -742 -4913 36057 2023
2: -749 13583 24276 2023
4: -749 -19159 29478 2023
4: -756 -42483 28033 2023
1: 756 456909 -27013 2023
2: -762 147 -250563 2023
1: 762 309519 -26775 2023
3: 763 -9163 -29478 2023
4: -768 -309519 26775 2023
4: -777 -486387 26418 2023
1: 784 289 55199 2023
2: -784 289 -111843 2023
1: 784 4913 -21318 2023
2: -784 4913 17986 2023
1: 784 83521 -25819 2023
2: -784 83521 25623 2023
2: -798 73695 25109 2023
3: 816 -63 -378301 2023
2: -819 14739 22372 2023
2: -822 63 -584647 2023
2: -828 257397 24565 2023
1: 832 49 417605 2023
2: -832 49 -751689 2023
1: 832 733873 -24565 2023
1: 833 37 560082 2023
3: 833 -37 -609212 2023
2: -833 65 -560082 2023
4: -833 -65 609212 2023
2: -833 91 -393040 2023
4: -833 -91 442170 2023
1: 833 259 58956 2023
3: 833 -259 -108086 2023
2: -833 455 -58956 2023
4: -833 -455 108086 2023
1: 833 83521 -24306 2023
2: -833 83521 24110 2023
3: 833 -83521 -24824 2023
4: -833 -83521 25020 2023
2: -833 417605 24474 2023
4: -833 -417605 24656 2023
3: 833 -584647 -24602 2023
4: -833 -584647 24630 2023
2: -841 681751 24276 2023
1: 842 35 584647 2023
3: 844 -681751 -24276 2023
3: 847 -180625 -24276 2023
4: -847 -320501 24276 2023
3: 861 -459 -68782 2023
1: 867 21 950810 2023
3: 867 -105 -218484 2023
1: 867 147 115600 2023
4: -867 -189 218484 2023
3: 867 -735 -51442 2023
4: -867 -1323 51442 2023
1: 867 250563 -23520 2023
2: -868 4165 14739 2023
1: 872 354025 -23409 2023
4: -878 -354025 23409 2023
1: 882 51 368475 2023
1: 882 105 167042 2023
2: -882 357 -78608 2023
3: 882 -867 -46240 2023
4: -882 -6069 29189 2023
3: 882 -14637 -24565 2023
1: 882 14739 -21845 2023
1: 882 30345 -22542 2023
1: 882 248829 -23120 2023
3: 882 -250563 -23280 2023
3: 882 -515865 -23239 2023
1: 884 49 383214 2023
2: -884 49 -717298 2023
3: 884 -1771 -34391 2023
4: -884 -3227 34391 2023
2: -891 722211 22916 2023
3: 892 -35 -584647 2023
3: 894 -722211 -22916 2023
3: 896 -13583 -24276 2023
3: 902 -49 -417605 2023
4: -902 -49 751689 2023
4: -912 -63 584647 2023
1: 924 7497 -19652 2023
3: 924 -174267 -22253 2023
4: -924 -326859 22253 2023
4: -931 -3179 32946 2023
2: -931 29767 20808 2023
1: 942 382347 -21675 2023
1: 943 437257 -21658 2023
4: -948 -382347 21675 2023
2: -952 49 -677994 2023
3: 952 -343 -73695 2023
1: 952 83521 -21280 2023
2: -952 83521 21084 2023
3: 966 -14739 -22372 2023
1: 969 11907 -19652 2023
2: -969 23079 19652 2023
4: -972 -147 250563 2023
1: 976 790993 -20944 2023
4: -979 -790993 20944 2023
2: -986 77 -412692 2023
2: -986 2107 4913 2023
1: 987 33813 -20230 2023
2: -1007 49147 19652 2023
3: 1022 -7225 -22253 2023
2: -1029 3213 9826 2023
1: 1029 68187 -19652 2023
2: -1029 138159 19652 2023
1: 1036 240737 -19686 2023
2: -1036 240737 19618 2023
3: 1042 -245 -83521 2023
3: 1043 -473977 -19652 2023
4: -1043 -970445 19652 2023
2: -1054 259 -103173 2023
3: 1058 -49147 -19652 2023
1: 1071 1617 -9826 2023
2: -1071 3381 9826 2023
3: 1071 -250563 -19166 2023
1: 1078 17 854862 2023
3: 1078 -731 -39304 2023
4: -1078 -2975 29478 2023
1: 1078 3757 -15028 2023
4: -1078 -5593 24565 2023
2: -1078 10115 15895 2023
3: 1078 -34391 -19414 2023
4: -1078 -34391 19890 2023
3: 1078 -161551 -19074 2023
4: -1078 -339575 19074 2023
1: 1088 49 280041 2023
2: -1088 49 -614125 2023
4: -1089 -250563 18914 2023
3: 1092 -2499 -24565 2023
2: -1092 127449 18496 2023
3: 1113 -127449 -18496 2023
3: 1122 -2205 -24565 2023
1: 1127 119 98260 2023
2: -1127 119 -235824 2023
4: -1127 -203 167042 2023
3: 1127 -1445 -27744 2023
3: 1127 -9265 -19652 2023
2: -1127 11849 15606 2023
4: -1127 -20213 19652 2023
4: -1128 -455175 18207 2023
2: -1134 722211 18003 2023
1: 1156 49 253742 2023
2: -1156 49 -587826 2023
3: 1156 -91 -163863 2023
4: -1156 -203 163863 2023
1: 1156 637 3179 2023
2: -1156 1421 -3179 2023
1: 1156 83521 -17542 2023
2: -1156 83521 17346 2023
3: 1156 -584647 -17724 2023
4: -1156 -584647 17752 2023
1: 1162 85 137564 2023
4: -1172 -879427 17493 2023
2: -1173 441 -49130 2023
3: 1176 -1071 -29478 2023
1: 1176 2601 -12427 2023
3: 1176 -309519 -17442 2023
1: 1176 751689 -17383 2023
4: -1182 -441 83521 2023
2: -1197 51 -550256 2023
1: 1222 142477 -16660 2023
1: 1232 17 687820 2023
4: -1243 -142477 16660 2023
1: 1246 83521 -16282 2023
2: -1246 83521 16086 2023
3: 1258 -133 -103173 2023
3: 1267 -17 -687820 2023
1: 1272 515865 -16065 2023
3: 1274 -289 -55199 2023
4: -1274 -289 111843 2023
1: 1274 8551 -14739 2023
2: -1274 20927 14739 2023
4: -1278 -515865 16065 2023
4: -1281 -7497 19652 2023
4: -1288 -466735 15946 2023
1: 1292 10045 -14739 2023
2: -1292 24941 14739 2023
4: -1302 -51 550256 2023
1: 1302 44217 -15470 2023
3: 1309 -49 -235824 2023
4: -1309 -49 569908 2023
2: -1314 32487 14739 2023
2: -1323 4335 9248 2023
2: -1326 1323 -4913 2023
3: 1337 -85 -137564 2023
3: 1372 -119 -98260 2023
4: -1372 -119 235824 2023
3: 1372 -10115 -15895 2023
1: 1372 56525 -14739 2023
2: -1372 149821 14739 2023
3: 1372 -859775 -14926 2023
4: -1386 -250563 14868 2023
1: 1386 392343 -14739 2023
3: 1394 -49 -211259 2023
4: -1394 -49 545343 2023
2: -1414 527 -34391 2023
3: 1416 -32487 -14739 2023
4: -1421 -5491 19074 2023
1: 1424 83521 -14259 2023
2: -1424 83521 14063 2023
4: -1428 -735 49130 2023
1: 1434 84099 -14161 2023
1: 1444 919309 -14161 2023
3: 1446 -918153 -14161 2023
3: 1448 -584647 -14147 2023
4: -1448 -584647 14175 2023
1: 1456 49 167042 2023
2: -1456 49 -501126 2023
3: 1466 -83521 -14063 2023
4: -1466 -83521 14259 2023
4: -1476 -84099 14161 2023
2: -1502 608923 13583 2023
3: 1508 -608923 -13583 2023
1: 1513 83521 -13426 2023
2: -1513 83521 13230 2023
1: 1547 49 147390 2023
3: 1547 -1225 -19652 2023
4: -1547 -3773 19652 2023
1: 1568 17 437257 2023
1: 1568 4913 -11492 2023
2: -1568 4913 8160 2023
2: -1568 532049 13005 2023
1: 1572 637245 -13005 2023
4: -1578 -637245 13005 2023
3: 1582 -4165 -14739 2023
1: 1589 289867 -12852 2023
4: -1617 -357 78608 2023
3: 1617 -117045 -12716 2023
4: -1617 -384081 12716 2023
3: 1632 -15 -481474 2023
1: 1638 14739 -12019 2023
2: -1642 665567 12427 2023
3: 1648 -665567 -12427 2023
1: 1666 7 948209 2023
3: 1666 -7 -972774 2023
1: 1666 23 280041 2023
3: 1666 -23 -304606 2023
2: -1666 79 -280041 2023
4: -1666 -79 304606 2023
1: 1666 161 29478 2023
3: 1666 -161 -54043 2023
2: -1666 553 -29478 2023
4: -1666 -553 54043 2023
1: 1666 83521 -12202 2023
2: -1666 83521 12006 2023
3: 1666 -83521 -12363 2023
4: -1666 -83521 12559 2023
3: 1666 -584647 -12294 2023
4: -1666 -584647 12322 2023
2: -1683 105 -206346 2023
4: -1683 -250563 12250 2023
2: -1694 99127 11849 2023
3: 1694 -110687 -12138 2023
4: -1701 -147 167042 2023
3: 1722 -368475 -11900 2023
3: 1734 -9 -693889 2023
4: -1734 -33 693889 2023
3: 1734 -63 -109242 2023
2: -1734 147 -141321 2023
4: -1734 -231 109242 2023
3: 1734 -441 -25721 2023
4: -1734 -1617 25721 2023
2: -1734 250563 11711 2023
3: 1734 -751689 -11809 2023
3: 1736 -99127 -11849 2023
4: -1743 -56355 12138 2023
1: 1751 584647 -11676 2023
2: -1751 584647 11648 2023
1: 1764 33 167042 2023
1: 1764 357 4913 2023
4: -1764 -867 37281 2023
1: 1764 9537 -10982 2023
4: -1764 -250563 11689 2023
1: 1768 49 108086 2023
2: -1768 49 -442170 2023
2: -1778 15895 10115 2023
1: 1782 722211 -11475 2023
4: -1788 -722211 11475 2023
4: -1813 -80053 11560 2023
3: 1853 -7 -756602 2023
3: 1862 -595 -19652 2023
1: 1862 677705 -10982 2023
1: 1897 63869 -10710 2023
1: 1904 49 88434 2023
2: -1904 49 -422518 2023
1: 1904 83521 -10689 2023
2: -1904 83521 10493 2023
2: -1911 153 -127738 2023
1: 1911 5457 -9826 2023
2: -1911 24021 9826 2023
4: -1911 -751689 10736 2023
4: -1932 -14739 12019 2023
2: -1932 27489 9826 2023
4: -1938 -63 343910 2023
1: 1938 6321 -9826 2023
2: -1938 28665 9826 2023
4: -2009 -131 167042 2023
1: 2009 34391 -10064 2023
2: -2009 34391 9588 2023
1: 2022 819315 -10115 2023
1: 2023 49 73406 2023
2: -2023 49 -407490 2023
3: 2023 -49 -93636 2023
4: -2023 -49 427720 2023
2: -2023 245 -73406 2023
4: -2023 -245 93636 2023
1: 2023 83521 -10066 2023
2: -2023 83521 9870 2023
3: 2023 -83521 -10164 2023
4: -2023 -83521 10360 2023
2: -2023 417605 10066 2023
4: -2023 -417605 10164 2023
4: -2028 -819315 10115 2023
1: 2058 33201 -9826 2023
2: -2058 173145 9826 2023
2: -2061 197421 9826 2023
3: 2072 -15895 -10115 2023
1: 2072 240737 -9860 2023
2: -2072 240737 9792 2023
1: 2079 227409 -9826 2023
3: 2086 -225743 -9826 2023
3: 2093 -240737 -9792 2023
4: -2093 -240737 9860 2023
4: -2104 -199087 9826 2023
2: -2107 113 -167042 2023
4: -2107 -3757 15028 2023
3: 2107 -31535 -9826 2023
4: -2107 -174811 9826 2023
1: 2122 859775 -9639 2023
1: 2142 735 -4913 2023
2: -2142 4263 4913 2023
4: -2142 -250563 9632 2023
1: 2156 17 186694 2023
3: 2156 -34391 -9588 2023
4: -2156 -34391 10064 2023
3: 2156 -72539 -9537 2023
4: -2156 -428587 9537 2023
2: -2157 250563 9408 2023
3: 2178 -250563 -9408 2023
3: 2227 -4655 -9826 2023
4: -2227 -30331 9826 2023
4: -2233 -29155 9826 2023
4: -2244 -27 722211 2023
1: 2254 119 14739 2023
2: -2254 119 -152303 2023
3: 2254 -3791 -9826 2023
4: -2254 -25687 9826 2023
1: 2261 13 206346 2023
2: -2261 89 -206346 2023
4: -2268 -73695 9282 2023
4: -2278 -1225 24565 2023
1: 2292 928557 -8925 2023
4: -2298 -928557 8925 2023
2: -2303 88145 8670 2023
3: 2312 -7 -374255 2023
1: 2312 49 43350 2023
2: -2312 49 -377434 2023
1: 2312 83521 -8820 2023
2: -2312 83521 8624 2023
3: 2312 -584647 -8855 2023
4: -2312 -584647 8883 2023
3: 2352 -15 -167042 2023
2: -2352 1377 -4913 2023
3: 2352 -4335 -9248 2023
1: 2352 78897 -8670 2023
2: -2352 397953 8653 2023
1: 2394 51 34391 2023
2: -2394 40749 8092 2023
1: 2464 17 103173 2023
1: 2492 83521 -8190 2023
2: -2492 83521 7994 2023
1: 2499 9 186694 2023
2: -2499 21 -854862 2023
1: 2499 63 19652 2023
2: -2499 93 -186694 2023
2: -2499 651 -19652 2023
2: -2499 250563 8116 2023
1: 2499 751689 -8186 2023
3: 2534 -17 -103173 2023
3: 2541 -40749 -8092 2023
4: -2541 -460377 8092 2023
4: -2548 -55 334084 2023
2: -2548 22253 7225 2023
2: -2548 142477 7905 2023
3: 2597 -4913 -8160 2023
4: -2597 -4913 11492 2023
3: 2601 -21 -72828 2023
4: -2601 -273 72828 2023
4: -2601 -250563 7938 2023
3: 2604 -51 -34391 2023
4: -2618 -49 368475 2023
3: 2744 -119 -14739 2023
4: -2744 -119 152303 2023
3: 2772 -250563 -7385 2023
4: -2793 -91035 7514 2023
2: -2828 24565 6545 2023
3: 2842 -22253 -7225 2023
2: -2912 49 -334084 2023
3: 2941 -918731 -6958 2023
4: -2958 -735 29478 2023
2: -3026 217 -68782 2023
1: 3026 83521 -6762 2023
2: -3026 83521 6566 2023
3: 3077 -584647 -6650 2023
4: -3077 -584647 6678 2023
1: 3087 103173 -6630 2023
1: 3094 49 -9826 2023
2: -3094 49 -324258 2023
4: -3094 -5047 9826 2023
3: 3122 -24565 -6545 2023
4: -3129 -722211 6562 2023
4: -3136 -4879 9826 2023
1: 3136 4913 -6579 2023
2: -3136 4913 3247 2023
4: -3157 -49 334084 2023
3: 3179 -49 1156 2023
4: -3179 -49 332928 2023
2: -3179 2107 -1156 2023
3: 3234 -357 -4913 2023
4: -3234 -2601 12427 2023
1: 3234 16473 -6358 2023
4: -3234 -517599 6358 2023
4: -3283 -19 835210 2023
2: -3318 12495 4913 2023
1: 3332 1 -736950 2023
1: 3332 5 -152303 2023
3: 3332 -7 98260 2023
3: 3332 -35 14739 2023
4: -3332 -107 152303 2023
2: -3332 749 -14739 2023
1: 3332 83521 -6150 2023
2: -3332 83521 5954 2023
1: 3332 417605 -6143 2023
3: 3332 -584647 -6140 2023
4: -3332 -584647 6168 2023
3: 3366 -250563 -6076 2023
4: -3381 -663 29478 2023
4: -3381 -14739 7106 2023
1: 3388 29189 -6069 2023
4: -3388 -530315 6069 2023
2: -3464 201433 5831 2023
1: 3468 21 -54621 2023
4: -3468 -315 54621 2023
2: -3468 441 -28900 2023
2: -3468 751689 5880 2023
1: 3502 584647 -5845 2023
2: -3502 584647 5817 2023
3: 3506 -201433 -5831 2023
2: -3528 758625 5780 2023
1: 3536 49 -29478 2023
2: -3536 49 -304606 2023
1: 3542 410669 -5780 2023
4: -3563 -410669 5780 2023
4: -3584 -527 34391 2023
1: 3602 417605 -5684 2023
1: 3621 21 -68782 2023
4: -3623 -417605 5684 2023
2: -3626 20587 4913 2023
4: -3626 -849949 5661 2023
4: -3682 -29189 6069 2023
1: 3689 11 -137564 2023
4: -3689 -113 137564 2023
3: 3706 -7 206346 2023
3: 3724 -398531 -5491 2023
1: 3757 49 -37570 2023
2: -3757 49 -296514 2023
1: 3808 49 -39304 2023
2: -3808 49 -294780 2023
3: 3822 -3825 -4913 2023
2: -3822 33303 4913 2023
3: 3876 -4851 -4913 2023
2: -3876 39837 4913 2023
1: 4018 34391 -5151 2023
2: -4018 34391 4675 2023
4: -4018 -131495 5202 2023
3: 4032 -12495 -4913 2023
2: -4044 97461 4913 2023
1: 4046 49 -46818 2023
3: 4046 -49 36703 2023
2: -4046 343 -36703 2023
4: -4046 -343 46818 2023
1: 4046 83521 -5082 2023
2: -4046 83521 4886 2023
3: 4046 -83521 -5033 2023
4: -4046 -83521 5229 2023
1: 4067 85 -29478 2023
2: -4088 154105 4913 2023
1: 4096 948209 -4998 2023
3: 4116 -36771 -4913 2023
2: -4116 243117 4913 2023
3: 4131 -147 9826 2023
1: 4144 240737 -4947 2023
3: 4146 -97461 -4913 2023
3: 4158 -267393 -4913 2023
1: 4172 270725 -4913 2023
1: 4184 100793 -4913 2023
4: -4186 -240737 4947 2023
1: 4214 40103 -4913 2023
4: -4214 -246449 4913 2023
4: -4242 -157437 4913 2023
3: 4284 -3 790993 2023
3: 4284 -250563 -4767 2023
4: -4286 -100793 4913 2023
1: 4298 15827 -4913 2023
1: 4312 17 -147390 2023
2: -4312 17 -815558 2023
3: 4312 -34391 -4675 2023
4: -4312 -34391 5151 2023
1: 4314 250563 -4753 2023
4: -4356 -250563 4753 2023
1: 4361 83521 -4722 2023
2: -4361 83521 4526 2023
1: 4454 8183 -4913 2023
4: -4454 -43169 4913 2023
1: 4459 74851 -4624 2023
1: 4508 7157 -4913 2023
4: -4508 -36635 4913 2023
3: 4522 -25 103173 2023
2: -4522 127 -103173 2023
4: -4556 -19 722211 2023
3: 4557 -51 49130 2023
2: -4557 44217 4182 2023
4: -4606 -74851 4624 2023
1: 4624 49 -61846 2023
2: -4624 49 -272238 2023
1: 4624 83521 -4459 2023
2: -4624 83521 4263 2023
2: -4704 561 -19652 2023
4: -4704 -23919 4913 2023
2: -4704 162129 4267 2023
3: 4844 -918731 -4221 2023
3: 4851 -250563 -4206 2023
3: 4879 -49 58956 2023
1: 4913 7 -451248 2023
3: 4913 -7 442918 2023
1: 4913 13 -244902 2023
3: 4913 -13 236572 2023
2: -4913 35 -374136 2023
4: -4913 -35 382466 2023
1: 4913 49 -68034 2023
2: -4913 49 -266050 2023
3: 4913 -49 59704 2023
4: -4913 -49 274380 2023
2: -4913 55 -236572 2023
4: -4913 -55 244902 2023
2: -4913 77 -167790 2023
4: -4913 -77 176120 2023
1: 4913 91 -38556 2023
3: 4913 -91 30226 2023
2: -4913 245 -49878 2023
4: -4913 -245 58208 2023
2: -4913 385 -30226 2023
4: -4913 -385 38556 2023
2: -4913 539 -20400 2023
4: -4913 -539 28730 2023
1: 4913 637 -9078 2023
3: 4913 -637 748 2023
2: -4913 2695 -748 2023
4: -4913 -2695 9078 2023
1: 4913 4913 -4802 2023
2: -4913 4913 1470 2023
3: 4913 -4913 -3528 2023
4: -4913 -4913 6860 2023
2: -4913 24565 3626 2023
4: -4913 -24565 4704 2023
1: 4913 34391 -4256 2023
2: -4913 34391 3780 2023
3: 4913 -34391 -4074 2023
4: -4913 -34391 4550 2023
2: -4913 54043 3920 2023
4: -4913 -54043 4410 2023
1: 4913 63869 -4214 2023
3: 4913 -63869 -4116 2023
2: -4913 171955 4088 2023
4: -4913 -171955 4242 2023
1: 4913 240737 -4178 2023
2: -4913 240737 4110 2023
3: 4913 -240737 -4152 2023
4: -4913 -240737 4220 2023
2: -4913 270215 4116 2023
4: -4913 -270215 4214 2023
2: -4913 378301 4130 2023
4: -4913 -378301 4200 2023
1: 4913 447083 -4172 2023
3: 4913 -447083 -4158 2023
1: 4984 83521 -4144 2023
2: -4984 83521 3948 2023
1: 4998 21 -157216 2023
4: -4998 -27 491300 2023
3: 4998 -33 93347 2023
2: -4998 135 -93347 2023
4: -4998 -189 73695 2023
3: 4998 -231 9826 2023
2: -4998 945 -9826 2023
1: 4998 250563 -4107 2023
4: -5012 -15827 4913 2023
3: 5033 -165019 -4046 2023
2: -5033 666145 4046 2023
1: 5082 169065 -4046 2023
4: -5082 -670191 4046 2023
1: 5096 3689 -4913 2023
4: -5096 -112999 4131 2023
3: 5131 -83521 -3948 2023
4: -5131 -83521 4144 2023
3: 5194 -4913 -3247 2023
4: -5194 -4913 6579 2023
4: -5202 -21 621061 2023
1: 5202 105 -36414 2023
4: -5202 -399 36414 2023
3: 5202 -250563 -3920 2023
4: -5243 -171955 3978 2023
4: -5292 -39 334084 2023
3: 5292 -255 9826 2023
2: -5334 147 -83521 2023
3: 5341 -7 501126 2023
4: -5474 -918731 3752 2023
1: 5558 506039 -3689 2023
2: -5684 95081 3468 2023
2: -5733 14739 2720 2023
1: 5824 49 -83521 2023
2: -5824 49 -250563 2023
1: 5831 584647 -3516 2023
2: -5831 584647 3488 2023
4: -5838 -191607 3570 2023
1: 5882 245 -19652 2023
1: 5929 239003 -3468 2023
4: -5929 -740129 3468 2023
2: -5978 50575 3179 2023
1: 6027 840123 -3400 2023
1: 6052 83521 -3430 2023
2: -6052 83521 3234 2023
1: 6069 147 -31212 2023
4: -6069 -441 31212 2023
1: 6069 250563 -3388 2023
4: -6069 -751689 3388 2023
2: -6076 653429 3349 2023
1: 6152 712385 -3332 2023
3: 6154 -584647 -3318 2023
4: -6154 -584647 3346 2023
4: -6173 -712385 3332 2023
2: -6174 103173 3196 2023
1: 6188 49 -88434 2023
2: -6188 49 -245650 2023
1: 6188 2597 -4913 2023
4: -6188 -7595 4913 2023
2: -6237 722211 3264 2023
3: 6258 -722211 -3264 2023
3: 6272 -50575 -3179 2023
3: 6314 -49 83521 2023
4: -6314 -49 250563 2023
3: 6321 -103173 -3196 2023
3: 6358 -49 84099 2023
4: -6358 -49 249985 2023
3: 6358 -1127 578 2023
2: -6358 3185 -578 2023
2: -6398 54043 2975 2023
1: 6468 283509 -3179 2023
4: -6468 -784635 3179 2023
2: -6477 147 -78608 2023
2: -6492 751689 3136 2023
3: 6513 -751689 -3136 2023
1: 6657 221085 -3094 2023
3: 6664 -7 633777 2023
1: 6664 83521 -3124 2023
2: -6664 83521 2928 2023
3: 6664 -584647 -3063 2023
4: -6664 -584647 3091 2023
3: 6692 -54043 -2975 2023
4: -6732 -250563 3087 2023
3: 6762 -14739 -2720 2023
2: -6783 165 -68782 2023
4: -6804 -147 83521 2023
3: 6909 -27 167042 2023
4: -7014 -751689 2933 2023
1: 7072 49 -98260 2023
2: -7072 49 -235824 2023
4: -7154 -71 167042 2023
1: 7157 35 -137564 2023
4: -7203 -236691 2890 2023
2: -7242 21 -550256 2023
1: 7252 69649 -2890 2023
1: 7327 7 -687820 2023
4: -7344 -5439 4913 2023
1: 7378 73 -68782 2023
2: -7399 187 -58956 2023
3: 7412 -7 687820 2023
1: 7497 105 -49130 2023
3: 7497 -250563 -2710 2023
1: 7514 49 -102306 2023
2: -7514 49 -231778 2023
3: 7582 -35 137564 2023
2: -7616 49 -230911 2023
4: -7623 -250563 2730 2023
3: 7667 -49 98260 2023
4: -7667 -49 235824 2023
1: 7803 231 -24276 2023
4: -7803 -525 24276 2023
2: -7938 15 -751689 2023
4: -7938 -4845 4913 2023
1: 8092 49 -106930 2023
2: -8092 49 -227154 2023
1: 8092 245 -23409 2023
4: -8092 -539 23409 2023
1: 8092 83521 -2590 2023
2: -8092 83521 2394 2023
1: 8092 417605 -2541 2023
4: -8092 -918731 2541 2023
3: 8134 -152303 -2482 2023
2: -8211 27 -412692 2023
1: 8224 476561 -2499 2023
4: -8262 -147 78608 2023
4: -8266 -476561 2499 2023
4: -8296 -1519 9826 2023
2: -8379 51 -216172 2023
4: -8477 -918731 2426 2023
1: 8624 17 -314432 2023
2: -8624 17 -648516 2023
1: 8722 83521 -2410 2023
2: -8722 83521 2214 2023
3: 8857 -245 19652 2023
3: 8869 -17 314432 2023
4: -8869 -17 648516 2023
3: 8869 -584647 -2298 2023
4: -8869 -584647 2326 2023
4: -9114 -51 216172 2023
1: 9163 721 -9826 2023
4: -9163 -1435 9826 2023
1: 9248 49 -114444 2023
2: -9248 49 -219640 2023
4: -9282 -751689 2219 2023
1: 9384 441 -14739 2023
4: -9408 -309519 2210 2023
4: -9457 -1411 9826 2023
2: -9478 79475 2023 2023
1: 9506 12427 -2601 2023
1: 9632 319345 -2142 2023
1: 9656 2009 -4913 2023
4: -9702 -250563 2152 2023
3: 9758 -49 112999 2023
4: -9758 -49 221085 2023
3: 9772 -79475 -2023 2023
1: 9826 7 -810271 2023
3: 9826 -7 806106 2023
1: 9826 47 -122451 2023
3: 9826 -47 118286 2023
1: 9826 49 -117538 2023
2: -9826 49 -216546 2023
3: 9826 -49 113373 2023
4: -9826 -49 220711 2023
2: -9826 89 -118286 2023
4: -9826 -89 122451 2023
1: 9826 329 -19278 2023
3: 9826 -329 15113 2023
2: -9826 623 -15113 2023
4: -9826 -623 19278 2023
1: 9826 2303 -4539 2023
3: 9826 -2303 374 2023
2: -9826 4361 -374 2023
4: -9826 -4361 4539 2023
1: 9826 4913 -3234 2023
2: -9826 4913 -98 2023
3: 9826 -4913 -931 2023
4: -9826 -4913 4263 2023
1: 9826 34391 -2247 2023
2: -9826 34391 1771 2023
3: 9826 -34391 -1918 2023
4: -9826 -34391 2394 2023
1: 9826 230911 -2107 2023
3: 9826 -230911 -2058 2023
1: 9826 240737 -2106 2023
2: -9826 240737 2038 2023
3: 9826 -240737 -2059 2023
4: -9826 -240737 2127 2023
2: -9826 437257 2058 2023
4: -9826 -437257 2107 2023
2: -9898 24565 1632 2023
1: 9968 83521 -2121 2023
2: -9968 83521 1925 2023
2: -9996 21 -506039 2023
3: 9996 -63 88434 2023
3: 9996 -819 4913 2023
2: -9996 1533 -4913 2023
4: -10094 -187 58956 2023
4: -10094 -3689 4913 2023
3: 10262 -83521 -1925 2023
4: -10262 -83521 2121 2023
4: -10404 -651 18207 2023
4: -10404 -250563 2009 2023
2: -10437 21 -501126 2023
1: 10458 87567 -2023 2023
1: 10591 83521 -2002 2023
2: -10591 83521 1806 2023
3: 10682 -7 835210 2023
1: 10682 1955 -4913 2023
4: -10693 -133 80920 2023
4: -10752 -87567 2023 2023
1: 10878 459 -14739 2023
3: 10927 -35 167042 2023
3: 10927 -24565 -1632 2023
1: 10934 181781 -1904 2023
3: 10948 -19 309519 2023
4: -11074 -142477 1921 2023
4: -11081 -181781 1904 2023
4: -11172 -63 167042 2023
2: -11172 106641 1734 2023
4: -11172 -486387 1853 2023
2: -11254 287 -34391 2023
1: 11466 14739 -2193 2023
1: 11543 11 -550256 2023
4: -11564 -12427 2601 2023
1: 11662 584647 -1765 2023
2: -11662 584647 1737 2023
4: -11711 -54043 1938 2023
2: -11711 774809 1734 2023
4: -11781 -250563 1778 2023
3: 11849 -49 122536 2023
4: -11849 -49 211548 2023
2: -11858 391 -24565 2023
1: 11858 728569 -1734 2023
1: 11907 394485 -1734 2023
1: 12104 83521 -1764 2023
2: -12104 83521 1568 2023
1: 12138 9 -683774 2023
4: -12138 -15 683774 2023
2: -12138 147 -67915 2023
1: 12138 441 -15606 2023
4: -12138 -735 15606 2023
2: -12138 250563 1645 2023
1: 12138 751689 -1694 2023
3: 12308 -584647 -1652 2023
4: -12308 -584647 1680 2023
1: 12348 103173 -1717 2023
1: 12376 49 -127738 2023
1: 12444 189 -34391 2023
3: 12461 -83521 -1568 2023
4: -12461 -83521 1764 2023
1: 12474 722211 -1649 2023
4: -12516 -722211 1649 2023
1: 12544 60401 -1734 2023
1: 12607 417605 -1638 2023
4: -12642 -103173 1717 2023
3: 12716 -3283 289 2023
2: -12716 5341 -289 2023
4: -12789 -561 19652 2023
1: 12954 147 -44217 2023
4: -13328 -175 58956 2023
2: -13328 385 -24565 2023
1: 13328 83521 -1611 2023
2: -13328 83521 1415 2023
4: -13524 -14739 2193 2023
3: 13566 -177 34391 2023
2: -13566 279 -34391 2023
4: -13573 -447083 1530 2023
2: -13583 161 -60690 2023
3: 13622 -111265 -1445 2023
2: -13818 278307 1445 2023
3: 13872 -15 424830 2023
4: -13872 -63 159817 2023
3: 13872 -735 7225 2023
2: -13909 230911 1428 2023
1: 13974 63 -103173 2023
3: 14042 -37 171955 2023
3: 14056 -230911 -1428 2023
1: 14144 49 -132651 2023
2: -14144 49 -201433 2023
1: 14161 7 -920176 2023
3: 14161 -7 917286 2023
1: 14161 11 -586092 2023
3: 14161 -11 583202 2023
3: 14161 -77 82076 2023
1: 14161 83521 -1522 2023
3: 14161 -83521 -1368 2023
3: 14161 -584647 -1434 2023
1: 14161 918731 -1452 2023
3: 14161 -918731 -1438 2023
1: 14484 21 -309519 2023
1: 14654 7 -928557 2023
2: -14728 122825 1309 2023
2: -14739 21 -468622 2023
1: 14739 81 -81634 2023
4: -14739 -123 81634 2023
2: -14739 147 -65756 2023
1: 14739 567 -12852 2023
4: -14739 -861 12852 2023
1: 14739 3969 -3026 2023
4: -14739 -6027 3026 2023
4: -14739 -14739 2058 2023
4: -14739 -103173 1484 2023
3: 14739 -397953 -1372 2023
2: -14739 604299 1372 2023
4: -14739 -722211 1402 2023
1: 14756 197 -34391 2023
4: -14756 -299 34391 2023
3: 14824 -7 928557 2023
4: -14994 -250563 1404 2023
3: 15022 -122825 -1309 2023
1: 15028 49 -134674 2023
2: -15028 49 -199410 2023
2: -15099 250563 1316 2023
3: 15246 -250563 -1316 2023
1: 15288 153 -44217 2023
3: 15334 -49 132651 2023
4: -15334 -49 201433 2023
2: -15484 13 -751689 2023
3: 15504 -63 103173 2023
1: 15582 515865 -1326 2023
1: 15606 609 -12138 2023
4: -15606 -903 12138 2023
3: 15827 -215 29478 2023
2: -15827 317 -29478 2023
1: 16184 49 -136986 2023
2: -16184 49 -197098 2023
1: 16184 83521 -1344 2023
2: -16184 83521 1148 2023
2: -16268 85 -112999 2023
3: 16524 -147 44217 2023
4: -16541 -343 29478 2023
1: 16758 51 -132651 2023
1: 16762 19 -354025 2023
3: 17034 -189 34391 2023
2: -17199 285243 1156 2023
1: 17248 17 -397953 2023
2: -17248 17 -564995 2023
4: -17248 -466735 1207 2023
3: 17346 -285243 -1156 2023
1: 17367 574821 -1190 2023
1: 17444 83521 -1254 2023
2: -17444 83521 1058 2023
3: 17738 -17 397953 2023
4: -17738 -17 564995 2023
3: 17738 -584647 -1142 2023
4: -17738 -584647 1170 2023
3: 18088 -1127 4913 2023
1: 18207 735 -10404 2023
4: -18207 -1029 10404 2023
4: -18207 -250563 1162 2023
4: -18224 -287 34391 2023
3: 18228 -51 132651 2023
1: 18326 1799 -4913 2023
4: -18326 -2513 4913 2023
1: 18496 49 -140743 2023
2: -18496 49 -193341 2023
3: 18513 -250563 -1078 2023
4: -18718 -85 112999 2023
3: 19397 -25 275128 2023
3: 19404 -250563 -1027 2023
3: 19652 -7 987700 2023
3: 19652 -23 299880 2023
3: 19652 -35 196707 2023
1: 19652 49 -142290 2023
2: -19652 49 -191794 2023
3: 19652 -115 59143 2023
2: -19652 157 -59143 2023
1: 19652 161 -44030 2023
1: 19652 245 -29291 2023
1: 19652 805 -9639 2023
4: -19652 -1099 9639 2023
3: 19652 -1127 5100 2023
1: 19652 4913 -2450 2023
2: -19652 4913 -882 2023
3: 19652 -5635 187 2023
2: -19652 7693 -187 2023
1: 19652 24565 -1323 2023
3: 19652 -34391 -840 2023
4: -19652 -34391 1316 2023
3: 19652 -112999 -980 2023
3: 19652 -171955 -1001 2023
1: 19652 240737 -1070 2023
2: -19652 240737 1002 2023
3: 19652 -564995 -1029 2023
2: -19652 771341 1029 2023
1: 19652 790993 -1050 2023
3: 19698 -153 44217 2023
1: 19941 441 -16762 2023
3: 19992 -15 461822 2023
1: 19992 57 -122825 2023
2: -19992 751689 1011 2023
4: -20041 -93347 1122 2023
3: 20094 -441 14739 2023
1: 20188 48841 -1156 2023
3: 20519 -121 56644 2023
2: -20519 163 -56644 2023
1: 20587 245 -29478 2023
2: -20678 171955 935 2023
2: -20808 33 -283220 2023
1: 20874 21 -334084 2023
3: 20972 -171955 -935 2023
1: 21182 83521 -1050 2023
2: -21182 83521 854 2023
4: -21217 -48841 1156 2023
2: -21217 201433 918 2023
3: 21609 -21 334084 2023
3: 22253 -49 143344 2023
4: -22253 -49 190740 2023
2: -22491 231 -39304 2023
1: 22722 751689 -910 2023
4: -22848 -15 619038 2023
4: -23128 -391 24565 2023
1: 23324 77 -93347 2023
1: 23409 987 -8092 2023
4: -23409 -1281 8092 2023
3: 23562 -250563 -840 2023
3: 23698 -49 144789 2023
4: -23698 -49 189295 2023
3: 24108 -459 14739 2023
3: 24206 -112999 -782 2023
1: 24208 83521 -931 2023
2: -24208 83521 735 2023
4: -24276 -27 341887 2023
1: 24276 1029 -7803 2023
4: -24276 -1323 7803 2023
1: 24514 19 -378301 2023
3: 24549 -751689 -824 2023
1: 24598 204323 -867 2023
3: 24616 -584647 -819 2023
4: -24616 -584647 847 2023
1: 24752 49 -147390 2023
2: -24752 49 -186694 2023
4: -24892 -204323 867 2023
3: 24922 -83521 -735 2023
4: -24922 -83521 931 2023
4: -25143 -735 13294 2023
1: 25721 7693 -1734 2023
4: -25721 -9751 1734 2023
1: 25721 83521 -882 2023
2: -25721 83521 686 2023
1: 25823 383 -19652 2023
4: -25823 -485 19652 2023
3: 26112 -15 481474 2023
4: -26197 -19 481474 2023
1: 26299 23 -315588 2023
4: -26299 -29 315588 2023
1: 26299 49 -148546 2023
2: -26299 49 -185538 2023
4: -26418 -2205 4913 2023
1: 26558 63869 -884 2023
4: -27587 -63869 884 2023
1: 28322 25 -293046 2023
3: 28322 -25 291601 2023
2: -28322 31 -291601 2023
4: -28322 -31 293046 2023
1: 28322 35 -209525 2023
3: 28322 -35 208080 2023
3: 28322 -175 41038 2023
2: -28322 217 -41038 2023
1: 28322 83521 -810 2023
2: -28322 83521 614 2023
3: 28322 -83521 -635 2023
4: -28322 -83521 831 2023
1: 28322 417605 -740 2023
3: 28322 -417605 -705 2023
3: 28322 -584647 -710 2023
4: -28322 -584647 738 2023
3: 28611 -250563 -686 2023
3: 28917 -147 49130 2023
4: -29043 -958035 714 2023
1: 29478 21 -350336 2023
2: -29478 45 -199920 2023
4: -29478 -63 143990 2023
1: 29478 147 -50643 2023
1: 29478 183 -40817 2023
4: -29478 -225 40817 2023
2: -29478 315 -27965 2023
4: -29478 -441 21165 2023
1: 29478 1281 -6426 2023
4: -29478 -1575 6426 2023
2: -29478 2205 -3400 2023
1: 29478 8967 -1513 2023
4: -29478 -11025 1513 2023
3: 29478 -14739 -196 2023
2: -29478 44217 490 2023
3: 29478 -103173 -623 2023
4: -29478 -221085 735 2023
2: -29478 309519 665 2023
3: 29478 -722211 -684 2023
3: 29478 -899079 -686 2023
1: 29767 584647 -700 2023
2: -29767 584647 672 2023
3: 29988 -250563 -653 2023
1: 30056 49 -150858 2023
2: -30056 49 -183226 2023
1: 30198 250563 -707 2023
4: -30492 -250563 707 2023
1: 30576 37281 -867 2023
1: 30617 417605 -686 2023
2: -30723 73695 544 2023
3: 30804 -1323 4913 2023
1: 31212 1365 -6069 2023
4: -31212 -1659 6069 2023
1: 31654 13 -569908 2023
3: 31654 -481 14739 2023
2: -31654 583 -14739 2023
3: 31752 -73695 -544 2023
2: -32144 152881 578 2023
1: 32368 49 -152014 2023
1: 32368 83521 -721 2023
2: -32368 83521 525 2023
3: 32487 -751689 -620 2023
2: -32578 270215 595 2023
4: -32634 -37281 867 2023
2: -32844 441 -19652 2023
3: 32872 -270215 -595 2023
3: 32946 -63 117334 2023
2: -33524 77 -115311 2023
3: 33558 -27 275128 2023
1: 34104 162129 -646 2023
2: -34272 1617 -4913 2023
1: 34391 31 -241332 2023
3: 34391 -31 240142 2023
2: -34391 37 -240142 2023
4: -34391 -37 241332 2023
1: 34391 49 -152898 2023
2: -34391 49 -181186 2023
3: 34391 -49 151708 2023
4: -34391 -49 182376 2023
1: 34391 1519 -5508 2023
3: 34391 -1519 4318 2023
2: -34391 1813 -4318 2023
4: -34391 -1813 5508 2023
1: 34391 4913 -2114 2023
2: -34391 4913 -1218 2023
3: 34391 -4913 924 2023
4: -34391 -4913 2408 2023
1: 34391 152303 -644 2023
3: 34391 -152303 -546 2023
2: -34391 181781 546 2023
4: -34391 -181781 644 2023
1: 34391 240737 -626 2023
2: -34391 240737 558 2023
3: 34391 -240737 -564 2023
4: -34391 -240737 632 2023
1: 34888 83521 -676 2023
2: -34888 83521 480 2023
1: 35329 584647 -592 2023
2: -35329 584647 564 2023
3: 35476 -584647 -564 2023
4: -35476 -584647 592 2023
3: 35917 -83521 -480 2023
4: -35917 -83521 676 2023
1: 36414 1617 -5202 2023
4: -36414 -1911 5202 2023
3: 36414 -250563 -532 2023
1: 36456 44217 -731 2023
4: -36652 -203 44217 2023
1: 36669 250563 -588 2023
3: 36703 -1631 4046 2023
2: -36703 1925 -4046 2023
1: 36897 9 -835210 2023
4: -37026 -250563 588 2023
3: 37338 -1377 4913 2023
3: 37632 -15 501126 2023
4: -38514 -44217 731 2023
4: -38661 -181203 578 2023
3: 38726 -19 396508 2023
2: -38808 105 -83521 2023
4: -39134 -2009 4913 2023
1: 39298 91 -83521 2023
1: 39304 49 -154666 2023
2: -39304 49 -179418 2023
1: 39304 4913 -2058 2023
2: -39304 4913 -1274 2023
3: 39304 -34391 -301 2023
4: -39304 -34391 777 2023
1: 39304 240737 -552 2023
2: -39304 240737 484 2023
2: -39882 27 -325703 2023
3: 41038 -263 28322 2023
2: -41038 305 -28322 2023
2: -41258 35 -250563 2023
3: 41412 -735 9826 2023
2: -41748 21 -417605 2023
2: -41874 692733 476 2023
2: -41958 15 -584647 2023
3: 42021 -692733 -476 2023
1: 42028 13 -584647 2023
1: 42364 83521 -574 2023
2: -42364 83521 378 2023
2: -42483 9 -973930 2023
1: 42483 21 -362406 2023
1: 42483 39 -195364 2023
4: -42483 -45 195364 2023
2: -42483 63 -138720 2023
1: 42483 250563 -512 2023
2: -42483 751689 470 2023
1: 42602 1715 -4913 2023
1: 42772 385 -20230 2023
3: 42938 -13 584647 2023
4: -43008 -15 584647 2023
4: -43218 -21 417605 2023
4: -43708 -35 250563 2023
4: -44217 -21 416976 2023
3: 44217 -57 133280 2023
1: 44217 105 -73066 2023
1: 44217 1995 -4284 2023
4: -44217 -2289 4284 2023
1: 44217 14739 -980 2023
2: -44217 103173 378 2023
1: 44217 280041 -490 2023
3: 44217 -515865 -448 2023
3: 44506 -49 155193 2023
4: -44506 -49 178891 2023
2: -45339 147 -58956 2023
4: -45577 -931 9826 2023
3: 45668 -91 83521 2023
4: -45668 -1955 4913 2023
2: -45668 378301 425 2023
2: -45766 55199 289 2023
3: 45962 -378301 -425 2023
4: -46158 -105 83521 2023
2: -46818 15 -580601 2023
1: 46818 2121 -4046 2023
4: -46818 -2415 4046 2023
4: -47124 -250563 469 2023
3: 47481 -747 9826 2023
2: -47481 849 -9826 2023
3: 47824 -55199 -289 2023
3: 49147 -155 49130 2023
3: 49266 -111 68782 2023
1: 49504 49 -157216 2023
2: -49504 49 -176868 2023
4: -49861 -127 68782 2023
1: 49997 245 -31790 2023
2: -50428 417605 385 2023
3: 50722 -417605 -385 2023
2: -51204 9 -962948 2023
1: 51442 16415 -867 2023
4: -51442 -18473 867 2023
1: 51442 83521 -490 2023
2: -51442 83521 294 2023
1: 51646 817 -9826 2023
4: -51646 -919 9826 2023
4: -51969 -9 962948 2023
1: 52122 75 -103173 2023
3: 52309 -584647 -378 2023
4: -52309 -584647 406 2023
2: -52598 49 -176290 2023
4: -52598 -55 157794 2023
4: -53361 -250563 418 2023
3: 53669 -49 157216 2023
4: -53669 -49 176868 2023
3: 54043 -49 157284 2023
4: -54043 -49 176800 2023
3: 54043 -17297 68 2023
2: -54043 19355 -68 2023
3: 54043 -34391 -154 2023
4: -54043 -34391 630 2023
4: -54621 -2793 3468 2023
2: -54978 39 -221085 2023
1: 56644 53 -146523 2023
4: -56644 -59 146523 2023
3: 56644 -371 20519 2023
2: -56644 413 -20519 2023
1: 56644 83521 -454 2023
2: -56644 83521 258 2023
3: 56644 -584647 -348 2023
4: -56644 -584647 376 2023
4: -57222 -250563 392 2023
1: 57358 539 -14739 2023
4: -57834 -147 58956 2023
1: 58956 9 -862988 2023
2: -58956 21 -409479 2023
4: -58956 -231 37604 2023
2: -58956 273 -31178 2023
1: 58956 441 -17952 2023
1: 58956 2709 -3213 2023
4: -58956 -3003 3213 2023
4: -58956 -14739 931 2023
2: -58956 162129 294 2023
4: -58956 -191607 392 2023
3: 58956 -309519 -322 2023
4: -58956 -722211 359 2023
1: 59094 280041 -374 2023
2: -59534 584647 329 2023
1: 59948 496213 -357 2023
1: 59976 33 -235824 2023
1: 60112 49 -158950 2023
2: -60112 49 -175134 2023
4: -60242 -496213 357 2023
2: -61166 83 -103173 2023
2: -61557 21 -408646 2023
1: 61846 1813 -4624 2023
1: 63869 49 -159426 2023
2: -63869 49 -174658 2023
3: 63869 -240737 -288 2023
4: -63869 -240737 356 2023
3: 64447 -35 222530 2023
1: 64736 49 -159528 2023
2: -64736 49 -174556 2023
2: -65807 13 -658342 2023
1: 66181 23 -339864 2023
2: -67228 556325 289 2023
2: -67473 15 -569908 2023
3: 67522 -556325 -289 2023
3: 67643 -918731 -294 2023
1: 68782 13 -602140 2023
3: 68782 -13 601545 2023
1: 68782 49 -159970 2023
2: -68782 49 -174114 2023
3: 68782 -49 159375 2023
4: -68782 -49 174709 2023
1: 68782 65 -120666 2023
3: 68782 -65 120071 2023
2: -68782 71 -120071 2023
4: -68782 -71 120666 2023
1: 68782 245 -32232 2023
3: 68782 -245 31637 2023
1: 68782 637 -12580 2023
3: 68782 -637 11985 2023
1: 68782 3185 -2754 2023
3: 68782 -3185 2159 2023
2: -68782 3479 -2159 2023
4: -68782 -3479 2754 2023
1: 68782 4913 -1890 2023
2: -68782 4913 -1442 2023
3: 68782 -4913 1295 2023
4: -68782 -4913 2037 2023
1: 68782 24565 -616 2023
3: 68782 -24565 21 2023
1: 68782 63869 -420 2023
3: 68782 -63869 -175 2023
1: 68782 240737 -330 2023
2: -68782 240737 262 2023
3: 68782 -240737 -265 2023
4: -68782 -240737 333 2023
1: 68782 319345 -322 2023
3: 68782 -319345 -273 2023
2: -68782 348823 273 2023
4: -68782 -348823 322 2023
1: 69776 83521 -387 2023
2: -69776 83521 191 2023
3: 69972 -315 24565 2023
4: -70227 -147 58378 2023
4: -70329 -441 19652 2023
1: 70658 584647 -303 2023
2: -70658 584647 275 2023
3: 70952 -584647 -275 2023
4: -70952 -584647 303 2023
3: 71672 -175 44506 2023
3: 71834 -83521 -191 2023
4: -71834 -83521 387 2023
1: 72828 3381 -2601 2023
4: -72828 -3675 2601 2023
4: -72828 -250563 315 2023
2: -73338 250563 245 2023
3: 73406 -3409 2023 2023
2: -73406 3703 -2023 2023
2: -74018 343 -24565 2023
3: 74052 -250563 -245 2023
1: 74088 612969 -289 2023
1: 74137 83521 -370 2023
2: -74137 83521 174 2023
4: -74382 -612969 289 2023
1: 77163 25137 -578 2023
4: -77163 -27195 578 2023
3: 77224 -47 167042 2023
1: 78302 161 -49130 2023
1: 78608 49 -160854 2023
2: -78608 49 -173230 2023
2: -78608 113 -74970 2023
1: 78608 4913 -1862 2023
2: -78608 4913 -1470 2023
2: -78608 5537 -1275 2023
1: 78608 240737 -293 2023
2: -78608 240737 225 2023
2: -78608 555169 245 2023
1: 78897 75 -105196 2023
4: -78897 -81 105196 2023
2: -79527 751689 246 2023
2: -81498 819 -10115 2023
3: 82076 -547 14161 2023
2: -82076 589 -14161 2023
4: -82467 -250563 282 2023
3: 82943 -49 160684 2023
4: -82943 -49 173400 2023
3: 83232 -111 70805 2023
1: 83521 17 -464226 2023
2: -83521 17 -498722 2023
3: 83521 -17 463736 2023
4: -83521 -17 499212 2023
1: 83521 49 -161218 2023
2: -83521 49 -172866 2023
3: 83521 -49 160728 2023
4: -83521 -49 173356 2023
1: 83521 119 -66528 2023
2: -83521 119 -71036 2023
3: 83521 -119 66038 2023
4: -83521 -119 71526 2023
1: 83521 289 -27538 2023
2: -83521 289 -29106 2023
3: 83521 -289 27048 2023
4: -83521 -289 29596 2023
1: 83521 557 -14406 2023
3: 83521 -557 13916 2023
2: -83521 599 -13916 2023
4: -83521 -599 14406 2023
1: 83521 833 -9714 2023
2: -83521 833 -9938 2023
3: 83521 -833 9224 2023
4: -83521 -833 10428 2023
1: 83521 2023 -4144 2023
2: -83521 2023 -3948 2023
3: 83521 -2023 3654 2023
4: -83521 -2023 4438 2023
1: 83521 3899 -2268 2023
3: 83521 -3899 1778 2023
2: -83521 4193 -1778 2023
4: -83521 -4193 2268 2023
1: 83521 9469 -1078 2023
3: 83521 -9469 588 2023
2: -83521 10183 -588 2023
4: -83521 -10183 1078 2023
1: 83521 14161 -802 2023
2: -83521 14161 -354 2023
3: 83521 -14161 312 2023
4: -83521 -14161 844 2023
1: 83521 27293 -534 2023
3: 83521 -27293 44 2023
2: -83521 29351 -44 2023
4: -83521 -29351 534 2023
1: 83521 66283 -364 2023
3: 83521 -66283 -126 2023
2: -83521 71281 126 2023
4: -83521 -71281 364 2023
1: 83521 160973 -294 2023
3: 83521 -160973 -196 2023
2: -83521 173111 196 2023
4: -83521 -173111 294 2023
1: 83521 463981 -262 2023
3: 83521 -463981 -228 2023
2: -83521 498967 228 2023
4: -83521 -498967 262 2023
1: 84728 83521 -336 2023
2: -84728 83521 140 2023
2: -84966 21 -403444 2023
1: 84966 81 -97682 2023
4: -84966 -87 97682 2023
2: -84966 250563 207 2023
2: -87227 41 -206346 2023
3: 87227 -83521 -140 2023
4: -87227 -83521 336 2023
3: 88434 -21 376159 2023
1: 88434 4137 -2142 2023
4: -88434 -4431 2142 2023
2: -88434 14739 -343 2023
1: 88434 103173 -308 2023
3: 90457 -539 14450 2023
1: 90678 147 -54043 2023
1: 91324 13 -608923 2023
1: 91324 329 -24276 2023
3: 91987 -23 343910 2023
4: -93058 -19 445060 2023
3: 93347 -25 316540 2023
2: -93347 203 -41412 2023
4: -93347 -1127 7718 2023
4: -93347 -112999 294 2023
3: 93347 -859775 -210 2023
1: 93636 4389 -2023 2023
4: -93636 -4683 2023 2023
1: 93786 111843 -289 2023
3: 94962 -1545 4913 2023
2: -94962 1647 -4913 2023
4: -95844 -111843 289 2023
1: 97682 6419 -1445 2023
2: -98549 259 -32368 2023
2: -98838 735 -11271 2023
1: 99008 49 -162129 2023
1: 99127 584647 -220 2023
2: -99127 584647 192 2023
3: 99994 -918731 -196 2023
1: 100368 33 -240737 2023
1: 102238 11 -722211 2023
1: 102884 83521 -294 2023
2: -102884 83521 98 2023
3: 103173 -9 882504 2023
4: -103173 -15 561918 2023
1: 103173 99 -80444 2023
3: 103173 -441 17816 2023
2: -103173 1029 -7990 2023
1: 103173 4851 -1836 2023
4: -103173 -5145 1836 2023
4: -103173 -14739 770 2023
1: 103173 44217 -378 2023
2: -103173 73695 84 2023
3: 103173 -486387 -182 2023
1: 103292 1685 -4913 2023
4: -103292 -1787 4913 2023
2: -103978 859775 187 2023
3: 104108 -11 722211 2023
3: 104272 -859775 -187 2023
3: 104618 -584647 -182 2023
4: -104618 -584647 210 2023
1: 105196 49 -162418 2023
2: -105196 49 -171666 2023
1: 105196 101 -78897 2023
4: -105196 -107 78897 2023
2: -105693 250563 160 2023
3: 105978 -33 240737 2023
2: -106641 33 -254898 2023
3: 106722 -250563 -160 2023
3: 107338 -49 162129 2023
1: 107457 27 -294780 2023
3: 108086 -49 162163 2023
4: -108086 -49 171921 2023
3: 108086 -34391 42 2023
4: -108086 -34391 434 2023
3: 108086 -35623 34 2023
2: -108086 37681 -34 2023
1: 109242 5145 -1734 2023
4: -109242 -5439 1734 2023
1: 110109 147 -54332 2023
1: 110364 751689 -196 2023
4: -110721 -751689 196 2023
2: -111118 918731 175 2023
3: 111412 -918731 -175 2023
4: -111622 -287 29478 2023
2: -112421 2303 -3468 2023
2: -112999 73 -114954 2023
3: 112999 -240737 -148 2023
4: -112999 -240737 216 2023
4: -113288 -23 365585 2023
2: -113288 161 -52020 2023
1: 113288 83521 -276 2023
2: -113288 83521 80 2023
3: 113288 -584647 -167 2023
4: -113288 -584647 195 2023
3: 114444 -250563 -147 2023
3: 115668 -147 54043 2023
3: 117912 -15 531454 2023
3: 117912 -159 49980 2023
3: 117912 -735 10676 2023
3: 117912 -7791 850 2023
1: 117912 515865 -189 2023
2: -119068 637 -13005 2023
3: 119238 -751689 -161 2023
1: 120224 49 -162996 2023
2: -120224 49 -171088 2023
2: -122468 417605 147 2023
1: 123114 21 -380324 2023
3: 123182 -417605 -147 2023
1: 125426 11 -726257 2023
4: -127449 -250563 194 2023
1: 127738 49 -163234 2023
2: -127738 49 -170850 2023
4: -127738 -8869 1105 2023
3: 127738 -240737 -127 2023
4: -127738 -240737 195 2023
1: 129472 49 -163285 2023
2: -129472 49 -170799 2023
3: 129591 -250563 -126 2023
3: 130339 -49 162996 2023
4: -130339 -49 171088 2023
4: -132328 -343 24565 2023
3: 132651 -39 204918 2023
1: 132651 6279 -1428 2023
4: -132651 -6573 1428 2023
1: 132651 191607 -196 2023
3: 137564 -19 421141 2023
2: -137564 49 -170578 2023
4: -137564 -139 60333 2023
3: 137564 -343 23188 2023
1: 137564 4913 -1778 2023
2: -137564 4913 -1554 2023
1: 137564 6517 -1377 2023
4: -137564 -6811 1377 2023
3: 137564 -93347 -63 2023
2: -137564 240737 114 2023
4: -137564 -682907 161 2023
1: 139944 273 -29478 2023
3: 140454 -147 54332 2023
3: 141321 -4263 1734 2023
2: -142477 19 -439824 2023
1: 142477 193 -41650 2023
1: 143922 1911 -4335 2023
2: -145628 25 -334084 2023
1: 148274 83521 -234 2023
2: -148274 83521 38 2023
3: 148988 -539 14739 2023
1: 149702 1421 -5780 2023
3: 150773 -584647 -122 2023
4: -150773 -584647 150 2023
3: 151606 -1589 4913 2023
4: -151753 -25 334084 2023
4: -152014 -259 32368 2023
4: -152303 -175 47838 2023
1: 154326 51303 -289 2023
4: -154326 -53361 289 2023
2: -156638 455 -18207 2023
1: 157216 49 -163948 2023
2: -157216 49 -170136 2023
1: 157216 4753 -1819 2023
1: 157216 4913 -1764 2023
2: -157216 4913 -1568 2023
1: 157216 476561 -147 2023
4: -157794 -159 52598 2023
3: 159239 -329 24276 2023
2: -159528 441 -18785 2023
4: -159936 -1743 4913 2023
1: 161602 205 -39304 2023
2: -162554 121 -68782 2023
3: 162996 -27 297381 2023
1: 163149 117 -68782 2023
1: 163863 7791 -1156 2023
4: -163863 -8085 1156 2023
3: 164934 -250563 -92 2023
4: -165886 -49 170221 2023
2: -167042 11 -757491 2023
4: -167042 -11 757736 2023
1: 167042 17 -472850 2023
2: -167042 17 -490098 2023
3: 167042 -17 472605 2023
4: -167042 -17 490343 2023
1: 167042 35 -229733 2023
3: 167042 -35 229488 2023
1: 167042 49 -164130 2023
2: -167042 49 -169954 2023
3: 167042 -49 163885 2023
4: -167042 -49 170199 2023
2: -167042 77 -108108 2023
4: -167042 -77 108353 2023
1: 167042 85 -94668 2023
3: 167042 -85 94423 2023
2: -167042 107 -77763 2023
4: -167042 -107 78008 2023
1: 167042 119 -67655 2023
2: -167042 119 -69909 2023
3: 167042 -119 67410 2023
4: -167042 -119 70154 2023
2: -167042 187 -44443 2023
4: -167042 -187 44688 2023
1: 167042 227 -35525 2023
3: 167042 -227 35280 2023
1: 167042 245 -32924 2023
3: 167042 -245 32679 2023
1: 167042 289 -27930 2023
2: -167042 289 -28714 2023
3: 167042 -289 27685 2023
4: -167042 -289 28959 2023
2: -167042 539 -15339 2023
4: -167042 -539 15584 2023
1: 167042 595 -13629 2023
3: 167042 -595 13384 2023
2: -167042 749 -11004 2023
4: -167042 -749 11249 2023
1: 167042 833 -9770 2023
2: -167042 833 -9882 2023
3: 167042 -833 9525 2023
4: -167042 -833 10127 2023
1: 167042 1135 -7203 2023
3: 167042 -1135 6958 2023
2: -167042 1177 -6958 2023
4: -167042 -1177 7203 2023
2: -167042 1309 -6244 2023
4: -167042 -1309 6489 2023
1: 167042 1445 -5684 2023
3: 167042 -1445 5439 2023
1: 167042 1589 -5180 2023
3: 167042 -1589 4935 2023
2: -167042 1819 -4459 2023
4: -167042 -1819 4704 2023
1: 167042 2023 -4095 2023
2: -167042 2023 -3997 2023
3: 167042 -2023 3850 2023
4: -167042 -2023 4242 2023
4: -167042 -3179 2744 2023
1: 167042 3859 -2205 2023
3: 167042 -3859 1960 2023
1: 167042 4165 -2052 2023
3: 167042 -4165 1807 2023
2: -167042 5243 -1467 2023
4: -167042 -5243 1712 2023
1: 167042 7945 -1134 2023
3: 167042 -7945 889 2023
2: -167042 8239 -889 2023
4: -167042 -8239 1134 2023
2: -167042 9163 -787 2023
4: -167042 -9163 1032 2023
1: 167042 10115 -917 2023
3: 167042 -10115 672 2023
1: 167042 11123 -845 2023
3: 167042 -11123 600 2023
2: -167042 12733 -532 2023
4: -167042 -12733 777 2023
1: 167042 14161 -690 2023
2: -167042 14161 -466 2023
3: 167042 -14161 445 2023
4: -167042 -14161 711 2023
1: 167042 19295 -539 2023
3: 167042 -19295 294 2023
2: -167042 20009 -294 2023
4: -167042 -20009 539 2023
2: -167042 22253 -252 2023
4: -167042 -22253 497 2023
1: 167042 27013 -420 2023
3: 167042 -27013 175 2023
2: -167042 30923 -147 2023
4: -167042 -30923 392 2023
1: 167042 55615 -267 2023
3: 167042 -55615 22 2023
2: -167042 57673 -22 2023
4: -167042 -57673 267 2023
1: 167042 65603 -245 2023
1: 167042 70805 -236 2023
3: 167042 -70805 -9 2023
2: -167042 89131 29 2023
4: -167042 -89131 216 2023
1: 167042 135065 -182 2023
3: 167042 -135065 -63 2023
2: -167042 140063 63 2023
4: -167042 -140063 182 2023
2: -167042 155771 69 2023
4: -167042 -155771 176 2023
1: 167042 189091 -165 2023
3: 167042 -189091 -80 2023
2: -167042 216461 84 2023
4: -167042 -216461 161 2023
1: 167042 328015 -147 2023
3: 167042 -328015 -98 2023
2: -167042 340153 98 2023
4: -167042 -340153 147 2023
1: 167042 459221 -140 2023
3: 167042 -459221 -105 2023
1: 167042 945455 -131 2023
3: 167042 -945455 -114 2023
2: -167042 980441 114 2023
4: -167042 -980441 131 2023
2: -169099 77 -108086 2023
1: 169456 83521 -217 2023
2: -169456 83521 21 2023
3: 169932 -15 535806 2023
1: 169932 21 -382925 2023
4: -169932 -63 132362 2023
1: 169932 165 -48841 2023
4: -169932 -171 48841 2023
3: 169932 -231 34680 2023
3: 174454 -83521 -21 2023
4: -174454 -83521 217 2023
2: -176498 417605 96 2023
2: -176868 249 -33320 2023
1: 176868 8421 -1071 2023
4: -176868 -8715 1071 2023
2: -176868 103173 35 2023
1: 177429 21 -383214 2023
3: 177527 -417605 -96 2023
1: 178066 211259 -153 2023
1: 178619 13 -619038 2023
1: 179214 9 -894166 2023
1: 180047 83521 -210 2023
2: -180047 83521 14 2023
4: -180124 -211259 153 2023
1: 181781 240737 -146 2023
2: -181781 240737 78 2023
4: -182189 -11 756602 2023
1: 184093 179 -45084 2023
4: -184093 -185 45084 2023
2: -185538 315 -26299 2023
3: 186354 -39 206346 2023
2: -186694 13 -639744 2023
4: -186694 -101 82467 2023
2: -186694 447083 91 2023
3: 189924 -63 127738 2023
3: 190162 -1813 4335 2023
3: 191607 -315 25466 2023
1: 192763 4949 -1734 2023
3: 194089 -91 88434 2023
4: -194208 -15 554302 2023
4: -194971 -918731 114 2023
1: 198254 584647 -117 2023
2: -198254 584647 89 2023
2: -199988 245 -33813 2023
3: 200277 -250563 -70 2023
3: 201433 -49 164424 2023
4: -201433 -49 169660 2023
1: 201433 34391 -336 2023
2: -201433 34391 -140 2023
3: 201722 -2695 2890 2023
1: 204612 2205 -3757 2023
1: 205768 83521 -196 2023
2: -206346 9 -922726 2023
1: 206346 147 -54961 2023
1: 206346 201 -40222 2023
4: -206346 -207 40222 2023
2: -206346 441 -18734 2023
1: 206346 9849 -918 2023
4: -206346 -10143 918 2023
3: 206346 -14739 448 2023
4: -206346 -44217 287 2023
3: 206346 -722211 -88 2023
3: 206346 -987513 -91 2023
2: -208369 19 -436968 2023
1: 208947 57 -141610 2023
3: 209236 -584647 -84 2023
4: -209236 -584647 112 2023
1: 210392 49 -164730 2023
2: -210392 49 -169354 2023
1: 211386 250563 -129 2023
4: -211837 -83521 196 2023
4: -213444 -250563 129 2023
1: 216172 413 -19635 2023
3: 216172 -34391 140 2023
4: -216172 -34391 336 2023
3: 216172 -72275 17 2023
2: -216172 74333 -17 2023
2: -216172 181781 49 2023
1: 218484 10437 -867 2023
4: -218484 -10731 867 2023
2: -220218 147 -56355 2023
3: 221952 -15 538118 2023
3: 225998 -240737 -57 2023
4: -225998 -240737 125 2023
2: -226576 83521 -9 2023
3: 227154 -987 8092 2023
2: -228888 105 -78897 2023
2: -231778 91 -91035 2023
3: 235824 -63 128163 2023
3: 236402 -95 84966 2023
2: -237558 63 -131495 2023
1: 238238 413 -19652 2023
1: 240448 49 -165019 2023
2: -240448 49 -169065 2023
3: 240618 -1617 4913 2023
1: 240737 35 -230996 2023
3: 240737 -35 230826 2023
1: 240737 47 -172040 2023
3: 240737 -47 171870 2023
1: 240737 235 -34476 2023
3: 240737 -235 34306 2023
2: -240737 241 -34306 2023
4: -240737 -241 34476 2023
1: 240737 329 -24650 2023
3: 240737 -329 24480 2023
3: 240737 -1645 4828 2023
2: -240737 1687 -4828 2023
1: 240737 4913 -1730 2023
2: -240737 4913 -1602 2023
3: 240737 -4913 1560 2023
4: -240737 -4913 1772 2023
1: 240737 24565 -414 2023
3: 240737 -24565 244 2023
1: 240737 34391 -320 2023
2: -240737 34391 -156 2023
3: 240737 -34391 150 2023
4: -240737 -34391 326 2023
1: 240737 171955 -132 2023
3: 240737 -171955 -38 2023
1: 240737 230911 -120 2023
3: 240737 -230911 -50 2023
2: -243338 35 -236691 2023
2: -246228 21 -394485 2023
4: -248948 -1715 4913 2023
1: 250563 21 -385126 2023
2: -250563 27 -306740 2023
3: 250563 -51 158466 2023
4: -250563 -135 61446 2023
1: 250563 147 -55088 2023
2: -250563 189 -43750 2023
2: -250563 351 -23520 2023
3: 250563 -357 22568 2023
4: -250563 -459 18130 2023
1: 250563 867 -9408 2023
4: -250563 -945 8848 2023
2: -250563 1323 -6180 2023
1: 250563 1713 -4802 2023
4: -250563 -1755 4802 2023
2: -250563 2295 -3528 2023
2: -250563 2457 -3290 2023
3: 250563 -2499 3154 2023
4: -250563 -3213 2660 2023
4: -250563 -5967 1470 2023
1: 250563 6069 -1414 2023
4: -250563 -6615 1334 2023
2: -250563 7803 -980 2023
1: 250563 11991 -756 2023
4: -250563 -12285 756 2023
2: -250563 16065 -434 2023
2: -250563 17199 -400 2023
4: -250563 -22491 450 2023
3: 250563 -29121 196 2023
2: -250563 29835 -196 2023
4: -250563 -39015 294 2023
4: -250563 -41769 280 2023
2: -250563 54621 -70 2023
1: 250563 83937 -178 2023
4: -250563 -85995 178 2023
2: -250563 112455 8 2023
3: 250563 -203847 -42 2023
2: -250563 208845 42 2023
4: -250563 -273105 112 2023
4: -250563 -292383 110 2023
2: -250563 382347 60 2023
1: 250563 495057 -98 2023
4: -250563 -507195 98 2023
2: -250563 710073 70 2023
3: 254898 -250563 -48 2023
1: 255476 49 -165138 2023
2: -255476 49 -168946 2023
3: 255731 -137 58956 2023
1: 256683 250563 -112 2023
3: 256921 -12299 578 2023
2: -256921 12593 -578 2023
4: -257788 -35 236691 2023
4: -259182 -250563 112 2023
3: 260389 -4913 1568 2023
4: -260389 -4913 1764 2023
3: 260678 -49 165019 2023
4: -260678 -49 169065 2023
4: -263568 -63 131495 2023
2: -264894 1659 -4913 2023
1: 265302 231 -35105 2023
1: 265302 12705 -714 2023
4: -265302 -12999 714 2023
4: -269348 -91 91035 2023
4: -272238 -105 78897 2023
2: -273126 99 -83521 2023
1: 273224 1673 -4913 2023
1: 273616 97 -83521 2023
2: -275128 25 -330939 2023
1: 275128 49 -165274 2023
2: -275128 49 -168810 2023
4: -275128 -55 150535 2023
2: -275128 1225 -6681 2023
4: -275128 -2695 3145 2023
1: 275128 4913 -1722 2023
2: -275128 4913 -1610 2023
2: -275128 122825 7 2023
1: 275128 240737 -108 2023
2: -275128 240737 40 2023
4: -275128 -270215 105 2023
4: -280908 -147 56355 2023
2: -285243 2793 -2890 2023
4: -288218 -918731 80 2023
2: -289296 33 -250563 2023
2: -294686 11 -751689 2023
2: -295176 9 -918731 2023
1: 296548 83521 -166 2023
2: -296548 83521 -30 2023
4: -299586 -9 918731 2023
4: -300076 -11 751689 2023
4: -301138 -245 33813 2023
3: 301546 -584647 -54 2023
4: -301546 -584647 82 2023
3: 302379 -819 9826 2023
4: -305466 -33 250563 2023
4: -306544 -847 9826 2023
4: -306918 -273 30345 2023
1: 307377 33 -245650 2023
1: 309519 14739 -616 2023
1: 309519 14847 -612 2023
4: -309519 -15141 612 2023
1: 311542 61 -132940 2023
4: -312409 -1813 4624 2023
1: 314432 49 -165495 2023
2: -314432 49 -168589 2023
1: 314432 4913 -1715 2023
2: -314432 4913 -1617 2023
4: -314721 -250563 98 2023
1: 315588 309 -26299 2023
3: 319872 -15 540430 2023
3: 321146 -97 83521 2023
4: -321636 -99 83521 2023
1: 324258 171 -47481 2023
2: -324258 73695 -49 2023
3: 324258 -574821 -49 2023
4: -325703 -65 127160 2023
3: 325703 -203 39882 2023
3: 325703 -918731 -54 2023
1: 327726 15729 -578 2023
4: -327726 -16023 578 2023
4: -329171 -19 434826 2023
4: -329171 -378301 84 2023
2: -329868 105 -78608 2023
4: -329868 -250563 95 2023
1: 334084 17 -477162 2023
2: -334084 17 -485786 2023
1: 334084 29 -279741 2023
1: 334084 49 -165586 2023
2: -334084 49 -168498 2023
3: 334084 -79 102606 2023
3: 334084 -119 68096 2023
4: -334084 -119 69468 2023
3: 334084 -203 39893 2023
1: 334084 289 -28126 2023
2: -334084 289 -28518 2023
1: 334084 493 -16513 2023
1: 334084 553 -14728 2023
1: 334084 833 -9798 2023
2: -334084 833 -9854 2023
3: 334084 -1343 5978 2023
1: 334084 1421 -5769 2023
3: 334084 -2023 3948 2023
4: -334084 -2023 4144 2023
3: 334084 -2291 3479 2023
2: -334084 2333 -3479 2023
3: 334084 -3451 2289 2023
3: 334084 -3871 2034 2023
1: 334084 8381 -1029 2023
1: 334084 9401 -924 2023
1: 334084 14161 -634 2023
2: -334084 14161 -522 2023
1: 334084 16037 -567 2023
4: -334084 -16331 567 2023
3: 334084 -22831 294 2023
1: 334084 24157 -397 2023
3: 334084 -38947 147 2023
2: -334084 39661 -147 2023
3: 334084 -58667 77 2023
3: 334084 -65807 62 2023
3: 334084 -112259 11 2023
2: -334084 114317 -11 2023
1: 334084 159817 -112 2023
1: 334084 272629 -91 2023
4: -334084 -277627 91 2023
1: 334084 410669 -81 2023
3: 334084 -662099 -49 2023
2: -334084 674237 49 2023
2: -338997 441 -18666 2023
3: 338997 -14739 490 2023
1: 339864 9 -901391 2023
1: 339864 751689 -71 2023
4: -341598 -441 18785 2023
1: 341887 335 -24276 2023
4: -341887 -341 24276 2023
1: 343553 59 -137564 2023
4: -344488 -455 18207 2023
3: 348823 -2393 3332 2023
2: -348823 2435 -3332 2023
2: -350693 35 -235824 2023
1: 351428 830297 -68 2023
3: 352002 -735 10982 2023
4: -352457 -830297 68 2023
2: -354858 21 -393040 2023
2: -356643 15 -550256 2023
1: 360094 83521 -154 2023
2: -360094 83521 -42 2023
3: 362984 -2303 3468 2023
4: -363562 -59 139944 2023
1: 363562 3493 -2380 2023
1: 363562 240737 -90 2023
2: -363562 240737 22 2023
4: -365568 -15 550256 2023
4: -367353 -21 393040 2023
3: 368186 -133 60979 2023
1: 368186 361 -22542 2023
4: -368186 -367 22542 2023
4: -371518 -35 235824 2023
1: 372232 73 -111265 2023
4: -378301 -49 168436 2023
4: -378301 -142477 112 2023
3: 378658 -59 137564 2023
2: -381514 23 -358649 2023
4: -382058 -637 13005 2023
2: -386274 751689 42 2023
1: 388127 13 -624750 2023
1: 388127 1435 -5712 2023
4: -392343 -105 78608 2023
1: 392462 11 -738395 2023
1: 393176 553 -14739 2023
2: -397953 15 -549780 2023
1: 397953 19131 -476 2023
4: -397953 -19425 476 2023
2: -397953 722211 40 2023
3: 398174 -29 280041 2023
4: -400554 -250563 84 2023
4: -402288 -735 11271 2023
3: 402866 -49 165733 2023
4: -402866 -49 168351 2023
1: 402866 34391 -287 2023
2: -402866 34391 -189 2023
2: -403444 97 -84966 2023
1: 406912 3185 -2601 2023
1: 411536 83521 -147 2023
2: -411536 83521 -49 2023
1: 412692 405 -20111 2023
4: -412692 -411 20111 2023
4: -412692 -14739 609 2023
1: 412692 19845 -459 2023
4: -412692 -20139 459 2023
1: 412692 397953 -70 2023
4: -412692 -722211 61 2023
4: -417333 -751689 60 2023
3: 418472 -584647 -35 2023
4: -418472 -584647 63 2023
4: -419628 -819 10115 2023
2: -420784 49 -168198 2023
2: -422518 7595 -1037 2023
1: 423674 41 -198254 2023
3: 423674 -83521 49 2023
4: -423674 -83521 147 2023
1: 427431 162129 -98 2023
2: -428638 417605 28 2023
3: 431137 -417605 -28 2023
4: -432344 -1127 7361 2023
3: 432344 -34391 189 2023
4: -432344 -34391 287 2023
3: 436968 -39 208369 2023
1: 437257 147245 -102 2023
4: -437257 -149303 102 2023
2: -444822 39 -211259 2023
1: 447083 49 -165954 2023
2: -447083 49 -168130 2023
1: 447083 439 -18564 2023
4: -447083 -445 18564 2023
3: 447083 -240737 -12 2023
4: -447083 -240737 80 2023
3: 453152 -623 13005 2023
3: 461822 -4445 1785 2023
3: 467313 -27 301138 2023
2: -471648 657 -12495 2023
4: -471648 -309519 70 2023
1: 481474 11 -739449 2023
3: 481474 -11 739364 2023
1: 481474 43 -189193 2023
3: 481474 -43 189108 2023
3: 481474 -77 105587 2023
1: 481474 301 -27064 2023
3: 481474 -301 26979 2023
1: 481474 473 -17238 2023
3: 481474 -473 17153 2023
2: -481474 479 -17153 2023
4: -481474 -479 17238 2023
3: 481474 -3311 2414 2023
2: -481474 3353 -2414 2023
1: 481474 4913 -1698 2023
2: -481474 4913 -1634 2023
3: 481474 -4913 1613 2023
4: -481474 -4913 1719 2023
1: 481474 34391 -279 2023
2: -481474 34391 -197 2023
3: 481474 -34391 194 2023
4: -481474 -34391 282 2023
1: 481474 54043 -193 2023
3: 481474 -54043 108 2023
1: 481474 211259 -81 2023
3: 481474 -211259 -4 2023
1: 481474 378301 -64 2023
3: 483973 -413 19652 2023
4: -491589 -147 56066 2023
2: -496213 24565 -294 2023
3: 501126 -9 903903 2023
2: -501126 21 -392084 2023
4: -501126 -51 161504 2023
3: 501126 -63 129094 2023
2: -501126 147 -55977 2023
1: 501126 153 -53214 2023
4: -501126 -357 23107 2023
3: 501126 -441 18407 2023
2: -501126 867 -9457 2023
1: 501126 1071 -7637 2023
4: -501126 -2499 3336 2023
3: 501126 -2601 3087 2023
1: 501126 3447 -2401 2023
4: -501126 -3489 2401 2023
2: -501126 6069 -1316 2023
1: 501126 7497 -1126 2023
3: 501126 -18207 406 2023
1: 501126 24129 -378 2023
4: -501126 -24423 378 2023
3: 501126 -58599 98 2023
2: -501126 59313 -98 2023
3: 501126 -127449 23 2023
1: 501126 168903 -89 2023
4: -501126 -170961 89 2023
3: 501126 -410193 -21 2023
2: -501126 415191 21 2023
1: 501126 996183 -49 2023
2: -506039 637 -12886 2023
4: -509796 -250563 73 2023
1: 510952 49 -166090 2023
2: -510952 49 -167994 2023
1: 510952 908905 -49 2023
2: -513366 250563 7 2023
3: 513842 -24745 289 2023
2: -513842 25039 -289 2023
3: 518364 -250563 -7 2023
2: -520778 175 -47005 2023
3: 520778 -4913 1617 2023
4: -520778 -4913 1715 2023
1: 521934 27 -301427 2023
1: 530604 25557 -357 2023
4: -530604 -25851 357 2023
4: -532338 -1365 6069 2023
1: 536256 633777 -51 2023
4: -538314 -633777 51 2023
4: -543609 -291 28322 2023
1: 550256 49 -166158 2023
2: -550256 49 -167926 2023
1: 550256 4913 -1694 2023
2: -550256 4913 -1638 2023
1: 550256 240737 -71 2023
2: -550256 240737 3 2023
1: 552279 543 -15028 2023
4: -552279 -549 15028 2023
4: -552279 -751689 48 2023
1: 558348 441 -18496 2023
4: -560082 -63 130662 2023
1: 560082 73695 -147 2023
3: 562394 -343 23698 2023
1: 574821 14739 -588 2023
4: -579734 -37 222411 2023
2: -580006 239 -34391 2023
1: 581196 237 -34391 2023
1: 584647 17 -479010 2023
2: -584647 17 -483938 2023
3: 584647 -17 478940 2023
4: -584647 -17 484008 2023
1: 584647 23 -354060 2023
3: 584647 -23 353990 2023
1: 584647 25 -325738 2023
3: 584647 -25 325668 2023
1: 584647 49 -166210 2023
3: 584647 -49 166140 2023
2: -584647 83 -99092 2023
4: -584647 -83 99162 2023
1: 584647 85 -95830 2023
3: 584647 -85 95760 2023
1: 584647 115 -70840 2023
3: 584647 -115 70770 2023
1: 584647 245 -33270 2023
3: 584647 -245 33200 2023
1: 584647 289 -28210 2023
2: -584647 289 -28434 2023
3: 584647 -289 28140 2023
4: -584647 -289 28504 2023
2: -584647 343 -23952 2023
4: -584647 -343 24022 2023
1: 584647 391 -20860 2023
3: 584647 -391 20790 2023
1: 584647 425 -19194 2023
3: 584647 -425 19124 2023
1: 584647 575 -14196 2023
3: 584647 -575 14126 2023
1: 584647 833 -9810 2023
3: 584647 -833 9740 2023
1: 584647 1127 -7260 2023
3: 584647 -1127 7190 2023
1: 584647 1225 -6682 2023
3: 584647 -1225 6612 2023
2: -584647 1411 -5796 2023
4: -584647 -1411 5866 2023
1: 584647 1445 -5670 2023
3: 584647 -1445 5600 2023
1: 584647 1955 -4200 2023
3: 584647 -1955 4130 2023
1: 584647 4165 -1990 2023
3: 584647 -4165 1920 2023
1: 584647 5635 -1480 2023
3: 584647 -5635 1410 2023
2: -584647 5831 -1376 2023
4: -584647 -5831 1446 2023
1: 584647 6647 -1260 2023
1: 584647 7225 -1162 2023
3: 584647 -7225 1092 2023
1: 584647 9775 -868 2023
3: 584647 -9775 798 2023
1: 584647 14161 -610 2023
3: 584647 -14161 540 2023
1: 584647 19159 -460 2023
3: 584647 -19159 390 2023
1: 584647 20825 -426 2023
3: 584647 -20825 356 2023
2: -584647 23987 -308 2023
4: -584647 -23987 378 2023
1: 584647 28175 -324 2023
3: 584647 -28175 254 2023
2: -584647 28469 -254 2023
4: -584647 -28469 324 2023
1: 584647 33235 -280 2023
3: 584647 -33235 210 2023
1: 584647 70805 -150 2023
3: 584647 -70805 80 2023
1: 584647 95795 -120 2023
3: 584647 -95795 50 2023
2: -584647 99127 -48 2023
4: -584647 -99127 118 2023
1: 584647 166175 -84 2023
3: 584647 -166175 14 2023
1: 584647 325703 -60 2023
3: 584647 -325703 -10 2023
1: 584647 354025 -58 2023
3: 584647 -354025 -12 2023
1: 584647 478975 -52 2023
3: 584647 -478975 -18 2023
2: -584647 483973 18 2023
4: -584647 -483973 52 2023
2: -587826 6909 -1156 2023
1: 593096 83521 -132 2023
2: -593096 83521 -64 2023
1: 600593 584647 -48 2023
2: -600593 584647 20 2023
3: 603092 -584647 -20 2023
4: -603092 -584647 48 2023
2: -609212 1561 -5236 2023
2: -609212 653429 21 2023
3: 610589 -83521 64 2023
4: -610589 -83521 132 2023
1: 619038 87 -93653 2023
2: -619038 14739 -525 2023
1: 619038 29841 -306 2023
4: -619038 -30135 306 2023
3: 619038 -427431 -14 2023
3: 623951 -30079 238 2023
2: -623951 30373 -238 2023
2: -627249 9 -913818 2023
1: 628864 497 -16422 2023
4: -633777 -103173 112 2023
1: 636216 751689 -43 2023
4: -638274 -751689 43 2023
3: 643603 -2821 2856 2023
4: -645048 -1911 4335 2023
4: -648074 -31 265302 2023
1: 655452 31605 -289 2023
4: -655452 -31899 289 2023
1: 668168 17 -479318 2023
2: -668168 17 -483630 2023
1: 668168 49 -166314 2023
2: -668168 49 -167770 2023
3: 668168 -119 68439 2023
4: -668168 -119 69125 2023
1: 668168 289 -28224 2023
2: -668168 289 -28420 2023
1: 668168 833 -9812 2023
2: -668168 833 -9840 2023
2: -668168 929 -8820 2023
3: 668168 -2023 3997 2023
4: -668168 -2023 4095 2023
4: -668168 -6503 1295 2023
1: 668168 14161 -606 2023
2: -668168 14161 -550 2023
2: -668168 15793 -490 2023
2: -668168 45521 -150 2023
4: -668168 -110551 105 2023
2: -668168 773857 20 2023
1: 675206 79 -103173 2023
4: -677994 -14739 588 2023
2: -679728 945 -8670 2023
1: 683774 673 -12138 2023
2: -692733 6741 -1190 2023
1: 693889 4781 -1734 2023
4: -693889 -4823 1734 2023
3: 697646 -4807 1666 2023
2: -697646 4849 -1666 2023
2: -699958 245 -33524 2023
4: -705738 -2205 3757 2023
2: -707472 33 -249067 2023
3: 707472 -975 8330 2023
1: 709716 21 -388127 2023
1: 720188 83521 -126 2023
2: -720188 83521 -70 2023
1: 722211 9 -905658 2023
2: -722211 21 -391374 2023
1: 722211 63 -129404 2023
1: 722211 711 -11492 2023
4: -722211 -717 11492 2023
4: -722211 -14739 586 2023
3: 722211 -44217 156 2023
4: -722211 -103173 108 2023
3: 722211 -309519 -2 2023
1: 726257 65 -125426 2023
1: 727124 240737 -62 2023
2: -727124 240737 -6 2023
3: 734706 -21 388127 2023
1: 736372 725 -11271 2023
3: 751689 -21 388164 2023
1: 751689 33 -247058 2023
2: -751689 51 -161112 2023
1: 751689 357 -22862 2023
3: 751689 -561 14504 2023
4: -751689 -867 9506 2023
3: 751689 -6069 1316 2023
1: 751689 9537 -882 2023
3: 751689 -23079 326 2023
1: 751689 36267 -252 2023
4: -751689 -36561 252 2023
1: 751689 392343 -48 2023
3: 751689 -616539 -14 2023
2: -751689 621537 14 2023
3: 756602 -49 166345 2023
4: -756602 -49 167739 2023
1: 756602 149 -54740 2023
3: 758047 -13475 578 2023
2: -764694 69 -119068 2023
2: -764694 231 -35547 2023
4: -766428 -368475 49 2023
3: 769216 -79 103173 2023
1: 770763 147 -55488 2023
2: -772208 145 -56644 2023
4: -777189 -279 29478 2023
4: -781167 -567 14518 2023
1: 781167 515865 -42 2023
3: 786947 -31 262990 2023
3: 790993 -19 429114 2023
4: -790993 -157 52360 2023
3: 790993 -240737 8 2023
4: -790993 -240737 60 2023
2: -794486 938383 17 2023
1: 795906 38409 -238 2023
4: -795906 -38703 238 2023
1: 795906 722211 -37 2023
3: 796544 -938383 -17 2023
3: 801108 -250563 7 2023
4: -821338 -1141 7225 2023
4: -825384 -3087 2686 2023
2: -825384 44217 -161 2023
4: -828852 -14847 578 2023
1: 830297 56105 -170 2023
3: 838389 -6909 1156 2023
2: -840123 735 -11152 2023
1: 841568 49 -166464 2023
2: -841568 49 -167620 2023
2: -856018 29 -283220 2023
3: 863226 -237 34391 2023
4: -864416 -239 34391 2023
1: 870468 9 -906304 2023
1: 874514 295519 -51 2023
4: -874514 -297577 51 2023
3: 883473 -9 906304 2023
1: 894166 49 -166498 2023
2: -894166 49 -167586 2023
1: 894166 881 -9282 2023
4: -894166 -887 9282 2023
3: 894166 -240737 11 2023
4: -894166 -240737 57 2023
4: -897923 -29 283220 2023
3: 907137 -250563 10 2023
4: -908038 -3185 2601 2023
3: 912373 -49 166464 2023
4: -912373 -49 167620 2023
2: -913818 135 -60809 2023
2: -917286 579 -14161 2023
1: 918731 17 -479906 2023
2: -918731 17 -483042 2023
3: 918731 -49 166468 2023
4: -918731 -49 167616 2023
1: 918731 107729 -98 2023
4: -918731 -108443 98 2023
3: 918731 -310513 4 2023
2: -918731 312571 -4 2023
1: 920176 577 -14161 2023
1: 923644 161 -50694 2023
1: 928557 44835 -204 2023
4: -928557 -45129 204 2023
1: 932892 5733 -1445 2023
1: 962948 13 -627657 2023
4: -962948 -35 234617 2023
1: 962948 73 -111792 2023
3: 962948 -91 89641 2023
4: -962948 -191 43010 2023
1: 962948 949 -8619 2023
4: -962948 -955 8619 2023
2: -962948 1337 -6120 2023
1: 962948 4913 -1682 2023
2: -962948 4913 -1650 2023
3: 962948 -6643 1207 2023
2: -962948 6685 -1207 2023
2: -962948 24565 -313 2023
3: 962948 -34391 216 2023
4: -962948 -34391 260 2023
1: 962948 63869 -149 2023
4: -962948 -171955 69 2023
1: 962948 358649 -44 2023
3: 962948 -447083 -3 2023
4: -962948 -938383 30 2023
1: 975443 277 -29478 2023
4: -977687 -617 13328 2023
4: -981733 -145 56644 2023
3: 983178 -147 55488 2023
2: -997339 2107 -3876 2023
