14
5000
26000
236000
446000
2546000
4646000
6746000
8846000
10946000
13046000
15146000
17246000
19346000
21446000
23546000
25646000
27746000
29846000
31946000
34046000
36146000
38246000
40346000
42446000
44546000
46646000
48746000
50846000
52946000
55046000
57146000
59246000
61346000
63446000
65546000
67646000
69746000
71846000
73946000
76046000
78146000
80246000
82346000
84446000
86546000
88646000
90746000
92846000
94946000
97046000
99146000
101246000
103346000
105446000
107546000
109646000
111746000
113846000
115946000
118046000
120146000
122246000
124346000
126446000
128546000
130646000
132746000
134846000
136946000
139046000
141146000
143246000
145346000
147446000
149546000
151646000
153746000
155846000
157946000
160046000
162146000
164246000
166346000
168446000
170546000
172646000
174746000
176846000
178946000
181046000
183146000
185246000
187346000
189446000
191546000
193646000
195746000
197846000
199946000
202046000
204146000
206246000
208346000
210446000
212546000
214646000
216746000
218846000
220946000
223046000
225146000
227246000
229346000
231446000
233546000
235646000
237746000
239846000
241946000
244046000
246146000
248246000
250346000
252446000
254546000
256646000
258746000
260846000
262946000
265046000
267146000
269246000
271346000
273446000
275546000
277646000
279746000
281846000
283946000
286046000
288146000
290246000
292346000
294446000
296546000
298646000
300746000
302846000
304946000
307046000
309146000
311246000
313346000
315446000
317546000
319646000
321746000
323846000
325946000
328046000
330146000
332246000
334346000
336446000
338546000
340646000
342746000
344846000
346946000
349046000
351146000
353246000
355346000
357446000
359546000
361646000
363746000
365846000
367946000
370046000
372146000
374246000
376346000
378446000
380546000
382646000
384746000
386846000
388946000
391046000
393146000
395246000
397346000
399446000
401546000
403646000
405746000
407846000
409946000
412046000
414146000
416246000
418346000
420446000
422546000
424646000
426746000
428846000
430946000
433046000
435146000
437246000
439346000
441446000
443546000
445646000
447746000
449846000
451946000
454046000
456146000
458246000
460346000
462446000
464546000
466646000
468746000
470846000
472946000
475046000
477146000
479246000
481346000
483446000
485546000
487646000
489746000
491846000
493946000
496046000
498146000
500246000
502346000
504446000
506546000
508646000
510746000
512846000
514946000
517046000
519146000
521246000
523346000
525446000
527546000
529646000
531746000
533846000
535946000
538046000
540146000
542246000
544346000
546446000
548546000
550646000
552746000
554846000
556946000
559046000
561146000
563246000
565346000
567446000
569546000
571646000
573746000
575846000
577946000
580046000
582146000
584246000
586346000
588446000
590546000
592646000
594746000
596846000
598946000
601046000
603146000
605246000
607346000
609446000
611546000
613646000
615746000
617846000
619946000
622046000
624146000
626246000
628346000
630446000
632546000
634646000
636746000
638846000
640946000
643046000
645146000
647246000
649346000
651446000
653546000
655646000
657746000
659846000
661946000
664046000
666146000
668246000
670346000
672446000
674546000
676646000
678746000
680846000
682946000
685046000
687146000
689246000
691346000
693446000
695546000
697646000
699746000
701846000
703946000
706046000
708146000
710246000
712346000
714446000
716546000
718646000
720746000
722846000
724946000
727046000
729146000
731246000
733346000
735446000
737546000
739646000
741746000
743846000
745946000
748046000
750146000
752246000
754346000
756446000
758546000
760646000
762746000
764846000
766946000
769046000
771146000
773246000
775346000
777446000
779546000
781646000
783746000
785846000
787946000
790046000
792146000
794246000
796346000
798446000
800546000
802646000
804746000
806846000
808946000
811046000
813146000
815246000
817346000
819446000
821546000
823646000
825746000
827846000
829946000
832046000
834146000
836246000
838346000
840446000
842546000
844646000
846746000
848846000
850946000
853046000
855146000
857246000
859346000
861446000
863546000
865646000
867746000
869846000
871946000
874046000
876146000
878246000
880346000
882446000
884546000
886646000
888746000
890846000
892946000
895046000
897146000
899246000
901346000
903446000
905546000
907646000
909746000
911846000
913946000
916046000
918146000
920246000
922346000
924446000
926546000
928646000
930746000
932846000
934946000
937046000
939146000
941246000
943346000
945446000
947546000
949646000
951746000
953846000
955946000
958046000
960146000
962246000
964346000
966446000
968546000
970646000
972746000
974846000
976946000
979046000
981146000
983246000
985346000
987446000
989546000
991646000
993746000
995846000
997946000
