Running with N=68719476736
Using 64 threads.
In thread set function with thread=0
In thread set function with thread=1
In thread set function with thread=2
In thread set function with thread=3
In thread set function with thread=7
In thread set function with thread=4
In thread set function with thread=5
In thread set function with thread=6
In thread set function with thread=8
In thread set function with thread=9
In thread set function with thread=10
In thread set function with thread=11
In thread set function with thread=13
In thread set function with thread=12
In thread set function with thread=14
In thread set function with thread=15
In thread set function with thread=17
In thread set function with thread=16
In thread set function with thread=21
In thread set function with thread=19
In thread set function with thread=18
In thread set function with thread=20
In thread set function with thread=23
In thread set function with thread=22
In thread set function with thread=24
In thread set function with thread=26
In thread set function with thread=28
In thread set function with thread=31
In thread set function with thread=30
In thread set function with thread=33
In thread set function with thread=32
In thread set function with thread=29
In thread set function with thread=27
In thread set function with thread=34
In thread set function with thread=25
In thread set function with thread=36
In thread set function with thread=37
In thread set function with thread=38
In thread set function with thread=39
In thread set function with thread=40
In thread set function with thread=41
In thread set function with thread=35
In thread set function with thread=44
In thread set function with thread=45
In thread set function with thread=43
In thread set function with thread=46
In thread set function with thread=42
In thread set function with thread=47
In thread set function with thread=48
In thread set function with thread=49
In thread set function with thread=51
In thread set function with thread=52
In thread set function with thread=53
In thread set function with thread=54
In thread set function with thread=55
In thread set function with thread=50
In thread set function with thread=56
In thread set function with thread=58
In thread set function with thread=57
In thread set function with thread=59
In thread set function with thread=60
In thread set function with thread=61
In thread set function with thread=62
In thread set function with thread=63
In thread sieve function with thread=0
In thread sieve function with thread=1
In thread sieve function with thread=2
In thread sieve function with thread=3
In thread sieve function with thread=4
In thread sieve function with thread=5
In thread sieve function with thread=6
In thread sieve function with thread=7
In thread sieve function with thread=8
In thread sieve function with thread=9
In thread sieve function with thread=10
In thread sieve function with thread=11
In thread sieve function with thread=13
In thread sieve function with thread=14
In thread sieve function with thread=12
In thread sieve function with thread=15
In thread sieve function with thread=16
In thread sieve function with thread=17
In thread sieve function with thread=19
In thread sieve function with thread=20
In thread sieve function with thread=18
In thread sieve function with thread=21
In thread sieve function with thread=22
In thread sieve function with thread=23
In thread sieve function with thread=25
In thread sieve function with thread=26
In thread sieve function with thread=30
In thread sieve function with thread=27
In thread sieve function with thread=28
In thread sieve function with thread=29
In thread sieve function with thread=31
In thread sieve function with thread=24
In thread sieve function with thread=34
In thread sieve function with thread=32
In thread sieve function with thread=33
In thread sieve function with thread=36
In thread sieve function with thread=37
In thread sieve function with thread=38
In thread sieve function with thread=39
In thread sieve function with thread=40
In thread sieve function with thread=41
In thread sieve function with thread=43
In thread sieve function with thread=35
In thread sieve function with thread=42
In thread sieve function with thread=45
In thread sieve function with thread=46
In thread sieve function with thread=47
In thread sieve function with thread=48
In thread sieve function with thread=49
In thread sieve function with thread=50
In thread sieve function with thread=51
In thread sieve function with thread=52
In thread sieve function with thread=44
In thread sieve function with thread=54
In thread sieve function with thread=53
In thread sieve function with thread=55
In thread sieve function with thread=57
In thread sieve function with thread=58
In thread sieve function with thread=59
In thread sieve function with thread=60
In thread sieve function with thread=61
In thread sieve function with thread=63
In thread sieve function with thread=62
In thread sieve function with thread=56
In thread check function with thread=0
In thread check function with thread=1
In thread check function with thread=2
In thread check function with thread=3
In thread check function with thread=4
In thread check function with thread=5
In thread check function with thread=6
In thread check function with thread=7
In thread check function with thread=9
In thread check function with thread=8
In thread check function with thread=12
In thread check function with thread=11
In thread check function with thread=10
In thread check function with thread=13
In thread check function with thread=14
In thread check function with thread=15
In thread check function with thread=16
In thread check function with thread=19
In thread check function with thread=17
In thread check function with thread=18
In thread check function with thread=20
In thread check function with thread=21
In thread check function with thread=22
In thread check function with thread=24
In thread check function with thread=25
In thread check function with thread=26
In thread check function with thread=27
In thread check function with thread=23
In thread check function with thread=28
In thread check function with thread=29
In thread check function with thread=31
In thread check function with thread=30
In thread check function with thread=32
In thread check function with thread=33
In thread check function with thread=34
In thread check function with thread=36
In thread check function with thread=35
In thread check function with thread=37
In thread check function with thread=38
In thread check function with thread=40
In thread check function with thread=39
In thread check function with thread=41
In thread check function with thread=42
In thread check function with thread=43
In thread check function with thread=44
In thread check function with thread=45
In thread check function with thread=46
In thread check function with thread=48
In thread check function with thread=47
In thread check function with thread=49
In thread check function with thread=50
In thread check function with thread=51
In thread check function with thread=52
In thread check function with thread=53
In thread check function with thread=54
In thread check function with thread=55
In thread check function with thread=56
In thread check function with thread=57
In thread check function with thread=58
In thread check function with thread=59
In thread check function with thread=60
In thread check function with thread=61
In thread check function with thread=63
In thread check function with thread=62
We found 123494 exceptions.
