Running upsammoreC, upsampling at x 1048576 Upsample Error=3.370000e-08.
Index=1627
Index=1651
Index=1667
Index=1683
Index=1699
changing from - to ? at 297551 494203 23246.208696
changing from ? to + at 297551 494772 23246.208738
changing from + to ? at 297557 539344 23246.680809
changing from ? to - at 297557 540315 23246.680882
changing from - to ? at 297561 290042 23246.974735
changing from ? to + at 297561 290930 23246.974801
changing from + to ? at 297566 506040 23247.381453
changing from ? to - at 297566 506570 23247.381492
changing from - to ? at 297575 304663 23248.069574
changing from ? to + at 297575 307366 23248.069776
changing from + to ? at 297576 941836 23248.195172
changing from ? to - at 297576 944718 23248.195387
changing from - to ? at 297580 863279 23248.501819
changing from ? to + at 297580 864743 23248.501928
changing from + to ? at 297587 975802 23249.057078
changing from ? to - at 297587 976589 23249.057137
changing from - to ? at 297592 166706 23249.387421
changing from ? to + at 297592 167870 23249.387507
changing from + to ? at 297597 146757 23249.776559
changing from ? to - at 297597 148189 23249.776666
changing from - to ? at 297601 1002846 23250.152843
changing from ? to + at 297601 1004069 23250.152934
changing from + to ? at 297607 442737 23250.579861
changing from ? to - at 297607 449859 23250.580392
changing from - to ? at 297609 376885 23250.731205
changing from ? to + at 297609 385097 23250.731817
changing from + to ? at 297613 1024394 23251.091948
changing from ? to - at 297613 1026256 23251.092087
changing from - to ? at 297619 758463 23251.540885
changing from ? to + at 297619 761275 23251.541094
changing from + to ? at 297623 423908 23251.828459
changing from ? to - at 297623 427163 23251.828701
changing from - to ? at 297626 765121 23252.088256
changing from ? to + at 297626 766693 23252.088373
changing from + to ? at 297636 846925 23252.875601
changing from ? to - at 297636 847922 23252.875675
changing from - to ? at 297641 126740 23253.212568
changing from ? to + at 297641 128779 23253.212720
changing from + to ? at 297644 439726 23253.470262
changing from ? to - at 297644 442402 23253.470462
changing from - to ? at 297654 23292 23254.220485
changing from ? to + at 297654 1044565 23254.296576
changing from + to ? at 297658 919625 23254.599767
changing from ? to - at 297658 923864 23254.600083
changing from - to ? at 297669 856412 23255.454433
changing from ? to + at 297669 859544 23255.454666
changing from + to ? at 297670 1036521 23255.545977
changing from ? to - at 297670 1039061 23255.546166
Index=1707
Index=1731
Index=1755
Index=1795
Index=1867
Index=1883
Index=1907
Index=1931
Index=1955
Index=1979
Index=1995
