Running upsammoreC, upsampling at x 1024 Upsample Error=3.370000e-08.
Index=1627
Index=1651
Index=1667
Index=1683
Index=1699
changing from - to ? at 297551 483 23246.208725
changing from ? to + at 297551 484 23246.208801
changing from + to ? at 297557 527 23246.680832
changing from ? to - at 297557 528 23246.680908
changing from - to ? at 297561 284 23246.974792
changing from ? to + at 297561 285 23246.974869
changing from + to - at 297566 495 23247.381516
changing from - to ? at 297575 298 23248.069611
changing from ? to + at 297575 301 23248.069839
changing from + to ? at 297576 920 23248.195190
changing from ? to - at 297576 923 23248.195419
changing from - to ? at 297580 844 23248.501892
changing from ? to + at 297580 845 23248.501968
changing from + to ? at 297587 953 23249.057083
changing from ? to - at 297587 954 23249.057159
changing from - to ? at 297592 163 23249.387436
changing from ? to + at 297592 164 23249.387512
changing from + to ? at 297597 144 23249.776611
changing from ? to - at 297597 145 23249.776688
changing from - to ? at 297601 980 23250.152893
changing from ? to + at 297601 981 23250.152969
changing from + to ? at 297607 433 23250.579910
changing from ? to - at 297607 440 23250.580444
changing from - to ? at 297609 369 23250.731277
changing from ? to + at 297609 377 23250.731888
changing from + to ? at 297613 1001 23251.091995
changing from ? to - at 297613 1003 23251.092148
changing from - to ? at 297619 741 23251.540909
changing from ? to + at 297619 744 23251.541138
changing from + to ? at 297623 414 23251.828461
changing from ? to - at 297623 418 23251.828766
changing from - to ? at 297626 748 23252.088318
changing from ? to + at 297626 749 23252.088394
changing from + to ? at 297636 828 23252.875671
changing from ? to - at 297636 829 23252.875748
changing from - to ? at 297641 124 23253.212585
changing from ? to + at 297641 126 23253.212738
changing from + to ? at 297644 430 23253.470306
changing from ? to - at 297644 433 23253.470535
changing from - to ? at 297654 23 23254.220505
changing from ? to + at 297654 1021 23254.296646
changing from + to ? at 297658 899 23254.599838
changing from ? to - at 297658 903 23254.600143
changing from - to ? at 297669 837 23255.454483
changing from ? to + at 297669 840 23255.454712
changing from + to ? at 297670 1013 23255.546036
changing from ? to - at 297670 1015 23255.546188
Index=1707
Index=1731
Index=1755
Index=1795
Index=1867
Index=1883
Index=1907
Index=1931
Index=1955
Index=1979
Index=1995
