Command line:- ./skewes_arb 200 /newhome/madjp/data/zeros/zeros_14.dat 727951335 1000000 1e18 
omega = 727.951335 +/- 6.3724e-58
-alpha = -1000000000000000000 +/- 0
term by term we got
1     -0.95253460046524826135 +/- 6.3124e-28 -95666505497540295606471616788162265746874087106755033454559 -95666505497540295606471616661367060252044691467641533388767 -196 
2     1.6862103145854463491e-05 +/- 6.2777e-33 443946681160380235954980793206468531434426140278433436040853 443946681160380235954980793537030619508596351888402640174741 -214 
skewes on file /newhome/madjp/data/zeros/zeros_14.dat at omega = 727.951335 returned -0.95251773836210240689 +/- 6.3125e-28 -765318495802796718482267472244958573972600561273422149698675 -765318495802796718482267471230586840319074892465422051427443 -199 
Command line:- ./skewes_arb 200 /newhome/madjp/data/zeros/zeros_5000.dat 727951335 1000000 1e18 
omega = 727.951335 +/- 6.3724e-58
-alpha = -1000000000000000000 +/- 0
term by term we got
1     -0.031950387683368418289 +/- 3.6219e-28 -821476695955657234023669395586033709049423282267615318144543 -821476695955657234023669376961321023327023337687057828836895 -204 
2     -1.9334989935192903398e-09 +/- 4.7403e-35 -417016237970156064712843452049322662319595993456943781532531 -417016237970156064712843431601582471944058291490156553327475 -227 
skewes on file /newhome/madjp/data/zeros/zeros_5000.dat at omega = 727.951335 returned -0.031950389616867411808 +/- 3.6219e-28 -205369186416966673396375477135527708233831785395704970754763 -205369186416966673396375472479348917833212156560428148865739 -202 
Command line:- ./skewes_arb 200 /newhome/madjp/data/zeros/zeros_26000.dat 727951335 1000000 1e18 
omega = 727.951335 +/- 6.3724e-58
-alpha = -1000000000000000000 +/- 0
term by term we got
1     -0.012682783183068056408 +/- 6.1001e-28 -1304348595453452415589007823601522180808435959931997242725983 -1304348595453452415589007698129099185224156416554409471448671 -206 
2     6.6759431493302554957e-11 +/- 1.249e-35 14398645700709869411055042960824192524724873750770310435667 14398645700709869411055048348339669036588334461228429857619 -227 
skewes on file /newhome/madjp/data/zeros/zeros_26000.dat at omega = 727.951335 returned -0.012682783116308624914 +/- 6.1001e-28 -1304348588587643117688870203126209597879326455796835338583991 -1304348588587643117688870077653783816929958520313629044277175 -206 
Command line:- ./skewes_arb 200 /newhome/madjp/data/zeros/zeros_236000.dat 727951335 1000000 1e18 
omega = 727.951335 +/- 6.3724e-58
-alpha = -1000000000000000000 +/- 0
term by term we got
1     -0.0033680207718157159815 +/- 2.0285e-28 -1385523382293811608466500460203150386806627606394609361673723 -1385523382293811608466500293309594574471842276485525401689595 -208 
2     2.8581787398833821925e-12 +/- 8.6839e-37 78905698705858360491227705498990693946941359952020560876521 78905698705858360491227753446399023052890298277139548148713 -234 
skewes on file /newhome/madjp/data/zeros/zeros_236000.dat at omega = 727.951335 returned -0.0033680207689575372417 +/- 2.0285e-28 -1385523381118025072937328628428026195547482015414335863516915 -1385523381118025072937328461534469145272657400124977004408563 -208 
Command line:- ./skewes_arb 200 /newhome/madjp/data/zeros/zeros_446000.dat 727951335 1000000 1e18 
omega = 727.951335 +/- 6.3724e-58
-alpha = -1000000000000000000 +/- 0
term by term we got
1     0.0019249173519560710333 +/- 6.1849e-28 1583730137555191416615451175035472758286534323593990880005867 1583730137555191416615452192761673658615718369289186527317739 -209 
2     5.6506488460439607504e-12 +/- 8.847e-37 311994760241441768141133089062314429854978429277442073381339 311994760241441768141133186757990162123698002207086924483035 -235 
skewes on file /newhome/madjp/data/zeros/zeros_446000.dat at omega = 727.951335 returned 0.0019249173576067198794 +/- 6.1849e-28 395932535551068907652256717328834346706359073917851806409309 395932535551068907652256971760385500243684549376856892580445 -207 
